[INFO] [launch]: All log files can be found below /home/fujino/.ros/log/2026-01-18-12-43-31-545623-fh-494998
[INFO] [launch]: Default logging verbosity is set to INFO
[INFO] [rgbd_sync-1]: process started with pid [495007]
[INFO] [rtabmap-2]: process started with pid [495009]
[rgbd_sync-1] [INFO] [1768707811.982356678] [rgbd_sync]: rgbd_sync: approx_sync = true
[rgbd_sync-1] [INFO] [1768707811.982630939] [rgbd_sync]: rgbd_sync: approx_sync_max_interval = 0.000000
[rgbd_sync-1] [INFO] [1768707811.982658985] [rgbd_sync]: rgbd_sync: topic_queue_size  = 10
[rgbd_sync-1] [INFO] [1768707811.982672246] [rgbd_sync]: rgbd_sync: sync_queue_size  = 30
[rgbd_sync-1] [INFO] [1768707811.982684207] [rgbd_sync]: rgbd_sync: qos             = 2
[rgbd_sync-1] [INFO] [1768707811.982696084] [rgbd_sync]: rgbd_sync: qos_camera_info = 2
[rgbd_sync-1] [INFO] [1768707811.982707556] [rgbd_sync]: rgbd_sync: depth_scale = 1.000000
[rgbd_sync-1] [INFO] [1768707811.982720792] [rgbd_sync]: rgbd_sync: decimation = 1
[rgbd_sync-1] [INFO] [1768707811.984213625] [rgbd_sync]: rgbd_sync: compressed_rate = 0.000000
[rgbd_sync-1] [INFO] [1768707812.357239265] [rgbd_sync]: 
[rgbd_sync-1] rgbd_sync subscribed to (approx sync):
[rgbd_sync-1]    /camera/color/image_raw,
[rgbd_sync-1]    /camera/depth/depth/image_raw,
[rgbd_sync-1]    /camera/color/camera_info
[rtabmap-2] [INFO] [1768707812.421060940] [rtabmap]: rtabmap(maps): latch                      = true
[rtabmap-2] [INFO] [1768707812.421364513] [rtabmap]: rtabmap(maps): map_filter_radius          = 0.000000
[rtabmap-2] [INFO] [1768707812.421393269] [rtabmap]: rtabmap(maps): map_filter_angle           = 30.000000
[rtabmap-2] [INFO] [1768707812.421408036] [rtabmap]: rtabmap(maps): map_cleanup                = true
[rtabmap-2] [INFO] [1768707812.421420092] [rtabmap]: rtabmap(maps): map_always_update          = false
[rtabmap-2] [INFO] [1768707812.421435117] [rtabmap]: rtabmap(maps): map_empty_ray_tracing      = true
[rtabmap-2] [INFO] [1768707812.421446561] [rtabmap]: rtabmap(maps): cloud_output_voxelized     = true
[rtabmap-2] [INFO] [1768707812.421457760] [rtabmap]: rtabmap(maps): cloud_subtract_filtering   = false
[rtabmap-2] [INFO] [1768707812.421468418] [rtabmap]: rtabmap(maps): cloud_subtract_filtering_min_neighbors = 2
[rtabmap-2] [INFO] [1768707812.421522572] [rtabmap]: rtabmap(maps): octomap_tree_depth         = 16
[rtabmap-2] [INFO] [1768707812.472751151] [rtabmap]: rtabmap: frame_id      = camera_color_optical_frame
[rtabmap-2] [INFO] [1768707812.474658397] [rtabmap]: rtabmap: odom_frame_id = world
[rtabmap-2] [INFO] [1768707812.474667093] [rtabmap]: rtabmap: map_frame_id  = world
[rtabmap-2] [INFO] [1768707812.474671283] [rtabmap]: rtabmap: log_to_rosout_level  = 4
[rtabmap-2] [INFO] [1768707812.474676724] [rtabmap]: rtabmap: initial_pose  = 
[rtabmap-2] [INFO] [1768707812.474681352] [rtabmap]: rtabmap: use_action_for_goal  = false
[rtabmap-2] [INFO] [1768707812.474686438] [rtabmap]: rtabmap: tf_delay      = 0.050000
[rtabmap-2] [INFO] [1768707812.474699484] [rtabmap]: rtabmap: tf_tolerance  = 0.100000
[rtabmap-2] [INFO] [1768707812.474705273] [rtabmap]: rtabmap: odom_sensor_sync   = false
[rtabmap-2] [INFO] [1768707812.474709790] [rtabmap]: rtabmap: pub_loc_pose_only_when_localizing = false
[rtabmap-2] [INFO] [1768707812.474714040] [rtabmap]: rtabmap: wait_for_transform = 0.200000
[rtabmap-2] [INFO] [1768707812.474719469] [rtabmap]: rtabmap: gen_scan  = false
[rtabmap-2] [INFO] [1768707812.474723933] [rtabmap]: rtabmap: gen_depth  = false
[rtabmap-2] [INFO] [1768707812.512542128] [rtabmap]: Setting RTAB-Map parameter "Grid/3D"="true" (rosparam)
[rtabmap-2] [INFO] [1768707812.513211581] [rtabmap]: Setting RTAB-Map parameter "Grid/RangeMax"="5.0" (rosparam)
[rtabmap-2] [INFO] [1768707812.513318353] [rtabmap]: Setting RTAB-Map parameter "Grid/RayTracing"="true" (rosparam)
[rtabmap-2] [INFO] [1768707812.513519067] [rtabmap]: Setting RTAB-Map parameter "Grid/Sensor"="1" (rosparam)
[rtabmap-2] [INFO] [1768707812.529150377] [rtabmap]: Setting RTAB-Map parameter "RGBD/CreateOccupancyGrid"="true" (rosparam)
[rtabmap-2] [INFO] [1768707812.530614731] [rtabmap]: Setting RTAB-Map parameter "Rtabmap/DetectionRate"="2.0" (rosparam)
[rtabmap-2] [INFO] [1768707812.711933624] [rtabmap]: RTAB-Map detection rate = 2.000000 Hz
[rtabmap-2] [INFO] [1768707812.712115860] [rtabmap]: rtabmap: Using database from "/home/fujino/.ros/rtabmap_ur5e_20260118_124331.db" (0 MB).
[rtabmap-2] [INFO] [1768707812.748470965] [rtabmap]: rtabmap: Database version = "0.22.1".
[rtabmap-2] [INFO] [1768707812.748562310] [rtabmap]: rtabmap: SLAM mode (Mem/IncrementalMemory=true)
[rtabmap-2] [INFO] [1768707812.777991680] [rtabmap]: Setup callbacks
[rtabmap-2] [WARN] [1768707812.778074531] [rtabmap]: rtabmap: Parameters subscribe_depth and subscribe_rgbd cannot be true at the same time. Parameter subscribe_depth is set to false.
[rtabmap-2] [INFO] [1768707812.778225760] [rtabmap]: rtabmap: subscribe_depth = false
[rtabmap-2] [INFO] [1768707812.778271340] [rtabmap]: rtabmap: subscribe_rgb = false
[rtabmap-2] [INFO] [1768707812.778292021] [rtabmap]: rtabmap: subscribe_stereo = false
[rtabmap-2] [INFO] [1768707812.778308791] [rtabmap]: rtabmap: subscribe_rgbd = true (rgbd_cameras=1)
[rtabmap-2] [INFO] [1768707812.778326649] [rtabmap]: rtabmap: subscribe_sensor_data = false
[rtabmap-2] [INFO] [1768707812.778342467] [rtabmap]: rtabmap: subscribe_odom_info = false
[rtabmap-2] [INFO] [1768707812.778357868] [rtabmap]: rtabmap: subscribe_user_data = false
[rtabmap-2] [INFO] [1768707812.778373138] [rtabmap]: rtabmap: subscribe_scan = false
[rtabmap-2] [INFO] [1768707812.778394263] [rtabmap]: rtabmap: subscribe_scan_cloud = false
[rtabmap-2] [INFO] [1768707812.778409880] [rtabmap]: rtabmap: subscribe_scan_descriptor = false
[rtabmap-2] [INFO] [1768707812.778426044] [rtabmap]: rtabmap: topic_queue_size = 10
[rtabmap-2] [INFO] [1768707812.778441735] [rtabmap]: rtabmap: sync_queue_size  = 30
[rtabmap-2] [INFO] [1768707812.778456931] [rtabmap]: rtabmap: qos_image       = 2
[rtabmap-2] [INFO] [1768707812.778514684] [rtabmap]: rtabmap: qos_camera_info = 2
[rtabmap-2] [INFO] [1768707812.778535508] [rtabmap]: rtabmap: qos_scan        = 2
[rtabmap-2] [INFO] [1768707812.778550680] [rtabmap]: rtabmap: qos_odom        = 2
[rtabmap-2] [INFO] [1768707812.778565461] [rtabmap]: rtabmap: qos_user_data   = 2
[rtabmap-2] [INFO] [1768707812.778580204] [rtabmap]: rtabmap: approx_sync     = true
[rtabmap-2] [INFO] [1768707812.778609499] [rtabmap]: Setup rgbd callback
[rtabmap-2] [INFO] [1768707812.780338489] [rtabmap]: 
[rtabmap-2] rtabmap subscribed to:
[rtabmap-2]    /rgbd_image
[rgbd_sync-1] [WARN] [1768707813.802170724] [rgbd_sync]: The time difference between rgb and depth frames is high (diff=0.034000s, rgb=175.943000s, depth=175.909000s). You may want to set approx_sync_max_interval lower than 0.01s to reject spurious bad synchronizations or use approx_sync=false if streams have all the exact same timestamp. Setting approx_sync_max_interval will suppress this warning.
[rgbd_sync-1] [WARN] [1768707814.041940815] [rgbd_sync]: The time difference between rgb and depth frames is high (diff=0.040000s, rgb=176.176000s, depth=176.216000s). You may want to set approx_sync_max_interval lower than 0.01s to reject spurious bad synchronizations or use approx_sync=false if streams have all the exact same timestamp. Setting approx_sync_max_interval will suppress this warning.
[rgbd_sync-1] [WARN] [1768707814.130172651] [rgbd_sync]: The time difference between rgb and depth frames is high (diff=0.033000s, rgb=176.292000s, depth=176.259000s). You may want to set approx_sync_max_interval lower than 0.01s to reject spurious bad synchronizations or use approx_sync=false if streams have all the exact same timestamp. Setting approx_sync_max_interval will suppress this warning.
[rtabmap-2] [INFO] [1768707814.326566079] [rtabmap]: rtabmap (1): Rate=0.50s, Limit=0.000s, Conversion=0.0026s, RTAB-Map=0.3014s, Maps update=0.0059s pub=0.0005s delay=0.8430s (local map=1, WM=1)
[rgbd_sync-1] [WARN] [1768707814.352421504] [rgbd_sync]: The time difference between rgb and depth frames is high (diff=0.036000s, rgb=176.443000s, depth=176.479000s). You may want to set approx_sync_max_interval lower than 0.01s to reject spurious bad synchronizations or use approx_sync=false if streams have all the exact same timestamp. Setting approx_sync_max_interval will suppress this warning.
[rtabmap-2] [INFO] [1768707814.611102723] [rtabmap]: rtabmap (2): Rate=0.50s, Limit=0.000s, Conversion=0.0013s, RTAB-Map=0.2461s, Maps update=0.0073s pub=0.0000s delay=0.2570s (local map=1, WM=1)
[rgbd_sync-1] [WARN] [1768707815.104434609] [rgbd_sync]: The time difference between rgb and depth frames is high (diff=0.035000s, rgb=177.211000s, depth=177.176000s). You may want to set approx_sync_max_interval lower than 0.01s to reject spurious bad synchronizations or use approx_sync=false if streams have all the exact same timestamp. Setting approx_sync_max_interval will suppress this warning.
[rtabmap-2] [INFO] [1768707815.156110535] [rtabmap]: rtabmap (3): Rate=0.50s, Limit=0.000s, Conversion=0.0013s, RTAB-Map=0.3253s, Maps update=0.0035s pub=0.0000s delay=0.3200s (local map=1, WM=1)
[rtabmap-2] [INFO] [1768707815.737465400] [rtabmap]: rtabmap (4): Rate=0.50s, Limit=0.000s, Conversion=0.0017s, RTAB-Map=0.3455s, Maps update=0.0082s pub=0.0000s delay=0.3790s (local map=1, WM=1)
[rtabmap-2] [INFO] [1768707816.197972675] [rtabmap]: rtabmap (5): Rate=0.50s, Limit=0.000s, Conversion=0.0006s, RTAB-Map=0.2999s, Maps update=0.0092s pub=0.0000s delay=0.2590s (local map=1, WM=1)
[rgbd_sync-1] [WARN] [1768707816.368184012] [rgbd_sync]: The time difference between rgb and depth frames is high (diff=0.031000s, rgb=178.499000s, depth=178.530000s). You may want to set approx_sync_max_interval lower than 0.01s to reject spurious bad synchronizations or use approx_sync=false if streams have all the exact same timestamp. Setting approx_sync_max_interval will suppress this warning.
[rgbd_sync-1] [WARN] [1768707816.658947780] [rgbd_sync]: The time difference between rgb and depth frames is high (diff=0.036000s, rgb=178.815000s, depth=178.779000s). You may want to set approx_sync_max_interval lower than 0.01s to reject spurious bad synchronizations or use approx_sync=false if streams have all the exact same timestamp. Setting approx_sync_max_interval will suppress this warning.
[rtabmap-2] [INFO] [1768707816.796997596] [rtabmap]: rtabmap (6): Rate=0.50s, Limit=0.000s, Conversion=0.0005s, RTAB-Map=0.2805s, Maps update=0.0053s pub=0.0000s delay=0.2480s (local map=1, WM=1)
[rgbd_sync-1] [WARN] [1768707816.873859124] [rgbd_sync]: The time difference between rgb and depth frames is high (diff=0.034000s, rgb=179.019000s, depth=178.985000s). You may want to set approx_sync_max_interval lower than 0.01s to reject spurious bad synchronizations or use approx_sync=false if streams have all the exact same timestamp. Setting approx_sync_max_interval will suppress this warning.
[rgbd_sync-1] [WARN] [1768707817.215225920] [rgbd_sync]: The time difference between rgb and depth frames is high (diff=0.026000s, rgb=179.310000s, depth=179.336000s). You may want to set approx_sync_max_interval lower than 0.01s to reject spurious bad synchronizations or use approx_sync=false if streams have all the exact same timestamp. Setting approx_sync_max_interval will suppress this warning.
[rtabmap-2] [INFO] [1768707817.335375268] [rtabmap]: rtabmap (7): Rate=0.50s, Limit=0.000s, Conversion=0.0035s, RTAB-Map=0.3203s, Maps update=0.0067s pub=0.0000s delay=0.3460s (local map=1, WM=1)
[rgbd_sync-1] [WARN] [1768707817.839725479] [rgbd_sync]: The time difference between rgb and depth frames is high (diff=0.026000s, rgb=179.975000s, depth=180.001000s). You may want to set approx_sync_max_interval lower than 0.01s to reject spurious bad synchronizations or use approx_sync=false if streams have all the exact same timestamp. Setting approx_sync_max_interval will suppress this warning.
[rtabmap-2] [INFO] [1768707817.867861097] [rtabmap]: rtabmap (8): Rate=0.50s, Limit=0.000s, Conversion=0.0007s, RTAB-Map=0.3183s, Maps update=0.0074s pub=0.0000s delay=0.3320s (local map=1, WM=1)
[rgbd_sync-1] [WARN] [1768707818.103312961] [rgbd_sync]: The time difference between rgb and depth frames is high (diff=0.028000s, rgb=180.239000s, depth=180.267000s). You may want to set approx_sync_max_interval lower than 0.01s to reject spurious bad synchronizations or use approx_sync=false if streams have all the exact same timestamp. Setting approx_sync_max_interval will suppress this warning.
[rtabmap-2] [INFO] [1768707818.498435163] [rtabmap]: rtabmap (9): Rate=0.50s, Limit=0.000s, Conversion=0.0016s, RTAB-Map=0.3843s, Maps update=0.0046s pub=0.0000s delay=0.3610s (local map=1, WM=1)
[rtabmap-2] [INFO] [1768707818.960441935] [rtabmap]: rtabmap (10): Rate=0.50s, Limit=0.000s, Conversion=0.0014s, RTAB-Map=0.3278s, Maps update=0.0046s pub=0.0000s delay=0.3360s (local map=1, WM=1)
[rgbd_sync-1] [WARN] [1768707819.439371241] [rgbd_sync]: The time difference between rgb and depth frames is high (diff=0.037000s, rgb=181.547000s, depth=181.510000s). You may want to set approx_sync_max_interval lower than 0.01s to reject spurious bad synchronizations or use approx_sync=false if streams have all the exact same timestamp. Setting approx_sync_max_interval will suppress this warning.
[rtabmap-2] [INFO] [1768707819.480161585] [rtabmap]: rtabmap (11): Rate=0.50s, Limit=0.000s, Conversion=0.0011s, RTAB-Map=0.2778s, Maps update=0.0069s pub=0.0000s delay=0.2780s (local map=1, WM=1)
[rgbd_sync-1] [WARN] [1768707819.836800949] [rgbd_sync]: The time difference between rgb and depth frames is high (diff=0.028000s, rgb=181.873000s, depth=181.901000s). You may want to set approx_sync_max_interval lower than 0.01s to reject spurious bad synchronizations or use approx_sync=false if streams have all the exact same timestamp. Setting approx_sync_max_interval will suppress this warning.
[rtabmap-2] [INFO] [1768707820.151270532] [rtabmap]: rtabmap (12): Rate=0.50s, Limit=0.000s, Conversion=0.0090s, RTAB-Map=0.2980s, Maps update=0.0036s pub=0.0000s delay=0.4270s (local map=1, WM=1)
[rgbd_sync-1] [WARN] [1768707820.295616566] [rgbd_sync]: The time difference between rgb and depth frames is high (diff=0.025000s, rgb=182.430000s, depth=182.455000s). You may want to set approx_sync_max_interval lower than 0.01s to reject spurious bad synchronizations or use approx_sync=false if streams have all the exact same timestamp. Setting approx_sync_max_interval will suppress this warning.
[rtabmap-2] [INFO] [1768707820.611192339] [rtabmap]: rtabmap (13): Rate=0.50s, Limit=0.000s, Conversion=0.0008s, RTAB-Map=0.2634s, Maps update=0.0070s pub=0.0008s delay=0.2160s (local map=2, WM=2)
[rgbd_sync-1] [WARN] [1768707820.757685793] [rgbd_sync]: The time difference between rgb and depth frames is high (diff=0.036000s, rgb=182.893000s, depth=182.857000s). You may want to set approx_sync_max_interval lower than 0.01s to reject spurious bad synchronizations or use approx_sync=false if streams have all the exact same timestamp. Setting approx_sync_max_interval will suppress this warning.
[rtabmap-2] [INFO] [1768707821.457943239] [rtabmap]: rtabmap (14): Rate=0.50s, Limit=0.000s, Conversion=0.0004s, RTAB-Map=0.2906s, Maps update=0.0027s pub=0.0000s delay=0.3070s (local map=2, WM=2)
[rgbd_sync-1] [WARN] [1768707821.799826574] [rgbd_sync]: The time difference between rgb and depth frames is high (diff=0.093000s, rgb=183.749000s, depth=183.842000s). You may want to set approx_sync_max_interval lower than 0.01s to reject spurious bad synchronizations or use approx_sync=false if streams have all the exact same timestamp. Setting approx_sync_max_interval will suppress this warning.
[rgbd_sync-1] [WARN] [1768707821.811428200] [rgbd_sync]: The time difference between rgb and depth frames is high (diff=0.029000s, rgb=183.939000s, depth=183.968000s). You may want to set approx_sync_max_interval lower than 0.01s to reject spurious bad synchronizations or use approx_sync=false if streams have all the exact same timestamp. Setting approx_sync_max_interval will suppress this warning.
[rtabmap-2] [INFO] [1768707822.162663207] [rtabmap]: rtabmap (15): Rate=0.50s, Limit=0.000s, Conversion=0.0018s, RTAB-Map=0.3363s, Maps update=0.0075s pub=0.0010s delay=0.3610s (local map=3, WM=3)
[rgbd_sync-1] [WARN] [1768707822.509789967] [rgbd_sync]: The time difference between rgb and depth frames is high (diff=0.027000s, rgb=184.628000s, depth=184.655000s). You may want to set approx_sync_max_interval lower than 0.01s to reject spurious bad synchronizations or use approx_sync=false if streams have all the exact same timestamp. Setting approx_sync_max_interval will suppress this warning.
[rtabmap-2] [INFO] [1768707822.618429915] [rtabmap]: rtabmap (16): Rate=0.50s, Limit=0.000s, Conversion=0.0010s, RTAB-Map=0.2524s, Maps update=0.0040s pub=0.0000s delay=0.2250s (local map=3, WM=3)
[rtabmap-2] [INFO] [1768707823.251594441] [rtabmap]: rtabmap (17): Rate=0.50s, Limit=0.000s, Conversion=0.0013s, RTAB-Map=0.3603s, Maps update=0.0045s pub=0.0000s delay=0.4010s (local map=3, WM=3)
[rtabmap-2] [INFO] [1768707823.760838490] [rtabmap]: rtabmap (18): Rate=0.50s, Limit=0.000s, Conversion=0.0006s, RTAB-Map=0.3159s, Maps update=0.0066s pub=0.0006s delay=0.3290s (local map=4, WM=4)
[rtabmap-2] [INFO] [1768707824.241515279] [rtabmap]: rtabmap (19): Rate=0.50s, Limit=0.000s, Conversion=0.0011s, RTAB-Map=0.2697s, Maps update=0.0065s pub=0.0000s delay=0.3140s (local map=4, WM=4)
[rgbd_sync-1] [WARN] [1768707824.740814924] [rgbd_sync]: The time difference between rgb and depth frames is high (diff=0.033000s, rgb=186.849000s, depth=186.882000s). You may want to set approx_sync_max_interval lower than 0.01s to reject spurious bad synchronizations or use approx_sync=false if streams have all the exact same timestamp. Setting approx_sync_max_interval will suppress this warning.
[rtabmap-2] [INFO] [1768707824.913573044] [rtabmap]: rtabmap (20): Rate=0.50s, Limit=0.000s, Conversion=0.0018s, RTAB-Map=0.2938s, Maps update=0.0065s pub=0.0000s delay=0.2910s (local map=4, WM=4)
[rtabmap-2] [INFO] [1768707825.489770244] [rtabmap]: rtabmap (21): Rate=0.50s, Limit=0.000s, Conversion=0.0008s, RTAB-Map=0.3396s, Maps update=0.0032s pub=0.0006s delay=0.3450s (local map=5, WM=5)
[rgbd_sync-1] [WARN] [1768707825.752561025] [rgbd_sync]: The time difference between rgb and depth frames is high (diff=0.034000s, rgb=187.863000s, depth=187.897000s). You may want to set approx_sync_max_interval lower than 0.01s to reject spurious bad synchronizations or use approx_sync=false if streams have all the exact same timestamp. Setting approx_sync_max_interval will suppress this warning.
[rgbd_sync-1] [WARN] [1768707825.900808958] [rgbd_sync]: The time difference between rgb and depth frames is high (diff=0.032000s, rgb=187.951000s, depth=187.983000s). You may want to set approx_sync_max_interval lower than 0.01s to reject spurious bad synchronizations or use approx_sync=false if streams have all the exact same timestamp. Setting approx_sync_max_interval will suppress this warning.
[rgbd_sync-1] [WARN] [1768707826.019473259] [rgbd_sync]: The time difference between rgb and depth frames is high (diff=0.033000s, rgb=188.030000s, depth=188.063000s). You may want to set approx_sync_max_interval lower than 0.01s to reject spurious bad synchronizations or use approx_sync=false if streams have all the exact same timestamp. Setting approx_sync_max_interval will suppress this warning.
[rgbd_sync-1] [WARN] [1768707826.100948444] [rgbd_sync]: The time difference between rgb and depth frames is high (diff=0.024000s, rgb=188.230000s, depth=188.206000s). You may want to set approx_sync_max_interval lower than 0.01s to reject spurious bad synchronizations or use approx_sync=false if streams have all the exact same timestamp. Setting approx_sync_max_interval will suppress this warning.
[rtabmap-2] [INFO] [1768707826.126834749] [rtabmap]: rtabmap (22): Rate=0.50s, Limit=0.000s, Conversion=0.0013s, RTAB-Map=0.3587s, Maps update=0.0053s pub=0.0000s delay=0.3370s (local map=5, WM=5)
[rgbd_sync-1] [WARN] [1768707826.319565474] [rgbd_sync]: The time difference between rgb and depth frames is high (diff=0.066000s, rgb=188.363000s, depth=188.297000s). You may want to set approx_sync_max_interval lower than 0.01s to reject spurious bad synchronizations or use approx_sync=false if streams have all the exact same timestamp. Setting approx_sync_max_interval will suppress this warning.
[rtabmap-2] [INFO] [1768707826.620711817] [rtabmap]: rtabmap (23): Rate=0.50s, Limit=0.000s, Conversion=0.0004s, RTAB-Map=0.2715s, Maps update=0.0064s pub=0.0000s delay=0.2370s (local map=5, WM=5)
[rgbd_sync-1] [WARN] [1768707827.101283329] [rgbd_sync]: The time difference between rgb and depth frames is high (diff=0.040000s, rgb=189.092000s, depth=189.132000s). You may want to set approx_sync_max_interval lower than 0.01s to reject spurious bad synchronizations or use approx_sync=false if streams have all the exact same timestamp. Setting approx_sync_max_interval will suppress this warning.
[rgbd_sync-1] [WARN] [1768707827.224689164] [rgbd_sync]: The time difference between rgb and depth frames is high (diff=0.035000s, rgb=189.340000s, depth=189.305000s). You may want to set approx_sync_max_interval lower than 0.01s to reject spurious bad synchronizations or use approx_sync=false if streams have all the exact same timestamp. Setting approx_sync_max_interval will suppress this warning.
[rtabmap-2] [INFO] [1768707827.294956884] [rtabmap]: rtabmap (24): Rate=0.50s, Limit=0.000s, Conversion=0.0008s, RTAB-Map=0.3503s, Maps update=0.0042s pub=0.0007s delay=0.3410s (local map=6, WM=6)
[rtabmap-2] [INFO] [1768707827.827365558] [rtabmap]: rtabmap (25): Rate=0.50s, Limit=0.000s, Conversion=0.0005s, RTAB-Map=0.3587s, Maps update=0.0037s pub=0.0000s delay=0.3140s (local map=6, WM=6)
[rtabmap-2] [INFO] [1768707828.409971855] [rtabmap]: rtabmap (26): Rate=0.50s, Limit=0.000s, Conversion=0.0004s, RTAB-Map=0.3350s, Maps update=0.0024s pub=0.0000s delay=0.3240s (local map=6, WM=6)
[rgbd_sync-1] [WARN] [1768707828.597944489] [rgbd_sync]: The time difference between rgb and depth frames is high (diff=0.030000s, rgb=190.645000s, depth=190.675000s). You may want to set approx_sync_max_interval lower than 0.01s to reject spurious bad synchronizations or use approx_sync=false if streams have all the exact same timestamp. Setting approx_sync_max_interval will suppress this warning.
[rtabmap-2] [INFO] [1768707828.950128975] [rtabmap]: rtabmap (27): Rate=0.50s, Limit=0.000s, Conversion=0.0010s, RTAB-Map=0.3100s, Maps update=0.0028s pub=0.0015s delay=0.3500s (local map=7, WM=7)
[rgbd_sync-1] [WARN] [1768707829.011639489] [rgbd_sync]: The time difference between rgb and depth frames is high (diff=0.035000s, rgb=191.087000s, depth=191.052000s). You may want to set approx_sync_max_interval lower than 0.01s to reject spurious bad synchronizations or use approx_sync=false if streams have all the exact same timestamp. Setting approx_sync_max_interval will suppress this warning.
[rgbd_sync-1] [WARN] [1768707829.155536373] [rgbd_sync]: The time difference between rgb and depth frames is high (diff=0.034000s, rgb=191.253000s, depth=191.219000s). You may want to set approx_sync_max_interval lower than 0.01s to reject spurious bad synchronizations or use approx_sync=false if streams have all the exact same timestamp. Setting approx_sync_max_interval will suppress this warning.
[rgbd_sync-1] [WARN] [1768707829.450933922] [rgbd_sync]: The time difference between rgb and depth frames is high (diff=0.033000s, rgb=191.553000s, depth=191.586000s). You may want to set approx_sync_max_interval lower than 0.01s to reject spurious bad synchronizations or use approx_sync=false if streams have all the exact same timestamp. Setting approx_sync_max_interval will suppress this warning.
[rtabmap-2] [INFO] [1768707829.486483350] [rtabmap]: rtabmap (28): Rate=0.50s, Limit=0.000s, Conversion=0.0007s, RTAB-Map=0.3069s, Maps update=0.0035s pub=0.0000s delay=0.3140s (local map=7, WM=7)
[rgbd_sync-1] [WARN] [1768707829.819713711] [rgbd_sync]: The time difference between rgb and depth frames is high (diff=0.034000s, rgb=191.871000s, depth=191.905000s). You may want to set approx_sync_max_interval lower than 0.01s to reject spurious bad synchronizations or use approx_sync=false if streams have all the exact same timestamp. Setting approx_sync_max_interval will suppress this warning.
[rgbd_sync-1] [WARN] [1768707829.886848425] [rgbd_sync]: The time difference between rgb and depth frames is high (diff=0.028000s, rgb=191.942000s, depth=191.970000s). You may want to set approx_sync_max_interval lower than 0.01s to reject spurious bad synchronizations or use approx_sync=false if streams have all the exact same timestamp. Setting approx_sync_max_interval will suppress this warning.
[rgbd_sync-1] [WARN] [1768707830.000544182] [rgbd_sync]: The time difference between rgb and depth frames is high (diff=0.033000s, rgb=192.104000s, depth=192.071000s). You may want to set approx_sync_max_interval lower than 0.01s to reject spurious bad synchronizations or use approx_sync=false if streams have all the exact same timestamp. Setting approx_sync_max_interval will suppress this warning.
[rtabmap-2] [INFO] [1768707830.099986138] [rtabmap]: rtabmap (29): Rate=0.50s, Limit=0.000s, Conversion=0.0004s, RTAB-Map=0.2714s, Maps update=0.0039s pub=0.0014s delay=0.2950s (local map=8, WM=8)
[rgbd_sync-1] [WARN] [1768707830.176842668] [rgbd_sync]: The time difference between rgb and depth frames is high (diff=0.032000s, rgb=192.170000s, depth=192.138000s). You may want to set approx_sync_max_interval lower than 0.01s to reject spurious bad synchronizations or use approx_sync=false if streams have all the exact same timestamp. Setting approx_sync_max_interval will suppress this warning.
[rtabmap-2] [INFO] [1768707830.655092602] [rtabmap]: rtabmap (30): Rate=0.50s, Limit=0.000s, Conversion=0.0004s, RTAB-Map=0.2494s, Maps update=0.0022s pub=0.0000s delay=0.2950s (local map=8, WM=8)
[rgbd_sync-1] [WARN] [1768707830.950521159] [rgbd_sync]: The time difference between rgb and depth frames is high (diff=0.058000s, rgb=192.937000s, depth=192.879000s). You may want to set approx_sync_max_interval lower than 0.01s to reject spurious bad synchronizations or use approx_sync=false if streams have all the exact same timestamp. Setting approx_sync_max_interval will suppress this warning.
[rtabmap-2] [INFO] [1768707831.336789215] [rtabmap]: rtabmap (31): Rate=0.50s, Limit=0.000s, Conversion=0.0013s, RTAB-Map=0.3389s, Maps update=0.0042s pub=0.0008s delay=0.3290s (local map=9, WM=9)
[rtabmap-2] [INFO] [1768707831.725118796] [rtabmap]: rtabmap (32): Rate=0.50s, Limit=0.000s, Conversion=0.0009s, RTAB-Map=0.2639s, Maps update=0.0024s pub=0.0000s delay=0.2290s (local map=9, WM=9)
[rgbd_sync-1] [WARN] [1768707831.750394180] [rgbd_sync]: The time difference between rgb and depth frames is high (diff=0.021000s, rgb=193.861000s, depth=193.882000s). You may want to set approx_sync_max_interval lower than 0.01s to reject spurious bad synchronizations or use approx_sync=false if streams have all the exact same timestamp. Setting approx_sync_max_interval will suppress this warning.
[rtabmap-2] [INFO] [1768707832.466749483] [rtabmap]: rtabmap (33): Rate=0.50s, Limit=0.000s, Conversion=0.0011s, RTAB-Map=0.2823s, Maps update=0.0058s pub=0.0008s delay=0.3330s (local map=10, WM=10)
[rgbd_sync-1] [WARN] [1768707832.618822650] [rgbd_sync]: The time difference between rgb and depth frames is high (diff=0.101000s, rgb=194.513000s, depth=194.412000s). You may want to set approx_sync_max_interval lower than 0.01s to reject spurious bad synchronizations or use approx_sync=false if streams have all the exact same timestamp. Setting approx_sync_max_interval will suppress this warning.
[rtabmap-2] [INFO] [1768707833.062882847] [rtabmap]: rtabmap (34): Rate=0.50s, Limit=0.000s, Conversion=0.0007s, RTAB-Map=0.3603s, Maps update=0.0040s pub=0.0033s delay=0.4090s (local map=11, WM=11)
[rtabmap-2] [INFO] [1768707833.460112724] [rtabmap]: rtabmap (35): Rate=0.50s, Limit=0.000s, Conversion=0.0009s, RTAB-Map=0.2451s, Maps update=0.0028s pub=0.0000s delay=0.1840s (local map=11, WM=11)
[rgbd_sync-1] [WARN] [1768707833.947532193] [rgbd_sync]: The time difference between rgb and depth frames is high (diff=0.157000s, rgb=195.881000s, depth=195.724000s). You may want to set approx_sync_max_interval lower than 0.01s to reject spurious bad synchronizations or use approx_sync=false if streams have all the exact same timestamp. Setting approx_sync_max_interval will suppress this warning.
[rtabmap-2] [INFO] [1768707834.345853926] [rtabmap]: rtabmap (36): Rate=0.50s, Limit=0.000s, Conversion=0.0014s, RTAB-Map=0.3568s, Maps update=0.0044s pub=0.0021s delay=0.3290s (local map=12, WM=12)
[rtabmap-2] [INFO] [1768707834.856057376] [rtabmap]: rtabmap (37): Rate=0.50s, Limit=0.000s, Conversion=0.0012s, RTAB-Map=0.3226s, Maps update=0.0040s pub=0.0000s delay=0.2720s (local map=12, WM=12)
[rgbd_sync-1] [WARN] [1768707835.051094900] [rgbd_sync]: The time difference between rgb and depth frames is high (diff=0.033000s, rgb=197.039000s, depth=197.072000s). You may want to set approx_sync_max_interval lower than 0.01s to reject spurious bad synchronizations or use approx_sync=false if streams have all the exact same timestamp. Setting approx_sync_max_interval will suppress this warning.
[rtabmap-2] [INFO] [1768707835.356495178] [rtabmap]: rtabmap (38): Rate=0.50s, Limit=0.000s, Conversion=0.0021s, RTAB-Map=0.2857s, Maps update=0.0037s pub=0.0022s delay=0.2560s (local map=13, WM=13)
[rtabmap-2] [INFO] [1768707836.040638321] [rtabmap]: rtabmap (39): Rate=0.50s, Limit=0.000s, Conversion=0.0004s, RTAB-Map=0.2950s, Maps update=0.0029s pub=0.0018s delay=0.2570s (local map=14, WM=14)
[rtabmap-2] [INFO] [1768707836.693831781] [rtabmap]: rtabmap (40): Rate=0.50s, Limit=0.000s, Conversion=0.0004s, RTAB-Map=0.4116s, Maps update=0.0043s pub=0.0000s delay=0.4230s (local map=14, WM=14)
[rgbd_sync-1] [WARN] [1768707836.840482912] [rgbd_sync]: The time difference between rgb and depth frames is high (diff=0.036000s, rgb=198.887000s, depth=198.851000s). You may want to set approx_sync_max_interval lower than 0.01s to reject spurious bad synchronizations or use approx_sync=false if streams have all the exact same timestamp. Setting approx_sync_max_interval will suppress this warning.
[rgbd_sync-1] [WARN] [1768707837.141889609] [rgbd_sync]: The time difference between rgb and depth frames is high (diff=0.034000s, rgb=199.224000s, depth=199.258000s). You may want to set approx_sync_max_interval lower than 0.01s to reject spurious bad synchronizations or use approx_sync=false if streams have all the exact same timestamp. Setting approx_sync_max_interval will suppress this warning.
[rtabmap-2] [INFO] [1768707837.211168198] [rtabmap]: rtabmap (41): Rate=0.50s, Limit=0.000s, Conversion=0.0011s, RTAB-Map=0.3306s, Maps update=0.0028s pub=0.0012s delay=0.3490s (local map=15, WM=15)
[rgbd_sync-1] [WARN] [1768707837.282771450] [rgbd_sync]: The time difference between rgb and depth frames is high (diff=0.034000s, rgb=199.291000s, depth=199.325000s). You may want to set approx_sync_max_interval lower than 0.01s to reject spurious bad synchronizations or use approx_sync=false if streams have all the exact same timestamp. Setting approx_sync_max_interval will suppress this warning.
[rgbd_sync-1] [WARN] [1768707837.476172794] [rgbd_sync]: The time difference between rgb and depth frames is high (diff=0.034000s, rgb=199.550000s, depth=199.516000s). You may want to set approx_sync_max_interval lower than 0.01s to reject spurious bad synchronizations or use approx_sync=false if streams have all the exact same timestamp. Setting approx_sync_max_interval will suppress this warning.
[rtabmap-2] [INFO] [1768707837.777599684] [rtabmap]: rtabmap (42): Rate=0.50s, Limit=0.000s, Conversion=0.0007s, RTAB-Map=0.3833s, Maps update=0.0024s pub=0.0000s delay=0.4230s (local map=15, WM=15)
[rgbd_sync-1] [WARN] [1768707838.038911239] [rgbd_sync]: The time difference between rgb and depth frames is high (diff=0.034000s, rgb=200.063000s, depth=200.097000s). You may want to set approx_sync_max_interval lower than 0.01s to reject spurious bad synchronizations or use approx_sync=false if streams have all the exact same timestamp. Setting approx_sync_max_interval will suppress this warning.
[rtabmap-2] [INFO] [1768707838.363135576] [rtabmap]: rtabmap (43): Rate=0.50s, Limit=0.000s, Conversion=0.0009s, RTAB-Map=0.3145s, Maps update=0.0030s pub=0.0017s delay=0.3370s (local map=16, WM=16)
[rgbd_sync-1] [WARN] [1768707838.408453428] [rgbd_sync]: The time difference between rgb and depth frames is high (diff=0.025000s, rgb=200.443000s, depth=200.468000s). You may want to set approx_sync_max_interval lower than 0.01s to reject spurious bad synchronizations or use approx_sync=false if streams have all the exact same timestamp. Setting approx_sync_max_interval will suppress this warning.
[rtabmap-2] [INFO] [1768707838.860943407] [rtabmap]: rtabmap (44): Rate=0.50s, Limit=0.000s, Conversion=0.0011s, RTAB-Map=0.3390s, Maps update=0.0044s pub=0.0000s delay=0.3090s (local map=16, WM=16)
[rgbd_sync-1] [WARN] [1768707839.171163875] [rgbd_sync]: The time difference between rgb and depth frames is high (diff=0.044000s, rgb=201.230000s, depth=201.186000s). You may want to set approx_sync_max_interval lower than 0.01s to reject spurious bad synchronizations or use approx_sync=false if streams have all the exact same timestamp. Setting approx_sync_max_interval will suppress this warning.
[rtabmap-2] [INFO] [1768707839.385038636] [rtabmap]: rtabmap (45): Rate=0.50s, Limit=0.000s, Conversion=0.0006s, RTAB-Map=0.3128s, Maps update=0.0024s pub=0.0023s delay=0.3490s (local map=17, WM=17)
[rgbd_sync-1] [WARN] [1768707839.624139136] [rgbd_sync]: The time difference between rgb and depth frames is high (diff=0.026000s, rgb=201.703000s, depth=201.677000s). You may want to set approx_sync_max_interval lower than 0.01s to reject spurious bad synchronizations or use approx_sync=false if streams have all the exact same timestamp. Setting approx_sync_max_interval will suppress this warning.
[rgbd_sync-1] [WARN] [1768707839.930020995] [rgbd_sync]: The time difference between rgb and depth frames is high (diff=0.030000s, rgb=202.008000s, depth=201.978000s). You may want to set approx_sync_max_interval lower than 0.01s to reject spurious bad synchronizations or use approx_sync=false if streams have all the exact same timestamp. Setting approx_sync_max_interval will suppress this warning.
[rtabmap-2] [INFO] [1768707839.965516972] [rtabmap]: rtabmap (46): Rate=0.50s, Limit=0.000s, Conversion=0.0013s, RTAB-Map=0.3292s, Maps update=0.0041s pub=0.0000s delay=0.3230s (local map=17, WM=17)
[rgbd_sync-1] [WARN] [1768707840.204293213] [rgbd_sync]: The time difference between rgb and depth frames is high (diff=0.049000s, rgb=202.176000s, depth=202.225000s). You may want to set approx_sync_max_interval lower than 0.01s to reject spurious bad synchronizations or use approx_sync=false if streams have all the exact same timestamp. Setting approx_sync_max_interval will suppress this warning.
[rtabmap-2] [INFO] [1768707840.566289729] [rtabmap]: rtabmap (47): Rate=0.50s, Limit=0.000s, Conversion=0.0017s, RTAB-Map=0.3409s, Maps update=0.0042s pub=0.0000s delay=0.3210s (local map=17, WM=17)
[rgbd_sync-1] [WARN] [1768707840.626989781] [rgbd_sync]: The time difference between rgb and depth frames is high (diff=0.033000s, rgb=202.703000s, depth=202.670000s). You may want to set approx_sync_max_interval lower than 0.01s to reject spurious bad synchronizations or use approx_sync=false if streams have all the exact same timestamp. Setting approx_sync_max_interval will suppress this warning.
[rtabmap-2] [INFO] [1768707841.039321955] [rtabmap]: rtabmap (48): Rate=0.50s, Limit=0.000s, Conversion=0.0014s, RTAB-Map=0.2949s, Maps update=0.0041s pub=0.0013s delay=0.2970s (local map=18, WM=18)
[rgbd_sync-1] [WARN] [1768707841.179133661] [rgbd_sync]: The time difference between rgb and depth frames is high (diff=0.028000s, rgb=203.254000s, depth=203.226000s). You may want to set approx_sync_max_interval lower than 0.01s to reject spurious bad synchronizations or use approx_sync=false if streams have all the exact same timestamp. Setting approx_sync_max_interval will suppress this warning.
[rtabmap-2] [INFO] [1768707841.591904735] [rtabmap]: rtabmap (49): Rate=0.50s, Limit=0.000s, Conversion=0.0005s, RTAB-Map=0.3013s, Maps update=0.0040s pub=0.0000s delay=0.3400s (local map=18, WM=18)
[rgbd_sync-1] [WARN] [1768707841.668286694] [rgbd_sync]: The time difference between rgb and depth frames is high (diff=0.033000s, rgb=203.728000s, depth=203.695000s). You may want to set approx_sync_max_interval lower than 0.01s to reject spurious bad synchronizations or use approx_sync=false if streams have all the exact same timestamp. Setting approx_sync_max_interval will suppress this warning.
[rgbd_sync-1] [WARN] [1768707842.045955290] [rgbd_sync]: The time difference between rgb and depth frames is high (diff=0.029000s, rgb=204.099000s, depth=204.070000s). You may want to set approx_sync_max_interval lower than 0.01s to reject spurious bad synchronizations or use approx_sync=false if streams have all the exact same timestamp. Setting approx_sync_max_interval will suppress this warning.
[rtabmap-2] [INFO] [1768707842.137950995] [rtabmap]: rtabmap (50): Rate=0.50s, Limit=0.000s, Conversion=0.0009s, RTAB-Map=0.3261s, Maps update=0.0031s pub=0.0000s delay=0.3140s (local map=18, WM=18)
[rgbd_sync-1] [WARN] [1768707842.619659761] [rgbd_sync]: The time difference between rgb and depth frames is high (diff=0.075000s, rgb=204.532000s, depth=204.607000s). You may want to set approx_sync_max_interval lower than 0.01s to reject spurious bad synchronizations or use approx_sync=false if streams have all the exact same timestamp. Setting approx_sync_max_interval will suppress this warning.
[rtabmap-2] [INFO] [1768707842.718361495] [rtabmap]: rtabmap (51): Rate=0.50s, Limit=0.000s, Conversion=0.0015s, RTAB-Map=0.3981s, Maps update=0.0038s pub=0.0022s delay=0.4120s (local map=19, WM=19)
[rgbd_sync-1] [WARN] [1768707842.907223499] [rgbd_sync]: The time difference between rgb and depth frames is high (diff=0.025000s, rgb=204.910000s, depth=204.935000s). You may want to set approx_sync_max_interval lower than 0.01s to reject spurious bad synchronizations or use approx_sync=false if streams have all the exact same timestamp. Setting approx_sync_max_interval will suppress this warning.
[rgbd_sync-1] [WARN] [1768707843.025878414] [rgbd_sync]: The time difference between rgb and depth frames is high (diff=0.030000s, rgb=205.088000s, depth=205.118000s). You may want to set approx_sync_max_interval lower than 0.01s to reject spurious bad synchronizations or use approx_sync=false if streams have all the exact same timestamp. Setting approx_sync_max_interval will suppress this warning.
[rtabmap-2] [INFO] [1768707843.155318004] [rtabmap]: rtabmap (52): Rate=0.50s, Limit=0.000s, Conversion=0.0005s, RTAB-Map=0.2968s, Maps update=0.0060s pub=0.0000s delay=0.2650s (local map=19, WM=19)
[rtabmap-2] [INFO] [1768707843.730613784] [rtabmap]: rtabmap (53): Rate=0.50s, Limit=0.000s, Conversion=0.0011s, RTAB-Map=0.2829s, Maps update=0.0041s pub=0.0000s delay=0.2920s (local map=19, WM=19)
[rtabmap-2] [INFO] [1768707844.282102337] [rtabmap]: rtabmap (54): Rate=0.50s, Limit=0.000s, Conversion=0.0005s, RTAB-Map=0.2969s, Maps update=0.0027s pub=0.0019s delay=0.2610s (local map=20, WM=20)
[rgbd_sync-1] [WARN] [1768707844.468042612] [rgbd_sync]: The time difference between rgb and depth frames is high (diff=0.028000s, rgb=206.527000s, depth=206.499000s). You may want to set approx_sync_max_interval lower than 0.01s to reject spurious bad synchronizations or use approx_sync=false if streams have all the exact same timestamp. Setting approx_sync_max_interval will suppress this warning.
[rgbd_sync-1] [WARN] [1768707844.586469156] [rgbd_sync]: The time difference between rgb and depth frames is high (diff=0.029000s, rgb=206.645000s, depth=206.674000s). You may want to set approx_sync_max_interval lower than 0.01s to reject spurious bad synchronizations or use approx_sync=false if streams have all the exact same timestamp. Setting approx_sync_max_interval will suppress this warning.
[rtabmap-2] [INFO] [1768707844.853651921] [rtabmap]: rtabmap (55): Rate=0.50s, Limit=0.000s, Conversion=0.0013s, RTAB-Map=0.3329s, Maps update=0.0030s pub=0.0000s delay=0.3400s (local map=20, WM=20)
[rtabmap-2] [INFO] [1768707845.324055385] [rtabmap]: rtabmap (56): Rate=0.50s, Limit=0.000s, Conversion=0.0008s, RTAB-Map=0.3248s, Maps update=0.0040s pub=0.0000s delay=0.3310s (local map=20, WM=20)
[rtabmap-2] [INFO] [1768707845.982600275] [rtabmap]: rtabmap (57): Rate=0.50s, Limit=0.000s, Conversion=0.0011s, RTAB-Map=0.3688s, Maps update=0.0023s pub=0.0014s delay=0.3450s (local map=21, WM=21)
[rgbd_sync-1] [WARN] [1768707846.424291720] [rgbd_sync]: The time difference between rgb and depth frames is high (diff=0.031000s, rgb=208.477000s, depth=208.508000s). You may want to set approx_sync_max_interval lower than 0.01s to reject spurious bad synchronizations or use approx_sync=false if streams have all the exact same timestamp. Setting approx_sync_max_interval will suppress this warning.
[rtabmap-2] [INFO] [1768707846.494629951] [rtabmap]: rtabmap (58): Rate=0.50s, Limit=0.000s, Conversion=0.0007s, RTAB-Map=0.3284s, Maps update=0.0028s pub=0.0033s delay=0.2820s (local map=22, WM=22)
[rtabmap-2] [INFO] [1768707847.112923289] [rtabmap]: rtabmap (59): Rate=0.50s, Limit=0.000s, Conversion=0.0010s, RTAB-Map=0.3050s, Maps update=0.0019s pub=0.0000s delay=0.3350s (local map=22, WM=22)
[rgbd_sync-1] [WARN] [1768707847.230118917] [rgbd_sync]: The time difference between rgb and depth frames is high (diff=0.037000s, rgb=209.269000s, depth=209.306000s). You may want to set approx_sync_max_interval lower than 0.01s to reject spurious bad synchronizations or use approx_sync=false if streams have all the exact same timestamp. Setting approx_sync_max_interval will suppress this warning.
[rtabmap-2] [INFO] [1768707847.750554480] [rtabmap]: rtabmap (60): Rate=0.50s, Limit=0.000s, Conversion=0.0011s, RTAB-Map=0.2745s, Maps update=0.0042s pub=0.0022s delay=0.2970s (local map=23, WM=23)
[rgbd_sync-1] [WARN] [1768707847.849704087] [rgbd_sync]: The time difference between rgb and depth frames is high (diff=0.028000s, rgb=209.902000s, depth=209.930000s). You may want to set approx_sync_max_interval lower than 0.01s to reject spurious bad synchronizations or use approx_sync=false if streams have all the exact same timestamp. Setting approx_sync_max_interval will suppress this warning.
[rtabmap-2] [INFO] [1768707848.324175482] [rtabmap]: rtabmap (61): Rate=0.50s, Limit=0.000s, Conversion=0.0005s, RTAB-Map=0.3087s, Maps update=0.0047s pub=0.0049s delay=0.3290s (local map=24, WM=24)
[rgbd_sync-1] [WARN] [1768707848.597362057] [rgbd_sync]: The time difference between rgb and depth frames is high (diff=0.035000s, rgb=210.523000s, depth=210.488000s). You may want to set approx_sync_max_interval lower than 0.01s to reject spurious bad synchronizations or use approx_sync=false if streams have all the exact same timestamp. Setting approx_sync_max_interval will suppress this warning.
[rtabmap-2] [INFO] [1768707848.979389694] [rtabmap]: rtabmap (62): Rate=0.50s, Limit=0.000s, Conversion=0.0010s, RTAB-Map=0.3338s, Maps update=0.0047s pub=0.0000s delay=0.3210s (local map=24, WM=24)
[rtabmap-2] [INFO] [1768707849.524149045] [rtabmap]: rtabmap (63): Rate=0.50s, Limit=0.000s, Conversion=0.0007s, RTAB-Map=0.3605s, Maps update=0.0060s pub=0.0000s delay=0.4030s (local map=24, WM=24)
[rgbd_sync-1] [WARN] [1768707849.984260012] [rgbd_sync]: The time difference between rgb and depth frames is high (diff=0.085000s, rgb=211.863000s, depth=211.778000s). You may want to set approx_sync_max_interval lower than 0.01s to reject spurious bad synchronizations or use approx_sync=false if streams have all the exact same timestamp. Setting approx_sync_max_interval will suppress this warning.
[rgbd_sync-1] [WARN] [1768707850.073234942] [rgbd_sync]: The time difference between rgb and depth frames is high (diff=0.057000s, rgb=212.120000s, depth=212.063000s). You may want to set approx_sync_max_interval lower than 0.01s to reject spurious bad synchronizations or use approx_sync=false if streams have all the exact same timestamp. Setting approx_sync_max_interval will suppress this warning.
[rtabmap-2] [INFO] [1768707850.257936557] [rtabmap]: rtabmap (64): Rate=0.50s, Limit=0.000s, Conversion=0.0010s, RTAB-Map=0.2594s, Maps update=0.0046s pub=0.0000s delay=0.5220s (local map=24, WM=24)
[rtabmap-2] [INFO] [1768707850.515457163] [rtabmap]: rtabmap (65): Rate=0.50s, Limit=0.000s, Conversion=0.0004s, RTAB-Map=0.2405s, Maps update=0.0053s pub=0.0000s delay=0.2870s (local map=24, WM=24)
[rgbd_sync-1] [WARN] [1768707850.823155777] [rgbd_sync]: The time difference between rgb and depth frames is high (diff=0.033000s, rgb=212.744000s, depth=212.777000s). You may want to set approx_sync_max_interval lower than 0.01s to reject spurious bad synchronizations or use approx_sync=false if streams have all the exact same timestamp. Setting approx_sync_max_interval will suppress this warning.
[rtabmap-2] [INFO] [1768707851.097839495] [rtabmap]: rtabmap (66): Rate=0.50s, Limit=0.000s, Conversion=0.0008s, RTAB-Map=0.2606s, Maps update=0.0045s pub=0.0000s delay=0.2450s (local map=24, WM=24)
[rgbd_sync-1] [WARN] [1768707851.489158659] [rgbd_sync]: The time difference between rgb and depth frames is high (diff=0.034000s, rgb=213.496000s, depth=213.462000s). You may want to set approx_sync_max_interval lower than 0.01s to reject spurious bad synchronizations or use approx_sync=false if streams have all the exact same timestamp. Setting approx_sync_max_interval will suppress this warning.
[rgbd_sync-1] [WARN] [1768707851.590129252] [rgbd_sync]: The time difference between rgb and depth frames is high (diff=0.027000s, rgb=213.630000s, depth=213.657000s). You may want to set approx_sync_max_interval lower than 0.01s to reject spurious bad synchronizations or use approx_sync=false if streams have all the exact same timestamp. Setting approx_sync_max_interval will suppress this warning.
[rtabmap-2] [INFO] [1768707851.688790625] [rtabmap]: rtabmap (67): Rate=0.50s, Limit=0.000s, Conversion=0.0010s, RTAB-Map=0.3037s, Maps update=0.0051s pub=0.0000s delay=0.2740s (local map=24, WM=24)
[rgbd_sync-1] [WARN] [1768707852.121505103] [rgbd_sync]: The time difference between rgb and depth frames is high (diff=0.036000s, rgb=214.104000s, depth=214.140000s). You may want to set approx_sync_max_interval lower than 0.01s to reject spurious bad synchronizations or use approx_sync=false if streams have all the exact same timestamp. Setting approx_sync_max_interval will suppress this warning.
[rtabmap-2] [INFO] [1768707852.145246205] [rtabmap]: rtabmap (68): Rate=0.50s, Limit=0.000s, Conversion=0.0005s, RTAB-Map=0.2707s, Maps update=0.0039s pub=0.0001s delay=0.2730s (local map=24, WM=24)
[rtabmap-2] [INFO] [1768707852.788228933] [rtabmap]: rtabmap (69): Rate=0.50s, Limit=0.000s, Conversion=0.0010s, RTAB-Map=0.2706s, Maps update=0.0043s pub=0.0000s delay=0.2710s (local map=24, WM=24)
[rgbd_sync-1] [WARN] [1768707852.947175352] [rgbd_sync]: The time difference between rgb and depth frames is high (diff=0.040000s, rgb=214.891000s, depth=214.851000s). You may want to set approx_sync_max_interval lower than 0.01s to reject spurious bad synchronizations or use approx_sync=false if streams have all the exact same timestamp. Setting approx_sync_max_interval will suppress this warning.
[rgbd_sync-1] [WARN] [1768707853.043168086] [rgbd_sync]: The time difference between rgb and depth frames is high (diff=0.031000s, rgb=214.979000s, depth=215.010000s). You may want to set approx_sync_max_interval lower than 0.01s to reject spurious bad synchronizations or use approx_sync=false if streams have all the exact same timestamp. Setting approx_sync_max_interval will suppress this warning.
[rgbd_sync-1] [WARN] [1768707853.189114778] [rgbd_sync]: The time difference between rgb and depth frames is high (diff=0.049000s, rgb=215.126000s, depth=215.175000s). You may want to set approx_sync_max_interval lower than 0.01s to reject spurious bad synchronizations or use approx_sync=false if streams have all the exact same timestamp. Setting approx_sync_max_interval will suppress this warning.
[rgbd_sync-1] [WARN] [1768707853.279452318] [rgbd_sync]: The time difference between rgb and depth frames is high (diff=0.028000s, rgb=215.339000s, depth=215.311000s). You may want to set approx_sync_max_interval lower than 0.01s to reject spurious bad synchronizations or use approx_sync=false if streams have all the exact same timestamp. Setting approx_sync_max_interval will suppress this warning.
[rtabmap-2] [INFO] [1768707853.518163478] [rtabmap]: rtabmap (70): Rate=0.50s, Limit=0.000s, Conversion=0.0008s, RTAB-Map=0.3207s, Maps update=0.0030s pub=0.0000s delay=0.3740s (local map=24, WM=24)
[rgbd_sync-1] [WARN] [1768707853.603835391] [rgbd_sync]: The time difference between rgb and depth frames is high (diff=0.028000s, rgb=215.603000s, depth=215.631000s). You may want to set approx_sync_max_interval lower than 0.01s to reject spurious bad synchronizations or use approx_sync=false if streams have all the exact same timestamp. Setting approx_sync_max_interval will suppress this warning.
[rgbd_sync-1] [WARN] [1768707853.738841879] [rgbd_sync]: The time difference between rgb and depth frames is high (diff=0.032000s, rgb=215.661000s, depth=215.693000s). You may want to set approx_sync_max_interval lower than 0.01s to reject spurious bad synchronizations or use approx_sync=false if streams have all the exact same timestamp. Setting approx_sync_max_interval will suppress this warning.
[rtabmap-2] [INFO] [1768707853.933602328] [rtabmap]: rtabmap (71): Rate=0.50s, Limit=0.000s, Conversion=0.0005s, RTAB-Map=0.2221s, Maps update=0.0045s pub=0.0000s delay=0.3390s (local map=24, WM=24)
[rgbd_sync-1] [WARN] [1768707853.984839399] [rgbd_sync]: The time difference between rgb and depth frames is high (diff=0.067000s, rgb=215.893000s, depth=215.960000s). You may want to set approx_sync_max_interval lower than 0.01s to reject spurious bad synchronizations or use approx_sync=false if streams have all the exact same timestamp. Setting approx_sync_max_interval will suppress this warning.
[rgbd_sync-1] [WARN] [1768707854.003261480] [rgbd_sync]: The time difference between rgb and depth frames is high (diff=0.033000s, rgb=216.026000s, depth=215.993000s). You may want to set approx_sync_max_interval lower than 0.01s to reject spurious bad synchronizations or use approx_sync=false if streams have all the exact same timestamp. Setting approx_sync_max_interval will suppress this warning.
[rgbd_sync-1] [WARN] [1768707854.292212957] [rgbd_sync]: The time difference between rgb and depth frames is high (diff=0.027000s, rgb=216.326000s, depth=216.299000s). You may want to set approx_sync_max_interval lower than 0.01s to reject spurious bad synchronizations or use approx_sync=false if streams have all the exact same timestamp. Setting approx_sync_max_interval will suppress this warning.
[rtabmap-2] [INFO] [1768707854.367995350] [rtabmap]: rtabmap (72): Rate=0.50s, Limit=0.000s, Conversion=0.0007s, RTAB-Map=0.2484s, Maps update=0.0049s pub=0.0000s delay=0.2350s (local map=24, WM=24)
[rtabmap-2] [INFO] [1768707854.909786792] [rtabmap]: rtabmap (73): Rate=0.50s, Limit=0.000s, Conversion=0.0005s, RTAB-Map=0.2691s, Maps update=0.0059s pub=0.0000s delay=0.2310s (local map=24, WM=24)
[rgbd_sync-1] [WARN] [1768707855.147443283] [rgbd_sync]: The time difference between rgb and depth frames is high (diff=0.091000s, rgb=217.104000s, depth=217.195000s). You may want to set approx_sync_max_interval lower than 0.01s to reject spurious bad synchronizations or use approx_sync=false if streams have all the exact same timestamp. Setting approx_sync_max_interval will suppress this warning.
[rtabmap-2] [INFO] [1768707855.516349732] [rtabmap]: rtabmap (74): Rate=0.50s, Limit=0.000s, Conversion=0.0005s, RTAB-Map=0.2760s, Maps update=0.0032s pub=0.0000s delay=0.2280s (local map=24, WM=24)
[rtabmap-2] [INFO] [1768707855.977992640] [rtabmap]: rtabmap (75): Rate=0.50s, Limit=0.000s, Conversion=0.0005s, RTAB-Map=0.2476s, Maps update=0.0051s pub=0.0000s delay=0.2260s (local map=24, WM=24)
[rgbd_sync-1] [WARN] [1768707856.013058339] [rgbd_sync]: The time difference between rgb and depth frames is high (diff=0.032000s, rgb=218.042000s, depth=218.010000s). You may want to set approx_sync_max_interval lower than 0.01s to reject spurious bad synchronizations or use approx_sync=false if streams have all the exact same timestamp. Setting approx_sync_max_interval will suppress this warning.
[rgbd_sync-1] [WARN] [1768707856.233613428] [rgbd_sync]: The time difference between rgb and depth frames is high (diff=0.054000s, rgb=218.153000s, depth=218.207000s). You may want to set approx_sync_max_interval lower than 0.01s to reject spurious bad synchronizations or use approx_sync=false if streams have all the exact same timestamp. Setting approx_sync_max_interval will suppress this warning.
[rtabmap-2] [INFO] [1768707856.554943308] [rtabmap]: rtabmap (76): Rate=0.50s, Limit=0.000s, Conversion=0.0008s, RTAB-Map=0.2452s, Maps update=0.0023s pub=0.0000s delay=0.2520s (local map=24, WM=24)
[rgbd_sync-1] [WARN] [1768707856.633854634] [rgbd_sync]: The time difference between rgb and depth frames is high (diff=0.033000s, rgb=218.613000s, depth=218.646000s). You may want to set approx_sync_max_interval lower than 0.01s to reject spurious bad synchronizations or use approx_sync=false if streams have all the exact same timestamp. Setting approx_sync_max_interval will suppress this warning.
[rgbd_sync-1] [WARN] [1768707856.925202762] [rgbd_sync]: The time difference between rgb and depth frames is high (diff=0.034000s, rgb=218.845000s, depth=218.879000s). You may want to set approx_sync_max_interval lower than 0.01s to reject spurious bad synchronizations or use approx_sync=false if streams have all the exact same timestamp. Setting approx_sync_max_interval will suppress this warning.
[rgbd_sync-1] [WARN] [1768707857.156672380] [rgbd_sync]: The time difference between rgb and depth frames is high (diff=0.065000s, rgb=219.145000s, depth=219.080000s). You may want to set approx_sync_max_interval lower than 0.01s to reject spurious bad synchronizations or use approx_sync=false if streams have all the exact same timestamp. Setting approx_sync_max_interval will suppress this warning.
[rtabmap-2] [INFO] [1768707857.209927735] [rtabmap]: rtabmap (77): Rate=0.50s, Limit=0.000s, Conversion=0.0006s, RTAB-Map=0.2318s, Maps update=0.0040s pub=0.0000s delay=0.1880s (local map=24, WM=24)
[rgbd_sync-1] [INFO] [1768707857.355377496] [rclcpp]: signal_handler(signum=2)
[rtabmap-2] [INFO] [1768707857.355377509] [rclcpp]: signal_handler(signum=2)
[rtabmap-2] [INFO] [1768707857.364585730] [rtabmap]: Parameters are not saved (No configuration file provided...)
[INFO] [rgbd_sync-1]: process has finished cleanly [pid 495007]
[rtabmap-2] [33m[ WARN] (2026-01-18 12:43:33.219) MsgConversion.cpp:2010::getTransform() (getting transform world -> camera_color_optical_frame) "camera_color_optical_frame" passed to lookupTransform argument source_frame does not exist.  (wait_for_transform=0.200000)[0m
[rtabmap-2] [33m[ WARN] (2026-01-18 12:43:33.412) MsgConversion.cpp:2010::getTransform() (getting transform world -> camera_color_optical_frame) "camera_color_optical_frame" passed to lookupTransform argument source_frame does not exist.  (wait_for_transform=0.200000)[0m
[rtabmap-2] [33m[ WARN] (2026-01-18 12:43:33.615) MsgConversion.cpp:2010::getTransform() (getting transform world -> camera_color_optical_frame) "camera_color_optical_frame" passed to lookupTransform argument source_frame does not exist.  (wait_for_transform=0.200000)[0m
[rtabmap-2] [33m[ WARN] (2026-01-18 12:43:33.820) MsgConversion.cpp:2010::getTransform() (getting transform world -> camera_color_optical_frame) "camera_color_optical_frame" passed to lookupTransform argument source_frame does not exist.  (wait_for_transform=0.200000)[0m
[rtabmap-2] [33m[ WARN] (2026-01-18 12:43:34.014) MsgConversion.cpp:2010::getTransform() (getting transform world -> camera_color_optical_frame) Lookup would require extrapolation into the past.  Requested time 175.400000 but the earliest data is at time 175.646000, when looking up transform from frame [camera_color_optical_frame] to frame [world] (wait_for_transform=0.200000)[0m
[rtabmap-2] [33m[ WARN] (2026-01-18 12:43:34.034) Memory.cpp:5917::createSignature() Mem/SaveDepth16Format is set to false to use 32bits format but this is not compatible with the compressed depth format chosen (Mem/DepthCompressionFormat=".rvl"), depth images will be compressed in ".png" format instead. Explicitly set Mem/SaveDepth16Format to true to keep using ".rvl" format and images will be converted to 16bits for convenience (warning: that would remove all depth values over 65 meters). Explicitly set Mem/DepthCompressionFormat=".png" to suppress this warning. This warning is only printed once.[0m
[rtabmap-2] [33m[ WARN] (2026-01-18 12:43:34.326) MapsManager.cpp:863::publishMaps() Graph has changed! The whole cloud is regenerated.[0m
[rtabmap-2] [33m[ WARN] (2026-01-18 12:44:01.587) Rtabmap.cpp:3069::process() Rejected loop closure 13 -> 49: Not enough inliers 0/20 (matches=17) between 13 and 49[0m
[rtabmap-2] [33m[ WARN] (2026-01-18 12:44:03.725) Rtabmap.cpp:3069::process() Rejected loop closure 13 -> 53: Not enough inliers 9/20 (matches=29) between 13 and 53[0m
[rtabmap-2] [33m[ WARN] (2026-01-18 12:44:04.276) Rtabmap.cpp:3069::process() Rejected loop closure 13 -> 54: Not enough inliers 15/20 (matches=32) between 13 and 54[0m
[rtabmap-2] [33m[ WARN] (2026-01-18 12:44:04.850) Rtabmap.cpp:3069::process() Rejected loop closure 13 -> 55: Not enough inliers 12/20 (matches=33) between 13 and 55[0m
[rtabmap-2] [33m[ WARN] (2026-01-18 12:44:05.319) Rtabmap.cpp:3069::process() Rejected loop closure 13 -> 56: Not enough inliers 18/20 (matches=41) between 13 and 56[0m
[rtabmap-2] [33m[ WARN] (2026-01-18 12:44:05.978) Rtabmap.cpp:3069::process() Rejected loop closure 1 -> 57: Not enough inliers after bundle adjustment 13/20 (matches=28) between 1 and 57[0m
[rtabmap-2] rtabmap: Saving database/long-term memory... (located at /home/fujino/.ros/rtabmap_ur5e_20260118_124331.db)
[rtabmap-2] rtabmap: Saving database/long-term memory...done! (located at /home/fujino/.ros/rtabmap_ur5e_20260118_124331.db, 114 MB)
[INFO] [rtabmap-2]: process has finished cleanly [pid 495009]
