[INFO] [launch]: All log files can be found below /home/fujino/.ros/log/2026-01-21-12-07-51-422603-fh-236118
[INFO] [launch]: Default logging verbosity is set to INFO
[INFO] [rgbd_sync-1]: process started with pid [236121]
[INFO] [rtabmap-2]: process started with pid [236123]
[rgbd_sync-1] [INFO] [1768964872.064031594] [rgbd_sync]: rgbd_sync: approx_sync = true
[rgbd_sync-1] [INFO] [1768964872.064487873] [rgbd_sync]: rgbd_sync: approx_sync_max_interval = 0.010000
[rgbd_sync-1] [INFO] [1768964872.064545302] [rgbd_sync]: rgbd_sync: topic_queue_size  = 10
[rgbd_sync-1] [INFO] [1768964872.064572701] [rgbd_sync]: rgbd_sync: sync_queue_size  = 30
[rgbd_sync-1] [INFO] [1768964872.064597390] [rgbd_sync]: rgbd_sync: qos             = 2
[rgbd_sync-1] [INFO] [1768964872.064620815] [rgbd_sync]: rgbd_sync: qos_camera_info = 2
[rgbd_sync-1] [INFO] [1768964872.064644389] [rgbd_sync]: rgbd_sync: depth_scale = 1.000000
[rgbd_sync-1] [INFO] [1768964872.064671690] [rgbd_sync]: rgbd_sync: decimation = 1
[rgbd_sync-1] [INFO] [1768964872.064695495] [rgbd_sync]: rgbd_sync: compressed_rate = 0.000000
[rgbd_sync-1] [INFO] [1768964872.189613683] [rgbd_sync]: 
[rgbd_sync-1] rgbd_sync subscribed to (approx sync, max interval=0.010000s):
[rgbd_sync-1]    /camera/color/image_raw,
[rgbd_sync-1]    /camera/depth/depth/image_raw,
[rgbd_sync-1]    /camera/color/camera_info
[rtabmap-2] [INFO] [1768964872.371462719] [rtabmap]: rtabmap(maps): latch                      = true
[rtabmap-2] [INFO] [1768964872.372076113] [rtabmap]: rtabmap(maps): map_filter_radius          = 0.000000
[rtabmap-2] [INFO] [1768964872.372138985] [rtabmap]: rtabmap(maps): map_filter_angle           = 30.000000
[rtabmap-2] [INFO] [1768964872.376041866] [rtabmap]: rtabmap(maps): map_cleanup                = true
[rtabmap-2] [INFO] [1768964872.376088596] [rtabmap]: rtabmap(maps): map_always_update          = false
[rtabmap-2] [INFO] [1768964872.376111202] [rtabmap]: rtabmap(maps): map_empty_ray_tracing      = true
[rtabmap-2] [INFO] [1768964872.376132245] [rtabmap]: rtabmap(maps): cloud_output_voxelized     = true
[rtabmap-2] [INFO] [1768964872.376152527] [rtabmap]: rtabmap(maps): cloud_subtract_filtering   = false
[rtabmap-2] [INFO] [1768964872.376186327] [rtabmap]: rtabmap(maps): cloud_subtract_filtering_min_neighbors = 2
[rtabmap-2] [INFO] [1768964872.377268318] [rtabmap]: rtabmap(maps): octomap_tree_depth         = 16
[rtabmap-2] [INFO] [1768964872.447622615] [rtabmap]: rtabmap: frame_id      = camera_color_optical_frame
[rtabmap-2] [INFO] [1768964872.447700374] [rtabmap]: rtabmap: odom_frame_id = world
[rtabmap-2] [INFO] [1768964872.447726483] [rtabmap]: rtabmap: map_frame_id  = world
[rtabmap-2] [INFO] [1768964872.447747943] [rtabmap]: rtabmap: log_to_rosout_level  = 4
[rtabmap-2] [INFO] [1768964872.447769653] [rtabmap]: rtabmap: initial_pose  = 
[rtabmap-2] [INFO] [1768964872.447790086] [rtabmap]: rtabmap: use_action_for_goal  = false
[rtabmap-2] [INFO] [1768964872.447962442] [rtabmap]: rtabmap: tf_delay      = 0.050000
[rtabmap-2] [INFO] [1768964872.447994722] [rtabmap]: rtabmap: tf_tolerance  = 0.100000
[rtabmap-2] [INFO] [1768964872.448018288] [rtabmap]: rtabmap: odom_sensor_sync   = false
[rtabmap-2] [INFO] [1768964872.448038202] [rtabmap]: rtabmap: pub_loc_pose_only_when_localizing = false
[rtabmap-2] [INFO] [1768964872.448057402] [rtabmap]: rtabmap: wait_for_transform = 0.200000
[rtabmap-2] [INFO] [1768964872.448078710] [rtabmap]: rtabmap: gen_scan  = false
[rtabmap-2] [INFO] [1768964872.448107699] [rtabmap]: rtabmap: gen_depth  = false
[rtabmap-2] [INFO] [1768964872.513086557] [rtabmap]: Setting RTAB-Map parameter "Grid/3D"="true" (rosparam)
[rtabmap-2] [INFO] [1768964872.515558687] [rtabmap]: Setting RTAB-Map parameter "Grid/RangeMax"="5.0" (rosparam)
[rtabmap-2] [INFO] [1768964872.516029644] [rtabmap]: Setting RTAB-Map parameter "Grid/RayTracing"="true" (rosparam)
[rtabmap-2] [INFO] [1768964872.518258067] [rtabmap]: Setting RTAB-Map parameter "Grid/Sensor"="1" (rosparam)
[rtabmap-2] [INFO] [1768964872.558077609] [rtabmap]: Setting RTAB-Map parameter "RGBD/CreateOccupancyGrid"="true" (rosparam)
[rtabmap-2] [INFO] [1768964872.568513805] [rtabmap]: Setting RTAB-Map parameter "Rtabmap/DetectionRate"="2.0" (rosparam)
[rtabmap-2] [INFO] [1768964872.814001599] [rtabmap]: RTAB-Map detection rate = 2.000000 Hz
[rtabmap-2] [INFO] [1768964872.814180209] [rtabmap]: rtabmap: Using database from "/home/fujino/.ros/rtabmap_ur5e_20260121_120751.db" (0 MB).
[rtabmap-2] [INFO] [1768964872.877412771] [rtabmap]: rtabmap: Database version = "0.22.1".
[rtabmap-2] [INFO] [1768964872.877511113] [rtabmap]: rtabmap: SLAM mode (Mem/IncrementalMemory=true)
[rtabmap-2] [INFO] [1768964873.091525824] [rtabmap]: Setup callbacks
[rtabmap-2] [WARN] [1768964873.091646352] [rtabmap]: rtabmap: Parameters subscribe_depth and subscribe_rgbd cannot be true at the same time. Parameter subscribe_depth is set to false.
[rtabmap-2] [INFO] [1768964873.091829911] [rtabmap]: rtabmap: subscribe_depth = false
[rtabmap-2] [INFO] [1768964873.091868500] [rtabmap]: rtabmap: subscribe_rgb = false
[rtabmap-2] [INFO] [1768964873.091893395] [rtabmap]: rtabmap: subscribe_stereo = false
[rtabmap-2] [INFO] [1768964873.091916563] [rtabmap]: rtabmap: subscribe_rgbd = true (rgbd_cameras=1)
[rtabmap-2] [INFO] [1768964873.091940091] [rtabmap]: rtabmap: subscribe_sensor_data = false
[rtabmap-2] [INFO] [1768964873.092179414] [rtabmap]: rtabmap: subscribe_odom_info = false
[rtabmap-2] [INFO] [1768964873.092209114] [rtabmap]: rtabmap: subscribe_user_data = false
[rtabmap-2] [INFO] [1768964873.092229197] [rtabmap]: rtabmap: subscribe_scan = false
[rtabmap-2] [INFO] [1768964873.092249423] [rtabmap]: rtabmap: subscribe_scan_cloud = false
[rtabmap-2] [INFO] [1768964873.092268540] [rtabmap]: rtabmap: subscribe_scan_descriptor = false
[rtabmap-2] [INFO] [1768964873.092288410] [rtabmap]: rtabmap: topic_queue_size = 10
[rtabmap-2] [INFO] [1768964873.092309220] [rtabmap]: rtabmap: sync_queue_size  = 30
[rtabmap-2] [INFO] [1768964873.092329721] [rtabmap]: rtabmap: qos_image       = 2
[rtabmap-2] [INFO] [1768964873.092405975] [rtabmap]: rtabmap: qos_camera_info = 2
[rtabmap-2] [INFO] [1768964873.092432305] [rtabmap]: rtabmap: qos_scan        = 2
[rtabmap-2] [INFO] [1768964873.092452155] [rtabmap]: rtabmap: qos_odom        = 2
[rtabmap-2] [INFO] [1768964873.092471787] [rtabmap]: rtabmap: qos_user_data   = 2
[rtabmap-2] [INFO] [1768964873.092491212] [rtabmap]: rtabmap: approx_sync     = true
[rtabmap-2] [INFO] [1768964873.092532560] [rtabmap]: Setup rgbd callback
[rtabmap-2] [INFO] [1768964873.094922664] [rtabmap]: 
[rtabmap-2] rtabmap subscribed to:
[rtabmap-2]    /rgbd_image
[rtabmap-2] [INFO] [1768964873.997951271] [rtabmap]: rtabmap (1): Rate=0.50s, Limit=0.000s, Conversion=0.0043s, RTAB-Map=0.6222s, Maps update=0.0001s pub=0.0000s delay=0.6950s (local map=1, WM=1)
[rtabmap-2] [INFO] [1768964874.422079203] [rtabmap]: rtabmap (2): Rate=0.50s, Limit=0.000s, Conversion=0.0022s, RTAB-Map=0.3918s, Maps update=0.0001s pub=0.0000s delay=0.4120s (local map=1, WM=1)
[rtabmap-2] [INFO] [1768964874.907477441] [rtabmap]: rtabmap (3): Rate=0.50s, Limit=0.000s, Conversion=0.0020s, RTAB-Map=0.3788s, Maps update=0.0001s pub=0.0000s delay=0.4000s (local map=1, WM=1)
[rtabmap-2] [INFO] [1768964875.532101143] [rtabmap]: rtabmap (4): Rate=0.50s, Limit=0.000s, Conversion=0.0024s, RTAB-Map=0.4935s, Maps update=0.0001s pub=0.0000s delay=0.4990s (local map=1, WM=1)
[rtabmap-2] [INFO] [1768964875.964142364] [rtabmap]: rtabmap (5): Rate=0.50s, Limit=0.000s, Conversion=0.0006s, RTAB-Map=0.4223s, Maps update=0.0001s pub=0.0000s delay=0.3900s (local map=1, WM=1)
[rtabmap-2] [INFO] [1768964876.353700221] [rtabmap]: rtabmap (6): Rate=0.50s, Limit=0.000s, Conversion=0.0020s, RTAB-Map=0.3181s, Maps update=0.0001s pub=0.0000s delay=0.2900s (local map=1, WM=1)
[rtabmap-2] [INFO] [1768964876.943820564] [rtabmap]: rtabmap (7): Rate=0.50s, Limit=0.000s, Conversion=0.0004s, RTAB-Map=0.3767s, Maps update=0.0000s pub=0.0000s delay=0.3710s (local map=1, WM=1)
[rtabmap-2] [INFO] [1768964877.520553547] [rtabmap]: rtabmap (8): Rate=0.50s, Limit=0.000s, Conversion=0.0022s, RTAB-Map=0.3974s, Maps update=0.0001s pub=0.0000s delay=0.4280s (local map=1, WM=1)
[rtabmap-2] [INFO] [1768964878.110901800] [rtabmap]: rtabmap (9): Rate=0.50s, Limit=0.000s, Conversion=0.0007s, RTAB-Map=0.4700s, Maps update=0.0001s pub=0.0000s delay=0.5140s (local map=1, WM=1)
[rtabmap-2] [INFO] [1768964878.507072475] [rtabmap]: rtabmap (10): Rate=0.50s, Limit=0.000s, Conversion=0.0014s, RTAB-Map=0.3482s, Maps update=0.0001s pub=0.0000s delay=0.3930s (local map=1, WM=1)
[rtabmap-2] [INFO] [1768964879.177917866] [rtabmap]: rtabmap (11): Rate=0.50s, Limit=0.000s, Conversion=0.0013s, RTAB-Map=0.3187s, Maps update=0.0000s pub=0.0000s delay=0.2940s (local map=1, WM=1)
[rtabmap-2] [INFO] [1768964879.663368575] [rtabmap]: rtabmap (12): Rate=0.50s, Limit=0.000s, Conversion=0.0009s, RTAB-Map=0.3165s, Maps update=0.0000s pub=0.0000s delay=0.2860s (local map=1, WM=1)
[rtabmap-2] [INFO] [1768964880.204237992] [rtabmap]: rtabmap (13): Rate=0.50s, Limit=0.000s, Conversion=0.0005s, RTAB-Map=0.3086s, Maps update=0.0001s pub=0.0000s delay=0.3470s (local map=1, WM=1)
[rtabmap-2] [INFO] [1768964880.780095294] [rtabmap]: rtabmap (14): Rate=0.50s, Limit=0.000s, Conversion=0.0006s, RTAB-Map=0.3836s, Maps update=0.0001s pub=0.0000s delay=0.3450s (local map=1, WM=1)
[rtabmap-2] [INFO] [1768964881.322909733] [rtabmap]: rtabmap (15): Rate=0.50s, Limit=0.000s, Conversion=0.0037s, RTAB-Map=0.4152s, Maps update=0.0001s pub=0.0000s delay=0.4350s (local map=1, WM=1)
[rtabmap-2] [INFO] [1768964881.861459426] [rtabmap]: rtabmap (16): Rate=0.50s, Limit=0.000s, Conversion=0.0005s, RTAB-Map=0.4299s, Maps update=0.0001s pub=0.0000s delay=0.4300s (local map=1, WM=1)
[rtabmap-2] [INFO] [1768964882.448710464] [rtabmap]: rtabmap (17): Rate=0.50s, Limit=0.000s, Conversion=0.0006s, RTAB-Map=0.5162s, Maps update=0.0001s pub=0.0000s delay=0.5100s (local map=1, WM=1)
[rtabmap-2] [INFO] [1768964883.037134902] [rtabmap]: rtabmap (18): Rate=0.50s, Limit=0.000s, Conversion=0.0006s, RTAB-Map=0.4285s, Maps update=0.0000s pub=0.0000s delay=0.4730s (local map=2, WM=2)
[rtabmap-2] [INFO] [1768964883.735973555] [rtabmap]: rtabmap (19): Rate=0.50s, Limit=0.000s, Conversion=0.0005s, RTAB-Map=0.6242s, Maps update=0.0001s pub=0.0000s delay=0.5370s (local map=2, WM=2)
[rtabmap-2] [INFO] [1768964885.533741116] [rtabmap]: rtabmap (20): Rate=0.50s, Limit=0.000s, Conversion=0.0005s, RTAB-Map=0.6887s, Maps update=0.0000s pub=0.0000s delay=0.5870s (local map=3, WM=3)
[rtabmap-2] [INFO] [1768964886.483278159] [rtabmap]: rtabmap (21): Rate=0.50s, Limit=0.000s, Conversion=0.0015s, RTAB-Map=0.5010s, Maps update=0.0001s pub=0.0000s delay=0.3980s (local map=3, WM=3)
[rtabmap-2] [INFO] [1768964887.633249172] [rtabmap]: rtabmap (22): Rate=0.50s, Limit=0.000s, Conversion=0.0058s, RTAB-Map=0.5347s, Maps update=0.0000s pub=0.0000s delay=0.4740s (local map=4, WM=4)
[rtabmap-2] [INFO] [1768964889.109519971] [rtabmap]: rtabmap (23): Rate=0.50s, Limit=0.000s, Conversion=0.0083s, RTAB-Map=0.5170s, Maps update=0.0000s pub=0.0000s delay=0.4740s (local map=5, WM=5)
[rtabmap-2] [INFO] [1768964890.392797880] [rtabmap]: rtabmap (24): Rate=0.50s, Limit=0.000s, Conversion=0.0042s, RTAB-Map=0.6685s, Maps update=0.0001s pub=0.0000s delay=0.6010s (local map=5, WM=5)
[rtabmap-2] [INFO] [1768964891.634808829] [rtabmap]: rtabmap (25): Rate=0.50s, Limit=0.000s, Conversion=0.0010s, RTAB-Map=0.7162s, Maps update=0.0000s pub=0.0000s delay=0.6320s (local map=6, WM=6)
[rtabmap-2] [INFO] [1768964893.147280398] [rtabmap]: rtabmap (26): Rate=0.50s, Limit=0.000s, Conversion=0.0006s, RTAB-Map=0.5404s, Maps update=0.0001s pub=0.0000s delay=0.5320s (local map=6, WM=6)
[rtabmap-2] [INFO] [1768964894.506126007] [rtabmap]: rtabmap (27): Rate=0.50s, Limit=0.000s, Conversion=0.0062s, RTAB-Map=0.3670s, Maps update=0.0000s pub=0.0000s delay=0.3150s (local map=7, WM=7)
[rtabmap-2] [INFO] [1768964895.925801936] [rtabmap]: rtabmap (28): Rate=0.50s, Limit=0.000s, Conversion=0.0008s, RTAB-Map=0.5212s, Maps update=0.0000s pub=0.0000s delay=0.4260s (local map=8, WM=8)
[rtabmap-2] [INFO] [1768964896.624032053] [rtabmap]: rtabmap (29): Rate=0.50s, Limit=0.000s, Conversion=0.0005s, RTAB-Map=0.5283s, Maps update=0.0001s pub=0.0000s delay=0.4900s (local map=8, WM=8)
[rtabmap-2] [INFO] [1768964898.521363433] [rtabmap]: rtabmap (30): Rate=0.50s, Limit=0.000s, Conversion=0.0061s, RTAB-Map=0.4924s, Maps update=0.0000s pub=0.0000s delay=0.4990s (local map=9, WM=9)
[rtabmap-2] [INFO] [1768964899.343758662] [rtabmap]: rtabmap (31): Rate=0.50s, Limit=0.000s, Conversion=0.0007s, RTAB-Map=0.4640s, Maps update=0.0000s pub=0.0000s delay=0.3300s (local map=10, WM=10)
[rtabmap-2] [INFO] [1768964900.373328624] [rtabmap]: rtabmap (32): Rate=0.50s, Limit=0.000s, Conversion=0.0035s, RTAB-Map=0.5735s, Maps update=0.0000s pub=0.0000s delay=0.5550s (local map=11, WM=11)
[rtabmap-2] [INFO] [1768964903.062278547] [rtabmap]: rtabmap (33): Rate=0.50s, Limit=0.000s, Conversion=0.0188s, RTAB-Map=0.6633s, Maps update=0.0000s pub=0.0000s delay=0.7110s (local map=12, WM=12)
[rtabmap-2] [INFO] [1768964903.832593960] [rtabmap]: rtabmap (34): Rate=0.50s, Limit=0.000s, Conversion=0.0052s, RTAB-Map=0.6046s, Maps update=0.0000s pub=0.0000s delay=0.5200s (local map=13, WM=13)
[rtabmap-2] [INFO] [1768964906.153640456] [rtabmap]: rtabmap (35): Rate=0.50s, Limit=0.000s, Conversion=0.0110s, RTAB-Map=0.7657s, Maps update=0.0001s pub=0.0000s delay=0.6960s (local map=13, WM=13)
[rtabmap-2] [INFO] [1768964906.911314823] [rtabmap]: rtabmap (36): Rate=0.50s, Limit=0.000s, Conversion=0.0010s, RTAB-Map=0.6960s, Maps update=0.0001s pub=0.0000s delay=0.7450s (local map=13, WM=13)
[rtabmap-2] [INFO] [1768964908.010781431] [rtabmap]: rtabmap (37): Rate=0.50s, Limit=0.000s, Conversion=0.0006s, RTAB-Map=0.5558s, Maps update=0.0000s pub=0.0000s delay=0.5390s (local map=14, WM=14)
[rtabmap-2] [INFO] [1768964909.002155508] [rtabmap]: rtabmap (38): Rate=0.50s, Limit=0.000s, Conversion=0.0024s, RTAB-Map=0.5098s, Maps update=0.0001s pub=0.0000s delay=0.4810s (local map=14, WM=14)
[rtabmap-2] [INFO] [1768964909.783110768] [rtabmap]: rtabmap (39): Rate=0.50s, Limit=0.000s, Conversion=0.0010s, RTAB-Map=0.6546s, Maps update=0.0000s pub=0.0000s delay=0.5560s (local map=15, WM=15)
[rtabmap-2] [INFO] [1768964910.659688637] [rtabmap]: rtabmap (40): Rate=0.50s, Limit=0.000s, Conversion=0.0008s, RTAB-Map=0.4940s, Maps update=0.0001s pub=0.0000s delay=0.4230s (local map=15, WM=15)
[rtabmap-2] [INFO] [1768964913.300267620] [rtabmap]: rtabmap (41): Rate=0.50s, Limit=0.000s, Conversion=0.0024s, RTAB-Map=0.7669s, Maps update=0.0000s pub=0.0000s delay=0.6600s (local map=16, WM=16)
[rtabmap-2] [INFO] [1768964914.343405144] [rtabmap]: rtabmap (42): Rate=0.50s, Limit=0.000s, Conversion=0.0088s, RTAB-Map=0.5248s, Maps update=0.0000s pub=0.0000s delay=0.4100s (local map=16, WM=16)
[rtabmap-2] [INFO] [1768964916.350378343] [rtabmap]: rtabmap (43): Rate=0.50s, Limit=0.000s, Conversion=0.0008s, RTAB-Map=0.6499s, Maps update=0.0001s pub=0.0000s delay=0.5640s (local map=17, WM=17)
[rtabmap-2] [INFO] [1768964918.765362132] [rtabmap]: rtabmap (44): Rate=0.50s, Limit=0.000s, Conversion=0.0008s, RTAB-Map=0.5703s, Maps update=0.0001s pub=0.0000s delay=0.5250s (local map=17, WM=17)
[rgbd_sync-1] [INFO] [1768964919.026088815] [rclcpp]: signal_handler(signum=2)
[rtabmap-2] [INFO] [1768964919.026377928] [rclcpp]: signal_handler(signum=2)
[rtabmap-2] [INFO] [1768964919.040724591] [rtabmap]: Parameters are not saved (No configuration file provided...)
[INFO] [rgbd_sync-1]: process has finished cleanly [pid 236121]
[rtabmap-2] [33m[ WARN] (2026-01-21 12:07:53.406) Memory.cpp:5917::createSignature() Mem/SaveDepth16Format is set to false to use 32bits format but this is not compatible with the compressed depth format chosen (Mem/DepthCompressionFormat=".rvl"), depth images will be compressed in ".png" format instead. Explicitly set Mem/SaveDepth16Format to true to keep using ".rvl" format and images will be converted to 16bits for convenience (warning: that would remove all depth values over 65 meters). Explicitly set Mem/DepthCompressionFormat=".png" to suppress this warning. This warning is only printed once.[0m
[rtabmap-2] rtabmap: Saving database/long-term memory... (located at /home/fujino/.ros/rtabmap_ur5e_20260121_120751.db)
[rtabmap-2] rtabmap: Saving database/long-term memory...done! (located at /home/fujino/.ros/rtabmap_ur5e_20260121_120751.db, 64 MB)
[INFO] [rtabmap-2]: process has finished cleanly [pid 236123]
