[INFO] [launch]: All log files can be found below /home/fujino/.ros/log/2026-01-18-16-01-32-441622-fh-596110
[INFO] [launch]: Default logging verbosity is set to INFO
[INFO] [rgbd_sync-1]: process started with pid [596118]
[INFO] [rtabmap-2]: process started with pid [596120]
[rgbd_sync-1] [INFO] [1768719692.954905216] [rgbd_sync]: rgbd_sync: approx_sync = true
[rgbd_sync-1] [INFO] [1768719692.955106084] [rgbd_sync]: rgbd_sync: approx_sync_max_interval = 0.010000
[rgbd_sync-1] [INFO] [1768719692.955127179] [rgbd_sync]: rgbd_sync: topic_queue_size  = 10
[rgbd_sync-1] [INFO] [1768719692.955134452] [rgbd_sync]: rgbd_sync: sync_queue_size  = 30
[rgbd_sync-1] [INFO] [1768719692.955139075] [rgbd_sync]: rgbd_sync: qos             = 2
[rgbd_sync-1] [INFO] [1768719692.955143818] [rgbd_sync]: rgbd_sync: qos_camera_info = 2
[rgbd_sync-1] [INFO] [1768719692.955148821] [rgbd_sync]: rgbd_sync: depth_scale = 1.000000
[rgbd_sync-1] [INFO] [1768719692.955154968] [rgbd_sync]: rgbd_sync: decimation = 1
[rgbd_sync-1] [INFO] [1768719692.955159867] [rgbd_sync]: rgbd_sync: compressed_rate = 0.000000
[rgbd_sync-1] [INFO] [1768719692.994724787] [rgbd_sync]: 
[rgbd_sync-1] rgbd_sync subscribed to (approx sync, max interval=0.010000s):
[rgbd_sync-1]    /camera/color/image_raw,
[rgbd_sync-1]    /camera/depth/depth/image_raw,
[rgbd_sync-1]    /camera/color/camera_info
[rtabmap-2] [INFO] [1768719693.026528215] [rtabmap]: rtabmap(maps): latch                      = true
[rtabmap-2] [INFO] [1768719693.026809055] [rtabmap]: rtabmap(maps): map_filter_radius          = 0.000000
[rtabmap-2] [INFO] [1768719693.026830096] [rtabmap]: rtabmap(maps): map_filter_angle           = 30.000000
[rtabmap-2] [INFO] [1768719693.026837585] [rtabmap]: rtabmap(maps): map_cleanup                = true
[rtabmap-2] [INFO] [1768719693.026842781] [rtabmap]: rtabmap(maps): map_always_update          = false
[rtabmap-2] [INFO] [1768719693.026847112] [rtabmap]: rtabmap(maps): map_empty_ray_tracing      = true
[rtabmap-2] [INFO] [1768719693.026851359] [rtabmap]: rtabmap(maps): cloud_output_voxelized     = true
[rtabmap-2] [INFO] [1768719693.026855622] [rtabmap]: rtabmap(maps): cloud_subtract_filtering   = false
[rtabmap-2] [INFO] [1768719693.026860444] [rtabmap]: rtabmap(maps): cloud_subtract_filtering_min_neighbors = 2
[rtabmap-2] [INFO] [1768719693.026903096] [rtabmap]: rtabmap(maps): octomap_tree_depth         = 16
[rtabmap-2] [INFO] [1768719693.070867718] [rtabmap]: rtabmap: frame_id      = camera_color_optical_frame
[rtabmap-2] [INFO] [1768719693.070910436] [rtabmap]: rtabmap: odom_frame_id = world
[rtabmap-2] [INFO] [1768719693.070925324] [rtabmap]: rtabmap: map_frame_id  = world
[rtabmap-2] [INFO] [1768719693.070936765] [rtabmap]: rtabmap: log_to_rosout_level  = 4
[rtabmap-2] [INFO] [1768719693.070958094] [rtabmap]: rtabmap: initial_pose  = 
[rtabmap-2] [INFO] [1768719693.070969045] [rtabmap]: rtabmap: use_action_for_goal  = false
[rtabmap-2] [INFO] [1768719693.070979219] [rtabmap]: rtabmap: tf_delay      = 0.050000
[rtabmap-2] [INFO] [1768719693.070994335] [rtabmap]: rtabmap: tf_tolerance  = 0.100000
[rtabmap-2] [INFO] [1768719693.071005877] [rtabmap]: rtabmap: odom_sensor_sync   = false
[rtabmap-2] [INFO] [1768719693.071016003] [rtabmap]: rtabmap: pub_loc_pose_only_when_localizing = false
[rtabmap-2] [INFO] [1768719693.071026043] [rtabmap]: rtabmap: wait_for_transform = 0.200000
[rtabmap-2] [INFO] [1768719693.071037499] [rtabmap]: rtabmap: gen_scan  = false
[rtabmap-2] [INFO] [1768719693.071047671] [rtabmap]: rtabmap: gen_depth  = false
[rtabmap-2] [INFO] [1768719693.096699168] [rtabmap]: Setting RTAB-Map parameter "Grid/3D"="true" (rosparam)
[rtabmap-2] [INFO] [1768719693.100095424] [rtabmap]: Setting RTAB-Map parameter "Grid/RangeMax"="5.0" (rosparam)
[rtabmap-2] [INFO] [1768719693.100403130] [rtabmap]: Setting RTAB-Map parameter "Grid/RayTracing"="true" (rosparam)
[rtabmap-2] [INFO] [1768719693.100730320] [rtabmap]: Setting RTAB-Map parameter "Grid/Sensor"="1" (rosparam)
[rtabmap-2] [INFO] [1768719693.113857033] [rtabmap]: Setting RTAB-Map parameter "RGBD/CreateOccupancyGrid"="true" (rosparam)
[rtabmap-2] [INFO] [1768719693.117931786] [rtabmap]: Setting RTAB-Map parameter "Rtabmap/DetectionRate"="2.0" (rosparam)
[rtabmap-2] [INFO] [1768719693.254393785] [rtabmap]: RTAB-Map detection rate = 2.000000 Hz
[rtabmap-2] [INFO] [1768719693.254519769] [rtabmap]: rtabmap: Using database from "/home/fujino/.ros/rtabmap_ur5e_20260118_160132.db" (0 MB).
[rtabmap-2] [INFO] [1768719693.295406753] [rtabmap]: rtabmap: Database version = "0.22.1".
[rtabmap-2] [INFO] [1768719693.295491123] [rtabmap]: rtabmap: SLAM mode (Mem/IncrementalMemory=true)
[rtabmap-2] [INFO] [1768719693.382620703] [rtabmap]: Setup callbacks
[rtabmap-2] [WARN] [1768719693.382700326] [rtabmap]: rtabmap: Parameters subscribe_depth and subscribe_rgbd cannot be true at the same time. Parameter subscribe_depth is set to false.
[rtabmap-2] [INFO] [1768719693.382840331] [rtabmap]: rtabmap: subscribe_depth = false
[rtabmap-2] [INFO] [1768719693.382864494] [rtabmap]: rtabmap: subscribe_rgb = false
[rtabmap-2] [INFO] [1768719693.382877877] [rtabmap]: rtabmap: subscribe_stereo = false
[rtabmap-2] [INFO] [1768719693.382889099] [rtabmap]: rtabmap: subscribe_rgbd = true (rgbd_cameras=1)
[rtabmap-2] [INFO] [1768719693.382901236] [rtabmap]: rtabmap: subscribe_sensor_data = false
[rtabmap-2] [INFO] [1768719693.382911878] [rtabmap]: rtabmap: subscribe_odom_info = false
[rtabmap-2] [INFO] [1768719693.382921945] [rtabmap]: rtabmap: subscribe_user_data = false
[rtabmap-2] [INFO] [1768719693.382932026] [rtabmap]: rtabmap: subscribe_scan = false
[rtabmap-2] [INFO] [1768719693.382941922] [rtabmap]: rtabmap: subscribe_scan_cloud = false
[rtabmap-2] [INFO] [1768719693.382951581] [rtabmap]: rtabmap: subscribe_scan_descriptor = false
[rtabmap-2] [INFO] [1768719693.382961603] [rtabmap]: rtabmap: topic_queue_size = 10
[rtabmap-2] [INFO] [1768719693.382972194] [rtabmap]: rtabmap: sync_queue_size  = 30
[rtabmap-2] [INFO] [1768719693.382982259] [rtabmap]: rtabmap: qos_image       = 2
[rtabmap-2] [INFO] [1768719693.383032265] [rtabmap]: rtabmap: qos_camera_info = 2
[rtabmap-2] [INFO] [1768719693.383046968] [rtabmap]: rtabmap: qos_scan        = 2
[rtabmap-2] [INFO] [1768719693.383057141] [rtabmap]: rtabmap: qos_odom        = 2
[rtabmap-2] [INFO] [1768719693.383066801] [rtabmap]: rtabmap: qos_user_data   = 2
[rtabmap-2] [INFO] [1768719693.383076095] [rtabmap]: rtabmap: approx_sync     = true
[rtabmap-2] [INFO] [1768719693.383095663] [rtabmap]: Setup rgbd callback
[rtabmap-2] [INFO] [1768719693.384498348] [rtabmap]: 
[rtabmap-2] rtabmap subscribed to:
[rtabmap-2]    /rgbd_image
[rtabmap-2] [INFO] [1768719693.903663279] [rtabmap]: rtabmap (1): Rate=0.50s, Limit=0.000s, Conversion=0.0063s, RTAB-Map=0.3710s, Maps update=0.0001s pub=0.0000s delay=0.3460s (local map=1, WM=1)
[rtabmap-2] [INFO] [1768719694.470366472] [rtabmap]: rtabmap (2): Rate=0.50s, Limit=0.000s, Conversion=0.0042s, RTAB-Map=0.3259s, Maps update=0.0001s pub=0.0000s delay=0.3370s (local map=1, WM=1)
[rtabmap-2] [INFO] [1768719695.094322678] [rtabmap]: rtabmap (3): Rate=0.50s, Limit=0.000s, Conversion=0.0018s, RTAB-Map=0.4059s, Maps update=0.0000s pub=0.0000s delay=0.3980s (local map=1, WM=1)
[rtabmap-2] [INFO] [1768719695.573945005] [rtabmap]: rtabmap (4): Rate=0.50s, Limit=0.000s, Conversion=0.0012s, RTAB-Map=0.3634s, Maps update=0.0000s pub=0.0000s delay=0.3800s (local map=1, WM=1)
[rtabmap-2] [INFO] [1768719696.143135344] [rtabmap]: rtabmap (5): Rate=0.50s, Limit=0.000s, Conversion=0.0011s, RTAB-Map=0.4236s, Maps update=0.0001s pub=0.0000s delay=0.4560s (local map=1, WM=1)
[rtabmap-2] [INFO] [1768719696.583695460] [rtabmap]: rtabmap (6): Rate=0.50s, Limit=0.000s, Conversion=0.0004s, RTAB-Map=0.3279s, Maps update=0.0000s pub=0.0000s delay=0.3310s (local map=1, WM=1)
[rtabmap-2] [INFO] [1768719697.083397412] [rtabmap]: rtabmap (7): Rate=0.50s, Limit=0.000s, Conversion=0.0013s, RTAB-Map=0.2970s, Maps update=0.0001s pub=0.0000s delay=0.3030s (local map=1, WM=1)
[rtabmap-2] [INFO] [1768719697.601995238] [rtabmap]: rtabmap (8): Rate=0.50s, Limit=0.000s, Conversion=0.0004s, RTAB-Map=0.2853s, Maps update=0.0000s pub=0.0000s delay=0.2780s (local map=1, WM=1)
[rtabmap-2] [INFO] [1768719698.135375591] [rtabmap]: rtabmap (9): Rate=0.50s, Limit=0.000s, Conversion=0.0016s, RTAB-Map=0.2950s, Maps update=0.0000s pub=0.0000s delay=0.2430s (local map=1, WM=1)
[rtabmap-2] [INFO] [1768719698.628575626] [rtabmap]: rtabmap (10): Rate=0.50s, Limit=0.000s, Conversion=0.0005s, RTAB-Map=0.2839s, Maps update=0.0000s pub=0.0000s delay=0.2360s (local map=1, WM=1)
[rtabmap-2] [INFO] [1768719699.125533316] [rtabmap]: rtabmap (11): Rate=0.50s, Limit=0.000s, Conversion=0.0013s, RTAB-Map=0.2434s, Maps update=0.0001s pub=0.0000s delay=0.2060s (local map=1, WM=1)
[rtabmap-2] [INFO] [1768719699.643180629] [rtabmap]: rtabmap (12): Rate=0.50s, Limit=0.000s, Conversion=0.0018s, RTAB-Map=0.2400s, Maps update=0.0000s pub=0.0000s delay=0.1940s (local map=1, WM=1)
[rtabmap-2] [INFO] [1768719700.281566287] [rtabmap]: rtabmap (13): Rate=0.50s, Limit=0.000s, Conversion=0.0005s, RTAB-Map=0.3119s, Maps update=0.0001s pub=0.0000s delay=0.3300s (local map=1, WM=1)
[rtabmap-2] [INFO] [1768719700.871123979] [rtabmap]: rtabmap (14): Rate=0.50s, Limit=0.000s, Conversion=0.0012s, RTAB-Map=0.2879s, Maps update=0.0000s pub=0.0000s delay=0.3100s (local map=1, WM=1)
[rtabmap-2] [INFO] [1768719701.517053258] [rtabmap]: rtabmap (15): Rate=0.50s, Limit=0.000s, Conversion=0.0011s, RTAB-Map=0.4147s, Maps update=0.0001s pub=0.0000s delay=0.3980s (local map=1, WM=1)
[rtabmap-2] [INFO] [1768719701.990327740] [rtabmap]: rtabmap (16): Rate=0.50s, Limit=0.000s, Conversion=0.0014s, RTAB-Map=0.3384s, Maps update=0.0000s pub=0.0000s delay=0.3410s (local map=2, WM=2)
[rtabmap-2] [INFO] [1768719702.408474913] [rtabmap]: rtabmap (17): Rate=0.50s, Limit=0.000s, Conversion=0.0009s, RTAB-Map=0.2725s, Maps update=0.0000s pub=0.0000s delay=0.2410s (local map=2, WM=2)
[rtabmap-2] [INFO] [1768719703.064160989] [rtabmap]: rtabmap (18): Rate=0.50s, Limit=0.000s, Conversion=0.0006s, RTAB-Map=0.3081s, Maps update=0.0000s pub=0.0000s delay=0.3420s (local map=2, WM=2)
[rtabmap-2] [INFO] [1768719703.621946998] [rtabmap]: rtabmap (19): Rate=0.50s, Limit=0.000s, Conversion=0.0047s, RTAB-Map=0.3315s, Maps update=0.0000s pub=0.0000s delay=0.3090s (local map=3, WM=3)
[rtabmap-2] [INFO] [1768719704.445760551] [rtabmap]: rtabmap (20): Rate=0.50s, Limit=0.000s, Conversion=0.0007s, RTAB-Map=0.3027s, Maps update=0.0001s pub=0.0000s delay=0.2550s (local map=3, WM=3)
[rtabmap-2] [INFO] [1768719705.032440924] [rtabmap]: rtabmap (21): Rate=0.50s, Limit=0.000s, Conversion=0.0004s, RTAB-Map=0.3308s, Maps update=0.0000s pub=0.0000s delay=0.3130s (local map=4, WM=4)
[rtabmap-2] [INFO] [1768719705.609973206] [rtabmap]: rtabmap (22): Rate=0.50s, Limit=0.000s, Conversion=0.0006s, RTAB-Map=0.3936s, Maps update=0.0000s pub=0.0000s delay=0.4010s (local map=4, WM=4)
[rtabmap-2] [INFO] [1768719705.986628819] [rtabmap]: rtabmap (23): Rate=0.50s, Limit=0.000s, Conversion=0.0005s, RTAB-Map=0.2668s, Maps update=0.0000s pub=0.0000s delay=0.2880s (local map=4, WM=4)
[rtabmap-2] [INFO] [1768719706.887761142] [rtabmap]: rtabmap (24): Rate=0.50s, Limit=0.000s, Conversion=0.0004s, RTAB-Map=0.4025s, Maps update=0.0000s pub=0.0000s delay=0.4230s (local map=5, WM=5)
[rtabmap-2] [INFO] [1768719707.567666752] [rtabmap]: rtabmap (25): Rate=0.50s, Limit=0.000s, Conversion=0.0005s, RTAB-Map=0.3780s, Maps update=0.0001s pub=0.0000s delay=0.4150s (local map=5, WM=5)
[rtabmap-2] [INFO] [1768719708.065125095] [rtabmap]: rtabmap (26): Rate=0.50s, Limit=0.000s, Conversion=0.0004s, RTAB-Map=0.3542s, Maps update=0.0000s pub=0.0000s delay=0.4050s (local map=5, WM=5)
[rtabmap-2] [INFO] [1768719708.603800540] [rtabmap]: rtabmap (27): Rate=0.50s, Limit=0.000s, Conversion=0.0007s, RTAB-Map=0.3880s, Maps update=0.0000s pub=0.0000s delay=0.3760s (local map=6, WM=6)
[rtabmap-2] [INFO] [1768719709.157574846] [rtabmap]: rtabmap (28): Rate=0.50s, Limit=0.000s, Conversion=0.0009s, RTAB-Map=0.3616s, Maps update=0.0000s pub=0.0000s delay=0.3140s (local map=6, WM=6)
[rtabmap-2] [INFO] [1768719709.709872762] [rtabmap]: rtabmap (29): Rate=0.50s, Limit=0.000s, Conversion=0.0008s, RTAB-Map=0.3770s, Maps update=0.0000s pub=0.0000s delay=0.3700s (local map=6, WM=6)
[rtabmap-2] [INFO] [1768719710.167156276] [rtabmap]: rtabmap (30): Rate=0.50s, Limit=0.000s, Conversion=0.0008s, RTAB-Map=0.3184s, Maps update=0.0000s pub=0.0000s delay=0.2610s (local map=7, WM=7)
[rtabmap-2] [INFO] [1768719710.761940382] [rtabmap]: rtabmap (31): Rate=0.50s, Limit=0.000s, Conversion=0.0003s, RTAB-Map=0.4184s, Maps update=0.0000s pub=0.0000s delay=0.3590s (local map=7, WM=7)
[rtabmap-2] [INFO] [1768719711.211282950] [rtabmap]: rtabmap (32): Rate=0.50s, Limit=0.000s, Conversion=0.0007s, RTAB-Map=0.3409s, Maps update=0.0000s pub=0.0000s delay=0.3350s (local map=7, WM=7)
[rtabmap-2] [INFO] [1768719711.778827936] [rtabmap]: rtabmap (33): Rate=0.50s, Limit=0.000s, Conversion=0.0006s, RTAB-Map=0.3455s, Maps update=0.0000s pub=0.0000s delay=0.3940s (local map=8, WM=8)
[rtabmap-2] [INFO] [1768719712.263185958] [rtabmap]: rtabmap (34): Rate=0.50s, Limit=0.000s, Conversion=0.0008s, RTAB-Map=0.2842s, Maps update=0.0000s pub=0.0000s delay=0.2240s (local map=8, WM=8)
[rtabmap-2] [INFO] [1768719712.776961261] [rtabmap]: rtabmap (35): Rate=0.50s, Limit=0.000s, Conversion=0.0023s, RTAB-Map=0.2732s, Maps update=0.0000s pub=0.0000s delay=0.2150s (local map=9, WM=9)
[rtabmap-2] [INFO] [1768719713.330821736] [rtabmap]: rtabmap (36): Rate=0.50s, Limit=0.000s, Conversion=0.0006s, RTAB-Map=0.2831s, Maps update=0.0000s pub=0.0000s delay=0.2740s (local map=9, WM=9)
[rtabmap-2] [INFO] [1768719714.042605167] [rtabmap]: rtabmap (37): Rate=0.50s, Limit=0.000s, Conversion=0.0007s, RTAB-Map=0.3383s, Maps update=0.0000s pub=0.0000s delay=0.3110s (local map=10, WM=10)
[rtabmap-2] [INFO] [1768719714.737857473] [rtabmap]: rtabmap (38): Rate=0.50s, Limit=0.000s, Conversion=0.0006s, RTAB-Map=0.3925s, Maps update=0.0000s pub=0.0000s delay=0.3640s (local map=11, WM=11)
[rtabmap-2] [INFO] [1768719715.193513442] [rtabmap]: rtabmap (39): Rate=0.50s, Limit=0.000s, Conversion=0.0009s, RTAB-Map=0.2877s, Maps update=0.0000s pub=0.0000s delay=0.3250s (local map=11, WM=11)
[rtabmap-2] [INFO] [1768719715.819208584] [rtabmap]: rtabmap (40): Rate=0.50s, Limit=0.000s, Conversion=0.0011s, RTAB-Map=0.3676s, Maps update=0.0000s pub=0.0000s delay=0.3740s (local map=12, WM=12)
[rtabmap-2] [INFO] [1768719716.276255631] [rtabmap]: rtabmap (41): Rate=0.50s, Limit=0.000s, Conversion=0.0005s, RTAB-Map=0.2906s, Maps update=0.0057s pub=0.0015s delay=0.2640s (local map=12, WM=12)
[rtabmap-2] [INFO] [1768719716.834242164] [rtabmap]: rtabmap (42): Rate=0.50s, Limit=0.000s, Conversion=0.0006s, RTAB-Map=0.2880s, Maps update=0.0029s pub=0.0004s delay=0.3010s (local map=13, WM=13)
[rtabmap-2] [INFO] [1768719717.389420213] [rtabmap]: rtabmap (43): Rate=0.50s, Limit=0.000s, Conversion=0.0006s, RTAB-Map=0.3036s, Maps update=0.0028s pub=0.0000s delay=0.2490s (local map=13, WM=13)
[rtabmap-2] [INFO] [1768719718.186257571] [rtabmap]: rtabmap (44): Rate=0.50s, Limit=0.000s, Conversion=0.0007s, RTAB-Map=0.3117s, Maps update=0.0025s pub=0.0007s delay=0.2590s (local map=14, WM=14)
[rtabmap-2] [INFO] [1768719718.760953277] [rtabmap]: rtabmap (45): Rate=0.50s, Limit=0.000s, Conversion=0.0006s, RTAB-Map=0.3463s, Maps update=0.0043s pub=0.0000s delay=0.3230s (local map=14, WM=14)
[rtabmap-2] [INFO] [1768719719.347324082] [rtabmap]: rtabmap (46): Rate=0.50s, Limit=0.000s, Conversion=0.0011s, RTAB-Map=0.4187s, Maps update=0.0044s pub=0.0006s delay=0.4220s (local map=15, WM=15)
[rtabmap-2] [INFO] [1768719719.864257766] [rtabmap]: rtabmap (47): Rate=0.50s, Limit=0.000s, Conversion=0.0005s, RTAB-Map=0.3814s, Maps update=0.0044s pub=0.0000s delay=0.3470s (local map=15, WM=15)
[rtabmap-2] [INFO] [1768719720.510434849] [rtabmap]: rtabmap (48): Rate=0.50s, Limit=0.000s, Conversion=0.0008s, RTAB-Map=0.3580s, Maps update=0.0025s pub=0.0004s delay=0.3810s (local map=16, WM=16)
[rtabmap-2] [INFO] [1768719721.060788549] [rtabmap]: rtabmap (49): Rate=0.50s, Limit=0.000s, Conversion=0.0005s, RTAB-Map=0.3652s, Maps update=0.0038s pub=0.0000s delay=0.3430s (local map=16, WM=16)
[rtabmap-2] [INFO] [1768719721.618443046] [rtabmap]: rtabmap (50): Rate=0.50s, Limit=0.000s, Conversion=0.0006s, RTAB-Map=0.2541s, Maps update=0.0025s pub=0.0000s delay=0.3010s (local map=16, WM=16)
[rtabmap-2] [INFO] [1768719722.370373968] [rtabmap]: rtabmap (51): Rate=0.50s, Limit=0.000s, Conversion=0.0006s, RTAB-Map=0.3112s, Maps update=0.0027s pub=0.0007s delay=0.3000s (local map=17, WM=17)
[rtabmap-2] [INFO] [1768719723.093704473] [rtabmap]: rtabmap (52): Rate=0.50s, Limit=0.000s, Conversion=0.0006s, RTAB-Map=0.4264s, Maps update=0.0040s pub=0.0000s delay=0.4010s (local map=17, WM=17)
[rtabmap-2] [INFO] [1768719723.448984284] [rtabmap]: rtabmap (53): Rate=0.50s, Limit=0.000s, Conversion=0.0005s, RTAB-Map=0.2791s, Maps update=0.0044s pub=0.0000s delay=0.2870s (local map=17, WM=17)
[rtabmap-2] [INFO] [1768719723.987432321] [rtabmap]: rtabmap (54): Rate=0.50s, Limit=0.000s, Conversion=0.0005s, RTAB-Map=0.3055s, Maps update=0.0031s pub=0.0004s delay=0.2790s (local map=18, WM=18)
[rtabmap-2] [INFO] [1768719724.559573598] [rtabmap]: rtabmap (55): Rate=0.50s, Limit=0.000s, Conversion=0.0004s, RTAB-Map=0.3549s, Maps update=0.0050s pub=0.0000s delay=0.3400s (local map=18, WM=18)
[rtabmap-2] [INFO] [1768719725.212157468] [rtabmap]: rtabmap (56): Rate=0.50s, Limit=0.000s, Conversion=0.0006s, RTAB-Map=0.3166s, Maps update=0.0045s pub=0.0000s delay=0.3730s (local map=18, WM=18)
[rtabmap-2] [INFO] [1768719725.768842916] [rtabmap]: rtabmap (57): Rate=0.50s, Limit=0.000s, Conversion=0.0005s, RTAB-Map=0.3493s, Maps update=0.0045s pub=0.0008s delay=0.3320s (local map=19, WM=19)
[rtabmap-2] [INFO] [1768719726.341049671] [rtabmap]: rtabmap (58): Rate=0.50s, Limit=0.000s, Conversion=0.0006s, RTAB-Map=0.3717s, Maps update=0.0054s pub=0.0000s delay=0.3870s (local map=19, WM=19)
[rtabmap-2] [INFO] [1768719727.152340515] [rtabmap]: rtabmap (59): Rate=0.50s, Limit=0.000s, Conversion=0.0004s, RTAB-Map=0.6162s, Maps update=0.0070s pub=0.0021s delay=0.6460s (local map=20, WM=20)
[rtabmap-2] [INFO] [1768719727.685018603] [rtabmap]: rtabmap (60): Rate=0.50s, Limit=0.000s, Conversion=0.0007s, RTAB-Map=0.5101s, Maps update=0.0043s pub=0.0000s delay=0.5150s (local map=20, WM=20)
[rtabmap-2] [INFO] [1768719728.198537377] [rtabmap]: rtabmap (61): Rate=0.50s, Limit=0.000s, Conversion=0.0008s, RTAB-Map=0.4823s, Maps update=0.0105s pub=0.0000s delay=0.4670s (local map=20, WM=20)
[rtabmap-2] [INFO] [1768719728.765638744] [rtabmap]: rtabmap (62): Rate=0.50s, Limit=0.000s, Conversion=0.0008s, RTAB-Map=0.4234s, Maps update=0.0070s pub=0.0011s delay=0.4570s (local map=21, WM=21)
[rtabmap-2] [INFO] [1768719729.311162817] [rtabmap]: rtabmap (63): Rate=0.50s, Limit=0.000s, Conversion=0.0007s, RTAB-Map=0.4178s, Maps update=0.0038s pub=0.0011s delay=0.3870s (local map=22, WM=22)
[rtabmap-2] [INFO] [1768719729.735710013] [rtabmap]: rtabmap (64): Rate=0.50s, Limit=0.000s, Conversion=0.0007s, RTAB-Map=0.3245s, Maps update=0.0032s pub=0.0000s delay=0.3700s (local map=22, WM=22)
[rtabmap-2] [INFO] [1768719730.344415725] [rtabmap]: rtabmap (65): Rate=0.50s, Limit=0.000s, Conversion=0.0004s, RTAB-Map=0.4091s, Maps update=0.0064s pub=0.0000s delay=0.4530s (local map=22, WM=22)
[rtabmap-2] [INFO] [1768719730.805888468] [rtabmap]: rtabmap (66): Rate=0.50s, Limit=0.000s, Conversion=0.0007s, RTAB-Map=0.3512s, Maps update=0.0033s pub=0.0012s delay=0.3310s (local map=23, WM=23)
[rtabmap-2] [INFO] [1768719731.290098164] [rtabmap]: rtabmap (67): Rate=0.50s, Limit=0.000s, Conversion=0.0005s, RTAB-Map=0.3227s, Maps update=0.0055s pub=0.0000s delay=0.3290s (local map=23, WM=23)
[rtabmap-2] [INFO] [1768719731.813256388] [rtabmap]: rtabmap (68): Rate=0.50s, Limit=0.000s, Conversion=0.0005s, RTAB-Map=0.3399s, Maps update=0.0056s pub=0.0000s delay=0.3200s (local map=23, WM=23)
[rtabmap-2] [INFO] [1768719732.388165805] [rtabmap]: rtabmap (69): Rate=0.50s, Limit=0.000s, Conversion=0.0009s, RTAB-Map=0.3206s, Maps update=0.0029s pub=0.0000s delay=0.3080s (local map=23, WM=23)
[rtabmap-2] [INFO] [1768719732.956887755] [rtabmap]: rtabmap (70): Rate=0.50s, Limit=0.000s, Conversion=0.0006s, RTAB-Map=0.3143s, Maps update=0.0040s pub=0.0000s delay=0.3340s (local map=23, WM=23)
[rtabmap-2] [INFO] [1768719733.550871163] [rtabmap]: rtabmap (71): Rate=0.50s, Limit=0.000s, Conversion=0.0006s, RTAB-Map=0.3810s, Maps update=0.0059s pub=0.0000s delay=0.4140s (local map=23, WM=23)
[rtabmap-2] [INFO] [1768719734.072215442] [rtabmap]: rtabmap (72): Rate=0.50s, Limit=0.000s, Conversion=0.0005s, RTAB-Map=0.3748s, Maps update=0.0063s pub=0.0000s delay=0.4030s (local map=23, WM=23)
[rtabmap-2] [INFO] [1768719734.527865564] [rtabmap]: rtabmap (73): Rate=0.50s, Limit=0.000s, Conversion=0.0005s, RTAB-Map=0.3102s, Maps update=0.0042s pub=0.0000s delay=0.2610s (local map=23, WM=23)
[rtabmap-2] [INFO] [1768719735.044575084] [rtabmap]: rtabmap (74): Rate=0.50s, Limit=0.000s, Conversion=0.0007s, RTAB-Map=0.2946s, Maps update=0.0055s pub=0.0000s delay=0.2510s (local map=23, WM=23)
[rtabmap-2] [INFO] [1768719735.609029883] [rtabmap]: rtabmap (75): Rate=0.50s, Limit=0.000s, Conversion=0.0009s, RTAB-Map=0.3402s, Maps update=0.0068s pub=0.0000s delay=0.3380s (local map=23, WM=23)
[rtabmap-2] [INFO] [1768719736.087556245] [rtabmap]: rtabmap (76): Rate=0.50s, Limit=0.000s, Conversion=0.0004s, RTAB-Map=0.3100s, Maps update=0.0061s pub=0.0000s delay=0.3210s (local map=23, WM=23)
[rtabmap-2] [INFO] [1768719736.228231331] [rclcpp]: signal_handler(signum=2)
[rgbd_sync-1] [INFO] [1768719736.228272146] [rclcpp]: signal_handler(signum=2)
[rtabmap-2] [INFO] [1768719736.236289913] [rtabmap]: Parameters are not saved (No configuration file provided...)
[INFO] [rgbd_sync-1]: process has finished cleanly [pid 596118]
[rtabmap-2] [33m[ WARN] (2026-01-18 16:01:33.548) Memory.cpp:5917::createSignature() Mem/SaveDepth16Format is set to false to use 32bits format but this is not compatible with the compressed depth format chosen (Mem/DepthCompressionFormat=".rvl"), depth images will be compressed in ".png" format instead. Explicitly set Mem/SaveDepth16Format to true to keep using ".rvl" format and images will be converted to 16bits for convenience (warning: that would remove all depth values over 65 meters). Explicitly set Mem/DepthCompressionFormat=".png" to suppress this warning. This warning is only printed once.[0m
[rtabmap-2] [33m[ WARN] (2026-01-18 16:01:56.274) MapsManager.cpp:863::publishMaps() Graph has changed! The whole cloud is regenerated.[0m
[rtabmap-2] [33m[ WARN] (2026-01-18 16:01:59.858) Rtabmap.cpp:3069::process() Rejected loop closure 1 -> 47: Not enough inliers 0/20 (matches=12) between 1 and 47[0m
[rtabmap-2] [33m[ WARN] (2026-01-18 16:02:00.506) Rtabmap.cpp:3069::process() Rejected loop closure 1 -> 48: Not enough inliers 0/20 (matches=13) between 1 and 48[0m
[rtabmap-2] [33m[ WARN] (2026-01-18 16:02:01.056) Rtabmap.cpp:3069::process() Rejected loop closure 1 -> 49: Not enough inliers 0/20 (matches=16) between 1 and 49[0m
[rtabmap-2] [33m[ WARN] (2026-01-18 16:02:01.615) Rtabmap.cpp:3069::process() Rejected loop closure 1 -> 50: Not enough inliers 0/20 (matches=11) between 1 and 50[0m
[rtabmap-2] [33m[ WARN] (2026-01-18 16:02:02.366) Rtabmap.cpp:3069::process() Rejected loop closure 1 -> 51: Not enough inliers 0/20 (matches=18) between 1 and 51[0m
[rtabmap-2] [33m[ WARN] (2026-01-18 16:02:03.088) Rtabmap.cpp:3069::process() Rejected loop closure 1 -> 52: Not enough inliers 0/20 (matches=22) between 1 and 52[0m
[rtabmap-2] [33m[ WARN] (2026-01-18 16:02:03.443) Rtabmap.cpp:3069::process() Rejected loop closure 1 -> 53: Not enough inliers 6/20 (matches=32) between 1 and 53[0m
[rtabmap-2] rtabmap: Saving database/long-term memory... (located at /home/fujino/.ros/rtabmap_ur5e_20260118_160132.db)
[rtabmap-2] rtabmap: Saving database/long-term memory...done! (located at /home/fujino/.ros/rtabmap_ur5e_20260118_160132.db, 116 MB)
[INFO] [rtabmap-2]: process has finished cleanly [pid 596120]
