[INFO] [launch]: All log files can be found below /home/fujino/.ros/log/2026-01-21-08-34-49-431205-fh-214097
[INFO] [launch]: Default logging verbosity is set to INFO
[INFO] [rgbd_sync-1]: process started with pid [214111]
[INFO] [rtabmap-2]: process started with pid [214113]
[rgbd_sync-1] [INFO] [1768952090.172544879] [rgbd_sync]: rgbd_sync: approx_sync = true
[rgbd_sync-1] [INFO] [1768952090.173059582] [rgbd_sync]: rgbd_sync: approx_sync_max_interval = 0.010000
[rgbd_sync-1] [INFO] [1768952090.173105529] [rgbd_sync]: rgbd_sync: topic_queue_size  = 10
[rgbd_sync-1] [INFO] [1768952090.173117189] [rgbd_sync]: rgbd_sync: sync_queue_size  = 30
[rgbd_sync-1] [INFO] [1768952090.173127440] [rgbd_sync]: rgbd_sync: qos             = 2
[rgbd_sync-1] [INFO] [1768952090.173137582] [rgbd_sync]: rgbd_sync: qos_camera_info = 2
[rgbd_sync-1] [INFO] [1768952090.173147430] [rgbd_sync]: rgbd_sync: depth_scale = 1.000000
[rgbd_sync-1] [INFO] [1768952090.173159105] [rgbd_sync]: rgbd_sync: decimation = 1
[rgbd_sync-1] [INFO] [1768952090.173169634] [rgbd_sync]: rgbd_sync: compressed_rate = 0.000000
[rgbd_sync-1] [INFO] [1768952090.291374383] [rgbd_sync]: 
[rgbd_sync-1] rgbd_sync subscribed to (approx sync, max interval=0.010000s):
[rgbd_sync-1]    /camera/color/image_raw,
[rgbd_sync-1]    /camera/depth/depth/image_raw,
[rgbd_sync-1]    /camera/color/camera_info
[rtabmap-2] [INFO] [1768952090.882421818] [rtabmap]: rtabmap(maps): latch                      = true
[rtabmap-2] [INFO] [1768952090.882811039] [rtabmap]: rtabmap(maps): map_filter_radius          = 0.000000
[rtabmap-2] [INFO] [1768952090.882852774] [rtabmap]: rtabmap(maps): map_filter_angle           = 30.000000
[rtabmap-2] [INFO] [1768952090.882873581] [rtabmap]: rtabmap(maps): map_cleanup                = true
[rtabmap-2] [INFO] [1768952090.882889823] [rtabmap]: rtabmap(maps): map_always_update          = false
[rtabmap-2] [INFO] [1768952090.882904693] [rtabmap]: rtabmap(maps): map_empty_ray_tracing      = true
[rtabmap-2] [INFO] [1768952090.883741436] [rtabmap]: rtabmap(maps): cloud_output_voxelized     = true
[rtabmap-2] [INFO] [1768952090.883766156] [rtabmap]: rtabmap(maps): cloud_subtract_filtering   = false
[rtabmap-2] [INFO] [1768952090.883781532] [rtabmap]: rtabmap(maps): cloud_subtract_filtering_min_neighbors = 2
[rtabmap-2] [INFO] [1768952090.883892149] [rtabmap]: rtabmap(maps): octomap_tree_depth         = 16
[rtabmap-2] [INFO] [1768952091.123378001] [rtabmap]: rtabmap: frame_id      = camera_color_optical_frame
[rtabmap-2] [INFO] [1768952091.123447132] [rtabmap]: rtabmap: odom_frame_id = world
[rtabmap-2] [INFO] [1768952091.123458988] [rtabmap]: rtabmap: map_frame_id  = world
[rtabmap-2] [INFO] [1768952091.123468408] [rtabmap]: rtabmap: log_to_rosout_level  = 4
[rtabmap-2] [INFO] [1768952091.123478523] [rtabmap]: rtabmap: initial_pose  = 
[rtabmap-2] [INFO] [1768952091.123487904] [rtabmap]: rtabmap: use_action_for_goal  = false
[rtabmap-2] [INFO] [1768952091.123497581] [rtabmap]: rtabmap: tf_delay      = 0.050000
[rtabmap-2] [INFO] [1768952091.123514793] [rtabmap]: rtabmap: tf_tolerance  = 0.100000
[rtabmap-2] [INFO] [1768952091.123525445] [rtabmap]: rtabmap: odom_sensor_sync   = false
[rtabmap-2] [INFO] [1768952091.123534709] [rtabmap]: rtabmap: pub_loc_pose_only_when_localizing = false
[rtabmap-2] [INFO] [1768952091.123544305] [rtabmap]: rtabmap: wait_for_transform = 0.200000
[rtabmap-2] [INFO] [1768952091.123554871] [rtabmap]: rtabmap: gen_scan  = false
[rtabmap-2] [INFO] [1768952091.123564333] [rtabmap]: rtabmap: gen_depth  = false
[rtabmap-2] [INFO] [1768952091.222323269] [rtabmap]: Setting RTAB-Map parameter "Grid/3D"="true" (rosparam)
[rtabmap-2] [INFO] [1768952091.223003934] [rtabmap]: Setting RTAB-Map parameter "Grid/RangeMax"="5.0" (rosparam)
[rtabmap-2] [INFO] [1768952091.223120203] [rtabmap]: Setting RTAB-Map parameter "Grid/RayTracing"="true" (rosparam)
[rtabmap-2] [INFO] [1768952091.223498028] [rtabmap]: Setting RTAB-Map parameter "Grid/Sensor"="1" (rosparam)
[rtabmap-2] [INFO] [1768952091.277260935] [rtabmap]: Setting RTAB-Map parameter "RGBD/CreateOccupancyGrid"="true" (rosparam)
[rtabmap-2] [INFO] [1768952091.300067603] [rtabmap]: Setting RTAB-Map parameter "Rtabmap/DetectionRate"="2.0" (rosparam)
[rtabmap-2] [INFO] [1768952091.466431873] [rtabmap]: RTAB-Map detection rate = 2.000000 Hz
[rtabmap-2] [INFO] [1768952091.466575106] [rtabmap]: rtabmap: Using database from "/home/fujino/.ros/rtabmap_ur5e_20260121_083448.db" (0 MB).
[rtabmap-2] [INFO] [1768952091.506057672] [rtabmap]: rtabmap: Database version = "0.22.1".
[rtabmap-2] [INFO] [1768952091.506133237] [rtabmap]: rtabmap: SLAM mode (Mem/IncrementalMemory=true)
[rtabmap-2] [INFO] [1768952091.610828672] [rtabmap]: Setup callbacks
[rtabmap-2] [WARN] [1768952091.610910603] [rtabmap]: rtabmap: Parameters subscribe_depth and subscribe_rgbd cannot be true at the same time. Parameter subscribe_depth is set to false.
[rtabmap-2] [INFO] [1768952091.611231154] [rtabmap]: rtabmap: subscribe_depth = false
[rtabmap-2] [INFO] [1768952091.611254250] [rtabmap]: rtabmap: subscribe_rgb = false
[rtabmap-2] [INFO] [1768952091.611263689] [rtabmap]: rtabmap: subscribe_stereo = false
[rtabmap-2] [INFO] [1768952091.611270209] [rtabmap]: rtabmap: subscribe_rgbd = true (rgbd_cameras=1)
[rtabmap-2] [INFO] [1768952091.611278310] [rtabmap]: rtabmap: subscribe_sensor_data = false
[rtabmap-2] [INFO] [1768952091.611285747] [rtabmap]: rtabmap: subscribe_odom_info = false
[rtabmap-2] [INFO] [1768952091.611292777] [rtabmap]: rtabmap: subscribe_user_data = false
[rtabmap-2] [INFO] [1768952091.611299557] [rtabmap]: rtabmap: subscribe_scan = false
[rtabmap-2] [INFO] [1768952091.611306461] [rtabmap]: rtabmap: subscribe_scan_cloud = false
[rtabmap-2] [INFO] [1768952091.611313674] [rtabmap]: rtabmap: subscribe_scan_descriptor = false
[rtabmap-2] [INFO] [1768952091.611320900] [rtabmap]: rtabmap: topic_queue_size = 10
[rtabmap-2] [INFO] [1768952091.611328618] [rtabmap]: rtabmap: sync_queue_size  = 30
[rtabmap-2] [INFO] [1768952091.611336797] [rtabmap]: rtabmap: qos_image       = 2
[rtabmap-2] [INFO] [1768952091.611381788] [rtabmap]: rtabmap: qos_camera_info = 2
[rtabmap-2] [INFO] [1768952091.611390074] [rtabmap]: rtabmap: qos_scan        = 2
[rtabmap-2] [INFO] [1768952091.611397181] [rtabmap]: rtabmap: qos_odom        = 2
[rtabmap-2] [INFO] [1768952091.611403665] [rtabmap]: rtabmap: qos_user_data   = 2
[rtabmap-2] [INFO] [1768952091.611410451] [rtabmap]: rtabmap: approx_sync     = true
[rtabmap-2] [INFO] [1768952091.611432744] [rtabmap]: Setup rgbd callback
[rtabmap-2] [INFO] [1768952091.614645740] [rtabmap]: 
[rtabmap-2] rtabmap subscribed to:
[rtabmap-2]    /rgbd_image
[rtabmap-2] [INFO] [1768952093.620434500] [rtabmap]: rtabmap (1): Rate=0.50s, Limit=0.000s, Conversion=0.0034s, RTAB-Map=0.6124s, Maps update=0.0001s pub=0.0000s delay=0.5240s (local map=1, WM=1)
[rtabmap-2] [INFO] [1768952094.986005891] [rtabmap]: rtabmap (2): Rate=0.50s, Limit=0.000s, Conversion=0.0017s, RTAB-Map=0.4615s, Maps update=0.0000s pub=0.0000s delay=0.4680s (local map=1, WM=1)
[rtabmap-2] [INFO] [1768952095.771349001] [rtabmap]: rtabmap (3): Rate=0.50s, Limit=0.000s, Conversion=0.0017s, RTAB-Map=0.5704s, Maps update=0.0001s pub=0.0000s delay=0.5730s (local map=1, WM=1)
[rtabmap-2] [INFO] [1768952096.492640778] [rtabmap]: rtabmap (4): Rate=0.50s, Limit=0.000s, Conversion=0.0075s, RTAB-Map=0.5116s, Maps update=0.0001s pub=0.0000s delay=0.4140s (local map=1, WM=1)
[rtabmap-2] [INFO] [1768952097.132728831] [rtabmap]: rtabmap (5): Rate=0.50s, Limit=0.000s, Conversion=0.0065s, RTAB-Map=0.4902s, Maps update=0.0000s pub=0.0000s delay=0.4750s (local map=1, WM=1)
[rtabmap-2] [INFO] [1768952098.186722371] [rtabmap]: rtabmap (6): Rate=0.50s, Limit=0.000s, Conversion=0.0037s, RTAB-Map=0.5283s, Maps update=0.0001s pub=0.0000s delay=0.5060s (local map=1, WM=1)
[rtabmap-2] [INFO] [1768952099.463685223] [rtabmap]: rtabmap (7): Rate=0.50s, Limit=0.000s, Conversion=0.0066s, RTAB-Map=0.5151s, Maps update=0.0001s pub=0.0000s delay=0.5450s (local map=1, WM=1)
[rtabmap-2] [INFO] [1768952100.862641922] [rtabmap]: rtabmap (8): Rate=0.50s, Limit=0.000s, Conversion=0.0038s, RTAB-Map=0.5147s, Maps update=0.0001s pub=0.0000s delay=0.4610s (local map=1, WM=1)
[rtabmap-2] [INFO] [1768952101.720704435] [rtabmap]: rtabmap (9): Rate=0.50s, Limit=0.000s, Conversion=0.0011s, RTAB-Map=0.7293s, Maps update=0.0001s pub=0.0000s delay=0.6190s (local map=1, WM=1)
[rtabmap-2] [INFO] [1768952103.601196200] [rtabmap]: rtabmap (10): Rate=0.50s, Limit=0.000s, Conversion=0.0006s, RTAB-Map=0.7341s, Maps update=0.0000s pub=0.0000s delay=0.7170s (local map=2, WM=2)
[rtabmap-2] [INFO] [1768952105.338352932] [rtabmap]: rtabmap (11): Rate=0.50s, Limit=0.000s, Conversion=0.0073s, RTAB-Map=0.5891s, Maps update=0.0000s pub=0.0000s delay=0.5790s (local map=3, WM=3)
[rtabmap-2] [INFO] [1768952106.706538504] [rtabmap]: rtabmap (12): Rate=0.50s, Limit=0.000s, Conversion=0.0020s, RTAB-Map=0.6150s, Maps update=0.0001s pub=0.0000s delay=0.5700s (local map=3, WM=3)
[rtabmap-2] [INFO] [1768952107.536696037] [rtabmap]: rtabmap (13): Rate=0.50s, Limit=0.000s, Conversion=0.0029s, RTAB-Map=0.3902s, Maps update=0.0000s pub=0.0000s delay=0.4290s (local map=4, WM=4)
[rtabmap-2] [INFO] [1768952108.618065787] [rtabmap]: rtabmap (14): Rate=0.50s, Limit=0.000s, Conversion=0.0048s, RTAB-Map=0.3790s, Maps update=0.0001s pub=0.0000s delay=0.4370s (local map=4, WM=4)
[rtabmap-2] [INFO] [1768952109.618520978] [rtabmap]: rtabmap (15): Rate=0.50s, Limit=0.000s, Conversion=0.0011s, RTAB-Map=0.5462s, Maps update=0.0000s pub=0.0000s delay=0.5300s (local map=5, WM=5)
[rtabmap-2] [INFO] [1768952111.226061732] [rtabmap]: rtabmap (16): Rate=0.50s, Limit=0.000s, Conversion=0.0155s, RTAB-Map=0.5758s, Maps update=0.0001s pub=0.0000s delay=0.5550s (local map=5, WM=5)
[rtabmap-2] [INFO] [1768952112.396783164] [rtabmap]: rtabmap (17): Rate=0.50s, Limit=0.000s, Conversion=0.0022s, RTAB-Map=0.4693s, Maps update=0.0001s pub=0.0000s delay=0.4780s (local map=5, WM=5)
[rtabmap-2] [INFO] [1768952115.194556578] [rtabmap]: rtabmap (18): Rate=0.50s, Limit=0.000s, Conversion=0.0027s, RTAB-Map=0.4992s, Maps update=0.0000s pub=0.0000s delay=0.4780s (local map=6, WM=6)
[rtabmap-2] [INFO] [1768952116.284336011] [rtabmap]: rtabmap (19): Rate=0.50s, Limit=0.000s, Conversion=0.0030s, RTAB-Map=0.8565s, Maps update=0.0001s pub=0.0000s delay=0.7400s (local map=6, WM=6)
[rtabmap-2] [INFO] [1768952117.505228197] [rtabmap]: rtabmap (20): Rate=0.50s, Limit=0.000s, Conversion=0.0026s, RTAB-Map=0.6668s, Maps update=0.0000s pub=0.0000s delay=0.5600s (local map=7, WM=7)
[rtabmap-2] [INFO] [1768952118.589831266] [rtabmap]: rtabmap (21): Rate=0.50s, Limit=0.000s, Conversion=0.0055s, RTAB-Map=0.5154s, Maps update=0.0000s pub=0.0000s delay=0.4290s (local map=8, WM=8)
[rtabmap-2] [INFO] [1768952119.933074253] [rtabmap]: rtabmap (22): Rate=0.50s, Limit=0.000s, Conversion=0.0005s, RTAB-Map=0.5855s, Maps update=0.0000s pub=0.0000s delay=0.6030s (local map=9, WM=9)
[rtabmap-2] [INFO] [1768952120.558698297] [rtabmap]: rtabmap (23): Rate=0.50s, Limit=0.000s, Conversion=0.0009s, RTAB-Map=0.5183s, Maps update=0.0000s pub=0.0000s delay=0.3740s (local map=9, WM=9)
[rtabmap-2] [INFO] [1768952121.868331484] [rtabmap]: rtabmap (24): Rate=0.50s, Limit=0.000s, Conversion=0.0067s, RTAB-Map=0.6494s, Maps update=0.0000s pub=0.0000s delay=0.5480s (local map=10, WM=10)
[rtabmap-2] [INFO] [1768952123.402080684] [rtabmap]: rtabmap (25): Rate=0.50s, Limit=0.000s, Conversion=0.0102s, RTAB-Map=0.6636s, Maps update=0.0001s pub=0.0000s delay=0.5520s (local map=10, WM=10)
[rtabmap-2] [INFO] [1768952124.524342904] [rtabmap]: rtabmap (26): Rate=0.50s, Limit=0.000s, Conversion=0.0059s, RTAB-Map=0.6038s, Maps update=0.0001s pub=0.0000s delay=0.5140s (local map=10, WM=10)
[rtabmap-2] [INFO] [1768952126.036353612] [rtabmap]: rtabmap (27): Rate=0.50s, Limit=0.000s, Conversion=0.0037s, RTAB-Map=0.5577s, Maps update=0.0000s pub=0.0000s delay=0.5120s (local map=11, WM=11)
[rtabmap-2] [INFO] [1768952128.607630869] [rtabmap]: rtabmap (28): Rate=0.50s, Limit=0.000s, Conversion=0.0012s, RTAB-Map=0.6394s, Maps update=0.0001s pub=0.0000s delay=0.5540s (local map=12, WM=12)
[rtabmap-2] [INFO] [1768952129.362267362] [rtabmap]: rtabmap (29): Rate=0.50s, Limit=0.000s, Conversion=0.0027s, RTAB-Map=0.5874s, Maps update=0.0000s pub=0.0000s delay=0.4930s (local map=13, WM=13)
[rtabmap-2] [INFO] [1768952130.211134332] [rtabmap]: rtabmap (30): Rate=0.50s, Limit=0.000s, Conversion=0.0091s, RTAB-Map=0.4872s, Maps update=0.0001s pub=0.0000s delay=0.4120s (local map=13, WM=13)
[rtabmap-2] [INFO] [1768952132.071321198] [rtabmap]: rtabmap (31): Rate=0.50s, Limit=0.000s, Conversion=0.0004s, RTAB-Map=0.7082s, Maps update=0.0001s pub=0.0000s delay=0.5760s (local map=14, WM=14)
[rtabmap-2] [INFO] [1768952133.206391085] [rtabmap]: rtabmap (32): Rate=0.50s, Limit=0.000s, Conversion=0.0008s, RTAB-Map=0.6984s, Maps update=0.0001s pub=0.0000s delay=0.5820s (local map=14, WM=14)
[rtabmap-2] [INFO] [1768952134.294907196] [rtabmap]: rtabmap (33): Rate=0.50s, Limit=0.000s, Conversion=0.0114s, RTAB-Map=0.7215s, Maps update=0.0001s pub=0.0000s delay=0.7260s (local map=15, WM=15)
[rtabmap-2] [INFO] [1768952135.907250567] [rtabmap]: rtabmap (34): Rate=0.50s, Limit=0.000s, Conversion=0.0110s, RTAB-Map=0.6551s, Maps update=0.0001s pub=0.0000s delay=0.6230s (local map=15, WM=15)
[rtabmap-2] [INFO] [1768952136.555500040] [rtabmap]: rtabmap (35): Rate=0.50s, Limit=0.000s, Conversion=0.0028s, RTAB-Map=0.6115s, Maps update=0.0001s pub=0.0000s delay=0.5750s (local map=15, WM=15)
[rtabmap-2] [INFO] [1768952136.569373170] [rclcpp]: signal_handler(signum=2)
[rgbd_sync-1] [INFO] [1768952136.570185626] [rclcpp]: signal_handler(signum=2)
[rtabmap-2] [INFO] [1768952136.612854698] [rtabmap]: Parameters are not saved (No configuration file provided...)
[INFO] [rgbd_sync-1]: process has finished cleanly [pid 214111]
[rtabmap-2] [33m[ WARN] (2026-01-21 08:34:53.051) Memory.cpp:5917::createSignature() Mem/SaveDepth16Format is set to false to use 32bits format but this is not compatible with the compressed depth format chosen (Mem/DepthCompressionFormat=".rvl"), depth images will be compressed in ".png" format instead. Explicitly set Mem/SaveDepth16Format to true to keep using ".rvl" format and images will be converted to 16bits for convenience (warning: that would remove all depth values over 65 meters). Explicitly set Mem/DepthCompressionFormat=".png" to suppress this warning. This warning is only printed once.[0m
[rtabmap-2] rtabmap: Saving database/long-term memory... (located at /home/fujino/.ros/rtabmap_ur5e_20260121_083448.db)
[rtabmap-2] rtabmap: Saving database/long-term memory...done! (located at /home/fujino/.ros/rtabmap_ur5e_20260121_083448.db, 52 MB)
[INFO] [rtabmap-2]: process has finished cleanly [pid 214113]
