[INFO] [launch]: All log files can be found below /home/fujino/.ros/log/2026-01-21-08-57-14-238726-fh-221588
[INFO] [launch]: Default logging verbosity is set to INFO
[INFO] [rgbd_sync-1]: process started with pid [221602]
[INFO] [rtabmap-2]: process started with pid [221604]
[rgbd_sync-1] [INFO] [1768953435.564160064] [rgbd_sync]: rgbd_sync: approx_sync = true
[rgbd_sync-1] [INFO] [1768953435.564543504] [rgbd_sync]: rgbd_sync: approx_sync_max_interval = 0.010000
[rgbd_sync-1] [INFO] [1768953435.564591277] [rgbd_sync]: rgbd_sync: topic_queue_size  = 10
[rgbd_sync-1] [INFO] [1768953435.564610540] [rgbd_sync]: rgbd_sync: sync_queue_size  = 30
[rgbd_sync-1] [INFO] [1768953435.564627208] [rgbd_sync]: rgbd_sync: qos             = 2
[rgbd_sync-1] [INFO] [1768953435.564643879] [rgbd_sync]: rgbd_sync: qos_camera_info = 2
[rgbd_sync-1] [INFO] [1768953435.564659470] [rgbd_sync]: rgbd_sync: depth_scale = 1.000000
[rgbd_sync-1] [INFO] [1768953435.564677972] [rgbd_sync]: rgbd_sync: decimation = 1
[rgbd_sync-1] [INFO] [1768953435.564693884] [rgbd_sync]: rgbd_sync: compressed_rate = 0.000000
[rgbd_sync-1] [INFO] [1768953435.642227308] [rgbd_sync]: 
[rgbd_sync-1] rgbd_sync subscribed to (approx sync, max interval=0.010000s):
[rgbd_sync-1]    /camera/color/image_raw,
[rgbd_sync-1]    /camera/depth/depth/image_raw,
[rgbd_sync-1]    /camera/color/camera_info
[rtabmap-2] [INFO] [1768953435.731938273] [rtabmap]: rtabmap(maps): latch                      = true
[rtabmap-2] [INFO] [1768953435.732506321] [rtabmap]: rtabmap(maps): map_filter_radius          = 0.000000
[rtabmap-2] [INFO] [1768953435.732558534] [rtabmap]: rtabmap(maps): map_filter_angle           = 30.000000
[rtabmap-2] [INFO] [1768953435.732581554] [rtabmap]: rtabmap(maps): map_cleanup                = true
[rtabmap-2] [INFO] [1768953435.732597996] [rtabmap]: rtabmap(maps): map_always_update          = false
[rtabmap-2] [INFO] [1768953435.732613387] [rtabmap]: rtabmap(maps): map_empty_ray_tracing      = true
[rtabmap-2] [INFO] [1768953435.732629037] [rtabmap]: rtabmap(maps): cloud_output_voxelized     = true
[rtabmap-2] [INFO] [1768953435.732643832] [rtabmap]: rtabmap(maps): cloud_subtract_filtering   = false
[rtabmap-2] [INFO] [1768953435.732658619] [rtabmap]: rtabmap(maps): cloud_subtract_filtering_min_neighbors = 2
[rtabmap-2] [INFO] [1768953435.732732876] [rtabmap]: rtabmap(maps): octomap_tree_depth         = 16
[rtabmap-2] [INFO] [1768953435.922908946] [rtabmap]: rtabmap: frame_id      = camera_color_optical_frame
[rtabmap-2] [INFO] [1768953435.922982517] [rtabmap]: rtabmap: odom_frame_id = world
[rtabmap-2] [INFO] [1768953435.923005000] [rtabmap]: rtabmap: map_frame_id  = world
[rtabmap-2] [INFO] [1768953435.923021524] [rtabmap]: rtabmap: log_to_rosout_level  = 4
[rtabmap-2] [INFO] [1768953435.923054837] [rtabmap]: rtabmap: initial_pose  = 
[rtabmap-2] [INFO] [1768953435.923071688] [rtabmap]: rtabmap: use_action_for_goal  = false
[rtabmap-2] [INFO] [1768953435.923088159] [rtabmap]: rtabmap: tf_delay      = 0.050000
[rtabmap-2] [INFO] [1768953435.923111853] [rtabmap]: rtabmap: tf_tolerance  = 0.100000
[rtabmap-2] [INFO] [1768953435.923130384] [rtabmap]: rtabmap: odom_sensor_sync   = false
[rtabmap-2] [INFO] [1768953435.923146501] [rtabmap]: rtabmap: pub_loc_pose_only_when_localizing = false
[rtabmap-2] [INFO] [1768953435.923162342] [rtabmap]: rtabmap: wait_for_transform = 0.200000
[rtabmap-2] [INFO] [1768953435.923198658] [rtabmap]: rtabmap: gen_scan  = false
[rtabmap-2] [INFO] [1768953435.923216095] [rtabmap]: rtabmap: gen_depth  = false
[rtabmap-2] [INFO] [1768953435.992228909] [rtabmap]: Setting RTAB-Map parameter "Grid/3D"="true" (rosparam)
[rtabmap-2] [INFO] [1768953435.993239161] [rtabmap]: Setting RTAB-Map parameter "Grid/RangeMax"="5.0" (rosparam)
[rtabmap-2] [INFO] [1768953435.993363544] [rtabmap]: Setting RTAB-Map parameter "Grid/RayTracing"="true" (rosparam)
[rtabmap-2] [INFO] [1768953435.993659615] [rtabmap]: Setting RTAB-Map parameter "Grid/Sensor"="1" (rosparam)
[rtabmap-2] [INFO] [1768953436.068377650] [rtabmap]: Setting RTAB-Map parameter "RGBD/CreateOccupancyGrid"="true" (rosparam)
[rtabmap-2] [INFO] [1768953436.085622813] [rtabmap]: Setting RTAB-Map parameter "Rtabmap/DetectionRate"="2.0" (rosparam)
[rtabmap-2] [INFO] [1768953436.249713968] [rtabmap]: RTAB-Map detection rate = 2.000000 Hz
[rtabmap-2] [INFO] [1768953436.249849703] [rtabmap]: rtabmap: Using database from "/home/fujino/.ros/rtabmap_ur5e_20260121_085713.db" (0 MB).
[rtabmap-2] [INFO] [1768953436.276485473] [rtabmap]: rtabmap: Database version = "0.22.1".
[rtabmap-2] [INFO] [1768953436.276557570] [rtabmap]: rtabmap: SLAM mode (Mem/IncrementalMemory=true)
[rtabmap-2] [INFO] [1768953436.351542770] [rtabmap]: Setup callbacks
[rtabmap-2] [WARN] [1768953436.351613449] [rtabmap]: rtabmap: Parameters subscribe_depth and subscribe_rgbd cannot be true at the same time. Parameter subscribe_depth is set to false.
[rtabmap-2] [INFO] [1768953436.351939457] [rtabmap]: rtabmap: subscribe_depth = false
[rtabmap-2] [INFO] [1768953436.351956339] [rtabmap]: rtabmap: subscribe_rgb = false
[rtabmap-2] [INFO] [1768953436.351963423] [rtabmap]: rtabmap: subscribe_stereo = false
[rtabmap-2] [INFO] [1768953436.351969985] [rtabmap]: rtabmap: subscribe_rgbd = true (rgbd_cameras=1)
[rtabmap-2] [INFO] [1768953436.351977492] [rtabmap]: rtabmap: subscribe_sensor_data = false
[rtabmap-2] [INFO] [1768953436.351984051] [rtabmap]: rtabmap: subscribe_odom_info = false
[rtabmap-2] [INFO] [1768953436.351990317] [rtabmap]: rtabmap: subscribe_user_data = false
[rtabmap-2] [INFO] [1768953436.351996343] [rtabmap]: rtabmap: subscribe_scan = false
[rtabmap-2] [INFO] [1768953436.352002577] [rtabmap]: rtabmap: subscribe_scan_cloud = false
[rtabmap-2] [INFO] [1768953436.352008564] [rtabmap]: rtabmap: subscribe_scan_descriptor = false
[rtabmap-2] [INFO] [1768953436.352014960] [rtabmap]: rtabmap: topic_queue_size = 10
[rtabmap-2] [INFO] [1768953436.352021642] [rtabmap]: rtabmap: sync_queue_size  = 30
[rtabmap-2] [INFO] [1768953436.352027615] [rtabmap]: rtabmap: qos_image       = 2
[rtabmap-2] [INFO] [1768953436.352072250] [rtabmap]: rtabmap: qos_camera_info = 2
[rtabmap-2] [INFO] [1768953436.352079075] [rtabmap]: rtabmap: qos_scan        = 2
[rtabmap-2] [INFO] [1768953436.352085142] [rtabmap]: rtabmap: qos_odom        = 2
[rtabmap-2] [INFO] [1768953436.352091234] [rtabmap]: rtabmap: qos_user_data   = 2
[rtabmap-2] [INFO] [1768953436.352097076] [rtabmap]: rtabmap: approx_sync     = true
[rtabmap-2] [INFO] [1768953436.352113314] [rtabmap]: Setup rgbd callback
[rtabmap-2] [INFO] [1768953436.353911805] [rtabmap]: 
[rtabmap-2] rtabmap subscribed to:
[rtabmap-2]    /rgbd_image
[rtabmap-2] [INFO] [1768953438.603219643] [rtabmap]: rtabmap (1): Rate=0.50s, Limit=0.000s, Conversion=0.0040s, RTAB-Map=0.4822s, Maps update=0.0001s pub=0.0000s delay=0.4840s (local map=1, WM=1)
[rtabmap-2] [INFO] [1768953439.650124923] [rtabmap]: rtabmap (2): Rate=0.50s, Limit=0.000s, Conversion=0.0050s, RTAB-Map=0.5287s, Maps update=0.0001s pub=0.0000s delay=0.5840s (local map=1, WM=1)
[rtabmap-2] [INFO] [1768953440.660871961] [rtabmap]: rtabmap (3): Rate=0.50s, Limit=0.000s, Conversion=0.0077s, RTAB-Map=0.4922s, Maps update=0.0000s pub=0.0000s delay=0.4770s (local map=1, WM=1)
[rtabmap-2] [INFO] [1768953441.364318231] [rtabmap]: rtabmap (4): Rate=0.50s, Limit=0.000s, Conversion=0.0032s, RTAB-Map=0.5109s, Maps update=0.0001s pub=0.0000s delay=0.5130s (local map=1, WM=1)
[rtabmap-2] [INFO] [1768953443.022122554] [rtabmap]: rtabmap (5): Rate=0.50s, Limit=0.000s, Conversion=0.0004s, RTAB-Map=0.4276s, Maps update=0.0000s pub=0.0000s delay=0.3910s (local map=1, WM=1)
[rtabmap-2] [INFO] [1768953444.252316361] [rtabmap]: rtabmap (6): Rate=0.50s, Limit=0.000s, Conversion=0.0013s, RTAB-Map=0.4400s, Maps update=0.0001s pub=0.0000s delay=0.4010s (local map=1, WM=1)
[rtabmap-2] [INFO] [1768953444.888022392] [rtabmap]: rtabmap (7): Rate=0.50s, Limit=0.000s, Conversion=0.0022s, RTAB-Map=0.5166s, Maps update=0.0000s pub=0.0000s delay=0.5010s (local map=1, WM=1)
[rtabmap-2] [INFO] [1768953445.492863669] [rtabmap]: rtabmap (8): Rate=0.50s, Limit=0.000s, Conversion=0.0084s, RTAB-Map=0.5333s, Maps update=0.0001s pub=0.0000s delay=0.4490s (local map=1, WM=1)
[rtabmap-2] [INFO] [1768953446.419422924] [rtabmap]: rtabmap (9): Rate=0.50s, Limit=0.000s, Conversion=0.0015s, RTAB-Map=0.4770s, Maps update=0.0000s pub=0.0000s delay=0.4740s (local map=2, WM=2)
[rtabmap-2] [INFO] [1768953447.294137906] [rtabmap]: rtabmap (10): Rate=0.50s, Limit=0.000s, Conversion=0.0029s, RTAB-Map=0.5748s, Maps update=0.0001s pub=0.0000s delay=0.4180s (local map=2, WM=2)
[rtabmap-2] [INFO] [1768953448.028266024] [rtabmap]: rtabmap (11): Rate=0.50s, Limit=0.000s, Conversion=0.0035s, RTAB-Map=0.4966s, Maps update=0.0000s pub=0.0000s delay=0.4440s (local map=3, WM=3)
[rtabmap-2] [INFO] [1768953448.998526394] [rtabmap]: rtabmap (12): Rate=0.50s, Limit=0.000s, Conversion=0.0049s, RTAB-Map=0.5535s, Maps update=0.0001s pub=0.0000s delay=0.5280s (local map=3, WM=3)
[rtabmap-2] [INFO] [1768953450.003253699] [rtabmap]: rtabmap (13): Rate=0.50s, Limit=0.000s, Conversion=0.0010s, RTAB-Map=0.5896s, Maps update=0.0000s pub=0.0000s delay=0.5660s (local map=4, WM=4)
[rtabmap-2] [INFO] [1768953452.411444811] [rtabmap]: rtabmap (14): Rate=0.50s, Limit=0.000s, Conversion=0.0042s, RTAB-Map=0.6274s, Maps update=0.0000s pub=0.0000s delay=0.5720s (local map=5, WM=5)
[rtabmap-2] [INFO] [1768953453.391818311] [rtabmap]: rtabmap (15): Rate=0.50s, Limit=0.000s, Conversion=0.0045s, RTAB-Map=0.6219s, Maps update=0.0001s pub=0.0000s delay=0.4670s (local map=5, WM=5)
[rtabmap-2] [INFO] [1768953454.151857517] [rtabmap]: rtabmap (16): Rate=0.50s, Limit=0.000s, Conversion=0.0072s, RTAB-Map=0.5620s, Maps update=0.0000s pub=0.0000s delay=0.4830s (local map=6, WM=6)
[rtabmap-2] [INFO] [1768953454.835333876] [rtabmap]: rtabmap (17): Rate=0.50s, Limit=0.000s, Conversion=0.0034s, RTAB-Map=0.5901s, Maps update=0.0000s pub=0.0000s delay=0.5160s (local map=6, WM=6)
[rtabmap-2] [INFO] [1768953457.591593933] [rtabmap]: rtabmap (18): Rate=0.50s, Limit=0.000s, Conversion=0.0082s, RTAB-Map=0.5282s, Maps update=0.0000s pub=0.0000s delay=0.5480s (local map=7, WM=7)
[rtabmap-2] [INFO] [1768953458.563260915] [rtabmap]: rtabmap (19): Rate=0.50s, Limit=0.000s, Conversion=0.0067s, RTAB-Map=0.5177s, Maps update=0.0000s pub=0.0000s delay=0.4150s (local map=8, WM=8)
[rtabmap-2] [INFO] [1768953459.673349516] [rtabmap]: rtabmap (20): Rate=0.50s, Limit=0.000s, Conversion=0.0024s, RTAB-Map=0.5349s, Maps update=0.0000s pub=0.0000s delay=0.4500s (local map=9, WM=9)
[rtabmap-2] [INFO] [1768953460.884792396] [rtabmap]: rtabmap (21): Rate=0.50s, Limit=0.000s, Conversion=0.0016s, RTAB-Map=0.4141s, Maps update=0.0000s pub=0.0000s delay=0.3410s (local map=10, WM=10)
[rtabmap-2] [INFO] [1768953462.836636194] [rtabmap]: rtabmap (22): Rate=0.50s, Limit=0.000s, Conversion=0.0085s, RTAB-Map=0.4406s, Maps update=0.0001s pub=0.0003s delay=0.3720s (local map=11, WM=11)
[rtabmap-2] [INFO] [1768953465.521273443] [rtabmap]: rtabmap (23): Rate=0.50s, Limit=0.000s, Conversion=0.0005s, RTAB-Map=0.6238s, Maps update=0.0000s pub=0.0000s delay=0.5770s (local map=12, WM=12)
[rtabmap-2] [INFO] [1768953466.576132782] [rtabmap]: rtabmap (24): Rate=0.50s, Limit=0.000s, Conversion=0.0008s, RTAB-Map=0.5775s, Maps update=0.0000s pub=0.0000s delay=0.4850s (local map=13, WM=13)
[rtabmap-2] [INFO] [1768953467.125332545] [rtabmap]: rtabmap (25): Rate=0.50s, Limit=0.000s, Conversion=0.0026s, RTAB-Map=0.4772s, Maps update=0.0001s pub=0.0000s delay=0.4220s (local map=13, WM=13)
[rtabmap-2] [INFO] [1768953470.040357554] [rtabmap]: rtabmap (26): Rate=0.50s, Limit=0.000s, Conversion=0.0005s, RTAB-Map=0.7049s, Maps update=0.0001s pub=0.0000s delay=0.5640s (local map=14, WM=14)
[rtabmap-2] [INFO] [1768953470.827343551] [rtabmap]: rtabmap (27): Rate=0.50s, Limit=0.000s, Conversion=0.0007s, RTAB-Map=0.6829s, Maps update=0.0001s pub=0.0000s delay=0.6120s (local map=14, WM=14)
[rtabmap-2] [INFO] [1768953472.115679505] [rtabmap]: rtabmap (28): Rate=0.50s, Limit=0.000s, Conversion=0.0010s, RTAB-Map=0.6376s, Maps update=0.0000s pub=0.0000s delay=0.4970s (local map=15, WM=15)
[rtabmap-2] [INFO] [1768953474.126493736] [rtabmap]: rtabmap (29): Rate=0.50s, Limit=0.000s, Conversion=0.0006s, RTAB-Map=0.6710s, Maps update=0.0000s pub=0.0000s delay=0.5780s (local map=16, WM=16)
[rtabmap-2] [INFO] [1768953474.933376482] [rtabmap]: rtabmap (30): Rate=0.50s, Limit=0.000s, Conversion=0.0069s, RTAB-Map=0.6188s, Maps update=0.0001s pub=0.0000s delay=0.5780s (local map=16, WM=16)
[rtabmap-2] [INFO] [1768953475.603938911] [rtabmap]: rtabmap (31): Rate=0.50s, Limit=0.000s, Conversion=0.0068s, RTAB-Map=0.5386s, Maps update=0.0000s pub=0.0000s delay=0.4560s (local map=17, WM=17)
[rtabmap-2] [INFO] [1768953477.170438626] [rtabmap]: rtabmap (32): Rate=0.50s, Limit=0.000s, Conversion=0.0036s, RTAB-Map=0.5045s, Maps update=0.0000s pub=0.0000s delay=0.5590s (local map=18, WM=18)
[rtabmap-2] [INFO] [1768953477.901156480] [rtabmap]: rtabmap (33): Rate=0.50s, Limit=0.000s, Conversion=0.0006s, RTAB-Map=0.4145s, Maps update=0.0001s pub=0.0000s delay=0.3450s (local map=18, WM=18)
[rtabmap-2] [INFO] [1768953479.494272150] [rtabmap]: rtabmap (34): Rate=0.50s, Limit=0.000s, Conversion=0.0061s, RTAB-Map=0.6397s, Maps update=0.0000s pub=0.0000s delay=0.5490s (local map=19, WM=19)
[rtabmap-2] [INFO] [1768953480.813375337] [rtabmap]: rtabmap (35): Rate=0.50s, Limit=0.000s, Conversion=0.0009s, RTAB-Map=0.4813s, Maps update=0.0001s pub=0.0000s delay=0.5050s (local map=19, WM=19)
[rtabmap-2] [INFO] [1768953482.265764028] [rtabmap]: rtabmap (36): Rate=0.50s, Limit=0.000s, Conversion=0.0009s, RTAB-Map=0.5056s, Maps update=0.0001s pub=0.0000s delay=0.4680s (local map=19, WM=19)
[rtabmap-2] [INFO] [1768953483.181885685] [rtabmap]: rtabmap (37): Rate=0.50s, Limit=0.000s, Conversion=0.0005s, RTAB-Map=0.4772s, Maps update=0.0001s pub=0.0000s delay=0.4970s (local map=19, WM=19)
[rtabmap-2] [INFO] [1768953484.218968377] [rtabmap]: rtabmap (38): Rate=0.50s, Limit=0.000s, Conversion=0.0014s, RTAB-Map=0.4987s, Maps update=0.0001s pub=0.0000s delay=0.4710s (local map=19, WM=19)
[rtabmap-2] [INFO] [1768953484.885798859] [rclcpp]: signal_handler(signum=2)
[rgbd_sync-1] [INFO] [1768953484.885862109] [rclcpp]: signal_handler(signum=2)
[rtabmap-2] [INFO] [1768953485.126400790] [rtabmap]: rtabmap (39): Rate=0.50s, Limit=0.000s, Conversion=0.0080s, RTAB-Map=0.6369s, Maps update=0.0001s pub=0.0000s delay=0.3040s (local map=19, WM=19)
[rtabmap-2] [INFO] [1768953485.129736578] [rtabmap]: Parameters are not saved (No configuration file provided...)
[INFO] [rgbd_sync-1]: process has finished cleanly [pid 221602]
[rtabmap-2] [33m[ WARN] (2026-01-21 08:57:18.148) Memory.cpp:5917::createSignature() Mem/SaveDepth16Format is set to false to use 32bits format but this is not compatible with the compressed depth format chosen (Mem/DepthCompressionFormat=".rvl"), depth images will be compressed in ".png" format instead. Explicitly set Mem/SaveDepth16Format to true to keep using ".rvl" format and images will be converted to 16bits for convenience (warning: that would remove all depth values over 65 meters). Explicitly set Mem/DepthCompressionFormat=".png" to suppress this warning. This warning is only printed once.[0m
[rtabmap-2] [33m[ WARN] (2026-01-21 08:57:47.123) Memory.cpp:3217::computeTransform() Missing visual features or missing raw data to compute them. Transform cannot be estimated.[0m
[rtabmap-2] rtabmap: Saving database/long-term memory... (located at /home/fujino/.ros/rtabmap_ur5e_20260121_085713.db)
[rtabmap-2] rtabmap: Saving database/long-term memory...done! (located at /home/fujino/.ros/rtabmap_ur5e_20260121_085713.db, 57 MB)
[INFO] [rtabmap-2]: process has finished cleanly [pid 221604]
