[INFO] [launch]: All log files can be found below /home/fujino/.ros/log/2026-01-20-10-25-25-049929-fh-1170181
[INFO] [launch]: Default logging verbosity is set to INFO
[INFO] [rgbd_sync-1]: process started with pid [1170191]
[INFO] [rtabmap-2]: process started with pid [1170193]
[rgbd_sync-1] [INFO] [1768872325.749274946] [rgbd_sync]: rgbd_sync: approx_sync = true
[rgbd_sync-1] [INFO] [1768872325.749677104] [rgbd_sync]: rgbd_sync: approx_sync_max_interval = 0.010000
[rgbd_sync-1] [INFO] [1768872325.749723102] [rgbd_sync]: rgbd_sync: topic_queue_size  = 10
[rgbd_sync-1] [INFO] [1768872325.749738770] [rgbd_sync]: rgbd_sync: sync_queue_size  = 30
[rgbd_sync-1] [INFO] [1768872325.749752442] [rgbd_sync]: rgbd_sync: qos             = 2
[rgbd_sync-1] [INFO] [1768872325.749765918] [rgbd_sync]: rgbd_sync: qos_camera_info = 2
[rgbd_sync-1] [INFO] [1768872325.749779329] [rgbd_sync]: rgbd_sync: depth_scale = 1.000000
[rgbd_sync-1] [INFO] [1768872325.749794844] [rgbd_sync]: rgbd_sync: decimation = 1
[rgbd_sync-1] [INFO] [1768872325.749808140] [rgbd_sync]: rgbd_sync: compressed_rate = 0.000000
[rtabmap-2] [INFO] [1768872325.778261217] [rtabmap]: rtabmap(maps): latch                      = true
[rtabmap-2] [INFO] [1768872325.778561231] [rtabmap]: rtabmap(maps): map_filter_radius          = 0.000000
[rtabmap-2] [INFO] [1768872325.778586628] [rtabmap]: rtabmap(maps): map_filter_angle           = 30.000000
[rtabmap-2] [INFO] [1768872325.778596078] [rtabmap]: rtabmap(maps): map_cleanup                = true
[rtabmap-2] [INFO] [1768872325.778602245] [rtabmap]: rtabmap(maps): map_always_update          = false
[rtabmap-2] [INFO] [1768872325.778608054] [rtabmap]: rtabmap(maps): map_empty_ray_tracing      = true
[rtabmap-2] [INFO] [1768872325.778616193] [rtabmap]: rtabmap(maps): cloud_output_voxelized     = true
[rtabmap-2] [INFO] [1768872325.778622096] [rtabmap]: rtabmap(maps): cloud_subtract_filtering   = false
[rtabmap-2] [INFO] [1768872325.778627816] [rtabmap]: rtabmap(maps): cloud_subtract_filtering_min_neighbors = 2
[rtabmap-2] [INFO] [1768872325.781587066] [rtabmap]: rtabmap(maps): octomap_tree_depth         = 16
[rgbd_sync-1] [INFO] [1768872325.803124516] [rgbd_sync]: 
[rgbd_sync-1] rgbd_sync subscribed to (approx sync, max interval=0.010000s):
[rgbd_sync-1]    /camera/color/image_raw,
[rgbd_sync-1]    /camera/depth/depth/image_raw,
[rgbd_sync-1]    /camera/color/camera_info
[rtabmap-2] [INFO] [1768872325.832825395] [rtabmap]: rtabmap: frame_id      = camera_color_optical_frame
[rtabmap-2] [INFO] [1768872325.832871037] [rtabmap]: rtabmap: odom_frame_id = world
[rtabmap-2] [INFO] [1768872325.832879434] [rtabmap]: rtabmap: map_frame_id  = world
[rtabmap-2] [INFO] [1768872325.832885515] [rtabmap]: rtabmap: log_to_rosout_level  = 4
[rtabmap-2] [INFO] [1768872325.832892387] [rtabmap]: rtabmap: initial_pose  = 
[rtabmap-2] [INFO] [1768872325.832899067] [rtabmap]: rtabmap: use_action_for_goal  = false
[rtabmap-2] [INFO] [1768872325.832906143] [rtabmap]: rtabmap: tf_delay      = 0.050000
[rtabmap-2] [INFO] [1768872325.832920428] [rtabmap]: rtabmap: tf_tolerance  = 0.100000
[rtabmap-2] [INFO] [1768872325.832929054] [rtabmap]: rtabmap: odom_sensor_sync   = false
[rtabmap-2] [INFO] [1768872325.832936287] [rtabmap]: rtabmap: pub_loc_pose_only_when_localizing = false
[rtabmap-2] [INFO] [1768872325.832943746] [rtabmap]: rtabmap: wait_for_transform = 0.200000
[rtabmap-2] [INFO] [1768872325.832952094] [rtabmap]: rtabmap: gen_scan  = false
[rtabmap-2] [INFO] [1768872325.832959314] [rtabmap]: rtabmap: gen_depth  = false
[rtabmap-2] [INFO] [1768872325.873214597] [rtabmap]: Setting RTAB-Map parameter "Grid/3D"="true" (rosparam)
[rtabmap-2] [INFO] [1768872325.878250601] [rtabmap]: Setting RTAB-Map parameter "Grid/RangeMax"="5.0" (rosparam)
[rtabmap-2] [INFO] [1768872325.878470615] [rtabmap]: Setting RTAB-Map parameter "Grid/RayTracing"="true" (rosparam)
[rtabmap-2] [INFO] [1768872325.878866607] [rtabmap]: Setting RTAB-Map parameter "Grid/Sensor"="1" (rosparam)
[rtabmap-2] [INFO] [1768872325.889704619] [rtabmap]: Setting RTAB-Map parameter "RGBD/CreateOccupancyGrid"="true" (rosparam)
[rtabmap-2] [INFO] [1768872325.897203291] [rtabmap]: Setting RTAB-Map parameter "Rtabmap/DetectionRate"="2.0" (rosparam)
[rtabmap-2] [INFO] [1768872326.102237720] [rtabmap]: RTAB-Map detection rate = 2.000000 Hz
[rtabmap-2] [INFO] [1768872326.102411075] [rtabmap]: rtabmap: Using database from "/home/fujino/.ros/rtabmap_ur5e_20260120_102524.db" (0 MB).
[rtabmap-2] [INFO] [1768872326.118558271] [rtabmap]: rtabmap: Database version = "0.22.1".
[rtabmap-2] [INFO] [1768872326.118686888] [rtabmap]: rtabmap: SLAM mode (Mem/IncrementalMemory=true)
[rtabmap-2] [INFO] [1768872326.168397104] [rtabmap]: Setup callbacks
[rtabmap-2] [WARN] [1768872326.168492561] [rtabmap]: rtabmap: Parameters subscribe_depth and subscribe_rgbd cannot be true at the same time. Parameter subscribe_depth is set to false.
[rtabmap-2] [INFO] [1768872326.168780042] [rtabmap]: rtabmap: subscribe_depth = false
[rtabmap-2] [INFO] [1768872326.168814473] [rtabmap]: rtabmap: subscribe_rgb = false
[rtabmap-2] [INFO] [1768872326.168829792] [rtabmap]: rtabmap: subscribe_stereo = false
[rtabmap-2] [INFO] [1768872326.168844457] [rtabmap]: rtabmap: subscribe_rgbd = true (rgbd_cameras=1)
[rtabmap-2] [INFO] [1768872326.168861636] [rtabmap]: rtabmap: subscribe_sensor_data = false
[rtabmap-2] [INFO] [1768872326.168875426] [rtabmap]: rtabmap: subscribe_odom_info = false
[rtabmap-2] [INFO] [1768872326.168889294] [rtabmap]: rtabmap: subscribe_user_data = false
[rtabmap-2] [INFO] [1768872326.168902828] [rtabmap]: rtabmap: subscribe_scan = false
[rtabmap-2] [INFO] [1768872326.168916037] [rtabmap]: rtabmap: subscribe_scan_cloud = false
[rtabmap-2] [INFO] [1768872326.168930022] [rtabmap]: rtabmap: subscribe_scan_descriptor = false
[rtabmap-2] [INFO] [1768872326.168943619] [rtabmap]: rtabmap: topic_queue_size = 10
[rtabmap-2] [INFO] [1768872326.168957800] [rtabmap]: rtabmap: sync_queue_size  = 30
[rtabmap-2] [INFO] [1768872326.168971387] [rtabmap]: rtabmap: qos_image       = 2
[rtabmap-2] [INFO] [1768872326.169029612] [rtabmap]: rtabmap: qos_camera_info = 2
[rtabmap-2] [INFO] [1768872326.169052572] [rtabmap]: rtabmap: qos_scan        = 2
[rtabmap-2] [INFO] [1768872326.169067102] [rtabmap]: rtabmap: qos_odom        = 2
[rtabmap-2] [INFO] [1768872326.169080146] [rtabmap]: rtabmap: qos_user_data   = 2
[rtabmap-2] [INFO] [1768872326.169092768] [rtabmap]: rtabmap: approx_sync     = true
[rtabmap-2] [INFO] [1768872326.169120665] [rtabmap]: Setup rgbd callback
[rtabmap-2] [INFO] [1768872326.170662708] [rtabmap]: 
[rtabmap-2] rtabmap subscribed to:
[rtabmap-2]    /rgbd_image
[rtabmap-2] [INFO] [1768872326.737704743] [rtabmap]: rtabmap (1): Rate=0.50s, Limit=0.000s, Conversion=0.0036s, RTAB-Map=0.4139s, Maps update=0.0001s pub=0.0000s delay=0.4480s (local map=1, WM=1)
[rtabmap-2] [INFO] [1768872327.349050036] [rtabmap]: rtabmap (2): Rate=0.50s, Limit=0.000s, Conversion=0.0015s, RTAB-Map=0.4438s, Maps update=0.0082s pub=0.0005s delay=0.4810s (local map=1, WM=1)
[rtabmap-2] [INFO] [1768872327.836281987] [rtabmap]: rtabmap (3): Rate=0.50s, Limit=0.000s, Conversion=0.0015s, RTAB-Map=0.3762s, Maps update=0.0051s pub=0.0000s delay=0.4170s (local map=1, WM=1)
[rtabmap-2] [INFO] [1768872328.338782257] [rtabmap]: rtabmap (4): Rate=0.50s, Limit=0.000s, Conversion=0.0014s, RTAB-Map=0.3434s, Maps update=0.0042s pub=0.0000s delay=0.3660s (local map=1, WM=1)
[rtabmap-2] [INFO] [1768872328.916670701] [rtabmap]: rtabmap (5): Rate=0.50s, Limit=0.000s, Conversion=0.0006s, RTAB-Map=0.3614s, Maps update=0.0054s pub=0.0000s delay=0.3100s (local map=1, WM=1)
[rtabmap-2] [INFO] [1768872329.505044196] [rtabmap]: rtabmap (6): Rate=0.50s, Limit=0.000s, Conversion=0.0004s, RTAB-Map=0.4017s, Maps update=0.0064s pub=0.0000s delay=0.3780s (local map=1, WM=1)
[rtabmap-2] [INFO] [1768872329.964085283] [rtabmap]: rtabmap (7): Rate=0.50s, Limit=0.000s, Conversion=0.0005s, RTAB-Map=0.3543s, Maps update=0.0080s pub=0.0000s delay=0.3610s (local map=1, WM=1)
[rtabmap-2] [INFO] [1768872330.614072431] [rtabmap]: rtabmap (8): Rate=0.50s, Limit=0.000s, Conversion=0.0005s, RTAB-Map=0.4370s, Maps update=0.0050s pub=0.0001s delay=0.4120s (local map=1, WM=1)
[rtabmap-2] [INFO] [1768872331.227758913] [rtabmap]: rtabmap (9): Rate=0.50s, Limit=0.000s, Conversion=0.0021s, RTAB-Map=0.4442s, Maps update=0.0058s pub=0.0000s delay=0.4100s (local map=1, WM=1)
[rtabmap-2] [INFO] [1768872331.670258171] [rtabmap]: rtabmap (10): Rate=0.50s, Limit=0.000s, Conversion=0.0017s, RTAB-Map=0.3643s, Maps update=0.0060s pub=0.0000s delay=0.3860s (local map=1, WM=1)
[rtabmap-2] [INFO] [1768872332.192740744] [rtabmap]: rtabmap (11): Rate=0.50s, Limit=0.000s, Conversion=0.0012s, RTAB-Map=0.3725s, Maps update=0.0075s pub=0.0000s delay=0.3740s (local map=1, WM=1)
[rtabmap-2] [INFO] [1768872332.635558018] [rtabmap]: rtabmap (12): Rate=0.50s, Limit=0.000s, Conversion=0.0010s, RTAB-Map=0.3074s, Maps update=0.0040s pub=0.0000s delay=0.2700s (local map=1, WM=1)
[rtabmap-2] [INFO] [1768872333.143012473] [rtabmap]: rtabmap (13): Rate=0.50s, Limit=0.000s, Conversion=0.0005s, RTAB-Map=0.3192s, Maps update=0.0035s pub=0.0001s delay=0.3510s (local map=1, WM=1)
[rtabmap-2] [INFO] [1768872333.635235803] [rtabmap]: rtabmap (14): Rate=0.50s, Limit=0.000s, Conversion=0.0006s, RTAB-Map=0.2793s, Maps update=0.0053s pub=0.0000s delay=0.2330s (local map=1, WM=1)
[rtabmap-2] [INFO] [1768872334.250906343] [rtabmap]: rtabmap (15): Rate=0.50s, Limit=0.000s, Conversion=0.0006s, RTAB-Map=0.3913s, Maps update=0.0071s pub=0.0000s delay=0.4260s (local map=1, WM=1)
[rtabmap-2] [INFO] [1768872334.763122145] [rtabmap]: rtabmap (16): Rate=0.50s, Limit=0.000s, Conversion=0.0009s, RTAB-Map=0.3471s, Maps update=0.0078s pub=0.0002s delay=0.3710s (local map=2, WM=2)
[rtabmap-2] [INFO] [1768872335.250925393] [rtabmap]: rtabmap (17): Rate=0.50s, Limit=0.000s, Conversion=0.0005s, RTAB-Map=0.3047s, Maps update=0.0044s pub=0.0000s delay=0.3520s (local map=2, WM=2)
[rtabmap-2] [INFO] [1768872335.930377147] [rtabmap]: rtabmap (18): Rate=0.50s, Limit=0.000s, Conversion=0.0004s, RTAB-Map=0.3223s, Maps update=0.0080s pub=0.0000s delay=0.2700s (local map=2, WM=2)
[rtabmap-2] [INFO] [1768872336.499052411] [rtabmap]: rtabmap (19): Rate=0.50s, Limit=0.000s, Conversion=0.0004s, RTAB-Map=0.3214s, Maps update=0.0062s pub=0.0003s delay=0.3200s (local map=3, WM=3)
[rtabmap-2] [INFO] [1768872337.033741824] [rtabmap]: rtabmap (20): Rate=0.50s, Limit=0.000s, Conversion=0.0019s, RTAB-Map=0.3289s, Maps update=0.0058s pub=0.0000s delay=0.3000s (local map=3, WM=3)
[rtabmap-2] [INFO] [1768872337.608519954] [rtabmap]: rtabmap (21): Rate=0.50s, Limit=0.000s, Conversion=0.0005s, RTAB-Map=0.3983s, Maps update=0.0051s pub=0.0000s delay=0.3910s (local map=3, WM=3)
[rtabmap-2] [INFO] [1768872338.027509205] [rtabmap]: rtabmap (22): Rate=0.50s, Limit=0.000s, Conversion=0.0005s, RTAB-Map=0.3124s, Maps update=0.0037s pub=0.0002s delay=0.2880s (local map=4, WM=4)
[rtabmap-2] [INFO] [1768872338.619756180] [rtabmap]: rtabmap (23): Rate=0.50s, Limit=0.000s, Conversion=0.0008s, RTAB-Map=0.4037s, Maps update=0.0080s pub=0.0000s delay=0.3870s (local map=4, WM=4)
[rtabmap-2] [INFO] [1768872339.032978421] [rtabmap]: rtabmap (24): Rate=0.50s, Limit=0.000s, Conversion=0.0009s, RTAB-Map=0.3197s, Maps update=0.0059s pub=0.0000s delay=0.2820s (local map=4, WM=4)
[rtabmap-2] [INFO] [1768872339.636045122] [rtabmap]: rtabmap (25): Rate=0.50s, Limit=0.000s, Conversion=0.0005s, RTAB-Map=0.3827s, Maps update=0.0025s pub=0.0005s delay=0.3550s (local map=5, WM=5)
[rtabmap-2] [INFO] [1768872340.248631629] [rtabmap]: rtabmap (26): Rate=0.50s, Limit=0.000s, Conversion=0.0008s, RTAB-Map=0.3849s, Maps update=0.0049s pub=0.0000s delay=0.3410s (local map=5, WM=5)
[rtabmap-2] [INFO] [1768872340.761646723] [rtabmap]: rtabmap (27): Rate=0.50s, Limit=0.000s, Conversion=0.0015s, RTAB-Map=0.3783s, Maps update=0.0045s pub=0.0000s delay=0.4080s (local map=5, WM=5)
[rtabmap-2] [INFO] [1768872341.397548786] [rtabmap]: rtabmap (28): Rate=0.50s, Limit=0.000s, Conversion=0.0010s, RTAB-Map=0.4630s, Maps update=0.0039s pub=0.0005s delay=0.4670s (local map=6, WM=6)
[rtabmap-2] [INFO] [1768872341.830782484] [rtabmap]: rtabmap (29): Rate=0.50s, Limit=0.000s, Conversion=0.0005s, RTAB-Map=0.4026s, Maps update=0.0037s pub=0.0000s delay=0.3590s (local map=6, WM=6)
[rtabmap-2] [INFO] [1768872342.393524687] [rtabmap]: rtabmap (30): Rate=0.50s, Limit=0.000s, Conversion=0.0006s, RTAB-Map=0.3799s, Maps update=0.0043s pub=0.0000s delay=0.3760s (local map=6, WM=6)
[rtabmap-2] [INFO] [1768872342.946127333] [rtabmap]: rtabmap (31): Rate=0.50s, Limit=0.000s, Conversion=0.0007s, RTAB-Map=0.4008s, Maps update=0.0043s pub=0.0005s delay=0.3510s (local map=7, WM=7)
[rtabmap-2] [INFO] [1768872343.601774678] [rtabmap]: rtabmap (32): Rate=0.50s, Limit=0.000s, Conversion=0.0005s, RTAB-Map=0.3771s, Maps update=0.0041s pub=0.0000s delay=0.3890s (local map=7, WM=7)
[rtabmap-2] [INFO] [1768872344.025197664] [rtabmap]: rtabmap (33): Rate=0.50s, Limit=0.000s, Conversion=0.0009s, RTAB-Map=0.3084s, Maps update=0.0026s pub=0.0004s delay=0.2840s (local map=8, WM=8)
[rtabmap-2] [INFO] [1768872344.587602718] [rtabmap]: rtabmap (34): Rate=0.50s, Limit=0.000s, Conversion=0.0004s, RTAB-Map=0.3441s, Maps update=0.0047s pub=0.0000s delay=0.3690s (local map=8, WM=8)
[rtabmap-2] [INFO] [1768872345.171684508] [rtabmap]: rtabmap (35): Rate=0.50s, Limit=0.000s, Conversion=0.0005s, RTAB-Map=0.3793s, Maps update=0.0050s pub=0.0005s delay=0.4300s (local map=9, WM=9)
[rtabmap-2] [INFO] [1768872345.614242787] [rtabmap]: rtabmap (36): Rate=0.50s, Limit=0.000s, Conversion=0.0005s, RTAB-Map=0.3153s, Maps update=0.0030s pub=0.0000s delay=0.3300s (local map=9, WM=9)
[rtabmap-2] [INFO] [1768872346.283163601] [rtabmap]: rtabmap (37): Rate=0.50s, Limit=0.000s, Conversion=0.0007s, RTAB-Map=0.4636s, Maps update=0.0056s pub=0.0006s delay=0.4970s (local map=10, WM=10)
[rtabmap-2] [INFO] [1768872346.821423609] [rtabmap]: rtabmap (38): Rate=0.50s, Limit=0.000s, Conversion=0.0006s, RTAB-Map=0.4619s, Maps update=0.0051s pub=0.0006s delay=0.4530s (local map=11, WM=11)
[rtabmap-2] [INFO] [1768872347.342705884] [rtabmap]: rtabmap (39): Rate=0.50s, Limit=0.000s, Conversion=0.0009s, RTAB-Map=0.3894s, Maps update=0.0033s pub=0.0000s delay=0.3710s (local map=11, WM=11)
[rtabmap-2] [INFO] [1768872347.870632492] [rtabmap]: rtabmap (40): Rate=0.50s, Limit=0.000s, Conversion=0.0011s, RTAB-Map=0.3700s, Maps update=0.0063s pub=0.0006s delay=0.3150s (local map=12, WM=12)
[rtabmap-2] [INFO] [1768872348.353079598] [rtabmap]: rtabmap (41): Rate=0.50s, Limit=0.000s, Conversion=0.0007s, RTAB-Map=0.3320s, Maps update=0.0037s pub=0.0000s delay=0.3070s (local map=12, WM=12)
[rtabmap-2] [INFO] [1768872348.929334696] [rtabmap]: rtabmap (42): Rate=0.50s, Limit=0.000s, Conversion=0.0007s, RTAB-Map=0.3729s, Maps update=0.0039s pub=0.0004s delay=0.3560s (local map=13, WM=13)
[rtabmap-2] [INFO] [1768872349.440161116] [rtabmap]: rtabmap (43): Rate=0.50s, Limit=0.000s, Conversion=0.0013s, RTAB-Map=0.3760s, Maps update=0.0030s pub=0.0000s delay=0.3510s (local map=13, WM=13)
[rtabmap-2] [INFO] [1768872350.002623680] [rtabmap]: rtabmap (44): Rate=0.50s, Limit=0.000s, Conversion=0.0005s, RTAB-Map=0.3668s, Maps update=0.0052s pub=0.0004s delay=0.4010s (local map=14, WM=14)
[rtabmap-2] [INFO] [1768872350.613819526] [rtabmap]: rtabmap (45): Rate=0.50s, Limit=0.000s, Conversion=0.0004s, RTAB-Map=0.3649s, Maps update=0.0036s pub=0.0000s delay=0.3920s (local map=14, WM=14)
[rtabmap-2] [INFO] [1768872351.205110614] [rtabmap]: rtabmap (46): Rate=0.50s, Limit=0.000s, Conversion=0.0010s, RTAB-Map=0.3456s, Maps update=0.0043s pub=0.0004s delay=0.3760s (local map=15, WM=15)
[rtabmap-2] [INFO] [1768872351.713138310] [rtabmap]: rtabmap (47): Rate=0.50s, Limit=0.000s, Conversion=0.0005s, RTAB-Map=0.3548s, Maps update=0.0040s pub=0.0000s delay=0.3580s (local map=15, WM=15)
[rtabmap-2] [INFO] [1768872352.290474972] [rtabmap]: rtabmap (48): Rate=0.50s, Limit=0.000s, Conversion=0.0004s, RTAB-Map=0.3449s, Maps update=0.0020s pub=0.0004s delay=0.3930s (local map=16, WM=16)
[rtabmap-2] [INFO] [1768872352.751501420] [rtabmap]: rtabmap (49): Rate=0.50s, Limit=0.000s, Conversion=0.0005s, RTAB-Map=0.2848s, Maps update=0.0037s pub=0.0001s delay=0.2640s (local map=16, WM=16)
[rtabmap-2] [INFO] [1768872353.311815927] [rtabmap]: rtabmap (50): Rate=0.50s, Limit=0.000s, Conversion=0.0005s, RTAB-Map=0.3395s, Maps update=0.0033s pub=0.0000s delay=0.3570s (local map=16, WM=16)
[rtabmap-2] [INFO] [1768872353.877083764] [rtabmap]: rtabmap (51): Rate=0.50s, Limit=0.000s, Conversion=0.0006s, RTAB-Map=0.3565s, Maps update=0.0044s pub=0.0001s delay=0.3200s (local map=16, WM=16)
[rtabmap-2] [INFO] [1768872354.458452059] [rtabmap]: rtabmap (52): Rate=0.50s, Limit=0.000s, Conversion=0.0007s, RTAB-Map=0.3250s, Maps update=0.0040s pub=0.0000s delay=0.3090s (local map=16, WM=16)
[rtabmap-2] [INFO] [1768872354.981374574] [rtabmap]: rtabmap (53): Rate=0.50s, Limit=0.000s, Conversion=0.0015s, RTAB-Map=0.3282s, Maps update=0.0044s pub=0.0000s delay=0.2820s (local map=16, WM=16)
[rtabmap-2] [INFO] [1768872355.605773304] [rtabmap]: rtabmap (54): Rate=0.50s, Limit=0.000s, Conversion=0.0008s, RTAB-Map=0.4325s, Maps update=0.0037s pub=0.0000s delay=0.4490s (local map=16, WM=16)
[rtabmap-2] [INFO] [1768872356.086613518] [rtabmap]: rtabmap (55): Rate=0.50s, Limit=0.000s, Conversion=0.0005s, RTAB-Map=0.3097s, Maps update=0.0025s pub=0.0008s delay=0.2460s (local map=17, WM=17)
[rtabmap-2] [INFO] [1768872356.654569801] [rtabmap]: rtabmap (56): Rate=0.50s, Limit=0.000s, Conversion=0.0005s, RTAB-Map=0.3583s, Maps update=0.0040s pub=0.0000s delay=0.3250s (local map=17, WM=17)
[rtabmap-2] [INFO] [1768872357.343138176] [rtabmap]: rtabmap (57): Rate=0.50s, Limit=0.000s, Conversion=0.0007s, RTAB-Map=0.3954s, Maps update=0.0035s pub=0.0000s delay=0.3920s (local map=17, WM=17)
[rtabmap-2] [INFO] [1768872357.874899199] [rtabmap]: rtabmap (58): Rate=0.50s, Limit=0.000s, Conversion=0.0007s, RTAB-Map=0.3565s, Maps update=0.0056s pub=0.0008s delay=0.3200s (local map=18, WM=18)
[rtabmap-2] [INFO] [1768872358.637768849] [rtabmap]: rtabmap (59): Rate=0.50s, Limit=0.000s, Conversion=0.0005s, RTAB-Map=0.3758s, Maps update=0.0051s pub=0.0009s delay=0.3690s (local map=19, WM=19)
[rtabmap-2] [INFO] [1768872359.230670703] [rtabmap]: rtabmap (60): Rate=0.50s, Limit=0.000s, Conversion=0.0013s, RTAB-Map=0.2847s, Maps update=0.0025s pub=0.0000s delay=0.2990s (local map=19, WM=19)
[rtabmap-2] [INFO] [1768872359.848110179] [rtabmap]: rtabmap (61): Rate=0.50s, Limit=0.000s, Conversion=0.0011s, RTAB-Map=0.3820s, Maps update=0.0037s pub=0.0000s delay=0.3770s (local map=19, WM=19)
[rtabmap-2] [INFO] [1768872360.391218124] [rtabmap]: rtabmap (62): Rate=0.50s, Limit=0.000s, Conversion=0.0005s, RTAB-Map=0.3399s, Maps update=0.0056s pub=0.0006s delay=0.3000s (local map=20, WM=20)
[rtabmap-2] [INFO] [1768872360.941660652] [rtabmap]: rtabmap (63): Rate=0.50s, Limit=0.000s, Conversion=0.0004s, RTAB-Map=0.3609s, Maps update=0.0059s pub=0.0000s delay=0.3740s (local map=20, WM=20)
[rtabmap-2] [INFO] [1768872361.447189204] [rtabmap]: rtabmap (64): Rate=0.50s, Limit=0.000s, Conversion=0.0006s, RTAB-Map=0.3300s, Maps update=0.0033s pub=0.0000s delay=0.3340s (local map=20, WM=20)
[rtabmap-2] [INFO] [1768872362.006278884] [rtabmap]: rtabmap (65): Rate=0.50s, Limit=0.000s, Conversion=0.0008s, RTAB-Map=0.3658s, Maps update=0.0053s pub=0.0005s delay=0.4190s (local map=21, WM=21)
[rtabmap-2] [INFO] [1768872362.486764050] [rtabmap]: rtabmap (66): Rate=0.50s, Limit=0.000s, Conversion=0.0007s, RTAB-Map=0.3274s, Maps update=0.0038s pub=0.0000s delay=0.3010s (local map=21, WM=21)
[rtabmap-2] [INFO] [1768872363.073596995] [rtabmap]: rtabmap (67): Rate=0.50s, Limit=0.000s, Conversion=0.0012s, RTAB-Map=0.4072s, Maps update=0.0053s pub=0.0001s delay=0.3880s (local map=21, WM=21)
[rtabmap-2] [INFO] [1768872363.547710619] [rtabmap]: rtabmap (68): Rate=0.50s, Limit=0.000s, Conversion=0.0013s, RTAB-Map=0.3535s, Maps update=0.0052s pub=0.0001s delay=0.3600s (local map=21, WM=21)
[rtabmap-2] [INFO] [1768872364.016637386] [rtabmap]: rtabmap (69): Rate=0.50s, Limit=0.000s, Conversion=0.0006s, RTAB-Map=0.3007s, Maps update=0.0051s pub=0.0000s delay=0.3520s (local map=21, WM=21)
[rtabmap-2] [INFO] [1768872364.559304111] [rtabmap]: rtabmap (70): Rate=0.50s, Limit=0.000s, Conversion=0.0010s, RTAB-Map=0.3273s, Maps update=0.0056s pub=0.0000s delay=0.3300s (local map=21, WM=21)
[rtabmap-2] [INFO] [1768872365.112776257] [rtabmap]: rtabmap (71): Rate=0.50s, Limit=0.000s, Conversion=0.0007s, RTAB-Map=0.3211s, Maps update=0.0050s pub=0.0000s delay=0.3610s (local map=21, WM=21)
[rtabmap-2] [INFO] [1768872365.587507447] [rtabmap]: rtabmap (72): Rate=0.50s, Limit=0.000s, Conversion=0.0006s, RTAB-Map=0.2832s, Maps update=0.0035s pub=0.0000s delay=0.2600s (local map=21, WM=21)
[rtabmap-2] [INFO] [1768872365.692520619] [rclcpp]: signal_handler(signum=2)
[rgbd_sync-1] [INFO] [1768872365.692553503] [rclcpp]: signal_handler(signum=2)
[rtabmap-2] [INFO] [1768872365.702870895] [rtabmap]: Parameters are not saved (No configuration file provided...)
[INFO] [rgbd_sync-1]: process has finished cleanly [pid 1170191]
[rtabmap-2] [33m[ WARN] (2026-01-20 10:25:26.342) Memory.cpp:5917::createSignature() Mem/SaveDepth16Format is set to false to use 32bits format but this is not compatible with the compressed depth format chosen (Mem/DepthCompressionFormat=".rvl"), depth images will be compressed in ".png" format instead. Explicitly set Mem/SaveDepth16Format to true to keep using ".rvl" format and images will be converted to 16bits for convenience (warning: that would remove all depth values over 65 meters). Explicitly set Mem/DepthCompressionFormat=".png" to suppress this warning. This warning is only printed once.[0m
[rtabmap-2] [33m[ WARN] (2026-01-20 10:25:27.348) MapsManager.cpp:863::publishMaps() Graph has changed! The whole cloud is regenerated.[0m
[rtabmap-2] [33m[ WARN] (2026-01-20 10:25:57.867) Rtabmap.cpp:3069::process() Rejected loop closure 19 -> 58: Not enough inliers 15/20 (matches=44) between 19 and 58[0m
[rtabmap-2] rtabmap: Saving database/long-term memory... (located at /home/fujino/.ros/rtabmap_ur5e_20260120_102524.db)
[rtabmap-2] rtabmap: Saving database/long-term memory...done! (located at /home/fujino/.ros/rtabmap_ur5e_20260120_102524.db, 108 MB)
[INFO] [rtabmap-2]: process has finished cleanly [pid 1170193]
