[INFO] [launch]: All log files can be found below /home/fujino/.ros/log/2026-01-21-11-46-59-761554-fh-230237
[INFO] [launch]: Default logging verbosity is set to INFO
[INFO] [rgbd_sync-1]: process started with pid [230243]
[INFO] [rtabmap-2]: process started with pid [230245]
[rgbd_sync-1] [INFO] [1768963620.427512168] [rgbd_sync]: rgbd_sync: approx_sync = true
[rgbd_sync-1] [INFO] [1768963620.427799439] [rgbd_sync]: rgbd_sync: approx_sync_max_interval = 0.010000
[rgbd_sync-1] [INFO] [1768963620.427830286] [rgbd_sync]: rgbd_sync: topic_queue_size  = 10
[rgbd_sync-1] [INFO] [1768963620.427838133] [rgbd_sync]: rgbd_sync: sync_queue_size  = 30
[rgbd_sync-1] [INFO] [1768963620.427844541] [rgbd_sync]: rgbd_sync: qos             = 2
[rgbd_sync-1] [INFO] [1768963620.427851388] [rgbd_sync]: rgbd_sync: qos_camera_info = 2
[rgbd_sync-1] [INFO] [1768963620.427858476] [rgbd_sync]: rgbd_sync: depth_scale = 1.000000
[rgbd_sync-1] [INFO] [1768963620.427874369] [rgbd_sync]: rgbd_sync: decimation = 1
[rgbd_sync-1] [INFO] [1768963620.427882550] [rgbd_sync]: rgbd_sync: compressed_rate = 0.000000
[rgbd_sync-1] [INFO] [1768963620.451515558] [rgbd_sync]: 
[rgbd_sync-1] rgbd_sync subscribed to (approx sync, max interval=0.010000s):
[rgbd_sync-1]    /camera/color/image_raw,
[rgbd_sync-1]    /camera/depth/depth/image_raw,
[rgbd_sync-1]    /camera/color/camera_info
[rtabmap-2] [INFO] [1768963620.452804553] [rtabmap]: rtabmap(maps): latch                      = true
[rtabmap-2] [INFO] [1768963620.453897800] [rtabmap]: rtabmap(maps): map_filter_radius          = 0.000000
[rtabmap-2] [INFO] [1768963620.453937901] [rtabmap]: rtabmap(maps): map_filter_angle           = 30.000000
[rtabmap-2] [INFO] [1768963620.453949566] [rtabmap]: rtabmap(maps): map_cleanup                = true
[rtabmap-2] [INFO] [1768963620.453956798] [rtabmap]: rtabmap(maps): map_always_update          = false
[rtabmap-2] [INFO] [1768963620.453963831] [rtabmap]: rtabmap(maps): map_empty_ray_tracing      = true
[rtabmap-2] [INFO] [1768963620.453971322] [rtabmap]: rtabmap(maps): cloud_output_voxelized     = true
[rtabmap-2] [INFO] [1768963620.453978894] [rtabmap]: rtabmap(maps): cloud_subtract_filtering   = false
[rtabmap-2] [INFO] [1768963620.453986490] [rtabmap]: rtabmap(maps): cloud_subtract_filtering_min_neighbors = 2
[rtabmap-2] [INFO] [1768963620.455523947] [rtabmap]: rtabmap(maps): octomap_tree_depth         = 16
[rtabmap-2] [INFO] [1768963620.549182690] [rtabmap]: rtabmap: frame_id      = camera_color_optical_frame
[rtabmap-2] [INFO] [1768963620.549240644] [rtabmap]: rtabmap: odom_frame_id = world
[rtabmap-2] [INFO] [1768963620.549259054] [rtabmap]: rtabmap: map_frame_id  = world
[rtabmap-2] [INFO] [1768963620.549273099] [rtabmap]: rtabmap: log_to_rosout_level  = 4
[rtabmap-2] [INFO] [1768963620.549288878] [rtabmap]: rtabmap: initial_pose  = 
[rtabmap-2] [INFO] [1768963620.549302266] [rtabmap]: rtabmap: use_action_for_goal  = false
[rtabmap-2] [INFO] [1768963620.549316202] [rtabmap]: rtabmap: tf_delay      = 0.050000
[rtabmap-2] [INFO] [1768963620.549338105] [rtabmap]: rtabmap: tf_tolerance  = 0.100000
[rtabmap-2] [INFO] [1768963620.549354736] [rtabmap]: rtabmap: odom_sensor_sync   = false
[rtabmap-2] [INFO] [1768963620.549369181] [rtabmap]: rtabmap: pub_loc_pose_only_when_localizing = false
[rtabmap-2] [INFO] [1768963620.549382734] [rtabmap]: rtabmap: wait_for_transform = 0.200000
[rtabmap-2] [INFO] [1768963620.549398547] [rtabmap]: rtabmap: gen_scan  = false
[rtabmap-2] [INFO] [1768963620.549411350] [rtabmap]: rtabmap: gen_depth  = false
[rtabmap-2] [INFO] [1768963620.595933757] [rtabmap]: Setting RTAB-Map parameter "Grid/3D"="true" (rosparam)
[rtabmap-2] [INFO] [1768963620.600803349] [rtabmap]: Setting RTAB-Map parameter "Grid/RangeMax"="5.0" (rosparam)
[rtabmap-2] [INFO] [1768963620.601320415] [rtabmap]: Setting RTAB-Map parameter "Grid/RayTracing"="true" (rosparam)
[rtabmap-2] [INFO] [1768963620.602625030] [rtabmap]: Setting RTAB-Map parameter "Grid/Sensor"="1" (rosparam)
[rtabmap-2] [INFO] [1768963620.629536652] [rtabmap]: Setting RTAB-Map parameter "RGBD/CreateOccupancyGrid"="true" (rosparam)
[rtabmap-2] [INFO] [1768963620.637442339] [rtabmap]: Setting RTAB-Map parameter "Rtabmap/DetectionRate"="2.0" (rosparam)
[rtabmap-2] [INFO] [1768963620.832180370] [rtabmap]: RTAB-Map detection rate = 2.000000 Hz
[rtabmap-2] [INFO] [1768963620.832362530] [rtabmap]: rtabmap: Using database from "/home/fujino/.ros/rtabmap_ur5e_20260121_114659.db" (0 MB).
[rtabmap-2] [INFO] [1768963620.865775639] [rtabmap]: rtabmap: Database version = "0.22.1".
[rtabmap-2] [INFO] [1768963620.865851334] [rtabmap]: rtabmap: SLAM mode (Mem/IncrementalMemory=true)
[rtabmap-2] [INFO] [1768963620.911622894] [rtabmap]: Setup callbacks
[rtabmap-2] [WARN] [1768963620.911709645] [rtabmap]: rtabmap: Parameters subscribe_depth and subscribe_rgbd cannot be true at the same time. Parameter subscribe_depth is set to false.
[rtabmap-2] [INFO] [1768963620.912047646] [rtabmap]: rtabmap: subscribe_depth = false
[rtabmap-2] [INFO] [1768963620.912081855] [rtabmap]: rtabmap: subscribe_rgb = false
[rtabmap-2] [INFO] [1768963620.912098521] [rtabmap]: rtabmap: subscribe_stereo = false
[rtabmap-2] [INFO] [1768963620.912113176] [rtabmap]: rtabmap: subscribe_rgbd = true (rgbd_cameras=1)
[rtabmap-2] [INFO] [1768963620.912128832] [rtabmap]: rtabmap: subscribe_sensor_data = false
[rtabmap-2] [INFO] [1768963620.912142729] [rtabmap]: rtabmap: subscribe_odom_info = false
[rtabmap-2] [INFO] [1768963620.912155896] [rtabmap]: rtabmap: subscribe_user_data = false
[rtabmap-2] [INFO] [1768963620.912185838] [rtabmap]: rtabmap: subscribe_scan = false
[rtabmap-2] [INFO] [1768963620.912199769] [rtabmap]: rtabmap: subscribe_scan_cloud = false
[rtabmap-2] [INFO] [1768963620.912213039] [rtabmap]: rtabmap: subscribe_scan_descriptor = false
[rtabmap-2] [INFO] [1768963620.912226187] [rtabmap]: rtabmap: topic_queue_size = 10
[rtabmap-2] [INFO] [1768963620.912240365] [rtabmap]: rtabmap: sync_queue_size  = 30
[rtabmap-2] [INFO] [1768963620.912253930] [rtabmap]: rtabmap: qos_image       = 2
[rtabmap-2] [INFO] [1768963620.912311134] [rtabmap]: rtabmap: qos_camera_info = 2
[rtabmap-2] [INFO] [1768963620.912329494] [rtabmap]: rtabmap: qos_scan        = 2
[rtabmap-2] [INFO] [1768963620.912343468] [rtabmap]: rtabmap: qos_odom        = 2
[rtabmap-2] [INFO] [1768963620.912356757] [rtabmap]: rtabmap: qos_user_data   = 2
[rtabmap-2] [INFO] [1768963620.912369880] [rtabmap]: rtabmap: approx_sync     = true
[rtabmap-2] [INFO] [1768963620.912398113] [rtabmap]: Setup rgbd callback
[rtabmap-2] [INFO] [1768963620.913796615] [rtabmap]: 
[rtabmap-2] rtabmap subscribed to:
[rtabmap-2]    /rgbd_image
[rtabmap-2] [INFO] [1768963622.238931249] [rtabmap]: rtabmap (1): Rate=0.50s, Limit=0.000s, Conversion=0.0040s, RTAB-Map=0.3844s, Maps update=0.0001s pub=0.0000s delay=0.4000s (local map=1, WM=1)
[rtabmap-2] [INFO] [1768963622.785177977] [rtabmap]: rtabmap (2): Rate=0.50s, Limit=0.000s, Conversion=0.0022s, RTAB-Map=0.4086s, Maps update=0.0001s pub=0.0000s delay=0.4120s (local map=1, WM=1)
[rtabmap-2] [INFO] [1768963623.421356136] [rtabmap]: rtabmap (3): Rate=0.50s, Limit=0.000s, Conversion=0.0021s, RTAB-Map=0.4020s, Maps update=0.0001s pub=0.0000s delay=0.3850s (local map=1, WM=1)
[rtabmap-2] [INFO] [1768963624.002055592] [rtabmap]: rtabmap (4): Rate=0.50s, Limit=0.000s, Conversion=0.0006s, RTAB-Map=0.4080s, Maps update=0.0000s pub=0.0000s delay=0.3930s (local map=1, WM=1)
[rtabmap-2] [INFO] [1768963624.589167107] [rtabmap]: rtabmap (5): Rate=0.50s, Limit=0.000s, Conversion=0.0017s, RTAB-Map=0.4675s, Maps update=0.0001s pub=0.0000s delay=0.4650s (local map=1, WM=1)
[rtabmap-2] [INFO] [1768963625.043513252] [rtabmap]: rtabmap (6): Rate=0.50s, Limit=0.000s, Conversion=0.0009s, RTAB-Map=0.3688s, Maps update=0.0001s pub=0.0000s delay=0.3110s (local map=1, WM=1)
[rtabmap-2] [INFO] [1768963625.640236705] [rtabmap]: rtabmap (7): Rate=0.50s, Limit=0.000s, Conversion=0.0022s, RTAB-Map=0.4020s, Maps update=0.0000s pub=0.0000s delay=0.3670s (local map=1, WM=1)
[rtabmap-2] [INFO] [1768963626.222095953] [rtabmap]: rtabmap (8): Rate=0.50s, Limit=0.000s, Conversion=0.0022s, RTAB-Map=0.4239s, Maps update=0.0001s pub=0.0000s delay=0.4020s (local map=1, WM=1)
[rtabmap-2] [INFO] [1768963626.738339435] [rtabmap]: rtabmap (9): Rate=0.50s, Limit=0.000s, Conversion=0.0014s, RTAB-Map=0.3963s, Maps update=0.0001s pub=0.0000s delay=0.3480s (local map=1, WM=1)
[rtabmap-2] [INFO] [1768963627.372894006] [rtabmap]: rtabmap (10): Rate=0.50s, Limit=0.000s, Conversion=0.0006s, RTAB-Map=0.4393s, Maps update=0.0001s pub=0.0000s delay=0.4700s (local map=1, WM=1)
[rtabmap-2] [INFO] [1768963627.962731775] [rtabmap]: rtabmap (11): Rate=0.50s, Limit=0.000s, Conversion=0.0070s, RTAB-Map=0.4540s, Maps update=0.0001s pub=0.0000s delay=0.4160s (local map=1, WM=1)
[rtabmap-2] [INFO] [1768963628.398850358] [rtabmap]: rtabmap (12): Rate=0.50s, Limit=0.000s, Conversion=0.0009s, RTAB-Map=0.3816s, Maps update=0.0001s pub=0.0000s delay=0.3930s (local map=1, WM=1)
[rtabmap-2] [INFO] [1768963628.922506581] [rtabmap]: rtabmap (13): Rate=0.50s, Limit=0.000s, Conversion=0.0008s, RTAB-Map=0.3767s, Maps update=0.0001s pub=0.0000s delay=0.3510s (local map=1, WM=1)
[rtabmap-2] [INFO] [1768963629.375901889] [rtabmap]: rtabmap (14): Rate=0.50s, Limit=0.000s, Conversion=0.0005s, RTAB-Map=0.3076s, Maps update=0.0000s pub=0.0000s delay=0.3340s (local map=1, WM=1)
[rtabmap-2] [INFO] [1768963629.879806755] [rtabmap]: rtabmap (15): Rate=0.50s, Limit=0.000s, Conversion=0.0005s, RTAB-Map=0.2931s, Maps update=0.0000s pub=0.0000s delay=0.3230s (local map=2, WM=2)
[rtabmap-2] [INFO] [1768963630.456477263] [rtabmap]: rtabmap (16): Rate=0.50s, Limit=0.000s, Conversion=0.0006s, RTAB-Map=0.3713s, Maps update=0.0001s pub=0.0000s delay=0.3130s (local map=2, WM=2)
[rtabmap-2] [INFO] [1768963631.120071264] [rtabmap]: rtabmap (17): Rate=0.50s, Limit=0.000s, Conversion=0.0008s, RTAB-Map=0.4699s, Maps update=0.0001s pub=0.0000s delay=0.4520s (local map=2, WM=2)
[rtabmap-2] [INFO] [1768963631.663286524] [rtabmap]: rtabmap (18): Rate=0.50s, Limit=0.000s, Conversion=0.0022s, RTAB-Map=0.4513s, Maps update=0.0000s pub=0.0000s delay=0.5120s (local map=3, WM=3)
[rtabmap-2] [INFO] [1768963632.069826233] [rtabmap]: rtabmap (19): Rate=0.50s, Limit=0.000s, Conversion=0.0005s, RTAB-Map=0.3223s, Maps update=0.0000s pub=0.0000s delay=0.3680s (local map=3, WM=3)
[rtabmap-2] [INFO] [1768963632.732715414] [rtabmap]: rtabmap (20): Rate=0.50s, Limit=0.000s, Conversion=0.0011s, RTAB-Map=0.4547s, Maps update=0.0001s pub=0.0000s delay=0.4380s (local map=3, WM=3)
[rtabmap-2] [INFO] [1768963633.141611591] [rtabmap]: rtabmap (21): Rate=0.50s, Limit=0.000s, Conversion=0.0008s, RTAB-Map=0.3510s, Maps update=0.0000s pub=0.0000s delay=0.3090s (local map=4, WM=4)
[rtabmap-2] [INFO] [1768963633.846607164] [rtabmap]: rtabmap (22): Rate=0.50s, Limit=0.000s, Conversion=0.0007s, RTAB-Map=0.4279s, Maps update=0.0001s pub=0.0000s delay=0.4010s (local map=4, WM=4)
[rtabmap-2] [INFO] [1768963634.392857514] [rtabmap]: rtabmap (23): Rate=0.50s, Limit=0.000s, Conversion=0.0005s, RTAB-Map=0.4467s, Maps update=0.0001s pub=0.0000s delay=0.4800s (local map=4, WM=4)
[rtabmap-2] [INFO] [1768963634.862730190] [rtabmap]: rtabmap (24): Rate=0.50s, Limit=0.000s, Conversion=0.0007s, RTAB-Map=0.4202s, Maps update=0.0000s pub=0.0000s delay=0.3630s (local map=5, WM=5)
[rtabmap-2] [INFO] [1768963635.479929058] [rtabmap]: rtabmap (25): Rate=0.50s, Limit=0.000s, Conversion=0.0005s, RTAB-Map=0.4550s, Maps update=0.0001s pub=0.0000s delay=0.5110s (local map=5, WM=5)
[rtabmap-2] [INFO] [1768963635.920906005] [rtabmap]: rtabmap (26): Rate=0.50s, Limit=0.000s, Conversion=0.0008s, RTAB-Map=0.3957s, Maps update=0.0001s pub=0.0000s delay=0.3990s (local map=5, WM=5)
[rtabmap-2] [INFO] [1768963636.445572544] [rtabmap]: rtabmap (27): Rate=0.50s, Limit=0.000s, Conversion=0.0007s, RTAB-Map=0.3898s, Maps update=0.0000s pub=0.0000s delay=0.3750s (local map=6, WM=6)
[rtabmap-2] [INFO] [1768963637.071998087] [rtabmap]: rtabmap (28): Rate=0.50s, Limit=0.000s, Conversion=0.0005s, RTAB-Map=0.4049s, Maps update=0.0001s pub=0.0000s delay=0.3630s (local map=6, WM=6)
[rtabmap-2] [INFO] [1768963637.544559904] [rtabmap]: rtabmap (29): Rate=0.50s, Limit=0.000s, Conversion=0.0007s, RTAB-Map=0.3603s, Maps update=0.0001s pub=0.0000s delay=0.3370s (local map=6, WM=6)
[rtabmap-2] [INFO] [1768963638.212364728] [rtabmap]: rtabmap (30): Rate=0.50s, Limit=0.000s, Conversion=0.0006s, RTAB-Map=0.4802s, Maps update=0.0000s pub=0.0000s delay=0.4990s (local map=7, WM=7)
[rtabmap-2] [INFO] [1768963638.666780355] [rtabmap]: rtabmap (31): Rate=0.50s, Limit=0.000s, Conversion=0.0005s, RTAB-Map=0.3528s, Maps update=0.0000s pub=0.0000s delay=0.3190s (local map=7, WM=7)
[rtabmap-2] [INFO] [1768963639.224033865] [rtabmap]: rtabmap (32): Rate=0.50s, Limit=0.000s, Conversion=0.0006s, RTAB-Map=0.3865s, Maps update=0.0001s pub=0.0000s delay=0.4010s (local map=7, WM=7)
[rtabmap-2] [INFO] [1768963639.626833638] [rtabmap]: rtabmap (33): Rate=0.50s, Limit=0.000s, Conversion=0.0006s, RTAB-Map=0.2994s, Maps update=0.0000s pub=0.0000s delay=0.2890s (local map=8, WM=8)
[rtabmap-2] [INFO] [1768963640.294266286] [rtabmap]: rtabmap (34): Rate=0.50s, Limit=0.000s, Conversion=0.0006s, RTAB-Map=0.4421s, Maps update=0.0001s pub=0.0000s delay=0.4840s (local map=8, WM=8)
[rtabmap-2] [INFO] [1768963640.722847960] [rtabmap]: rtabmap (35): Rate=0.50s, Limit=0.000s, Conversion=0.0005s, RTAB-Map=0.2756s, Maps update=0.0000s pub=0.0000s delay=0.2780s (local map=9, WM=9)
[rtabmap-2] [INFO] [1768963641.258067147] [rtabmap]: rtabmap (36): Rate=0.50s, Limit=0.000s, Conversion=0.0008s, RTAB-Map=0.2926s, Maps update=0.0001s pub=0.0000s delay=0.2500s (local map=9, WM=9)
[rtabmap-2] [INFO] [1768963641.955631652] [rtabmap]: rtabmap (37): Rate=0.50s, Limit=0.000s, Conversion=0.0005s, RTAB-Map=0.2838s, Maps update=0.0000s pub=0.0000s delay=0.2660s (local map=10, WM=10)
[rtabmap-2] [INFO] [1768963642.669486293] [rtabmap]: rtabmap (38): Rate=0.50s, Limit=0.000s, Conversion=0.0006s, RTAB-Map=0.4645s, Maps update=0.0000s pub=0.0000s delay=0.4340s (local map=11, WM=11)
[rtabmap-2] [INFO] [1768963643.120661238] [rtabmap]: rtabmap (39): Rate=0.50s, Limit=0.000s, Conversion=0.0007s, RTAB-Map=0.4207s, Maps update=0.0001s pub=0.0000s delay=0.4210s (local map=11, WM=11)
[rtabmap-2] [INFO] [1768963643.604612881] [rtabmap]: rtabmap (40): Rate=0.50s, Limit=0.000s, Conversion=0.0005s, RTAB-Map=0.3687s, Maps update=0.0000s pub=0.0000s delay=0.4030s (local map=12, WM=12)
[rtabmap-2] [INFO] [1768963644.172274496] [rtabmap]: rtabmap (41): Rate=0.50s, Limit=0.000s, Conversion=0.0005s, RTAB-Map=0.4047s, Maps update=0.0001s pub=0.0000s delay=0.3740s (local map=12, WM=12)
[rtabmap-2] [INFO] [1768963644.758072518] [rtabmap]: rtabmap (42): Rate=0.50s, Limit=0.000s, Conversion=0.0006s, RTAB-Map=0.4613s, Maps update=0.0000s pub=0.0000s delay=0.4340s (local map=13, WM=13)
[rtabmap-2] [INFO] [1768963645.280169130] [rtabmap]: rtabmap (43): Rate=0.50s, Limit=0.000s, Conversion=0.0006s, RTAB-Map=0.4295s, Maps update=0.0001s pub=0.0000s delay=0.3790s (local map=13, WM=13)
[rtabmap-2] [INFO] [1768963645.845814242] [rtabmap]: rtabmap (44): Rate=0.50s, Limit=0.000s, Conversion=0.0005s, RTAB-Map=0.4727s, Maps update=0.0000s pub=0.0000s delay=0.4730s (local map=14, WM=14)
[rtabmap-2] [INFO] [1768963646.370036737] [rtabmap]: rtabmap (45): Rate=0.50s, Limit=0.000s, Conversion=0.0007s, RTAB-Map=0.3968s, Maps update=0.0001s pub=0.0000s delay=0.3710s (local map=14, WM=14)
[rtabmap-2] [INFO] [1768963646.890889167] [rtabmap]: rtabmap (46): Rate=0.50s, Limit=0.000s, Conversion=0.0006s, RTAB-Map=0.3398s, Maps update=0.0000s pub=0.0000s delay=0.3010s (local map=15, WM=15)
[rtabmap-2] [INFO] [1768963647.472452072] [rtabmap]: rtabmap (47): Rate=0.50s, Limit=0.000s, Conversion=0.0005s, RTAB-Map=0.4181s, Maps update=0.0001s pub=0.0000s delay=0.3970s (local map=15, WM=15)
[rtabmap-2] [INFO] [1768963647.970920389] [rtabmap]: rtabmap (48): Rate=0.50s, Limit=0.000s, Conversion=0.0006s, RTAB-Map=0.4004s, Maps update=0.0000s pub=0.0000s delay=0.3730s (local map=16, WM=16)
[rtabmap-2] [INFO] [1768963648.474874101] [rtabmap]: rtabmap (49): Rate=0.50s, Limit=0.000s, Conversion=0.0005s, RTAB-Map=0.3698s, Maps update=0.0001s pub=0.0000s delay=0.3370s (local map=16, WM=16)
[rtabmap-2] [INFO] [1768963648.973675424] [rtabmap]: rtabmap (50): Rate=0.50s, Limit=0.000s, Conversion=0.0006s, RTAB-Map=0.3502s, Maps update=0.0000s pub=0.0000s delay=0.3220s (local map=16, WM=16)
[rtabmap-2] [INFO] [1768963649.607022327] [rtabmap]: rtabmap (51): Rate=0.50s, Limit=0.000s, Conversion=0.0005s, RTAB-Map=0.3911s, Maps update=0.0001s pub=0.0000s delay=0.4390s (local map=16, WM=16)
[rtabmap-2] [INFO] [1768963650.208851902] [rtabmap]: rtabmap (52): Rate=0.50s, Limit=0.000s, Conversion=0.0006s, RTAB-Map=0.4336s, Maps update=0.0001s pub=0.0000s delay=0.4800s (local map=16, WM=16)
[rtabmap-2] [INFO] [1768963650.645325840] [rtabmap]: rtabmap (53): Rate=0.50s, Limit=0.000s, Conversion=0.0007s, RTAB-Map=0.3640s, Maps update=0.0000s pub=0.0000s delay=0.3740s (local map=16, WM=16)
[rtabmap-2] [INFO] [1768963651.197353831] [rtabmap]: rtabmap (54): Rate=0.50s, Limit=0.000s, Conversion=0.0005s, RTAB-Map=0.4029s, Maps update=0.0000s pub=0.0000s delay=0.3620s (local map=17, WM=17)
[rtabmap-2] [INFO] [1768963651.737050907] [rtabmap]: rtabmap (55): Rate=0.50s, Limit=0.000s, Conversion=0.0005s, RTAB-Map=0.4087s, Maps update=0.0000s pub=0.0000s delay=0.4220s (local map=17, WM=17)
[rtabmap-2] [INFO] [1768963652.334439551] [rtabmap]: rtabmap (56): Rate=0.50s, Limit=0.000s, Conversion=0.0004s, RTAB-Map=0.4816s, Maps update=0.0001s pub=0.0000s delay=0.5020s (local map=17, WM=17)
[rtabmap-2] [INFO] [1768963652.859277771] [rtabmap]: rtabmap (57): Rate=0.50s, Limit=0.000s, Conversion=0.0005s, RTAB-Map=0.4276s, Maps update=0.0001s pub=0.0002s delay=0.4330s (local map=18, WM=18)
[rtabmap-2] [INFO] [1768963653.327142045] [rtabmap]: rtabmap (58): Rate=0.50s, Limit=0.000s, Conversion=0.0009s, RTAB-Map=0.3932s, Maps update=0.0001s pub=0.0000s delay=0.4080s (local map=18, WM=18)
[rtabmap-2] [INFO] [1768963654.009916027] [rtabmap]: rtabmap (59): Rate=0.50s, Limit=0.000s, Conversion=0.0006s, RTAB-Map=0.5271s, Maps update=0.0001s pub=0.0000s delay=0.5960s (local map=18, WM=18)
[rtabmap-2] [INFO] [1768963654.635614649] [rtabmap]: rtabmap (60): Rate=0.50s, Limit=0.000s, Conversion=0.0006s, RTAB-Map=0.5914s, Maps update=0.0001s pub=0.0000s delay=0.6220s (local map=19, WM=19)
[rtabmap-2] [INFO] [1768963655.298374218] [rtabmap]: rtabmap (61): Rate=0.50s, Limit=0.000s, Conversion=0.0005s, RTAB-Map=0.5196s, Maps update=0.0000s pub=0.0000s delay=0.4740s (local map=20, WM=20)
[rtabmap-2] [INFO] [1768963655.866038346] [rtabmap]: rtabmap (62): Rate=0.50s, Limit=0.000s, Conversion=0.0006s, RTAB-Map=0.4365s, Maps update=0.0001s pub=0.0000s delay=0.4460s (local map=20, WM=20)
[rtabmap-2] [INFO] [1768963656.419478726] [rtabmap]: rtabmap (63): Rate=0.50s, Limit=0.000s, Conversion=0.0008s, RTAB-Map=0.4915s, Maps update=0.0001s pub=0.0000s delay=0.5310s (local map=20, WM=20)
[rtabmap-2] [INFO] [1768963656.883989076] [rtabmap]: rtabmap (64): Rate=0.50s, Limit=0.000s, Conversion=0.0005s, RTAB-Map=0.4122s, Maps update=0.0000s pub=0.0000s delay=0.3990s (local map=21, WM=21)
[rtabmap-2] [INFO] [1768963657.471115296] [rtabmap]: rtabmap (65): Rate=0.50s, Limit=0.000s, Conversion=0.0006s, RTAB-Map=0.4973s, Maps update=0.0001s pub=0.0000s delay=0.4960s (local map=21, WM=21)
[rtabmap-2] [INFO] [1768963658.053324834] [rtabmap]: rtabmap (66): Rate=0.50s, Limit=0.000s, Conversion=0.0007s, RTAB-Map=0.4125s, Maps update=0.0001s pub=0.0000s delay=0.4440s (local map=21, WM=21)
[rtabmap-2] [INFO] [1768963658.648515677] [rtabmap]: rtabmap (67): Rate=0.50s, Limit=0.000s, Conversion=0.0006s, RTAB-Map=0.4829s, Maps update=0.0001s pub=0.0000s delay=0.5160s (local map=22, WM=22)
[rtabmap-2] [INFO] [1768963659.088687185] [rtabmap]: rtabmap (68): Rate=0.50s, Limit=0.000s, Conversion=0.0006s, RTAB-Map=0.4092s, Maps update=0.0001s pub=0.0000s delay=0.3920s (local map=22, WM=22)
[rtabmap-2] [INFO] [1768963659.556642884] [rtabmap]: rtabmap (69): Rate=0.50s, Limit=0.000s, Conversion=0.0004s, RTAB-Map=0.3288s, Maps update=0.0000s pub=0.0000s delay=0.3560s (local map=22, WM=22)
[rtabmap-2] [INFO] [1768963660.112196927] [rtabmap]: rtabmap (70): Rate=0.50s, Limit=0.000s, Conversion=0.0006s, RTAB-Map=0.3874s, Maps update=0.0001s pub=0.0000s delay=0.3560s (local map=22, WM=22)
[rtabmap-2] [INFO] [1768963660.685255235] [rtabmap]: rtabmap (71): Rate=0.50s, Limit=0.000s, Conversion=0.0008s, RTAB-Map=0.4241s, Maps update=0.0001s pub=0.0000s delay=0.4250s (local map=22, WM=22)
[rtabmap-2] [INFO] [1768963660.729498443] [rclcpp]: signal_handler(signum=2)
[rgbd_sync-1] [INFO] [1768963660.729507309] [rclcpp]: signal_handler(signum=2)
[rtabmap-2] [INFO] [1768963660.752259640] [rtabmap]: Parameters are not saved (No configuration file provided...)
[INFO] [rgbd_sync-1]: process has finished cleanly [pid 230243]
[rtabmap-2] [33m[ WARN] (2026-01-21 11:47:01.874) Memory.cpp:5917::createSignature() Mem/SaveDepth16Format is set to false to use 32bits format but this is not compatible with the compressed depth format chosen (Mem/DepthCompressionFormat=".rvl"), depth images will be compressed in ".png" format instead. Explicitly set Mem/SaveDepth16Format to true to keep using ".rvl" format and images will be converted to 16bits for convenience (warning: that would remove all depth values over 65 meters). Explicitly set Mem/DepthCompressionFormat=".png" to suppress this warning. This warning is only printed once.[0m
[rtabmap-2] rtabmap: Saving database/long-term memory... (located at /home/fujino/.ros/rtabmap_ur5e_20260121_114659.db)
[rtabmap-2] rtabmap: Saving database/long-term memory...done! (located at /home/fujino/.ros/rtabmap_ur5e_20260121_114659.db, 103 MB)
[INFO] [rtabmap-2]: process has finished cleanly [pid 230245]
