[INFO] [launch]: All log files can be found below /home/fujino/.ros/log/2026-01-20-18-52-28-989056-fh-1451528
[INFO] [launch]: Default logging verbosity is set to INFO
[INFO] [rgbd_sync-1]: process started with pid [1451538]
[INFO] [rtabmap-2]: process started with pid [1451540]
[rgbd_sync-1] [INFO] [1768902749.800641685] [rgbd_sync]: rgbd_sync: approx_sync = true
[rgbd_sync-1] [INFO] [1768902749.800881850] [rgbd_sync]: rgbd_sync: approx_sync_max_interval = 0.010000
[rgbd_sync-1] [INFO] [1768902749.800906575] [rgbd_sync]: rgbd_sync: topic_queue_size  = 10
[rgbd_sync-1] [INFO] [1768902749.800912780] [rgbd_sync]: rgbd_sync: sync_queue_size  = 30
[rgbd_sync-1] [INFO] [1768902749.800917647] [rgbd_sync]: rgbd_sync: qos             = 2
[rgbd_sync-1] [INFO] [1768902749.800922430] [rgbd_sync]: rgbd_sync: qos_camera_info = 2
[rgbd_sync-1] [INFO] [1768902749.800927689] [rgbd_sync]: rgbd_sync: depth_scale = 1.000000
[rgbd_sync-1] [INFO] [1768902749.800933735] [rgbd_sync]: rgbd_sync: decimation = 1
[rgbd_sync-1] [INFO] [1768902749.800938192] [rgbd_sync]: rgbd_sync: compressed_rate = 0.000000
[rgbd_sync-1] [INFO] [1768902749.837302002] [rgbd_sync]: 
[rgbd_sync-1] rgbd_sync subscribed to (approx sync, max interval=0.010000s):
[rgbd_sync-1]    /camera/color/image_raw,
[rgbd_sync-1]    /camera/depth/depth/image_raw,
[rgbd_sync-1]    /camera/color/camera_info
[rtabmap-2] [INFO] [1768902749.839387458] [rtabmap]: rtabmap(maps): latch                      = true
[rtabmap-2] [INFO] [1768902749.839686702] [rtabmap]: rtabmap(maps): map_filter_radius          = 0.000000
[rtabmap-2] [INFO] [1768902749.839718196] [rtabmap]: rtabmap(maps): map_filter_angle           = 30.000000
[rtabmap-2] [INFO] [1768902749.839732999] [rtabmap]: rtabmap(maps): map_cleanup                = true
[rtabmap-2] [INFO] [1768902749.839743545] [rtabmap]: rtabmap(maps): map_always_update          = false
[rtabmap-2] [INFO] [1768902749.839753631] [rtabmap]: rtabmap(maps): map_empty_ray_tracing      = true
[rtabmap-2] [INFO] [1768902749.839763411] [rtabmap]: rtabmap(maps): cloud_output_voxelized     = true
[rtabmap-2] [INFO] [1768902749.839773227] [rtabmap]: rtabmap(maps): cloud_subtract_filtering   = false
[rtabmap-2] [INFO] [1768902749.839782800] [rtabmap]: rtabmap(maps): cloud_subtract_filtering_min_neighbors = 2
[rtabmap-2] [INFO] [1768902749.839835869] [rtabmap]: rtabmap(maps): octomap_tree_depth         = 16
[rtabmap-2] [INFO] [1768902749.908393956] [rtabmap]: rtabmap: frame_id      = camera_color_optical_frame
[rtabmap-2] [INFO] [1768902749.908438900] [rtabmap]: rtabmap: odom_frame_id = world
[rtabmap-2] [INFO] [1768902749.908452715] [rtabmap]: rtabmap: map_frame_id  = world
[rtabmap-2] [INFO] [1768902749.908463533] [rtabmap]: rtabmap: log_to_rosout_level  = 4
[rtabmap-2] [INFO] [1768902749.908474648] [rtabmap]: rtabmap: initial_pose  = 
[rtabmap-2] [INFO] [1768902749.908484615] [rtabmap]: rtabmap: use_action_for_goal  = false
[rtabmap-2] [INFO] [1768902749.908494448] [rtabmap]: rtabmap: tf_delay      = 0.050000
[rtabmap-2] [INFO] [1768902749.908509636] [rtabmap]: rtabmap: tf_tolerance  = 0.100000
[rtabmap-2] [INFO] [1768902749.908520926] [rtabmap]: rtabmap: odom_sensor_sync   = false
[rtabmap-2] [INFO] [1768902749.908530868] [rtabmap]: rtabmap: pub_loc_pose_only_when_localizing = false
[rtabmap-2] [INFO] [1768902749.908540730] [rtabmap]: rtabmap: wait_for_transform = 0.200000
[rtabmap-2] [INFO] [1768902749.908551930] [rtabmap]: rtabmap: gen_scan  = false
[rtabmap-2] [INFO] [1768902749.908562047] [rtabmap]: rtabmap: gen_depth  = false
[rtabmap-2] [INFO] [1768902749.939360971] [rtabmap]: Setting RTAB-Map parameter "Grid/3D"="true" (rosparam)
[rtabmap-2] [INFO] [1768902749.940810959] [rtabmap]: Setting RTAB-Map parameter "Grid/RangeMax"="5.0" (rosparam)
[rtabmap-2] [INFO] [1768902749.941077422] [rtabmap]: Setting RTAB-Map parameter "Grid/RayTracing"="true" (rosparam)
[rtabmap-2] [INFO] [1768902749.941768270] [rtabmap]: Setting RTAB-Map parameter "Grid/Sensor"="1" (rosparam)
[rtabmap-2] [INFO] [1768902749.955774102] [rtabmap]: Setting RTAB-Map parameter "RGBD/CreateOccupancyGrid"="true" (rosparam)
[rtabmap-2] [INFO] [1768902749.959784731] [rtabmap]: Setting RTAB-Map parameter "Rtabmap/DetectionRate"="2.0" (rosparam)
[rtabmap-2] [INFO] [1768902750.135210288] [rtabmap]: RTAB-Map detection rate = 2.000000 Hz
[rtabmap-2] [INFO] [1768902750.135358871] [rtabmap]: rtabmap: Using database from "/home/fujino/.ros/rtabmap_ur5e_20260120_185228.db" (0 MB).
[rtabmap-2] [INFO] [1768902750.156081705] [rtabmap]: rtabmap: Database version = "0.22.1".
[rtabmap-2] [INFO] [1768902750.156149262] [rtabmap]: rtabmap: SLAM mode (Mem/IncrementalMemory=true)
[rtabmap-2] [INFO] [1768902750.194095459] [rtabmap]: Setup callbacks
[rtabmap-2] [WARN] [1768902750.194173856] [rtabmap]: rtabmap: Parameters subscribe_depth and subscribe_rgbd cannot be true at the same time. Parameter subscribe_depth is set to false.
[rtabmap-2] [INFO] [1768902750.194338904] [rtabmap]: rtabmap: subscribe_depth = false
[rtabmap-2] [INFO] [1768902750.194371314] [rtabmap]: rtabmap: subscribe_rgb = false
[rtabmap-2] [INFO] [1768902750.194383668] [rtabmap]: rtabmap: subscribe_stereo = false
[rtabmap-2] [INFO] [1768902750.194394944] [rtabmap]: rtabmap: subscribe_rgbd = true (rgbd_cameras=1)
[rtabmap-2] [INFO] [1768902750.194407994] [rtabmap]: rtabmap: subscribe_sensor_data = false
[rtabmap-2] [INFO] [1768902750.194418822] [rtabmap]: rtabmap: subscribe_odom_info = false
[rtabmap-2] [INFO] [1768902750.194429153] [rtabmap]: rtabmap: subscribe_user_data = false
[rtabmap-2] [INFO] [1768902750.194439275] [rtabmap]: rtabmap: subscribe_scan = false
[rtabmap-2] [INFO] [1768902750.194449290] [rtabmap]: rtabmap: subscribe_scan_cloud = false
[rtabmap-2] [INFO] [1768902750.194459444] [rtabmap]: rtabmap: subscribe_scan_descriptor = false
[rtabmap-2] [INFO] [1768902750.194469826] [rtabmap]: rtabmap: topic_queue_size = 10
[rtabmap-2] [INFO] [1768902750.194480645] [rtabmap]: rtabmap: sync_queue_size  = 30
[rtabmap-2] [INFO] [1768902750.194490498] [rtabmap]: rtabmap: qos_image       = 2
[rtabmap-2] [INFO] [1768902750.194537902] [rtabmap]: rtabmap: qos_camera_info = 2
[rtabmap-2] [INFO] [1768902750.194553794] [rtabmap]: rtabmap: qos_scan        = 2
[rtabmap-2] [INFO] [1768902750.194565960] [rtabmap]: rtabmap: qos_odom        = 2
[rtabmap-2] [INFO] [1768902750.194576122] [rtabmap]: rtabmap: qos_user_data   = 2
[rtabmap-2] [INFO] [1768902750.194586363] [rtabmap]: rtabmap: approx_sync     = true
[rtabmap-2] [INFO] [1768902750.194608837] [rtabmap]: Setup rgbd callback
[rtabmap-2] [INFO] [1768902750.196067862] [rtabmap]: 
[rtabmap-2] rtabmap subscribed to:
[rtabmap-2]    /rgbd_image
[rtabmap-2] [INFO] [1768902750.689568539] [rtabmap]: rtabmap (1): Rate=0.50s, Limit=0.000s, Conversion=0.0023s, RTAB-Map=0.2817s, Maps update=0.0064s pub=0.1263s delay=-64.6630s (local map=1, WM=1)
[rtabmap-2] [INFO] [1768902751.221277795] [rtabmap]: rtabmap (2): Rate=0.50s, Limit=0.000s, Conversion=0.0016s, RTAB-Map=0.2433s, Maps update=0.0052s pub=0.0000s delay=0.2440s (local map=1, WM=1)
[rtabmap-2] [INFO] [1768902751.918121257] [rtabmap]: rtabmap (3): Rate=0.50s, Limit=0.000s, Conversion=0.0034s, RTAB-Map=0.3268s, Maps update=0.0054s pub=0.0000s delay=0.3560s (local map=1, WM=1)
[rtabmap-2] [INFO] [1768902752.495509311] [rtabmap]: rtabmap (4): Rate=0.50s, Limit=0.000s, Conversion=0.0018s, RTAB-Map=0.3793s, Maps update=0.0064s pub=0.0000s delay=0.4090s (local map=1, WM=1)
[rtabmap-2] [INFO] [1768902753.058516139] [rtabmap]: rtabmap (5): Rate=0.50s, Limit=0.000s, Conversion=0.0019s, RTAB-Map=0.3485s, Maps update=0.0072s pub=0.0000s delay=0.3380s (local map=1, WM=1)
[rtabmap-2] [INFO] [1768902753.600716168] [rtabmap]: rtabmap (6): Rate=0.50s, Limit=0.000s, Conversion=0.0005s, RTAB-Map=0.3714s, Maps update=0.0069s pub=0.0000s delay=0.4180s (local map=1, WM=1)
[rtabmap-2] [INFO] [1768902754.103701246] [rtabmap]: rtabmap (7): Rate=0.50s, Limit=0.000s, Conversion=0.0042s, RTAB-Map=0.3388s, Maps update=0.0033s pub=0.0000s delay=0.3820s (local map=1, WM=1)
[rtabmap-2] [INFO] [1768902754.788106615] [rtabmap]: rtabmap (8): Rate=0.50s, Limit=0.000s, Conversion=0.0015s, RTAB-Map=0.3174s, Maps update=0.0063s pub=0.0000s delay=0.2890s (local map=1, WM=1)
[rtabmap-2] [INFO] [1768902755.308979775] [rtabmap]: rtabmap (9): Rate=0.50s, Limit=0.000s, Conversion=0.0013s, RTAB-Map=0.2798s, Maps update=0.0040s pub=0.0000s delay=0.3310s (local map=1, WM=1)
[rtabmap-2] [INFO] [1768902755.890712877] [rtabmap]: rtabmap (10): Rate=0.50s, Limit=0.000s, Conversion=0.0029s, RTAB-Map=0.2486s, Maps update=0.0069s pub=0.0000s delay=0.2140s (local map=1, WM=1)
[rtabmap-2] [INFO] [1768902756.578507828] [rtabmap]: rtabmap (11): Rate=0.50s, Limit=0.000s, Conversion=0.0008s, RTAB-Map=0.3205s, Maps update=0.0074s pub=0.0000s delay=0.2990s (local map=1, WM=1)
[rtabmap-2] [INFO] [1768902757.055232017] [rtabmap]: rtabmap (12): Rate=0.50s, Limit=0.000s, Conversion=0.0033s, RTAB-Map=0.2940s, Maps update=0.0065s pub=0.0000s delay=0.2940s (local map=1, WM=1)
[rtabmap-2] [INFO] [1768902757.787878589] [rtabmap]: rtabmap (13): Rate=0.50s, Limit=0.000s, Conversion=0.0012s, RTAB-Map=0.3723s, Maps update=0.0068s pub=0.0000s delay=0.3710s (local map=1, WM=1)
[rtabmap-2] [INFO] [1768902758.237556244] [rtabmap]: rtabmap (14): Rate=0.50s, Limit=0.000s, Conversion=0.0008s, RTAB-Map=0.3406s, Maps update=0.0026s pub=0.0000s delay=0.3510s (local map=1, WM=1)
[rtabmap-2] [INFO] [1768902758.838885656] [rtabmap]: rtabmap (15): Rate=0.50s, Limit=0.000s, Conversion=0.0008s, RTAB-Map=0.3591s, Maps update=0.0066s pub=0.0003s delay=0.3790s (local map=2, WM=2)
[rtabmap-2] [INFO] [1768902759.509176317] [rtabmap]: rtabmap (16): Rate=0.50s, Limit=0.000s, Conversion=0.0008s, RTAB-Map=0.3048s, Maps update=0.0054s pub=0.0000s delay=0.2810s (local map=2, WM=2)
[rtabmap-2] [INFO] [1768902760.003915365] [rtabmap]: rtabmap (17): Rate=0.50s, Limit=0.000s, Conversion=0.0008s, RTAB-Map=0.3153s, Maps update=0.0046s pub=0.0000s delay=0.2620s (local map=2, WM=2)
[rtabmap-2] [INFO] [1768902760.675988861] [rtabmap]: rtabmap (18): Rate=0.50s, Limit=0.000s, Conversion=0.0007s, RTAB-Map=0.4104s, Maps update=0.0051s pub=0.0003s delay=0.4240s (local map=3, WM=3)
[rtabmap-2] [INFO] [1768902761.200214832] [rtabmap]: rtabmap (19): Rate=0.50s, Limit=0.000s, Conversion=0.0009s, RTAB-Map=0.3960s, Maps update=0.0063s pub=0.0000s delay=0.3790s (local map=3, WM=3)
[rtabmap-2] [INFO] [1768902761.706846633] [rtabmap]: rtabmap (20): Rate=0.50s, Limit=0.000s, Conversion=0.0013s, RTAB-Map=0.2852s, Maps update=0.0055s pub=0.0000s delay=0.2580s (local map=3, WM=3)
[rtabmap-2] [INFO] [1768902762.270959874] [rtabmap]: rtabmap (21): Rate=0.50s, Limit=0.000s, Conversion=0.0018s, RTAB-Map=0.3272s, Maps update=0.0033s pub=0.0004s delay=0.3220s (local map=4, WM=4)
[rtabmap-2] [INFO] [1768902762.763902259] [rtabmap]: rtabmap (22): Rate=0.50s, Limit=0.000s, Conversion=0.0007s, RTAB-Map=0.3064s, Maps update=0.0068s pub=0.0000s delay=0.3140s (local map=4, WM=4)
[rtabmap-2] [INFO] [1768902763.507838943] [rtabmap]: rtabmap (23): Rate=0.50s, Limit=0.000s, Conversion=0.0008s, RTAB-Map=0.4285s, Maps update=0.0048s pub=0.0000s delay=0.4050s (local map=4, WM=4)
[rtabmap-2] [INFO] [1768902763.973509870] [rtabmap]: rtabmap (24): Rate=0.50s, Limit=0.000s, Conversion=0.0009s, RTAB-Map=0.3887s, Maps update=0.0022s pub=0.0004s delay=0.3880s (local map=5, WM=5)
[rtabmap-2] [INFO] [1768902764.556867580] [rtabmap]: rtabmap (25): Rate=0.50s, Limit=0.000s, Conversion=0.0011s, RTAB-Map=0.3478s, Maps update=0.0033s pub=0.0000s delay=0.4100s (local map=5, WM=5)
[rtabmap-2] [INFO] [1768902765.126086791] [rtabmap]: rtabmap (26): Rate=0.50s, Limit=0.000s, Conversion=0.0009s, RTAB-Map=0.3369s, Maps update=0.0030s pub=0.0000s delay=0.2990s (local map=5, WM=5)
[rtabmap-2] [INFO] [1768902765.734007763] [rtabmap]: rtabmap (27): Rate=0.50s, Limit=0.000s, Conversion=0.0011s, RTAB-Map=0.3224s, Maps update=0.0048s pub=0.0003s delay=0.2940s (local map=6, WM=6)
[rtabmap-2] [INFO] [1768902766.331173685] [rtabmap]: rtabmap (28): Rate=0.50s, Limit=0.000s, Conversion=0.0008s, RTAB-Map=0.3558s, Maps update=0.0030s pub=0.0000s delay=0.3190s (local map=6, WM=6)
[rtabmap-2] [INFO] [1768902766.904944631] [rtabmap]: rtabmap (29): Rate=0.50s, Limit=0.000s, Conversion=0.0009s, RTAB-Map=0.3320s, Maps update=0.0023s pub=0.0000s delay=0.3150s (local map=6, WM=6)
[rtabmap-2] [INFO] [1768902767.439973787] [rtabmap]: rtabmap (30): Rate=0.50s, Limit=0.000s, Conversion=0.0013s, RTAB-Map=0.3559s, Maps update=0.0030s pub=0.0000s delay=0.3150s (local map=6, WM=6)
[rtabmap-2] [INFO] [1768902767.932585642] [rtabmap]: rtabmap (31): Rate=0.50s, Limit=0.000s, Conversion=0.0006s, RTAB-Map=0.3246s, Maps update=0.0034s pub=0.0000s delay=0.2720s (local map=6, WM=6)
[rtabmap-2] [INFO] [1768902768.531828450] [rtabmap]: rtabmap (32): Rate=0.50s, Limit=0.000s, Conversion=0.0011s, RTAB-Map=0.3867s, Maps update=0.0053s pub=0.0000s delay=0.3560s (local map=6, WM=6)
[rtabmap-2] [INFO] [1768902768.950953918] [rtabmap]: rtabmap (33): Rate=0.50s, Limit=0.000s, Conversion=0.0012s, RTAB-Map=0.2791s, Maps update=0.0051s pub=0.0003s delay=0.2270s (local map=7, WM=7)
[rtabmap-2] [INFO] [1768902769.486511256] [rtabmap]: rtabmap (34): Rate=0.50s, Limit=0.000s, Conversion=0.0007s, RTAB-Map=0.2766s, Maps update=0.0046s pub=0.0000s delay=0.3060s (local map=7, WM=7)
[rtabmap-2] [INFO] [1768902770.055605481] [rtabmap]: rtabmap (35): Rate=0.50s, Limit=0.000s, Conversion=0.0011s, RTAB-Map=0.3521s, Maps update=0.0050s pub=0.0003s delay=0.3990s (local map=8, WM=8)
[rtabmap-2] [INFO] [1768902770.592115044] [rtabmap]: rtabmap (36): Rate=0.50s, Limit=0.000s, Conversion=0.0019s, RTAB-Map=0.3152s, Maps update=0.0027s pub=0.0000s delay=0.3330s (local map=8, WM=8)
[rtabmap-2] [INFO] [1768902771.069155148] [rtabmap]: rtabmap (37): Rate=0.50s, Limit=0.000s, Conversion=0.0010s, RTAB-Map=0.2925s, Maps update=0.0053s pub=0.0005s delay=0.3280s (local map=9, WM=9)
[rtabmap-2] [INFO] [1768902771.908579711] [rtabmap]: rtabmap (38): Rate=0.50s, Limit=0.000s, Conversion=0.0008s, RTAB-Map=0.2585s, Maps update=0.0055s pub=0.0006s delay=0.2690s (local map=10, WM=10)
[rtabmap-2] [INFO] [1768902772.541940184] [rtabmap]: rtabmap (39): Rate=0.50s, Limit=0.000s, Conversion=0.0006s, RTAB-Map=0.3630s, Maps update=0.0067s pub=0.0006s delay=0.3250s (local map=11, WM=11)
[rtabmap-2] [INFO] [1768902773.170780043] [rtabmap]: rtabmap (40): Rate=0.50s, Limit=0.000s, Conversion=0.0007s, RTAB-Map=0.3461s, Maps update=0.0030s pub=0.0004s delay=0.3820s (local map=12, WM=12)
[rtabmap-2] [INFO] [1768902773.790029676] [rtabmap]: rtabmap (41): Rate=0.50s, Limit=0.000s, Conversion=0.0014s, RTAB-Map=0.2668s, Maps update=0.0027s pub=0.0007s delay=0.2980s (local map=13, WM=13)
[rtabmap-2] [INFO] [1768902774.451930436] [rtabmap]: rtabmap (42): Rate=0.50s, Limit=0.000s, Conversion=0.0008s, RTAB-Map=0.3146s, Maps update=0.0046s pub=0.0000s delay=0.2920s (local map=13, WM=13)
[rtabmap-2] [INFO] [1768902775.303608132] [rtabmap]: rtabmap (43): Rate=0.50s, Limit=0.000s, Conversion=0.0007s, RTAB-Map=0.3241s, Maps update=0.0032s pub=0.0004s delay=0.3360s (local map=14, WM=14)
[rtabmap-2] [INFO] [1768902775.888650625] [rtabmap]: rtabmap (44): Rate=0.50s, Limit=0.000s, Conversion=0.0006s, RTAB-Map=0.2611s, Maps update=0.0040s pub=0.0004s delay=0.2950s (local map=15, WM=15)
[rtabmap-2] [INFO] [1768902776.601746919] [rtabmap]: rtabmap (45): Rate=0.50s, Limit=0.000s, Conversion=0.0014s, RTAB-Map=0.3237s, Maps update=0.0034s pub=0.0004s delay=0.3450s (local map=16, WM=16)
[rtabmap-2] [INFO] [1768902777.139397939] [rtabmap]: rtabmap (46): Rate=0.50s, Limit=0.000s, Conversion=0.0007s, RTAB-Map=0.3577s, Maps update=0.0025s pub=0.0001s delay=0.3270s (local map=16, WM=16)
[rtabmap-2] [INFO] [1768902777.655820023] [rtabmap]: rtabmap (47): Rate=0.50s, Limit=0.000s, Conversion=0.0010s, RTAB-Map=0.3541s, Maps update=0.0014s pub=0.0000s delay=0.3190s (local map=16, WM=16)
[rtabmap-2] [INFO] [1768902778.344574679] [rtabmap]: rtabmap (48): Rate=0.50s, Limit=0.000s, Conversion=0.0006s, RTAB-Map=0.3441s, Maps update=0.0019s pub=0.0000s delay=0.3080s (local map=16, WM=16)
[rtabmap-2] [INFO] [1768902778.865365407] [rtabmap]: rtabmap (49): Rate=0.50s, Limit=0.000s, Conversion=0.0005s, RTAB-Map=0.3383s, Maps update=0.0046s pub=0.0000s delay=0.2950s (local map=16, WM=16)
[rtabmap-2] [INFO] [1768902779.610702972] [rtabmap]: rtabmap (50): Rate=0.50s, Limit=0.000s, Conversion=0.0010s, RTAB-Map=0.4005s, Maps update=0.0047s pub=0.0000s delay=0.4340s (local map=16, WM=16)
[rtabmap-2] [INFO] [1768902780.012705082] [rtabmap]: rtabmap (51): Rate=0.50s, Limit=0.000s, Conversion=0.0005s, RTAB-Map=0.3013s, Maps update=0.0031s pub=0.0004s delay=0.3190s (local map=17, WM=17)
[rtabmap-2] [INFO] [1768902780.578785693] [rtabmap]: rtabmap (52): Rate=0.50s, Limit=0.000s, Conversion=0.0006s, RTAB-Map=0.3414s, Maps update=0.0027s pub=0.0000s delay=0.3040s (local map=17, WM=17)
[rtabmap-2] [INFO] [1768902781.091714700] [rtabmap]: rtabmap (53): Rate=0.50s, Limit=0.000s, Conversion=0.0018s, RTAB-Map=0.3104s, Maps update=0.0048s pub=0.0000s delay=0.3610s (local map=17, WM=17)
[rtabmap-2] [INFO] [1768902781.551033612] [rtabmap]: rtabmap (54): Rate=0.50s, Limit=0.000s, Conversion=0.0008s, RTAB-Map=0.2779s, Maps update=0.0052s pub=0.0008s delay=0.2470s (local map=18, WM=18)
[rtabmap-2] [INFO] [1768902782.263536049] [rtabmap]: rtabmap (55): Rate=0.50s, Limit=0.000s, Conversion=0.0006s, RTAB-Map=0.3824s, Maps update=0.0039s pub=0.0010s delay=0.3640s (local map=19, WM=19)
[rtabmap-2] [INFO] [1768902782.771129810] [rtabmap]: rtabmap (56): Rate=0.50s, Limit=0.000s, Conversion=0.0012s, RTAB-Map=0.3245s, Maps update=0.0045s pub=0.0000s delay=0.3050s (local map=19, WM=19)
[rtabmap-2] [INFO] [1768902783.334852851] [rtabmap]: rtabmap (57): Rate=0.50s, Limit=0.000s, Conversion=0.0012s, RTAB-Map=0.2512s, Maps update=0.0046s pub=0.0000s delay=0.2510s (local map=19, WM=19)
[rtabmap-2] [INFO] [1768902784.104486013] [rtabmap]: rtabmap (58): Rate=0.50s, Limit=0.000s, Conversion=0.0009s, RTAB-Map=0.3641s, Maps update=0.0045s pub=0.0015s delay=0.4080s (local map=20, WM=20)
[rtabmap-2] [INFO] [1768902784.515700504] [rtabmap]: rtabmap (59): Rate=0.50s, Limit=0.000s, Conversion=0.0014s, RTAB-Map=0.2681s, Maps update=0.0045s pub=0.0000s delay=0.2960s (local map=20, WM=20)
[rtabmap-2] [INFO] [1768902785.484560288] [rtabmap]: rtabmap (60): Rate=0.50s, Limit=0.000s, Conversion=0.0020s, RTAB-Map=0.2847s, Maps update=0.0055s pub=0.0008s delay=0.2460s (local map=21, WM=21)
[rtabmap-2] [INFO] [1768902786.190820513] [rtabmap]: rtabmap (61): Rate=0.50s, Limit=0.000s, Conversion=0.0011s, RTAB-Map=0.3350s, Maps update=0.0030s pub=0.0000s delay=0.2830s (local map=21, WM=21)
[rtabmap-2] [INFO] [1768902786.706538292] [rtabmap]: rtabmap (62): Rate=0.50s, Limit=0.000s, Conversion=0.0013s, RTAB-Map=0.2890s, Maps update=0.0052s pub=0.0000s delay=0.3480s (local map=21, WM=21)
[rtabmap-2] [INFO] [1768902787.256319082] [rtabmap]: rtabmap (63): Rate=0.50s, Limit=0.000s, Conversion=0.0014s, RTAB-Map=0.3468s, Maps update=0.0052s pub=0.0015s delay=0.3470s (local map=22, WM=22)
[rtabmap-2] [INFO] [1768902787.734701052] [rtabmap]: rtabmap (64): Rate=0.50s, Limit=0.000s, Conversion=0.0013s, RTAB-Map=0.2733s, Maps update=0.0036s pub=0.0000s delay=0.2920s (local map=22, WM=22)
[rtabmap-2] [INFO] [1768902788.480968144] [rtabmap]: rtabmap (65): Rate=0.50s, Limit=0.000s, Conversion=0.0005s, RTAB-Map=0.2699s, Maps update=0.0048s pub=0.0000s delay=0.2440s (local map=22, WM=22)
[rtabmap-2] [INFO] [1768902789.022236081] [rtabmap]: rtabmap (66): Rate=0.50s, Limit=0.000s, Conversion=0.0004s, RTAB-Map=0.2657s, Maps update=0.0052s pub=0.0000s delay=0.2980s (local map=22, WM=22)
[rtabmap-2] [INFO] [1768902789.909175937] [rtabmap]: rtabmap (67): Rate=0.50s, Limit=0.000s, Conversion=0.0012s, RTAB-Map=0.2792s, Maps update=0.0048s pub=0.0000s delay=0.3410s (local map=22, WM=22)
[rtabmap-2] [INFO] [1768902790.539782416] [rtabmap]: rtabmap (68): Rate=0.50s, Limit=0.000s, Conversion=0.0006s, RTAB-Map=0.2682s, Maps update=0.0048s pub=0.0000s delay=0.2820s (local map=22, WM=22)
[rtabmap-2] [INFO] [1768902791.190083934] [rtabmap]: rtabmap (69): Rate=0.50s, Limit=0.000s, Conversion=0.0053s, RTAB-Map=0.3515s, Maps update=0.0047s pub=0.0000s delay=0.3140s (local map=22, WM=22)
[rtabmap-2] [INFO] [1768902791.669936032] [rtabmap]: rtabmap (70): Rate=0.50s, Limit=0.000s, Conversion=0.0016s, RTAB-Map=0.2585s, Maps update=0.0029s pub=0.0000s delay=0.2580s (local map=22, WM=22)
[rtabmap-2] [INFO] [1768902792.451461648] [rtabmap]: rtabmap (71): Rate=0.50s, Limit=0.000s, Conversion=0.0014s, RTAB-Map=0.3129s, Maps update=0.0037s pub=0.0000s delay=0.3220s (local map=22, WM=22)
[rtabmap-2] [INFO] [1768902793.580805302] [rtabmap]: rtabmap (72): Rate=0.50s, Limit=0.000s, Conversion=0.0007s, RTAB-Map=0.2689s, Maps update=0.0034s pub=0.0000s delay=0.2580s (local map=22, WM=22)
[rtabmap-2] [INFO] [1768902794.173924351] [rtabmap]: rtabmap (73): Rate=0.50s, Limit=0.000s, Conversion=0.0017s, RTAB-Map=0.2936s, Maps update=0.0052s pub=0.0000s delay=0.3170s (local map=22, WM=22)
[rtabmap-2] [INFO] [1768902794.665959977] [rtabmap]: rtabmap (74): Rate=0.50s, Limit=0.000s, Conversion=0.0006s, RTAB-Map=0.3098s, Maps update=0.0060s pub=0.0001s delay=0.3140s (local map=22, WM=22)
[rtabmap-2] [INFO] [1768902795.305747810] [rtabmap]: rtabmap (75): Rate=0.50s, Limit=0.000s, Conversion=0.0014s, RTAB-Map=0.3171s, Maps update=0.0047s pub=0.0000s delay=0.2880s (local map=22, WM=22)
[rtabmap-2] [INFO] [1768902795.813372164] [rtabmap]: rtabmap (76): Rate=0.50s, Limit=0.000s, Conversion=0.0007s, RTAB-Map=0.3068s, Maps update=0.0030s pub=0.0000s delay=0.2660s (local map=22, WM=22)
[rtabmap-2] [INFO] [1768902796.348701059] [rtabmap]: rtabmap (77): Rate=0.50s, Limit=0.000s, Conversion=0.0011s, RTAB-Map=0.2892s, Maps update=0.0050s pub=0.0001s delay=0.3350s (local map=22, WM=22)
[rtabmap-2] [INFO] [1768902796.876137512] [rtabmap]: rtabmap (78): Rate=0.50s, Limit=0.000s, Conversion=0.0006s, RTAB-Map=0.2756s, Maps update=0.0025s pub=0.0000s delay=0.2680s (local map=22, WM=22)
[rtabmap-2] [INFO] [1768902797.507699741] [rtabmap]: rtabmap (79): Rate=0.50s, Limit=0.000s, Conversion=0.0015s, RTAB-Map=0.3627s, Maps update=0.0043s pub=0.0000s delay=0.3320s (local map=22, WM=22)
[rtabmap-2] [INFO] [1768902798.061086965] [rtabmap]: rtabmap (80): Rate=0.50s, Limit=0.000s, Conversion=0.0024s, RTAB-Map=0.3318s, Maps update=0.0042s pub=0.0000s delay=0.3870s (local map=22, WM=22)
[rtabmap-2] [INFO] [1768902798.701770754] [rtabmap]: rtabmap (81): Rate=0.50s, Limit=0.000s, Conversion=0.0006s, RTAB-Map=0.2693s, Maps update=0.0030s pub=0.0000s delay=0.2550s (local map=22, WM=22)
[rtabmap-2] [INFO] [1768902799.190673312] [rtabmap]: rtabmap (82): Rate=0.50s, Limit=0.000s, Conversion=0.0013s, RTAB-Map=0.2571s, Maps update=0.0027s pub=0.0000s delay=0.2430s (local map=22, WM=22)
[rtabmap-2] [INFO] [1768902799.769626111] [rtabmap]: rtabmap (83): Rate=0.50s, Limit=0.000s, Conversion=0.0009s, RTAB-Map=0.3030s, Maps update=0.0048s pub=0.0000s delay=0.3110s (local map=22, WM=22)
[rtabmap-2] [INFO] [1768902800.305422446] [rtabmap]: rtabmap (84): Rate=0.50s, Limit=0.000s, Conversion=0.0014s, RTAB-Map=0.2881s, Maps update=0.0055s pub=0.0000s delay=0.2660s (local map=22, WM=22)
[rtabmap-2] [INFO] [1768902800.932177281] [rtabmap]: rtabmap (85): Rate=0.50s, Limit=0.000s, Conversion=0.0015s, RTAB-Map=0.2862s, Maps update=0.0040s pub=0.0000s delay=0.2460s (local map=22, WM=22)
[rtabmap-2] [INFO] [1768902801.497566002] [rtabmap]: rtabmap (86): Rate=0.50s, Limit=0.000s, Conversion=0.0007s, RTAB-Map=0.2622s, Maps update=0.0050s pub=0.0000s delay=0.2520s (local map=22, WM=22)
[rtabmap-2] [INFO] [1768902802.002973881] [rtabmap]: rtabmap (87): Rate=0.50s, Limit=0.000s, Conversion=0.0004s, RTAB-Map=0.2509s, Maps update=0.0043s pub=0.0000s delay=0.2360s (local map=22, WM=22)
[rtabmap-2] [INFO] [1768902802.559651223] [rtabmap]: rtabmap (88): Rate=0.50s, Limit=0.000s, Conversion=0.0006s, RTAB-Map=0.2658s, Maps update=0.0024s pub=0.0000s delay=0.3040s (local map=22, WM=22)
[rtabmap-2] [INFO] [1768902803.184237116] [rtabmap]: rtabmap (89): Rate=0.50s, Limit=0.000s, Conversion=0.0006s, RTAB-Map=0.2697s, Maps update=0.0046s pub=0.0000s delay=0.2700s (local map=22, WM=22)
[rtabmap-2] [INFO] [1768902803.911878712] [rtabmap]: rtabmap (90): Rate=0.50s, Limit=0.000s, Conversion=0.0006s, RTAB-Map=0.2631s, Maps update=0.0052s pub=0.0000s delay=0.2600s (local map=22, WM=22)
[rtabmap-2] [INFO] [1768902804.433737659] [rtabmap]: rtabmap (91): Rate=0.50s, Limit=0.000s, Conversion=0.0014s, RTAB-Map=0.2733s, Maps update=0.0054s pub=0.0000s delay=0.2430s (local map=22, WM=22)
[rtabmap-2] [INFO] [1768902805.004600213] [rtabmap]: rtabmap (92): Rate=0.50s, Limit=0.000s, Conversion=0.0004s, RTAB-Map=0.3379s, Maps update=0.0049s pub=0.0000s delay=0.3340s (local map=22, WM=22)
[rtabmap-2] [INFO] [1768902805.561041476] [rtabmap]: rtabmap (93): Rate=0.50s, Limit=0.000s, Conversion=0.0007s, RTAB-Map=0.2534s, Maps update=0.0048s pub=0.0000s delay=0.2920s (local map=22, WM=22)
[rtabmap-2] [INFO] [1768902806.483852750] [rtabmap]: rtabmap (94): Rate=0.50s, Limit=0.000s, Conversion=0.0015s, RTAB-Map=0.3706s, Maps update=0.0050s pub=0.0000s delay=0.3900s (local map=22, WM=22)
[rtabmap-2] [INFO] [1768902806.964072010] [rtabmap]: rtabmap (95): Rate=0.50s, Limit=0.000s, Conversion=0.0009s, RTAB-Map=0.3077s, Maps update=0.0046s pub=0.0000s delay=0.3470s (local map=22, WM=22)
[rtabmap-2] [INFO] [1768902807.514667306] [rtabmap]: rtabmap (96): Rate=0.50s, Limit=0.000s, Conversion=0.0007s, RTAB-Map=0.3038s, Maps update=0.0050s pub=0.0000s delay=0.3040s (local map=22, WM=22)
[rtabmap-2] [INFO] [1768902808.106287038] [rtabmap]: rtabmap (97): Rate=0.50s, Limit=0.000s, Conversion=0.0016s, RTAB-Map=0.3273s, Maps update=0.0040s pub=0.0000s delay=0.3640s (local map=22, WM=22)
[rtabmap-2] [INFO] [1768902808.576408245] [rtabmap]: rtabmap (98): Rate=0.50s, Limit=0.000s, Conversion=0.0005s, RTAB-Map=0.2733s, Maps update=0.0035s pub=0.0000s delay=0.3180s (local map=22, WM=22)
[rtabmap-2] [INFO] [1768902809.198079110] [rtabmap]: rtabmap (99): Rate=0.50s, Limit=0.000s, Conversion=0.0004s, RTAB-Map=0.2519s, Maps update=0.0040s pub=0.0000s delay=0.2540s (local map=22, WM=22)
[rtabmap-2] [INFO] [1768902809.930616678] [rtabmap]: rtabmap (100): Rate=0.50s, Limit=0.000s, Conversion=0.0007s, RTAB-Map=0.2616s, Maps update=0.0052s pub=0.0000s delay=0.2440s (local map=22, WM=22)
[rtabmap-2] [INFO] [1768902810.458431894] [rtabmap]: rtabmap (101): Rate=0.50s, Limit=0.000s, Conversion=0.0013s, RTAB-Map=0.3079s, Maps update=0.0026s pub=0.0000s delay=0.2440s (local map=22, WM=22)
[rtabmap-2] [INFO] [1768902811.047824396] [rtabmap]: rtabmap (102): Rate=0.50s, Limit=0.000s, Conversion=0.0005s, RTAB-Map=0.2903s, Maps update=0.0033s pub=0.0000s delay=0.2450s (local map=22, WM=22)
[rtabmap-2] [INFO] [1768902811.530179899] [rtabmap]: rtabmap (103): Rate=0.50s, Limit=0.000s, Conversion=0.0010s, RTAB-Map=0.2460s, Maps update=0.0042s pub=0.0000s delay=0.2400s (local map=22, WM=22)
[rtabmap-2] [INFO] [1768902812.198770618] [rtabmap]: rtabmap (104): Rate=0.50s, Limit=0.000s, Conversion=0.0004s, RTAB-Map=0.2741s, Maps update=0.0052s pub=0.0000s delay=0.3400s (local map=22, WM=22)
[rtabmap-2] [INFO] [1768902812.753918214] [rtabmap]: rtabmap (105): Rate=0.50s, Limit=0.000s, Conversion=0.0005s, RTAB-Map=0.2889s, Maps update=0.0047s pub=0.0000s delay=0.2520s (local map=22, WM=22)
[rtabmap-2] [INFO] [1768902813.430440750] [rtabmap]: rtabmap (106): Rate=0.50s, Limit=0.000s, Conversion=0.0010s, RTAB-Map=0.3012s, Maps update=0.0031s pub=0.0000s delay=0.3030s (local map=22, WM=22)
[rtabmap-2] [INFO] [1768902813.926229933] [rtabmap]: rtabmap (107): Rate=0.50s, Limit=0.000s, Conversion=0.0012s, RTAB-Map=0.2749s, Maps update=0.0051s pub=0.0000s delay=0.2710s (local map=22, WM=22)
[rtabmap-2] [INFO] [1768902814.543247374] [rtabmap]: rtabmap (108): Rate=0.50s, Limit=0.000s, Conversion=0.0017s, RTAB-Map=0.2877s, Maps update=0.0044s pub=0.0000s delay=0.2820s (local map=22, WM=22)
[rtabmap-2] [INFO] [1768902815.049315158] [rtabmap]: rtabmap (109): Rate=0.50s, Limit=0.000s, Conversion=0.0017s, RTAB-Map=0.2673s, Maps update=0.0049s pub=0.0000s delay=0.2700s (local map=22, WM=22)
[rtabmap-2] [INFO] [1768902815.709116157] [rtabmap]: rtabmap (110): Rate=0.50s, Limit=0.000s, Conversion=0.0012s, RTAB-Map=0.3265s, Maps update=0.0057s pub=0.0000s delay=0.3660s (local map=22, WM=22)
[rtabmap-2] [INFO] [1768902816.138409030] [rtabmap]: rtabmap (111): Rate=0.50s, Limit=0.000s, Conversion=0.0004s, RTAB-Map=0.2732s, Maps update=0.0031s pub=0.0000s delay=0.2620s (local map=22, WM=22)
[rtabmap-2] [INFO] [1768902816.830542442] [rtabmap]: rtabmap (112): Rate=0.50s, Limit=0.000s, Conversion=0.0006s, RTAB-Map=0.3267s, Maps update=0.0059s pub=0.0001s delay=0.3280s (local map=22, WM=22)
[rtabmap-2] [INFO] [1768902817.345723291] [rtabmap]: rtabmap (113): Rate=0.50s, Limit=0.000s, Conversion=0.0007s, RTAB-Map=0.3040s, Maps update=0.0024s pub=0.0000s delay=0.2980s (local map=22, WM=22)
[rtabmap-2] [INFO] [1768902817.831555913] [rtabmap]: rtabmap (114): Rate=0.50s, Limit=0.000s, Conversion=0.0008s, RTAB-Map=0.2579s, Maps update=0.0049s pub=0.0000s delay=0.2800s (local map=22, WM=22)
[rtabmap-2] [INFO] [1768902818.592274268] [rtabmap]: rtabmap (115): Rate=0.50s, Limit=0.000s, Conversion=0.0009s, RTAB-Map=0.2925s, Maps update=0.0026s pub=0.0000s delay=0.2540s (local map=22, WM=22)
[rtabmap-2] [INFO] [1768902819.203228239] [rtabmap]: rtabmap (116): Rate=0.50s, Limit=0.000s, Conversion=0.0008s, RTAB-Map=0.2536s, Maps update=0.0032s pub=0.0000s delay=0.2990s (local map=22, WM=22)
[rtabmap-2] [INFO] [1768902819.720657802] [rtabmap]: rtabmap (117): Rate=0.50s, Limit=0.000s, Conversion=0.0005s, RTAB-Map=0.2524s, Maps update=0.0054s pub=0.0000s delay=0.2830s (local map=22, WM=22)
[rtabmap-2] [INFO] [1768902820.467857728] [rtabmap]: rtabmap (118): Rate=0.50s, Limit=0.000s, Conversion=0.0009s, RTAB-Map=0.3156s, Maps update=0.0031s pub=0.0000s delay=0.2840s (local map=22, WM=22)
[rtabmap-2] [INFO] [1768902820.990875341] [rtabmap]: rtabmap (119): Rate=0.50s, Limit=0.000s, Conversion=0.0012s, RTAB-Map=0.3052s, Maps update=0.0039s pub=0.0000s delay=0.2730s (local map=22, WM=22)
[rtabmap-2] [INFO] [1768902821.736187627] [rtabmap]: rtabmap (120): Rate=0.50s, Limit=0.000s, Conversion=0.0012s, RTAB-Map=0.3439s, Maps update=0.0057s pub=0.0001s delay=0.3700s (local map=22, WM=22)
[rtabmap-2] [INFO] [1768902822.266846322] [rtabmap]: rtabmap (121): Rate=0.50s, Limit=0.000s, Conversion=0.0005s, RTAB-Map=0.3372s, Maps update=0.0054s pub=0.0000s delay=0.3200s (local map=22, WM=22)
[rtabmap-2] [INFO] [1768902822.793681739] [rtabmap]: rtabmap (122): Rate=0.50s, Limit=0.000s, Conversion=0.0005s, RTAB-Map=0.3359s, Maps update=0.0048s pub=0.0000s delay=0.2950s (local map=22, WM=22)
[rtabmap-2] [INFO] [1768902823.433289790] [rtabmap]: rtabmap (123): Rate=0.50s, Limit=0.000s, Conversion=0.0006s, RTAB-Map=0.3425s, Maps update=0.0037s pub=0.0000s delay=0.3880s (local map=22, WM=22)
[rtabmap-2] [INFO] [1768902823.929936456] [rtabmap]: rtabmap (124): Rate=0.50s, Limit=0.000s, Conversion=0.0014s, RTAB-Map=0.3164s, Maps update=0.0048s pub=0.0000s delay=0.3510s (local map=22, WM=22)
[rtabmap-2] [INFO] [1768902824.484643981] [rtabmap]: rtabmap (125): Rate=0.50s, Limit=0.000s, Conversion=0.0005s, RTAB-Map=0.3026s, Maps update=0.0024s pub=0.0000s delay=0.2710s (local map=22, WM=22)
[rtabmap-2] [INFO] [1768902825.074401292] [rtabmap]: rtabmap (126): Rate=0.50s, Limit=0.000s, Conversion=0.0006s, RTAB-Map=0.3510s, Maps update=0.0036s pub=0.0000s delay=0.3350s (local map=22, WM=22)
[rtabmap-2] [INFO] [1768902825.977731937] [rtabmap]: rtabmap (127): Rate=0.50s, Limit=0.000s, Conversion=0.0005s, RTAB-Map=0.2816s, Maps update=0.0026s pub=0.0000s delay=0.2600s (local map=22, WM=22)
[rtabmap-2] [INFO] [1768902826.471201996] [rtabmap]: rtabmap (128): Rate=0.50s, Limit=0.000s, Conversion=0.0006s, RTAB-Map=0.2438s, Maps update=0.0030s pub=0.0000s delay=0.2490s (local map=22, WM=22)
[rtabmap-2] [INFO] [1768902827.104877631] [rtabmap]: rtabmap (129): Rate=0.50s, Limit=0.000s, Conversion=0.0009s, RTAB-Map=0.2840s, Maps update=0.0048s pub=0.0000s delay=0.2460s (local map=22, WM=22)
[rtabmap-2] [INFO] [1768902827.758877586] [rtabmap]: rtabmap (130): Rate=0.50s, Limit=0.000s, Conversion=0.0017s, RTAB-Map=0.3158s, Maps update=0.0063s pub=0.0000s delay=0.3340s (local map=22, WM=22)
[rtabmap-2] [INFO] [1768902828.454410168] [rtabmap]: rtabmap (131): Rate=0.50s, Limit=0.000s, Conversion=0.0003s, RTAB-Map=0.3194s, Maps update=0.0069s pub=0.0000s delay=0.3520s (local map=22, WM=22)
[rtabmap-2] [INFO] [1768902828.938808589] [rtabmap]: rtabmap (132): Rate=0.50s, Limit=0.000s, Conversion=0.0011s, RTAB-Map=0.2839s, Maps update=0.0033s pub=0.0000s delay=0.3430s (local map=22, WM=22)
[rtabmap-2] [INFO] [1768902829.554190342] [rtabmap]: rtabmap (133): Rate=0.50s, Limit=0.000s, Conversion=0.0007s, RTAB-Map=0.2668s, Maps update=0.0044s pub=0.0000s delay=0.2840s (local map=22, WM=22)
[rtabmap-2] [INFO] [1768902830.471051072] [rtabmap]: rtabmap (134): Rate=0.50s, Limit=0.000s, Conversion=0.0005s, RTAB-Map=0.2458s, Maps update=0.0043s pub=0.0000s delay=0.2580s (local map=22, WM=22)
[rtabmap-2] [INFO] [1768902830.990805524] [rtabmap]: rtabmap (135): Rate=0.50s, Limit=0.000s, Conversion=0.0006s, RTAB-Map=0.2611s, Maps update=0.0035s pub=0.0000s delay=0.2460s (local map=22, WM=22)
[rtabmap-2] [INFO] [1768902831.540502853] [rtabmap]: rtabmap (136): Rate=0.50s, Limit=0.000s, Conversion=0.0011s, RTAB-Map=0.2856s, Maps update=0.0029s pub=0.0000s delay=0.3160s (local map=22, WM=22)
[rtabmap-2] [INFO] [1768902832.132882713] [rtabmap]: rtabmap (137): Rate=0.50s, Limit=0.000s, Conversion=0.0006s, RTAB-Map=0.3044s, Maps update=0.0053s pub=0.0000s delay=0.2570s (local map=22, WM=22)
[rtabmap-2] [INFO] [1768902832.684122303] [rtabmap]: rtabmap (138): Rate=0.50s, Limit=0.000s, Conversion=0.0008s, RTAB-Map=0.3256s, Maps update=0.0023s pub=0.0000s delay=0.3330s (local map=22, WM=22)
[rtabmap-2] [INFO] [1768902833.242912257] [rtabmap]: rtabmap (139): Rate=0.50s, Limit=0.000s, Conversion=0.0010s, RTAB-Map=0.3564s, Maps update=0.0022s pub=0.0000s delay=0.3830s (local map=22, WM=22)
[rtabmap-2] [INFO] [1768902833.939740104] [rtabmap]: rtabmap (140): Rate=0.50s, Limit=0.000s, Conversion=0.0019s, RTAB-Map=0.3344s, Maps update=0.0058s pub=0.0000s delay=0.2830s (local map=22, WM=22)
[rtabmap-2] [INFO] [1768902834.429897668] [rtabmap]: rtabmap (141): Rate=0.50s, Limit=0.000s, Conversion=0.0006s, RTAB-Map=0.2946s, Maps update=0.0047s pub=0.0000s delay=0.2520s (local map=22, WM=22)
[rtabmap-2] [INFO] [1768902835.017837741] [rtabmap]: rtabmap (142): Rate=0.50s, Limit=0.000s, Conversion=0.0010s, RTAB-Map=0.3544s, Maps update=0.0027s pub=0.0000s delay=0.3320s (local map=22, WM=22)
[rtabmap-2] [INFO] [1768902835.584858942] [rtabmap]: rtabmap (143): Rate=0.50s, Limit=0.000s, Conversion=0.0007s, RTAB-Map=0.3275s, Maps update=0.0043s pub=0.0000s delay=0.3480s (local map=22, WM=22)
[rtabmap-2] [INFO] [1768902836.035783813] [rtabmap]: rtabmap (144): Rate=0.50s, Limit=0.000s, Conversion=0.0004s, RTAB-Map=0.2956s, Maps update=0.0047s pub=0.0000s delay=0.2480s (local map=22, WM=22)
[rgbd_sync-1] [INFO] [1768902836.354727266] [rclcpp]: signal_handler(signum=2)
[rtabmap-2] [INFO] [1768902836.354645666] [rclcpp]: signal_handler(signum=2)
[rtabmap-2] [INFO] [1768902836.378760104] [rtabmap]: Parameters are not saved (No configuration file provided...)
[INFO] [rgbd_sync-1]: process has finished cleanly [pid 1451538]
[rtabmap-2] [33m[ WARN] (2026-01-20 18:52:30.286) Memory.cpp:5917::createSignature() Mem/SaveDepth16Format is set to false to use 32bits format but this is not compatible with the compressed depth format chosen (Mem/DepthCompressionFormat=".rvl"), depth images will be compressed in ".png" format instead. Explicitly set Mem/SaveDepth16Format to true to keep using ".rvl" format and images will be converted to 16bits for convenience (warning: that would remove all depth values over 65 meters). Explicitly set Mem/DepthCompressionFormat=".png" to suppress this warning. This warning is only printed once.[0m
[rtabmap-2] [33m[ WARN] (2026-01-20 18:52:30.563) MapsManager.cpp:863::publishMaps() Graph has changed! The whole cloud is regenerated.[0m
[rtabmap-2] [33m[ WARN] (2026-01-20 18:52:56.597) Rtabmap.cpp:3069::process() Rejected loop closure 1 -> 45: Not enough inliers 0/20 (matches=20) between 1 and 45[0m
[rtabmap-2] [33m[ WARN] (2026-01-20 18:52:57.136) Memory.cpp:3217::computeTransform() Missing visual features or missing raw data to compute them. Transform cannot be estimated.[0m
[rtabmap-2] [33m[ WARN] (2026-01-20 18:52:57.653) Memory.cpp:3217::computeTransform() Missing visual features or missing raw data to compute them. Transform cannot be estimated.[0m
[rtabmap-2] [33m[ WARN] (2026-01-20 18:52:58.342) Rtabmap.cpp:3069::process() Rejected loop closure 1 -> 45: Not enough inliers 0/20 (matches=22) between 1 and 45[0m
[rtabmap-2] [33m[ WARN] (2026-01-20 18:52:58.859) Rtabmap.cpp:3069::process() Rejected loop closure 1 -> 45: Not enough inliers 0/20 (matches=22) between 1 and 45[0m
[rtabmap-2] [33m[ WARN] (2026-01-20 18:52:59.605) Rtabmap.cpp:3069::process() Rejected loop closure 1 -> 50: Not enough inliers 7/20 (matches=28) between 1 and 50[0m
[rtabmap-2] rtabmap: Saving database/long-term memory... (located at /home/fujino/.ros/rtabmap_ur5e_20260120_185228.db)
[rtabmap-2] rtabmap: Saving database/long-term memory...done! (located at /home/fujino/.ros/rtabmap_ur5e_20260120_185228.db, 218 MB)
[INFO] [rtabmap-2]: process has finished cleanly [pid 1451540]
