[INFO] [launch]: All log files can be found below /home/fujino/.ros/log/2026-01-20-01-40-54-574844-fh-1093869
[INFO] [launch]: Default logging verbosity is set to INFO
[INFO] [rgbd_sync-1]: process started with pid [1093886]
[INFO] [rtabmap-2]: process started with pid [1093888]
[rtabmap-2] [INFO] [1768840855.225964769] [rtabmap]: rtabmap(maps): latch                      = true
[rtabmap-2] [INFO] [1768840855.226293066] [rtabmap]: rtabmap(maps): map_filter_radius          = 0.000000
[rtabmap-2] [INFO] [1768840855.226323596] [rtabmap]: rtabmap(maps): map_filter_angle           = 30.000000
[rtabmap-2] [INFO] [1768840855.226338483] [rtabmap]: rtabmap(maps): map_cleanup                = true
[rtabmap-2] [INFO] [1768840855.227812240] [rtabmap]: rtabmap(maps): map_always_update          = false
[rtabmap-2] [INFO] [1768840855.227829673] [rtabmap]: rtabmap(maps): map_empty_ray_tracing      = true
[rtabmap-2] [INFO] [1768840855.228727904] [rtabmap]: rtabmap(maps): cloud_output_voxelized     = true
[rtabmap-2] [INFO] [1768840855.228741364] [rtabmap]: rtabmap(maps): cloud_subtract_filtering   = false
[rtabmap-2] [INFO] [1768840855.228751685] [rtabmap]: rtabmap(maps): cloud_subtract_filtering_min_neighbors = 2
[rtabmap-2] [INFO] [1768840855.229520585] [rtabmap]: rtabmap(maps): octomap_tree_depth         = 16
[rgbd_sync-1] [INFO] [1768840855.295165816] [rgbd_sync]: rgbd_sync: approx_sync = true
[rgbd_sync-1] [INFO] [1768840855.295544202] [rgbd_sync]: rgbd_sync: approx_sync_max_interval = 0.010000
[rgbd_sync-1] [INFO] [1768840855.295578698] [rgbd_sync]: rgbd_sync: topic_queue_size  = 10
[rgbd_sync-1] [INFO] [1768840855.295591901] [rgbd_sync]: rgbd_sync: sync_queue_size  = 30
[rgbd_sync-1] [INFO] [1768840855.295603133] [rgbd_sync]: rgbd_sync: qos             = 2
[rgbd_sync-1] [INFO] [1768840855.295614494] [rgbd_sync]: rgbd_sync: qos_camera_info = 2
[rgbd_sync-1] [INFO] [1768840855.295625274] [rgbd_sync]: rgbd_sync: depth_scale = 1.000000
[rgbd_sync-1] [INFO] [1768840855.295638169] [rgbd_sync]: rgbd_sync: decimation = 1
[rgbd_sync-1] [INFO] [1768840855.295649394] [rgbd_sync]: rgbd_sync: compressed_rate = 0.000000
[rtabmap-2] [INFO] [1768840855.330712201] [rtabmap]: rtabmap: frame_id      = camera_color_optical_frame
[rtabmap-2] [INFO] [1768840855.330750485] [rtabmap]: rtabmap: odom_frame_id = world
[rtabmap-2] [INFO] [1768840855.330756375] [rtabmap]: rtabmap: map_frame_id  = world
[rtabmap-2] [INFO] [1768840855.330760519] [rtabmap]: rtabmap: log_to_rosout_level  = 4
[rtabmap-2] [INFO] [1768840855.330765397] [rtabmap]: rtabmap: initial_pose  = 
[rtabmap-2] [INFO] [1768840855.330769416] [rtabmap]: rtabmap: use_action_for_goal  = false
[rtabmap-2] [INFO] [1768840855.330773650] [rtabmap]: rtabmap: tf_delay      = 0.050000
[rtabmap-2] [INFO] [1768840855.330781919] [rtabmap]: rtabmap: tf_tolerance  = 0.100000
[rtabmap-2] [INFO] [1768840855.330786973] [rtabmap]: rtabmap: odom_sensor_sync   = false
[rtabmap-2] [INFO] [1768840855.330791154] [rtabmap]: rtabmap: pub_loc_pose_only_when_localizing = false
[rtabmap-2] [INFO] [1768840855.330795732] [rtabmap]: rtabmap: wait_for_transform = 0.200000
[rtabmap-2] [INFO] [1768840855.330801034] [rtabmap]: rtabmap: gen_scan  = false
[rtabmap-2] [INFO] [1768840855.330805429] [rtabmap]: rtabmap: gen_depth  = false
[rgbd_sync-1] [INFO] [1768840855.334845678] [rgbd_sync]: 
[rgbd_sync-1] rgbd_sync subscribed to (approx sync, max interval=0.010000s):
[rgbd_sync-1]    /camera/color/image_raw,
[rgbd_sync-1]    /camera/depth/depth/image_raw,
[rgbd_sync-1]    /camera/color/camera_info
[rtabmap-2] [INFO] [1768840855.360818221] [rtabmap]: Setting RTAB-Map parameter "Grid/3D"="true" (rosparam)
[rtabmap-2] [INFO] [1768840855.361290548] [rtabmap]: Setting RTAB-Map parameter "Grid/RangeMax"="5.0" (rosparam)
[rtabmap-2] [INFO] [1768840855.361373495] [rtabmap]: Setting RTAB-Map parameter "Grid/RayTracing"="true" (rosparam)
[rtabmap-2] [INFO] [1768840855.361526587] [rtabmap]: Setting RTAB-Map parameter "Grid/Sensor"="1" (rosparam)
[rtabmap-2] [INFO] [1768840855.369169684] [rtabmap]: Setting RTAB-Map parameter "RGBD/CreateOccupancyGrid"="true" (rosparam)
[rtabmap-2] [INFO] [1768840855.373013313] [rtabmap]: Setting RTAB-Map parameter "Rtabmap/DetectionRate"="2.0" (rosparam)
[rtabmap-2] [INFO] [1768840855.534480879] [rtabmap]: RTAB-Map detection rate = 2.000000 Hz
[rtabmap-2] [INFO] [1768840855.534588245] [rtabmap]: rtabmap: Using database from "/home/fujino/.ros/rtabmap_ur5e_20260120_014054.db" (0 MB).
[rtabmap-2] [INFO] [1768840855.552817792] [rtabmap]: rtabmap: Database version = "0.22.1".
[rtabmap-2] [INFO] [1768840855.552869298] [rtabmap]: rtabmap: SLAM mode (Mem/IncrementalMemory=true)
[rtabmap-2] [INFO] [1768840855.595972295] [rtabmap]: Setup callbacks
[rtabmap-2] [WARN] [1768840855.596052822] [rtabmap]: rtabmap: Parameters subscribe_depth and subscribe_rgbd cannot be true at the same time. Parameter subscribe_depth is set to false.
[rtabmap-2] [INFO] [1768840855.596419367] [rtabmap]: rtabmap: subscribe_depth = false
[rtabmap-2] [INFO] [1768840855.596452305] [rtabmap]: rtabmap: subscribe_rgb = false
[rtabmap-2] [INFO] [1768840855.596466048] [rtabmap]: rtabmap: subscribe_stereo = false
[rtabmap-2] [INFO] [1768840855.596477859] [rtabmap]: rtabmap: subscribe_rgbd = true (rgbd_cameras=1)
[rtabmap-2] [INFO] [1768840855.596490668] [rtabmap]: rtabmap: subscribe_sensor_data = false
[rtabmap-2] [INFO] [1768840855.596501600] [rtabmap]: rtabmap: subscribe_odom_info = false
[rtabmap-2] [INFO] [1768840855.596512347] [rtabmap]: rtabmap: subscribe_user_data = false
[rtabmap-2] [INFO] [1768840855.596523455] [rtabmap]: rtabmap: subscribe_scan = false
[rtabmap-2] [INFO] [1768840855.596534810] [rtabmap]: rtabmap: subscribe_scan_cloud = false
[rtabmap-2] [INFO] [1768840855.596545486] [rtabmap]: rtabmap: subscribe_scan_descriptor = false
[rtabmap-2] [INFO] [1768840855.596557397] [rtabmap]: rtabmap: topic_queue_size = 10
[rtabmap-2] [INFO] [1768840855.596569557] [rtabmap]: rtabmap: sync_queue_size  = 30
[rtabmap-2] [INFO] [1768840855.596580904] [rtabmap]: rtabmap: qos_image       = 2
[rtabmap-2] [INFO] [1768840855.596639560] [rtabmap]: rtabmap: qos_camera_info = 2
[rtabmap-2] [INFO] [1768840855.596656163] [rtabmap]: rtabmap: qos_scan        = 2
[rtabmap-2] [INFO] [1768840855.596668238] [rtabmap]: rtabmap: qos_odom        = 2
[rtabmap-2] [INFO] [1768840855.596679246] [rtabmap]: rtabmap: qos_user_data   = 2
[rtabmap-2] [INFO] [1768840855.596690094] [rtabmap]: rtabmap: approx_sync     = true
[rtabmap-2] [INFO] [1768840855.596718481] [rtabmap]: Setup rgbd callback
[rtabmap-2] [INFO] [1768840855.598360270] [rtabmap]: 
[rtabmap-2] rtabmap subscribed to:
[rtabmap-2]    /rgbd_image
[rtabmap-2] [INFO] [1768840856.138055530] [rtabmap]: rtabmap (1): Rate=0.50s, Limit=0.000s, Conversion=0.0035s, RTAB-Map=0.3017s, Maps update=0.0068s pub=0.0005s delay=0.3370s (local map=1, WM=1)
[rtabmap-2] [INFO] [1768840856.675946532] [rtabmap]: rtabmap (2): Rate=0.50s, Limit=0.000s, Conversion=0.0018s, RTAB-Map=0.3486s, Maps update=0.0048s pub=0.0000s delay=0.3110s (local map=1, WM=1)
[rtabmap-2] [INFO] [1768840857.240540457] [rtabmap]: rtabmap (3): Rate=0.50s, Limit=0.000s, Conversion=0.0025s, RTAB-Map=0.3784s, Maps update=0.0040s pub=0.0000s delay=0.3970s (local map=1, WM=1)
[rtabmap-2] [INFO] [1768840857.755385256] [rtabmap]: rtabmap (4): Rate=0.50s, Limit=0.000s, Conversion=0.0016s, RTAB-Map=0.3916s, Maps update=0.0066s pub=0.0000s delay=0.3820s (local map=1, WM=1)
[rtabmap-2] [INFO] [1768840858.287889300] [rtabmap]: rtabmap (5): Rate=0.50s, Limit=0.000s, Conversion=0.0040s, RTAB-Map=0.3908s, Maps update=0.0050s pub=0.0000s delay=0.3590s (local map=1, WM=1)
[rtabmap-2] [INFO] [1768840858.745846778] [rtabmap]: rtabmap (6): Rate=0.50s, Limit=0.000s, Conversion=0.0029s, RTAB-Map=0.3346s, Maps update=0.0076s pub=0.0000s delay=0.3410s (local map=1, WM=1)
[rtabmap-2] [INFO] [1768840859.241949059] [rtabmap]: rtabmap (7): Rate=0.50s, Limit=0.000s, Conversion=0.0031s, RTAB-Map=0.3137s, Maps update=0.0060s pub=0.0000s delay=0.3230s (local map=1, WM=1)
[rtabmap-2] [INFO] [1768840859.871417402] [rtabmap]: rtabmap (8): Rate=0.50s, Limit=0.000s, Conversion=0.0017s, RTAB-Map=0.4017s, Maps update=0.0077s pub=0.0000s delay=0.3830s (local map=1, WM=1)
[rtabmap-2] [INFO] [1768840860.350299221] [rtabmap]: rtabmap (9): Rate=0.50s, Limit=0.000s, Conversion=0.0022s, RTAB-Map=0.3602s, Maps update=0.0084s pub=0.0000s delay=0.3680s (local map=1, WM=1)
[rtabmap-2] [INFO] [1768840860.850786985] [rtabmap]: rtabmap (10): Rate=0.50s, Limit=0.000s, Conversion=0.0012s, RTAB-Map=0.3511s, Maps update=0.0037s pub=0.0000s delay=0.3470s (local map=1, WM=1)
[rtabmap-2] [INFO] [1768840861.363356609] [rtabmap]: rtabmap (11): Rate=0.50s, Limit=0.000s, Conversion=0.0006s, RTAB-Map=0.3376s, Maps update=0.0035s pub=0.0000s delay=0.3200s (local map=1, WM=1)
[rtabmap-2] [INFO] [1768840861.973397740] [rtabmap]: rtabmap (12): Rate=0.50s, Limit=0.000s, Conversion=0.0012s, RTAB-Map=0.3070s, Maps update=0.0035s pub=0.0000s delay=0.2850s (local map=1, WM=1)
[rtabmap-2] [INFO] [1768840862.500034445] [rtabmap]: rtabmap (13): Rate=0.50s, Limit=0.000s, Conversion=0.0008s, RTAB-Map=0.2690s, Maps update=0.0054s pub=0.0000s delay=0.2220s (local map=1, WM=1)
[rtabmap-2] [INFO] [1768840863.227411675] [rtabmap]: rtabmap (14): Rate=0.50s, Limit=0.000s, Conversion=0.0005s, RTAB-Map=0.2819s, Maps update=0.0068s pub=0.0000s delay=0.3250s (local map=1, WM=1)
[rtabmap-2] [INFO] [1768840863.845893143] [rtabmap]: rtabmap (15): Rate=0.50s, Limit=0.000s, Conversion=0.0005s, RTAB-Map=0.2688s, Maps update=0.0048s pub=0.0000s delay=0.2750s (local map=1, WM=1)
[rtabmap-2] [INFO] [1768840864.526894074] [rtabmap]: rtabmap (16): Rate=0.50s, Limit=0.000s, Conversion=0.0005s, RTAB-Map=0.2928s, Maps update=0.0037s pub=0.0000s delay=0.3310s (local map=1, WM=1)
[rtabmap-2] [INFO] [1768840865.088665669] [rtabmap]: rtabmap (17): Rate=0.50s, Limit=0.000s, Conversion=0.0005s, RTAB-Map=0.3108s, Maps update=0.0058s pub=0.0001s delay=0.2940s (local map=1, WM=1)
[rtabmap-2] [INFO] [1768840865.831449106] [rtabmap]: rtabmap (18): Rate=0.50s, Limit=0.000s, Conversion=0.0004s, RTAB-Map=0.3499s, Maps update=0.0076s pub=0.0003s delay=0.3930s (local map=2, WM=2)
[rtabmap-2] [INFO] [1768840866.248382071] [rtabmap]: rtabmap (19): Rate=0.50s, Limit=0.000s, Conversion=0.0006s, RTAB-Map=0.2469s, Maps update=0.0067s pub=0.0000s delay=0.2590s (local map=2, WM=2)
[rtabmap-2] [INFO] [1768840866.841141747] [rtabmap]: rtabmap (20): Rate=0.50s, Limit=0.000s, Conversion=0.0014s, RTAB-Map=0.2636s, Maps update=0.0053s pub=0.0000s delay=0.2970s (local map=2, WM=2)
[rtabmap-2] [INFO] [1768840867.522215662] [rtabmap]: rtabmap (21): Rate=0.50s, Limit=0.000s, Conversion=0.0007s, RTAB-Map=0.4320s, Maps update=0.0057s pub=0.0003s delay=0.3800s (local map=3, WM=3)
[rtabmap-2] [INFO] [1768840868.110865750] [rtabmap]: rtabmap (22): Rate=0.50s, Limit=0.000s, Conversion=0.0012s, RTAB-Map=0.3806s, Maps update=0.0083s pub=0.0001s delay=0.3490s (local map=3, WM=3)
[rtabmap-2] [INFO] [1768840868.972564568] [rtabmap]: rtabmap (23): Rate=0.50s, Limit=0.000s, Conversion=0.0017s, RTAB-Map=0.4448s, Maps update=0.0070s pub=0.0004s delay=0.4430s (local map=4, WM=4)
[rtabmap-2] [INFO] [1768840869.562556732] [rtabmap]: rtabmap (24): Rate=0.50s, Limit=0.000s, Conversion=0.0008s, RTAB-Map=0.4094s, Maps update=0.0049s pub=0.0000s delay=0.4380s (local map=4, WM=4)
[rtabmap-2] [INFO] [1768840870.154123146] [rtabmap]: rtabmap (25): Rate=0.50s, Limit=0.000s, Conversion=0.0006s, RTAB-Map=0.4655s, Maps update=0.0062s pub=0.0000s delay=0.5060s (local map=4, WM=4)
[rtabmap-2] [INFO] [1768840870.591106835] [rtabmap]: rtabmap (26): Rate=0.50s, Limit=0.000s, Conversion=0.0009s, RTAB-Map=0.3981s, Maps update=0.0069s pub=0.0007s delay=0.3960s (local map=5, WM=5)
[rtabmap-2] [INFO] [1768840871.119608115] [rtabmap]: rtabmap (27): Rate=0.50s, Limit=0.000s, Conversion=0.0004s, RTAB-Map=0.3745s, Maps update=0.0035s pub=0.0000s delay=0.3470s (local map=5, WM=5)
[rtabmap-2] [INFO] [1768840871.678030914] [rtabmap]: rtabmap (28): Rate=0.50s, Limit=0.000s, Conversion=0.0005s, RTAB-Map=0.3804s, Maps update=0.0031s pub=0.0000s delay=0.3890s (local map=5, WM=5)
[rtabmap-2] [INFO] [1768840872.245165972] [rtabmap]: rtabmap (29): Rate=0.50s, Limit=0.000s, Conversion=0.0006s, RTAB-Map=0.3772s, Maps update=0.0048s pub=0.0003s delay=0.4240s (local map=6, WM=6)
[rtabmap-2] [INFO] [1768840872.873904492] [rtabmap]: rtabmap (30): Rate=0.50s, Limit=0.000s, Conversion=0.0008s, RTAB-Map=0.4408s, Maps update=0.0034s pub=0.0000s delay=0.4640s (local map=6, WM=6)
[rtabmap-2] [INFO] [1768840873.381480630] [rtabmap]: rtabmap (31): Rate=0.50s, Limit=0.000s, Conversion=0.0008s, RTAB-Map=0.4160s, Maps update=0.0036s pub=0.0000s delay=0.4240s (local map=6, WM=6)
[rtabmap-2] [INFO] [1768840873.846002551] [rtabmap]: rtabmap (32): Rate=0.50s, Limit=0.000s, Conversion=0.0006s, RTAB-Map=0.3505s, Maps update=0.0035s pub=0.0003s delay=0.4070s (local map=7, WM=7)
[rtabmap-2] [INFO] [1768840874.513426844] [rtabmap]: rtabmap (33): Rate=0.50s, Limit=0.000s, Conversion=0.0012s, RTAB-Map=0.4409s, Maps update=0.0022s pub=0.0000s delay=0.4100s (local map=7, WM=7)
[rtabmap-2] [INFO] [1768840875.113131009] [rtabmap]: rtabmap (34): Rate=0.50s, Limit=0.000s, Conversion=0.0010s, RTAB-Map=0.4107s, Maps update=0.0049s pub=0.0000s delay=0.3900s (local map=7, WM=7)
[rtabmap-2] [INFO] [1768840875.647023347] [rtabmap]: rtabmap (35): Rate=0.50s, Limit=0.000s, Conversion=0.0005s, RTAB-Map=0.4074s, Maps update=0.0050s pub=0.0005s delay=0.4640s (local map=8, WM=8)
[rtabmap-2] [INFO] [1768840876.280170140] [rtabmap]: rtabmap (36): Rate=0.50s, Limit=0.000s, Conversion=0.0008s, RTAB-Map=0.4146s, Maps update=0.0048s pub=0.0000s delay=0.4420s (local map=8, WM=8)
[rtabmap-2] [INFO] [1768840876.817490157] [rtabmap]: rtabmap (37): Rate=0.50s, Limit=0.000s, Conversion=0.0006s, RTAB-Map=0.4417s, Maps update=0.0062s pub=0.0007s delay=0.4340s (local map=9, WM=9)
[rtabmap-2] [INFO] [1768840877.347058615] [rtabmap]: rtabmap (38): Rate=0.50s, Limit=0.000s, Conversion=0.0006s, RTAB-Map=0.4075s, Maps update=0.0041s pub=0.0000s delay=0.3700s (local map=9, WM=9)
[rtabmap-2] [INFO] [1768840877.877520637] [rtabmap]: rtabmap (39): Rate=0.50s, Limit=0.000s, Conversion=0.0006s, RTAB-Map=0.3723s, Maps update=0.0055s pub=0.0006s delay=0.3790s (local map=10, WM=10)
[rtabmap-2] [INFO] [1768840878.453682407] [rtabmap]: rtabmap (40): Rate=0.50s, Limit=0.000s, Conversion=0.0008s, RTAB-Map=0.4351s, Maps update=0.0043s pub=0.0012s delay=0.4710s (local map=11, WM=11)
[rtabmap-2] [INFO] [1768840878.935074323] [rtabmap]: rtabmap (41): Rate=0.50s, Limit=0.000s, Conversion=0.0009s, RTAB-Map=0.3928s, Maps update=0.0081s pub=0.0000s delay=0.3590s (local map=11, WM=11)
[rtabmap-2] [INFO] [1768840879.524687460] [rtabmap]: rtabmap (42): Rate=0.50s, Limit=0.000s, Conversion=0.0007s, RTAB-Map=0.4398s, Maps update=0.0055s pub=0.0010s delay=0.4120s (local map=12, WM=12)
[rtabmap-2] [INFO] [1768840880.007109541] [rtabmap]: rtabmap (43): Rate=0.50s, Limit=0.000s, Conversion=0.0005s, RTAB-Map=0.4101s, Maps update=0.0032s pub=0.0000s delay=0.4120s (local map=12, WM=12)
[rtabmap-2] [INFO] [1768840880.617827492] [rtabmap]: rtabmap (44): Rate=0.50s, Limit=0.000s, Conversion=0.0006s, RTAB-Map=0.4522s, Maps update=0.0032s pub=0.0011s delay=0.4320s (local map=13, WM=13)
[rtabmap-2] [INFO] [1768840881.016473056] [rtabmap]: rtabmap (45): Rate=0.50s, Limit=0.000s, Conversion=0.0010s, RTAB-Map=0.2761s, Maps update=0.0031s pub=0.0000s delay=0.2560s (local map=13, WM=13)
[rtabmap-2] [INFO] [1768840881.678186324] [rtabmap]: rtabmap (46): Rate=0.50s, Limit=0.000s, Conversion=0.0008s, RTAB-Map=0.3955s, Maps update=0.0058s pub=0.0008s delay=0.4270s (local map=14, WM=14)
[rtabmap-2] [INFO] [1768840882.177144482] [rtabmap]: rtabmap (47): Rate=0.50s, Limit=0.000s, Conversion=0.0004s, RTAB-Map=0.3599s, Maps update=0.0059s pub=0.0000s delay=0.3930s (local map=14, WM=14)
[rtabmap-2] [INFO] [1768840882.658422672] [rtabmap]: rtabmap (48): Rate=0.50s, Limit=0.000s, Conversion=0.0007s, RTAB-Map=0.3120s, Maps update=0.0059s pub=0.0007s delay=0.2650s (local map=15, WM=15)
[rtabmap-2] [INFO] [1768840883.210994316] [rtabmap]: rtabmap (49): Rate=0.50s, Limit=0.000s, Conversion=0.0007s, RTAB-Map=0.3307s, Maps update=0.0047s pub=0.0000s delay=0.3420s (local map=15, WM=15)
[rtabmap-2] [INFO] [1768840883.835548399] [rtabmap]: rtabmap (50): Rate=0.50s, Limit=0.000s, Conversion=0.0015s, RTAB-Map=0.4309s, Maps update=0.0039s pub=0.0008s delay=0.4090s (local map=16, WM=16)
[rtabmap-2] [INFO] [1768840884.365873903] [rtabmap]: rtabmap (51): Rate=0.50s, Limit=0.000s, Conversion=0.0009s, RTAB-Map=0.4467s, Maps update=0.0036s pub=0.0000s delay=0.3880s (local map=16, WM=16)
[rtabmap-2] [INFO] [1768840884.859769781] [rtabmap]: rtabmap (52): Rate=0.50s, Limit=0.000s, Conversion=0.0007s, RTAB-Map=0.4240s, Maps update=0.0039s pub=0.0000s delay=0.3680s (local map=16, WM=16)
[rtabmap-2] [INFO] [1768840885.458556014] [rtabmap]: rtabmap (53): Rate=0.50s, Limit=0.000s, Conversion=0.0008s, RTAB-Map=0.4776s, Maps update=0.0022s pub=0.0000s delay=0.4370s (local map=16, WM=16)
[rtabmap-2] [INFO] [1768840886.068457681] [rtabmap]: rtabmap (54): Rate=0.50s, Limit=0.000s, Conversion=0.0007s, RTAB-Map=0.3477s, Maps update=0.0051s pub=0.0000s delay=0.2950s (local map=16, WM=16)
[rtabmap-2] [INFO] [1768840886.797147528] [rtabmap]: rtabmap (55): Rate=0.50s, Limit=0.000s, Conversion=0.0008s, RTAB-Map=0.4630s, Maps update=0.0039s pub=0.0000s delay=0.4720s (local map=16, WM=16)
[rtabmap-2] [INFO] [1768840887.285994046] [rtabmap]: rtabmap (56): Rate=0.50s, Limit=0.000s, Conversion=0.0007s, RTAB-Map=0.3185s, Maps update=0.0052s pub=0.0009s delay=0.3500s (local map=17, WM=17)
[rtabmap-2] [INFO] [1768840887.938511156] [rtabmap]: rtabmap (57): Rate=0.50s, Limit=0.000s, Conversion=0.0008s, RTAB-Map=0.3742s, Maps update=0.0049s pub=0.0001s delay=0.3540s (local map=17, WM=17)
[rtabmap-2] [INFO] [1768840888.511400215] [rtabmap]: rtabmap (58): Rate=0.50s, Limit=0.000s, Conversion=0.0010s, RTAB-Map=0.4346s, Maps update=0.0032s pub=0.0001s delay=0.4410s (local map=17, WM=17)
[rtabmap-2] [INFO] [1768840889.103716784] [rtabmap]: rtabmap (59): Rate=0.50s, Limit=0.000s, Conversion=0.0005s, RTAB-Map=0.3707s, Maps update=0.0032s pub=0.0005s delay=0.4050s (local map=18, WM=18)
[rtabmap-2] [INFO] [1768840889.548274346] [rtabmap]: rtabmap (60): Rate=0.50s, Limit=0.000s, Conversion=0.0006s, RTAB-Map=0.3132s, Maps update=0.0027s pub=0.0000s delay=0.2850s (local map=18, WM=18)
[rtabmap-2] [INFO] [1768840890.083419354] [rtabmap]: rtabmap (61): Rate=0.50s, Limit=0.000s, Conversion=0.0007s, RTAB-Map=0.3009s, Maps update=0.0045s pub=0.0000s delay=0.3420s (local map=18, WM=18)
[rtabmap-2] [INFO] [1768840890.643796477] [rtabmap]: rtabmap (62): Rate=0.50s, Limit=0.000s, Conversion=0.0013s, RTAB-Map=0.3503s, Maps update=0.0027s pub=0.0009s delay=0.3320s (local map=19, WM=19)
[rtabmap-2] [INFO] [1768840891.126292125] [rtabmap]: rtabmap (63): Rate=0.50s, Limit=0.000s, Conversion=0.0007s, RTAB-Map=0.2957s, Maps update=0.0047s pub=0.0000s delay=0.3050s (local map=19, WM=19)
[rtabmap-2] [INFO] [1768840891.676058756] [rtabmap]: rtabmap (64): Rate=0.50s, Limit=0.000s, Conversion=0.0009s, RTAB-Map=0.3319s, Maps update=0.0061s pub=0.0000s delay=0.2890s (local map=19, WM=19)
[rtabmap-2] [INFO] [1768840892.253647107] [rtabmap]: rtabmap (65): Rate=0.50s, Limit=0.000s, Conversion=0.0007s, RTAB-Map=0.3674s, Maps update=0.0056s pub=0.0016s delay=0.3370s (local map=20, WM=20)
[rtabmap-2] [INFO] [1768840892.739212180] [rtabmap]: rtabmap (66): Rate=0.50s, Limit=0.000s, Conversion=0.0009s, RTAB-Map=0.3338s, Maps update=0.0081s pub=0.0000s delay=0.3360s (local map=20, WM=20)
[rtabmap-2] [INFO] [1768840893.278745071] [rtabmap]: rtabmap (67): Rate=0.50s, Limit=0.000s, Conversion=0.0007s, RTAB-Map=0.3504s, Maps update=0.0056s pub=0.0000s delay=0.3150s (local map=20, WM=20)
[rtabmap-2] [INFO] [1768840893.813698764] [rtabmap]: rtabmap (68): Rate=0.50s, Limit=0.000s, Conversion=0.0009s, RTAB-Map=0.2972s, Maps update=0.0051s pub=0.0005s delay=0.3230s (local map=21, WM=21)
[rtabmap-2] [INFO] [1768840894.558566162] [rtabmap]: rtabmap (69): Rate=0.50s, Limit=0.000s, Conversion=0.0006s, RTAB-Map=0.4057s, Maps update=0.0059s pub=0.0000s delay=0.4020s (local map=21, WM=21)
[rtabmap-2] [INFO] [1768840894.977696724] [rtabmap]: rtabmap (70): Rate=0.50s, Limit=0.000s, Conversion=0.0004s, RTAB-Map=0.3341s, Maps update=0.0028s pub=0.0000s delay=0.2800s (local map=21, WM=21)
[rtabmap-2] [INFO] [1768840895.536362357] [rtabmap]: rtabmap (71): Rate=0.50s, Limit=0.000s, Conversion=0.0009s, RTAB-Map=0.3256s, Maps update=0.0064s pub=0.0000s delay=0.3330s (local map=21, WM=21)
[rtabmap-2] [INFO] [1768840896.125866820] [rtabmap]: rtabmap (72): Rate=0.50s, Limit=0.000s, Conversion=0.0004s, RTAB-Map=0.4046s, Maps update=0.0079s pub=0.0000s delay=0.4120s (local map=21, WM=21)
[rtabmap-2] [INFO] [1768840896.814374729] [rtabmap]: rtabmap (73): Rate=0.50s, Limit=0.000s, Conversion=0.0007s, RTAB-Map=0.3675s, Maps update=0.0040s pub=0.0000s delay=0.3990s (local map=21, WM=21)
[rtabmap-2] [INFO] [1768840897.292003644] [rtabmap]: rtabmap (74): Rate=0.50s, Limit=0.000s, Conversion=0.0005s, RTAB-Map=0.3402s, Maps update=0.0054s pub=0.0000s delay=0.2990s (local map=21, WM=21)
[rtabmap-2] [INFO] [1768840897.743299474] [rtabmap]: rtabmap (75): Rate=0.50s, Limit=0.000s, Conversion=0.0006s, RTAB-Map=0.2887s, Maps update=0.0060s pub=0.0000s delay=0.2860s (local map=21, WM=21)
[rtabmap-2] [INFO] [1768840898.278584457] [rtabmap]: rtabmap (76): Rate=0.50s, Limit=0.000s, Conversion=0.0007s, RTAB-Map=0.2969s, Maps update=0.0048s pub=0.0000s delay=0.2580s (local map=21, WM=21)
[rtabmap-2] [INFO] [1768840898.937716613] [rtabmap]: rtabmap (77): Rate=0.50s, Limit=0.000s, Conversion=0.0003s, RTAB-Map=0.3201s, Maps update=0.0033s pub=0.0000s delay=0.3360s (local map=21, WM=21)
[rtabmap-2] [INFO] [1768840899.432194525] [rtabmap]: rtabmap (78): Rate=0.50s, Limit=0.000s, Conversion=0.0006s, RTAB-Map=0.2991s, Maps update=0.0034s pub=0.0000s delay=0.3190s (local map=21, WM=21)
[rtabmap-2] [INFO] [1768840900.256864990] [rtabmap]: rtabmap (79): Rate=0.50s, Limit=0.000s, Conversion=0.0005s, RTAB-Map=0.3919s, Maps update=0.0031s pub=0.0000s delay=0.3820s (local map=21, WM=21)
[rtabmap-2] [INFO] [1768840900.752160910] [rtabmap]: rtabmap (80): Rate=0.50s, Limit=0.000s, Conversion=0.0005s, RTAB-Map=0.3693s, Maps update=0.0030s pub=0.0000s delay=0.3800s (local map=21, WM=21)
[rtabmap-2] [INFO] [1768840901.275860421] [rtabmap]: rtabmap (81): Rate=0.50s, Limit=0.000s, Conversion=0.0006s, RTAB-Map=0.3338s, Maps update=0.0047s pub=0.0000s delay=0.3150s (local map=21, WM=21)
[rtabmap-2] [INFO] [1768840901.883744054] [rtabmap]: rtabmap (82): Rate=0.50s, Limit=0.000s, Conversion=0.0010s, RTAB-Map=0.3584s, Maps update=0.0054s pub=0.0000s delay=0.3280s (local map=21, WM=21)
[rtabmap-2] [INFO] [1768840902.463461324] [rtabmap]: rtabmap (83): Rate=0.50s, Limit=0.000s, Conversion=0.0005s, RTAB-Map=0.3795s, Maps update=0.0042s pub=0.0000s delay=0.3850s (local map=21, WM=21)
[rtabmap-2] [INFO] [1768840903.020863359] [rtabmap]: rtabmap (84): Rate=0.50s, Limit=0.000s, Conversion=0.0005s, RTAB-Map=0.4014s, Maps update=0.0060s pub=0.0000s delay=0.4330s (local map=21, WM=21)
[rtabmap-2] [INFO] [1768840903.515227902] [rtabmap]: rtabmap (85): Rate=0.50s, Limit=0.000s, Conversion=0.0007s, RTAB-Map=0.3419s, Maps update=0.0051s pub=0.0000s delay=0.2910s (local map=21, WM=21)
[rtabmap-2] [INFO] [1768840904.101739343] [rtabmap]: rtabmap (86): Rate=0.50s, Limit=0.000s, Conversion=0.0010s, RTAB-Map=0.3835s, Maps update=0.0039s pub=0.0000s delay=0.3470s (local map=21, WM=21)
[rtabmap-2] [INFO] [1768840904.597873285] [rtabmap]: rtabmap (87): Rate=0.50s, Limit=0.000s, Conversion=0.0008s, RTAB-Map=0.3720s, Maps update=0.0035s pub=0.0000s delay=0.3350s (local map=21, WM=21)
[rtabmap-2] [INFO] [1768840905.076061816] [rtabmap]: rtabmap (88): Rate=0.50s, Limit=0.000s, Conversion=0.0004s, RTAB-Map=0.3507s, Maps update=0.0025s pub=0.0000s delay=0.3290s (local map=21, WM=21)
[rtabmap-2] [INFO] [1768840905.699462417] [rtabmap]: rtabmap (89): Rate=0.50s, Limit=0.000s, Conversion=0.0005s, RTAB-Map=0.4044s, Maps update=0.0054s pub=0.0000s delay=0.3790s (local map=21, WM=21)
[rtabmap-2] [INFO] [1768840906.263712901] [rtabmap]: rtabmap (90): Rate=0.50s, Limit=0.000s, Conversion=0.0008s, RTAB-Map=0.3937s, Maps update=0.0051s pub=0.0000s delay=0.4140s (local map=21, WM=21)
[rtabmap-2] [INFO] [1768840906.716066515] [rtabmap]: rtabmap (91): Rate=0.50s, Limit=0.000s, Conversion=0.0006s, RTAB-Map=0.2729s, Maps update=0.0027s pub=0.0000s delay=0.2130s (local map=21, WM=21)
[rtabmap-2] [INFO] [1768840907.496555567] [rtabmap]: rtabmap (92): Rate=0.50s, Limit=0.000s, Conversion=0.0007s, RTAB-Map=0.2942s, Maps update=0.0047s pub=0.0000s delay=0.2570s (local map=21, WM=21)
[rtabmap-2] [INFO] [1768840908.135981599] [rtabmap]: rtabmap (93): Rate=0.50s, Limit=0.000s, Conversion=0.0007s, RTAB-Map=0.3142s, Maps update=0.0051s pub=0.0000s delay=0.3640s (local map=21, WM=21)
[rtabmap-2] [INFO] [1768840908.689799699] [rtabmap]: rtabmap (94): Rate=0.50s, Limit=0.000s, Conversion=0.0007s, RTAB-Map=0.3584s, Maps update=0.0032s pub=0.0000s delay=0.3480s (local map=21, WM=21)
[rtabmap-2] [INFO] [1768840909.281516624] [rtabmap]: rtabmap (95): Rate=0.50s, Limit=0.000s, Conversion=0.0007s, RTAB-Map=0.3055s, Maps update=0.0026s pub=0.0000s delay=0.3080s (local map=21, WM=21)
[rtabmap-2] [INFO] [1768840909.842853999] [rtabmap]: rtabmap (96): Rate=0.50s, Limit=0.000s, Conversion=0.0005s, RTAB-Map=0.3391s, Maps update=0.0033s pub=0.0000s delay=0.3790s (local map=21, WM=21)
[rtabmap-2] [INFO] [1768840910.388042836] [rtabmap]: rtabmap (97): Rate=0.50s, Limit=0.000s, Conversion=0.0003s, RTAB-Map=0.3553s, Maps update=0.0049s pub=0.0000s delay=0.3430s (local map=21, WM=21)
[rtabmap-2] [INFO] [1768840911.004245033] [rtabmap]: rtabmap (98): Rate=0.50s, Limit=0.000s, Conversion=0.0005s, RTAB-Map=0.4090s, Maps update=0.0048s pub=0.0000s delay=0.4350s (local map=21, WM=21)
[rtabmap-2] [INFO] [1768840911.618533307] [rtabmap]: rtabmap (99): Rate=0.50s, Limit=0.000s, Conversion=0.0004s, RTAB-Map=0.4673s, Maps update=0.0057s pub=0.0000s delay=0.4970s (local map=21, WM=21)
[rtabmap-2] [INFO] [1768840912.121001866] [rtabmap]: rtabmap (100): Rate=0.50s, Limit=0.000s, Conversion=0.0006s, RTAB-Map=0.4258s, Maps update=0.0050s pub=0.0000s delay=0.4320s (local map=21, WM=21)
[rtabmap-2] [INFO] [1768840912.489991733] [rtabmap]: rtabmap (101): Rate=0.50s, Limit=0.000s, Conversion=0.0006s, RTAB-Map=0.2910s, Maps update=0.0032s pub=0.0000s delay=0.3260s (local map=21, WM=21)
[rtabmap-2] [INFO] [1768840913.089744728] [rtabmap]: rtabmap (102): Rate=0.50s, Limit=0.000s, Conversion=0.0026s, RTAB-Map=0.2920s, Maps update=0.0051s pub=0.0000s delay=0.3220s (local map=21, WM=21)
[rtabmap-2] [INFO] [1768840913.609603060] [rtabmap]: rtabmap (103): Rate=0.50s, Limit=0.000s, Conversion=0.0005s, RTAB-Map=0.3081s, Maps update=0.0054s pub=0.0000s delay=0.3190s (local map=21, WM=21)
[rtabmap-2] [INFO] [1768840914.240495954] [rtabmap]: rtabmap (104): Rate=0.50s, Limit=0.000s, Conversion=0.0008s, RTAB-Map=0.4071s, Maps update=0.0045s pub=0.0000s delay=0.3870s (local map=21, WM=21)
[rtabmap-2] [INFO] [1768840914.762014762] [rtabmap]: rtabmap (105): Rate=0.50s, Limit=0.000s, Conversion=0.0007s, RTAB-Map=0.4103s, Maps update=0.0045s pub=0.0000s delay=0.3740s (local map=21, WM=21)
[rtabmap-2] [INFO] [1768840915.214847180] [rtabmap]: rtabmap (106): Rate=0.50s, Limit=0.000s, Conversion=0.0007s, RTAB-Map=0.3197s, Maps update=0.0054s pub=0.0000s delay=0.3450s (local map=21, WM=21)
[rtabmap-2] [INFO] [1768840915.893425077] [rtabmap]: rtabmap (107): Rate=0.50s, Limit=0.000s, Conversion=0.0006s, RTAB-Map=0.3093s, Maps update=0.0039s pub=0.0000s delay=0.2310s (local map=21, WM=21)
[rtabmap-2] [INFO] [1768840916.440325959] [rtabmap]: rtabmap (108): Rate=0.50s, Limit=0.000s, Conversion=0.0011s, RTAB-Map=0.2937s, Maps update=0.0046s pub=0.0000s delay=0.2830s (local map=21, WM=21)
[rtabmap-2] [INFO] [1768840917.198595292] [rtabmap]: rtabmap (109): Rate=0.50s, Limit=0.000s, Conversion=0.0006s, RTAB-Map=0.3374s, Maps update=0.0054s pub=0.0000s delay=0.3570s (local map=21, WM=21)
[rtabmap-2] [INFO] [1768840917.827320082] [rtabmap]: rtabmap (110): Rate=0.50s, Limit=0.000s, Conversion=0.0008s, RTAB-Map=0.3380s, Maps update=0.0041s pub=0.0000s delay=0.3430s (local map=21, WM=21)
[rtabmap-2] [INFO] [1768840918.542212366] [rtabmap]: rtabmap (111): Rate=0.50s, Limit=0.000s, Conversion=0.0006s, RTAB-Map=0.3884s, Maps update=0.0054s pub=0.0000s delay=0.3700s (local map=21, WM=21)
[rtabmap-2] [INFO] [1768840919.199918958] [rtabmap]: rtabmap (112): Rate=0.50s, Limit=0.000s, Conversion=0.0004s, RTAB-Map=0.3127s, Maps update=0.0056s pub=0.0001s delay=0.3560s (local map=21, WM=21)
[rtabmap-2] [INFO] [1768840919.804817193] [rtabmap]: rtabmap (113): Rate=0.50s, Limit=0.000s, Conversion=0.0007s, RTAB-Map=0.3556s, Maps update=0.0053s pub=0.0000s delay=0.3870s (local map=21, WM=21)
[rtabmap-2] [INFO] [1768840920.400984874] [rtabmap]: rtabmap (114): Rate=0.50s, Limit=0.000s, Conversion=0.0009s, RTAB-Map=0.4066s, Maps update=0.0051s pub=0.0000s delay=0.4450s (local map=21, WM=21)
[rtabmap-2] [INFO] [1768840920.961023207] [rtabmap]: rtabmap (115): Rate=0.50s, Limit=0.000s, Conversion=0.0006s, RTAB-Map=0.4036s, Maps update=0.0043s pub=0.0000s delay=0.3660s (local map=21, WM=21)
[rtabmap-2] [INFO] [1768840921.467417010] [rtabmap]: rtabmap (116): Rate=0.50s, Limit=0.000s, Conversion=0.0007s, RTAB-Map=0.3782s, Maps update=0.0055s pub=0.0000s delay=0.3470s (local map=21, WM=21)
[rtabmap-2] [INFO] [1768840922.041338081] [rtabmap]: rtabmap (117): Rate=0.50s, Limit=0.000s, Conversion=0.0004s, RTAB-Map=0.3913s, Maps update=0.0037s pub=0.0000s delay=0.3800s (local map=21, WM=21)
[rtabmap-2] [INFO] [1768840922.537902341] [rtabmap]: rtabmap (118): Rate=0.50s, Limit=0.000s, Conversion=0.0007s, RTAB-Map=0.2885s, Maps update=0.0052s pub=0.0000s delay=0.3010s (local map=21, WM=21)
[rtabmap-2] [INFO] [1768840923.060098449] [rtabmap]: rtabmap (119): Rate=0.50s, Limit=0.000s, Conversion=0.0005s, RTAB-Map=0.3018s, Maps update=0.0042s pub=0.0000s delay=0.2980s (local map=21, WM=21)
[rtabmap-2] [INFO] [1768840923.561658017] [rtabmap]: rtabmap (120): Rate=0.50s, Limit=0.000s, Conversion=0.0005s, RTAB-Map=0.2949s, Maps update=0.0054s pub=0.0000s delay=0.2670s (local map=21, WM=21)
[rtabmap-2] [INFO] [1768840924.270843014] [rtabmap]: rtabmap (121): Rate=0.50s, Limit=0.000s, Conversion=0.0007s, RTAB-Map=0.3800s, Maps update=0.0063s pub=0.0000s delay=0.3520s (local map=21, WM=21)
[rtabmap-2] [INFO] [1768840924.965940916] [rtabmap]: rtabmap (122): Rate=0.50s, Limit=0.000s, Conversion=0.0008s, RTAB-Map=0.3448s, Maps update=0.0049s pub=0.0000s delay=0.3370s (local map=21, WM=21)
[rtabmap-2] [INFO] [1768840925.422134694] [rtabmap]: rtabmap (123): Rate=0.50s, Limit=0.000s, Conversion=0.0014s, RTAB-Map=0.2972s, Maps update=0.0057s pub=0.0000s delay=0.3160s (local map=21, WM=21)
[rtabmap-2] [INFO] [1768840925.961179297] [rtabmap]: rtabmap (124): Rate=0.50s, Limit=0.000s, Conversion=0.0004s, RTAB-Map=0.2862s, Maps update=0.0027s pub=0.0000s delay=0.2730s (local map=21, WM=21)
[rtabmap-2] [INFO] [1768840926.467253988] [rtabmap]: rtabmap (125): Rate=0.50s, Limit=0.000s, Conversion=0.0008s, RTAB-Map=0.2846s, Maps update=0.0052s pub=0.0000s delay=0.2660s (local map=21, WM=21)
[rtabmap-2] [INFO] [1768840927.112305977] [rtabmap]: rtabmap (126): Rate=0.50s, Limit=0.000s, Conversion=0.0015s, RTAB-Map=0.3089s, Maps update=0.0027s pub=0.0000s delay=0.3600s (local map=21, WM=21)
[rtabmap-2] [INFO] [1768840927.960138593] [rtabmap]: rtabmap (127): Rate=0.50s, Limit=0.000s, Conversion=0.0005s, RTAB-Map=0.2897s, Maps update=0.0029s pub=0.0000s delay=0.2800s (local map=21, WM=21)
[rtabmap-2] [INFO] [1768840928.574617777] [rtabmap]: rtabmap (128): Rate=0.50s, Limit=0.000s, Conversion=0.0007s, RTAB-Map=0.4029s, Maps update=0.0025s pub=0.0000s delay=0.3730s (local map=21, WM=21)
[rtabmap-2] [INFO] [1768840929.610145315] [rtabmap]: rtabmap (129): Rate=0.50s, Limit=0.000s, Conversion=0.0009s, RTAB-Map=0.3285s, Maps update=0.0030s pub=0.0000s delay=0.2660s (local map=21, WM=21)
[rtabmap-2] [INFO] [1768840930.127808239] [rtabmap]: rtabmap (130): Rate=0.50s, Limit=0.000s, Conversion=0.0006s, RTAB-Map=0.3074s, Maps update=0.0060s pub=0.0000s delay=0.3320s (local map=21, WM=21)
[rtabmap-2] [INFO] [1768840930.689725716] [rtabmap]: rtabmap (131): Rate=0.50s, Limit=0.000s, Conversion=0.0007s, RTAB-Map=0.3662s, Maps update=0.0040s pub=0.0001s delay=0.3250s (local map=21, WM=21)
[rtabmap-2] [INFO] [1768840931.426288001] [rtabmap]: rtabmap (132): Rate=0.50s, Limit=0.000s, Conversion=0.0005s, RTAB-Map=0.3899s, Maps update=0.0063s pub=0.0000s delay=0.4150s (local map=21, WM=21)
[rtabmap-2] [INFO] [1768840931.571996501] [rclcpp]: signal_handler(signum=2)
[rgbd_sync-1] [INFO] [1768840931.571998175] [rclcpp]: signal_handler(signum=2)
[INFO] [rgbd_sync-1]: process has finished cleanly [pid 1093886]
[rtabmap-2] [INFO] [1768840931.922881873] [rtabmap]: rtabmap (133): Rate=0.50s, Limit=0.000s, Conversion=0.0006s, RTAB-Map=0.3571s, Maps update=0.0001s pub=0.0001s delay=-0.0020s (local map=21, WM=21)
[rtabmap-2] [INFO] [1768840931.923887524] [rtabmap]: Parameters are not saved (No configuration file provided...)
[rtabmap-2] [33m[ WARN] (2026-01-20 01:40:55.843) Memory.cpp:5917::createSignature() Mem/SaveDepth16Format is set to false to use 32bits format but this is not compatible with the compressed depth format chosen (Mem/DepthCompressionFormat=".rvl"), depth images will be compressed in ".png" format instead. Explicitly set Mem/SaveDepth16Format to true to keep using ".rvl" format and images will be converted to 16bits for convenience (warning: that would remove all depth values over 65 meters). Explicitly set Mem/DepthCompressionFormat=".png" to suppress this warning. This warning is only printed once.[0m
[rtabmap-2] [33m[ WARN] (2026-01-20 01:40:56.137) MapsManager.cpp:863::publishMaps() Graph has changed! The whole cloud is regenerated.[0m
[rtabmap-2] [33m[ WARN] (2026-01-20 01:41:24.361) Memory.cpp:3217::computeTransform() Missing visual features or missing raw data to compute them. Transform cannot be estimated.[0m
[rtabmap-2] [33m[ WARN] (2026-01-20 01:41:24.854) Rtabmap.cpp:3069::process() Rejected loop closure 23 -> 52: Not enough inliers 0/20 (matches=10) between 23 and 52[0m
[rtabmap-2] [33m[ WARN] (2026-01-20 01:41:25.455) Rtabmap.cpp:3069::process() Rejected loop closure 23 -> 50: Not enough inliers 0/20 (matches=18) between 23 and 50[0m
[rtabmap-2] [33m[ WARN] (2026-01-20 01:41:26.062) Rtabmap.cpp:3069::process() Rejected loop closure 23 -> 50: Not enough inliers 0/20 (matches=19) between 23 and 50[0m
[rtabmap-2] rtabmap: Saving database/long-term memory... (located at /home/fujino/.ros/rtabmap_ur5e_20260120_014054.db)
[rtabmap-2] rtabmap: Saving database/long-term memory...done! (located at /home/fujino/.ros/rtabmap_ur5e_20260120_014054.db, 201 MB)
[INFO] [rtabmap-2]: process has finished cleanly [pid 1093888]
