[INFO] [launch]: All log files can be found below /home/fujino/.ros/log/2026-01-20-10-24-23-462209-fh-1168334
[INFO] [launch]: Default logging verbosity is set to INFO
[INFO] [rgbd_sync-1]: process started with pid [1168344]
[INFO] [rtabmap-2]: process started with pid [1168346]
[rgbd_sync-1] [INFO] [1768872263.742311450] [rgbd_sync]: rgbd_sync: approx_sync = true
[rgbd_sync-1] [INFO] [1768872263.742595302] [rgbd_sync]: rgbd_sync: approx_sync_max_interval = 0.010000
[rgbd_sync-1] [INFO] [1768872263.742627784] [rgbd_sync]: rgbd_sync: topic_queue_size  = 10
[rgbd_sync-1] [INFO] [1768872263.742640898] [rgbd_sync]: rgbd_sync: sync_queue_size  = 30
[rgbd_sync-1] [INFO] [1768872263.742652008] [rgbd_sync]: rgbd_sync: qos             = 2
[rgbd_sync-1] [INFO] [1768872263.742662768] [rgbd_sync]: rgbd_sync: qos_camera_info = 2
[rgbd_sync-1] [INFO] [1768872263.742673267] [rgbd_sync]: rgbd_sync: depth_scale = 1.000000
[rgbd_sync-1] [INFO] [1768872263.742685189] [rgbd_sync]: rgbd_sync: decimation = 1
[rgbd_sync-1] [INFO] [1768872263.742696042] [rgbd_sync]: rgbd_sync: compressed_rate = 0.000000
[rgbd_sync-1] [INFO] [1768872263.761910535] [rgbd_sync]: 
[rgbd_sync-1] rgbd_sync subscribed to (approx sync, max interval=0.010000s):
[rgbd_sync-1]    /camera/color/image_raw,
[rgbd_sync-1]    /camera/depth/depth/image_raw,
[rgbd_sync-1]    /camera/color/camera_info
[rtabmap-2] [INFO] [1768872263.915455173] [rtabmap]: rtabmap(maps): latch                      = true
[rtabmap-2] [INFO] [1768872263.915687444] [rtabmap]: rtabmap(maps): map_filter_radius          = 0.000000
[rtabmap-2] [INFO] [1768872263.915711586] [rtabmap]: rtabmap(maps): map_filter_angle           = 30.000000
[rtabmap-2] [INFO] [1768872263.915718921] [rtabmap]: rtabmap(maps): map_cleanup                = true
[rtabmap-2] [INFO] [1768872263.915723974] [rtabmap]: rtabmap(maps): map_always_update          = false
[rtabmap-2] [INFO] [1768872263.915728888] [rtabmap]: rtabmap(maps): map_empty_ray_tracing      = true
[rtabmap-2] [INFO] [1768872263.915733654] [rtabmap]: rtabmap(maps): cloud_output_voxelized     = true
[rtabmap-2] [INFO] [1768872263.915738523] [rtabmap]: rtabmap(maps): cloud_subtract_filtering   = false
[rtabmap-2] [INFO] [1768872263.915743181] [rtabmap]: rtabmap(maps): cloud_subtract_filtering_min_neighbors = 2
[rtabmap-2] [INFO] [1768872263.915925464] [rtabmap]: rtabmap(maps): octomap_tree_depth         = 16
[rtabmap-2] [INFO] [1768872263.954227509] [rtabmap]: rtabmap: frame_id      = camera_color_optical_frame
[rtabmap-2] [INFO] [1768872263.954287043] [rtabmap]: rtabmap: odom_frame_id = world
[rtabmap-2] [INFO] [1768872263.954301486] [rtabmap]: rtabmap: map_frame_id  = world
[rtabmap-2] [INFO] [1768872263.954312601] [rtabmap]: rtabmap: log_to_rosout_level  = 4
[rtabmap-2] [INFO] [1768872263.954324388] [rtabmap]: rtabmap: initial_pose  = 
[rtabmap-2] [INFO] [1768872263.954334981] [rtabmap]: rtabmap: use_action_for_goal  = false
[rtabmap-2] [INFO] [1768872263.954359655] [rtabmap]: rtabmap: tf_delay      = 0.050000
[rtabmap-2] [INFO] [1768872263.954376190] [rtabmap]: rtabmap: tf_tolerance  = 0.100000
[rtabmap-2] [INFO] [1768872263.954388372] [rtabmap]: rtabmap: odom_sensor_sync   = false
[rtabmap-2] [INFO] [1768872263.954399024] [rtabmap]: rtabmap: pub_loc_pose_only_when_localizing = false
[rtabmap-2] [INFO] [1768872263.954409840] [rtabmap]: rtabmap: wait_for_transform = 0.200000
[rtabmap-2] [INFO] [1768872263.954421535] [rtabmap]: rtabmap: gen_scan  = false
[rtabmap-2] [INFO] [1768872263.954431901] [rtabmap]: rtabmap: gen_depth  = false
[rtabmap-2] [INFO] [1768872263.979540924] [rtabmap]: Setting RTAB-Map parameter "Grid/3D"="true" (rosparam)
[rtabmap-2] [INFO] [1768872263.980962053] [rtabmap]: Setting RTAB-Map parameter "Grid/RangeMax"="5.0" (rosparam)
[rtabmap-2] [INFO] [1768872263.981061771] [rtabmap]: Setting RTAB-Map parameter "Grid/RayTracing"="true" (rosparam)
[rtabmap-2] [INFO] [1768872263.982085604] [rtabmap]: Setting RTAB-Map parameter "Grid/Sensor"="1" (rosparam)
[rtabmap-2] [INFO] [1768872263.998141638] [rtabmap]: Setting RTAB-Map parameter "RGBD/CreateOccupancyGrid"="true" (rosparam)
[rtabmap-2] [INFO] [1768872264.003906754] [rtabmap]: Setting RTAB-Map parameter "Rtabmap/DetectionRate"="2.0" (rosparam)
[rtabmap-2] [INFO] [1768872264.115774880] [rtabmap]: RTAB-Map detection rate = 2.000000 Hz
[rtabmap-2] [INFO] [1768872264.115894557] [rtabmap]: rtabmap: Using database from "/home/fujino/.ros/rtabmap_ur5e_20260120_102423.db" (0 MB).
[rtabmap-2] [INFO] [1768872264.136440448] [rtabmap]: rtabmap: Database version = "0.22.1".
[rtabmap-2] [INFO] [1768872264.136512459] [rtabmap]: rtabmap: SLAM mode (Mem/IncrementalMemory=true)
[rtabmap-2] [INFO] [1768872264.179855625] [rtabmap]: Setup callbacks
[rtabmap-2] [WARN] [1768872264.179933470] [rtabmap]: rtabmap: Parameters subscribe_depth and subscribe_rgbd cannot be true at the same time. Parameter subscribe_depth is set to false.
[rtabmap-2] [INFO] [1768872264.180159652] [rtabmap]: rtabmap: subscribe_depth = false
[rtabmap-2] [INFO] [1768872264.180191975] [rtabmap]: rtabmap: subscribe_rgb = false
[rtabmap-2] [INFO] [1768872264.180205342] [rtabmap]: rtabmap: subscribe_stereo = false
[rtabmap-2] [INFO] [1768872264.180217663] [rtabmap]: rtabmap: subscribe_rgbd = true (rgbd_cameras=1)
[rtabmap-2] [INFO] [1768872264.180231000] [rtabmap]: rtabmap: subscribe_sensor_data = false
[rtabmap-2] [INFO] [1768872264.180243084] [rtabmap]: rtabmap: subscribe_odom_info = false
[rtabmap-2] [INFO] [1768872264.180254162] [rtabmap]: rtabmap: subscribe_user_data = false
[rtabmap-2] [INFO] [1768872264.180265601] [rtabmap]: rtabmap: subscribe_scan = false
[rtabmap-2] [INFO] [1768872264.180276192] [rtabmap]: rtabmap: subscribe_scan_cloud = false
[rtabmap-2] [INFO] [1768872264.180286980] [rtabmap]: rtabmap: subscribe_scan_descriptor = false
[rtabmap-2] [INFO] [1768872264.180298488] [rtabmap]: rtabmap: topic_queue_size = 10
[rtabmap-2] [INFO] [1768872264.180310301] [rtabmap]: rtabmap: sync_queue_size  = 30
[rtabmap-2] [INFO] [1768872264.180322013] [rtabmap]: rtabmap: qos_image       = 2
[rtabmap-2] [INFO] [1768872264.180385184] [rtabmap]: rtabmap: qos_camera_info = 2
[rtabmap-2] [INFO] [1768872264.180403911] [rtabmap]: rtabmap: qos_scan        = 2
[rtabmap-2] [INFO] [1768872264.180415944] [rtabmap]: rtabmap: qos_odom        = 2
[rtabmap-2] [INFO] [1768872264.180427946] [rtabmap]: rtabmap: qos_user_data   = 2
[rtabmap-2] [INFO] [1768872264.180438801] [rtabmap]: rtabmap: approx_sync     = true
[rtabmap-2] [INFO] [1768872264.180463929] [rtabmap]: Setup rgbd callback
[rtabmap-2] [INFO] [1768872264.182062094] [rtabmap]: 
[rtabmap-2] rtabmap subscribed to:
[rtabmap-2]    /rgbd_image
[rtabmap-2] [INFO] [1768872264.925823721] [rtabmap]: rtabmap (1): Rate=0.50s, Limit=0.000s, Conversion=0.0038s, RTAB-Map=0.3454s, Maps update=0.0044s pub=0.0004s delay=0.3880s (local map=1, WM=1)
[rtabmap-2] [INFO] [1768872265.476088696] [rtabmap]: rtabmap (2): Rate=0.50s, Limit=0.000s, Conversion=0.0024s, RTAB-Map=0.3355s, Maps update=0.0038s pub=0.0000s delay=0.3140s (local map=1, WM=1)
[rtabmap-2] [INFO] [1768872266.043170490] [rtabmap]: rtabmap (3): Rate=0.50s, Limit=0.000s, Conversion=0.0020s, RTAB-Map=0.3816s, Maps update=0.0074s pub=0.0000s delay=0.4120s (local map=1, WM=1)
[rtabmap-2] [INFO] [1768872266.546150109] [rtabmap]: rtabmap (4): Rate=0.50s, Limit=0.000s, Conversion=0.0045s, RTAB-Map=0.3649s, Maps update=0.0054s pub=0.0000s delay=0.3780s (local map=1, WM=1)
[rtabmap-2] [INFO] [1768872267.039365464] [rtabmap]: rtabmap (5): Rate=0.50s, Limit=0.000s, Conversion=0.0068s, RTAB-Map=0.2986s, Maps update=0.0070s pub=0.0000s delay=0.3330s (local map=1, WM=1)
[rtabmap-2] [INFO] [1768872267.689023448] [rtabmap]: rtabmap (6): Rate=0.50s, Limit=0.000s, Conversion=0.0080s, RTAB-Map=0.3685s, Maps update=0.0040s pub=0.0000s delay=0.4330s (local map=1, WM=1)
[rtabmap-2] [INFO] [1768872268.125987765] [rtabmap]: rtabmap (7): Rate=0.50s, Limit=0.000s, Conversion=0.0006s, RTAB-Map=0.3460s, Maps update=0.0072s pub=0.0000s delay=0.4050s (local map=1, WM=1)
[rtabmap-2] [INFO] [1768872268.779969748] [rtabmap]: rtabmap (8): Rate=0.50s, Limit=0.000s, Conversion=0.0016s, RTAB-Map=0.2417s, Maps update=0.0069s pub=0.0001s delay=0.2400s (local map=1, WM=1)
[rtabmap-2] [INFO] [1768872269.483417756] [rtabmap]: rtabmap (9): Rate=0.50s, Limit=0.000s, Conversion=0.0019s, RTAB-Map=0.3542s, Maps update=0.0052s pub=0.0000s delay=0.3320s (local map=1, WM=1)
[rtabmap-2] [INFO] [1768872269.985502276] [rtabmap]: rtabmap (10): Rate=0.50s, Limit=0.000s, Conversion=0.0004s, RTAB-Map=0.3281s, Maps update=0.0071s pub=0.0000s delay=0.3130s (local map=1, WM=1)
[rtabmap-2] [INFO] [1768872270.716290933] [rtabmap]: rtabmap (11): Rate=0.50s, Limit=0.000s, Conversion=0.0009s, RTAB-Map=0.3488s, Maps update=0.0042s pub=0.0000s delay=0.3080s (local map=1, WM=1)
[rtabmap-2] [INFO] [1768872271.186066370] [rtabmap]: rtabmap (12): Rate=0.50s, Limit=0.000s, Conversion=0.0036s, RTAB-Map=0.2994s, Maps update=0.0083s pub=0.0000s delay=0.2980s (local map=1, WM=1)
[rtabmap-2] [INFO] [1768872271.811921462] [rtabmap]: rtabmap (13): Rate=0.50s, Limit=0.000s, Conversion=0.0005s, RTAB-Map=0.3902s, Maps update=0.0051s pub=0.0000s delay=0.3650s (local map=1, WM=1)
[rtabmap-2] [INFO] [1768872272.516864555] [rtabmap]: rtabmap (14): Rate=0.50s, Limit=0.000s, Conversion=0.0007s, RTAB-Map=0.3299s, Maps update=0.0053s pub=0.0000s delay=0.2900s (local map=1, WM=1)
[rtabmap-2] [INFO] [1768872273.044021813] [rtabmap]: rtabmap (15): Rate=0.50s, Limit=0.000s, Conversion=0.0007s, RTAB-Map=0.3504s, Maps update=0.0088s pub=0.0000s delay=0.3790s (local map=1, WM=1)
[rtabmap-2] [INFO] [1768872273.770165929] [rtabmap]: rtabmap (16): Rate=0.50s, Limit=0.000s, Conversion=0.0005s, RTAB-Map=0.5206s, Maps update=0.0097s pub=0.0000s delay=0.5440s (local map=1, WM=1)
[rtabmap-2] [INFO] [1768872274.266518405] [rtabmap]: rtabmap (17): Rate=0.50s, Limit=0.000s, Conversion=0.0009s, RTAB-Map=0.4131s, Maps update=0.0106s pub=0.0000s delay=0.4480s (local map=1, WM=1)
[rtabmap-2] [INFO] [1768872274.819124548] [rtabmap]: rtabmap (18): Rate=0.50s, Limit=0.000s, Conversion=0.0011s, RTAB-Map=0.4022s, Maps update=0.0098s pub=0.0000s delay=0.3800s (local map=1, WM=1)
[rtabmap-2] [INFO] [1768872275.410514820] [rtabmap]: rtabmap (19): Rate=0.50s, Limit=0.000s, Conversion=0.0007s, RTAB-Map=0.4518s, Maps update=0.0077s pub=0.0000s delay=0.4570s (local map=1, WM=1)
[rtabmap-2] [INFO] [1768872276.037256483] [rtabmap]: rtabmap (20): Rate=0.50s, Limit=0.000s, Conversion=0.0004s, RTAB-Map=0.5501s, Maps update=0.0053s pub=0.0000s delay=0.5290s (local map=1, WM=1)
[rtabmap-2] [INFO] [1768872276.575900853] [rtabmap]: rtabmap (21): Rate=0.50s, Limit=0.000s, Conversion=0.0009s, RTAB-Map=0.4664s, Maps update=0.0065s pub=0.0000s delay=0.4970s (local map=1, WM=1)
[rtabmap-2] [INFO] [1768872277.171011590] [rtabmap]: rtabmap (22): Rate=0.50s, Limit=0.000s, Conversion=0.0005s, RTAB-Map=0.5263s, Maps update=0.0070s pub=0.0000s delay=0.5770s (local map=1, WM=1)
[rtabmap-2] [INFO] [1768872277.668776515] [rtabmap]: rtabmap (23): Rate=0.50s, Limit=0.000s, Conversion=0.0007s, RTAB-Map=0.4525s, Maps update=0.0068s pub=0.0000s delay=0.5080s (local map=1, WM=1)
[rtabmap-2] [INFO] [1768872278.106533266] [rtabmap]: rtabmap (24): Rate=0.50s, Limit=0.000s, Conversion=0.0007s, RTAB-Map=0.3977s, Maps update=0.0074s pub=0.0000s delay=0.4010s (local map=1, WM=1)
[rtabmap-2] [INFO] [1768872278.640920139] [rtabmap]: rtabmap (25): Rate=0.50s, Limit=0.000s, Conversion=0.0004s, RTAB-Map=0.3927s, Maps update=0.0049s pub=0.0000s delay=0.3620s (local map=1, WM=1)
[rtabmap-2] [INFO] [1768872279.105908020] [rtabmap]: rtabmap (26): Rate=0.50s, Limit=0.000s, Conversion=0.0004s, RTAB-Map=0.3565s, Maps update=0.0038s pub=0.0000s delay=0.3500s (local map=1, WM=1)
[rtabmap-2] [INFO] [1768872279.705363535] [rtabmap]: rtabmap (27): Rate=0.50s, Limit=0.000s, Conversion=0.0005s, RTAB-Map=0.3520s, Maps update=0.0062s pub=0.0000s delay=0.3700s (local map=1, WM=1)
[rtabmap-2] [INFO] [1768872280.368068441] [rtabmap]: rtabmap (28): Rate=0.50s, Limit=0.000s, Conversion=0.0007s, RTAB-Map=0.4471s, Maps update=0.0065s pub=0.0000s delay=0.4900s (local map=1, WM=1)
[rtabmap-2] [INFO] [1768872280.936128119] [rtabmap]: rtabmap (29): Rate=0.50s, Limit=0.000s, Conversion=0.0006s, RTAB-Map=0.4004s, Maps update=0.0056s pub=0.0000s delay=0.3850s (local map=1, WM=1)
[rtabmap-2] [INFO] [1768872281.501992329] [rtabmap]: rtabmap (30): Rate=0.50s, Limit=0.000s, Conversion=0.0005s, RTAB-Map=0.3890s, Maps update=0.0061s pub=0.0000s delay=0.4040s (local map=1, WM=1)
[rtabmap-2] [INFO] [1768872281.993526055] [rtabmap]: rtabmap (31): Rate=0.50s, Limit=0.000s, Conversion=0.0009s, RTAB-Map=0.3566s, Maps update=0.0038s pub=0.0000s delay=0.3650s (local map=1, WM=1)
[rtabmap-2] [INFO] [1768872283.121186307] [rtabmap]: rtabmap (32): Rate=0.50s, Limit=0.000s, Conversion=0.0005s, RTAB-Map=0.4454s, Maps update=0.0077s pub=0.0000s delay=0.4300s (local map=1, WM=1)
[rtabmap-2] [INFO] [1768872283.625155687] [rtabmap]: rtabmap (33): Rate=0.50s, Limit=0.000s, Conversion=0.0009s, RTAB-Map=0.4353s, Maps update=0.0036s pub=0.0000s delay=0.4120s (local map=1, WM=1)
[rtabmap-2] [INFO] [1768872284.218815819] [rtabmap]: rtabmap (34): Rate=0.50s, Limit=0.000s, Conversion=0.0005s, RTAB-Map=0.4010s, Maps update=0.0066s pub=0.0000s delay=0.4050s (local map=1, WM=1)
[rtabmap-2] [INFO] [1768872284.820976904] [rtabmap]: rtabmap (35): Rate=0.50s, Limit=0.000s, Conversion=0.0006s, RTAB-Map=0.4926s, Maps update=0.0062s pub=0.0000s delay=0.5010s (local map=1, WM=1)
[rtabmap-2] [INFO] [1768872285.363216709] [rtabmap]: rtabmap (36): Rate=0.50s, Limit=0.000s, Conversion=0.0006s, RTAB-Map=0.4918s, Maps update=0.0047s pub=0.0000s delay=0.4560s (local map=1, WM=1)
[rtabmap-2] [INFO] [1768872286.072448926] [rtabmap]: rtabmap (37): Rate=0.50s, Limit=0.000s, Conversion=0.0007s, RTAB-Map=0.4160s, Maps update=0.0040s pub=0.0000s delay=0.3580s (local map=1, WM=1)
[rtabmap-2] [INFO] [1768872286.576617675] [rtabmap]: rtabmap (38): Rate=0.50s, Limit=0.000s, Conversion=0.0007s, RTAB-Map=0.4134s, Maps update=0.0032s pub=0.0000s delay=0.4460s (local map=1, WM=1)
[rtabmap-2] [INFO] [1768872287.119750227] [rtabmap]: rtabmap (39): Rate=0.50s, Limit=0.000s, Conversion=0.0004s, RTAB-Map=0.3970s, Maps update=0.0058s pub=0.0000s delay=0.4100s (local map=1, WM=1)
[rtabmap-2] [INFO] [1768872287.592394090] [rtabmap]: rtabmap (40): Rate=0.50s, Limit=0.000s, Conversion=0.0007s, RTAB-Map=0.3446s, Maps update=0.0058s pub=0.0000s delay=0.3690s (local map=1, WM=1)
[rtabmap-2] [INFO] [1768872288.142658351] [rtabmap]: rtabmap (41): Rate=0.50s, Limit=0.000s, Conversion=0.0011s, RTAB-Map=0.3255s, Maps update=0.0037s pub=0.0000s delay=0.3290s (local map=1, WM=1)
[rtabmap-2] [INFO] [1768872288.862488449] [rtabmap]: rtabmap (42): Rate=0.50s, Limit=0.000s, Conversion=0.0007s, RTAB-Map=0.2966s, Maps update=0.0032s pub=0.0000s delay=0.2600s (local map=1, WM=1)
[rtabmap-2] [INFO] [1768872289.543439088] [rtabmap]: rtabmap (43): Rate=0.50s, Limit=0.000s, Conversion=0.0006s, RTAB-Map=0.4060s, Maps update=0.0056s pub=0.0000s delay=0.3890s (local map=1, WM=1)
[rtabmap-2] [INFO] [1768872289.975295529] [rtabmap]: rtabmap (44): Rate=0.50s, Limit=0.000s, Conversion=0.0004s, RTAB-Map=0.3342s, Maps update=0.0062s pub=0.0000s delay=0.2860s (local map=1, WM=1)
[rtabmap-2] [INFO] [1768872290.553800832] [rtabmap]: rtabmap (45): Rate=0.50s, Limit=0.000s, Conversion=0.0009s, RTAB-Map=0.3908s, Maps update=0.0053s pub=0.0000s delay=0.3660s (local map=1, WM=1)
[rtabmap-2] [INFO] [1768872291.051570828] [rtabmap]: rtabmap (46): Rate=0.50s, Limit=0.000s, Conversion=0.0006s, RTAB-Map=0.3112s, Maps update=0.0051s pub=0.0000s delay=0.3010s (local map=1, WM=1)
[rtabmap-2] [INFO] [1768872291.642333714] [rtabmap]: rtabmap (47): Rate=0.50s, Limit=0.000s, Conversion=0.0007s, RTAB-Map=0.3389s, Maps update=0.0052s pub=0.0000s delay=0.3210s (local map=1, WM=1)
[rtabmap-2] [INFO] [1768872292.216215457] [rtabmap]: rtabmap (48): Rate=0.50s, Limit=0.000s, Conversion=0.0007s, RTAB-Map=0.3844s, Maps update=0.0029s pub=0.0000s delay=0.3900s (local map=1, WM=1)
[rtabmap-2] [INFO] [1768872292.813079007] [rtabmap]: rtabmap (49): Rate=0.50s, Limit=0.000s, Conversion=0.0006s, RTAB-Map=0.3758s, Maps update=0.0058s pub=0.0000s delay=0.4050s (local map=1, WM=1)
[rtabmap-2] [INFO] [1768872293.344131717] [rtabmap]: rtabmap (50): Rate=0.50s, Limit=0.000s, Conversion=0.0024s, RTAB-Map=0.3492s, Maps update=0.0032s pub=0.0000s delay=0.3420s (local map=1, WM=1)
[rtabmap-2] [INFO] [1768872293.894607921] [rtabmap]: rtabmap (51): Rate=0.50s, Limit=0.000s, Conversion=0.0005s, RTAB-Map=0.3458s, Maps update=0.0037s pub=0.0000s delay=0.3970s (local map=1, WM=1)
[rtabmap-2] [INFO] [1768872294.455262782] [rtabmap]: rtabmap (52): Rate=0.50s, Limit=0.000s, Conversion=0.0005s, RTAB-Map=0.3150s, Maps update=0.0033s pub=0.0000s delay=0.3020s (local map=1, WM=1)
[rtabmap-2] [INFO] [1768872294.969938931] [rtabmap]: rtabmap (53): Rate=0.50s, Limit=0.000s, Conversion=0.0004s, RTAB-Map=0.3282s, Maps update=0.0064s pub=0.0000s delay=0.2860s (local map=1, WM=1)
[rtabmap-2] [INFO] [1768872295.554199730] [rtabmap]: rtabmap (54): Rate=0.50s, Limit=0.000s, Conversion=0.0030s, RTAB-Map=0.3679s, Maps update=0.0032s pub=0.0000s delay=0.3540s (local map=1, WM=1)
[rtabmap-2] [INFO] [1768872296.112126076] [rtabmap]: rtabmap (55): Rate=0.50s, Limit=0.000s, Conversion=0.0004s, RTAB-Map=0.4196s, Maps update=0.0052s pub=0.0000s delay=0.4380s (local map=1, WM=1)
[rtabmap-2] [INFO] [1768872296.849790843] [rtabmap]: rtabmap (56): Rate=0.50s, Limit=0.000s, Conversion=0.0007s, RTAB-Map=0.3727s, Maps update=0.0055s pub=0.0000s delay=0.3620s (local map=1, WM=1)
[rtabmap-2] [INFO] [1768872297.393061899] [rtabmap]: rtabmap (57): Rate=0.50s, Limit=0.000s, Conversion=0.0010s, RTAB-Map=0.3739s, Maps update=0.0057s pub=0.0000s delay=0.3190s (local map=1, WM=1)
[rtabmap-2] [INFO] [1768872297.916043148] [rtabmap]: rtabmap (58): Rate=0.50s, Limit=0.000s, Conversion=0.0007s, RTAB-Map=0.3507s, Maps update=0.0047s pub=0.0000s delay=0.3680s (local map=1, WM=1)
[rtabmap-2] [INFO] [1768872298.375988434] [rtabmap]: rtabmap (59): Rate=0.50s, Limit=0.000s, Conversion=0.0031s, RTAB-Map=0.2865s, Maps update=0.0050s pub=0.0000s delay=0.2490s (local map=1, WM=1)
[rtabmap-2] [INFO] [1768872298.932289108] [rtabmap]: rtabmap (60): Rate=0.50s, Limit=0.000s, Conversion=0.0007s, RTAB-Map=0.3111s, Maps update=0.0053s pub=0.0000s delay=0.3200s (local map=1, WM=1)
[rtabmap-2] [INFO] [1768872299.559212664] [rtabmap]: rtabmap (61): Rate=0.50s, Limit=0.000s, Conversion=0.0007s, RTAB-Map=0.4213s, Maps update=0.0054s pub=0.0000s delay=0.4190s (local map=1, WM=1)
[rtabmap-2] [INFO] [1768872300.018455363] [rtabmap]: rtabmap (62): Rate=0.50s, Limit=0.000s, Conversion=0.0006s, RTAB-Map=0.3535s, Maps update=0.0058s pub=0.0000s delay=0.3730s (local map=1, WM=1)
[rtabmap-2] [INFO] [1768872300.568907024] [rtabmap]: rtabmap (63): Rate=0.50s, Limit=0.000s, Conversion=0.0006s, RTAB-Map=0.2868s, Maps update=0.0038s pub=0.0000s delay=0.2550s (local map=1, WM=1)
[rtabmap-2] [INFO] [1768872301.306582444] [rtabmap]: rtabmap (64): Rate=0.50s, Limit=0.000s, Conversion=0.0008s, RTAB-Map=0.3787s, Maps update=0.0030s pub=0.0001s delay=0.3270s (local map=1, WM=1)
[rtabmap-2] [INFO] [1768872301.836903656] [rtabmap]: rtabmap (65): Rate=0.50s, Limit=0.000s, Conversion=0.0005s, RTAB-Map=0.3088s, Maps update=0.0046s pub=0.0000s delay=0.3110s (local map=1, WM=1)
[rtabmap-2] [INFO] [1768872302.610326728] [rtabmap]: rtabmap (66): Rate=0.50s, Limit=0.000s, Conversion=0.0004s, RTAB-Map=0.3909s, Maps update=0.0049s pub=0.0000s delay=0.4270s (local map=1, WM=1)
[rtabmap-2] [INFO] [1768872303.119944842] [rtabmap]: rtabmap (67): Rate=0.50s, Limit=0.000s, Conversion=0.0007s, RTAB-Map=0.3724s, Maps update=0.0042s pub=0.0000s delay=0.4190s (local map=1, WM=1)
[rtabmap-2] [INFO] [1768872303.771903316] [rtabmap]: rtabmap (68): Rate=0.50s, Limit=0.000s, Conversion=0.0024s, RTAB-Map=0.4060s, Maps update=0.0079s pub=0.0000s delay=0.4070s (local map=1, WM=1)
[rtabmap-2] [INFO] [1768872304.271644392] [rtabmap]: rtabmap (69): Rate=0.50s, Limit=0.000s, Conversion=0.0007s, RTAB-Map=0.3632s, Maps update=0.0056s pub=0.0000s delay=0.3480s (local map=1, WM=1)
[rtabmap-2] [INFO] [1768872304.876054123] [rtabmap]: rtabmap (70): Rate=0.50s, Limit=0.000s, Conversion=0.0006s, RTAB-Map=0.3833s, Maps update=0.0051s pub=0.0000s delay=0.3630s (local map=1, WM=1)
[rtabmap-2] [INFO] [1768872305.359857748] [rtabmap]: rtabmap (71): Rate=0.50s, Limit=0.000s, Conversion=0.0008s, RTAB-Map=0.3290s, Maps update=0.0063s pub=0.0000s delay=0.3310s (local map=1, WM=1)
[rtabmap-2] [INFO] [1768872305.888682576] [rtabmap]: rtabmap (72): Rate=0.50s, Limit=0.000s, Conversion=0.0006s, RTAB-Map=0.3330s, Maps update=0.0057s pub=0.0000s delay=0.3120s (local map=1, WM=1)
[rtabmap-2] [INFO] [1768872306.459724815] [rtabmap]: rtabmap (73): Rate=0.50s, Limit=0.000s, Conversion=0.0006s, RTAB-Map=0.2894s, Maps update=0.0049s pub=0.0000s delay=0.2940s (local map=1, WM=1)
[rtabmap-2] [INFO] [1768872307.175519064] [rtabmap]: rtabmap (74): Rate=0.50s, Limit=0.000s, Conversion=0.0005s, RTAB-Map=0.3640s, Maps update=0.0052s pub=0.0000s delay=0.3560s (local map=1, WM=1)
[rtabmap-2] [INFO] [1768872307.679760149] [rtabmap]: rtabmap (75): Rate=0.50s, Limit=0.000s, Conversion=0.0036s, RTAB-Map=0.3748s, Maps update=0.0046s pub=0.0000s delay=0.3550s (local map=1, WM=1)
[rtabmap-2] [INFO] [1768872308.318998006] [rtabmap]: rtabmap (76): Rate=0.50s, Limit=0.000s, Conversion=0.0005s, RTAB-Map=0.4213s, Maps update=0.0031s pub=0.0000s delay=0.3720s (local map=1, WM=1)
[rtabmap-2] [INFO] [1768872308.770890651] [rtabmap]: rtabmap (77): Rate=0.50s, Limit=0.000s, Conversion=0.0011s, RTAB-Map=0.3395s, Maps update=0.0041s pub=0.0000s delay=0.3300s (local map=1, WM=1)
[rtabmap-2] [INFO] [1768872309.312430637] [rtabmap]: rtabmap (78): Rate=0.50s, Limit=0.000s, Conversion=0.0005s, RTAB-Map=0.3129s, Maps update=0.0054s pub=0.0000s delay=0.2790s (local map=1, WM=1)
[rtabmap-2] [INFO] [1768872309.946991920] [rtabmap]: rtabmap (79): Rate=0.50s, Limit=0.000s, Conversion=0.0014s, RTAB-Map=0.4236s, Maps update=0.0045s pub=0.0000s delay=0.4370s (local map=1, WM=1)
[rtabmap-2] [INFO] [1768872310.375192442] [rtabmap]: rtabmap (80): Rate=0.50s, Limit=0.000s, Conversion=0.0006s, RTAB-Map=0.3408s, Maps update=0.0029s pub=0.0000s delay=0.3370s (local map=1, WM=1)
[rtabmap-2] [INFO] [1768872311.067369580] [rtabmap]: rtabmap (81): Rate=0.50s, Limit=0.000s, Conversion=0.0007s, RTAB-Map=0.3898s, Maps update=0.0049s pub=0.0000s delay=0.4040s (local map=1, WM=1)
[rtabmap-2] [INFO] [1768872311.702299326] [rtabmap]: rtabmap (82): Rate=0.50s, Limit=0.000s, Conversion=0.0005s, RTAB-Map=0.3762s, Maps update=0.0027s pub=0.0000s delay=0.3290s (local map=1, WM=1)
[rtabmap-2] [INFO] [1768872312.339451679] [rtabmap]: rtabmap (83): Rate=0.50s, Limit=0.000s, Conversion=0.0018s, RTAB-Map=0.3992s, Maps update=0.0028s pub=0.0000s delay=0.4290s (local map=1, WM=1)
[rtabmap-2] [INFO] [1768872312.901715890] [rtabmap]: rtabmap (84): Rate=0.50s, Limit=0.000s, Conversion=0.0009s, RTAB-Map=0.3328s, Maps update=0.0046s pub=0.0000s delay=0.3090s (local map=1, WM=1)
[rtabmap-2] [INFO] [1768872313.512095643] [rtabmap]: rtabmap (85): Rate=0.50s, Limit=0.000s, Conversion=0.0006s, RTAB-Map=0.4214s, Maps update=0.0053s pub=0.0000s delay=0.4020s (local map=1, WM=1)
[rtabmap-2] [INFO] [1768872313.990157389] [rtabmap]: rtabmap (86): Rate=0.50s, Limit=0.000s, Conversion=0.0012s, RTAB-Map=0.3403s, Maps update=0.0038s pub=0.0000s delay=0.3340s (local map=1, WM=1)
[rtabmap-2] [INFO] [1768872314.584352153] [rtabmap]: rtabmap (87): Rate=0.50s, Limit=0.000s, Conversion=0.0006s, RTAB-Map=0.3729s, Maps update=0.0054s pub=0.0000s delay=0.3620s (local map=1, WM=1)
[rtabmap-2] [INFO] [1768872315.110634169] [rtabmap]: rtabmap (88): Rate=0.50s, Limit=0.000s, Conversion=0.0005s, RTAB-Map=0.3640s, Maps update=0.0033s pub=0.0000s delay=0.3380s (local map=1, WM=1)
[rtabmap-2] [INFO] [1768872315.708855801] [rtabmap]: rtabmap (89): Rate=0.50s, Limit=0.000s, Conversion=0.0009s, RTAB-Map=0.3147s, Maps update=0.0053s pub=0.0000s delay=0.3070s (local map=1, WM=1)
[rtabmap-2] [INFO] [1768872316.352149382] [rtabmap]: rtabmap (90): Rate=0.50s, Limit=0.000s, Conversion=0.0004s, RTAB-Map=0.2956s, Maps update=0.0045s pub=0.0000s delay=0.3260s (local map=1, WM=1)
[rtabmap-2] [INFO] [1768872317.176931920] [rtabmap]: rtabmap (91): Rate=0.50s, Limit=0.000s, Conversion=0.0005s, RTAB-Map=0.3664s, Maps update=0.0054s pub=0.0000s delay=0.3740s (local map=1, WM=1)
[rtabmap-2] [INFO] [1768872317.856436864] [rtabmap]: rtabmap (92): Rate=0.50s, Limit=0.000s, Conversion=0.0007s, RTAB-Map=0.3530s, Maps update=0.0030s pub=0.0000s delay=0.3880s (local map=1, WM=1)
[rtabmap-2] [INFO] [1768872318.395184248] [rtabmap]: rtabmap (93): Rate=0.50s, Limit=0.000s, Conversion=0.0007s, RTAB-Map=0.3339s, Maps update=0.0069s pub=0.0000s delay=0.3390s (local map=1, WM=1)
[rtabmap-2] [INFO] [1768872318.902408555] [rtabmap]: rtabmap (94): Rate=0.50s, Limit=0.000s, Conversion=0.0009s, RTAB-Map=0.3436s, Maps update=0.0058s pub=0.0000s delay=0.3330s (local map=1, WM=1)
[rtabmap-2] [INFO] [1768872319.499266727] [rtabmap]: rtabmap (95): Rate=0.50s, Limit=0.000s, Conversion=0.0007s, RTAB-Map=0.3921s, Maps update=0.0035s pub=0.0000s delay=0.3800s (local map=1, WM=1)
[rtabmap-2] [INFO] [1768872320.072163208] [rtabmap]: rtabmap (96): Rate=0.50s, Limit=0.000s, Conversion=0.0004s, RTAB-Map=0.4030s, Maps update=0.0052s pub=0.0000s delay=0.4150s (local map=1, WM=1)
[rtabmap-2] [INFO] [1768872320.585970696] [rtabmap]: rtabmap (97): Rate=0.50s, Limit=0.000s, Conversion=0.0004s, RTAB-Map=0.3845s, Maps update=0.0053s pub=0.0001s delay=0.3910s (local map=1, WM=1)
[rtabmap-2] [INFO] [1768872321.024532734] [rtabmap]: rtabmap (98): Rate=0.50s, Limit=0.000s, Conversion=0.0007s, RTAB-Map=0.2964s, Maps update=0.0029s pub=0.0000s delay=0.2710s (local map=1, WM=1)
[rtabmap-2] [INFO] [1768872321.797455839] [rtabmap]: rtabmap (99): Rate=0.50s, Limit=0.000s, Conversion=0.0012s, RTAB-Map=0.3748s, Maps update=0.0027s pub=0.0000s delay=0.3750s (local map=1, WM=1)
[rtabmap-2] [INFO] [1768872322.262670237] [rtabmap]: rtabmap (100): Rate=0.50s, Limit=0.000s, Conversion=0.0009s, RTAB-Map=0.3157s, Maps update=0.0033s pub=0.0000s delay=0.3540s (local map=1, WM=1)
[rgbd_sync-1] [INFO] [1768872322.756636338] [rclcpp]: signal_handler(signum=2)
[rtabmap-2] [INFO] [1768872322.756662202] [rclcpp]: signal_handler(signum=2)
[rtabmap-2] [INFO] [1768872322.881876063] [rtabmap]: rtabmap (101): Rate=0.50s, Limit=0.000s, Conversion=0.0007s, RTAB-Map=0.3260s, Maps update=0.0000s pub=0.0000s delay=0.2340s (local map=1, WM=1)
[rtabmap-2] [INFO] [1768872322.882813814] [rtabmap]: Parameters are not saved (No configuration file provided...)
[INFO] [rgbd_sync-1]: process has finished cleanly [pid 1168344]
[rtabmap-2] [33m[ WARN] (2026-01-20 10:24:24.593) Memory.cpp:5917::createSignature() Mem/SaveDepth16Format is set to false to use 32bits format but this is not compatible with the compressed depth format chosen (Mem/DepthCompressionFormat=".rvl"), depth images will be compressed in ".png" format instead. Explicitly set Mem/SaveDepth16Format to true to keep using ".rvl" format and images will be converted to 16bits for convenience (warning: that would remove all depth values over 65 meters). Explicitly set Mem/DepthCompressionFormat=".png" to suppress this warning. This warning is only printed once.[0m
[rtabmap-2] [33m[ WARN] (2026-01-20 10:24:24.925) MapsManager.cpp:863::publishMaps() Graph has changed! The whole cloud is regenerated.[0m
[rtabmap-2] [33m[ WARN] (2026-01-20 10:24:27.219) MsgConversion.cpp:2010::getTransform() (getting transform world -> camera_color_optical_frame) Lookup would require extrapolation into the future.  Requested time 74.201000 but the latest data is at time 74.142000, when looking up transform from frame [camera_color_optical_frame] to frame [world] (wait_for_transform=0.200000)[0m
[rtabmap-2] rtabmap: Saving database/long-term memory... (located at /home/fujino/.ros/rtabmap_ur5e_20260120_102423.db)
[rtabmap-2] rtabmap: Saving database/long-term memory...done! (located at /home/fujino/.ros/rtabmap_ur5e_20260120_102423.db, 153 MB)
[INFO] [rtabmap-2]: process has finished cleanly [pid 1168346]
