[INFO] [launch]: All log files can be found below /home/fujino/.ros/log/2026-01-18-15-48-53-257837-fh-583734
[INFO] [launch]: Default logging verbosity is set to INFO
[INFO] [rgbd_sync-1]: process started with pid [583741]
[INFO] [rtabmap-2]: process started with pid [583743]
[rgbd_sync-1] [INFO] [1768718933.887066343] [rgbd_sync]: rgbd_sync: approx_sync = true
[rgbd_sync-1] [INFO] [1768718933.887286645] [rgbd_sync]: rgbd_sync: approx_sync_max_interval = 0.010000
[rgbd_sync-1] [INFO] [1768718933.887310707] [rgbd_sync]: rgbd_sync: topic_queue_size  = 10
[rgbd_sync-1] [INFO] [1768718933.887316043] [rgbd_sync]: rgbd_sync: sync_queue_size  = 30
[rgbd_sync-1] [INFO] [1768718933.887320923] [rgbd_sync]: rgbd_sync: qos             = 2
[rgbd_sync-1] [INFO] [1768718933.887325662] [rgbd_sync]: rgbd_sync: qos_camera_info = 2
[rgbd_sync-1] [INFO] [1768718933.887330424] [rgbd_sync]: rgbd_sync: depth_scale = 1.000000
[rgbd_sync-1] [INFO] [1768718933.887336261] [rgbd_sync]: rgbd_sync: decimation = 1
[rgbd_sync-1] [INFO] [1768718933.887340694] [rgbd_sync]: rgbd_sync: compressed_rate = 0.000000
[rgbd_sync-1] [INFO] [1768718933.913253067] [rgbd_sync]: 
[rgbd_sync-1] rgbd_sync subscribed to (approx sync, max interval=0.010000s):
[rgbd_sync-1]    /camera/color/image_raw,
[rgbd_sync-1]    /camera/depth/depth/image_raw,
[rgbd_sync-1]    /camera/color/camera_info
[rtabmap-2] [INFO] [1768718933.939352346] [rtabmap]: rtabmap(maps): latch                      = true
[rtabmap-2] [INFO] [1768718933.940396059] [rtabmap]: rtabmap(maps): map_filter_radius          = 0.000000
[rtabmap-2] [INFO] [1768718933.940430768] [rtabmap]: rtabmap(maps): map_filter_angle           = 30.000000
[rtabmap-2] [INFO] [1768718933.940438859] [rtabmap]: rtabmap(maps): map_cleanup                = true
[rtabmap-2] [INFO] [1768718933.940444093] [rtabmap]: rtabmap(maps): map_always_update          = false
[rtabmap-2] [INFO] [1768718933.940448734] [rtabmap]: rtabmap(maps): map_empty_ray_tracing      = true
[rtabmap-2] [INFO] [1768718933.940453471] [rtabmap]: rtabmap(maps): cloud_output_voxelized     = true
[rtabmap-2] [INFO] [1768718933.940458455] [rtabmap]: rtabmap(maps): cloud_subtract_filtering   = false
[rtabmap-2] [INFO] [1768718933.940463076] [rtabmap]: rtabmap(maps): cloud_subtract_filtering_min_neighbors = 2
[rtabmap-2] [INFO] [1768718933.941337998] [rtabmap]: rtabmap(maps): octomap_tree_depth         = 16
[rtabmap-2] [INFO] [1768718933.970145603] [rtabmap]: rtabmap: frame_id      = camera_color_optical_frame
[rtabmap-2] [INFO] [1768718933.970221831] [rtabmap]: rtabmap: odom_frame_id = world
[rtabmap-2] [INFO] [1768718933.970229477] [rtabmap]: rtabmap: map_frame_id  = world
[rtabmap-2] [INFO] [1768718933.970235382] [rtabmap]: rtabmap: log_to_rosout_level  = 4
[rtabmap-2] [INFO] [1768718933.970242272] [rtabmap]: rtabmap: initial_pose  = 
[rtabmap-2] [INFO] [1768718933.970247709] [rtabmap]: rtabmap: use_action_for_goal  = false
[rtabmap-2] [INFO] [1768718933.970253246] [rtabmap]: rtabmap: tf_delay      = 0.050000
[rtabmap-2] [INFO] [1768718933.970267013] [rtabmap]: rtabmap: tf_tolerance  = 0.100000
[rtabmap-2] [INFO] [1768718933.970273434] [rtabmap]: rtabmap: odom_sensor_sync   = false
[rtabmap-2] [INFO] [1768718933.970279053] [rtabmap]: rtabmap: pub_loc_pose_only_when_localizing = false
[rtabmap-2] [INFO] [1768718933.970285097] [rtabmap]: rtabmap: wait_for_transform = 0.200000
[rtabmap-2] [INFO] [1768718933.970291284] [rtabmap]: rtabmap: gen_scan  = false
[rtabmap-2] [INFO] [1768718933.970296542] [rtabmap]: rtabmap: gen_depth  = false
[rtabmap-2] [INFO] [1768718933.995289636] [rtabmap]: Setting RTAB-Map parameter "Grid/3D"="true" (rosparam)
[rtabmap-2] [INFO] [1768718933.997128193] [rtabmap]: Setting RTAB-Map parameter "Grid/RangeMax"="5.0" (rosparam)
[rtabmap-2] [INFO] [1768718933.997463770] [rtabmap]: Setting RTAB-Map parameter "Grid/RayTracing"="true" (rosparam)
[rtabmap-2] [INFO] [1768718933.998028869] [rtabmap]: Setting RTAB-Map parameter "Grid/Sensor"="1" (rosparam)
[rtabmap-2] [INFO] [1768718934.020641115] [rtabmap]: Setting RTAB-Map parameter "RGBD/CreateOccupancyGrid"="true" (rosparam)
[rtabmap-2] [INFO] [1768718934.028412312] [rtabmap]: Setting RTAB-Map parameter "Rtabmap/DetectionRate"="2.0" (rosparam)
[rtabmap-2] [INFO] [1768718934.147623886] [rtabmap]: RTAB-Map detection rate = 2.000000 Hz
[rtabmap-2] [INFO] [1768718934.147751923] [rtabmap]: rtabmap: Using database from "/home/fujino/.ros/rtabmap_ur5e_20260118_154853.db" (0 MB).
[rtabmap-2] [INFO] [1768718934.172980727] [rtabmap]: rtabmap: Database version = "0.22.1".
[rtabmap-2] [INFO] [1768718934.173044648] [rtabmap]: rtabmap: SLAM mode (Mem/IncrementalMemory=true)
[rtabmap-2] [INFO] [1768718934.199612746] [rtabmap]: Setup callbacks
[rtabmap-2] [WARN] [1768718934.199683001] [rtabmap]: rtabmap: Parameters subscribe_depth and subscribe_rgbd cannot be true at the same time. Parameter subscribe_depth is set to false.
[rtabmap-2] [INFO] [1768718934.200040486] [rtabmap]: rtabmap: subscribe_depth = false
[rtabmap-2] [INFO] [1768718934.200079555] [rtabmap]: rtabmap: subscribe_rgb = false
[rtabmap-2] [INFO] [1768718934.200092341] [rtabmap]: rtabmap: subscribe_stereo = false
[rtabmap-2] [INFO] [1768718934.200104200] [rtabmap]: rtabmap: subscribe_rgbd = true (rgbd_cameras=1)
[rtabmap-2] [INFO] [1768718934.200116858] [rtabmap]: rtabmap: subscribe_sensor_data = false
[rtabmap-2] [INFO] [1768718934.200127789] [rtabmap]: rtabmap: subscribe_odom_info = false
[rtabmap-2] [INFO] [1768718934.200138228] [rtabmap]: rtabmap: subscribe_user_data = false
[rtabmap-2] [INFO] [1768718934.200148920] [rtabmap]: rtabmap: subscribe_scan = false
[rtabmap-2] [INFO] [1768718934.200159491] [rtabmap]: rtabmap: subscribe_scan_cloud = false
[rtabmap-2] [INFO] [1768718934.200171184] [rtabmap]: rtabmap: subscribe_scan_descriptor = false
[rtabmap-2] [INFO] [1768718934.200182343] [rtabmap]: rtabmap: topic_queue_size = 10
[rtabmap-2] [INFO] [1768718934.200193795] [rtabmap]: rtabmap: sync_queue_size  = 30
[rtabmap-2] [INFO] [1768718934.200204251] [rtabmap]: rtabmap: qos_image       = 2
[rtabmap-2] [INFO] [1768718934.200263891] [rtabmap]: rtabmap: qos_camera_info = 2
[rtabmap-2] [INFO] [1768718934.200279004] [rtabmap]: rtabmap: qos_scan        = 2
[rtabmap-2] [INFO] [1768718934.200290050] [rtabmap]: rtabmap: qos_odom        = 2
[rtabmap-2] [INFO] [1768718934.200300628] [rtabmap]: rtabmap: qos_user_data   = 2
[rtabmap-2] [INFO] [1768718934.200311014] [rtabmap]: rtabmap: approx_sync     = true
[rtabmap-2] [INFO] [1768718934.200339855] [rtabmap]: Setup rgbd callback
[rtabmap-2] [INFO] [1768718934.201876326] [rtabmap]: 
[rtabmap-2] rtabmap subscribed to:
[rtabmap-2]    /rgbd_image
[rtabmap-2] [INFO] [1768718934.693608806] [rtabmap]: rtabmap (1): Rate=0.50s, Limit=0.000s, Conversion=0.0018s, RTAB-Map=0.3151s, Maps update=0.0039s pub=0.0007s delay=0.3210s (local map=1, WM=1)
[rtabmap-2] [INFO] [1768718935.241911467] [rtabmap]: rtabmap (2): Rate=0.50s, Limit=0.000s, Conversion=0.0016s, RTAB-Map=0.3383s, Maps update=0.0040s pub=0.0000s delay=0.3830s (local map=1, WM=1)
[rtabmap-2] [INFO] [1768718935.752707512] [rtabmap]: rtabmap (3): Rate=0.50s, Limit=0.000s, Conversion=0.0006s, RTAB-Map=0.3454s, Maps update=0.0043s pub=0.0000s delay=0.3770s (local map=1, WM=1)
[rtabmap-2] [INFO] [1768718936.296388947] [rtabmap]: rtabmap (4): Rate=0.50s, Limit=0.000s, Conversion=0.0020s, RTAB-Map=0.3948s, Maps update=0.0042s pub=0.0000s delay=0.3680s (local map=1, WM=1)
[rtabmap-2] [INFO] [1768718936.830516129] [rtabmap]: rtabmap (5): Rate=0.50s, Limit=0.000s, Conversion=0.0042s, RTAB-Map=0.3930s, Maps update=0.0046s pub=0.0000s delay=0.3460s (local map=1, WM=1)
[rtabmap-2] [INFO] [1768718937.215277002] [rtabmap]: rtabmap (6): Rate=0.50s, Limit=0.000s, Conversion=0.0022s, RTAB-Map=0.2603s, Maps update=0.0044s pub=0.0000s delay=0.2360s (local map=1, WM=1)
[rtabmap-2] [INFO] [1768718937.840048411] [rtabmap]: rtabmap (7): Rate=0.50s, Limit=0.000s, Conversion=0.0037s, RTAB-Map=0.3640s, Maps update=0.0078s pub=0.0000s delay=0.3340s (local map=1, WM=1)
[rtabmap-2] [INFO] [1768718938.373732628] [rtabmap]: rtabmap (8): Rate=0.50s, Limit=0.000s, Conversion=0.0009s, RTAB-Map=0.3396s, Maps update=0.0048s pub=0.0000s delay=0.3620s (local map=1, WM=1)
[rtabmap-2] [INFO] [1768718938.828399190] [rtabmap]: rtabmap (9): Rate=0.50s, Limit=0.000s, Conversion=0.0012s, RTAB-Map=0.2747s, Maps update=0.0068s pub=0.0000s delay=0.2460s (local map=1, WM=1)
[rtabmap-2] [INFO] [1768718939.424768510] [rtabmap]: rtabmap (10): Rate=0.50s, Limit=0.000s, Conversion=0.0054s, RTAB-Map=0.3432s, Maps update=0.0074s pub=0.0000s delay=0.3070s (local map=1, WM=1)
[rtabmap-2] [INFO] [1768718940.149671157] [rtabmap]: rtabmap (11): Rate=0.50s, Limit=0.000s, Conversion=0.0017s, RTAB-Map=0.3145s, Maps update=0.0047s pub=0.0000s delay=0.3770s (local map=1, WM=1)
[rtabmap-2] [INFO] [1768718940.719492541] [rtabmap]: rtabmap (12): Rate=0.50s, Limit=0.000s, Conversion=0.0012s, RTAB-Map=0.3617s, Maps update=0.0085s pub=0.0000s delay=0.3350s (local map=1, WM=1)
[rtabmap-2] [INFO] [1768718941.205417759] [rtabmap]: rtabmap (13): Rate=0.50s, Limit=0.000s, Conversion=0.0005s, RTAB-Map=0.3347s, Maps update=0.0046s pub=0.0000s delay=0.3200s (local map=1, WM=1)
[rtabmap-2] [INFO] [1768718941.757786542] [rtabmap]: rtabmap (14): Rate=0.50s, Limit=0.000s, Conversion=0.0005s, RTAB-Map=0.3417s, Maps update=0.0048s pub=0.0000s delay=0.3860s (local map=1, WM=1)
[rtabmap-2] [INFO] [1768718942.362398019] [rtabmap]: rtabmap (15): Rate=0.50s, Limit=0.000s, Conversion=0.0006s, RTAB-Map=0.3910s, Maps update=0.0072s pub=0.0000s delay=0.4390s (local map=1, WM=1)
[rtabmap-2] [INFO] [1768718942.792076571] [rtabmap]: rtabmap (16): Rate=0.50s, Limit=0.000s, Conversion=0.0017s, RTAB-Map=0.3127s, Maps update=0.0074s pub=0.0000s delay=0.3250s (local map=1, WM=1)
[rtabmap-2] [INFO] [1768718943.400195359] [rtabmap]: rtabmap (17): Rate=0.50s, Limit=0.000s, Conversion=0.0029s, RTAB-Map=0.3859s, Maps update=0.0066s pub=0.0000s delay=0.4070s (local map=1, WM=1)
[rtabmap-2] [INFO] [1768718943.851720364] [rtabmap]: rtabmap (18): Rate=0.50s, Limit=0.000s, Conversion=0.0015s, RTAB-Map=0.3404s, Maps update=0.0072s pub=0.0009s delay=0.2980s (local map=2, WM=2)
[rtabmap-2] [INFO] [1768718944.358269563] [rtabmap]: rtabmap (19): Rate=0.50s, Limit=0.000s, Conversion=0.0006s, RTAB-Map=0.3385s, Maps update=0.0060s pub=0.0000s delay=0.3780s (local map=2, WM=2)
[rtabmap-2] [INFO] [1768718944.915361208] [rtabmap]: rtabmap (20): Rate=0.50s, Limit=0.000s, Conversion=0.0005s, RTAB-Map=0.3219s, Maps update=0.0074s pub=0.0000s delay=0.3240s (local map=2, WM=2)
[rtabmap-2] [INFO] [1768718945.475785828] [rtabmap]: rtabmap (21): Rate=0.50s, Limit=0.000s, Conversion=0.0006s, RTAB-Map=0.3355s, Maps update=0.0044s pub=0.0009s delay=0.3730s (local map=3, WM=3)
[rtabmap-2] [INFO] [1768718946.016193963] [rtabmap]: rtabmap (22): Rate=0.50s, Limit=0.000s, Conversion=0.0009s, RTAB-Map=0.3194s, Maps update=0.0039s pub=0.0000s delay=0.3110s (local map=3, WM=3)
[rtabmap-2] [INFO] [1768718946.640638179] [rtabmap]: rtabmap (23): Rate=0.50s, Limit=0.000s, Conversion=0.0009s, RTAB-Map=0.3176s, Maps update=0.0041s pub=0.0000s delay=0.2990s (local map=3, WM=3)
[rtabmap-2] [INFO] [1768718947.195376614] [rtabmap]: rtabmap (24): Rate=0.50s, Limit=0.000s, Conversion=0.0005s, RTAB-Map=0.3381s, Maps update=0.0044s pub=0.0011s delay=0.3660s (local map=4, WM=4)
[rtabmap-2] [INFO] [1768718947.743439152] [rtabmap]: rtabmap (25): Rate=0.50s, Limit=0.000s, Conversion=0.0005s, RTAB-Map=0.3920s, Maps update=0.0048s pub=0.0000s delay=0.3640s (local map=4, WM=4)
[rtabmap-2] [INFO] [1768718948.179323559] [rtabmap]: rtabmap (26): Rate=0.50s, Limit=0.000s, Conversion=0.0010s, RTAB-Map=0.2994s, Maps update=0.0032s pub=0.0000s delay=0.3430s (local map=4, WM=4)
[rtabmap-2] [INFO] [1768718948.803651919] [rtabmap]: rtabmap (27): Rate=0.50s, Limit=0.000s, Conversion=0.0005s, RTAB-Map=0.4264s, Maps update=0.0044s pub=0.0012s delay=0.4420s (local map=5, WM=5)
[rtabmap-2] [INFO] [1768718949.308486894] [rtabmap]: rtabmap (28): Rate=0.50s, Limit=0.000s, Conversion=0.0008s, RTAB-Map=0.3849s, Maps update=0.0055s pub=0.0000s delay=0.3870s (local map=5, WM=5)
[rtabmap-2] [INFO] [1768718950.025599259] [rtabmap]: rtabmap (29): Rate=0.50s, Limit=0.000s, Conversion=0.0005s, RTAB-Map=0.4937s, Maps update=0.0053s pub=0.0000s delay=0.4920s (local map=5, WM=5)
[rtabmap-2] [INFO] [1768718950.570680975] [rtabmap]: rtabmap (30): Rate=0.50s, Limit=0.000s, Conversion=0.0013s, RTAB-Map=0.4887s, Maps update=0.0056s pub=0.0011s delay=0.4610s (local map=6, WM=6)
[rtabmap-2] [INFO] [1768718951.023817089] [rtabmap]: rtabmap (31): Rate=0.50s, Limit=0.000s, Conversion=0.0008s, RTAB-Map=0.4048s, Maps update=0.0048s pub=0.0000s delay=0.4230s (local map=6, WM=6)
[rtabmap-2] [INFO] [1768718951.492989622] [rtabmap]: rtabmap (32): Rate=0.50s, Limit=0.000s, Conversion=0.0007s, RTAB-Map=0.3862s, Maps update=0.0054s pub=0.0000s delay=0.4140s (local map=6, WM=6)
[rtabmap-2] [INFO] [1768718951.989932603] [rtabmap]: rtabmap (33): Rate=0.50s, Limit=0.000s, Conversion=0.0010s, RTAB-Map=0.3143s, Maps update=0.0042s pub=0.0016s delay=0.3410s (local map=7, WM=7)
[rtabmap-2] [INFO] [1768718952.634228661] [rtabmap]: rtabmap (34): Rate=0.50s, Limit=0.000s, Conversion=0.0006s, RTAB-Map=0.3767s, Maps update=0.0046s pub=0.0000s delay=0.3810s (local map=7, WM=7)
[rtabmap-2] [INFO] [1768718953.103188658] [rtabmap]: rtabmap (35): Rate=0.50s, Limit=0.000s, Conversion=0.0008s, RTAB-Map=0.3075s, Maps update=0.0045s pub=0.0017s delay=0.3250s (local map=8, WM=8)
[rtabmap-2] [INFO] [1768718953.720081936] [rtabmap]: rtabmap (36): Rate=0.50s, Limit=0.000s, Conversion=0.0005s, RTAB-Map=0.3762s, Maps update=0.0050s pub=0.0000s delay=0.3810s (local map=8, WM=8)
[rtabmap-2] [INFO] [1768718954.192632621] [rtabmap]: rtabmap (37): Rate=0.50s, Limit=0.000s, Conversion=0.0005s, RTAB-Map=0.3487s, Maps update=0.0037s pub=0.0016s delay=0.3770s (local map=9, WM=9)
[rtabmap-2] [INFO] [1768718954.825819436] [rtabmap]: rtabmap (38): Rate=0.50s, Limit=0.000s, Conversion=0.0005s, RTAB-Map=0.4209s, Maps update=0.0031s pub=0.0000s delay=0.4380s (local map=9, WM=9)
[rtabmap-2] [INFO] [1768718955.298725286] [rtabmap]: rtabmap (39): Rate=0.50s, Limit=0.000s, Conversion=0.0005s, RTAB-Map=0.3811s, Maps update=0.0058s pub=0.0015s delay=0.4270s (local map=10, WM=10)
[rtabmap-2] [INFO] [1768718955.760227366] [rtabmap]: rtabmap (40): Rate=0.50s, Limit=0.000s, Conversion=0.0006s, RTAB-Map=0.3134s, Maps update=0.0062s pub=0.0023s delay=0.2950s (local map=11, WM=11)
[rtabmap-2] [INFO] [1768718956.307082582] [rtabmap]: rtabmap (41): Rate=0.50s, Limit=0.000s, Conversion=0.0006s, RTAB-Map=0.3386s, Maps update=0.0060s pub=0.0000s delay=0.3640s (local map=11, WM=11)
[rtabmap-2] [INFO] [1768718957.148115664] [rtabmap]: rtabmap (42): Rate=0.50s, Limit=0.000s, Conversion=0.0007s, RTAB-Map=0.4035s, Maps update=0.0034s pub=0.0024s delay=0.4090s (local map=12, WM=12)
[rtabmap-2] [INFO] [1768718957.647517600] [rtabmap]: rtabmap (43): Rate=0.50s, Limit=0.000s, Conversion=0.0006s, RTAB-Map=0.3912s, Maps update=0.0038s pub=0.0040s delay=0.3990s (local map=12, WM=12)
[rtabmap-2] [INFO] [1768718958.243635631] [rtabmap]: rtabmap (44): Rate=0.50s, Limit=0.000s, Conversion=0.0009s, RTAB-Map=0.4803s, Maps update=0.0036s pub=0.0012s delay=0.4650s (local map=13, WM=13)
[rtabmap-2] [INFO] [1768718958.667335777] [rtabmap]: rtabmap (45): Rate=0.50s, Limit=0.000s, Conversion=0.0004s, RTAB-Map=0.3184s, Maps update=0.0049s pub=0.0000s delay=0.2830s (local map=13, WM=13)
[rtabmap-2] [INFO] [1768718959.250616971] [rtabmap]: rtabmap (46): Rate=0.50s, Limit=0.000s, Conversion=0.0007s, RTAB-Map=0.3894s, Maps update=0.0049s pub=0.0026s delay=0.3820s (local map=14, WM=14)
[rtabmap-2] [INFO] [1768718959.840623600] [rtabmap]: rtabmap (47): Rate=0.50s, Limit=0.000s, Conversion=0.0005s, RTAB-Map=0.4318s, Maps update=0.0050s pub=0.0000s delay=0.4630s (local map=14, WM=14)
[rtabmap-2] [INFO] [1768718960.440643687] [rtabmap]: rtabmap (48): Rate=0.50s, Limit=0.000s, Conversion=0.0009s, RTAB-Map=0.4260s, Maps update=0.0032s pub=0.0027s delay=0.4600s (local map=15, WM=15)
[rtabmap-2] [INFO] [1768718960.966202462] [rtabmap]: rtabmap (49): Rate=0.50s, Limit=0.000s, Conversion=0.0008s, RTAB-Map=0.4396s, Maps update=0.0026s pub=0.0000s delay=0.4300s (local map=15, WM=15)
[rtabmap-2] [INFO] [1768718961.574015002] [rtabmap]: rtabmap (50): Rate=0.50s, Limit=0.000s, Conversion=0.0009s, RTAB-Map=0.5012s, Maps update=0.0031s pub=0.0018s delay=0.4860s (local map=16, WM=16)
[rtabmap-2] [INFO] [1768718962.102016689] [rtabmap]: rtabmap (51): Rate=0.50s, Limit=0.000s, Conversion=0.0006s, RTAB-Map=0.4819s, Maps update=0.0043s pub=0.0000s delay=0.4390s (local map=16, WM=16)
[rtabmap-2] [INFO] [1768718962.628063374] [rtabmap]: rtabmap (52): Rate=0.50s, Limit=0.000s, Conversion=0.0007s, RTAB-Map=0.4902s, Maps update=0.0052s pub=0.0035s delay=0.5140s (local map=17, WM=17)
[rtabmap-2] [INFO] [1768718963.123197240] [rtabmap]: rtabmap (53): Rate=0.50s, Limit=0.000s, Conversion=0.0006s, RTAB-Map=0.4250s, Maps update=0.0043s pub=0.0000s delay=0.4690s (local map=17, WM=17)
[rtabmap-2] [INFO] [1768718963.670917538] [rtabmap]: rtabmap (54): Rate=0.50s, Limit=0.000s, Conversion=0.0010s, RTAB-Map=0.4389s, Maps update=0.0049s pub=0.0001s delay=0.4370s (local map=17, WM=17)
[rtabmap-2] [INFO] [1768718964.214817728] [rtabmap]: rtabmap (55): Rate=0.50s, Limit=0.000s, Conversion=0.0010s, RTAB-Map=0.4294s, Maps update=0.0038s pub=0.0026s delay=0.4660s (local map=18, WM=18)
[rtabmap-2] [INFO] [1768718964.685786705] [rtabmap]: rtabmap (56): Rate=0.50s, Limit=0.000s, Conversion=0.0005s, RTAB-Map=0.3509s, Maps update=0.0044s pub=0.0001s delay=0.3320s (local map=18, WM=18)
[rtabmap-2] [INFO] [1768718965.282234738] [rtabmap]: rtabmap (57): Rate=0.50s, Limit=0.000s, Conversion=0.0006s, RTAB-Map=0.3705s, Maps update=0.0027s pub=0.0000s delay=0.3510s (local map=18, WM=18)
[rtabmap-2] [INFO] [1768718965.867985980] [rtabmap]: rtabmap (58): Rate=0.50s, Limit=0.000s, Conversion=0.0005s, RTAB-Map=0.3469s, Maps update=0.0041s pub=0.0014s delay=0.3470s (local map=19, WM=19)
[rtabmap-2] [INFO] [1768718966.408465603] [rtabmap]: rtabmap (59): Rate=0.50s, Limit=0.000s, Conversion=0.0006s, RTAB-Map=0.3671s, Maps update=0.0077s pub=0.0000s delay=0.3300s (local map=19, WM=19)
[rtabmap-2] [INFO] [1768718966.964402287] [rtabmap]: rtabmap (60): Rate=0.50s, Limit=0.000s, Conversion=0.0006s, RTAB-Map=0.2764s, Maps update=0.0023s pub=0.0000s delay=0.2780s (local map=19, WM=19)
[rtabmap-2] [INFO] [1768718967.561484912] [rtabmap]: rtabmap (61): Rate=0.50s, Limit=0.000s, Conversion=0.0004s, RTAB-Map=0.3413s, Maps update=0.0028s pub=0.0016s delay=0.3560s (local map=20, WM=20)
[rtabmap-2] [INFO] [1768718968.099397484] [rtabmap]: rtabmap (62): Rate=0.50s, Limit=0.000s, Conversion=0.0008s, RTAB-Map=0.3789s, Maps update=0.0035s pub=0.0000s delay=0.3540s (local map=20, WM=20)
[rtabmap-2] [INFO] [1768718968.666165099] [rtabmap]: rtabmap (63): Rate=0.50s, Limit=0.000s, Conversion=0.0004s, RTAB-Map=0.3878s, Maps update=0.0033s pub=0.0000s delay=0.3990s (local map=20, WM=20)
[rtabmap-2] [INFO] [1768718969.386271412] [rtabmap]: rtabmap (64): Rate=0.50s, Limit=0.000s, Conversion=0.0006s, RTAB-Map=0.3580s, Maps update=0.0045s pub=0.0015s delay=0.3550s (local map=21, WM=21)
[rtabmap-2] [INFO] [1768718970.018270057] [rtabmap]: rtabmap (65): Rate=0.50s, Limit=0.000s, Conversion=0.0004s, RTAB-Map=0.4417s, Maps update=0.0045s pub=0.0000s delay=0.4010s (local map=21, WM=21)
[rtabmap-2] [INFO] [1768718970.452772766] [rtabmap]: rtabmap (66): Rate=0.50s, Limit=0.000s, Conversion=0.0005s, RTAB-Map=0.3650s, Maps update=0.0039s pub=0.0046s delay=0.3990s (local map=22, WM=22)
[rtabmap-2] [INFO] [1768718970.933961318] [rtabmap]: rtabmap (67): Rate=0.50s, Limit=0.000s, Conversion=0.0012s, RTAB-Map=0.3472s, Maps update=0.0046s pub=0.0000s delay=0.3960s (local map=22, WM=22)
[rtabmap-2] [INFO] [1768718971.493263453] [rtabmap]: rtabmap (68): Rate=0.50s, Limit=0.000s, Conversion=0.0014s, RTAB-Map=0.3747s, Maps update=0.0050s pub=0.0000s delay=0.3620s (local map=22, WM=22)
[rtabmap-2] [INFO] [1768718972.053540580] [rtabmap]: rtabmap (69): Rate=0.50s, Limit=0.000s, Conversion=0.0007s, RTAB-Map=0.4119s, Maps update=0.0032s pub=0.0014s delay=0.4320s (local map=23, WM=23)
[rtabmap-2] [INFO] [1768718972.506190010] [rclcpp]: signal_handler(signum=2)
[rgbd_sync-1] [INFO] [1768718972.506188348] [rclcpp]: signal_handler(signum=2)
[INFO] [rgbd_sync-1]: process has finished cleanly [pid 583741]
[rtabmap-2] [INFO] [1768718972.713151990] [rtabmap]: rtabmap (70): Rate=0.50s, Limit=0.000s, Conversion=0.0005s, RTAB-Map=0.3356s, Maps update=0.0001s pub=0.0001s delay=0.0990s (local map=23, WM=23)
[rtabmap-2] [INFO] [1768718972.714207024] [rtabmap]: Parameters are not saved (No configuration file provided...)
[rtabmap-2] [33m[ WARN] (2026-01-18 15:48:54.383) Memory.cpp:5917::createSignature() Mem/SaveDepth16Format is set to false to use 32bits format but this is not compatible with the compressed depth format chosen (Mem/DepthCompressionFormat=".rvl"), depth images will be compressed in ".png" format instead. Explicitly set Mem/SaveDepth16Format to true to keep using ".rvl" format and images will be converted to 16bits for convenience (warning: that would remove all depth values over 65 meters). Explicitly set Mem/DepthCompressionFormat=".png" to suppress this warning. This warning is only printed once.[0m
[rtabmap-2] [33m[ WARN] (2026-01-18 15:48:54.692) MapsManager.cpp:863::publishMaps() Graph has changed! The whole cloud is regenerated.[0m
[rtabmap-2] [33m[ WARN] (2026-01-18 15:49:27.556) Rtabmap.cpp:3069::process() Rejected loop closure 18 -> 61: Not enough inliers 18/20 (matches=37) between 18 and 61[0m
[rtabmap-2] rtabmap: Saving database/long-term memory... (located at /home/fujino/.ros/rtabmap_ur5e_20260118_154853.db)
[rtabmap-2] rtabmap: Saving database/long-term memory...done! (located at /home/fujino/.ros/rtabmap_ur5e_20260118_154853.db, 103 MB)
[INFO] [rtabmap-2]: process has finished cleanly [pid 583743]
