[INFO] [launch]: All log files can be found below /home/fujino/.ros/log/2026-01-22-16-58-22-068471-fh-161022
[INFO] [launch]: Default logging verbosity is set to INFO
[INFO] [rgbd_sync-1]: process started with pid [161037]
[INFO] [rtabmap-2]: process started with pid [161039]
[rgbd_sync-1] [INFO] [1769068702.469570741] [rgbd_sync]: rgbd_sync: approx_sync = true
[rgbd_sync-1] [INFO] [1769068702.469769744] [rgbd_sync]: rgbd_sync: approx_sync_max_interval = 0.010000
[rgbd_sync-1] [INFO] [1769068702.469790313] [rgbd_sync]: rgbd_sync: topic_queue_size  = 10
[rgbd_sync-1] [INFO] [1769068702.469796359] [rgbd_sync]: rgbd_sync: sync_queue_size  = 30
[rgbd_sync-1] [INFO] [1769068702.469801758] [rgbd_sync]: rgbd_sync: qos             = 2
[rgbd_sync-1] [INFO] [1769068702.469807650] [rgbd_sync]: rgbd_sync: qos_camera_info = 2
[rgbd_sync-1] [INFO] [1769068702.469812577] [rgbd_sync]: rgbd_sync: depth_scale = 1.000000
[rgbd_sync-1] [INFO] [1769068702.469818947] [rgbd_sync]: rgbd_sync: decimation = 1
[rgbd_sync-1] [INFO] [1769068702.469824556] [rgbd_sync]: rgbd_sync: compressed_rate = 0.000000
[rgbd_sync-1] [INFO] [1769068702.481584054] [rgbd_sync]: 
[rgbd_sync-1] rgbd_sync subscribed to (approx sync, max interval=0.010000s):
[rgbd_sync-1]    /camera/color/image_raw,
[rgbd_sync-1]    /camera/depth/depth/image_raw_noisy,
[rgbd_sync-1]    /camera/color/camera_info
[rtabmap-2] [INFO] [1769068702.628543393] [rtabmap]: rtabmap(maps): latch                      = true
[rtabmap-2] [INFO] [1769068702.628890035] [rtabmap]: rtabmap(maps): map_filter_radius          = 0.000000
[rtabmap-2] [INFO] [1769068702.628917236] [rtabmap]: rtabmap(maps): map_filter_angle           = 30.000000
[rtabmap-2] [INFO] [1769068702.628931513] [rtabmap]: rtabmap(maps): map_cleanup                = true
[rtabmap-2] [INFO] [1769068702.628942179] [rtabmap]: rtabmap(maps): map_always_update          = false
[rtabmap-2] [INFO] [1769068702.628952302] [rtabmap]: rtabmap(maps): map_empty_ray_tracing      = true
[rtabmap-2] [INFO] [1769068702.628966030] [rtabmap]: rtabmap(maps): cloud_output_voxelized     = true
[rtabmap-2] [INFO] [1769068702.628976066] [rtabmap]: rtabmap(maps): cloud_subtract_filtering   = false
[rtabmap-2] [INFO] [1769068702.628985656] [rtabmap]: rtabmap(maps): cloud_subtract_filtering_min_neighbors = 2
[rtabmap-2] [INFO] [1769068702.629047520] [rtabmap]: rtabmap(maps): octomap_tree_depth         = 16
[rtabmap-2] [INFO] [1769068702.655923237] [rtabmap]: rtabmap: frame_id      = camera_color_optical_frame
[rtabmap-2] [INFO] [1769068702.655966613] [rtabmap]: rtabmap: odom_frame_id = world
[rtabmap-2] [INFO] [1769068702.655981190] [rtabmap]: rtabmap: map_frame_id  = world
[rtabmap-2] [INFO] [1769068702.655992756] [rtabmap]: rtabmap: log_to_rosout_level  = 4
[rtabmap-2] [INFO] [1769068702.656004330] [rtabmap]: rtabmap: initial_pose  = 
[rtabmap-2] [INFO] [1769068702.656015444] [rtabmap]: rtabmap: use_action_for_goal  = false
[rtabmap-2] [INFO] [1769068702.656026110] [rtabmap]: rtabmap: tf_delay      = 0.050000
[rtabmap-2] [INFO] [1769068702.656042062] [rtabmap]: rtabmap: tf_tolerance  = 0.100000
[rtabmap-2] [INFO] [1769068702.656054175] [rtabmap]: rtabmap: odom_sensor_sync   = false
[rtabmap-2] [INFO] [1769068702.656064618] [rtabmap]: rtabmap: pub_loc_pose_only_when_localizing = false
[rtabmap-2] [INFO] [1769068702.656075149] [rtabmap]: rtabmap: wait_for_transform = 0.200000
[rtabmap-2] [INFO] [1769068702.656087490] [rtabmap]: rtabmap: gen_scan  = false
[rtabmap-2] [INFO] [1769068702.656098282] [rtabmap]: rtabmap: gen_depth  = false
[rtabmap-2] [INFO] [1769068702.688050890] [rtabmap]: Setting RTAB-Map parameter "Grid/3D"="true" (rosparam)
[rtabmap-2] [INFO] [1769068702.689856439] [rtabmap]: Setting RTAB-Map parameter "Grid/RangeMax"="5.0" (rosparam)
[rtabmap-2] [INFO] [1769068702.690265483] [rtabmap]: Setting RTAB-Map parameter "Grid/RayTracing"="true" (rosparam)
[rtabmap-2] [INFO] [1769068702.690561833] [rtabmap]: Setting RTAB-Map parameter "Grid/Sensor"="1" (rosparam)
[rtabmap-2] [INFO] [1769068702.698362041] [rtabmap]: Setting RTAB-Map parameter "RGBD/CreateOccupancyGrid"="true" (rosparam)
[rtabmap-2] [INFO] [1769068702.700890693] [rtabmap]: Setting RTAB-Map parameter "Rtabmap/DetectionRate"="2.0" (rosparam)
[rtabmap-2] [INFO] [1769068702.984688963] [rtabmap]: RTAB-Map detection rate = 2.000000 Hz
[rtabmap-2] [INFO] [1769068702.984829522] [rtabmap]: rtabmap: Using database from "/home/fujino/.ros/rtabmap_ur5e_20260122_165821.db" (0 MB).
[rtabmap-2] [INFO] [1769068703.012754577] [rtabmap]: rtabmap: Database version = "0.22.1".
[rtabmap-2] [INFO] [1769068703.012875539] [rtabmap]: rtabmap: SLAM mode (Mem/IncrementalMemory=true)
[rtabmap-2] [INFO] [1769068703.038411865] [rtabmap]: Setup callbacks
[rtabmap-2] [WARN] [1769068703.038477809] [rtabmap]: rtabmap: Parameters subscribe_depth and subscribe_rgbd cannot be true at the same time. Parameter subscribe_depth is set to false.
[rtabmap-2] [INFO] [1769068703.038642667] [rtabmap]: rtabmap: subscribe_depth = false
[rtabmap-2] [INFO] [1769068703.038668173] [rtabmap]: rtabmap: subscribe_rgb = false
[rtabmap-2] [INFO] [1769068703.038680820] [rtabmap]: rtabmap: subscribe_stereo = false
[rtabmap-2] [INFO] [1769068703.038692063] [rtabmap]: rtabmap: subscribe_rgbd = true (rgbd_cameras=1)
[rtabmap-2] [INFO] [1769068703.038703602] [rtabmap]: rtabmap: subscribe_sensor_data = false
[rtabmap-2] [INFO] [1769068703.038714030] [rtabmap]: rtabmap: subscribe_odom_info = false
[rtabmap-2] [INFO] [1769068703.038724425] [rtabmap]: rtabmap: subscribe_user_data = false
[rtabmap-2] [INFO] [1769068703.038734410] [rtabmap]: rtabmap: subscribe_scan = false
[rtabmap-2] [INFO] [1769068703.038744503] [rtabmap]: rtabmap: subscribe_scan_cloud = false
[rtabmap-2] [INFO] [1769068703.038754695] [rtabmap]: rtabmap: subscribe_scan_descriptor = false
[rtabmap-2] [INFO] [1769068703.038765129] [rtabmap]: rtabmap: topic_queue_size = 10
[rtabmap-2] [INFO] [1769068703.038776197] [rtabmap]: rtabmap: sync_queue_size  = 30
[rtabmap-2] [INFO] [1769068703.038786396] [rtabmap]: rtabmap: qos_image       = 2
[rtabmap-2] [INFO] [1769068703.038829111] [rtabmap]: rtabmap: qos_camera_info = 2
[rtabmap-2] [INFO] [1769068703.038842616] [rtabmap]: rtabmap: qos_scan        = 2
[rtabmap-2] [INFO] [1769068703.038853653] [rtabmap]: rtabmap: qos_odom        = 2
[rtabmap-2] [INFO] [1769068703.038863765] [rtabmap]: rtabmap: qos_user_data   = 2
[rtabmap-2] [INFO] [1769068703.038873773] [rtabmap]: rtabmap: approx_sync     = true
[rtabmap-2] [INFO] [1769068703.038893977] [rtabmap]: Setup rgbd callback
[rtabmap-2] [INFO] [1769068703.040071060] [rtabmap]: 
[rtabmap-2] rtabmap subscribed to:
[rtabmap-2]    /rgbd_image
[rgbd_sync-1] [WARN] [1769068707.483093625] [rgbd_sync]: rgbd_sync: Did not receive data since 5 seconds! Make sure the input topics are published ("$ rostopic hz my_topic") and the timestamps in their header are set. Ajusting topic_queue_size (10) and sync_queue_size (30) can also help for better synchronization if framerates and/or delays are different. 
[rgbd_sync-1] rgbd_sync subscribed to (approx sync, max interval=0.010000s):
[rgbd_sync-1]    /camera/color/image_raw,
[rgbd_sync-1]    /camera/depth/depth/image_raw_noisy,
[rgbd_sync-1]    /camera/color/camera_info
[rtabmap-2] [WARN] [1769068708.042183352] [rtabmap]: rtabmap: Did not receive data since 5 seconds! Make sure the input topics are published ("$ ros2 topic hz my_topic") and the timestamps in their header are set. If topics are coming from different computers, make sure the clocks of the computers are synchronized ("ntpdate"). Ajusting topic_queue_size (10) and sync_queue_size (30) can also help for better synchronization if framerates and/or delays are different. If topics are not published at the same rate, you could increase "sync_queue_size" and/or "topic_queue_size" parameters (current=30 and 10 respectively).
[rtabmap-2] rtabmap subscribed to:
[rtabmap-2]    /rgbd_image
[rgbd_sync-1] [WARN] [1769068712.482211632] [rgbd_sync]: rgbd_sync: Did not receive data since 5 seconds! Make sure the input topics are published ("$ rostopic hz my_topic") and the timestamps in their header are set. Ajusting topic_queue_size (10) and sync_queue_size (30) can also help for better synchronization if framerates and/or delays are different. 
[rgbd_sync-1] rgbd_sync subscribed to (approx sync, max interval=0.010000s):
[rgbd_sync-1]    /camera/color/image_raw,
[rgbd_sync-1]    /camera/depth/depth/image_raw_noisy,
[rgbd_sync-1]    /camera/color/camera_info
[rtabmap-2] [WARN] [1769068713.041386034] [rtabmap]: rtabmap: Did not receive data since 5 seconds! Make sure the input topics are published ("$ ros2 topic hz my_topic") and the timestamps in their header are set. If topics are coming from different computers, make sure the clocks of the computers are synchronized ("ntpdate"). Ajusting topic_queue_size (10) and sync_queue_size (30) can also help for better synchronization if framerates and/or delays are different. If topics are not published at the same rate, you could increase "sync_queue_size" and/or "topic_queue_size" parameters (current=30 and 10 respectively).
[rtabmap-2] rtabmap subscribed to:
[rtabmap-2]    /rgbd_image
[rgbd_sync-1] [WARN] [1769068717.481346682] [rgbd_sync]: rgbd_sync: Did not receive data since 5 seconds! Make sure the input topics are published ("$ rostopic hz my_topic") and the timestamps in their header are set. Ajusting topic_queue_size (10) and sync_queue_size (30) can also help for better synchronization if framerates and/or delays are different. 
[rgbd_sync-1] rgbd_sync subscribed to (approx sync, max interval=0.010000s):
[rgbd_sync-1]    /camera/color/image_raw,
[rgbd_sync-1]    /camera/depth/depth/image_raw_noisy,
[rgbd_sync-1]    /camera/color/camera_info
[rtabmap-2] [WARN] [1769068718.040329375] [rtabmap]: rtabmap: Did not receive data since 5 seconds! Make sure the input topics are published ("$ ros2 topic hz my_topic") and the timestamps in their header are set. If topics are coming from different computers, make sure the clocks of the computers are synchronized ("ntpdate"). Ajusting topic_queue_size (10) and sync_queue_size (30) can also help for better synchronization if framerates and/or delays are different. If topics are not published at the same rate, you could increase "sync_queue_size" and/or "topic_queue_size" parameters (current=30 and 10 respectively).
[rtabmap-2] rtabmap subscribed to:
[rtabmap-2]    /rgbd_image
[rgbd_sync-1] [WARN] [1769068722.480518608] [rgbd_sync]: rgbd_sync: Did not receive data since 5 seconds! Make sure the input topics are published ("$ rostopic hz my_topic") and the timestamps in their header are set. Ajusting topic_queue_size (10) and sync_queue_size (30) can also help for better synchronization if framerates and/or delays are different. 
[rgbd_sync-1] rgbd_sync subscribed to (approx sync, max interval=0.010000s):
[rgbd_sync-1]    /camera/color/image_raw,
[rgbd_sync-1]    /camera/depth/depth/image_raw_noisy,
[rgbd_sync-1]    /camera/color/camera_info
[rtabmap-2] [WARN] [1769068723.039684379] [rtabmap]: rtabmap: Did not receive data since 5 seconds! Make sure the input topics are published ("$ ros2 topic hz my_topic") and the timestamps in their header are set. If topics are coming from different computers, make sure the clocks of the computers are synchronized ("ntpdate"). Ajusting topic_queue_size (10) and sync_queue_size (30) can also help for better synchronization if framerates and/or delays are different. If topics are not published at the same rate, you could increase "sync_queue_size" and/or "topic_queue_size" parameters (current=30 and 10 respectively).
[rtabmap-2] rtabmap subscribed to:
[rtabmap-2]    /rgbd_image
[rgbd_sync-1] [WARN] [1769068727.479653943] [rgbd_sync]: rgbd_sync: Did not receive data since 5 seconds! Make sure the input topics are published ("$ rostopic hz my_topic") and the timestamps in their header are set. Ajusting topic_queue_size (10) and sync_queue_size (30) can also help for better synchronization if framerates and/or delays are different. 
[rgbd_sync-1] rgbd_sync subscribed to (approx sync, max interval=0.010000s):
[rgbd_sync-1]    /camera/color/image_raw,
[rgbd_sync-1]    /camera/depth/depth/image_raw_noisy,
[rgbd_sync-1]    /camera/color/camera_info
[rtabmap-2] [WARN] [1769068728.038642484] [rtabmap]: rtabmap: Did not receive data since 5 seconds! Make sure the input topics are published ("$ ros2 topic hz my_topic") and the timestamps in their header are set. If topics are coming from different computers, make sure the clocks of the computers are synchronized ("ntpdate"). Ajusting topic_queue_size (10) and sync_queue_size (30) can also help for better synchronization if framerates and/or delays are different. If topics are not published at the same rate, you could increase "sync_queue_size" and/or "topic_queue_size" parameters (current=30 and 10 respectively).
[rtabmap-2] rtabmap subscribed to:
[rtabmap-2]    /rgbd_image
[rgbd_sync-1] [WARN] [1769068732.478819135] [rgbd_sync]: rgbd_sync: Did not receive data since 5 seconds! Make sure the input topics are published ("$ rostopic hz my_topic") and the timestamps in their header are set. Ajusting topic_queue_size (10) and sync_queue_size (30) can also help for better synchronization if framerates and/or delays are different. 
[rgbd_sync-1] rgbd_sync subscribed to (approx sync, max interval=0.010000s):
[rgbd_sync-1]    /camera/color/image_raw,
[rgbd_sync-1]    /camera/depth/depth/image_raw_noisy,
[rgbd_sync-1]    /camera/color/camera_info
[rtabmap-2] [WARN] [1769068733.038005401] [rtabmap]: rtabmap: Did not receive data since 5 seconds! Make sure the input topics are published ("$ ros2 topic hz my_topic") and the timestamps in their header are set. If topics are coming from different computers, make sure the clocks of the computers are synchronized ("ntpdate"). Ajusting topic_queue_size (10) and sync_queue_size (30) can also help for better synchronization if framerates and/or delays are different. If topics are not published at the same rate, you could increase "sync_queue_size" and/or "topic_queue_size" parameters (current=30 and 10 respectively).
[rtabmap-2] rtabmap subscribed to:
[rtabmap-2]    /rgbd_image
[rgbd_sync-1] [WARN] [1769068737.477987673] [rgbd_sync]: rgbd_sync: Did not receive data since 5 seconds! Make sure the input topics are published ("$ rostopic hz my_topic") and the timestamps in their header are set. Ajusting topic_queue_size (10) and sync_queue_size (30) can also help for better synchronization if framerates and/or delays are different. 
[rgbd_sync-1] rgbd_sync subscribed to (approx sync, max interval=0.010000s):
[rgbd_sync-1]    /camera/color/image_raw,
[rgbd_sync-1]    /camera/depth/depth/image_raw_noisy,
[rgbd_sync-1]    /camera/color/camera_info
[rtabmap-2] [WARN] [1769068738.036964276] [rtabmap]: rtabmap: Did not receive data since 5 seconds! Make sure the input topics are published ("$ ros2 topic hz my_topic") and the timestamps in their header are set. If topics are coming from different computers, make sure the clocks of the computers are synchronized ("ntpdate"). Ajusting topic_queue_size (10) and sync_queue_size (30) can also help for better synchronization if framerates and/or delays are different. If topics are not published at the same rate, you could increase "sync_queue_size" and/or "topic_queue_size" parameters (current=30 and 10 respectively).
[rtabmap-2] rtabmap subscribed to:
[rtabmap-2]    /rgbd_image
[rgbd_sync-1] [WARN] [1769068742.477151735] [rgbd_sync]: rgbd_sync: Did not receive data since 5 seconds! Make sure the input topics are published ("$ rostopic hz my_topic") and the timestamps in their header are set. Ajusting topic_queue_size (10) and sync_queue_size (30) can also help for better synchronization if framerates and/or delays are different. 
[rgbd_sync-1] rgbd_sync subscribed to (approx sync, max interval=0.010000s):
[rgbd_sync-1]    /camera/color/image_raw,
[rgbd_sync-1]    /camera/depth/depth/image_raw_noisy,
[rgbd_sync-1]    /camera/color/camera_info
[rtabmap-2] [WARN] [1769068743.036295558] [rtabmap]: rtabmap: Did not receive data since 5 seconds! Make sure the input topics are published ("$ ros2 topic hz my_topic") and the timestamps in their header are set. If topics are coming from different computers, make sure the clocks of the computers are synchronized ("ntpdate"). Ajusting topic_queue_size (10) and sync_queue_size (30) can also help for better synchronization if framerates and/or delays are different. If topics are not published at the same rate, you could increase "sync_queue_size" and/or "topic_queue_size" parameters (current=30 and 10 respectively).
[rtabmap-2] rtabmap subscribed to:
[rtabmap-2]    /rgbd_image
[rgbd_sync-1] [WARN] [1769068747.476277335] [rgbd_sync]: rgbd_sync: Did not receive data since 5 seconds! Make sure the input topics are published ("$ rostopic hz my_topic") and the timestamps in their header are set. Ajusting topic_queue_size (10) and sync_queue_size (30) can also help for better synchronization if framerates and/or delays are different. 
[rgbd_sync-1] rgbd_sync subscribed to (approx sync, max interval=0.010000s):
[rgbd_sync-1]    /camera/color/image_raw,
[rgbd_sync-1]    /camera/depth/depth/image_raw_noisy,
[rgbd_sync-1]    /camera/color/camera_info
[rtabmap-2] [WARN] [1769068748.035301331] [rtabmap]: rtabmap: Did not receive data since 5 seconds! Make sure the input topics are published ("$ ros2 topic hz my_topic") and the timestamps in their header are set. If topics are coming from different computers, make sure the clocks of the computers are synchronized ("ntpdate"). Ajusting topic_queue_size (10) and sync_queue_size (30) can also help for better synchronization if framerates and/or delays are different. If topics are not published at the same rate, you could increase "sync_queue_size" and/or "topic_queue_size" parameters (current=30 and 10 respectively).
[rtabmap-2] rtabmap subscribed to:
[rtabmap-2]    /rgbd_image
[rgbd_sync-1] [WARN] [1769068752.475482572] [rgbd_sync]: rgbd_sync: Did not receive data since 5 seconds! Make sure the input topics are published ("$ rostopic hz my_topic") and the timestamps in their header are set. Ajusting topic_queue_size (10) and sync_queue_size (30) can also help for better synchronization if framerates and/or delays are different. 
[rgbd_sync-1] rgbd_sync subscribed to (approx sync, max interval=0.010000s):
[rgbd_sync-1]    /camera/color/image_raw,
[rgbd_sync-1]    /camera/depth/depth/image_raw_noisy,
[rgbd_sync-1]    /camera/color/camera_info
[rtabmap-2] [WARN] [1769068753.034666340] [rtabmap]: rtabmap: Did not receive data since 5 seconds! Make sure the input topics are published ("$ ros2 topic hz my_topic") and the timestamps in their header are set. If topics are coming from different computers, make sure the clocks of the computers are synchronized ("ntpdate"). Ajusting topic_queue_size (10) and sync_queue_size (30) can also help for better synchronization if framerates and/or delays are different. If topics are not published at the same rate, you could increase "sync_queue_size" and/or "topic_queue_size" parameters (current=30 and 10 respectively).
[rtabmap-2] rtabmap subscribed to:
[rtabmap-2]    /rgbd_image
[rgbd_sync-1] [WARN] [1769068757.474678189] [rgbd_sync]: rgbd_sync: Did not receive data since 5 seconds! Make sure the input topics are published ("$ rostopic hz my_topic") and the timestamps in their header are set. Ajusting topic_queue_size (10) and sync_queue_size (30) can also help for better synchronization if framerates and/or delays are different. 
[rgbd_sync-1] rgbd_sync subscribed to (approx sync, max interval=0.010000s):
[rgbd_sync-1]    /camera/color/image_raw,
[rgbd_sync-1]    /camera/depth/depth/image_raw_noisy,
[rgbd_sync-1]    /camera/color/camera_info
[rtabmap-2] [WARN] [1769068758.033703791] [rtabmap]: rtabmap: Did not receive data since 5 seconds! Make sure the input topics are published ("$ ros2 topic hz my_topic") and the timestamps in their header are set. If topics are coming from different computers, make sure the clocks of the computers are synchronized ("ntpdate"). Ajusting topic_queue_size (10) and sync_queue_size (30) can also help for better synchronization if framerates and/or delays are different. If topics are not published at the same rate, you could increase "sync_queue_size" and/or "topic_queue_size" parameters (current=30 and 10 respectively).
[rtabmap-2] rtabmap subscribed to:
[rtabmap-2]    /rgbd_image
[rgbd_sync-1] [WARN] [1769068762.473923280] [rgbd_sync]: rgbd_sync: Did not receive data since 5 seconds! Make sure the input topics are published ("$ rostopic hz my_topic") and the timestamps in their header are set. Ajusting topic_queue_size (10) and sync_queue_size (30) can also help for better synchronization if framerates and/or delays are different. 
[rgbd_sync-1] rgbd_sync subscribed to (approx sync, max interval=0.010000s):
[rgbd_sync-1]    /camera/color/image_raw,
[rgbd_sync-1]    /camera/depth/depth/image_raw_noisy,
[rgbd_sync-1]    /camera/color/camera_info
[rtabmap-2] [WARN] [1769068763.033131794] [rtabmap]: rtabmap: Did not receive data since 5 seconds! Make sure the input topics are published ("$ ros2 topic hz my_topic") and the timestamps in their header are set. If topics are coming from different computers, make sure the clocks of the computers are synchronized ("ntpdate"). Ajusting topic_queue_size (10) and sync_queue_size (30) can also help for better synchronization if framerates and/or delays are different. If topics are not published at the same rate, you could increase "sync_queue_size" and/or "topic_queue_size" parameters (current=30 and 10 respectively).
[rtabmap-2] rtabmap subscribed to:
[rtabmap-2]    /rgbd_image
[rgbd_sync-1] [WARN] [1769068767.473114994] [rgbd_sync]: rgbd_sync: Did not receive data since 5 seconds! Make sure the input topics are published ("$ rostopic hz my_topic") and the timestamps in their header are set. Ajusting topic_queue_size (10) and sync_queue_size (30) can also help for better synchronization if framerates and/or delays are different. 
[rgbd_sync-1] rgbd_sync subscribed to (approx sync, max interval=0.010000s):
[rgbd_sync-1]    /camera/color/image_raw,
[rgbd_sync-1]    /camera/depth/depth/image_raw_noisy,
[rgbd_sync-1]    /camera/color/camera_info
[rtabmap-2] [WARN] [1769068768.032108714] [rtabmap]: rtabmap: Did not receive data since 5 seconds! Make sure the input topics are published ("$ ros2 topic hz my_topic") and the timestamps in their header are set. If topics are coming from different computers, make sure the clocks of the computers are synchronized ("ntpdate"). Ajusting topic_queue_size (10) and sync_queue_size (30) can also help for better synchronization if framerates and/or delays are different. If topics are not published at the same rate, you could increase "sync_queue_size" and/or "topic_queue_size" parameters (current=30 and 10 respectively).
[rtabmap-2] rtabmap subscribed to:
[rtabmap-2]    /rgbd_image
[rgbd_sync-1] [WARN] [1769068772.472342387] [rgbd_sync]: rgbd_sync: Did not receive data since 5 seconds! Make sure the input topics are published ("$ rostopic hz my_topic") and the timestamps in their header are set. Ajusting topic_queue_size (10) and sync_queue_size (30) can also help for better synchronization if framerates and/or delays are different. 
[rgbd_sync-1] rgbd_sync subscribed to (approx sync, max interval=0.010000s):
[rgbd_sync-1]    /camera/color/image_raw,
[rgbd_sync-1]    /camera/depth/depth/image_raw_noisy,
[rgbd_sync-1]    /camera/color/camera_info
[rtabmap-2] [WARN] [1769068773.031488126] [rtabmap]: rtabmap: Did not receive data since 5 seconds! Make sure the input topics are published ("$ ros2 topic hz my_topic") and the timestamps in their header are set. If topics are coming from different computers, make sure the clocks of the computers are synchronized ("ntpdate"). Ajusting topic_queue_size (10) and sync_queue_size (30) can also help for better synchronization if framerates and/or delays are different. If topics are not published at the same rate, you could increase "sync_queue_size" and/or "topic_queue_size" parameters (current=30 and 10 respectively).
[rtabmap-2] rtabmap subscribed to:
[rtabmap-2]    /rgbd_image
[rgbd_sync-1] [WARN] [1769068777.471537952] [rgbd_sync]: rgbd_sync: Did not receive data since 5 seconds! Make sure the input topics are published ("$ rostopic hz my_topic") and the timestamps in their header are set. Ajusting topic_queue_size (10) and sync_queue_size (30) can also help for better synchronization if framerates and/or delays are different. 
[rgbd_sync-1] rgbd_sync subscribed to (approx sync, max interval=0.010000s):
[rgbd_sync-1]    /camera/color/image_raw,
[rgbd_sync-1]    /camera/depth/depth/image_raw_noisy,
[rgbd_sync-1]    /camera/color/camera_info
[rtabmap-2] [WARN] [1769068778.030534513] [rtabmap]: rtabmap: Did not receive data since 5 seconds! Make sure the input topics are published ("$ ros2 topic hz my_topic") and the timestamps in their header are set. If topics are coming from different computers, make sure the clocks of the computers are synchronized ("ntpdate"). Ajusting topic_queue_size (10) and sync_queue_size (30) can also help for better synchronization if framerates and/or delays are different. If topics are not published at the same rate, you could increase "sync_queue_size" and/or "topic_queue_size" parameters (current=30 and 10 respectively).
[rtabmap-2] rtabmap subscribed to:
[rtabmap-2]    /rgbd_image
[rgbd_sync-1] [WARN] [1769068782.470766330] [rgbd_sync]: rgbd_sync: Did not receive data since 5 seconds! Make sure the input topics are published ("$ rostopic hz my_topic") and the timestamps in their header are set. Ajusting topic_queue_size (10) and sync_queue_size (30) can also help for better synchronization if framerates and/or delays are different. 
[rgbd_sync-1] rgbd_sync subscribed to (approx sync, max interval=0.010000s):
[rgbd_sync-1]    /camera/color/image_raw,
[rgbd_sync-1]    /camera/depth/depth/image_raw_noisy,
[rgbd_sync-1]    /camera/color/camera_info
[rtabmap-2] [WARN] [1769068783.029909119] [rtabmap]: rtabmap: Did not receive data since 5 seconds! Make sure the input topics are published ("$ ros2 topic hz my_topic") and the timestamps in their header are set. If topics are coming from different computers, make sure the clocks of the computers are synchronized ("ntpdate"). Ajusting topic_queue_size (10) and sync_queue_size (30) can also help for better synchronization if framerates and/or delays are different. If topics are not published at the same rate, you could increase "sync_queue_size" and/or "topic_queue_size" parameters (current=30 and 10 respectively).
[rtabmap-2] rtabmap subscribed to:
[rtabmap-2]    /rgbd_image
[rgbd_sync-1] [WARN] [1769068787.470020815] [rgbd_sync]: rgbd_sync: Did not receive data since 5 seconds! Make sure the input topics are published ("$ rostopic hz my_topic") and the timestamps in their header are set. Ajusting topic_queue_size (10) and sync_queue_size (30) can also help for better synchronization if framerates and/or delays are different. 
[rgbd_sync-1] rgbd_sync subscribed to (approx sync, max interval=0.010000s):
[rgbd_sync-1]    /camera/color/image_raw,
[rgbd_sync-1]    /camera/depth/depth/image_raw_noisy,
[rgbd_sync-1]    /camera/color/camera_info
[rtabmap-2] [WARN] [1769068788.029018203] [rtabmap]: rtabmap: Did not receive data since 5 seconds! Make sure the input topics are published ("$ ros2 topic hz my_topic") and the timestamps in their header are set. If topics are coming from different computers, make sure the clocks of the computers are synchronized ("ntpdate"). Ajusting topic_queue_size (10) and sync_queue_size (30) can also help for better synchronization if framerates and/or delays are different. If topics are not published at the same rate, you could increase "sync_queue_size" and/or "topic_queue_size" parameters (current=30 and 10 respectively).
[rtabmap-2] rtabmap subscribed to:
[rtabmap-2]    /rgbd_image
[rgbd_sync-1] [WARN] [1769068792.469283947] [rgbd_sync]: rgbd_sync: Did not receive data since 5 seconds! Make sure the input topics are published ("$ rostopic hz my_topic") and the timestamps in their header are set. Ajusting topic_queue_size (10) and sync_queue_size (30) can also help for better synchronization if framerates and/or delays are different. 
[rgbd_sync-1] rgbd_sync subscribed to (approx sync, max interval=0.010000s):
[rgbd_sync-1]    /camera/color/image_raw,
[rgbd_sync-1]    /camera/depth/depth/image_raw_noisy,
[rgbd_sync-1]    /camera/color/camera_info
[rtabmap-2] [WARN] [1769068793.028422761] [rtabmap]: rtabmap: Did not receive data since 5 seconds! Make sure the input topics are published ("$ ros2 topic hz my_topic") and the timestamps in their header are set. If topics are coming from different computers, make sure the clocks of the computers are synchronized ("ntpdate"). Ajusting topic_queue_size (10) and sync_queue_size (30) can also help for better synchronization if framerates and/or delays are different. If topics are not published at the same rate, you could increase "sync_queue_size" and/or "topic_queue_size" parameters (current=30 and 10 respectively).
[rtabmap-2] rtabmap subscribed to:
[rtabmap-2]    /rgbd_image
[rgbd_sync-1] [WARN] [1769068797.468584895] [rgbd_sync]: rgbd_sync: Did not receive data since 5 seconds! Make sure the input topics are published ("$ rostopic hz my_topic") and the timestamps in their header are set. Ajusting topic_queue_size (10) and sync_queue_size (30) can also help for better synchronization if framerates and/or delays are different. 
[rgbd_sync-1] rgbd_sync subscribed to (approx sync, max interval=0.010000s):
[rgbd_sync-1]    /camera/color/image_raw,
[rgbd_sync-1]    /camera/depth/depth/image_raw_noisy,
[rgbd_sync-1]    /camera/color/camera_info
[rtabmap-2] [WARN] [1769068798.027532475] [rtabmap]: rtabmap: Did not receive data since 5 seconds! Make sure the input topics are published ("$ ros2 topic hz my_topic") and the timestamps in their header are set. If topics are coming from different computers, make sure the clocks of the computers are synchronized ("ntpdate"). Ajusting topic_queue_size (10) and sync_queue_size (30) can also help for better synchronization if framerates and/or delays are different. If topics are not published at the same rate, you could increase "sync_queue_size" and/or "topic_queue_size" parameters (current=30 and 10 respectively).
[rtabmap-2] rtabmap subscribed to:
[rtabmap-2]    /rgbd_image
[rgbd_sync-1] [WARN] [1769068802.467811437] [rgbd_sync]: rgbd_sync: Did not receive data since 5 seconds! Make sure the input topics are published ("$ rostopic hz my_topic") and the timestamps in their header are set. Ajusting topic_queue_size (10) and sync_queue_size (30) can also help for better synchronization if framerates and/or delays are different. 
[rgbd_sync-1] rgbd_sync subscribed to (approx sync, max interval=0.010000s):
[rgbd_sync-1]    /camera/color/image_raw,
[rgbd_sync-1]    /camera/depth/depth/image_raw_noisy,
[rgbd_sync-1]    /camera/color/camera_info
[rtabmap-2] [WARN] [1769068803.026991514] [rtabmap]: rtabmap: Did not receive data since 5 seconds! Make sure the input topics are published ("$ ros2 topic hz my_topic") and the timestamps in their header are set. If topics are coming from different computers, make sure the clocks of the computers are synchronized ("ntpdate"). Ajusting topic_queue_size (10) and sync_queue_size (30) can also help for better synchronization if framerates and/or delays are different. If topics are not published at the same rate, you could increase "sync_queue_size" and/or "topic_queue_size" parameters (current=30 and 10 respectively).
[rtabmap-2] rtabmap subscribed to:
[rtabmap-2]    /rgbd_image
[rgbd_sync-1] [WARN] [1769068807.467240929] [rgbd_sync]: rgbd_sync: Did not receive data since 5 seconds! Make sure the input topics are published ("$ rostopic hz my_topic") and the timestamps in their header are set. Ajusting topic_queue_size (10) and sync_queue_size (30) can also help for better synchronization if framerates and/or delays are different. 
[rgbd_sync-1] rgbd_sync subscribed to (approx sync, max interval=0.010000s):
[rgbd_sync-1]    /camera/color/image_raw,
[rgbd_sync-1]    /camera/depth/depth/image_raw_noisy,
[rgbd_sync-1]    /camera/color/camera_info
[rtabmap-2] [WARN] [1769068808.026410404] [rtabmap]: rtabmap: Did not receive data since 5 seconds! Make sure the input topics are published ("$ ros2 topic hz my_topic") and the timestamps in their header are set. If topics are coming from different computers, make sure the clocks of the computers are synchronized ("ntpdate"). Ajusting topic_queue_size (10) and sync_queue_size (30) can also help for better synchronization if framerates and/or delays are different. If topics are not published at the same rate, you could increase "sync_queue_size" and/or "topic_queue_size" parameters (current=30 and 10 respectively).
[rtabmap-2] rtabmap subscribed to:
[rtabmap-2]    /rgbd_image
[rgbd_sync-1] [WARN] [1769068812.466344651] [rgbd_sync]: rgbd_sync: Did not receive data since 5 seconds! Make sure the input topics are published ("$ rostopic hz my_topic") and the timestamps in their header are set. Ajusting topic_queue_size (10) and sync_queue_size (30) can also help for better synchronization if framerates and/or delays are different. 
[rgbd_sync-1] rgbd_sync subscribed to (approx sync, max interval=0.010000s):
[rgbd_sync-1]    /camera/color/image_raw,
[rgbd_sync-1]    /camera/depth/depth/image_raw_noisy,
[rgbd_sync-1]    /camera/color/camera_info
[rtabmap-2] [WARN] [1769068813.025518118] [rtabmap]: rtabmap: Did not receive data since 5 seconds! Make sure the input topics are published ("$ ros2 topic hz my_topic") and the timestamps in their header are set. If topics are coming from different computers, make sure the clocks of the computers are synchronized ("ntpdate"). Ajusting topic_queue_size (10) and sync_queue_size (30) can also help for better synchronization if framerates and/or delays are different. If topics are not published at the same rate, you could increase "sync_queue_size" and/or "topic_queue_size" parameters (current=30 and 10 respectively).
[rtabmap-2] rtabmap subscribed to:
[rtabmap-2]    /rgbd_image
[rgbd_sync-1] [WARN] [1769068817.465651997] [rgbd_sync]: rgbd_sync: Did not receive data since 5 seconds! Make sure the input topics are published ("$ rostopic hz my_topic") and the timestamps in their header are set. Ajusting topic_queue_size (10) and sync_queue_size (30) can also help for better synchronization if framerates and/or delays are different. 
[rgbd_sync-1] rgbd_sync subscribed to (approx sync, max interval=0.010000s):
[rgbd_sync-1]    /camera/color/image_raw,
[rgbd_sync-1]    /camera/depth/depth/image_raw_noisy,
[rgbd_sync-1]    /camera/color/camera_info
[rtabmap-2] [WARN] [1769068818.024894841] [rtabmap]: rtabmap: Did not receive data since 5 seconds! Make sure the input topics are published ("$ ros2 topic hz my_topic") and the timestamps in their header are set. If topics are coming from different computers, make sure the clocks of the computers are synchronized ("ntpdate"). Ajusting topic_queue_size (10) and sync_queue_size (30) can also help for better synchronization if framerates and/or delays are different. If topics are not published at the same rate, you could increase "sync_queue_size" and/or "topic_queue_size" parameters (current=30 and 10 respectively).
[rtabmap-2] rtabmap subscribed to:
[rtabmap-2]    /rgbd_image
[rgbd_sync-1] [WARN] [1769068822.464927457] [rgbd_sync]: rgbd_sync: Did not receive data since 5 seconds! Make sure the input topics are published ("$ rostopic hz my_topic") and the timestamps in their header are set. Ajusting topic_queue_size (10) and sync_queue_size (30) can also help for better synchronization if framerates and/or delays are different. 
[rgbd_sync-1] rgbd_sync subscribed to (approx sync, max interval=0.010000s):
[rgbd_sync-1]    /camera/color/image_raw,
[rgbd_sync-1]    /camera/depth/depth/image_raw_noisy,
[rgbd_sync-1]    /camera/color/camera_info
[rtabmap-2] [WARN] [1769068823.024140766] [rtabmap]: rtabmap: Did not receive data since 5 seconds! Make sure the input topics are published ("$ ros2 topic hz my_topic") and the timestamps in their header are set. If topics are coming from different computers, make sure the clocks of the computers are synchronized ("ntpdate"). Ajusting topic_queue_size (10) and sync_queue_size (30) can also help for better synchronization if framerates and/or delays are different. If topics are not published at the same rate, you could increase "sync_queue_size" and/or "topic_queue_size" parameters (current=30 and 10 respectively).
[rtabmap-2] rtabmap subscribed to:
[rtabmap-2]    /rgbd_image
[rgbd_sync-1] [WARN] [1769068827.464223052] [rgbd_sync]: rgbd_sync: Did not receive data since 5 seconds! Make sure the input topics are published ("$ rostopic hz my_topic") and the timestamps in their header are set. Ajusting topic_queue_size (10) and sync_queue_size (30) can also help for better synchronization if framerates and/or delays are different. 
[rgbd_sync-1] rgbd_sync subscribed to (approx sync, max interval=0.010000s):
[rgbd_sync-1]    /camera/color/image_raw,
[rgbd_sync-1]    /camera/depth/depth/image_raw_noisy,
[rgbd_sync-1]    /camera/color/camera_info
[rtabmap-2] [WARN] [1769068828.023553213] [rtabmap]: rtabmap: Did not receive data since 5 seconds! Make sure the input topics are published ("$ ros2 topic hz my_topic") and the timestamps in their header are set. If topics are coming from different computers, make sure the clocks of the computers are synchronized ("ntpdate"). Ajusting topic_queue_size (10) and sync_queue_size (30) can also help for better synchronization if framerates and/or delays are different. If topics are not published at the same rate, you could increase "sync_queue_size" and/or "topic_queue_size" parameters (current=30 and 10 respectively).
[rtabmap-2] rtabmap subscribed to:
[rtabmap-2]    /rgbd_image
[rgbd_sync-1] [WARN] [1769068832.463527259] [rgbd_sync]: rgbd_sync: Did not receive data since 5 seconds! Make sure the input topics are published ("$ rostopic hz my_topic") and the timestamps in their header are set. Ajusting topic_queue_size (10) and sync_queue_size (30) can also help for better synchronization if framerates and/or delays are different. 
[rgbd_sync-1] rgbd_sync subscribed to (approx sync, max interval=0.010000s):
[rgbd_sync-1]    /camera/color/image_raw,
[rgbd_sync-1]    /camera/depth/depth/image_raw_noisy,
[rgbd_sync-1]    /camera/color/camera_info
[rtabmap-2] [WARN] [1769068833.022693161] [rtabmap]: rtabmap: Did not receive data since 5 seconds! Make sure the input topics are published ("$ ros2 topic hz my_topic") and the timestamps in their header are set. If topics are coming from different computers, make sure the clocks of the computers are synchronized ("ntpdate"). Ajusting topic_queue_size (10) and sync_queue_size (30) can also help for better synchronization if framerates and/or delays are different. If topics are not published at the same rate, you could increase "sync_queue_size" and/or "topic_queue_size" parameters (current=30 and 10 respectively).
[rtabmap-2] rtabmap subscribed to:
[rtabmap-2]    /rgbd_image
[rgbd_sync-1] [WARN] [1769068837.462835695] [rgbd_sync]: rgbd_sync: Did not receive data since 5 seconds! Make sure the input topics are published ("$ rostopic hz my_topic") and the timestamps in their header are set. Ajusting topic_queue_size (10) and sync_queue_size (30) can also help for better synchronization if framerates and/or delays are different. 
[rgbd_sync-1] rgbd_sync subscribed to (approx sync, max interval=0.010000s):
[rgbd_sync-1]    /camera/color/image_raw,
[rgbd_sync-1]    /camera/depth/depth/image_raw_noisy,
[rgbd_sync-1]    /camera/color/camera_info
[rtabmap-2] [WARN] [1769068838.022144832] [rtabmap]: rtabmap: Did not receive data since 5 seconds! Make sure the input topics are published ("$ ros2 topic hz my_topic") and the timestamps in their header are set. If topics are coming from different computers, make sure the clocks of the computers are synchronized ("ntpdate"). Ajusting topic_queue_size (10) and sync_queue_size (30) can also help for better synchronization if framerates and/or delays are different. If topics are not published at the same rate, you could increase "sync_queue_size" and/or "topic_queue_size" parameters (current=30 and 10 respectively).
[rtabmap-2] rtabmap subscribed to:
[rtabmap-2]    /rgbd_image
[rgbd_sync-1] [WARN] [1769068842.462145535] [rgbd_sync]: rgbd_sync: Did not receive data since 5 seconds! Make sure the input topics are published ("$ rostopic hz my_topic") and the timestamps in their header are set. Ajusting topic_queue_size (10) and sync_queue_size (30) can also help for better synchronization if framerates and/or delays are different. 
[rgbd_sync-1] rgbd_sync subscribed to (approx sync, max interval=0.010000s):
[rgbd_sync-1]    /camera/color/image_raw,
[rgbd_sync-1]    /camera/depth/depth/image_raw_noisy,
[rgbd_sync-1]    /camera/color/camera_info
[rtabmap-2] [WARN] [1769068843.021278567] [rtabmap]: rtabmap: Did not receive data since 5 seconds! Make sure the input topics are published ("$ ros2 topic hz my_topic") and the timestamps in their header are set. If topics are coming from different computers, make sure the clocks of the computers are synchronized ("ntpdate"). Ajusting topic_queue_size (10) and sync_queue_size (30) can also help for better synchronization if framerates and/or delays are different. If topics are not published at the same rate, you could increase "sync_queue_size" and/or "topic_queue_size" parameters (current=30 and 10 respectively).
[rtabmap-2] rtabmap subscribed to:
[rtabmap-2]    /rgbd_image
[rgbd_sync-1] [WARN] [1769068847.461488023] [rgbd_sync]: rgbd_sync: Did not receive data since 5 seconds! Make sure the input topics are published ("$ rostopic hz my_topic") and the timestamps in their header are set. Ajusting topic_queue_size (10) and sync_queue_size (30) can also help for better synchronization if framerates and/or delays are different. 
[rgbd_sync-1] rgbd_sync subscribed to (approx sync, max interval=0.010000s):
[rgbd_sync-1]    /camera/color/image_raw,
[rgbd_sync-1]    /camera/depth/depth/image_raw_noisy,
[rgbd_sync-1]    /camera/color/camera_info
[rtabmap-2] [WARN] [1769068848.020780813] [rtabmap]: rtabmap: Did not receive data since 5 seconds! Make sure the input topics are published ("$ ros2 topic hz my_topic") and the timestamps in their header are set. If topics are coming from different computers, make sure the clocks of the computers are synchronized ("ntpdate"). Ajusting topic_queue_size (10) and sync_queue_size (30) can also help for better synchronization if framerates and/or delays are different. If topics are not published at the same rate, you could increase "sync_queue_size" and/or "topic_queue_size" parameters (current=30 and 10 respectively).
[rtabmap-2] rtabmap subscribed to:
[rtabmap-2]    /rgbd_image
[rgbd_sync-1] [WARN] [1769068852.460814107] [rgbd_sync]: rgbd_sync: Did not receive data since 5 seconds! Make sure the input topics are published ("$ rostopic hz my_topic") and the timestamps in their header are set. Ajusting topic_queue_size (10) and sync_queue_size (30) can also help for better synchronization if framerates and/or delays are different. 
[rgbd_sync-1] rgbd_sync subscribed to (approx sync, max interval=0.010000s):
[rgbd_sync-1]    /camera/color/image_raw,
[rgbd_sync-1]    /camera/depth/depth/image_raw_noisy,
[rgbd_sync-1]    /camera/color/camera_info
[rtabmap-2] [WARN] [1769068853.019997154] [rtabmap]: rtabmap: Did not receive data since 5 seconds! Make sure the input topics are published ("$ ros2 topic hz my_topic") and the timestamps in their header are set. If topics are coming from different computers, make sure the clocks of the computers are synchronized ("ntpdate"). Ajusting topic_queue_size (10) and sync_queue_size (30) can also help for better synchronization if framerates and/or delays are different. If topics are not published at the same rate, you could increase "sync_queue_size" and/or "topic_queue_size" parameters (current=30 and 10 respectively).
[rtabmap-2] rtabmap subscribed to:
[rtabmap-2]    /rgbd_image
[rgbd_sync-1] [WARN] [1769068857.460196818] [rgbd_sync]: rgbd_sync: Did not receive data since 5 seconds! Make sure the input topics are published ("$ rostopic hz my_topic") and the timestamps in their header are set. Ajusting topic_queue_size (10) and sync_queue_size (30) can also help for better synchronization if framerates and/or delays are different. 
[rgbd_sync-1] rgbd_sync subscribed to (approx sync, max interval=0.010000s):
[rgbd_sync-1]    /camera/color/image_raw,
[rgbd_sync-1]    /camera/depth/depth/image_raw_noisy,
[rgbd_sync-1]    /camera/color/camera_info
[rtabmap-2] [WARN] [1769068858.019412165] [rtabmap]: rtabmap: Did not receive data since 5 seconds! Make sure the input topics are published ("$ ros2 topic hz my_topic") and the timestamps in their header are set. If topics are coming from different computers, make sure the clocks of the computers are synchronized ("ntpdate"). Ajusting topic_queue_size (10) and sync_queue_size (30) can also help for better synchronization if framerates and/or delays are different. If topics are not published at the same rate, you could increase "sync_queue_size" and/or "topic_queue_size" parameters (current=30 and 10 respectively).
[rtabmap-2] rtabmap subscribed to:
[rtabmap-2]    /rgbd_image
[rgbd_sync-1] [WARN] [1769068862.459601149] [rgbd_sync]: rgbd_sync: Did not receive data since 5 seconds! Make sure the input topics are published ("$ rostopic hz my_topic") and the timestamps in their header are set. Ajusting topic_queue_size (10) and sync_queue_size (30) can also help for better synchronization if framerates and/or delays are different. 
[rgbd_sync-1] rgbd_sync subscribed to (approx sync, max interval=0.010000s):
[rgbd_sync-1]    /camera/color/image_raw,
[rgbd_sync-1]    /camera/depth/depth/image_raw_noisy,
[rgbd_sync-1]    /camera/color/camera_info
[rtabmap-2] [WARN] [1769068863.018664901] [rtabmap]: rtabmap: Did not receive data since 5 seconds! Make sure the input topics are published ("$ ros2 topic hz my_topic") and the timestamps in their header are set. If topics are coming from different computers, make sure the clocks of the computers are synchronized ("ntpdate"). Ajusting topic_queue_size (10) and sync_queue_size (30) can also help for better synchronization if framerates and/or delays are different. If topics are not published at the same rate, you could increase "sync_queue_size" and/or "topic_queue_size" parameters (current=30 and 10 respectively).
[rtabmap-2] rtabmap subscribed to:
[rtabmap-2]    /rgbd_image
[rgbd_sync-1] [WARN] [1769068867.458852567] [rgbd_sync]: rgbd_sync: Did not receive data since 5 seconds! Make sure the input topics are published ("$ rostopic hz my_topic") and the timestamps in their header are set. Ajusting topic_queue_size (10) and sync_queue_size (30) can also help for better synchronization if framerates and/or delays are different. 
[rgbd_sync-1] rgbd_sync subscribed to (approx sync, max interval=0.010000s):
[rgbd_sync-1]    /camera/color/image_raw,
[rgbd_sync-1]    /camera/depth/depth/image_raw_noisy,
[rgbd_sync-1]    /camera/color/camera_info
[rtabmap-2] [WARN] [1769068868.018068326] [rtabmap]: rtabmap: Did not receive data since 5 seconds! Make sure the input topics are published ("$ ros2 topic hz my_topic") and the timestamps in their header are set. If topics are coming from different computers, make sure the clocks of the computers are synchronized ("ntpdate"). Ajusting topic_queue_size (10) and sync_queue_size (30) can also help for better synchronization if framerates and/or delays are different. If topics are not published at the same rate, you could increase "sync_queue_size" and/or "topic_queue_size" parameters (current=30 and 10 respectively).
[rtabmap-2] rtabmap subscribed to:
[rtabmap-2]    /rgbd_image
[rgbd_sync-1] [WARN] [1769068872.458206559] [rgbd_sync]: rgbd_sync: Did not receive data since 5 seconds! Make sure the input topics are published ("$ rostopic hz my_topic") and the timestamps in their header are set. Ajusting topic_queue_size (10) and sync_queue_size (30) can also help for better synchronization if framerates and/or delays are different. 
[rgbd_sync-1] rgbd_sync subscribed to (approx sync, max interval=0.010000s):
[rgbd_sync-1]    /camera/color/image_raw,
[rgbd_sync-1]    /camera/depth/depth/image_raw_noisy,
[rgbd_sync-1]    /camera/color/camera_info
[rtabmap-2] [WARN] [1769068873.017396887] [rtabmap]: rtabmap: Did not receive data since 5 seconds! Make sure the input topics are published ("$ ros2 topic hz my_topic") and the timestamps in their header are set. If topics are coming from different computers, make sure the clocks of the computers are synchronized ("ntpdate"). Ajusting topic_queue_size (10) and sync_queue_size (30) can also help for better synchronization if framerates and/or delays are different. If topics are not published at the same rate, you could increase "sync_queue_size" and/or "topic_queue_size" parameters (current=30 and 10 respectively).
[rtabmap-2] rtabmap subscribed to:
[rtabmap-2]    /rgbd_image
[rgbd_sync-1] [WARN] [1769068877.457594450] [rgbd_sync]: rgbd_sync: Did not receive data since 5 seconds! Make sure the input topics are published ("$ rostopic hz my_topic") and the timestamps in their header are set. Ajusting topic_queue_size (10) and sync_queue_size (30) can also help for better synchronization if framerates and/or delays are different. 
[rgbd_sync-1] rgbd_sync subscribed to (approx sync, max interval=0.010000s):
[rgbd_sync-1]    /camera/color/image_raw,
[rgbd_sync-1]    /camera/depth/depth/image_raw_noisy,
[rgbd_sync-1]    /camera/color/camera_info
[rtabmap-2] [WARN] [1769068878.016825255] [rtabmap]: rtabmap: Did not receive data since 5 seconds! Make sure the input topics are published ("$ ros2 topic hz my_topic") and the timestamps in their header are set. If topics are coming from different computers, make sure the clocks of the computers are synchronized ("ntpdate"). Ajusting topic_queue_size (10) and sync_queue_size (30) can also help for better synchronization if framerates and/or delays are different. If topics are not published at the same rate, you could increase "sync_queue_size" and/or "topic_queue_size" parameters (current=30 and 10 respectively).
[rtabmap-2] rtabmap subscribed to:
[rtabmap-2]    /rgbd_image
[rtabmap-2] [WARN] [1769068882.202938220] [tf2_buffer]: Detected jump back in time. Clearing TF buffer.
[rgbd_sync-1] [WARN] [1769068885.817863164] []: Messages of type 2 arrived out of order (will print only once)
[rgbd_sync-1] [WARN] [1769068885.840816773] []: Messages of type 0 arrived out of order (will print only once)
[rgbd_sync-1] [WARN] [1769068887.456358671] [rgbd_sync]: rgbd_sync: Did not receive data since 5 seconds! Make sure the input topics are published ("$ rostopic hz my_topic") and the timestamps in their header are set. Ajusting topic_queue_size (10) and sync_queue_size (30) can also help for better synchronization if framerates and/or delays are different. 
[rgbd_sync-1] rgbd_sync subscribed to (approx sync, max interval=0.010000s):
[rgbd_sync-1]    /camera/color/image_raw,
[rgbd_sync-1]    /camera/depth/depth/image_raw_noisy,
[rgbd_sync-1]    /camera/color/camera_info
[rtabmap-2] [WARN] [1769068888.015452632] [rtabmap]: rtabmap: Did not receive data since 5 seconds! Make sure the input topics are published ("$ ros2 topic hz my_topic") and the timestamps in their header are set. If topics are coming from different computers, make sure the clocks of the computers are synchronized ("ntpdate"). Ajusting topic_queue_size (10) and sync_queue_size (30) can also help for better synchronization if framerates and/or delays are different. If topics are not published at the same rate, you could increase "sync_queue_size" and/or "topic_queue_size" parameters (current=30 and 10 respectively).
[rtabmap-2] rtabmap subscribed to:
[rtabmap-2]    /rgbd_image
[rgbd_sync-1] [WARN] [1769068892.455682997] [rgbd_sync]: rgbd_sync: Did not receive data since 5 seconds! Make sure the input topics are published ("$ rostopic hz my_topic") and the timestamps in their header are set. Ajusting topic_queue_size (10) and sync_queue_size (30) can also help for better synchronization if framerates and/or delays are different. 
[rgbd_sync-1] rgbd_sync subscribed to (approx sync, max interval=0.010000s):
[rgbd_sync-1]    /camera/color/image_raw,
[rgbd_sync-1]    /camera/depth/depth/image_raw_noisy,
[rgbd_sync-1]    /camera/color/camera_info
[rtabmap-2] [WARN] [1769068893.014764449] [rtabmap]: rtabmap: Did not receive data since 5 seconds! Make sure the input topics are published ("$ ros2 topic hz my_topic") and the timestamps in their header are set. If topics are coming from different computers, make sure the clocks of the computers are synchronized ("ntpdate"). Ajusting topic_queue_size (10) and sync_queue_size (30) can also help for better synchronization if framerates and/or delays are different. If topics are not published at the same rate, you could increase "sync_queue_size" and/or "topic_queue_size" parameters (current=30 and 10 respectively).
[rtabmap-2] rtabmap subscribed to:
[rtabmap-2]    /rgbd_image
[rgbd_sync-1] [WARN] [1769068897.455079290] [rgbd_sync]: rgbd_sync: Did not receive data since 5 seconds! Make sure the input topics are published ("$ rostopic hz my_topic") and the timestamps in their header are set. Ajusting topic_queue_size (10) and sync_queue_size (30) can also help for better synchronization if framerates and/or delays are different. 
[rgbd_sync-1] rgbd_sync subscribed to (approx sync, max interval=0.010000s):
[rgbd_sync-1]    /camera/color/image_raw,
[rgbd_sync-1]    /camera/depth/depth/image_raw_noisy,
[rgbd_sync-1]    /camera/color/camera_info
[rtabmap-2] [WARN] [1769068898.014256735] [rtabmap]: rtabmap: Did not receive data since 5 seconds! Make sure the input topics are published ("$ ros2 topic hz my_topic") and the timestamps in their header are set. If topics are coming from different computers, make sure the clocks of the computers are synchronized ("ntpdate"). Ajusting topic_queue_size (10) and sync_queue_size (30) can also help for better synchronization if framerates and/or delays are different. If topics are not published at the same rate, you could increase "sync_queue_size" and/or "topic_queue_size" parameters (current=30 and 10 respectively).
[rtabmap-2] rtabmap subscribed to:
[rtabmap-2]    /rgbd_image
[rtabmap-2] [INFO] [1769068899.386171987] [rclcpp]: signal_handler(signum=2)
[rgbd_sync-1] [INFO] [1769068899.386171300] [rclcpp]: signal_handler(signum=2)
[rtabmap-2] [INFO] [1769068899.392606279] [rtabmap]: Parameters are not saved (No configuration file provided...)
[INFO] [rgbd_sync-1]: process has finished cleanly [pid 161037]
[rtabmap-2] rtabmap: Saving database/long-term memory... (located at /home/fujino/.ros/rtabmap_ur5e_20260122_165821.db)
[rtabmap-2] rtabmap: Saving database/long-term memory...done! (located at /home/fujino/.ros/rtabmap_ur5e_20260122_165821.db, 0 MB)
[INFO] [rtabmap-2]: process has finished cleanly [pid 161039]
