[INFO] [launch]: All log files can be found below /home/fujino/.ros/log/2026-01-21-08-48-11-835660-fh-219126
[INFO] [launch]: Default logging verbosity is set to INFO
[INFO] [rgbd_sync-1]: process started with pid [219129]
[INFO] [rtabmap-2]: process started with pid [219131]
[rtabmap-2] [INFO] [1768952893.130954440] [rtabmap]: rtabmap(maps): latch                      = true
[rtabmap-2] [INFO] [1768952893.131214958] [rtabmap]: rtabmap(maps): map_filter_radius          = 0.000000
[rtabmap-2] [INFO] [1768952893.131238180] [rtabmap]: rtabmap(maps): map_filter_angle           = 30.000000
[rtabmap-2] [INFO] [1768952893.131247151] [rtabmap]: rtabmap(maps): map_cleanup                = true
[rtabmap-2] [INFO] [1768952893.131253554] [rtabmap]: rtabmap(maps): map_always_update          = false
[rtabmap-2] [INFO] [1768952893.131259615] [rtabmap]: rtabmap(maps): map_empty_ray_tracing      = true
[rtabmap-2] [INFO] [1768952893.131267796] [rtabmap]: rtabmap(maps): cloud_output_voxelized     = true
[rtabmap-2] [INFO] [1768952893.131273706] [rtabmap]: rtabmap(maps): cloud_subtract_filtering   = false
[rtabmap-2] [INFO] [1768952893.131279725] [rtabmap]: rtabmap(maps): cloud_subtract_filtering_min_neighbors = 2
[rtabmap-2] [INFO] [1768952893.131312937] [rtabmap]: rtabmap(maps): octomap_tree_depth         = 16
[rgbd_sync-1] [INFO] [1768952893.185196912] [rgbd_sync]: rgbd_sync: approx_sync = true
[rgbd_sync-1] [INFO] [1768952893.185540318] [rgbd_sync]: rgbd_sync: approx_sync_max_interval = 0.010000
[rgbd_sync-1] [INFO] [1768952893.185579698] [rgbd_sync]: rgbd_sync: topic_queue_size  = 10
[rgbd_sync-1] [INFO] [1768952893.185596152] [rgbd_sync]: rgbd_sync: sync_queue_size  = 30
[rgbd_sync-1] [INFO] [1768952893.185610445] [rgbd_sync]: rgbd_sync: qos             = 2
[rgbd_sync-1] [INFO] [1768952893.185624590] [rgbd_sync]: rgbd_sync: qos_camera_info = 2
[rgbd_sync-1] [INFO] [1768952893.185638205] [rgbd_sync]: rgbd_sync: depth_scale = 1.000000
[rgbd_sync-1] [INFO] [1768952893.185655187] [rgbd_sync]: rgbd_sync: decimation = 1
[rgbd_sync-1] [INFO] [1768952893.185669522] [rgbd_sync]: rgbd_sync: compressed_rate = 0.000000
[rtabmap-2] [INFO] [1768952893.272122545] [rtabmap]: rtabmap: frame_id      = camera_color_optical_frame
[rtabmap-2] [INFO] [1768952893.272256824] [rtabmap]: rtabmap: odom_frame_id = world
[rtabmap-2] [INFO] [1768952893.272268832] [rtabmap]: rtabmap: map_frame_id  = world
[rtabmap-2] [INFO] [1768952893.272277969] [rtabmap]: rtabmap: log_to_rosout_level  = 4
[rtabmap-2] [INFO] [1768952893.272288844] [rtabmap]: rtabmap: initial_pose  = 
[rtabmap-2] [INFO] [1768952893.272298738] [rtabmap]: rtabmap: use_action_for_goal  = false
[rtabmap-2] [INFO] [1768952893.272307669] [rtabmap]: rtabmap: tf_delay      = 0.050000
[rtabmap-2] [INFO] [1768952893.272322671] [rtabmap]: rtabmap: tf_tolerance  = 0.100000
[rtabmap-2] [INFO] [1768952893.272333337] [rtabmap]: rtabmap: odom_sensor_sync   = false
[rtabmap-2] [INFO] [1768952893.272341800] [rtabmap]: rtabmap: pub_loc_pose_only_when_localizing = false
[rtabmap-2] [INFO] [1768952893.272351508] [rtabmap]: rtabmap: wait_for_transform = 0.200000
[rtabmap-2] [INFO] [1768952893.272361605] [rtabmap]: rtabmap: gen_scan  = false
[rtabmap-2] [INFO] [1768952893.272369833] [rtabmap]: rtabmap: gen_depth  = false
[rgbd_sync-1] [INFO] [1768952893.283438424] [rgbd_sync]: 
[rgbd_sync-1] rgbd_sync subscribed to (approx sync, max interval=0.010000s):
[rgbd_sync-1]    /camera/color/image_raw,
[rgbd_sync-1]    /camera/depth/depth/image_raw,
[rgbd_sync-1]    /camera/color/camera_info
[rtabmap-2] [INFO] [1768952893.389619725] [rtabmap]: Setting RTAB-Map parameter "Grid/3D"="true" (rosparam)
[rtabmap-2] [INFO] [1768952893.390752860] [rtabmap]: Setting RTAB-Map parameter "Grid/RangeMax"="5.0" (rosparam)
[rtabmap-2] [INFO] [1768952893.390909463] [rtabmap]: Setting RTAB-Map parameter "Grid/RayTracing"="true" (rosparam)
[rtabmap-2] [INFO] [1768952893.391158180] [rtabmap]: Setting RTAB-Map parameter "Grid/Sensor"="1" (rosparam)
[rtabmap-2] [INFO] [1768952893.469688279] [rtabmap]: Setting RTAB-Map parameter "RGBD/CreateOccupancyGrid"="true" (rosparam)
[rtabmap-2] [INFO] [1768952893.483068464] [rtabmap]: Setting RTAB-Map parameter "Rtabmap/DetectionRate"="2.0" (rosparam)
[rtabmap-2] [INFO] [1768952893.656855585] [rtabmap]: RTAB-Map detection rate = 2.000000 Hz
[rtabmap-2] [INFO] [1768952893.657025759] [rtabmap]: rtabmap: Using database from "/home/fujino/.ros/rtabmap_ur5e_20260121_084811.db" (0 MB).
[rtabmap-2] [INFO] [1768952893.800316701] [rtabmap]: rtabmap: Database version = "0.22.1".
[rtabmap-2] [INFO] [1768952893.800403340] [rtabmap]: rtabmap: SLAM mode (Mem/IncrementalMemory=true)
[rtabmap-2] [INFO] [1768952893.923944938] [rtabmap]: Setup callbacks
[rtabmap-2] [WARN] [1768952893.924026977] [rtabmap]: rtabmap: Parameters subscribe_depth and subscribe_rgbd cannot be true at the same time. Parameter subscribe_depth is set to false.
[rtabmap-2] [INFO] [1768952893.924130814] [rtabmap]: rtabmap: subscribe_depth = false
[rtabmap-2] [INFO] [1768952893.924146066] [rtabmap]: rtabmap: subscribe_rgb = false
[rtabmap-2] [INFO] [1768952893.924155683] [rtabmap]: rtabmap: subscribe_stereo = false
[rtabmap-2] [INFO] [1768952893.924164230] [rtabmap]: rtabmap: subscribe_rgbd = true (rgbd_cameras=1)
[rtabmap-2] [INFO] [1768952893.924182420] [rtabmap]: rtabmap: subscribe_sensor_data = false
[rtabmap-2] [INFO] [1768952893.924191765] [rtabmap]: rtabmap: subscribe_odom_info = false
[rtabmap-2] [INFO] [1768952893.924200767] [rtabmap]: rtabmap: subscribe_user_data = false
[rtabmap-2] [INFO] [1768952893.924209722] [rtabmap]: rtabmap: subscribe_scan = false
[rtabmap-2] [INFO] [1768952893.924219404] [rtabmap]: rtabmap: subscribe_scan_cloud = false
[rtabmap-2] [INFO] [1768952893.924229267] [rtabmap]: rtabmap: subscribe_scan_descriptor = false
[rtabmap-2] [INFO] [1768952893.924239345] [rtabmap]: rtabmap: topic_queue_size = 10
[rtabmap-2] [INFO] [1768952893.924250143] [rtabmap]: rtabmap: sync_queue_size  = 30
[rtabmap-2] [INFO] [1768952893.924260289] [rtabmap]: rtabmap: qos_image       = 2
[rtabmap-2] [INFO] [1768952893.924618643] [rtabmap]: rtabmap: qos_camera_info = 2
[rtabmap-2] [INFO] [1768952893.924641156] [rtabmap]: rtabmap: qos_scan        = 2
[rtabmap-2] [INFO] [1768952893.924649913] [rtabmap]: rtabmap: qos_odom        = 2
[rtabmap-2] [INFO] [1768952893.924658246] [rtabmap]: rtabmap: qos_user_data   = 2
[rtabmap-2] [INFO] [1768952893.924665933] [rtabmap]: rtabmap: approx_sync     = true
[rtabmap-2] [INFO] [1768952893.924689285] [rtabmap]: Setup rgbd callback
[rtabmap-2] [INFO] [1768952893.933526909] [rtabmap]: 
[rtabmap-2] rtabmap subscribed to:
[rtabmap-2]    /rgbd_image
[rtabmap-2] [INFO] [1768952895.685480491] [rtabmap]: rtabmap (1): Rate=0.50s, Limit=0.000s, Conversion=0.0076s, RTAB-Map=0.7243s, Maps update=0.0001s pub=0.0000s delay=0.7410s (local map=1, WM=1)
[rtabmap-2] [INFO] [1768952896.664324981] [rtabmap]: rtabmap (2): Rate=0.50s, Limit=0.000s, Conversion=0.0064s, RTAB-Map=0.5564s, Maps update=0.0001s pub=0.0000s delay=0.5120s (local map=1, WM=1)
[rtabmap-2] [INFO] [1768952897.375146385] [rtabmap]: rtabmap (3): Rate=0.50s, Limit=0.000s, Conversion=0.0042s, RTAB-Map=0.6340s, Maps update=0.0001s pub=0.0000s delay=0.4990s (local map=1, WM=1)
[rtabmap-2] [INFO] [1768952898.999294335] [rtabmap]: rtabmap (4): Rate=0.50s, Limit=0.000s, Conversion=0.0044s, RTAB-Map=0.5597s, Maps update=0.0001s pub=0.0000s delay=0.4720s (local map=1, WM=1)
[rtabmap-2] [INFO] [1768952899.936147909] [rtabmap]: rtabmap (5): Rate=0.50s, Limit=0.000s, Conversion=0.0034s, RTAB-Map=0.5977s, Maps update=0.0001s pub=0.0000s delay=0.5680s (local map=1, WM=1)
[rtabmap-2] [INFO] [1768952900.638381514] [rtabmap]: rtabmap (6): Rate=0.50s, Limit=0.000s, Conversion=0.0005s, RTAB-Map=0.5925s, Maps update=0.0001s pub=0.0000s delay=0.5900s (local map=1, WM=1)
[rtabmap-2] [INFO] [1768952901.336772700] [rtabmap]: rtabmap (7): Rate=0.50s, Limit=0.000s, Conversion=0.0033s, RTAB-Map=0.5000s, Maps update=0.0001s pub=0.0000s delay=0.5100s (local map=1, WM=1)
[rtabmap-2] [INFO] [1768952902.946140483] [rtabmap]: rtabmap (8): Rate=0.50s, Limit=0.000s, Conversion=0.0011s, RTAB-Map=0.5212s, Maps update=0.0001s pub=0.0000s delay=0.5080s (local map=1, WM=1)
[rtabmap-2] [INFO] [1768952903.978600552] [rtabmap]: rtabmap (9): Rate=0.50s, Limit=0.000s, Conversion=0.0036s, RTAB-Map=0.5639s, Maps update=0.0001s pub=0.0000s delay=0.5100s (local map=1, WM=1)
[rtabmap-2] [INFO] [1768952905.680643133] [rtabmap]: rtabmap (10): Rate=0.50s, Limit=0.000s, Conversion=0.0048s, RTAB-Map=0.5928s, Maps update=0.0001s pub=0.0000s delay=0.6300s (local map=1, WM=1)
[rtabmap-2] [INFO] [1768952906.406348986] [rtabmap]: rtabmap (11): Rate=0.50s, Limit=0.000s, Conversion=0.0016s, RTAB-Map=0.5396s, Maps update=0.0000s pub=0.0000s delay=0.4860s (local map=2, WM=2)
[rtabmap-2] [INFO] [1768952907.431469669] [rtabmap]: rtabmap (12): Rate=0.50s, Limit=0.000s, Conversion=0.0010s, RTAB-Map=0.5463s, Maps update=0.0000s pub=0.0000s delay=0.4870s (local map=2, WM=2)
[rtabmap-2] [INFO] [1768952908.236831404] [rtabmap]: rtabmap (13): Rate=0.50s, Limit=0.000s, Conversion=0.0164s, RTAB-Map=0.5772s, Maps update=0.0000s pub=0.0000s delay=0.6180s (local map=3, WM=3)
[rtabmap-2] [INFO] [1768952909.739275832] [rtabmap]: rtabmap (14): Rate=0.50s, Limit=0.000s, Conversion=0.0007s, RTAB-Map=0.6221s, Maps update=0.0000s pub=0.0000s delay=0.6240s (local map=4, WM=4)
[rtabmap-2] [INFO] [1768952910.576229608] [rtabmap]: rtabmap (15): Rate=0.50s, Limit=0.000s, Conversion=0.0058s, RTAB-Map=0.6487s, Maps update=0.0001s pub=0.0000s delay=0.6510s (local map=4, WM=4)
[rtabmap-2] [INFO] [1768952911.816305421] [rtabmap]: rtabmap (16): Rate=0.50s, Limit=0.000s, Conversion=0.0116s, RTAB-Map=0.6477s, Maps update=0.0000s pub=0.0000s delay=0.5140s (local map=5, WM=5)
[rtabmap-2] [INFO] [1768952912.663488669] [rtabmap]: rtabmap (17): Rate=0.50s, Limit=0.000s, Conversion=0.0007s, RTAB-Map=0.5656s, Maps update=0.0001s pub=0.0000s delay=0.4440s (local map=5, WM=5)
[rtabmap-2] [INFO] [1768952913.605302413] [rtabmap]: rtabmap (18): Rate=0.50s, Limit=0.000s, Conversion=0.0007s, RTAB-Map=0.5649s, Maps update=0.0000s pub=0.0000s delay=0.5240s (local map=6, WM=6)
[rtabmap-2] [INFO] [1768952914.921809298] [rtabmap]: rtabmap (19): Rate=0.50s, Limit=0.000s, Conversion=0.0009s, RTAB-Map=0.6345s, Maps update=0.0001s pub=0.0000s delay=0.6170s (local map=6, WM=6)
[rtabmap-2] [INFO] [1768952915.640229416] [rtabmap]: rtabmap (20): Rate=0.50s, Limit=0.000s, Conversion=0.0087s, RTAB-Map=0.6135s, Maps update=0.0000s pub=0.0000s delay=0.6050s (local map=7, WM=7)
[rtabmap-2] [INFO] [1768952916.291700572] [rtabmap]: rtabmap (21): Rate=0.50s, Limit=0.000s, Conversion=0.0008s, RTAB-Map=0.5732s, Maps update=0.0000s pub=0.0000s delay=0.5150s (local map=8, WM=8)
[rtabmap-2] [INFO] [1768952917.270667179] [rtabmap]: rtabmap (22): Rate=0.50s, Limit=0.000s, Conversion=0.0012s, RTAB-Map=0.4917s, Maps update=0.0000s pub=0.0000s delay=0.5290s (local map=9, WM=9)
[rtabmap-2] [INFO] [1768952918.347941698] [rtabmap]: rtabmap (23): Rate=0.50s, Limit=0.000s, Conversion=0.0076s, RTAB-Map=0.5722s, Maps update=0.0000s pub=0.0000s delay=0.5240s (local map=10, WM=10)
[rtabmap-2] [INFO] [1768952919.844615953] [rtabmap]: rtabmap (24): Rate=0.50s, Limit=0.000s, Conversion=0.0004s, RTAB-Map=0.6038s, Maps update=0.0000s pub=0.0000s delay=0.5800s (local map=11, WM=11)
[rtabmap-2] [INFO] [1768952920.311382479] [rtabmap]: rtabmap (25): Rate=0.50s, Limit=0.000s, Conversion=0.0011s, RTAB-Map=0.4239s, Maps update=0.0000s pub=0.0000s delay=0.4800s (local map=11, WM=11)
[rtabmap-2] [INFO] [1768952921.270275376] [rtabmap]: rtabmap (26): Rate=0.50s, Limit=0.000s, Conversion=0.0052s, RTAB-Map=0.5855s, Maps update=0.0000s pub=0.0000s delay=0.5230s (local map=12, WM=12)
[rtabmap-2] [INFO] [1768952922.806292169] [rtabmap]: rtabmap (27): Rate=0.50s, Limit=0.000s, Conversion=0.0030s, RTAB-Map=0.5337s, Maps update=0.0000s pub=0.0000s delay=0.4310s (local map=13, WM=13)
[rtabmap-2] [INFO] [1768952923.989418409] [rtabmap]: rtabmap (28): Rate=0.50s, Limit=0.000s, Conversion=0.0004s, RTAB-Map=0.5402s, Maps update=0.0001s pub=0.0000s delay=0.4610s (local map=14, WM=14)
[rtabmap-2] [INFO] [1768952925.424237963] [rtabmap]: rtabmap (29): Rate=0.50s, Limit=0.000s, Conversion=0.0008s, RTAB-Map=0.5862s, Maps update=0.0000s pub=0.0000s delay=0.6590s (local map=15, WM=15)
[rtabmap-2] [INFO] [1768952927.169077125] [rtabmap]: rtabmap (30): Rate=0.50s, Limit=0.000s, Conversion=0.0012s, RTAB-Map=0.8039s, Maps update=0.0000s pub=0.0000s delay=0.6910s (local map=16, WM=16)
[rtabmap-2] [INFO] [1768952929.695522016] [rtabmap]: rtabmap (31): Rate=0.50s, Limit=0.000s, Conversion=0.0018s, RTAB-Map=0.6148s, Maps update=0.0000s pub=0.0000s delay=0.5480s (local map=17, WM=17)
[rtabmap-2] [INFO] [1768952931.598459591] [rtabmap]: rtabmap (32): Rate=0.50s, Limit=0.000s, Conversion=0.0034s, RTAB-Map=0.6310s, Maps update=0.0000s pub=0.0000s delay=0.5480s (local map=18, WM=18)
[rtabmap-2] [INFO] [1768952934.547309254] [rtabmap]: rtabmap (33): Rate=0.50s, Limit=0.000s, Conversion=0.0069s, RTAB-Map=0.6848s, Maps update=0.0000s pub=0.0000s delay=0.5860s (local map=19, WM=19)
[rtabmap-2] [INFO] [1768952935.348031187] [rtabmap]: rtabmap (34): Rate=0.50s, Limit=0.000s, Conversion=0.0022s, RTAB-Map=0.4735s, Maps update=0.0001s pub=0.0000s delay=0.4710s (local map=19, WM=19)
[rtabmap-2] [INFO] [1768952935.988866536] [rtabmap]: rtabmap (35): Rate=0.50s, Limit=0.000s, Conversion=0.0005s, RTAB-Map=0.5691s, Maps update=0.0000s pub=0.0000s delay=0.5400s (local map=20, WM=20)
[rtabmap-2] [INFO] [1768952936.720461840] [rtabmap]: rtabmap (36): Rate=0.50s, Limit=0.000s, Conversion=0.0047s, RTAB-Map=0.6112s, Maps update=0.0001s pub=0.0000s delay=0.5380s (local map=20, WM=20)
[rtabmap-2] [INFO] [1768952937.895217707] [rtabmap]: rtabmap (37): Rate=0.50s, Limit=0.000s, Conversion=0.0043s, RTAB-Map=0.5145s, Maps update=0.0001s pub=0.0000s delay=0.4020s (local map=20, WM=20)
[rtabmap-2] [INFO] [1768952938.067225839] [rclcpp]: signal_handler(signum=2)
[rgbd_sync-1] [INFO] [1768952938.067333371] [rclcpp]: signal_handler(signum=2)
[rtabmap-2] [INFO] [1768952938.088928031] [rtabmap]: Parameters are not saved (No configuration file provided...)
[INFO] [rgbd_sync-1]: process has finished cleanly [pid 219129]
[rtabmap-2] [33m[ WARN] (2026-01-21 08:48:14.984) Memory.cpp:5917::createSignature() Mem/SaveDepth16Format is set to false to use 32bits format but this is not compatible with the compressed depth format chosen (Mem/DepthCompressionFormat=".rvl"), depth images will be compressed in ".png" format instead. Explicitly set Mem/SaveDepth16Format to true to keep using ".rvl" format and images will be converted to 16bits for convenience (warning: that would remove all depth values over 65 meters). Explicitly set Mem/DepthCompressionFormat=".png" to suppress this warning. This warning is only printed once.[0m
[rtabmap-2] rtabmap: Saving database/long-term memory... (located at /home/fujino/.ros/rtabmap_ur5e_20260121_084811.db)
[rtabmap-2] rtabmap: Saving database/long-term memory...done! (located at /home/fujino/.ros/rtabmap_ur5e_20260121_084811.db, 56 MB)
[INFO] [rtabmap-2]: process has finished cleanly [pid 219131]
