[INFO] [launch]: All log files can be found below /home/fujino/.ros/log/2026-01-20-23-41-31-738793-fh-74040
[INFO] [launch]: Default logging verbosity is set to INFO
[INFO] [rgbd_sync-1]: process started with pid [74045]
[INFO] [rtabmap-2]: process started with pid [74047]
[rgbd_sync-1] [INFO] [1768920092.585207791] [rgbd_sync]: rgbd_sync: approx_sync = true
[rgbd_sync-1] [INFO] [1768920092.585845185] [rgbd_sync]: rgbd_sync: approx_sync_max_interval = 0.010000
[rgbd_sync-1] [INFO] [1768920092.585926923] [rgbd_sync]: rgbd_sync: topic_queue_size  = 10
[rgbd_sync-1] [INFO] [1768920092.585966585] [rgbd_sync]: rgbd_sync: sync_queue_size  = 30
[rgbd_sync-1] [INFO] [1768920092.586000423] [rgbd_sync]: rgbd_sync: qos             = 2
[rgbd_sync-1] [INFO] [1768920092.586034299] [rgbd_sync]: rgbd_sync: qos_camera_info = 2
[rgbd_sync-1] [INFO] [1768920092.586067172] [rgbd_sync]: rgbd_sync: depth_scale = 1.000000
[rgbd_sync-1] [INFO] [1768920092.586117338] [rgbd_sync]: rgbd_sync: decimation = 1
[rgbd_sync-1] [INFO] [1768920092.586152901] [rgbd_sync]: rgbd_sync: compressed_rate = 0.000000
[rgbd_sync-1] [INFO] [1768920092.633907725] [rgbd_sync]: 
[rgbd_sync-1] rgbd_sync subscribed to (approx sync, max interval=0.010000s):
[rgbd_sync-1]    /camera/color/image_raw,
[rgbd_sync-1]    /camera/depth/depth/image_raw,
[rgbd_sync-1]    /camera/color/camera_info
[rtabmap-2] [INFO] [1768920092.768607409] [rtabmap]: rtabmap(maps): latch                      = true
[rtabmap-2] [INFO] [1768920092.769021277] [rtabmap]: rtabmap(maps): map_filter_radius          = 0.000000
[rtabmap-2] [INFO] [1768920092.769066646] [rtabmap]: rtabmap(maps): map_filter_angle           = 30.000000
[rtabmap-2] [INFO] [1768920092.769090463] [rtabmap]: rtabmap(maps): map_cleanup                = true
[rtabmap-2] [INFO] [1768920092.769108730] [rtabmap]: rtabmap(maps): map_always_update          = false
[rtabmap-2] [INFO] [1768920092.769125618] [rtabmap]: rtabmap(maps): map_empty_ray_tracing      = true
[rtabmap-2] [INFO] [1768920092.769142292] [rtabmap]: rtabmap(maps): cloud_output_voxelized     = true
[rtabmap-2] [INFO] [1768920092.769159223] [rtabmap]: rtabmap(maps): cloud_subtract_filtering   = false
[rtabmap-2] [INFO] [1768920092.771674329] [rtabmap]: rtabmap(maps): cloud_subtract_filtering_min_neighbors = 2
[rtabmap-2] [INFO] [1768920092.777932542] [rtabmap]: rtabmap(maps): octomap_tree_depth         = 16
[rtabmap-2] [INFO] [1768920092.852475128] [rtabmap]: rtabmap: frame_id      = camera_color_optical_frame
[rtabmap-2] [INFO] [1768920092.854965645] [rtabmap]: rtabmap: odom_frame_id = world
[rtabmap-2] [INFO] [1768920092.855003936] [rtabmap]: rtabmap: map_frame_id  = world
[rtabmap-2] [INFO] [1768920092.855044211] [rtabmap]: rtabmap: log_to_rosout_level  = 4
[rtabmap-2] [INFO] [1768920092.855213270] [rtabmap]: rtabmap: initial_pose  = 
[rtabmap-2] [INFO] [1768920092.855291918] [rtabmap]: rtabmap: use_action_for_goal  = false
[rtabmap-2] [INFO] [1768920092.855315343] [rtabmap]: rtabmap: tf_delay      = 0.050000
[rtabmap-2] [INFO] [1768920092.855408332] [rtabmap]: rtabmap: tf_tolerance  = 0.100000
[rtabmap-2] [INFO] [1768920092.855432839] [rtabmap]: rtabmap: odom_sensor_sync   = false
[rtabmap-2] [INFO] [1768920092.855452897] [rtabmap]: rtabmap: pub_loc_pose_only_when_localizing = false
[rtabmap-2] [INFO] [1768920092.855557373] [rtabmap]: rtabmap: wait_for_transform = 0.200000
[rtabmap-2] [INFO] [1768920092.855599325] [rtabmap]: rtabmap: gen_scan  = false
[rtabmap-2] [INFO] [1768920092.855621742] [rtabmap]: rtabmap: gen_depth  = false
[rtabmap-2] [INFO] [1768920092.916716385] [rtabmap]: Setting RTAB-Map parameter "Grid/3D"="true" (rosparam)
[rtabmap-2] [INFO] [1768920092.920534478] [rtabmap]: Setting RTAB-Map parameter "Grid/RangeMax"="5.0" (rosparam)
[rtabmap-2] [INFO] [1768920092.920932259] [rtabmap]: Setting RTAB-Map parameter "Grid/RayTracing"="true" (rosparam)
[rtabmap-2] [INFO] [1768920092.922001069] [rtabmap]: Setting RTAB-Map parameter "Grid/Sensor"="1" (rosparam)
[rtabmap-2] [INFO] [1768920092.950902720] [rtabmap]: Setting RTAB-Map parameter "RGBD/CreateOccupancyGrid"="true" (rosparam)
[rtabmap-2] [INFO] [1768920092.959394548] [rtabmap]: Setting RTAB-Map parameter "Rtabmap/DetectionRate"="2.0" (rosparam)
[rtabmap-2] [INFO] [1768920093.200968415] [rtabmap]: RTAB-Map detection rate = 2.000000 Hz
[rtabmap-2] [INFO] [1768920093.201149871] [rtabmap]: rtabmap: Using database from "/home/fujino/.ros/rtabmap_ur5e_20260120_234131.db" (0 MB).
[rtabmap-2] [INFO] [1768920093.235752441] [rtabmap]: rtabmap: Database version = "0.22.1".
[rtabmap-2] [INFO] [1768920093.235835728] [rtabmap]: rtabmap: SLAM mode (Mem/IncrementalMemory=true)
[rtabmap-2] [INFO] [1768920093.293070379] [rtabmap]: Setup callbacks
[rtabmap-2] [WARN] [1768920093.293335754] [rtabmap]: rtabmap: Parameters subscribe_depth and subscribe_rgbd cannot be true at the same time. Parameter subscribe_depth is set to false.
[rtabmap-2] [INFO] [1768920093.293848533] [rtabmap]: rtabmap: subscribe_depth = false
[rtabmap-2] [INFO] [1768920093.293896542] [rtabmap]: rtabmap: subscribe_rgb = false
[rtabmap-2] [INFO] [1768920093.293915731] [rtabmap]: rtabmap: subscribe_stereo = false
[rtabmap-2] [INFO] [1768920093.293932835] [rtabmap]: rtabmap: subscribe_rgbd = true (rgbd_cameras=1)
[rtabmap-2] [INFO] [1768920093.293952048] [rtabmap]: rtabmap: subscribe_sensor_data = false
[rtabmap-2] [INFO] [1768920093.293969263] [rtabmap]: rtabmap: subscribe_odom_info = false
[rtabmap-2] [INFO] [1768920093.293985759] [rtabmap]: rtabmap: subscribe_user_data = false
[rtabmap-2] [INFO] [1768920093.294001939] [rtabmap]: rtabmap: subscribe_scan = false
[rtabmap-2] [INFO] [1768920093.294018234] [rtabmap]: rtabmap: subscribe_scan_cloud = false
[rtabmap-2] [INFO] [1768920093.294033915] [rtabmap]: rtabmap: subscribe_scan_descriptor = false
[rtabmap-2] [INFO] [1768920093.294050617] [rtabmap]: rtabmap: topic_queue_size = 10
[rtabmap-2] [INFO] [1768920093.294066731] [rtabmap]: rtabmap: sync_queue_size  = 30
[rtabmap-2] [INFO] [1768920093.294083408] [rtabmap]: rtabmap: qos_image       = 2
[rtabmap-2] [INFO] [1768920093.294149966] [rtabmap]: rtabmap: qos_camera_info = 2
[rtabmap-2] [INFO] [1768920093.294183475] [rtabmap]: rtabmap: qos_scan        = 2
[rtabmap-2] [INFO] [1768920093.294202631] [rtabmap]: rtabmap: qos_odom        = 2
[rtabmap-2] [INFO] [1768920093.294218986] [rtabmap]: rtabmap: qos_user_data   = 2
[rtabmap-2] [INFO] [1768920093.294235717] [rtabmap]: rtabmap: approx_sync     = true
[rtabmap-2] [INFO] [1768920093.294270610] [rtabmap]: Setup rgbd callback
[rtabmap-2] [INFO] [1768920093.296026255] [rtabmap]: 
[rtabmap-2] rtabmap subscribed to:
[rtabmap-2]    /rgbd_image
[rtabmap-2] [INFO] [1768920094.225599656] [rtabmap]: rtabmap (1): Rate=0.50s, Limit=0.000s, Conversion=0.0071s, RTAB-Map=0.3957s, Maps update=0.0001s pub=0.0000s delay=0.4490s (local map=1, WM=1)
[rtabmap-2] [INFO] [1768920094.747350506] [rtabmap]: rtabmap (2): Rate=0.50s, Limit=0.000s, Conversion=0.0032s, RTAB-Map=0.4341s, Maps update=0.0001s pub=0.0000s delay=0.4480s (local map=1, WM=1)
[rtabmap-2] [INFO] [1768920095.287483118] [rtabmap]: rtabmap (3): Rate=0.50s, Limit=0.000s, Conversion=0.0032s, RTAB-Map=0.4088s, Maps update=0.0000s pub=0.0000s delay=0.4000s (local map=1, WM=1)
[rtabmap-2] [INFO] [1768920095.828829396] [rtabmap]: rtabmap (4): Rate=0.50s, Limit=0.000s, Conversion=0.0017s, RTAB-Map=0.4428s, Maps update=0.0000s pub=0.0000s delay=0.4720s (local map=1, WM=1)
[rtabmap-2] [INFO] [1768920096.300163117] [rtabmap]: rtabmap (5): Rate=0.50s, Limit=0.000s, Conversion=0.0023s, RTAB-Map=0.3620s, Maps update=0.0000s pub=0.0000s delay=0.3200s (local map=1, WM=1)
[rtabmap-2] [INFO] [1768920096.814036687] [rtabmap]: rtabmap (6): Rate=0.50s, Limit=0.000s, Conversion=0.0026s, RTAB-Map=0.3625s, Maps update=0.0001s pub=0.0000s delay=0.3070s (local map=1, WM=1)
[rtabmap-2] [INFO] [1768920097.364131053] [rtabmap]: rtabmap (7): Rate=0.50s, Limit=0.000s, Conversion=0.0005s, RTAB-Map=0.4127s, Maps update=0.0001s pub=0.0000s delay=0.4070s (local map=1, WM=1)
[rtabmap-2] [INFO] [1768920097.992160370] [rtabmap]: rtabmap (8): Rate=0.50s, Limit=0.000s, Conversion=0.0006s, RTAB-Map=0.5041s, Maps update=0.0001s pub=0.0000s delay=0.4770s (local map=1, WM=1)
[rtabmap-2] [INFO] [1768920098.479237074] [rtabmap]: rtabmap (9): Rate=0.50s, Limit=0.000s, Conversion=0.0005s, RTAB-Map=0.4635s, Maps update=0.0001s pub=0.0000s delay=0.4500s (local map=1, WM=1)
[rtabmap-2] [INFO] [1768920098.953730977] [rtabmap]: rtabmap (10): Rate=0.50s, Limit=0.000s, Conversion=0.0006s, RTAB-Map=0.3893s, Maps update=0.0000s pub=0.0000s delay=0.4230s (local map=1, WM=1)
[rtabmap-2] [INFO] [1768920099.526068479] [rtabmap]: rtabmap (11): Rate=0.50s, Limit=0.000s, Conversion=0.0006s, RTAB-Map=0.4847s, Maps update=0.0001s pub=0.0000s delay=0.4190s (local map=1, WM=1)
[rtabmap-2] [INFO] [1768920099.980730904] [rtabmap]: rtabmap (12): Rate=0.50s, Limit=0.000s, Conversion=0.0016s, RTAB-Map=0.4102s, Maps update=0.0001s pub=0.0000s delay=0.4150s (local map=1, WM=1)
[rtabmap-2] [INFO] [1768920100.491133748] [rtabmap]: rtabmap (13): Rate=0.50s, Limit=0.000s, Conversion=0.0023s, RTAB-Map=0.4384s, Maps update=0.0001s pub=0.0000s delay=0.4150s (local map=1, WM=1)
[rtabmap-2] [INFO] [1768920100.960298619] [rtabmap]: rtabmap (14): Rate=0.50s, Limit=0.000s, Conversion=0.0006s, RTAB-Map=0.3552s, Maps update=0.0001s pub=0.0000s delay=0.3590s (local map=1, WM=1)
[rtabmap-2] [INFO] [1768920101.559968658] [rtabmap]: rtabmap (15): Rate=0.50s, Limit=0.000s, Conversion=0.0006s, RTAB-Map=0.4218s, Maps update=0.0000s pub=0.0000s delay=0.4350s (local map=2, WM=2)
[rtabmap-2] [INFO] [1768920102.081452750] [rtabmap]: rtabmap (16): Rate=0.50s, Limit=0.000s, Conversion=0.0006s, RTAB-Map=0.3748s, Maps update=0.0000s pub=0.0000s delay=0.3620s (local map=2, WM=2)
[rtabmap-2] [INFO] [1768920102.758837437] [rtabmap]: rtabmap (17): Rate=0.50s, Limit=0.000s, Conversion=0.0006s, RTAB-Map=0.4673s, Maps update=0.0001s pub=0.0000s delay=0.4870s (local map=2, WM=2)
[rtabmap-2] [INFO] [1768920103.350371362] [rtabmap]: rtabmap (18): Rate=0.50s, Limit=0.000s, Conversion=0.0026s, RTAB-Map=0.4946s, Maps update=0.0000s pub=0.0000s delay=0.5430s (local map=3, WM=3)
[rtabmap-2] [INFO] [1768920104.035027657] [rtabmap]: rtabmap (19): Rate=0.50s, Limit=0.000s, Conversion=0.0007s, RTAB-Map=0.6147s, Maps update=0.0000s pub=0.0000s delay=0.5630s (local map=3, WM=3)
[rtabmap-2] [INFO] [1768920104.501298040] [rtabmap]: rtabmap (20): Rate=0.50s, Limit=0.000s, Conversion=0.0007s, RTAB-Map=0.4353s, Maps update=0.0000s pub=0.0000s delay=0.4510s (local map=3, WM=3)
[rtabmap-2] [INFO] [1768920104.965895218] [rtabmap]: rtabmap (21): Rate=0.50s, Limit=0.000s, Conversion=0.0012s, RTAB-Map=0.3855s, Maps update=0.0000s pub=0.0000s delay=0.4210s (local map=4, WM=4)
[rtabmap-2] [INFO] [1768920105.624114411] [rtabmap]: rtabmap (22): Rate=0.50s, Limit=0.000s, Conversion=0.0011s, RTAB-Map=0.4483s, Maps update=0.0000s pub=0.0000s delay=0.4250s (local map=4, WM=4)
[rtabmap-2] [INFO] [1768920106.162993462] [rtabmap]: rtabmap (23): Rate=0.50s, Limit=0.000s, Conversion=0.0007s, RTAB-Map=0.3894s, Maps update=0.0000s pub=0.0000s delay=0.4210s (local map=4, WM=4)
[rtabmap-2] [INFO] [1768920106.731527035] [rtabmap]: rtabmap (24): Rate=0.50s, Limit=0.000s, Conversion=0.0005s, RTAB-Map=0.3036s, Maps update=0.0000s pub=0.0000s delay=0.2590s (local map=5, WM=5)
[rtabmap-2] [INFO] [1768920107.507004589] [rtabmap]: rtabmap (25): Rate=0.50s, Limit=0.000s, Conversion=0.0007s, RTAB-Map=0.4526s, Maps update=0.0000s pub=0.0000s delay=0.4260s (local map=5, WM=5)
[rtabmap-2] [INFO] [1768920107.978170272] [rtabmap]: rtabmap (26): Rate=0.50s, Limit=0.000s, Conversion=0.0005s, RTAB-Map=0.3809s, Maps update=0.0000s pub=0.0000s delay=0.4130s (local map=5, WM=5)
[rtabmap-2] [INFO] [1768920108.667165903] [rtabmap]: rtabmap (27): Rate=0.50s, Limit=0.000s, Conversion=0.0004s, RTAB-Map=0.3773s, Maps update=0.0000s pub=0.0000s delay=0.4220s (local map=6, WM=6)
[rtabmap-2] [INFO] [1768920109.220504346] [rtabmap]: rtabmap (28): Rate=0.50s, Limit=0.000s, Conversion=0.0009s, RTAB-Map=0.4327s, Maps update=0.0000s pub=0.0000s delay=0.4190s (local map=6, WM=6)
[rtabmap-2] [INFO] [1768920109.645467992] [rtabmap]: rtabmap (29): Rate=0.50s, Limit=0.000s, Conversion=0.0007s, RTAB-Map=0.3403s, Maps update=0.0000s pub=0.0000s delay=0.3060s (local map=6, WM=6)
[rtabmap-2] [INFO] [1768920110.315417406] [rtabmap]: rtabmap (30): Rate=0.50s, Limit=0.000s, Conversion=0.0006s, RTAB-Map=0.4987s, Maps update=0.0000s pub=0.0000s delay=0.4990s (local map=6, WM=6)
[rtabmap-2] [INFO] [1768920110.851547466] [rtabmap]: rtabmap (31): Rate=0.50s, Limit=0.000s, Conversion=0.0006s, RTAB-Map=0.4209s, Maps update=0.0000s pub=0.0000s delay=0.3680s (local map=6, WM=6)
[rtabmap-2] [INFO] [1768920111.285512261] [rtabmap]: rtabmap (32): Rate=0.50s, Limit=0.000s, Conversion=0.0006s, RTAB-Map=0.3057s, Maps update=0.0000s pub=0.0000s delay=0.3320s (local map=6, WM=6)
[rtabmap-2] [INFO] [1768920111.985807092] [rtabmap]: rtabmap (33): Rate=0.50s, Limit=0.000s, Conversion=0.0007s, RTAB-Map=0.4014s, Maps update=0.0000s pub=0.0000s delay=0.4100s (local map=7, WM=7)
[rtabmap-2] [INFO] [1768920112.531701758] [rtabmap]: rtabmap (34): Rate=0.50s, Limit=0.000s, Conversion=0.0006s, RTAB-Map=0.4166s, Maps update=0.0000s pub=0.0000s delay=0.4050s (local map=7, WM=7)
[rtabmap-2] [INFO] [1768920112.931944066] [rtabmap]: rtabmap (35): Rate=0.50s, Limit=0.000s, Conversion=0.0005s, RTAB-Map=0.2992s, Maps update=0.0000s pub=0.0000s delay=0.2800s (local map=8, WM=8)
[rtabmap-2] [INFO] [1768920113.541384010] [rtabmap]: rtabmap (36): Rate=0.50s, Limit=0.000s, Conversion=0.0004s, RTAB-Map=0.3651s, Maps update=0.0001s pub=0.0000s delay=0.3550s (local map=8, WM=8)
[rtabmap-2] [INFO] [1768920114.110330409] [rtabmap]: rtabmap (37): Rate=0.50s, Limit=0.000s, Conversion=0.0005s, RTAB-Map=0.3422s, Maps update=0.0000s pub=0.0000s delay=0.3430s (local map=9, WM=9)
[rtabmap-2] [INFO] [1768920114.774427931] [rtabmap]: rtabmap (38): Rate=0.50s, Limit=0.000s, Conversion=0.0005s, RTAB-Map=0.3843s, Maps update=0.0001s pub=0.0000s delay=0.4130s (local map=9, WM=9)
[rtabmap-2] [INFO] [1768920115.316379515] [rtabmap]: rtabmap (39): Rate=0.50s, Limit=0.000s, Conversion=0.0006s, RTAB-Map=0.3422s, Maps update=0.0000s pub=0.0000s delay=0.3430s (local map=10, WM=10)
[rtabmap-2] [INFO] [1768920115.939244375] [rtabmap]: rtabmap (40): Rate=0.50s, Limit=0.000s, Conversion=0.0005s, RTAB-Map=0.4186s, Maps update=0.0000s pub=0.0000s delay=0.3940s (local map=11, WM=11)
[rtabmap-2] [INFO] [1768920116.423520111] [rtabmap]: rtabmap (41): Rate=0.50s, Limit=0.000s, Conversion=0.0004s, RTAB-Map=0.3594s, Maps update=0.0001s pub=0.0000s delay=0.3560s (local map=11, WM=11)
[rtabmap-2] [INFO] [1768920116.974936542] [rtabmap]: rtabmap (42): Rate=0.50s, Limit=0.000s, Conversion=0.0006s, RTAB-Map=0.3983s, Maps update=0.0000s pub=0.0000s delay=0.3380s (local map=12, WM=12)
[rtabmap-2] [INFO] [1768920117.642276332] [rtabmap]: rtabmap (43): Rate=0.50s, Limit=0.000s, Conversion=0.0004s, RTAB-Map=0.4188s, Maps update=0.0000s pub=0.0000s delay=0.4050s (local map=12, WM=12)
[rtabmap-2] [INFO] [1768920118.201887942] [rtabmap]: rtabmap (44): Rate=0.50s, Limit=0.000s, Conversion=0.0011s, RTAB-Map=0.4603s, Maps update=0.0000s pub=0.0000s delay=0.4850s (local map=13, WM=13)
[rtabmap-2] [INFO] [1768920118.645053646] [rtabmap]: rtabmap (45): Rate=0.50s, Limit=0.000s, Conversion=0.0004s, RTAB-Map=0.4031s, Maps update=0.0001s pub=0.0000s delay=0.3850s (local map=13, WM=13)
[rtabmap-2] [INFO] [1768920119.192790841] [rtabmap]: rtabmap (46): Rate=0.50s, Limit=0.000s, Conversion=0.0005s, RTAB-Map=0.4334s, Maps update=0.0000s pub=0.0000s delay=0.4560s (local map=14, WM=14)
[rtabmap-2] [INFO] [1768920119.734337622] [rtabmap]: rtabmap (47): Rate=0.50s, Limit=0.000s, Conversion=0.0012s, RTAB-Map=0.3655s, Maps update=0.0000s pub=0.0000s delay=0.3520s (local map=14, WM=14)
[rtabmap-2] [INFO] [1768920120.276245355] [rtabmap]: rtabmap (48): Rate=0.50s, Limit=0.000s, Conversion=0.0005s, RTAB-Map=0.3737s, Maps update=0.0000s pub=0.0000s delay=0.3080s (local map=15, WM=15)
[rtabmap-2] [INFO] [1768920120.783392082] [rtabmap]: rtabmap (49): Rate=0.50s, Limit=0.000s, Conversion=0.0005s, RTAB-Map=0.3369s, Maps update=0.0000s pub=0.0000s delay=0.2680s (local map=15, WM=15)
[rtabmap-2] [INFO] [1768920121.446073405] [rtabmap]: rtabmap (50): Rate=0.50s, Limit=0.000s, Conversion=0.0005s, RTAB-Map=0.3791s, Maps update=0.0000s pub=0.0000s delay=0.3630s (local map=15, WM=15)
[rtabmap-2] [INFO] [1768920122.167557003] [rtabmap]: rtabmap (51): Rate=0.50s, Limit=0.000s, Conversion=0.0006s, RTAB-Map=0.5232s, Maps update=0.0000s pub=0.0000s delay=0.4800s (local map=16, WM=16)
[rtabmap-2] [INFO] [1768920122.684260354] [rtabmap]: rtabmap (52): Rate=0.50s, Limit=0.000s, Conversion=0.0008s, RTAB-Map=0.4468s, Maps update=0.0001s pub=0.0000s delay=0.4050s (local map=16, WM=16)
[rtabmap-2] [INFO] [1768920123.212140852] [rtabmap]: rtabmap (53): Rate=0.50s, Limit=0.000s, Conversion=0.0005s, RTAB-Map=0.4514s, Maps update=0.0001s pub=0.0000s delay=0.4640s (local map=16, WM=16)
[rtabmap-2] [INFO] [1768920123.774341986] [rtabmap]: rtabmap (54): Rate=0.50s, Limit=0.000s, Conversion=0.0006s, RTAB-Map=0.4440s, Maps update=0.0000s pub=0.0000s delay=0.4190s (local map=17, WM=17)
[rtabmap-2] [INFO] [1768920124.241639695] [rtabmap]: rtabmap (55): Rate=0.50s, Limit=0.000s, Conversion=0.0006s, RTAB-Map=0.4239s, Maps update=0.0000s pub=0.0000s delay=0.4130s (local map=17, WM=17)
[rtabmap-2] [INFO] [1768920124.830207917] [rtabmap]: rtabmap (56): Rate=0.50s, Limit=0.000s, Conversion=0.0008s, RTAB-Map=0.4781s, Maps update=0.0000s pub=0.0000s delay=0.4750s (local map=17, WM=17)
[rtabmap-2] [INFO] [1768920125.410940836] [rtabmap]: rtabmap (57): Rate=0.50s, Limit=0.000s, Conversion=0.0005s, RTAB-Map=0.4322s, Maps update=0.0000s pub=0.0000s delay=0.4710s (local map=18, WM=18)
[rtabmap-2] [INFO] [1768920125.929591153] [rtabmap]: rtabmap (58): Rate=0.50s, Limit=0.000s, Conversion=0.0007s, RTAB-Map=0.4300s, Maps update=0.0001s pub=0.0000s delay=0.4320s (local map=18, WM=18)
[rtabmap-2] [INFO] [1768920126.453975395] [rtabmap]: rtabmap (59): Rate=0.50s, Limit=0.000s, Conversion=0.0006s, RTAB-Map=0.4107s, Maps update=0.0000s pub=0.0000s delay=0.3970s (local map=19, WM=19)
[rtabmap-2] [INFO] [1768920126.911560312] [rtabmap]: rtabmap (60): Rate=0.50s, Limit=0.000s, Conversion=0.0006s, RTAB-Map=0.3411s, Maps update=0.0001s pub=0.0000s delay=0.3750s (local map=19, WM=19)
[rtabmap-2] [INFO] [1768920127.489990315] [rtabmap]: rtabmap (61): Rate=0.50s, Limit=0.000s, Conversion=0.0007s, RTAB-Map=0.3378s, Maps update=0.0001s pub=0.0000s delay=0.2920s (local map=19, WM=19)
[rtabmap-2] [INFO] [1768920128.246666581] [rtabmap]: rtabmap (62): Rate=0.50s, Limit=0.000s, Conversion=0.0007s, RTAB-Map=0.5185s, Maps update=0.0000s pub=0.0000s delay=0.5090s (local map=20, WM=20)
[rtabmap-2] [INFO] [1768920128.659042443] [rtabmap]: rtabmap (63): Rate=0.50s, Limit=0.000s, Conversion=0.0006s, RTAB-Map=0.3818s, Maps update=0.0001s pub=0.0000s delay=0.3870s (local map=20, WM=20)
[rtabmap-2] [INFO] [1768920129.267277108] [rtabmap]: rtabmap (64): Rate=0.50s, Limit=0.000s, Conversion=0.0006s, RTAB-Map=0.4305s, Maps update=0.0001s pub=0.0000s delay=0.4160s (local map=20, WM=20)
[rtabmap-2] [INFO] [1768920129.759214345] [rtabmap]: rtabmap (65): Rate=0.50s, Limit=0.000s, Conversion=0.0005s, RTAB-Map=0.3908s, Maps update=0.0001s pub=0.0000s delay=0.3900s (local map=21, WM=21)
[rtabmap-2] [INFO] [1768920130.285958552] [rtabmap]: rtabmap (66): Rate=0.50s, Limit=0.000s, Conversion=0.0007s, RTAB-Map=0.3829s, Maps update=0.0001s pub=0.0000s delay=0.3520s (local map=21, WM=21)
[rtabmap-2] [INFO] [1768920130.891863174] [rtabmap]: rtabmap (67): Rate=0.50s, Limit=0.000s, Conversion=0.0009s, RTAB-Map=0.3584s, Maps update=0.0001s pub=0.0000s delay=0.3150s (local map=21, WM=21)
[rtabmap-2] [INFO] [1768920131.624234156] [rtabmap]: rtabmap (68): Rate=0.50s, Limit=0.000s, Conversion=0.0011s, RTAB-Map=0.4520s, Maps update=0.0001s pub=0.0000s delay=0.4970s (local map=21, WM=21)
[rgbd_sync-1] [INFO] [1768920131.904986147] [rclcpp]: signal_handler(signum=2)
[rtabmap-2] [INFO] [1768920131.904986026] [rclcpp]: signal_handler(signum=2)
[INFO] [rgbd_sync-1]: process has finished cleanly [pid 74045]
[rtabmap-2] [INFO] [1768920132.136712611] [rtabmap]: rtabmap (69): Rate=0.50s, Limit=0.000s, Conversion=0.0006s, RTAB-Map=0.4607s, Maps update=0.0001s pub=0.0000s delay=0.1930s (local map=21, WM=21)
[rtabmap-2] [INFO] [1768920132.138163320] [rtabmap]: Parameters are not saved (No configuration file provided...)
[rtabmap-2] [33m[ WARN] (2026-01-20 23:41:33.850) Memory.cpp:5917::createSignature() Mem/SaveDepth16Format is set to false to use 32bits format but this is not compatible with the compressed depth format chosen (Mem/DepthCompressionFormat=".rvl"), depth images will be compressed in ".png" format instead. Explicitly set Mem/SaveDepth16Format to true to keep using ".rvl" format and images will be converted to 16bits for convenience (warning: that would remove all depth values over 65 meters). Explicitly set Mem/DepthCompressionFormat=".png" to suppress this warning. This warning is only printed once.[0m
[rtabmap-2] [33m[ WARN] (2026-01-20 23:42:00.275) Memory.cpp:3217::computeTransform() Missing visual features or missing raw data to compute them. Transform cannot be estimated.[0m
[rtabmap-2] rtabmap: Saving database/long-term memory... (located at /home/fujino/.ros/rtabmap_ur5e_20260120_234131.db)
[rtabmap-2] rtabmap: Saving database/long-term memory...done! (located at /home/fujino/.ros/rtabmap_ur5e_20260120_234131.db, 104 MB)
[INFO] [rtabmap-2]: process has finished cleanly [pid 74047]
