[INFO] [launch]: All log files can be found below /home/fujino/.ros/log/2026-01-19-21-07-23-554366-fh-954692
[INFO] [launch]: Default logging verbosity is set to INFO
[INFO] [rgbd_sync-1]: process started with pid [954699]
[INFO] [rtabmap-2]: process started with pid [954701]
[rgbd_sync-1] [INFO] [1768824443.966637890] [rgbd_sync]: rgbd_sync: approx_sync = true
[rgbd_sync-1] [INFO] [1768824443.966839386] [rgbd_sync]: rgbd_sync: approx_sync_max_interval = 0.010000
[rgbd_sync-1] [INFO] [1768824443.966861368] [rgbd_sync]: rgbd_sync: topic_queue_size  = 10
[rgbd_sync-1] [INFO] [1768824443.966867142] [rgbd_sync]: rgbd_sync: sync_queue_size  = 30
[rgbd_sync-1] [INFO] [1768824443.966873017] [rgbd_sync]: rgbd_sync: qos             = 2
[rgbd_sync-1] [INFO] [1768824443.966878915] [rgbd_sync]: rgbd_sync: qos_camera_info = 2
[rgbd_sync-1] [INFO] [1768824443.966884579] [rgbd_sync]: rgbd_sync: depth_scale = 1.000000
[rgbd_sync-1] [INFO] [1768824443.966891197] [rgbd_sync]: rgbd_sync: decimation = 1
[rgbd_sync-1] [INFO] [1768824443.966896568] [rgbd_sync]: rgbd_sync: compressed_rate = 0.000000
[rgbd_sync-1] [INFO] [1768824443.983382926] [rgbd_sync]: 
[rgbd_sync-1] rgbd_sync subscribed to (approx sync, max interval=0.010000s):
[rgbd_sync-1]    /camera/color/image_raw,
[rgbd_sync-1]    /camera/depth/depth/image_raw,
[rgbd_sync-1]    /camera/color/camera_info
[rtabmap-2] [INFO] [1768824444.126070696] [rtabmap]: rtabmap(maps): latch                      = true
[rtabmap-2] [INFO] [1768824444.126386554] [rtabmap]: rtabmap(maps): map_filter_radius          = 0.000000
[rtabmap-2] [INFO] [1768824444.126417837] [rtabmap]: rtabmap(maps): map_filter_angle           = 30.000000
[rtabmap-2] [INFO] [1768824444.126432302] [rtabmap]: rtabmap(maps): map_cleanup                = true
[rtabmap-2] [INFO] [1768824444.126442692] [rtabmap]: rtabmap(maps): map_always_update          = false
[rtabmap-2] [INFO] [1768824444.126452582] [rtabmap]: rtabmap(maps): map_empty_ray_tracing      = true
[rtabmap-2] [INFO] [1768824444.126462363] [rtabmap]: rtabmap(maps): cloud_output_voxelized     = true
[rtabmap-2] [INFO] [1768824444.126471983] [rtabmap]: rtabmap(maps): cloud_subtract_filtering   = false
[rtabmap-2] [INFO] [1768824444.126481704] [rtabmap]: rtabmap(maps): cloud_subtract_filtering_min_neighbors = 2
[rtabmap-2] [INFO] [1768824444.126543046] [rtabmap]: rtabmap(maps): octomap_tree_depth         = 16
[rtabmap-2] [INFO] [1768824444.185879311] [rtabmap]: rtabmap: frame_id      = camera_color_optical_frame
[rtabmap-2] [INFO] [1768824444.185953248] [rtabmap]: rtabmap: odom_frame_id = world
[rtabmap-2] [INFO] [1768824444.185959978] [rtabmap]: rtabmap: map_frame_id  = world
[rtabmap-2] [INFO] [1768824444.185965913] [rtabmap]: rtabmap: log_to_rosout_level  = 4
[rtabmap-2] [INFO] [1768824444.185972612] [rtabmap]: rtabmap: initial_pose  = 
[rtabmap-2] [INFO] [1768824444.185977829] [rtabmap]: rtabmap: use_action_for_goal  = false
[rtabmap-2] [INFO] [1768824444.185983863] [rtabmap]: rtabmap: tf_delay      = 0.050000
[rtabmap-2] [INFO] [1768824444.186000100] [rtabmap]: rtabmap: tf_tolerance  = 0.100000
[rtabmap-2] [INFO] [1768824444.186007137] [rtabmap]: rtabmap: odom_sensor_sync   = false
[rtabmap-2] [INFO] [1768824444.186012367] [rtabmap]: rtabmap: pub_loc_pose_only_when_localizing = false
[rtabmap-2] [INFO] [1768824444.186018050] [rtabmap]: rtabmap: wait_for_transform = 0.200000
[rtabmap-2] [INFO] [1768824444.186024313] [rtabmap]: rtabmap: gen_scan  = false
[rtabmap-2] [INFO] [1768824444.186030237] [rtabmap]: rtabmap: gen_depth  = false
[rtabmap-2] [INFO] [1768824444.233248755] [rtabmap]: Setting RTAB-Map parameter "Grid/3D"="true" (rosparam)
[rtabmap-2] [INFO] [1768824444.233744115] [rtabmap]: Setting RTAB-Map parameter "Grid/RangeMax"="5.0" (rosparam)
[rtabmap-2] [INFO] [1768824444.233806100] [rtabmap]: Setting RTAB-Map parameter "Grid/RayTracing"="true" (rosparam)
[rtabmap-2] [INFO] [1768824444.234213035] [rtabmap]: Setting RTAB-Map parameter "Grid/Sensor"="1" (rosparam)
[rtabmap-2] [INFO] [1768824444.289582055] [rtabmap]: Setting RTAB-Map parameter "RGBD/CreateOccupancyGrid"="true" (rosparam)
[rtabmap-2] [INFO] [1768824444.297751263] [rtabmap]: Setting RTAB-Map parameter "Rtabmap/DetectionRate"="2.0" (rosparam)
[rtabmap-2] [INFO] [1768824444.453512407] [rtabmap]: RTAB-Map detection rate = 2.000000 Hz
[rtabmap-2] [INFO] [1768824444.453708095] [rtabmap]: rtabmap: Using database from "/home/fujino/.ros/rtabmap_ur5e_20260119_210723.db" (0 MB).
[rtabmap-2] [INFO] [1768824444.496661091] [rtabmap]: rtabmap: Database version = "0.22.1".
[rtabmap-2] [INFO] [1768824444.496804491] [rtabmap]: rtabmap: SLAM mode (Mem/IncrementalMemory=true)
[rtabmap-2] [INFO] [1768824444.590561773] [rtabmap]: Setup callbacks
[rtabmap-2] [WARN] [1768824444.590628975] [rtabmap]: rtabmap: Parameters subscribe_depth and subscribe_rgbd cannot be true at the same time. Parameter subscribe_depth is set to false.
[rtabmap-2] [INFO] [1768824444.590721622] [rtabmap]: rtabmap: subscribe_depth = false
[rtabmap-2] [INFO] [1768824444.590731940] [rtabmap]: rtabmap: subscribe_rgb = false
[rtabmap-2] [INFO] [1768824444.590737267] [rtabmap]: rtabmap: subscribe_stereo = false
[rtabmap-2] [INFO] [1768824444.590742324] [rtabmap]: rtabmap: subscribe_rgbd = true (rgbd_cameras=1)
[rtabmap-2] [INFO] [1768824444.590748612] [rtabmap]: rtabmap: subscribe_sensor_data = false
[rtabmap-2] [INFO] [1768824444.590753494] [rtabmap]: rtabmap: subscribe_odom_info = false
[rtabmap-2] [INFO] [1768824444.590757971] [rtabmap]: rtabmap: subscribe_user_data = false
[rtabmap-2] [INFO] [1768824444.590762451] [rtabmap]: rtabmap: subscribe_scan = false
[rtabmap-2] [INFO] [1768824444.590767368] [rtabmap]: rtabmap: subscribe_scan_cloud = false
[rtabmap-2] [INFO] [1768824444.590772765] [rtabmap]: rtabmap: subscribe_scan_descriptor = false
[rtabmap-2] [INFO] [1768824444.590778649] [rtabmap]: rtabmap: topic_queue_size = 10
[rtabmap-2] [INFO] [1768824444.590784838] [rtabmap]: rtabmap: sync_queue_size  = 30
[rtabmap-2] [INFO] [1768824444.590790630] [rtabmap]: rtabmap: qos_image       = 2
[rtabmap-2] [INFO] [1768824444.590829898] [rtabmap]: rtabmap: qos_camera_info = 2
[rtabmap-2] [INFO] [1768824444.590836819] [rtabmap]: rtabmap: qos_scan        = 2
[rtabmap-2] [INFO] [1768824444.590841839] [rtabmap]: rtabmap: qos_odom        = 2
[rtabmap-2] [INFO] [1768824444.590847134] [rtabmap]: rtabmap: qos_user_data   = 2
[rtabmap-2] [INFO] [1768824444.590852213] [rtabmap]: rtabmap: approx_sync     = true
[rtabmap-2] [INFO] [1768824444.590865789] [rtabmap]: Setup rgbd callback
[rtabmap-2] [INFO] [1768824444.591932430] [rtabmap]: 
[rtabmap-2] rtabmap subscribed to:
[rtabmap-2]    /rgbd_image
[rtabmap-2] [INFO] [1768824445.437859658] [rtabmap]: rtabmap (1): Rate=0.50s, Limit=0.000s, Conversion=0.0021s, RTAB-Map=0.4222s, Maps update=0.0068s pub=0.0005s delay=0.3920s (local map=1, WM=1)
[rtabmap-2] [INFO] [1768824445.941632533] [rtabmap]: rtabmap (2): Rate=0.50s, Limit=0.000s, Conversion=0.0022s, RTAB-Map=0.4346s, Maps update=0.0038s pub=0.0000s delay=0.4680s (local map=1, WM=1)
[rtabmap-2] [INFO] [1768824446.366916365] [rtabmap]: rtabmap (3): Rate=0.50s, Limit=0.000s, Conversion=0.0024s, RTAB-Map=0.3042s, Maps update=0.0047s pub=0.0000s delay=0.3120s (local map=1, WM=1)
[rtabmap-2] [INFO] [1768824446.968564576] [rtabmap]: rtabmap (4): Rate=0.50s, Limit=0.000s, Conversion=0.0018s, RTAB-Map=0.3096s, Maps update=0.0057s pub=0.0000s delay=0.3370s (local map=1, WM=1)
[rtabmap-2] [INFO] [1768824447.554947363] [rtabmap]: rtabmap (5): Rate=0.50s, Limit=0.000s, Conversion=0.0011s, RTAB-Map=0.3239s, Maps update=0.0057s pub=0.0000s delay=0.3610s (local map=1, WM=1)
[rtabmap-2] [INFO] [1768824448.156803632] [rtabmap]: rtabmap (6): Rate=0.50s, Limit=0.000s, Conversion=0.0018s, RTAB-Map=0.3878s, Maps update=0.0085s pub=0.0000s delay=0.4290s (local map=1, WM=1)
[rtabmap-2] [INFO] [1768824448.568433015] [rtabmap]: rtabmap (7): Rate=0.50s, Limit=0.000s, Conversion=0.0006s, RTAB-Map=0.2782s, Maps update=0.0073s pub=0.0000s delay=0.3080s (local map=1, WM=1)
[rtabmap-2] [INFO] [1768824449.295532171] [rtabmap]: rtabmap (8): Rate=0.50s, Limit=0.000s, Conversion=0.0021s, RTAB-Map=0.4986s, Maps update=0.0057s pub=0.0000s delay=0.5080s (local map=1, WM=1)
[rtabmap-2] [INFO] [1768824449.800080180] [rtabmap]: rtabmap (9): Rate=0.50s, Limit=0.000s, Conversion=0.0015s, RTAB-Map=0.4723s, Maps update=0.0145s pub=0.0001s delay=0.4950s (local map=1, WM=1)
[rtabmap-2] [INFO] [1768824450.444089384] [rtabmap]: rtabmap (10): Rate=0.50s, Limit=0.000s, Conversion=0.0021s, RTAB-Map=0.5684s, Maps update=0.0113s pub=0.0000s delay=0.5940s (local map=1, WM=1)
[rtabmap-2] [INFO] [1768824450.928920202] [rtabmap]: rtabmap (11): Rate=0.50s, Limit=0.000s, Conversion=0.0007s, RTAB-Map=0.4521s, Maps update=0.0080s pub=0.0000s delay=0.4490s (local map=1, WM=1)
[rtabmap-2] [INFO] [1768824451.474043349] [rtabmap]: rtabmap (12): Rate=0.50s, Limit=0.000s, Conversion=0.0007s, RTAB-Map=0.4578s, Maps update=0.0043s pub=0.0000s delay=0.4190s (local map=1, WM=1)
[rtabmap-2] [INFO] [1768824452.045904527] [rtabmap]: rtabmap (13): Rate=0.50s, Limit=0.000s, Conversion=0.0007s, RTAB-Map=0.5089s, Maps update=0.0066s pub=0.0000s delay=0.5120s (local map=1, WM=1)
[rtabmap-2] [INFO] [1768824452.691834113] [rtabmap]: rtabmap (14): Rate=0.50s, Limit=0.000s, Conversion=0.0009s, RTAB-Map=0.5817s, Maps update=0.0104s pub=0.0000s delay=0.6480s (local map=1, WM=1)
[rtabmap-2] [INFO] [1768824453.152989457] [rtabmap]: rtabmap (15): Rate=0.50s, Limit=0.000s, Conversion=0.0007s, RTAB-Map=0.4056s, Maps update=0.0096s pub=0.0003s delay=0.4000s (local map=2, WM=2)
[rtabmap-2] [INFO] [1768824453.643285820] [rtabmap]: rtabmap (16): Rate=0.50s, Limit=0.000s, Conversion=0.0007s, RTAB-Map=0.3758s, Maps update=0.0047s pub=0.0000s delay=0.3760s (local map=2, WM=2)
[rtabmap-2] [INFO] [1768824454.206990562] [rtabmap]: rtabmap (17): Rate=0.50s, Limit=0.000s, Conversion=0.0007s, RTAB-Map=0.3763s, Maps update=0.0049s pub=0.0000s delay=0.4120s (local map=2, WM=2)
[rtabmap-2] [INFO] [1768824454.784684755] [rtabmap]: rtabmap (18): Rate=0.50s, Limit=0.000s, Conversion=0.0007s, RTAB-Map=0.3763s, Maps update=0.0072s pub=0.0006s delay=0.4260s (local map=3, WM=3)
[rtabmap-2] [INFO] [1768824455.321980450] [rtabmap]: rtabmap (19): Rate=0.50s, Limit=0.000s, Conversion=0.0005s, RTAB-Map=0.3648s, Maps update=0.0118s pub=0.0000s delay=0.3880s (local map=3, WM=3)
[rtabmap-2] [INFO] [1768824455.835045860] [rtabmap]: rtabmap (20): Rate=0.50s, Limit=0.000s, Conversion=0.0005s, RTAB-Map=0.3676s, Maps update=0.0058s pub=0.0000s delay=0.3790s (local map=3, WM=3)
[rtabmap-2] [INFO] [1768824456.409745649] [rtabmap]: rtabmap (21): Rate=0.50s, Limit=0.000s, Conversion=0.0006s, RTAB-Map=0.4323s, Maps update=0.0077s pub=0.0004s delay=0.4670s (local map=4, WM=4)
[rtabmap-2] [INFO] [1768824456.876883351] [rtabmap]: rtabmap (22): Rate=0.50s, Limit=0.000s, Conversion=0.0006s, RTAB-Map=0.4001s, Maps update=0.0040s pub=0.0000s delay=0.3640s (local map=4, WM=4)
[rtabmap-2] [INFO] [1768824457.378530533] [rtabmap]: rtabmap (23): Rate=0.50s, Limit=0.000s, Conversion=0.0009s, RTAB-Map=0.4057s, Maps update=0.0030s pub=0.0000s delay=0.3560s (local map=4, WM=4)
[rtabmap-2] [INFO] [1768824457.902206638] [rtabmap]: rtabmap (24): Rate=0.50s, Limit=0.000s, Conversion=0.0005s, RTAB-Map=0.4032s, Maps update=0.0053s pub=0.0006s delay=0.4450s (local map=5, WM=5)
[rtabmap-2] [INFO] [1768824458.336407840] [rtabmap]: rtabmap (25): Rate=0.50s, Limit=0.000s, Conversion=0.0007s, RTAB-Map=0.3372s, Maps update=0.0037s pub=0.0000s delay=0.3320s (local map=5, WM=5)
[rtabmap-2] [INFO] [1768824458.889920590] [rtabmap]: rtabmap (26): Rate=0.50s, Limit=0.000s, Conversion=0.0006s, RTAB-Map=0.3882s, Maps update=0.0062s pub=0.0000s delay=0.3320s (local map=5, WM=5)
[rtabmap-2] [INFO] [1768824459.495945184] [rtabmap]: rtabmap (27): Rate=0.50s, Limit=0.000s, Conversion=0.0007s, RTAB-Map=0.3325s, Maps update=0.0061s pub=0.0005s delay=0.3850s (local map=6, WM=6)
[rtabmap-2] [INFO] [1768824460.226529172] [rtabmap]: rtabmap (28): Rate=0.50s, Limit=0.000s, Conversion=0.0016s, RTAB-Map=0.4202s, Maps update=0.0044s pub=0.0000s delay=0.4430s (local map=6, WM=6)
[rtabmap-2] [INFO] [1768824460.704945435] [rtabmap]: rtabmap (29): Rate=0.50s, Limit=0.000s, Conversion=0.0006s, RTAB-Map=0.3878s, Maps update=0.0047s pub=0.0000s delay=0.4390s (local map=6, WM=6)
[rtabmap-2] [INFO] [1768824461.196453413] [rtabmap]: rtabmap (30): Rate=0.50s, Limit=0.000s, Conversion=0.0004s, RTAB-Map=0.3883s, Maps update=0.0038s pub=0.0006s delay=0.3280s (local map=7, WM=7)
[rtabmap-2] [INFO] [1768824461.831776096] [rtabmap]: rtabmap (31): Rate=0.50s, Limit=0.000s, Conversion=0.0010s, RTAB-Map=0.3717s, Maps update=0.0023s pub=0.0000s delay=0.4010s (local map=7, WM=7)
[rtabmap-2] [INFO] [1768824462.527926197] [rtabmap]: rtabmap (32): Rate=0.50s, Limit=0.000s, Conversion=0.0006s, RTAB-Map=0.4320s, Maps update=0.0046s pub=0.0000s delay=0.4560s (local map=7, WM=7)
[rtabmap-2] [INFO] [1768824463.127897839] [rtabmap]: rtabmap (33): Rate=0.50s, Limit=0.000s, Conversion=0.0007s, RTAB-Map=0.4332s, Maps update=0.0033s pub=0.0007s delay=0.4660s (local map=8, WM=8)
[rtabmap-2] [INFO] [1768824463.647753134] [rtabmap]: rtabmap (34): Rate=0.50s, Limit=0.000s, Conversion=0.0008s, RTAB-Map=0.3306s, Maps update=0.0025s pub=0.0000s delay=0.3300s (local map=8, WM=8)
[rtabmap-2] [INFO] [1768824464.174844882] [rtabmap]: rtabmap (35): Rate=0.50s, Limit=0.000s, Conversion=0.0007s, RTAB-Map=0.3297s, Maps update=0.0051s pub=0.0004s delay=0.3140s (local map=9, WM=9)
[rtabmap-2] [INFO] [1768824464.740625924] [rtabmap]: rtabmap (36): Rate=0.50s, Limit=0.000s, Conversion=0.0008s, RTAB-Map=0.3689s, Maps update=0.0059s pub=0.0000s delay=0.3850s (local map=9, WM=9)
[rtabmap-2] [INFO] [1768824465.319721401] [rtabmap]: rtabmap (37): Rate=0.50s, Limit=0.000s, Conversion=0.0010s, RTAB-Map=0.4353s, Maps update=0.0048s pub=0.0006s delay=0.4730s (local map=10, WM=10)
[rtabmap-2] [INFO] [1768824465.836750651] [rtabmap]: rtabmap (38): Rate=0.50s, Limit=0.000s, Conversion=0.0016s, RTAB-Map=0.4550s, Maps update=0.0057s pub=0.0006s delay=0.4720s (local map=11, WM=11)
[rtabmap-2] [INFO] [1768824466.264245295] [rtabmap]: rtabmap (39): Rate=0.50s, Limit=0.000s, Conversion=0.0011s, RTAB-Map=0.3470s, Maps update=0.0065s pub=0.0000s delay=0.3570s (local map=11, WM=11)
[rtabmap-2] [INFO] [1768824466.916467396] [rtabmap]: rtabmap (40): Rate=0.50s, Limit=0.000s, Conversion=0.0005s, RTAB-Map=0.4652s, Maps update=0.0067s pub=0.0010s delay=0.5040s (local map=12, WM=12)
[rtabmap-2] [INFO] [1768824467.317084809] [rtabmap]: rtabmap (41): Rate=0.50s, Limit=0.000s, Conversion=0.0019s, RTAB-Map=0.3386s, Maps update=0.0033s pub=0.0000s delay=0.3750s (local map=12, WM=12)
[rtabmap-2] [INFO] [1768824467.975426803] [rtabmap]: rtabmap (42): Rate=0.50s, Limit=0.000s, Conversion=0.0004s, RTAB-Map=0.4633s, Maps update=0.0088s pub=0.0021s delay=0.4650s (local map=13, WM=13)
[rtabmap-2] [INFO] [1768824468.346374765] [rtabmap]: rtabmap (43): Rate=0.50s, Limit=0.000s, Conversion=0.0006s, RTAB-Map=0.3320s, Maps update=0.0064s pub=0.0000s delay=0.3430s (local map=13, WM=13)
[rtabmap-2] [INFO] [1768824469.135629985] [rtabmap]: rtabmap (44): Rate=0.50s, Limit=0.000s, Conversion=0.0006s, RTAB-Map=0.4948s, Maps update=0.0037s pub=0.0007s delay=0.5120s (local map=14, WM=14)
[rtabmap-2] [INFO] [1768824469.704916152] [rtabmap]: rtabmap (45): Rate=0.50s, Limit=0.000s, Conversion=0.0008s, RTAB-Map=0.3569s, Maps update=0.0048s pub=0.0005s delay=0.3160s (local map=15, WM=15)
[rtabmap-2] [INFO] [1768824470.370529668] [rtabmap]: rtabmap (46): Rate=0.50s, Limit=0.000s, Conversion=0.0011s, RTAB-Map=0.4916s, Maps update=0.0047s pub=0.0000s delay=0.4870s (local map=15, WM=15)
[rtabmap-2] [INFO] [1768824470.849580458] [rtabmap]: rtabmap (47): Rate=0.50s, Limit=0.000s, Conversion=0.0006s, RTAB-Map=0.3280s, Maps update=0.0026s pub=0.0005s delay=0.3340s (local map=16, WM=16)
[rtabmap-2] [INFO] [1768824471.414145468] [rtabmap]: rtabmap (48): Rate=0.50s, Limit=0.000s, Conversion=0.0007s, RTAB-Map=0.3682s, Maps update=0.0036s pub=0.0000s delay=0.3200s (local map=16, WM=16)
[rtabmap-2] [INFO] [1768824472.143277552] [rtabmap]: rtabmap (49): Rate=0.50s, Limit=0.000s, Conversion=0.0006s, RTAB-Map=0.4006s, Maps update=0.0035s pub=0.0008s delay=0.4330s (local map=17, WM=17)
[rtabmap-2] [INFO] [1768824472.598264734] [rtabmap]: rtabmap (50): Rate=0.50s, Limit=0.000s, Conversion=0.0008s, RTAB-Map=0.3428s, Maps update=0.0033s pub=0.0000s delay=0.3080s (local map=17, WM=17)
[rtabmap-2] [INFO] [1768824473.265778176] [rtabmap]: rtabmap (51): Rate=0.50s, Limit=0.000s, Conversion=0.0007s, RTAB-Map=0.4753s, Maps update=0.0038s pub=0.0000s delay=0.4870s (local map=17, WM=17)
[rtabmap-2] [INFO] [1768824473.774813939] [rtabmap]: rtabmap (52): Rate=0.50s, Limit=0.000s, Conversion=0.0007s, RTAB-Map=0.3193s, Maps update=0.0051s pub=0.0008s delay=0.3270s (local map=18, WM=18)
[rtabmap-2] [INFO] [1768824474.384964299] [rtabmap]: rtabmap (53): Rate=0.50s, Limit=0.000s, Conversion=0.0006s, RTAB-Map=0.3566s, Maps update=0.0041s pub=0.0000s delay=0.3430s (local map=18, WM=18)
[rtabmap-2] [INFO] [1768824474.948373657] [rtabmap]: rtabmap (54): Rate=0.50s, Limit=0.000s, Conversion=0.0004s, RTAB-Map=0.3838s, Maps update=0.0028s pub=0.0000s delay=0.4260s (local map=18, WM=18)
[rtabmap-2] [INFO] [1768824475.535468844] [rtabmap]: rtabmap (55): Rate=0.50s, Limit=0.000s, Conversion=0.0007s, RTAB-Map=0.4409s, Maps update=0.0032s pub=0.0007s delay=0.3950s (local map=19, WM=19)
[rtabmap-2] [INFO] [1768824476.106378299] [rtabmap]: rtabmap (56): Rate=0.50s, Limit=0.000s, Conversion=0.0006s, RTAB-Map=0.5041s, Maps update=0.0069s pub=0.0000s delay=0.4750s (local map=19, WM=19)
[rtabmap-2] [INFO] [1768824476.750511729] [rtabmap]: rtabmap (57): Rate=0.50s, Limit=0.000s, Conversion=0.0010s, RTAB-Map=0.5761s, Maps update=0.0038s pub=0.0018s delay=0.6330s (local map=20, WM=20)
[rtabmap-2] [INFO] [1768824477.183708685] [rtabmap]: rtabmap (58): Rate=0.50s, Limit=0.000s, Conversion=0.0008s, RTAB-Map=0.4210s, Maps update=0.0055s pub=0.0000s delay=0.4400s (local map=20, WM=20)
[rtabmap-2] [INFO] [1768824477.681517069] [rtabmap]: rtabmap (59): Rate=0.50s, Limit=0.000s, Conversion=0.0006s, RTAB-Map=0.3809s, Maps update=0.0057s pub=0.0000s delay=0.3830s (local map=20, WM=20)
[rtabmap-2] [INFO] [1768824478.242870598] [rtabmap]: rtabmap (60): Rate=0.50s, Limit=0.000s, Conversion=0.0005s, RTAB-Map=0.4217s, Maps update=0.0055s pub=0.0010s delay=0.4810s (local map=21, WM=21)
[rtabmap-2] [INFO] [1768824478.692975605] [rtabmap]: rtabmap (61): Rate=0.50s, Limit=0.000s, Conversion=0.0006s, RTAB-Map=0.3497s, Maps update=0.0046s pub=0.0000s delay=0.3380s (local map=21, WM=21)
[rtabmap-2] [INFO] [1768824479.287352757] [rtabmap]: rtabmap (62): Rate=0.50s, Limit=0.000s, Conversion=0.0005s, RTAB-Map=0.3925s, Maps update=0.0031s pub=0.0000s delay=0.4020s (local map=21, WM=21)
[rtabmap-2] [INFO] [1768824479.782241994] [rtabmap]: rtabmap (63): Rate=0.50s, Limit=0.000s, Conversion=0.0007s, RTAB-Map=0.3548s, Maps update=0.0068s pub=0.0009s delay=0.3770s (local map=22, WM=22)
[rtabmap-2] [INFO] [1768824480.279429968] [rtabmap]: rtabmap (64): Rate=0.50s, Limit=0.000s, Conversion=0.0006s, RTAB-Map=0.3380s, Maps update=0.0042s pub=0.0000s delay=0.3610s (local map=22, WM=22)
[rtabmap-2] [INFO] [1768824481.011554754] [rtabmap]: rtabmap (65): Rate=0.50s, Limit=0.000s, Conversion=0.0008s, RTAB-Map=0.3957s, Maps update=0.0055s pub=0.0000s delay=0.3900s (local map=22, WM=22)
[rtabmap-2] [INFO] [1768824481.527698889] [rtabmap]: rtabmap (66): Rate=0.50s, Limit=0.000s, Conversion=0.0009s, RTAB-Map=0.4065s, Maps update=0.0047s pub=0.0013s delay=0.3710s (local map=23, WM=23)
[rtabmap-2] [INFO] [1768824482.009008515] [rtabmap]: rtabmap (67): Rate=0.50s, Limit=0.000s, Conversion=0.0010s, RTAB-Map=0.3432s, Maps update=0.0056s pub=0.0000s delay=0.3310s (local map=23, WM=23)
[rtabmap-2] [INFO] [1768824482.560228056] [rtabmap]: rtabmap (68): Rate=0.50s, Limit=0.000s, Conversion=0.0011s, RTAB-Map=0.3902s, Maps update=0.0048s pub=0.0000s delay=0.4190s (local map=23, WM=23)
[rtabmap-2] [INFO] [1768824483.098177057] [rtabmap]: rtabmap (69): Rate=0.50s, Limit=0.000s, Conversion=0.0006s, RTAB-Map=0.3825s, Maps update=0.0055s pub=0.0000s delay=0.3980s (local map=23, WM=23)
[rtabmap-2] [INFO] [1768824483.536985812] [rtabmap]: rtabmap (70): Rate=0.50s, Limit=0.000s, Conversion=0.0008s, RTAB-Map=0.3181s, Maps update=0.0032s pub=0.0000s delay=0.2930s (local map=23, WM=23)
[rtabmap-2] [INFO] [1768824484.064802560] [rtabmap]: rtabmap (71): Rate=0.50s, Limit=0.000s, Conversion=0.0005s, RTAB-Map=0.3373s, Maps update=0.0046s pub=0.0000s delay=0.3630s (local map=23, WM=23)
[rtabmap-2] [INFO] [1768824484.717488820] [rtabmap]: rtabmap (72): Rate=0.50s, Limit=0.000s, Conversion=0.0007s, RTAB-Map=0.4513s, Maps update=0.0058s pub=0.0000s delay=0.4380s (local map=23, WM=23)
[rtabmap-2] [INFO] [1768824485.151863049] [rtabmap]: rtabmap (73): Rate=0.50s, Limit=0.000s, Conversion=0.0010s, RTAB-Map=0.3738s, Maps update=0.0061s pub=0.0000s delay=0.3250s (local map=23, WM=23)
[rtabmap-2] [INFO] [1768824485.671952415] [rtabmap]: rtabmap (74): Rate=0.50s, Limit=0.000s, Conversion=0.0007s, RTAB-Map=0.3470s, Maps update=0.0045s pub=0.0000s delay=0.3900s (local map=23, WM=23)
[rtabmap-2] [INFO] [1768824486.675000098] [rtabmap]: rtabmap (75): Rate=0.50s, Limit=0.000s, Conversion=0.0014s, RTAB-Map=0.3638s, Maps update=0.0050s pub=0.0000s delay=0.4190s (local map=23, WM=23)
[rtabmap-2] [INFO] [1768824487.171876187] [rtabmap]: rtabmap (76): Rate=0.50s, Limit=0.000s, Conversion=0.0009s, RTAB-Map=0.3684s, Maps update=0.0053s pub=0.0000s delay=0.3190s (local map=23, WM=23)
[rtabmap-2] [INFO] [1768824487.736019127] [rtabmap]: rtabmap (77): Rate=0.50s, Limit=0.000s, Conversion=0.0009s, RTAB-Map=0.4249s, Maps update=0.0031s pub=0.0000s delay=0.4110s (local map=23, WM=23)
[rtabmap-2] [INFO] [1768824488.236966949] [rtabmap]: rtabmap (78): Rate=0.50s, Limit=0.000s, Conversion=0.0004s, RTAB-Map=0.3685s, Maps update=0.0056s pub=0.0000s delay=0.3530s (local map=23, WM=23)
[rtabmap-2] [INFO] [1768824488.844325158] [rtabmap]: rtabmap (79): Rate=0.50s, Limit=0.000s, Conversion=0.0014s, RTAB-Map=0.3651s, Maps update=0.0034s pub=0.0000s delay=0.3570s (local map=23, WM=23)
[rtabmap-2] [INFO] [1768824489.308333980] [rtabmap]: rtabmap (80): Rate=0.50s, Limit=0.000s, Conversion=0.0007s, RTAB-Map=0.3224s, Maps update=0.0054s pub=0.0000s delay=0.3330s (local map=23, WM=23)
[rtabmap-2] [INFO] [1768824489.845064991] [rtabmap]: rtabmap (81): Rate=0.50s, Limit=0.000s, Conversion=0.0007s, RTAB-Map=0.3474s, Maps update=0.0062s pub=0.0000s delay=0.3270s (local map=23, WM=23)
[rtabmap-2] [INFO] [1768824490.387076367] [rtabmap]: rtabmap (82): Rate=0.50s, Limit=0.000s, Conversion=0.0006s, RTAB-Map=0.3834s, Maps update=0.0029s pub=0.0000s delay=0.4130s (local map=23, WM=23)
[rtabmap-2] [INFO] [1768824490.916251337] [rtabmap]: rtabmap (83): Rate=0.50s, Limit=0.000s, Conversion=0.0005s, RTAB-Map=0.3771s, Maps update=0.0030s pub=0.0000s delay=0.3890s (local map=23, WM=23)
[rtabmap-2] [INFO] [1768824491.441162606] [rtabmap]: rtabmap (84): Rate=0.50s, Limit=0.000s, Conversion=0.0006s, RTAB-Map=0.3710s, Maps update=0.0031s pub=0.0000s delay=0.3710s (local map=23, WM=23)
[rgbd_sync-1] [INFO] [1768824492.221636677] [rclcpp]: signal_handler(signum=2)
[rtabmap-2] [INFO] [1768824492.221637181] [rclcpp]: signal_handler(signum=2)
[rtabmap-2] [INFO] [1768824492.234239448] [rtabmap]: rtabmap (85): Rate=0.50s, Limit=0.000s, Conversion=0.0033s, RTAB-Map=0.4323s, Maps update=0.0001s pub=0.0002s delay=0.4190s (local map=23, WM=23)
[rtabmap-2] [INFO] [1768824492.235857064] [rtabmap]: Parameters are not saved (No configuration file provided...)
[INFO] [rgbd_sync-1]: process has finished cleanly [pid 954699]
[rtabmap-2] [33m[ WARN] (2026-01-19 21:07:25.018) Memory.cpp:5917::createSignature() Mem/SaveDepth16Format is set to false to use 32bits format but this is not compatible with the compressed depth format chosen (Mem/DepthCompressionFormat=".rvl"), depth images will be compressed in ".png" format instead. Explicitly set Mem/SaveDepth16Format to true to keep using ".rvl" format and images will be converted to 16bits for convenience (warning: that would remove all depth values over 65 meters). Explicitly set Mem/DepthCompressionFormat=".png" to suppress this warning. This warning is only printed once.[0m
[rtabmap-2] [33m[ WARN] (2026-01-19 21:07:25.437) MapsManager.cpp:863::publishMaps() Graph has changed! The whole cloud is regenerated.[0m
[rtabmap-2] [33m[ WARN] (2026-01-19 21:07:52.138) Memory.cpp:3217::computeTransform() Missing visual features or missing raw data to compute them. Transform cannot be estimated.[0m
[rtabmap-2] rtabmap: Saving database/long-term memory... (located at /home/fujino/.ros/rtabmap_ur5e_20260119_210723.db)
[rtabmap-2] rtabmap: Saving database/long-term memory...done! (located at /home/fujino/.ros/rtabmap_ur5e_20260119_210723.db, 128 MB)
[INFO] [rtabmap-2]: process has finished cleanly [pid 954701]
