[INFO] [launch]: All log files can be found below /home/fujino/.ros/log/2026-01-19-22-26-04-346311-fh-1017879
[INFO] [launch]: Default logging verbosity is set to INFO
[INFO] [rgbd_sync-1]: process started with pid [1017900]
[INFO] [rtabmap-2]: process started with pid [1017902]
[rtabmap-2] [INFO] [1768829165.132535430] [rtabmap]: rtabmap(maps): latch                      = true
[rtabmap-2] [INFO] [1768829165.132972374] [rtabmap]: rtabmap(maps): map_filter_radius          = 0.000000
[rtabmap-2] [INFO] [1768829165.133018677] [rtabmap]: rtabmap(maps): map_filter_angle           = 30.000000
[rtabmap-2] [INFO] [1768829165.133041506] [rtabmap]: rtabmap(maps): map_cleanup                = true
[rtabmap-2] [INFO] [1768829165.133059208] [rtabmap]: rtabmap(maps): map_always_update          = false
[rtabmap-2] [INFO] [1768829165.133075486] [rtabmap]: rtabmap(maps): map_empty_ray_tracing      = true
[rtabmap-2] [INFO] [1768829165.133091402] [rtabmap]: rtabmap(maps): cloud_output_voxelized     = true
[rtabmap-2] [INFO] [1768829165.133107159] [rtabmap]: rtabmap(maps): cloud_subtract_filtering   = false
[rtabmap-2] [INFO] [1768829165.133122956] [rtabmap]: rtabmap(maps): cloud_subtract_filtering_min_neighbors = 2
[rtabmap-2] [INFO] [1768829165.133213619] [rtabmap]: rtabmap(maps): octomap_tree_depth         = 16
[rtabmap-2] [INFO] [1768829165.165625063] [rtabmap]: rtabmap: frame_id      = camera_color_optical_frame
[rtabmap-2] [INFO] [1768829165.165662834] [rtabmap]: rtabmap: odom_frame_id = world
[rtabmap-2] [INFO] [1768829165.165670044] [rtabmap]: rtabmap: map_frame_id  = world
[rtabmap-2] [INFO] [1768829165.165675052] [rtabmap]: rtabmap: log_to_rosout_level  = 4
[rtabmap-2] [INFO] [1768829165.165680805] [rtabmap]: rtabmap: initial_pose  = 
[rtabmap-2] [INFO] [1768829165.165685990] [rtabmap]: rtabmap: use_action_for_goal  = false
[rtabmap-2] [INFO] [1768829165.165696070] [rtabmap]: rtabmap: tf_delay      = 0.050000
[rtabmap-2] [INFO] [1768829165.165706879] [rtabmap]: rtabmap: tf_tolerance  = 0.100000
[rtabmap-2] [INFO] [1768829165.165712708] [rtabmap]: rtabmap: odom_sensor_sync   = false
[rtabmap-2] [INFO] [1768829165.165717862] [rtabmap]: rtabmap: pub_loc_pose_only_when_localizing = false
[rtabmap-2] [INFO] [1768829165.165722682] [rtabmap]: rtabmap: wait_for_transform = 0.200000
[rtabmap-2] [INFO] [1768829165.165728143] [rtabmap]: rtabmap: gen_scan  = false
[rtabmap-2] [INFO] [1768829165.165733130] [rtabmap]: rtabmap: gen_depth  = false
[rtabmap-2] [INFO] [1768829165.188981453] [rtabmap]: Setting RTAB-Map parameter "Grid/3D"="true" (rosparam)
[rtabmap-2] [INFO] [1768829165.189453270] [rtabmap]: Setting RTAB-Map parameter "Grid/RangeMax"="5.0" (rosparam)
[rtabmap-2] [INFO] [1768829165.189513753] [rtabmap]: Setting RTAB-Map parameter "Grid/RayTracing"="true" (rosparam)
[rtabmap-2] [INFO] [1768829165.189587223] [rtabmap]: Setting RTAB-Map parameter "Grid/Sensor"="1" (rosparam)
[rtabmap-2] [INFO] [1768829165.193182453] [rtabmap]: Setting RTAB-Map parameter "RGBD/CreateOccupancyGrid"="true" (rosparam)
[rtabmap-2] [INFO] [1768829165.194409594] [rtabmap]: Setting RTAB-Map parameter "Rtabmap/DetectionRate"="2.0" (rosparam)
[rtabmap-2] [INFO] [1768829165.376568995] [rtabmap]: RTAB-Map detection rate = 2.000000 Hz
[rtabmap-2] [INFO] [1768829165.376737226] [rtabmap]: rtabmap: Using database from "/home/fujino/.ros/rtabmap_ur5e_20260119_222604.db" (0 MB).
[rtabmap-2] [INFO] [1768829165.423015209] [rtabmap]: rtabmap: Database version = "0.22.1".
[rtabmap-2] [INFO] [1768829165.424972438] [rtabmap]: rtabmap: SLAM mode (Mem/IncrementalMemory=true)
[rtabmap-2] [INFO] [1768829165.485881034] [rtabmap]: Setup callbacks
[rtabmap-2] [WARN] [1768829165.486566846] [rtabmap]: rtabmap: Parameters subscribe_depth and subscribe_rgbd cannot be true at the same time. Parameter subscribe_depth is set to false.
[rtabmap-2] [INFO] [1768829165.486826097] [rtabmap]: rtabmap: subscribe_depth = false
[rtabmap-2] [INFO] [1768829165.486861196] [rtabmap]: rtabmap: subscribe_rgb = false
[rtabmap-2] [INFO] [1768829165.486880384] [rtabmap]: rtabmap: subscribe_stereo = false
[rtabmap-2] [INFO] [1768829165.486897272] [rtabmap]: rtabmap: subscribe_rgbd = true (rgbd_cameras=1)
[rtabmap-2] [INFO] [1768829165.486926195] [rtabmap]: rtabmap: subscribe_sensor_data = false
[rtabmap-2] [INFO] [1768829165.486946085] [rtabmap]: rtabmap: subscribe_odom_info = false
[rtabmap-2] [INFO] [1768829165.486962575] [rtabmap]: rtabmap: subscribe_user_data = false
[rtabmap-2] [INFO] [1768829165.486978598] [rtabmap]: rtabmap: subscribe_scan = false
[rtabmap-2] [INFO] [1768829165.486994708] [rtabmap]: rtabmap: subscribe_scan_cloud = false
[rtabmap-2] [INFO] [1768829165.487011313] [rtabmap]: rtabmap: subscribe_scan_descriptor = false
[rtabmap-2] [INFO] [1768829165.487027822] [rtabmap]: rtabmap: topic_queue_size = 10
[rtabmap-2] [INFO] [1768829165.487044453] [rtabmap]: rtabmap: sync_queue_size  = 30
[rtabmap-2] [INFO] [1768829165.487061104] [rtabmap]: rtabmap: qos_image       = 2
[rtabmap-2] [INFO] [1768829165.487125075] [rtabmap]: rtabmap: qos_camera_info = 2
[rtabmap-2] [INFO] [1768829165.487149452] [rtabmap]: rtabmap: qos_scan        = 2
[rtabmap-2] [INFO] [1768829165.487166810] [rtabmap]: rtabmap: qos_odom        = 2
[rtabmap-2] [INFO] [1768829165.487183654] [rtabmap]: rtabmap: qos_user_data   = 2
[rtabmap-2] [INFO] [1768829165.487200811] [rtabmap]: rtabmap: approx_sync     = true
[rtabmap-2] [INFO] [1768829165.487234288] [rtabmap]: Setup rgbd callback
[rgbd_sync-1] [INFO] [1768829165.488086150] [rgbd_sync]: rgbd_sync: approx_sync = true
[rgbd_sync-1] [INFO] [1768829165.488330975] [rgbd_sync]: rgbd_sync: approx_sync_max_interval = 0.010000
[rgbd_sync-1] [INFO] [1768829165.488369901] [rgbd_sync]: rgbd_sync: topic_queue_size  = 10
[rgbd_sync-1] [INFO] [1768829165.488380339] [rgbd_sync]: rgbd_sync: sync_queue_size  = 30
[rgbd_sync-1] [INFO] [1768829165.488390140] [rgbd_sync]: rgbd_sync: qos             = 2
[rgbd_sync-1] [INFO] [1768829165.488398919] [rgbd_sync]: rgbd_sync: qos_camera_info = 2
[rgbd_sync-1] [INFO] [1768829165.488406395] [rgbd_sync]: rgbd_sync: depth_scale = 1.000000
[rgbd_sync-1] [INFO] [1768829165.488416052] [rgbd_sync]: rgbd_sync: decimation = 1
[rgbd_sync-1] [INFO] [1768829165.488427892] [rgbd_sync]: rgbd_sync: compressed_rate = 0.000000
[rtabmap-2] [INFO] [1768829165.489012768] [rtabmap]: 
[rtabmap-2] rtabmap subscribed to:
[rtabmap-2]    /rgbd_image
[rgbd_sync-1] [INFO] [1768829165.522905106] [rgbd_sync]: 
[rgbd_sync-1] rgbd_sync subscribed to (approx sync, max interval=0.010000s):
[rgbd_sync-1]    /camera/color/image_raw,
[rgbd_sync-1]    /camera/depth/depth/image_raw,
[rgbd_sync-1]    /camera/color/camera_info
[rtabmap-2] [INFO] [1768829166.341585512] [rtabmap]: rtabmap (1): Rate=0.50s, Limit=0.000s, Conversion=0.0042s, RTAB-Map=0.5945s, Maps update=0.0001s pub=0.0000s delay=-108.0820s (local map=1, WM=1)
[rtabmap-2] [INFO] [1768829166.894826644] [rtabmap]: rtabmap (2): Rate=0.50s, Limit=0.000s, Conversion=0.0019s, RTAB-Map=0.3887s, Maps update=0.0080s pub=0.0006s delay=0.3720s (local map=1, WM=1)
[rtabmap-2] [INFO] [1768829167.377264198] [rtabmap]: rtabmap (3): Rate=0.50s, Limit=0.000s, Conversion=0.0020s, RTAB-Map=0.3729s, Maps update=0.0049s pub=0.0000s delay=0.3680s (local map=1, WM=1)
[rtabmap-2] [INFO] [1768829167.973201998] [rtabmap]: rtabmap (4): Rate=0.50s, Limit=0.000s, Conversion=0.0013s, RTAB-Map=0.3894s, Maps update=0.0084s pub=0.0000s delay=0.3870s (local map=1, WM=1)
[rtabmap-2] [INFO] [1768829168.527368697] [rtabmap]: rtabmap (5): Rate=0.50s, Limit=0.000s, Conversion=0.0015s, RTAB-Map=0.4128s, Maps update=0.0046s pub=0.0000s delay=0.4400s (local map=1, WM=1)
[rtabmap-2] [INFO] [1768829168.984313705] [rtabmap]: rtabmap (6): Rate=0.50s, Limit=0.000s, Conversion=0.0014s, RTAB-Map=0.3129s, Maps update=0.0042s pub=0.0000s delay=0.2730s (local map=1, WM=1)
[rtabmap-2] [INFO] [1768829169.569159112] [rtabmap]: rtabmap (7): Rate=0.50s, Limit=0.000s, Conversion=0.0005s, RTAB-Map=0.3114s, Maps update=0.0062s pub=0.0000s delay=0.3060s (local map=1, WM=1)
[rtabmap-2] [INFO] [1768829170.087061741] [rtabmap]: rtabmap (8): Rate=0.50s, Limit=0.000s, Conversion=0.0006s, RTAB-Map=0.3083s, Maps update=0.0062s pub=0.0000s delay=0.2980s (local map=1, WM=1)
[rtabmap-2] [INFO] [1768829170.634146259] [rtabmap]: rtabmap (9): Rate=0.50s, Limit=0.000s, Conversion=0.0005s, RTAB-Map=0.3347s, Maps update=0.0098s pub=0.0000s delay=0.3790s (local map=1, WM=1)
[rtabmap-2] [INFO] [1768829171.126417947] [rtabmap]: rtabmap (10): Rate=0.50s, Limit=0.000s, Conversion=0.0008s, RTAB-Map=0.3068s, Maps update=0.0063s pub=0.0000s delay=0.3460s (local map=1, WM=1)
[rtabmap-2] [INFO] [1768829171.730325451] [rtabmap]: rtabmap (11): Rate=0.50s, Limit=0.000s, Conversion=0.0018s, RTAB-Map=0.3308s, Maps update=0.0085s pub=0.0000s delay=0.3790s (local map=1, WM=1)
[rtabmap-2] [INFO] [1768829172.362900995] [rtabmap]: rtabmap (12): Rate=0.50s, Limit=0.000s, Conversion=0.0019s, RTAB-Map=0.4112s, Maps update=0.0055s pub=0.0000s delay=0.4230s (local map=1, WM=1)
[rtabmap-2] [INFO] [1768829172.761880341] [rtabmap]: rtabmap (13): Rate=0.50s, Limit=0.000s, Conversion=0.0004s, RTAB-Map=0.3050s, Maps update=0.0080s pub=0.0000s delay=0.3230s (local map=1, WM=1)
[rtabmap-2] [INFO] [1768829173.374897497] [rtabmap]: rtabmap (14): Rate=0.50s, Limit=0.000s, Conversion=0.0016s, RTAB-Map=0.3849s, Maps update=0.0079s pub=0.0000s delay=0.3950s (local map=1, WM=1)
[rtabmap-2] [INFO] [1768829173.866005282] [rtabmap]: rtabmap (15): Rate=0.50s, Limit=0.000s, Conversion=0.0005s, RTAB-Map=0.3331s, Maps update=0.0048s pub=0.0000s delay=0.3480s (local map=1, WM=1)
[rtabmap-2] [INFO] [1768829174.480722645] [rtabmap]: rtabmap (16): Rate=0.50s, Limit=0.000s, Conversion=0.0007s, RTAB-Map=0.3442s, Maps update=0.0039s pub=0.0001s delay=0.3300s (local map=1, WM=1)
[rtabmap-2] [INFO] [1768829175.137326299] [rtabmap]: rtabmap (17): Rate=0.50s, Limit=0.000s, Conversion=0.0005s, RTAB-Map=0.4035s, Maps update=0.0063s pub=0.0004s delay=0.4510s (local map=2, WM=2)
[rtabmap-2] [INFO] [1768829176.031545761] [rtabmap]: rtabmap (18): Rate=0.50s, Limit=0.000s, Conversion=0.0007s, RTAB-Map=0.3709s, Maps update=0.0079s pub=0.0000s delay=0.4160s (local map=2, WM=2)
[rtabmap-2] [INFO] [1768829176.589796919] [rtabmap]: rtabmap (19): Rate=0.50s, Limit=0.000s, Conversion=0.0012s, RTAB-Map=0.3934s, Maps update=0.0092s pub=0.0004s delay=0.3870s (local map=3, WM=3)
[rtabmap-2] [INFO] [1768829177.134159969] [rtabmap]: rtabmap (20): Rate=0.50s, Limit=0.000s, Conversion=0.0010s, RTAB-Map=0.3880s, Maps update=0.0064s pub=0.0000s delay=0.4320s (local map=3, WM=3)
[rtabmap-2] [INFO] [1768829177.967780024] [rtabmap]: rtabmap (21): Rate=0.50s, Limit=0.000s, Conversion=0.0019s, RTAB-Map=0.3802s, Maps update=0.0054s pub=0.0003s delay=0.4080s (local map=4, WM=4)
[rtabmap-2] [INFO] [1768829178.541027737] [rtabmap]: rtabmap (22): Rate=0.50s, Limit=0.000s, Conversion=0.0012s, RTAB-Map=0.4481s, Maps update=0.0076s pub=0.0000s delay=0.5020s (local map=4, WM=4)
[rtabmap-2] [INFO] [1768829178.970114712] [rtabmap]: rtabmap (23): Rate=0.50s, Limit=0.000s, Conversion=0.0022s, RTAB-Map=0.3722s, Maps update=0.0038s pub=0.0000s delay=0.3980s (local map=4, WM=4)
[rtabmap-2] [INFO] [1768829179.421042092] [rtabmap]: rtabmap (24): Rate=0.50s, Limit=0.000s, Conversion=0.0005s, RTAB-Map=0.3275s, Maps update=0.0067s pub=0.0004s delay=0.2900s (local map=5, WM=5)
[rtabmap-2] [INFO] [1768829179.989468298] [rtabmap]: rtabmap (25): Rate=0.50s, Limit=0.000s, Conversion=0.0007s, RTAB-Map=0.3660s, Maps update=0.0049s pub=0.0000s delay=0.3640s (local map=5, WM=5)
[rtabmap-2] [INFO] [1768829180.601606834] [rtabmap]: rtabmap (26): Rate=0.50s, Limit=0.000s, Conversion=0.0009s, RTAB-Map=0.3069s, Maps update=0.0039s pub=0.0000s delay=0.2910s (local map=5, WM=5)
[rtabmap-2] [INFO] [1768829181.291187461] [rtabmap]: rtabmap (27): Rate=0.50s, Limit=0.000s, Conversion=0.0009s, RTAB-Map=0.3796s, Maps update=0.0027s pub=0.0003s delay=0.3630s (local map=6, WM=6)
[rtabmap-2] [INFO] [1768829181.892550917] [rtabmap]: rtabmap (28): Rate=0.50s, Limit=0.000s, Conversion=0.0005s, RTAB-Map=0.3911s, Maps update=0.0032s pub=0.0000s delay=0.3950s (local map=6, WM=6)
[rtabmap-2] [INFO] [1768829182.442086188] [rtabmap]: rtabmap (29): Rate=0.50s, Limit=0.000s, Conversion=0.0006s, RTAB-Map=0.4071s, Maps update=0.0033s pub=0.0000s delay=0.3680s (local map=6, WM=6)
[rtabmap-2] [INFO] [1768829182.987080435] [rtabmap]: rtabmap (30): Rate=0.50s, Limit=0.000s, Conversion=0.0008s, RTAB-Map=0.3615s, Maps update=0.0034s pub=0.0003s delay=0.3570s (local map=7, WM=7)
[rtabmap-2] [INFO] [1768829183.578386796] [rtabmap]: rtabmap (31): Rate=0.50s, Limit=0.000s, Conversion=0.0007s, RTAB-Map=0.4045s, Maps update=0.0027s pub=0.0000s delay=0.4170s (local map=7, WM=7)
[rtabmap-2] [INFO] [1768829184.185778788] [rtabmap]: rtabmap (32): Rate=0.50s, Limit=0.000s, Conversion=0.0006s, RTAB-Map=0.4237s, Maps update=0.0033s pub=0.0000s delay=0.4370s (local map=7, WM=7)
[rtabmap-2] [INFO] [1768829184.649423043] [rtabmap]: rtabmap (33): Rate=0.50s, Limit=0.000s, Conversion=0.0005s, RTAB-Map=0.3853s, Maps update=0.0038s pub=0.0005s delay=0.4330s (local map=8, WM=8)
[rtabmap-2] [INFO] [1768829185.325315119] [rtabmap]: rtabmap (34): Rate=0.50s, Limit=0.000s, Conversion=0.0006s, RTAB-Map=0.4935s, Maps update=0.0050s pub=0.0000s delay=0.4490s (local map=8, WM=8)
[rtabmap-2] [INFO] [1768829185.799514098] [rtabmap]: rtabmap (35): Rate=0.50s, Limit=0.000s, Conversion=0.0006s, RTAB-Map=0.4070s, Maps update=0.0036s pub=0.0006s delay=0.4420s (local map=9, WM=9)
[rtabmap-2] [INFO] [1768829186.245287448] [rtabmap]: rtabmap (36): Rate=0.50s, Limit=0.000s, Conversion=0.0006s, RTAB-Map=0.3071s, Maps update=0.0047s pub=0.0000s delay=0.3000s (local map=9, WM=9)
[rtabmap-2] [INFO] [1768829187.040653708] [rtabmap]: rtabmap (37): Rate=0.50s, Limit=0.000s, Conversion=0.0006s, RTAB-Map=0.3032s, Maps update=0.0068s pub=0.0005s delay=0.2910s (local map=10, WM=10)
[rtabmap-2] [INFO] [1768829187.689906655] [rtabmap]: rtabmap (38): Rate=0.50s, Limit=0.000s, Conversion=0.0006s, RTAB-Map=0.4074s, Maps update=0.0030s pub=0.0007s delay=0.4290s (local map=11, WM=11)
[rtabmap-2] [INFO] [1768829188.115953831] [rtabmap]: rtabmap (39): Rate=0.50s, Limit=0.000s, Conversion=0.0006s, RTAB-Map=0.2971s, Maps update=0.0048s pub=0.0000s delay=0.3160s (local map=11, WM=11)
[rtabmap-2] [INFO] [1768829188.805825664] [rtabmap]: rtabmap (40): Rate=0.50s, Limit=0.000s, Conversion=0.0005s, RTAB-Map=0.4195s, Maps update=0.0038s pub=0.0010s delay=0.4250s (local map=12, WM=12)
[rtabmap-2] [INFO] [1768829189.171568937] [rtabmap]: rtabmap (41): Rate=0.50s, Limit=0.000s, Conversion=0.0005s, RTAB-Map=0.2702s, Maps update=0.0031s pub=0.0000s delay=0.2210s (local map=12, WM=12)
[rtabmap-2] [INFO] [1768829189.987041877] [rtabmap]: rtabmap (42): Rate=0.50s, Limit=0.000s, Conversion=0.0007s, RTAB-Map=0.3107s, Maps update=0.0046s pub=0.0009s delay=0.3560s (local map=13, WM=13)
[rtabmap-2] [INFO] [1768829190.514276752] [rtabmap]: rtabmap (43): Rate=0.50s, Limit=0.000s, Conversion=0.0015s, RTAB-Map=0.3210s, Maps update=0.0037s pub=0.0000s delay=0.3280s (local map=13, WM=13)
[rtabmap-2] [INFO] [1768829191.182087772] [rtabmap]: rtabmap (44): Rate=0.50s, Limit=0.000s, Conversion=0.0004s, RTAB-Map=0.2734s, Maps update=0.0047s pub=0.0004s delay=0.2140s (local map=14, WM=14)
[rtabmap-2] [INFO] [1768829191.744370420] [rtabmap]: rtabmap (45): Rate=0.50s, Limit=0.000s, Conversion=0.0005s, RTAB-Map=0.2788s, Maps update=0.0049s pub=0.0000s delay=0.2610s (local map=14, WM=14)
[rtabmap-2] [INFO] [1768829192.388663785] [rtabmap]: rtabmap (46): Rate=0.50s, Limit=0.000s, Conversion=0.0005s, RTAB-Map=0.3424s, Maps update=0.0043s pub=0.0006s delay=0.1800s (local map=15, WM=15)
[rtabmap-2] [INFO] [1768829192.968041699] [rtabmap]: rtabmap (47): Rate=0.50s, Limit=0.000s, Conversion=0.0007s, RTAB-Map=0.4006s, Maps update=0.0035s pub=0.0000s delay=0.3730s (local map=15, WM=15)
[rtabmap-2] [INFO] [1768829193.524893234] [rtabmap]: rtabmap (48): Rate=0.50s, Limit=0.000s, Conversion=0.0010s, RTAB-Map=0.4339s, Maps update=0.0040s pub=0.0009s delay=0.4510s (local map=16, WM=16)
[rtabmap-2] [INFO] [1768829194.059655901] [rtabmap]: rtabmap (49): Rate=0.50s, Limit=0.000s, Conversion=0.0012s, RTAB-Map=0.3787s, Maps update=0.0030s pub=0.0000s delay=0.3600s (local map=16, WM=16)
[rtabmap-2] [INFO] [1768829194.741988966] [rtabmap]: rtabmap (50): Rate=0.50s, Limit=0.000s, Conversion=0.0009s, RTAB-Map=0.3870s, Maps update=0.0043s pub=0.0000s delay=0.3920s (local map=16, WM=16)
[rtabmap-2] [INFO] [1768829195.333201386] [rtabmap]: rtabmap (51): Rate=0.50s, Limit=0.000s, Conversion=0.0009s, RTAB-Map=0.3507s, Maps update=0.0040s pub=0.0000s delay=0.3560s (local map=16, WM=16)
[rtabmap-2] [INFO] [1768829195.936619973] [rtabmap]: rtabmap (52): Rate=0.50s, Limit=0.000s, Conversion=0.0009s, RTAB-Map=0.3336s, Maps update=0.0029s pub=0.0007s delay=0.3360s (local map=17, WM=17)
[rtabmap-2] [INFO] [1768829196.499838625] [rtabmap]: rtabmap (53): Rate=0.50s, Limit=0.000s, Conversion=0.0007s, RTAB-Map=0.3980s, Maps update=0.0054s pub=0.0000s delay=0.4350s (local map=17, WM=17)
[rtabmap-2] [INFO] [1768829197.207666414] [rtabmap]: rtabmap (54): Rate=0.50s, Limit=0.000s, Conversion=0.0008s, RTAB-Map=0.4873s, Maps update=0.0048s pub=0.0000s delay=0.5370s (local map=17, WM=17)
[rtabmap-2] [INFO] [1768829197.736860216] [rtabmap]: rtabmap (55): Rate=0.50s, Limit=0.000s, Conversion=0.0005s, RTAB-Map=0.5098s, Maps update=0.0038s pub=0.0010s delay=0.5270s (local map=18, WM=18)
[rtabmap-2] [INFO] [1768829198.305421538] [rtabmap]: rtabmap (56): Rate=0.50s, Limit=0.000s, Conversion=0.0005s, RTAB-Map=0.5198s, Maps update=0.0045s pub=0.0000s delay=0.4880s (local map=18, WM=18)
[rtabmap-2] [INFO] [1768829198.967269945] [rtabmap]: rtabmap (57): Rate=0.50s, Limit=0.000s, Conversion=0.0009s, RTAB-Map=0.4781s, Maps update=0.0068s pub=0.0000s delay=0.4820s (local map=18, WM=18)
[rtabmap-2] [INFO] [1768829199.456841772] [rtabmap]: rtabmap (58): Rate=0.50s, Limit=0.000s, Conversion=0.0011s, RTAB-Map=0.4338s, Maps update=0.0051s pub=0.0008s delay=0.4610s (local map=19, WM=19)
[rtabmap-2] [INFO] [1768829200.228567768] [rtabmap]: rtabmap (59): Rate=0.50s, Limit=0.000s, Conversion=0.0018s, RTAB-Map=0.4905s, Maps update=0.0047s pub=0.0000s delay=0.5120s (local map=19, WM=19)
[rtabmap-2] [INFO] [1768829200.654889067] [rtabmap]: rtabmap (60): Rate=0.50s, Limit=0.000s, Conversion=0.0007s, RTAB-Map=0.3874s, Maps update=0.0033s pub=0.0008s delay=0.3920s (local map=20, WM=20)
[rtabmap-2] [INFO] [1768829201.196708059] [rtabmap]: rtabmap (61): Rate=0.50s, Limit=0.000s, Conversion=0.0007s, RTAB-Map=0.3817s, Maps update=0.0052s pub=0.0000s delay=0.3570s (local map=20, WM=20)
[rtabmap-2] [INFO] [1768829201.738494293] [rtabmap]: rtabmap (62): Rate=0.50s, Limit=0.000s, Conversion=0.0006s, RTAB-Map=0.4351s, Maps update=0.0069s pub=0.0000s delay=0.4550s (local map=20, WM=20)
[rtabmap-2] [INFO] [1768829202.305815542] [rtabmap]: rtabmap (63): Rate=0.50s, Limit=0.000s, Conversion=0.0006s, RTAB-Map=0.4299s, Maps update=0.0038s pub=0.0009s delay=0.3990s (local map=21, WM=21)
[rtabmap-2] [INFO] [1768829202.710658611] [rtabmap]: rtabmap (64): Rate=0.50s, Limit=0.000s, Conversion=0.0010s, RTAB-Map=0.3144s, Maps update=0.0040s pub=0.0000s delay=0.2700s (local map=21, WM=21)
[rtabmap-2] [INFO] [1768829203.388859806] [rtabmap]: rtabmap (65): Rate=0.50s, Limit=0.000s, Conversion=0.0005s, RTAB-Map=0.3906s, Maps update=0.0035s pub=0.0000s delay=0.3700s (local map=21, WM=21)
[rtabmap-2] [INFO] [1768829203.925933807] [rtabmap]: rtabmap (66): Rate=0.50s, Limit=0.000s, Conversion=0.0007s, RTAB-Map=0.3662s, Maps update=0.0031s pub=0.0009s delay=0.4050s (local map=22, WM=22)
[rtabmap-2] [INFO] [1768829204.561213031] [rtabmap]: rtabmap (67): Rate=0.50s, Limit=0.000s, Conversion=0.0004s, RTAB-Map=0.2839s, Maps update=0.0046s pub=0.0000s delay=0.2970s (local map=22, WM=22)
[rtabmap-2] [INFO] [1768829205.189990218] [rtabmap]: rtabmap (68): Rate=0.50s, Limit=0.000s, Conversion=0.0010s, RTAB-Map=0.3027s, Maps update=0.0044s pub=0.0000s delay=0.2690s (local map=22, WM=22)
[rtabmap-2] [INFO] [1768829205.776590363] [rtabmap]: rtabmap (69): Rate=0.50s, Limit=0.000s, Conversion=0.0006s, RTAB-Map=0.3404s, Maps update=0.0047s pub=0.0000s delay=0.3400s (local map=22, WM=22)
[rtabmap-2] [INFO] [1768829206.296227043] [rtabmap]: rtabmap (70): Rate=0.50s, Limit=0.000s, Conversion=0.0009s, RTAB-Map=0.3671s, Maps update=0.0033s pub=0.0000s delay=0.3340s (local map=22, WM=22)
[rtabmap-2] [INFO] [1768829206.777532479] [rtabmap]: rtabmap (71): Rate=0.50s, Limit=0.000s, Conversion=0.0005s, RTAB-Map=0.2949s, Maps update=0.0043s pub=0.0000s delay=0.2920s (local map=22, WM=22)
[rtabmap-2] [INFO] [1768829207.487162151] [rtabmap]: rtabmap (72): Rate=0.50s, Limit=0.000s, Conversion=0.0010s, RTAB-Map=0.3992s, Maps update=0.0046s pub=0.0000s delay=0.3990s (local map=22, WM=22)
[rtabmap-2] [INFO] [1768829208.075763352] [rtabmap]: rtabmap (73): Rate=0.50s, Limit=0.000s, Conversion=0.0008s, RTAB-Map=0.3067s, Maps update=0.0040s pub=0.0000s delay=0.3030s (local map=22, WM=22)
[rtabmap-2] [INFO] [1768829208.735269898] [rtabmap]: rtabmap (74): Rate=0.50s, Limit=0.000s, Conversion=0.0006s, RTAB-Map=0.3109s, Maps update=0.0033s pub=0.0000s delay=0.3650s (local map=22, WM=22)
[rtabmap-2] [INFO] [1768829209.500050492] [rtabmap]: rtabmap (75): Rate=0.50s, Limit=0.000s, Conversion=0.0009s, RTAB-Map=0.4024s, Maps update=0.0036s pub=0.0000s delay=0.4020s (local map=22, WM=22)
[rtabmap-2] [INFO] [1768829210.017160729] [rtabmap]: rtabmap (76): Rate=0.50s, Limit=0.000s, Conversion=0.0007s, RTAB-Map=0.3581s, Maps update=0.0042s pub=0.0000s delay=0.3240s (local map=22, WM=22)
[rtabmap-2] [INFO] [1768829210.525155334] [rtabmap]: rtabmap (77): Rate=0.50s, Limit=0.000s, Conversion=0.0005s, RTAB-Map=0.3197s, Maps update=0.0035s pub=0.0000s delay=0.2970s (local map=22, WM=22)
[rtabmap-2] [INFO] [1768829211.063787749] [rtabmap]: rtabmap (78): Rate=0.50s, Limit=0.000s, Conversion=0.0006s, RTAB-Map=0.3279s, Maps update=0.0042s pub=0.0000s delay=0.3590s (local map=22, WM=22)
[rtabmap-2] [INFO] [1768829211.644728446] [rtabmap]: rtabmap (79): Rate=0.50s, Limit=0.000s, Conversion=0.0004s, RTAB-Map=0.3340s, Maps update=0.0070s pub=0.0000s delay=0.3810s (local map=22, WM=22)
[rtabmap-2] [INFO] [1768829212.186129081] [rtabmap]: rtabmap (80): Rate=0.50s, Limit=0.000s, Conversion=0.0006s, RTAB-Map=0.3561s, Maps update=0.0040s pub=0.0000s delay=0.3690s (local map=22, WM=22)
[rtabmap-2] [INFO] [1768829212.660979801] [rtabmap]: rtabmap (81): Rate=0.50s, Limit=0.000s, Conversion=0.0007s, RTAB-Map=0.3404s, Maps update=0.0050s pub=0.0000s delay=0.3670s (local map=22, WM=22)
[rtabmap-2] [INFO] [1768829213.170737945] [rtabmap]: rtabmap (82): Rate=0.50s, Limit=0.000s, Conversion=0.0005s, RTAB-Map=0.2796s, Maps update=0.0065s pub=0.0000s delay=0.3060s (local map=22, WM=22)
[rtabmap-2] [INFO] [1768829213.230550824] [rclcpp]: signal_handler(signum=2)
[rgbd_sync-1] [INFO] [1768829213.230594181] [rclcpp]: signal_handler(signum=2)
[rtabmap-2] [INFO] [1768829213.242479024] [rtabmap]: Parameters are not saved (No configuration file provided...)
[INFO] [rgbd_sync-1]: process has finished cleanly [pid 1017900]
[rtabmap-2] [33m[ WARN] (2026-01-19 22:26:05.765) Memory.cpp:5917::createSignature() Mem/SaveDepth16Format is set to false to use 32bits format but this is not compatible with the compressed depth format chosen (Mem/DepthCompressionFormat=".rvl"), depth images will be compressed in ".png" format instead. Explicitly set Mem/SaveDepth16Format to true to keep using ".rvl" format and images will be converted to 16bits for convenience (warning: that would remove all depth values over 65 meters). Explicitly set Mem/DepthCompressionFormat=".png" to suppress this warning. This warning is only printed once.[0m
[rtabmap-2] [33m[ WARN] (2026-01-19 22:26:06.894) MapsManager.cpp:863::publishMaps() Graph has changed! The whole cloud is regenerated.[0m
[rtabmap-2] rtabmap: Saving database/long-term memory... (located at /home/fujino/.ros/rtabmap_ur5e_20260119_222604.db)
[rtabmap-2] rtabmap: Saving database/long-term memory...done! (located at /home/fujino/.ros/rtabmap_ur5e_20260119_222604.db, 124 MB)
[INFO] [rtabmap-2]: process has finished cleanly [pid 1017902]
