[INFO] [launch]: All log files can be found below /home/fujino/.ros/log/2026-01-18-22-31-03-586911-fh-711818
[INFO] [launch]: Default logging verbosity is set to INFO
[INFO] [rgbd_sync-1]: process started with pid [711829]
[INFO] [rtabmap-2]: process started with pid [711831]
[rtabmap-2] [INFO] [1768743064.042512526] [rtabmap]: rtabmap(maps): latch                      = true
[rtabmap-2] [INFO] [1768743064.042738284] [rtabmap]: rtabmap(maps): map_filter_radius          = 0.000000
[rtabmap-2] [INFO] [1768743064.042756562] [rtabmap]: rtabmap(maps): map_filter_angle           = 30.000000
[rtabmap-2] [INFO] [1768743064.042765524] [rtabmap]: rtabmap(maps): map_cleanup                = true
[rtabmap-2] [INFO] [1768743064.042771417] [rtabmap]: rtabmap(maps): map_always_update          = false
[rtabmap-2] [INFO] [1768743064.042778662] [rtabmap]: rtabmap(maps): map_empty_ray_tracing      = true
[rtabmap-2] [INFO] [1768743064.042784261] [rtabmap]: rtabmap(maps): cloud_output_voxelized     = true
[rtabmap-2] [INFO] [1768743064.042789453] [rtabmap]: rtabmap(maps): cloud_subtract_filtering   = false
[rtabmap-2] [INFO] [1768743064.042794841] [rtabmap]: rtabmap(maps): cloud_subtract_filtering_min_neighbors = 2
[rtabmap-2] [INFO] [1768743064.042810670] [rtabmap]: rtabmap(maps): octomap_tree_depth         = 16
[rtabmap-2] [INFO] [1768743064.064851620] [rtabmap]: rtabmap: frame_id      = camera_color_optical_frame
[rtabmap-2] [INFO] [1768743064.065527176] [rtabmap]: rtabmap: odom_frame_id = world
[rtabmap-2] [INFO] [1768743064.065938793] [rtabmap]: rtabmap: map_frame_id  = world
[rtabmap-2] [INFO] [1768743064.065959908] [rtabmap]: rtabmap: log_to_rosout_level  = 4
[rtabmap-2] [INFO] [1768743064.065974182] [rtabmap]: rtabmap: initial_pose  = 
[rtabmap-2] [INFO] [1768743064.065986420] [rtabmap]: rtabmap: use_action_for_goal  = false
[rtabmap-2] [INFO] [1768743064.065998741] [rtabmap]: rtabmap: tf_delay      = 0.050000
[rtabmap-2] [INFO] [1768743064.066017192] [rtabmap]: rtabmap: tf_tolerance  = 0.100000
[rtabmap-2] [INFO] [1768743064.066031025] [rtabmap]: rtabmap: odom_sensor_sync   = false
[rtabmap-2] [INFO] [1768743064.066043202] [rtabmap]: rtabmap: pub_loc_pose_only_when_localizing = false
[rtabmap-2] [INFO] [1768743064.066055038] [rtabmap]: rtabmap: wait_for_transform = 0.200000
[rtabmap-2] [INFO] [1768743064.066068371] [rtabmap]: rtabmap: gen_scan  = false
[rtabmap-2] [INFO] [1768743064.066079985] [rtabmap]: rtabmap: gen_depth  = false
[rtabmap-2] [INFO] [1768743064.110986774] [rtabmap]: Setting RTAB-Map parameter "Grid/3D"="true" (rosparam)
[rtabmap-2] [INFO] [1768743064.111693887] [rtabmap]: Setting RTAB-Map parameter "Grid/RangeMax"="5.0" (rosparam)
[rtabmap-2] [INFO] [1768743064.111801964] [rtabmap]: Setting RTAB-Map parameter "Grid/RayTracing"="true" (rosparam)
[rtabmap-2] [INFO] [1768743064.111930905] [rtabmap]: Setting RTAB-Map parameter "Grid/Sensor"="1" (rosparam)
[rtabmap-2] [INFO] [1768743064.119871695] [rtabmap]: Setting RTAB-Map parameter "RGBD/CreateOccupancyGrid"="true" (rosparam)
[rtabmap-2] [INFO] [1768743064.141980688] [rtabmap]: Setting RTAB-Map parameter "Rtabmap/DetectionRate"="2.0" (rosparam)
[rtabmap-2] [INFO] [1768743064.288985361] [rtabmap]: RTAB-Map detection rate = 2.000000 Hz
[rtabmap-2] [INFO] [1768743064.289149518] [rtabmap]: rtabmap: Using database from "/home/fujino/.ros/rtabmap_ur5e_20260118_223103.db" (0 MB).
[rtabmap-2] [INFO] [1768743064.318781670] [rtabmap]: rtabmap: Database version = "0.22.1".
[rtabmap-2] [INFO] [1768743064.318831108] [rtabmap]: rtabmap: SLAM mode (Mem/IncrementalMemory=true)
[rgbd_sync-1] [INFO] [1768743064.530521495] [rgbd_sync]: rgbd_sync: approx_sync = true
[rgbd_sync-1] [INFO] [1768743064.530835030] [rgbd_sync]: rgbd_sync: approx_sync_max_interval = 0.010000
[rgbd_sync-1] [INFO] [1768743064.530874833] [rgbd_sync]: rgbd_sync: topic_queue_size  = 10
[rgbd_sync-1] [INFO] [1768743064.530890271] [rgbd_sync]: rgbd_sync: sync_queue_size  = 30
[rgbd_sync-1] [INFO] [1768743064.530903872] [rgbd_sync]: rgbd_sync: qos             = 2
[rgbd_sync-1] [INFO] [1768743064.530917659] [rgbd_sync]: rgbd_sync: qos_camera_info = 2
[rgbd_sync-1] [INFO] [1768743064.530930525] [rgbd_sync]: rgbd_sync: depth_scale = 1.000000
[rgbd_sync-1] [INFO] [1768743064.530946136] [rgbd_sync]: rgbd_sync: decimation = 1
[rgbd_sync-1] [INFO] [1768743064.530958986] [rgbd_sync]: rgbd_sync: compressed_rate = 0.000000
[rgbd_sync-1] [INFO] [1768743064.581251524] [rgbd_sync]: 
[rgbd_sync-1] rgbd_sync subscribed to (approx sync, max interval=0.010000s):
[rgbd_sync-1]    /camera/color/image_raw,
[rgbd_sync-1]    /camera/depth/depth/image_raw,
[rgbd_sync-1]    /camera/color/camera_info
[rtabmap-2] [INFO] [1768743064.624016567] [rtabmap]: Setup callbacks
[rtabmap-2] [WARN] [1768743064.624218772] [rtabmap]: rtabmap: Parameters subscribe_depth and subscribe_rgbd cannot be true at the same time. Parameter subscribe_depth is set to false.
[rtabmap-2] [INFO] [1768743064.624457482] [rtabmap]: rtabmap: subscribe_depth = false
[rtabmap-2] [INFO] [1768743064.624500566] [rtabmap]: rtabmap: subscribe_rgb = false
[rtabmap-2] [INFO] [1768743064.624510418] [rtabmap]: rtabmap: subscribe_stereo = false
[rtabmap-2] [INFO] [1768743064.624518516] [rtabmap]: rtabmap: subscribe_rgbd = true (rgbd_cameras=1)
[rtabmap-2] [INFO] [1768743064.624526973] [rtabmap]: rtabmap: subscribe_sensor_data = false
[rtabmap-2] [INFO] [1768743064.624532859] [rtabmap]: rtabmap: subscribe_odom_info = false
[rtabmap-2] [INFO] [1768743064.624537087] [rtabmap]: rtabmap: subscribe_user_data = false
[rtabmap-2] [INFO] [1768743064.624541321] [rtabmap]: rtabmap: subscribe_scan = false
[rtabmap-2] [INFO] [1768743064.624545595] [rtabmap]: rtabmap: subscribe_scan_cloud = false
[rtabmap-2] [INFO] [1768743064.624549920] [rtabmap]: rtabmap: subscribe_scan_descriptor = false
[rtabmap-2] [INFO] [1768743064.624554541] [rtabmap]: rtabmap: topic_queue_size = 10
[rtabmap-2] [INFO] [1768743064.624559462] [rtabmap]: rtabmap: sync_queue_size  = 30
[rtabmap-2] [INFO] [1768743064.624563775] [rtabmap]: rtabmap: qos_image       = 2
[rtabmap-2] [INFO] [1768743064.624615566] [rtabmap]: rtabmap: qos_camera_info = 2
[rtabmap-2] [INFO] [1768743064.624623249] [rtabmap]: rtabmap: qos_scan        = 2
[rtabmap-2] [INFO] [1768743064.624630019] [rtabmap]: rtabmap: qos_odom        = 2
[rtabmap-2] [INFO] [1768743064.624636982] [rtabmap]: rtabmap: qos_user_data   = 2
[rtabmap-2] [INFO] [1768743064.624675646] [rtabmap]: rtabmap: approx_sync     = true
[rtabmap-2] [INFO] [1768743064.624691456] [rtabmap]: Setup rgbd callback
[rtabmap-2] [INFO] [1768743064.627768827] [rtabmap]: 
[rtabmap-2] rtabmap subscribed to:
[rtabmap-2]    /rgbd_image
[rtabmap-2] [INFO] [1768743065.422220519] [rtabmap]: rtabmap (1): Rate=0.50s, Limit=0.000s, Conversion=0.0037s, RTAB-Map=0.4345s, Maps update=0.0055s pub=0.0003s delay=0.4150s (local map=1, WM=1)
[rtabmap-2] [INFO] [1768743065.940833176] [rtabmap]: rtabmap (2): Rate=0.50s, Limit=0.000s, Conversion=0.0029s, RTAB-Map=0.4224s, Maps update=0.0066s pub=0.0000s delay=0.3820s (local map=1, WM=1)
[rtabmap-2] [INFO] [1768743066.701680112] [rtabmap]: rtabmap (3): Rate=0.50s, Limit=0.000s, Conversion=0.0035s, RTAB-Map=0.2818s, Maps update=0.0077s pub=0.0000s delay=0.3100s (local map=1, WM=1)
[rtabmap-2] [INFO] [1768743067.326917268] [rtabmap]: rtabmap (4): Rate=0.50s, Limit=0.000s, Conversion=0.0019s, RTAB-Map=0.3898s, Maps update=0.0065s pub=0.0000s delay=0.3720s (local map=1, WM=1)
[rtabmap-2] [INFO] [1768743067.847251419] [rtabmap]: rtabmap (5): Rate=0.50s, Limit=0.000s, Conversion=0.0018s, RTAB-Map=0.3831s, Maps update=0.0069s pub=0.0000s delay=0.3410s (local map=1, WM=1)
[rtabmap-2] [INFO] [1768743068.305316967] [rtabmap]: rtabmap (6): Rate=0.50s, Limit=0.000s, Conversion=0.0007s, RTAB-Map=0.3244s, Maps update=0.0056s pub=0.0000s delay=0.3340s (local map=1, WM=1)
[rtabmap-2] [INFO] [1768743068.976205011] [rtabmap]: rtabmap (7): Rate=0.50s, Limit=0.000s, Conversion=0.0011s, RTAB-Map=0.4408s, Maps update=0.0078s pub=0.0000s delay=0.4930s (local map=1, WM=1)
[rtabmap-2] [INFO] [1768743069.420913834] [rtabmap]: rtabmap (8): Rate=0.50s, Limit=0.000s, Conversion=0.0006s, RTAB-Map=0.3879s, Maps update=0.0048s pub=0.0000s delay=0.3930s (local map=1, WM=1)
[rtabmap-2] [INFO] [1768743069.889639580] [rtabmap]: rtabmap (9): Rate=0.50s, Limit=0.000s, Conversion=0.0005s, RTAB-Map=0.3279s, Maps update=0.0075s pub=0.0000s delay=0.3740s (local map=1, WM=1)
[rtabmap-2] [INFO] [1768743070.447649030] [rtabmap]: rtabmap (10): Rate=0.50s, Limit=0.000s, Conversion=0.0005s, RTAB-Map=0.3425s, Maps update=0.0076s pub=0.0000s delay=0.3270s (local map=1, WM=1)
[rtabmap-2] [INFO] [1768743070.954121157] [rtabmap]: rtabmap (11): Rate=0.50s, Limit=0.000s, Conversion=0.0007s, RTAB-Map=0.3169s, Maps update=0.0084s pub=0.0000s delay=0.3040s (local map=1, WM=1)
[rtabmap-2] [INFO] [1768743071.549228957] [rtabmap]: rtabmap (12): Rate=0.50s, Limit=0.000s, Conversion=0.0007s, RTAB-Map=0.3779s, Maps update=0.0056s pub=0.0000s delay=0.3630s (local map=1, WM=1)
[rtabmap-2] [INFO] [1768743072.055425096] [rtabmap]: rtabmap (13): Rate=0.50s, Limit=0.000s, Conversion=0.0011s, RTAB-Map=0.3319s, Maps update=0.0084s pub=0.0000s delay=0.3160s (local map=1, WM=1)
[rtabmap-2] [INFO] [1768743072.656178059] [rtabmap]: rtabmap (14): Rate=0.50s, Limit=0.000s, Conversion=0.0005s, RTAB-Map=0.3339s, Maps update=0.0054s pub=0.0000s delay=0.3150s (local map=1, WM=1)
[rtabmap-2] [INFO] [1768743073.186085807] [rtabmap]: rtabmap (15): Rate=0.50s, Limit=0.000s, Conversion=0.0005s, RTAB-Map=0.3450s, Maps update=0.0075s pub=0.0000s delay=0.3960s (local map=1, WM=1)
[rtabmap-2] [INFO] [1768743073.772833098] [rtabmap]: rtabmap (16): Rate=0.50s, Limit=0.000s, Conversion=0.0007s, RTAB-Map=0.4077s, Maps update=0.0062s pub=0.0000s delay=0.3660s (local map=1, WM=1)
[rtabmap-2] [INFO] [1768743074.249246368] [rtabmap]: rtabmap (17): Rate=0.50s, Limit=0.000s, Conversion=0.0008s, RTAB-Map=0.3324s, Maps update=0.0045s pub=0.0003s delay=0.3090s (local map=2, WM=2)
[rtabmap-2] [INFO] [1768743074.827255560] [rtabmap]: rtabmap (18): Rate=0.50s, Limit=0.000s, Conversion=0.0008s, RTAB-Map=0.3160s, Maps update=0.0053s pub=0.0000s delay=0.3360s (local map=2, WM=2)
[rtabmap-2] [INFO] [1768743075.352919140] [rtabmap]: rtabmap (19): Rate=0.50s, Limit=0.000s, Conversion=0.0010s, RTAB-Map=0.2979s, Maps update=0.0064s pub=0.0000s delay=0.2990s (local map=2, WM=2)
[rtabmap-2] [INFO] [1768743075.886543664] [rtabmap]: rtabmap (20): Rate=0.50s, Limit=0.000s, Conversion=0.0006s, RTAB-Map=0.2979s, Maps update=0.0047s pub=0.0003s delay=0.2590s (local map=3, WM=3)
[rtabmap-2] [INFO] [1768743076.519115677] [rtabmap]: rtabmap (21): Rate=0.50s, Limit=0.000s, Conversion=0.0005s, RTAB-Map=0.4172s, Maps update=0.0068s pub=0.0000s delay=0.4520s (local map=3, WM=3)
[rtabmap-2] [INFO] [1768743077.027266648] [rtabmap]: rtabmap (22): Rate=0.50s, Limit=0.000s, Conversion=0.0006s, RTAB-Map=0.3736s, Maps update=0.0075s pub=0.0000s delay=0.4050s (local map=3, WM=3)
[rtabmap-2] [INFO] [1768743077.510989035] [rtabmap]: rtabmap (23): Rate=0.50s, Limit=0.000s, Conversion=0.0008s, RTAB-Map=0.3052s, Maps update=0.0074s pub=0.0004s delay=0.3240s (local map=4, WM=4)
[rtabmap-2] [INFO] [1768743078.281515009] [rtabmap]: rtabmap (24): Rate=0.50s, Limit=0.000s, Conversion=0.0005s, RTAB-Map=0.4209s, Maps update=0.0048s pub=0.0002s delay=0.3860s (local map=4, WM=4)
[rtabmap-2] [INFO] [1768743078.767289720] [rtabmap]: rtabmap (25): Rate=0.50s, Limit=0.000s, Conversion=0.0006s, RTAB-Map=0.3095s, Maps update=0.0044s pub=0.0000s delay=0.2710s (local map=4, WM=4)
[rtabmap-2] [INFO] [1768743079.351220475] [rtabmap]: rtabmap (26): Rate=0.50s, Limit=0.000s, Conversion=0.0007s, RTAB-Map=0.3635s, Maps update=0.0044s pub=0.0005s delay=0.3510s (local map=5, WM=5)
[rtabmap-2] [INFO] [1768743079.896379676] [rtabmap]: rtabmap (27): Rate=0.50s, Limit=0.000s, Conversion=0.0006s, RTAB-Map=0.2854s, Maps update=0.0028s pub=0.0001s delay=0.2410s (local map=5, WM=5)
[rtabmap-2] [INFO] [1768743080.485846639] [rtabmap]: rtabmap (28): Rate=0.50s, Limit=0.000s, Conversion=0.0039s, RTAB-Map=0.3304s, Maps update=0.0051s pub=0.0000s delay=0.2920s (local map=5, WM=5)
[rtabmap-2] [INFO] [1768743081.024063624] [rtabmap]: rtabmap (29): Rate=0.50s, Limit=0.000s, Conversion=0.0005s, RTAB-Map=0.3486s, Maps update=0.0038s pub=0.0004s delay=0.3770s (local map=6, WM=6)
[rtabmap-2] [INFO] [1768743081.593098819] [rtabmap]: rtabmap (30): Rate=0.50s, Limit=0.000s, Conversion=0.0005s, RTAB-Map=0.3828s, Maps update=0.0040s pub=0.0000s delay=0.3470s (local map=6, WM=6)
[rtabmap-2] [INFO] [1768743082.073394381] [rtabmap]: rtabmap (31): Rate=0.50s, Limit=0.000s, Conversion=0.0011s, RTAB-Map=0.3074s, Maps update=0.0029s pub=0.0000s delay=0.2760s (local map=6, WM=6)
[rtabmap-2] [INFO] [1768743082.639951995] [rtabmap]: rtabmap (32): Rate=0.50s, Limit=0.000s, Conversion=0.0054s, RTAB-Map=0.3328s, Maps update=0.0033s pub=0.0005s delay=0.3520s (local map=7, WM=7)
[rtabmap-2] [INFO] [1768743083.233578351] [rtabmap]: rtabmap (33): Rate=0.50s, Limit=0.000s, Conversion=0.0005s, RTAB-Map=0.4386s, Maps update=0.0022s pub=0.0000s delay=0.4490s (local map=7, WM=7)
[rtabmap-2] [INFO] [1768743083.733282423] [rtabmap]: rtabmap (34): Rate=0.50s, Limit=0.000s, Conversion=0.0010s, RTAB-Map=0.4294s, Maps update=0.0041s pub=0.0000s delay=0.4380s (local map=7, WM=7)
[rtabmap-2] [INFO] [1768743084.366980835] [rtabmap]: rtabmap (35): Rate=0.50s, Limit=0.000s, Conversion=0.0009s, RTAB-Map=0.3743s, Maps update=0.0049s pub=0.0006s delay=0.3570s (local map=8, WM=8)
[rtabmap-2] [INFO] [1768743084.870226610] [rtabmap]: rtabmap (36): Rate=0.50s, Limit=0.000s, Conversion=0.0006s, RTAB-Map=0.3525s, Maps update=0.0041s pub=0.0000s delay=0.3410s (local map=8, WM=8)
[rtabmap-2] [INFO] [1768743085.417732750] [rtabmap]: rtabmap (37): Rate=0.50s, Limit=0.000s, Conversion=0.0007s, RTAB-Map=0.3911s, Maps update=0.0049s pub=0.0006s delay=0.4270s (local map=9, WM=9)
[rtabmap-2] [INFO] [1768743086.030419018] [rtabmap]: rtabmap (38): Rate=0.50s, Limit=0.000s, Conversion=0.0006s, RTAB-Map=0.3893s, Maps update=0.0063s pub=0.0001s delay=0.4190s (local map=9, WM=9)
[rtabmap-2] [INFO] [1768743086.691115385] [rtabmap]: rtabmap (39): Rate=0.50s, Limit=0.000s, Conversion=0.0005s, RTAB-Map=0.4612s, Maps update=0.0073s pub=0.0005s delay=0.4590s (local map=10, WM=10)
[rtabmap-2] [INFO] [1768743087.344147341] [rtabmap]: rtabmap (40): Rate=0.50s, Limit=0.000s, Conversion=0.0010s, RTAB-Map=0.5664s, Maps update=0.0051s pub=0.0006s delay=0.6110s (local map=11, WM=11)
[rtabmap-2] [INFO] [1768743087.861688668] [rtabmap]: rtabmap (41): Rate=0.50s, Limit=0.000s, Conversion=0.0007s, RTAB-Map=0.4904s, Maps update=0.0037s pub=0.0000s delay=0.4980s (local map=11, WM=11)
[rtabmap-2] [INFO] [1768743088.418360904] [rtabmap]: rtabmap (42): Rate=0.50s, Limit=0.000s, Conversion=0.0014s, RTAB-Map=0.4507s, Maps update=0.0060s pub=0.0007s delay=0.4070s (local map=12, WM=12)
[rtabmap-2] [INFO] [1768743088.871004781] [rtabmap]: rtabmap (43): Rate=0.50s, Limit=0.000s, Conversion=0.0004s, RTAB-Map=0.3916s, Maps update=0.0062s pub=0.0000s delay=0.3950s (local map=12, WM=12)
[rtabmap-2] [INFO] [1768743089.499373657] [rtabmap]: rtabmap (44): Rate=0.50s, Limit=0.000s, Conversion=0.0032s, RTAB-Map=0.3923s, Maps update=0.0034s pub=0.0004s delay=0.3680s (local map=13, WM=13)
[rtabmap-2] [INFO] [1768743090.020313459] [rtabmap]: rtabmap (45): Rate=0.50s, Limit=0.000s, Conversion=0.0007s, RTAB-Map=0.4057s, Maps update=0.0037s pub=0.0000s delay=0.3630s (local map=13, WM=13)
[rtabmap-2] [INFO] [1768743090.732047905] [rtabmap]: rtabmap (46): Rate=0.50s, Limit=0.000s, Conversion=0.0007s, RTAB-Map=0.4515s, Maps update=0.0042s pub=0.0004s delay=0.4950s (local map=14, WM=14)
[rtabmap-2] [INFO] [1768743091.624827124] [rtabmap]: rtabmap (47): Rate=0.50s, Limit=0.000s, Conversion=0.0007s, RTAB-Map=0.4108s, Maps update=0.0055s pub=0.0004s delay=0.3520s (local map=15, WM=15)
[rtabmap-2] [INFO] [1768743092.210146876] [rtabmap]: rtabmap (48): Rate=0.50s, Limit=0.000s, Conversion=0.0005s, RTAB-Map=0.4338s, Maps update=0.0037s pub=0.0000s delay=0.3970s (local map=15, WM=15)
[rtabmap-2] [INFO] [1768743092.694446803] [rtabmap]: rtabmap (49): Rate=0.50s, Limit=0.000s, Conversion=0.0006s, RTAB-Map=0.3902s, Maps update=0.0042s pub=0.0004s delay=0.3710s (local map=16, WM=16)
[rtabmap-2] [INFO] [1768743093.251607281] [rtabmap]: rtabmap (50): Rate=0.50s, Limit=0.000s, Conversion=0.0006s, RTAB-Map=0.3439s, Maps update=0.0042s pub=0.0001s delay=0.3650s (local map=16, WM=16)
[rtabmap-2] [INFO] [1768743093.768309369] [rtabmap]: rtabmap (51): Rate=0.50s, Limit=0.000s, Conversion=0.0005s, RTAB-Map=0.3468s, Maps update=0.0042s pub=0.0000s delay=0.3470s (local map=16, WM=16)
[rtabmap-2] [INFO] [1768743094.329089451] [rtabmap]: rtabmap (52): Rate=0.50s, Limit=0.000s, Conversion=0.0005s, RTAB-Map=0.3393s, Maps update=0.0025s pub=0.0000s delay=0.2860s (local map=16, WM=16)
[rtabmap-2] [INFO] [1768743094.954928008] [rtabmap]: rtabmap (53): Rate=0.50s, Limit=0.000s, Conversion=0.0007s, RTAB-Map=0.4133s, Maps update=0.0039s pub=0.0000s delay=0.4360s (local map=16, WM=16)
[rtabmap-2] [INFO] [1768743095.456245429] [rtabmap]: rtabmap (54): Rate=0.50s, Limit=0.000s, Conversion=0.0011s, RTAB-Map=0.4194s, Maps update=0.0045s pub=0.0005s delay=0.4310s (local map=17, WM=17)
[rtabmap-2] [INFO] [1768743095.984217946] [rtabmap]: rtabmap (55): Rate=0.50s, Limit=0.000s, Conversion=0.0006s, RTAB-Map=0.3961s, Maps update=0.0049s pub=0.0000s delay=0.4050s (local map=17, WM=17)
[rtabmap-2] [INFO] [1768743096.631592228] [rtabmap]: rtabmap (56): Rate=0.50s, Limit=0.000s, Conversion=0.0004s, RTAB-Map=0.4683s, Maps update=0.0051s pub=0.0000s delay=0.4290s (local map=17, WM=17)
[rtabmap-2] [INFO] [1768743097.175431355] [rtabmap]: rtabmap (57): Rate=0.50s, Limit=0.000s, Conversion=0.0008s, RTAB-Map=0.4269s, Maps update=0.0053s pub=0.0009s delay=0.4330s (local map=18, WM=18)
[rtabmap-2] [INFO] [1768743097.675911294] [rtabmap]: rtabmap (58): Rate=0.50s, Limit=0.000s, Conversion=0.0007s, RTAB-Map=0.4201s, Maps update=0.0053s pub=0.0000s delay=0.4330s (local map=18, WM=18)
[rtabmap-2] [INFO] [1768743098.122574276] [rtabmap]: rtabmap (59): Rate=0.50s, Limit=0.000s, Conversion=0.0006s, RTAB-Map=0.3266s, Maps update=0.0027s pub=0.0000s delay=0.2950s (local map=18, WM=18)
[rtabmap-2] [INFO] [1768743098.692857102] [rtabmap]: rtabmap (60): Rate=0.50s, Limit=0.000s, Conversion=0.0005s, RTAB-Map=0.3707s, Maps update=0.0055s pub=0.0005s delay=0.3750s (local map=19, WM=19)
[rtabmap-2] [INFO] [1768743099.257985100] [rtabmap]: rtabmap (61): Rate=0.50s, Limit=0.000s, Conversion=0.0005s, RTAB-Map=0.3973s, Maps update=0.0039s pub=0.0000s delay=0.4440s (local map=19, WM=19)
[rtabmap-2] [INFO] [1768743099.777016698] [rtabmap]: rtabmap (62): Rate=0.50s, Limit=0.000s, Conversion=0.0005s, RTAB-Map=0.4175s, Maps update=0.0053s pub=0.0000s delay=0.4320s (local map=19, WM=19)
[rtabmap-2] [INFO] [1768743100.225788373] [rtabmap]: rtabmap (63): Rate=0.50s, Limit=0.000s, Conversion=0.0005s, RTAB-Map=0.3372s, Maps update=0.0053s pub=0.0010s delay=0.3230s (local map=20, WM=20)
[rtabmap-2] [INFO] [1768743100.745109434] [rtabmap]: rtabmap (64): Rate=0.50s, Limit=0.000s, Conversion=0.0005s, RTAB-Map=0.3606s, Maps update=0.0033s pub=0.0000s delay=0.3190s (local map=20, WM=20)
[rtabmap-2] [INFO] [1768743101.204867685] [rtabmap]: rtabmap (65): Rate=0.50s, Limit=0.000s, Conversion=0.0005s, RTAB-Map=0.2985s, Maps update=0.0032s pub=0.0000s delay=0.3050s (local map=20, WM=20)
[rtabmap-2] [INFO] [1768743101.797066974] [rtabmap]: rtabmap (66): Rate=0.50s, Limit=0.000s, Conversion=0.0006s, RTAB-Map=0.3902s, Maps update=0.0048s pub=0.0017s delay=0.3980s (local map=21, WM=21)
[rtabmap-2] [INFO] [1768743102.326435031] [rtabmap]: rtabmap (67): Rate=0.50s, Limit=0.000s, Conversion=0.0006s, RTAB-Map=0.3852s, Maps update=0.0064s pub=0.0000s delay=0.3660s (local map=21, WM=21)
[rtabmap-2] [INFO] [1768743102.809157008] [rtabmap]: rtabmap (68): Rate=0.50s, Limit=0.000s, Conversion=0.0010s, RTAB-Map=0.3632s, Maps update=0.0034s pub=0.0000s delay=0.3510s (local map=21, WM=21)
[rtabmap-2] [INFO] [1768743103.443763343] [rtabmap]: rtabmap (69): Rate=0.50s, Limit=0.000s, Conversion=0.0008s, RTAB-Map=0.4352s, Maps update=0.0051s pub=0.0008s delay=0.3920s (local map=22, WM=22)
[rtabmap-2] [INFO] [1768743103.861599236] [rtabmap]: rtabmap (70): Rate=0.50s, Limit=0.000s, Conversion=0.0011s, RTAB-Map=0.3228s, Maps update=0.0057s pub=0.0001s delay=0.3570s (local map=22, WM=22)
[rtabmap-2] [INFO] [1768743104.475773550] [rtabmap]: rtabmap (71): Rate=0.50s, Limit=0.000s, Conversion=0.0009s, RTAB-Map=0.4142s, Maps update=0.0032s pub=0.0000s delay=0.4320s (local map=22, WM=22)
[rtabmap-2] [INFO] [1768743104.903497235] [rtabmap]: rtabmap (72): Rate=0.50s, Limit=0.000s, Conversion=0.0004s, RTAB-Map=0.2898s, Maps update=0.0037s pub=0.0000s delay=0.2990s (local map=22, WM=22)
[rtabmap-2] [INFO] [1768743105.651477166] [rtabmap]: rtabmap (73): Rate=0.50s, Limit=0.000s, Conversion=0.0009s, RTAB-Map=0.3313s, Maps update=0.0063s pub=0.0001s delay=0.2820s (local map=22, WM=22)
[rtabmap-2] [INFO] [1768743106.194621714] [rtabmap]: rtabmap (74): Rate=0.50s, Limit=0.000s, Conversion=0.0005s, RTAB-Map=0.3391s, Maps update=0.0038s pub=0.0000s delay=0.2500s (local map=22, WM=22)
[rgbd_sync-1] [INFO] [1768743106.777724987] [rclcpp]: signal_handler(signum=2)
[rtabmap-2] [INFO] [1768743106.777725137] [rclcpp]: signal_handler(signum=2)
[rtabmap-2] [INFO] [1768743106.858645454] [rtabmap]: rtabmap (75): Rate=0.50s, Limit=0.000s, Conversion=0.0006s, RTAB-Map=0.3873s, Maps update=0.0001s pub=0.0002s delay=0.3400s (local map=22, WM=22)
[rtabmap-2] [INFO] [1768743106.859583043] [rtabmap]: Parameters are not saved (No configuration file provided...)
[INFO] [rgbd_sync-1]: process has finished cleanly [pid 711829]
[rtabmap-2] [33m[ WARN] (2026-01-18 22:31:04.996) Memory.cpp:5917::createSignature() Mem/SaveDepth16Format is set to false to use 32bits format but this is not compatible with the compressed depth format chosen (Mem/DepthCompressionFormat=".rvl"), depth images will be compressed in ".png" format instead. Explicitly set Mem/SaveDepth16Format to true to keep using ".rvl" format and images will be converted to 16bits for convenience (warning: that would remove all depth values over 65 meters). Explicitly set Mem/DepthCompressionFormat=".png" to suppress this warning. This warning is only printed once.[0m
[rtabmap-2] [33m[ WARN] (2026-01-18 22:31:05.421) MapsManager.cpp:863::publishMaps() Graph has changed! The whole cloud is regenerated.[0m
[rtabmap-2] rtabmap: Saving database/long-term memory... (located at /home/fujino/.ros/rtabmap_ur5e_20260118_223103.db)
[rtabmap-2] rtabmap: Saving database/long-term memory...done! (located at /home/fujino/.ros/rtabmap_ur5e_20260118_223103.db, 114 MB)
[INFO] [rtabmap-2]: process has finished cleanly [pid 711831]
