[INFO] [launch]: All log files can be found below /home/fujino/.ros/log/2026-01-20-20-39-07-733518-fh-9014
[INFO] [launch]: Default logging verbosity is set to INFO
[INFO] [rgbd_sync-1]: process started with pid [9024]
[INFO] [rtabmap-2]: process started with pid [9026]
[rtabmap-2] [INFO] [1768909148.082742888] [rtabmap]: rtabmap(maps): latch                      = true
[rtabmap-2] [INFO] [1768909148.085128746] [rtabmap]: rtabmap(maps): map_filter_radius          = 0.000000
[rtabmap-2] [INFO] [1768909148.085205617] [rtabmap]: rtabmap(maps): map_filter_angle           = 30.000000
[rtabmap-2] [INFO] [1768909148.085231403] [rtabmap]: rtabmap(maps): map_cleanup                = true
[rtabmap-2] [INFO] [1768909148.085250503] [rtabmap]: rtabmap(maps): map_always_update          = false
[rtabmap-2] [INFO] [1768909148.085274666] [rtabmap]: rtabmap(maps): map_empty_ray_tracing      = true
[rtabmap-2] [INFO] [1768909148.085292048] [rtabmap]: rtabmap(maps): cloud_output_voxelized     = true
[rtabmap-2] [INFO] [1768909148.085308285] [rtabmap]: rtabmap(maps): cloud_subtract_filtering   = false
[rtabmap-2] [INFO] [1768909148.085324610] [rtabmap]: rtabmap(maps): cloud_subtract_filtering_min_neighbors = 2
[rtabmap-2] [INFO] [1768909148.085393490] [rtabmap]: rtabmap(maps): octomap_tree_depth         = 16
[rtabmap-2] [INFO] [1768909148.123902638] [rtabmap]: rtabmap: frame_id      = camera_color_optical_frame
[rtabmap-2] [INFO] [1768909148.123963936] [rtabmap]: rtabmap: odom_frame_id = world
[rtabmap-2] [INFO] [1768909148.123982127] [rtabmap]: rtabmap: map_frame_id  = world
[rtabmap-2] [INFO] [1768909148.123997007] [rtabmap]: rtabmap: log_to_rosout_level  = 4
[rtabmap-2] [INFO] [1768909148.124011364] [rtabmap]: rtabmap: initial_pose  = 
[rtabmap-2] [INFO] [1768909148.124024629] [rtabmap]: rtabmap: use_action_for_goal  = false
[rtabmap-2] [INFO] [1768909148.124044148] [rtabmap]: rtabmap: tf_delay      = 0.050000
[rtabmap-2] [INFO] [1768909148.124065438] [rtabmap]: rtabmap: tf_tolerance  = 0.100000
[rtabmap-2] [INFO] [1768909148.124081253] [rtabmap]: rtabmap: odom_sensor_sync   = false
[rtabmap-2] [INFO] [1768909148.124094927] [rtabmap]: rtabmap: pub_loc_pose_only_when_localizing = false
[rtabmap-2] [INFO] [1768909148.124108282] [rtabmap]: rtabmap: wait_for_transform = 0.200000
[rtabmap-2] [INFO] [1768909148.124124295] [rtabmap]: rtabmap: gen_scan  = false
[rtabmap-2] [INFO] [1768909148.124138277] [rtabmap]: rtabmap: gen_depth  = false
[rtabmap-2] [INFO] [1768909148.150119379] [rtabmap]: Setting RTAB-Map parameter "Grid/3D"="true" (rosparam)
[rtabmap-2] [INFO] [1768909148.150677625] [rtabmap]: Setting RTAB-Map parameter "Grid/RangeMax"="5.0" (rosparam)
[rtabmap-2] [INFO] [1768909148.150762824] [rtabmap]: Setting RTAB-Map parameter "Grid/RayTracing"="true" (rosparam)
[rtabmap-2] [INFO] [1768909148.150869181] [rtabmap]: Setting RTAB-Map parameter "Grid/Sensor"="1" (rosparam)
[rtabmap-2] [INFO] [1768909148.154760490] [rtabmap]: Setting RTAB-Map parameter "RGBD/CreateOccupancyGrid"="true" (rosparam)
[rtabmap-2] [INFO] [1768909148.156072006] [rtabmap]: Setting RTAB-Map parameter "Rtabmap/DetectionRate"="2.0" (rosparam)
[rgbd_sync-1] [INFO] [1768909148.221570558] [rgbd_sync]: rgbd_sync: approx_sync = true
[rgbd_sync-1] [INFO] [1768909148.223646241] [rgbd_sync]: rgbd_sync: approx_sync_max_interval = 0.010000
[rgbd_sync-1] [INFO] [1768909148.223691903] [rgbd_sync]: rgbd_sync: topic_queue_size  = 10
[rgbd_sync-1] [INFO] [1768909148.223705203] [rgbd_sync]: rgbd_sync: sync_queue_size  = 30
[rgbd_sync-1] [INFO] [1768909148.223716548] [rgbd_sync]: rgbd_sync: qos             = 2
[rgbd_sync-1] [INFO] [1768909148.223727913] [rgbd_sync]: rgbd_sync: qos_camera_info = 2
[rgbd_sync-1] [INFO] [1768909148.223738681] [rgbd_sync]: rgbd_sync: depth_scale = 1.000000
[rgbd_sync-1] [INFO] [1768909148.223750853] [rgbd_sync]: rgbd_sync: decimation = 1
[rgbd_sync-1] [INFO] [1768909148.223761779] [rgbd_sync]: rgbd_sync: compressed_rate = 0.000000
[rgbd_sync-1] [INFO] [1768909148.273738020] [rgbd_sync]: 
[rgbd_sync-1] rgbd_sync subscribed to (approx sync, max interval=0.010000s):
[rgbd_sync-1]    /camera/color/image_raw,
[rgbd_sync-1]    /camera/depth/depth/image_raw,
[rgbd_sync-1]    /camera/color/camera_info
[rtabmap-2] [INFO] [1768909148.379840654] [rtabmap]: RTAB-Map detection rate = 2.000000 Hz
[rtabmap-2] [INFO] [1768909148.379912778] [rtabmap]: rtabmap: Using database from "/home/fujino/.ros/rtabmap_ur5e_20260120_203907.db" (0 MB).
[rtabmap-2] [INFO] [1768909148.403396803] [rtabmap]: rtabmap: Database version = "0.22.1".
[rtabmap-2] [INFO] [1768909148.403451645] [rtabmap]: rtabmap: SLAM mode (Mem/IncrementalMemory=true)
[rtabmap-2] [INFO] [1768909148.440792695] [rtabmap]: Setup callbacks
[rtabmap-2] [WARN] [1768909148.440856843] [rtabmap]: rtabmap: Parameters subscribe_depth and subscribe_rgbd cannot be true at the same time. Parameter subscribe_depth is set to false.
[rtabmap-2] [INFO] [1768909148.441033070] [rtabmap]: rtabmap: subscribe_depth = false
[rtabmap-2] [INFO] [1768909148.441055332] [rtabmap]: rtabmap: subscribe_rgb = false
[rtabmap-2] [INFO] [1768909148.441060844] [rtabmap]: rtabmap: subscribe_stereo = false
[rtabmap-2] [INFO] [1768909148.441065596] [rtabmap]: rtabmap: subscribe_rgbd = true (rgbd_cameras=1)
[rtabmap-2] [INFO] [1768909148.441071038] [rtabmap]: rtabmap: subscribe_sensor_data = false
[rtabmap-2] [INFO] [1768909148.441076003] [rtabmap]: rtabmap: subscribe_odom_info = false
[rtabmap-2] [INFO] [1768909148.441080826] [rtabmap]: rtabmap: subscribe_user_data = false
[rtabmap-2] [INFO] [1768909148.441085675] [rtabmap]: rtabmap: subscribe_scan = false
[rtabmap-2] [INFO] [1768909148.441090776] [rtabmap]: rtabmap: subscribe_scan_cloud = false
[rtabmap-2] [INFO] [1768909148.441095902] [rtabmap]: rtabmap: subscribe_scan_descriptor = false
[rtabmap-2] [INFO] [1768909148.441100592] [rtabmap]: rtabmap: topic_queue_size = 10
[rtabmap-2] [INFO] [1768909148.441105317] [rtabmap]: rtabmap: sync_queue_size  = 30
[rtabmap-2] [INFO] [1768909148.441109643] [rtabmap]: rtabmap: qos_image       = 2
[rtabmap-2] [INFO] [1768909148.441145943] [rtabmap]: rtabmap: qos_camera_info = 2
[rtabmap-2] [INFO] [1768909148.441153233] [rtabmap]: rtabmap: qos_scan        = 2
[rtabmap-2] [INFO] [1768909148.441159211] [rtabmap]: rtabmap: qos_odom        = 2
[rtabmap-2] [INFO] [1768909148.441163705] [rtabmap]: rtabmap: qos_user_data   = 2
[rtabmap-2] [INFO] [1768909148.441168378] [rtabmap]: rtabmap: approx_sync     = true
[rtabmap-2] [INFO] [1768909148.441188018] [rtabmap]: Setup rgbd callback
[rtabmap-2] [INFO] [1768909148.442788459] [rtabmap]: 
[rtabmap-2] rtabmap subscribed to:
[rtabmap-2]    /rgbd_image
[rtabmap-2] [INFO] [1768909149.393928322] [rtabmap]: rtabmap (1): Rate=0.50s, Limit=0.000s, Conversion=0.0025s, RTAB-Map=0.3689s, Maps update=0.0001s pub=0.0000s delay=0.6380s (local map=1, WM=1)
[rtabmap-2] [INFO] [1768909149.813529828] [rtabmap]: rtabmap (2): Rate=0.50s, Limit=0.000s, Conversion=0.0041s, RTAB-Map=0.4028s, Maps update=0.0001s pub=0.0000s delay=0.4010s (local map=1, WM=1)
[rtabmap-2] [INFO] [1768909150.247226125] [rtabmap]: rtabmap (3): Rate=0.50s, Limit=0.000s, Conversion=0.0019s, RTAB-Map=0.3352s, Maps update=0.0001s pub=0.0000s delay=0.3010s (local map=1, WM=1)
[rtabmap-2] [INFO] [1768909150.797076495] [rtabmap]: rtabmap (4): Rate=0.50s, Limit=0.000s, Conversion=0.0018s, RTAB-Map=0.3583s, Maps update=0.0000s pub=0.0000s delay=0.3660s (local map=1, WM=1)
[rtabmap-2] [INFO] [1768909151.443182616] [rtabmap]: rtabmap (5): Rate=0.50s, Limit=0.000s, Conversion=0.0007s, RTAB-Map=0.3947s, Maps update=0.0000s pub=0.0000s delay=0.3540s (local map=1, WM=1)
[rtabmap-2] [INFO] [1768909151.825103279] [rtabmap]: rtabmap (6): Rate=0.50s, Limit=0.000s, Conversion=0.0011s, RTAB-Map=0.2638s, Maps update=0.0000s pub=0.0000s delay=0.2370s (local map=1, WM=1)
[rtabmap-2] [INFO] [1768909152.506323982] [rtabmap]: rtabmap (7): Rate=0.50s, Limit=0.000s, Conversion=0.0005s, RTAB-Map=0.3253s, Maps update=0.0000s pub=0.0000s delay=0.3210s (local map=1, WM=1)
[rtabmap-2] [INFO] [1768909152.990902403] [rtabmap]: rtabmap (8): Rate=0.50s, Limit=0.000s, Conversion=0.0019s, RTAB-Map=0.2786s, Maps update=0.0000s pub=0.0000s delay=0.3030s (local map=1, WM=1)
[rtabmap-2] [INFO] [1768909153.474460779] [rtabmap]: rtabmap (9): Rate=0.50s, Limit=0.000s, Conversion=0.0005s, RTAB-Map=0.2613s, Maps update=0.0001s pub=0.0000s delay=0.3030s (local map=1, WM=1)
[rtabmap-2] [INFO] [1768909153.956898567] [rtabmap]: rtabmap (10): Rate=0.50s, Limit=0.000s, Conversion=0.0010s, RTAB-Map=0.2252s, Maps update=0.0000s pub=0.0000s delay=0.1810s (local map=1, WM=1)
[rtabmap-2] [INFO] [1768909154.488657622] [rtabmap]: rtabmap (11): Rate=0.50s, Limit=0.000s, Conversion=0.0006s, RTAB-Map=0.2411s, Maps update=0.0000s pub=0.0000s delay=0.2620s (local map=1, WM=1)
[rtabmap-2] [INFO] [1768909155.056370143] [rtabmap]: rtabmap (12): Rate=0.50s, Limit=0.000s, Conversion=0.0013s, RTAB-Map=0.2367s, Maps update=0.0000s pub=0.0000s delay=0.1890s (local map=1, WM=1)
[rtabmap-2] [INFO] [1768909155.725344875] [rtabmap]: rtabmap (13): Rate=0.50s, Limit=0.000s, Conversion=0.0032s, RTAB-Map=0.2477s, Maps update=0.0000s pub=0.0000s delay=0.2450s (local map=1, WM=1)
[rtabmap-2] [INFO] [1768909156.624063312] [rtabmap]: rtabmap (14): Rate=0.50s, Limit=0.000s, Conversion=0.0017s, RTAB-Map=0.3203s, Maps update=0.0000s pub=0.0000s delay=0.3300s (local map=1, WM=1)
[rtabmap-2] [INFO] [1768909157.108585210] [rtabmap]: rtabmap (15): Rate=0.50s, Limit=0.000s, Conversion=0.0033s, RTAB-Map=0.2560s, Maps update=0.0000s pub=0.0000s delay=0.2670s (local map=1, WM=1)
[rtabmap-2] [INFO] [1768909157.688891314] [rtabmap]: rtabmap (16): Rate=0.50s, Limit=0.000s, Conversion=0.0009s, RTAB-Map=0.3312s, Maps update=0.0000s pub=0.0000s delay=0.3560s (local map=1, WM=1)
[rtabmap-2] [INFO] [1768909158.344520404] [rtabmap]: rtabmap (17): Rate=0.50s, Limit=0.000s, Conversion=0.0005s, RTAB-Map=0.3416s, Maps update=0.0000s pub=0.0000s delay=0.3260s (local map=2, WM=2)
[rtabmap-2] [INFO] [1768909158.988732320] [rtabmap]: rtabmap (18): Rate=0.50s, Limit=0.000s, Conversion=0.0012s, RTAB-Map=0.2797s, Maps update=0.0000s pub=0.0000s delay=0.3180s (local map=2, WM=2)
[rtabmap-2] [INFO] [1768909159.523100653] [rtabmap]: rtabmap (19): Rate=0.50s, Limit=0.000s, Conversion=0.0008s, RTAB-Map=0.2495s, Maps update=0.0000s pub=0.0000s delay=0.2400s (local map=3, WM=3)
[rtabmap-2] [INFO] [1768909160.108368591] [rtabmap]: rtabmap (20): Rate=0.50s, Limit=0.000s, Conversion=0.0003s, RTAB-Map=0.3298s, Maps update=0.0000s pub=0.0000s delay=0.3400s (local map=3, WM=3)
[rtabmap-2] [INFO] [1768909160.700116199] [rtabmap]: rtabmap (21): Rate=0.50s, Limit=0.000s, Conversion=0.0008s, RTAB-Map=0.3978s, Maps update=0.0000s pub=0.0000s delay=0.4240s (local map=3, WM=3)
[rtabmap-2] [INFO] [1768909161.349616162] [rtabmap]: rtabmap (22): Rate=0.50s, Limit=0.000s, Conversion=0.0007s, RTAB-Map=0.3565s, Maps update=0.0000s pub=0.0000s delay=0.3320s (local map=4, WM=4)
[rtabmap-2] [INFO] [1768909161.983697032] [rtabmap]: rtabmap (23): Rate=0.50s, Limit=0.000s, Conversion=0.0007s, RTAB-Map=0.3457s, Maps update=0.0000s pub=0.0000s delay=0.2880s (local map=4, WM=4)
[rtabmap-2] [INFO] [1768909162.526332621] [rtabmap]: rtabmap (24): Rate=0.50s, Limit=0.000s, Conversion=0.0005s, RTAB-Map=0.3727s, Maps update=0.0001s pub=0.0000s delay=0.3690s (local map=4, WM=4)
[rtabmap-2] [INFO] [1768909162.970891678] [rtabmap]: rtabmap (25): Rate=0.50s, Limit=0.000s, Conversion=0.0011s, RTAB-Map=0.2781s, Maps update=0.0000s pub=0.0000s delay=0.2330s (local map=5, WM=5)
[rtabmap-2] [INFO] [1768909163.682474394] [rtabmap]: rtabmap (26): Rate=0.50s, Limit=0.000s, Conversion=0.0005s, RTAB-Map=0.3382s, Maps update=0.0000s pub=0.0000s delay=0.2950s (local map=5, WM=5)
[rtabmap-2] [INFO] [1768909164.181163473] [rtabmap]: rtabmap (27): Rate=0.50s, Limit=0.000s, Conversion=0.0008s, RTAB-Map=0.3141s, Maps update=0.0001s pub=0.0000s delay=0.2520s (local map=5, WM=5)
[rtabmap-2] [INFO] [1768909164.745704068] [rtabmap]: rtabmap (28): Rate=0.50s, Limit=0.000s, Conversion=0.0005s, RTAB-Map=0.3329s, Maps update=0.0000s pub=0.0000s delay=0.3280s (local map=6, WM=6)
[rtabmap-2] [INFO] [1768909165.241156654] [rtabmap]: rtabmap (29): Rate=0.50s, Limit=0.000s, Conversion=0.0006s, RTAB-Map=0.3204s, Maps update=0.0001s pub=0.0000s delay=0.3140s (local map=6, WM=6)
[rtabmap-2] [INFO] [1768909165.850658790] [rtabmap]: rtabmap (30): Rate=0.50s, Limit=0.000s, Conversion=0.0005s, RTAB-Map=0.3569s, Maps update=0.0000s pub=0.0000s delay=0.3410s (local map=6, WM=6)
[rtabmap-2] [INFO] [1768909166.364087386] [rtabmap]: rtabmap (31): Rate=0.50s, Limit=0.000s, Conversion=0.0011s, RTAB-Map=0.3395s, Maps update=0.0000s pub=0.0000s delay=0.3130s (local map=7, WM=7)
[rtabmap-2] [INFO] [1768909166.960612994] [rtabmap]: rtabmap (32): Rate=0.50s, Limit=0.000s, Conversion=0.0005s, RTAB-Map=0.3011s, Maps update=0.0035s pub=0.0011s delay=0.2970s (local map=7, WM=7)
[rtabmap-2] [INFO] [1768909167.605820265] [rtabmap]: rtabmap (33): Rate=0.50s, Limit=0.000s, Conversion=0.0007s, RTAB-Map=0.4268s, Maps update=0.0024s pub=0.0000s delay=0.4770s (local map=7, WM=7)
[rtabmap-2] [INFO] [1768909168.042583416] [rtabmap]: rtabmap (34): Rate=0.50s, Limit=0.000s, Conversion=0.0006s, RTAB-Map=0.3709s, Maps update=0.0027s pub=0.0005s delay=0.3740s (local map=8, WM=8)
[rtabmap-2] [INFO] [1768909168.540260531] [rtabmap]: rtabmap (35): Rate=0.50s, Limit=0.000s, Conversion=0.0005s, RTAB-Map=0.3522s, Maps update=0.0054s pub=0.0000s delay=0.3660s (local map=8, WM=8)
[rtabmap-2] [INFO] [1768909169.078580733] [rtabmap]: rtabmap (36): Rate=0.50s, Limit=0.000s, Conversion=0.0006s, RTAB-Map=0.2951s, Maps update=0.0047s pub=0.0005s delay=0.2790s (local map=9, WM=9)
[rtabmap-2] [INFO] [1768909169.624166200] [rtabmap]: rtabmap (37): Rate=0.50s, Limit=0.000s, Conversion=0.0003s, RTAB-Map=0.3066s, Maps update=0.0043s pub=0.0000s delay=0.3310s (local map=9, WM=9)
[rtabmap-2] [INFO] [1768909170.342129804] [rtabmap]: rtabmap (38): Rate=0.50s, Limit=0.000s, Conversion=0.0003s, RTAB-Map=0.3295s, Maps update=0.0056s pub=0.0006s delay=0.3260s (local map=10, WM=10)
[rtabmap-2] [INFO] [1768909171.263038172] [rtabmap]: rtabmap (39): Rate=0.50s, Limit=0.000s, Conversion=0.0004s, RTAB-Map=0.4590s, Maps update=0.0032s pub=0.0003s delay=0.4470s (local map=11, WM=11)
[rtabmap-2] [INFO] [1768909171.809348502] [rtabmap]: rtabmap (40): Rate=0.50s, Limit=0.000s, Conversion=0.0008s, RTAB-Map=0.3628s, Maps update=0.0054s pub=0.0000s delay=0.3120s (local map=11, WM=11)
[rtabmap-2] [INFO] [1768909172.492182579] [rtabmap]: rtabmap (41): Rate=0.50s, Limit=0.000s, Conversion=0.0012s, RTAB-Map=0.3662s, Maps update=0.0048s pub=0.0006s delay=0.3370s (local map=12, WM=12)
[rtabmap-2] [INFO] [1768909172.999116517] [rtabmap]: rtabmap (42): Rate=0.50s, Limit=0.000s, Conversion=0.0006s, RTAB-Map=0.3304s, Maps update=0.0056s pub=0.0001s delay=0.3050s (local map=12, WM=12)
[rtabmap-2] [INFO] [1768909173.661564988] [rtabmap]: rtabmap (43): Rate=0.50s, Limit=0.000s, Conversion=0.0010s, RTAB-Map=0.3657s, Maps update=0.0052s pub=0.0004s delay=0.3700s (local map=13, WM=13)
[rtabmap-2] [INFO] [1768909174.142343099] [rtabmap]: rtabmap (44): Rate=0.50s, Limit=0.000s, Conversion=0.0005s, RTAB-Map=0.3013s, Maps update=0.0029s pub=0.0000s delay=0.3280s (local map=13, WM=13)
[rtabmap-2] [INFO] [1768909174.684596711] [rtabmap]: rtabmap (45): Rate=0.50s, Limit=0.000s, Conversion=0.0011s, RTAB-Map=0.3244s, Maps update=0.0037s pub=0.0006s delay=0.3090s (local map=14, WM=14)
[rtabmap-2] [INFO] [1768909175.262484015] [rtabmap]: rtabmap (46): Rate=0.50s, Limit=0.000s, Conversion=0.0005s, RTAB-Map=0.3976s, Maps update=0.0037s pub=0.0000s delay=0.4060s (local map=14, WM=14)
[rtabmap-2] [INFO] [1768909175.795098681] [rtabmap]: rtabmap (47): Rate=0.50s, Limit=0.000s, Conversion=0.0005s, RTAB-Map=0.4015s, Maps update=0.0050s pub=0.0007s delay=0.3800s (local map=15, WM=15)
[rtabmap-2] [INFO] [1768909176.560733817] [rtabmap]: rtabmap (48): Rate=0.50s, Limit=0.000s, Conversion=0.0007s, RTAB-Map=0.3854s, Maps update=0.0044s pub=0.0005s delay=0.4070s (local map=16, WM=16)
[rtabmap-2] [INFO] [1768909177.093715091] [rtabmap]: rtabmap (49): Rate=0.50s, Limit=0.000s, Conversion=0.0005s, RTAB-Map=0.3968s, Maps update=0.0031s pub=0.0000s delay=0.3660s (local map=16, WM=16)
[rtabmap-2] [INFO] [1768909177.763819039] [rtabmap]: rtabmap (50): Rate=0.50s, Limit=0.000s, Conversion=0.0006s, RTAB-Map=0.3100s, Maps update=0.0039s pub=0.0000s delay=0.3220s (local map=16, WM=16)
[rtabmap-2] [INFO] [1768909178.804160877] [rtabmap]: rtabmap (51): Rate=0.50s, Limit=0.000s, Conversion=0.0017s, RTAB-Map=0.3673s, Maps update=0.0039s pub=0.0005s delay=0.3310s (local map=17, WM=17)
[rtabmap-2] [INFO] [1768909179.284042646] [rtabmap]: rtabmap (52): Rate=0.50s, Limit=0.000s, Conversion=0.0007s, RTAB-Map=0.3095s, Maps update=0.0023s pub=0.0000s delay=0.3040s (local map=17, WM=17)
[rtabmap-2] [INFO] [1768909179.994038231] [rtabmap]: rtabmap (53): Rate=0.50s, Limit=0.000s, Conversion=0.0003s, RTAB-Map=0.3874s, Maps update=0.0029s pub=0.0000s delay=0.3540s (local map=17, WM=17)
[rtabmap-2] [INFO] [1768909180.568911272] [rtabmap]: rtabmap (54): Rate=0.50s, Limit=0.000s, Conversion=0.0006s, RTAB-Map=0.3613s, Maps update=0.0053s pub=0.0008s delay=0.3690s (local map=18, WM=18)
[rtabmap-2] [INFO] [1768909181.117656997] [rtabmap]: rtabmap (55): Rate=0.50s, Limit=0.000s, Conversion=0.0004s, RTAB-Map=0.3816s, Maps update=0.0034s pub=0.0000s delay=0.3490s (local map=18, WM=18)
[rtabmap-2] [INFO] [1768909181.711752972] [rtabmap]: rtabmap (56): Rate=0.50s, Limit=0.000s, Conversion=0.0006s, RTAB-Map=0.4533s, Maps update=0.0045s pub=0.0001s delay=0.4310s (local map=18, WM=18)
[rtabmap-2] [INFO] [1768909182.272522638] [rtabmap]: rtabmap (57): Rate=0.50s, Limit=0.000s, Conversion=0.0007s, RTAB-Map=0.4858s, Maps update=0.0050s pub=0.0006s delay=0.5010s (local map=19, WM=19)
[rtabmap-2] [INFO] [1768909182.677209948] [rtabmap]: rtabmap (58): Rate=0.50s, Limit=0.000s, Conversion=0.0004s, RTAB-Map=0.3422s, Maps update=0.0058s pub=0.0000s delay=0.3610s (local map=19, WM=19)
[rtabmap-2] [INFO] [1768909183.231381967] [rtabmap]: rtabmap (59): Rate=0.50s, Limit=0.000s, Conversion=0.0009s, RTAB-Map=0.4009s, Maps update=0.0049s pub=0.0016s delay=0.3440s (local map=20, WM=20)
[rtabmap-2] [INFO] [1768909183.644906598] [rtabmap]: rtabmap (60): Rate=0.50s, Limit=0.000s, Conversion=0.0007s, RTAB-Map=0.2928s, Maps update=0.0061s pub=0.0000s delay=0.3430s (local map=20, WM=20)
[rtabmap-2] [INFO] [1768909184.255913519] [rtabmap]: rtabmap (61): Rate=0.50s, Limit=0.000s, Conversion=0.0009s, RTAB-Map=0.2931s, Maps update=0.0053s pub=0.0000s delay=0.3240s (local map=20, WM=20)
[rtabmap-2] [INFO] [1768909184.900956871] [rtabmap]: rtabmap (62): Rate=0.50s, Limit=0.000s, Conversion=0.0009s, RTAB-Map=0.3700s, Maps update=0.0046s pub=0.0009s delay=0.3520s (local map=21, WM=21)
[rtabmap-2] [INFO] [1768909185.464585993] [rtabmap]: rtabmap (63): Rate=0.50s, Limit=0.000s, Conversion=0.0008s, RTAB-Map=0.2745s, Maps update=0.0040s pub=0.0001s delay=0.2990s (local map=21, WM=21)
[rtabmap-2] [INFO] [1768909186.088456515] [rtabmap]: rtabmap (64): Rate=0.50s, Limit=0.000s, Conversion=0.0005s, RTAB-Map=0.3828s, Maps update=0.0051s pub=0.0000s delay=0.3980s (local map=21, WM=21)
[rtabmap-2] [INFO] [1768909186.705576836] [rtabmap]: rtabmap (65): Rate=0.50s, Limit=0.000s, Conversion=0.0005s, RTAB-Map=0.3588s, Maps update=0.0055s pub=0.0006s delay=0.3510s (local map=22, WM=22)
[rtabmap-2] [INFO] [1768909187.209778089] [rtabmap]: rtabmap (66): Rate=0.50s, Limit=0.000s, Conversion=0.0018s, RTAB-Map=0.3545s, Maps update=0.0063s pub=0.0000s delay=0.3300s (local map=22, WM=22)
[rtabmap-2] [INFO] [1768909187.962282972] [rtabmap]: rtabmap (67): Rate=0.50s, Limit=0.000s, Conversion=0.0007s, RTAB-Map=0.3660s, Maps update=0.0055s pub=0.0000s delay=0.4010s (local map=22, WM=22)
[rtabmap-2] [INFO] [1768909188.514071666] [rtabmap]: rtabmap (68): Rate=0.50s, Limit=0.000s, Conversion=0.0005s, RTAB-Map=0.3540s, Maps update=0.0055s pub=0.0001s delay=0.3520s (local map=22, WM=22)
[rtabmap-2] [INFO] [1768909189.051615011] [rtabmap]: rtabmap (69): Rate=0.50s, Limit=0.000s, Conversion=0.0009s, RTAB-Map=0.3473s, Maps update=0.0065s pub=0.0002s delay=0.4020s (local map=22, WM=22)
[rtabmap-2] [INFO] [1768909189.790587215] [rtabmap]: rtabmap (70): Rate=0.50s, Limit=0.000s, Conversion=0.0006s, RTAB-Map=0.4804s, Maps update=0.0058s pub=0.0000s delay=0.5040s (local map=22, WM=22)
[rtabmap-2] [INFO] [1768909190.253858956] [rtabmap]: rtabmap (71): Rate=0.50s, Limit=0.000s, Conversion=0.0006s, RTAB-Map=0.3688s, Maps update=0.0068s pub=0.0000s delay=0.3250s (local map=22, WM=22)
[rtabmap-2] [INFO] [1768909190.737366511] [rtabmap]: rtabmap (72): Rate=0.50s, Limit=0.000s, Conversion=0.0006s, RTAB-Map=0.3553s, Maps update=0.0030s pub=0.0000s delay=0.3240s (local map=22, WM=22)
[rtabmap-2] [INFO] [1768909191.334396479] [rtabmap]: rtabmap (73): Rate=0.50s, Limit=0.000s, Conversion=0.0006s, RTAB-Map=0.4052s, Maps update=0.0050s pub=0.0000s delay=0.3700s (local map=22, WM=22)
[rtabmap-2] [INFO] [1768909192.033294615] [rtabmap]: rtabmap (74): Rate=0.50s, Limit=0.000s, Conversion=0.0007s, RTAB-Map=0.3347s, Maps update=0.0406s pub=0.0000s delay=0.3490s (local map=22, WM=22)
[rtabmap-2] [INFO] [1768909192.548263457] [rtabmap]: rtabmap (75): Rate=0.50s, Limit=0.000s, Conversion=0.0009s, RTAB-Map=0.3791s, Maps update=0.0058s pub=0.0000s delay=0.3420s (local map=22, WM=22)
[rtabmap-2] [INFO] [1768909193.257219924] [rtabmap]: rtabmap (76): Rate=0.50s, Limit=0.000s, Conversion=0.0005s, RTAB-Map=0.3771s, Maps update=0.0034s pub=0.0001s delay=0.3220s (local map=22, WM=22)
[rtabmap-2] [INFO] [1768909193.789771126] [rtabmap]: rtabmap (77): Rate=0.50s, Limit=0.000s, Conversion=0.0004s, RTAB-Map=0.3028s, Maps update=0.0056s pub=0.0000s delay=0.3160s (local map=22, WM=22)
[rtabmap-2] [INFO] [1768909194.383514442] [rtabmap]: rtabmap (78): Rate=0.50s, Limit=0.000s, Conversion=0.0007s, RTAB-Map=0.3641s, Maps update=0.0056s pub=0.0000s delay=0.4000s (local map=22, WM=22)
[rtabmap-2] [INFO] [1768909194.891654560] [rtabmap]: rtabmap (79): Rate=0.50s, Limit=0.000s, Conversion=0.0005s, RTAB-Map=0.3764s, Maps update=0.0059s pub=0.0000s delay=0.4000s (local map=22, WM=22)
[rtabmap-2] [INFO] [1768909195.458948253] [rtabmap]: rtabmap (80): Rate=0.50s, Limit=0.000s, Conversion=0.0006s, RTAB-Map=0.4365s, Maps update=0.0046s pub=0.0000s delay=0.3980s (local map=22, WM=22)
[rtabmap-2] [INFO] [1768909195.872703329] [rtabmap]: rtabmap (81): Rate=0.50s, Limit=0.000s, Conversion=0.0006s, RTAB-Map=0.3474s, Maps update=0.0057s pub=0.0000s delay=0.3930s (local map=22, WM=22)
[rtabmap-2] [INFO] [1768909196.438294748] [rtabmap]: rtabmap (82): Rate=0.50s, Limit=0.000s, Conversion=0.0005s, RTAB-Map=0.4174s, Maps update=0.0062s pub=0.0000s delay=0.3930s (local map=22, WM=22)
[rtabmap-2] [INFO] [1768909196.938755492] [rtabmap]: rtabmap (83): Rate=0.50s, Limit=0.000s, Conversion=0.0007s, RTAB-Map=0.3618s, Maps update=0.0060s pub=0.0000s delay=0.3490s (local map=22, WM=22)
[rtabmap-2] [INFO] [1768909197.467615458] [rtabmap]: rtabmap (84): Rate=0.50s, Limit=0.000s, Conversion=0.0008s, RTAB-Map=0.3381s, Maps update=0.0050s pub=0.0000s delay=0.2940s (local map=22, WM=22)
[rtabmap-2] [INFO] [1768909198.471355702] [rtabmap]: rtabmap (85): Rate=0.50s, Limit=0.000s, Conversion=0.0004s, RTAB-Map=0.4290s, Maps update=0.0042s pub=0.0000s delay=0.3720s (local map=22, WM=22)
[rtabmap-2] [INFO] [1768909198.910306906] [rtabmap]: rtabmap (86): Rate=0.50s, Limit=0.000s, Conversion=0.0007s, RTAB-Map=0.3528s, Maps update=0.0059s pub=0.0000s delay=0.3570s (local map=22, WM=22)
[rtabmap-2] [INFO] [1768909199.670007557] [rtabmap]: rtabmap (87): Rate=0.50s, Limit=0.000s, Conversion=0.0009s, RTAB-Map=0.4514s, Maps update=0.0057s pub=0.0000s delay=0.4090s (local map=22, WM=22)
[rtabmap-2] [INFO] [1768909200.303413024] [rtabmap]: rtabmap (88): Rate=0.50s, Limit=0.000s, Conversion=0.0005s, RTAB-Map=0.4249s, Maps update=0.0035s pub=0.0000s delay=0.4380s (local map=22, WM=22)
[rtabmap-2] [INFO] [1768909200.835874018] [rtabmap]: rtabmap (89): Rate=0.50s, Limit=0.000s, Conversion=0.0006s, RTAB-Map=0.4062s, Maps update=0.0059s pub=0.0000s delay=0.4060s (local map=22, WM=22)
[rtabmap-2] [INFO] [1768909201.250524503] [rtabmap]: rtabmap (90): Rate=0.50s, Limit=0.000s, Conversion=0.0008s, RTAB-Map=0.2996s, Maps update=0.0046s pub=0.0000s delay=0.2880s (local map=22, WM=22)
[rtabmap-2] [INFO] [1768909201.832397998] [rtabmap]: rtabmap (91): Rate=0.50s, Limit=0.000s, Conversion=0.0007s, RTAB-Map=0.3519s, Maps update=0.0056s pub=0.0001s delay=0.3390s (local map=22, WM=22)
[rtabmap-2] [INFO] [1768909202.413642113] [rtabmap]: rtabmap (92): Rate=0.50s, Limit=0.000s, Conversion=0.0005s, RTAB-Map=0.4135s, Maps update=0.0036s pub=0.0000s delay=0.4230s (local map=22, WM=22)
[rtabmap-2] [INFO] [1768909202.948267882] [rtabmap]: rtabmap (93): Rate=0.50s, Limit=0.000s, Conversion=0.0007s, RTAB-Map=0.3843s, Maps update=0.0054s pub=0.0000s delay=0.3580s (local map=22, WM=22)
[rtabmap-2] [INFO] [1768909203.647045997] [rtabmap]: rtabmap (94): Rate=0.50s, Limit=0.000s, Conversion=0.0008s, RTAB-Map=0.4031s, Maps update=0.0062s pub=0.0000s delay=0.3930s (local map=22, WM=22)
[rtabmap-2] [INFO] [1768909204.186601067] [rtabmap]: rtabmap (95): Rate=0.50s, Limit=0.000s, Conversion=0.0007s, RTAB-Map=0.4027s, Maps update=0.0060s pub=0.0000s delay=0.3430s (local map=22, WM=22)
[rtabmap-2] [INFO] [1768909204.751096415] [rtabmap]: rtabmap (96): Rate=0.50s, Limit=0.000s, Conversion=0.0008s, RTAB-Map=0.4277s, Maps update=0.0053s pub=0.0000s delay=0.4120s (local map=22, WM=22)
[rtabmap-2] [INFO] [1768909205.396790925] [rtabmap]: rtabmap (97): Rate=0.50s, Limit=0.000s, Conversion=0.0008s, RTAB-Map=0.4571s, Maps update=0.0057s pub=0.0000s delay=0.5000s (local map=22, WM=22)
[rtabmap-2] [INFO] [1768909205.828604687] [rtabmap]: rtabmap (98): Rate=0.50s, Limit=0.000s, Conversion=0.0006s, RTAB-Map=0.3873s, Maps update=0.0060s pub=0.0000s delay=0.3990s (local map=22, WM=22)
[rtabmap-2] [INFO] [1768909206.643637927] [rtabmap]: rtabmap (99): Rate=0.50s, Limit=0.000s, Conversion=0.0006s, RTAB-Map=0.4022s, Maps update=0.0050s pub=0.0000s delay=0.4020s (local map=22, WM=22)
[rtabmap-2] [INFO] [1768909207.369219213] [rtabmap]: rtabmap (100): Rate=0.50s, Limit=0.000s, Conversion=0.0004s, RTAB-Map=0.3774s, Maps update=0.0037s pub=0.0000s delay=0.3340s (local map=22, WM=22)
[rtabmap-2] [INFO] [1768909208.077366802] [rtabmap]: rtabmap (101): Rate=0.50s, Limit=0.000s, Conversion=0.0006s, RTAB-Map=0.3656s, Maps update=0.0055s pub=0.0001s delay=0.3250s (local map=22, WM=22)
[rtabmap-2] [INFO] [1768909208.613767078] [rtabmap]: rtabmap (102): Rate=0.50s, Limit=0.000s, Conversion=0.0004s, RTAB-Map=0.3595s, Maps update=0.0054s pub=0.0000s delay=0.3830s (local map=22, WM=22)
[rtabmap-2] [INFO] [1768909209.334673348] [rtabmap]: rtabmap (103): Rate=0.50s, Limit=0.000s, Conversion=0.0009s, RTAB-Map=0.3589s, Maps update=0.0035s pub=0.0000s delay=0.3820s (local map=22, WM=22)
[rtabmap-2] [INFO] [1768909209.928732050] [rtabmap]: rtabmap (104): Rate=0.50s, Limit=0.000s, Conversion=0.0006s, RTAB-Map=0.2909s, Maps update=0.0057s pub=0.0000s delay=0.3150s (local map=22, WM=22)
[rtabmap-2] [INFO] [1768909210.624466667] [rtabmap]: rtabmap (105): Rate=0.50s, Limit=0.000s, Conversion=0.0006s, RTAB-Map=0.3996s, Maps update=0.0054s pub=0.0000s delay=0.4140s (local map=22, WM=22)
[rtabmap-2] [INFO] [1768909211.178616131] [rtabmap]: rtabmap (106): Rate=0.50s, Limit=0.000s, Conversion=0.0005s, RTAB-Map=0.3242s, Maps update=0.0033s pub=0.0000s delay=0.2880s (local map=22, WM=22)
[rtabmap-2] [INFO] [1768909211.680772458] [rtabmap]: rtabmap (107): Rate=0.50s, Limit=0.000s, Conversion=0.0006s, RTAB-Map=0.3255s, Maps update=0.0041s pub=0.0000s delay=0.2850s (local map=22, WM=22)
[rtabmap-2] [INFO] [1768909212.246246729] [rtabmap]: rtabmap (108): Rate=0.50s, Limit=0.000s, Conversion=0.0006s, RTAB-Map=0.2986s, Maps update=0.0059s pub=0.0000s delay=0.3220s (local map=22, WM=22)
[rtabmap-2] [INFO] [1768909212.841023469] [rtabmap]: rtabmap (109): Rate=0.50s, Limit=0.000s, Conversion=0.0007s, RTAB-Map=0.4075s, Maps update=0.0038s pub=0.0000s delay=0.4160s (local map=22, WM=22)
[rtabmap-2] [INFO] [1768909213.439773465] [rtabmap]: rtabmap (110): Rate=0.50s, Limit=0.000s, Conversion=0.0007s, RTAB-Map=0.5051s, Maps update=0.0057s pub=0.0000s delay=0.5150s (local map=22, WM=22)
[rtabmap-2] [INFO] [1768909213.957104080] [rtabmap]: rtabmap (111): Rate=0.50s, Limit=0.000s, Conversion=0.0006s, RTAB-Map=0.4880s, Maps update=0.0039s pub=0.0000s delay=0.4870s (local map=22, WM=22)
[rtabmap-2] [INFO] [1768909214.465620034] [rtabmap]: rtabmap (112): Rate=0.50s, Limit=0.000s, Conversion=0.0009s, RTAB-Map=0.4814s, Maps update=0.0066s pub=0.0000s delay=0.4840s (local map=22, WM=22)
[rtabmap-2] [INFO] [1768909214.948076847] [rtabmap]: rtabmap (113): Rate=0.50s, Limit=0.000s, Conversion=0.0007s, RTAB-Map=0.4535s, Maps update=0.0055s pub=0.0000s delay=0.4830s (local map=22, WM=22)
[rtabmap-2] [INFO] [1768909215.475056971] [rtabmap]: rtabmap (114): Rate=0.50s, Limit=0.000s, Conversion=0.0006s, RTAB-Map=0.3972s, Maps update=0.0059s pub=0.0000s delay=0.3760s (local map=22, WM=22)
[rtabmap-2] [INFO] [1768909216.164545409] [rtabmap]: rtabmap (115): Rate=0.50s, Limit=0.000s, Conversion=0.0008s, RTAB-Map=0.5093s, Maps update=0.0063s pub=0.0000s delay=0.5200s (local map=22, WM=22)
[rtabmap-2] [INFO] [1768909216.851264631] [rtabmap]: rtabmap (116): Rate=0.50s, Limit=0.000s, Conversion=0.0009s, RTAB-Map=0.6758s, Maps update=0.0066s pub=0.0000s delay=0.7100s (local map=22, WM=22)
[rtabmap-2] [INFO] [1768909217.380918162] [rtabmap]: rtabmap (117): Rate=0.50s, Limit=0.000s, Conversion=0.0007s, RTAB-Map=0.4849s, Maps update=0.0069s pub=0.0000s delay=0.4870s (local map=22, WM=22)
[rtabmap-2] [INFO] [1768909218.051494286] [rtabmap]: rtabmap (118): Rate=0.50s, Limit=0.000s, Conversion=0.0009s, RTAB-Map=0.5907s, Maps update=0.0068s pub=0.0000s delay=0.6440s (local map=22, WM=22)
[rtabmap-2] [INFO] [1768909218.678219592] [rtabmap]: rtabmap (119): Rate=0.50s, Limit=0.000s, Conversion=0.0012s, RTAB-Map=0.5999s, Maps update=0.0041s pub=0.0001s delay=0.6170s (local map=22, WM=22)
[rtabmap-2] [INFO] [1768909219.310718815] [rtabmap]: rtabmap (120): Rate=0.50s, Limit=0.000s, Conversion=0.0010s, RTAB-Map=0.5336s, Maps update=0.0038s pub=0.0000s delay=0.5210s (local map=22, WM=22)
[rtabmap-2] [INFO] [1768909219.782718005] [rtabmap]: rtabmap (121): Rate=0.50s, Limit=0.000s, Conversion=0.0007s, RTAB-Map=0.4469s, Maps update=0.0050s pub=0.0000s delay=0.4680s (local map=22, WM=22)
[rtabmap-2] [INFO] [1768909220.192640221] [rtabmap]: rtabmap (122): Rate=0.50s, Limit=0.000s, Conversion=0.0005s, RTAB-Map=0.3684s, Maps update=0.0037s pub=0.0000s delay=0.3630s (local map=22, WM=22)
[rtabmap-2] [INFO] [1768909220.773433559] [rtabmap]: rtabmap (123): Rate=0.50s, Limit=0.000s, Conversion=0.0005s, RTAB-Map=0.4218s, Maps update=0.0058s pub=0.0000s delay=0.4490s (local map=22, WM=22)
[rtabmap-2] [INFO] [1768909221.239428734] [rtabmap]: rtabmap (124): Rate=0.50s, Limit=0.000s, Conversion=0.0006s, RTAB-Map=0.3788s, Maps update=0.0061s pub=0.0000s delay=0.4470s (local map=22, WM=22)
[rtabmap-2] [INFO] [1768909221.812389324] [rtabmap]: rtabmap (125): Rate=0.50s, Limit=0.000s, Conversion=0.0006s, RTAB-Map=0.3888s, Maps update=0.0045s pub=0.0000s delay=0.3750s (local map=22, WM=22)
[rtabmap-2] [INFO] [1768909222.365404143] [rtabmap]: rtabmap (126): Rate=0.50s, Limit=0.000s, Conversion=0.0005s, RTAB-Map=0.3515s, Maps update=0.0046s pub=0.0000s delay=0.3750s (local map=22, WM=22)
[rtabmap-2] [INFO] [1768909222.902141058] [rtabmap]: rtabmap (127): Rate=0.50s, Limit=0.000s, Conversion=0.0005s, RTAB-Map=0.3394s, Maps update=0.0058s pub=0.0000s delay=0.3390s (local map=22, WM=22)
[rtabmap-2] [INFO] [1768909223.415152091] [rtabmap]: rtabmap (128): Rate=0.50s, Limit=0.000s, Conversion=0.0007s, RTAB-Map=0.3167s, Maps update=0.0038s pub=0.0000s delay=0.3060s (local map=22, WM=22)
[rtabmap-2] [INFO] [1768909223.974642022] [rtabmap]: rtabmap (129): Rate=0.50s, Limit=0.000s, Conversion=0.0004s, RTAB-Map=0.3396s, Maps update=0.0041s pub=0.0000s delay=0.3650s (local map=22, WM=22)
[rtabmap-2] [INFO] [1768909224.619048084] [rtabmap]: rtabmap (130): Rate=0.50s, Limit=0.000s, Conversion=0.0005s, RTAB-Map=0.4362s, Maps update=0.0040s pub=0.0000s delay=0.4210s (local map=22, WM=22)
[rtabmap-2] [INFO] [1768909225.208850436] [rtabmap]: rtabmap (131): Rate=0.50s, Limit=0.000s, Conversion=0.0005s, RTAB-Map=0.3967s, Maps update=0.0037s pub=0.0000s delay=0.3900s (local map=22, WM=22)
[rtabmap-2] [INFO] [1768909225.741988135] [rtabmap]: rtabmap (132): Rate=0.50s, Limit=0.000s, Conversion=0.0008s, RTAB-Map=0.3913s, Maps update=0.0042s pub=0.0000s delay=0.3430s (local map=22, WM=22)
[rtabmap-2] [INFO] [1768909226.273268562] [rtabmap]: rtabmap (133): Rate=0.50s, Limit=0.000s, Conversion=0.0007s, RTAB-Map=0.3707s, Maps update=0.0033s pub=0.0000s delay=0.3900s (local map=22, WM=22)
[rtabmap-2] [INFO] [1768909226.875080806] [rtabmap]: rtabmap (134): Rate=0.50s, Limit=0.000s, Conversion=0.0005s, RTAB-Map=0.3838s, Maps update=0.0072s pub=0.0000s delay=0.4150s (local map=22, WM=22)
[rtabmap-2] [INFO] [1768909227.373610587] [rtabmap]: rtabmap (135): Rate=0.50s, Limit=0.000s, Conversion=0.0005s, RTAB-Map=0.3465s, Maps update=0.0060s pub=0.0000s delay=0.3660s (local map=22, WM=22)
[rtabmap-2] [INFO] [1768909227.893246864] [rtabmap]: rtabmap (136): Rate=0.50s, Limit=0.000s, Conversion=0.0006s, RTAB-Map=0.3151s, Maps update=0.0034s pub=0.0000s delay=0.3390s (local map=22, WM=22)
[rtabmap-2] [INFO] [1768909228.468021362] [rtabmap]: rtabmap (137): Rate=0.50s, Limit=0.000s, Conversion=0.0007s, RTAB-Map=0.3908s, Maps update=0.0033s pub=0.0000s delay=0.4200s (local map=22, WM=22)
[rtabmap-2] [INFO] [1768909228.974611031] [rtabmap]: rtabmap (138): Rate=0.50s, Limit=0.000s, Conversion=0.0011s, RTAB-Map=0.3944s, Maps update=0.0061s pub=0.0001s delay=0.4160s (local map=22, WM=22)
[rtabmap-2] [INFO] [1768909229.524376199] [rtabmap]: rtabmap (139): Rate=0.50s, Limit=0.000s, Conversion=0.0006s, RTAB-Map=0.3379s, Maps update=0.0032s pub=0.0000s delay=0.3190s (local map=22, WM=22)
[rtabmap-2] [INFO] [1768909230.030945521] [rtabmap]: rtabmap (140): Rate=0.50s, Limit=0.000s, Conversion=0.0006s, RTAB-Map=0.3106s, Maps update=0.0054s pub=0.0000s delay=0.2790s (local map=22, WM=22)
[rtabmap-2] [INFO] [1768909230.695163118] [rtabmap]: rtabmap (141): Rate=0.50s, Limit=0.000s, Conversion=0.0004s, RTAB-Map=0.4563s, Maps update=0.0055s pub=0.0000s delay=0.4570s (local map=22, WM=22)
[rtabmap-2] [INFO] [1768909231.216504117] [rtabmap]: rtabmap (142): Rate=0.50s, Limit=0.000s, Conversion=0.0006s, RTAB-Map=0.4673s, Maps update=0.0033s pub=0.0000s delay=0.4460s (local map=22, WM=22)
[rtabmap-2] [INFO] [1768909231.619774388] [rtabmap]: rtabmap (143): Rate=0.50s, Limit=0.000s, Conversion=0.0008s, RTAB-Map=0.3527s, Maps update=0.0054s pub=0.0000s delay=0.3420s (local map=22, WM=22)
[rtabmap-2] [INFO] [1768909232.207663238] [rtabmap]: rtabmap (144): Rate=0.50s, Limit=0.000s, Conversion=0.0005s, RTAB-Map=0.4008s, Maps update=0.0083s pub=0.0000s delay=0.4270s (local map=22, WM=22)
[rtabmap-2] [INFO] [1768909232.768001803] [rtabmap]: rtabmap (145): Rate=0.50s, Limit=0.000s, Conversion=0.0006s, RTAB-Map=0.4436s, Maps update=0.0071s pub=0.0001s delay=0.4250s (local map=22, WM=22)
[rtabmap-2] [INFO] [1768909233.282715415] [rtabmap]: rtabmap (146): Rate=0.50s, Limit=0.000s, Conversion=0.0006s, RTAB-Map=0.4835s, Maps update=0.0062s pub=0.0001s delay=0.5170s (local map=22, WM=22)
[rtabmap-2] [INFO] [1768909233.702542803] [rtabmap]: rtabmap (147): Rate=0.50s, Limit=0.000s, Conversion=0.0004s, RTAB-Map=0.3629s, Maps update=0.0049s pub=0.0000s delay=0.3910s (local map=22, WM=22)
[rtabmap-2] [INFO] [1768909234.246033178] [rtabmap]: rtabmap (148): Rate=0.50s, Limit=0.000s, Conversion=0.0005s, RTAB-Map=0.4083s, Maps update=0.0047s pub=0.0000s delay=0.3900s (local map=22, WM=22)
[rtabmap-2] [INFO] [1768909234.915837818] [rtabmap]: rtabmap (149): Rate=0.50s, Limit=0.000s, Conversion=0.0007s, RTAB-Map=0.3626s, Maps update=0.0058s pub=0.0000s delay=0.3840s (local map=22, WM=22)
[rgbd_sync-1] [INFO] [1768909235.146570435] [rclcpp]: signal_handler(signum=2)
[rtabmap-2] [INFO] [1768909235.146570054] [rclcpp]: signal_handler(signum=2)
[INFO] [rgbd_sync-1]: process has finished cleanly [pid 9024]
[rtabmap-2] [INFO] [1768909235.427618634] [rtabmap]: rtabmap (150): Rate=0.50s, Limit=0.000s, Conversion=0.0006s, RTAB-Map=0.3206s, Maps update=0.0001s pub=0.0001s delay=0.0130s (local map=22, WM=22)
[rtabmap-2] [INFO] [1768909235.428566924] [rtabmap]: Parameters are not saved (No configuration file provided...)
[rtabmap-2] [33m[ WARN] (2026-01-20 20:39:08.868) MsgConversion.cpp:2010::getTransform() (getting transform world -> camera_color_optical_frame) "camera_color_optical_frame" passed to lookupTransform argument source_frame does not exist.  (wait_for_transform=0.200000)[0m
[rtabmap-2] [33m[ WARN] (2026-01-20 20:39:09.043) Memory.cpp:5917::createSignature() Mem/SaveDepth16Format is set to false to use 32bits format but this is not compatible with the compressed depth format chosen (Mem/DepthCompressionFormat=".rvl"), depth images will be compressed in ".png" format instead. Explicitly set Mem/SaveDepth16Format to true to keep using ".rvl" format and images will be converted to 16bits for convenience (warning: that would remove all depth values over 65 meters). Explicitly set Mem/DepthCompressionFormat=".png" to suppress this warning. This warning is only printed once.[0m
[rtabmap-2] [33m[ WARN] (2026-01-20 20:39:26.959) MapsManager.cpp:863::publishMaps() Graph has changed! The whole cloud is regenerated.[0m
[rtabmap-2] rtabmap: Saving database/long-term memory... (located at /home/fujino/.ros/rtabmap_ur5e_20260120_203907.db)
[rtabmap-2] rtabmap: Saving database/long-term memory...done! (located at /home/fujino/.ros/rtabmap_ur5e_20260120_203907.db, 227 MB)
[INFO] [rtabmap-2]: process has finished cleanly [pid 9026]
