[INFO] [launch]: All log files can be found below /home/fujino/.ros/log/2026-01-16-22-36-48-048115-fh-392811
[INFO] [launch]: Default logging verbosity is set to INFO
[INFO] [rgbd_sync-1]: process started with pid [392814]
[INFO] [rtabmap-2]: process started with pid [392816]
[rgbd_sync-1] [INFO] [1768570608.681683307] [rgbd_sync]: rgbd_sync: approx_sync = true
[rgbd_sync-1] [INFO] [1768570608.682185551] [rgbd_sync]: rgbd_sync: approx_sync_max_interval = 0.000000
[rgbd_sync-1] [INFO] [1768570608.682270924] [rgbd_sync]: rgbd_sync: topic_queue_size  = 10
[rgbd_sync-1] [INFO] [1768570608.682293716] [rgbd_sync]: rgbd_sync: sync_queue_size  = 30
[rgbd_sync-1] [INFO] [1768570608.682312883] [rgbd_sync]: rgbd_sync: qos             = 2
[rgbd_sync-1] [INFO] [1768570608.682330914] [rgbd_sync]: rgbd_sync: qos_camera_info = 2
[rgbd_sync-1] [INFO] [1768570608.682348172] [rgbd_sync]: rgbd_sync: depth_scale = 1.000000
[rgbd_sync-1] [INFO] [1768570608.682370004] [rgbd_sync]: rgbd_sync: decimation = 1
[rgbd_sync-1] [INFO] [1768570608.682388152] [rgbd_sync]: rgbd_sync: compressed_rate = 0.000000
[rgbd_sync-1] [INFO] [1768570608.709718433] [rgbd_sync]: 
[rgbd_sync-1] rgbd_sync subscribed to (approx sync):
[rgbd_sync-1]    /camera/color/image_raw,
[rgbd_sync-1]    /camera/depth/depth/image_raw,
[rgbd_sync-1]    /camera/color/camera_info
[rtabmap-2] [INFO] [1768570608.917618886] [rtabmap]: rtabmap(maps): latch                      = true
[rtabmap-2] [INFO] [1768570608.917857082] [rtabmap]: rtabmap(maps): map_filter_radius          = 0.000000
[rtabmap-2] [INFO] [1768570608.917884442] [rtabmap]: rtabmap(maps): map_filter_angle           = 30.000000
[rtabmap-2] [INFO] [1768570608.917895237] [rtabmap]: rtabmap(maps): map_cleanup                = true
[rtabmap-2] [INFO] [1768570608.917903044] [rtabmap]: rtabmap(maps): map_always_update          = false
[rtabmap-2] [INFO] [1768570608.917910877] [rtabmap]: rtabmap(maps): map_empty_ray_tracing      = true
[rtabmap-2] [INFO] [1768570608.917918618] [rtabmap]: rtabmap(maps): cloud_output_voxelized     = true
[rtabmap-2] [INFO] [1768570608.917926027] [rtabmap]: rtabmap(maps): cloud_subtract_filtering   = false
[rtabmap-2] [INFO] [1768570608.917933667] [rtabmap]: rtabmap(maps): cloud_subtract_filtering_min_neighbors = 2
[rtabmap-2] [INFO] [1768570608.917980958] [rtabmap]: rtabmap(maps): octomap_tree_depth         = 16
[rtabmap-2] [INFO] [1768570609.017146825] [rtabmap]: rtabmap: frame_id      = camera_color_optical_frame
[rtabmap-2] [INFO] [1768570609.017228026] [rtabmap]: rtabmap: odom_frame_id = world
[rtabmap-2] [INFO] [1768570609.017252048] [rtabmap]: rtabmap: map_frame_id  = world
[rtabmap-2] [INFO] [1768570609.017271364] [rtabmap]: rtabmap: log_to_rosout_level  = 4
[rtabmap-2] [INFO] [1768570609.017290635] [rtabmap]: rtabmap: initial_pose  = 
[rtabmap-2] [INFO] [1768570609.017308314] [rtabmap]: rtabmap: use_action_for_goal  = false
[rtabmap-2] [INFO] [1768570609.017326329] [rtabmap]: rtabmap: tf_delay      = 0.050000
[rtabmap-2] [INFO] [1768570609.017350931] [rtabmap]: rtabmap: tf_tolerance  = 0.100000
[rtabmap-2] [INFO] [1768570609.017373277] [rtabmap]: rtabmap: odom_sensor_sync   = false
[rtabmap-2] [INFO] [1768570609.017392305] [rtabmap]: rtabmap: pub_loc_pose_only_when_localizing = false
[rtabmap-2] [INFO] [1768570609.017409675] [rtabmap]: rtabmap: wait_for_transform = 0.200000
[rtabmap-2] [INFO] [1768570609.017429519] [rtabmap]: rtabmap: gen_scan  = false
[rtabmap-2] [INFO] [1768570609.017447153] [rtabmap]: rtabmap: gen_depth  = false
[rtabmap-2] [INFO] [1768570609.074330364] [rtabmap]: Setting RTAB-Map parameter "Grid/3D"="true" (rosparam)
[rtabmap-2] [INFO] [1768570609.079771361] [rtabmap]: Setting RTAB-Map parameter "Grid/RangeMax"="5.0" (rosparam)
[rtabmap-2] [INFO] [1768570609.080230977] [rtabmap]: Setting RTAB-Map parameter "Grid/RayTracing"="true" (rosparam)
[rtabmap-2] [INFO] [1768570609.081732530] [rtabmap]: Setting RTAB-Map parameter "Grid/Sensor"="1" (rosparam)
[rtabmap-2] [INFO] [1768570609.135768361] [rtabmap]: Setting RTAB-Map parameter "RGBD/CreateOccupancyGrid"="true" (rosparam)
[rtabmap-2] [INFO] [1768570609.163596394] [rtabmap]: Setting RTAB-Map parameter "Rtabmap/DetectionRate"="2.0" (rosparam)
[rtabmap-2] [INFO] [1768570609.340158498] [rtabmap]: RTAB-Map detection rate = 2.000000 Hz
[rtabmap-2] [INFO] [1768570609.340422408] [rtabmap]: rtabmap: Using database from "/home/fujino/.ros/rtabmap_ur5e_20260116_223647.db" (0 MB).
[rtabmap-2] [INFO] [1768570609.384021187] [rtabmap]: rtabmap: Database version = "0.22.1".
[rtabmap-2] [INFO] [1768570609.384108430] [rtabmap]: rtabmap: SLAM mode (Mem/IncrementalMemory=true)
[rtabmap-2] [INFO] [1768570609.464389410] [rtabmap]: Setup callbacks
[rtabmap-2] [WARN] [1768570609.464496733] [rtabmap]: rtabmap: Parameters subscribe_depth and subscribe_rgbd cannot be true at the same time. Parameter subscribe_depth is set to false.
[rtabmap-2] [INFO] [1768570609.464714997] [rtabmap]: rtabmap: subscribe_depth = false
[rtabmap-2] [INFO] [1768570609.464752825] [rtabmap]: rtabmap: subscribe_rgb = false
[rtabmap-2] [INFO] [1768570609.464776230] [rtabmap]: rtabmap: subscribe_stereo = false
[rtabmap-2] [INFO] [1768570609.464796086] [rtabmap]: rtabmap: subscribe_rgbd = true (rgbd_cameras=1)
[rtabmap-2] [INFO] [1768570609.464818621] [rtabmap]: rtabmap: subscribe_sensor_data = false
[rtabmap-2] [INFO] [1768570609.464838598] [rtabmap]: rtabmap: subscribe_odom_info = false
[rtabmap-2] [INFO] [1768570609.464857612] [rtabmap]: rtabmap: subscribe_user_data = false
[rtabmap-2] [INFO] [1768570609.464876569] [rtabmap]: rtabmap: subscribe_scan = false
[rtabmap-2] [INFO] [1768570609.464895501] [rtabmap]: rtabmap: subscribe_scan_cloud = false
[rtabmap-2] [INFO] [1768570609.464914228] [rtabmap]: rtabmap: subscribe_scan_descriptor = false
[rtabmap-2] [INFO] [1768570609.464934549] [rtabmap]: rtabmap: topic_queue_size = 10
[rtabmap-2] [INFO] [1768570609.464954986] [rtabmap]: rtabmap: sync_queue_size  = 30
[rtabmap-2] [INFO] [1768570609.464974619] [rtabmap]: rtabmap: qos_image       = 2
[rtabmap-2] [INFO] [1768570609.465047686] [rtabmap]: rtabmap: qos_camera_info = 2
[rtabmap-2] [INFO] [1768570609.465074524] [rtabmap]: rtabmap: qos_scan        = 2
[rtabmap-2] [INFO] [1768570609.465093575] [rtabmap]: rtabmap: qos_odom        = 2
[rtabmap-2] [INFO] [1768570609.465112998] [rtabmap]: rtabmap: qos_user_data   = 2
[rtabmap-2] [INFO] [1768570609.465150097] [rtabmap]: rtabmap: approx_sync     = true
[rtabmap-2] [INFO] [1768570609.465186452] [rtabmap]: Setup rgbd callback
[rtabmap-2] [INFO] [1768570609.467375122] [rtabmap]: 
[rtabmap-2] rtabmap subscribed to:
[rtabmap-2]    /rgbd_image
[rtabmap-2] [INFO] [1768570610.012825625] [rtabmap]: rtabmap (1): Rate=0.50s, Limit=0.000s, Conversion=0.0028s, RTAB-Map=0.2940s, Maps update=0.0001s pub=0.0000s delay=0.3070s (local map=1, WM=1)
[rtabmap-2] [INFO] [1768570610.652699448] [rtabmap]: rtabmap (2): Rate=0.50s, Limit=0.000s, Conversion=0.0017s, RTAB-Map=0.3383s, Maps update=0.0001s pub=0.0000s delay=0.3550s (local map=1, WM=1)
[rtabmap-2] [INFO] [1768570611.098350160] [rtabmap]: rtabmap (3): Rate=0.50s, Limit=0.000s, Conversion=0.0027s, RTAB-Map=0.2540s, Maps update=0.0001s pub=0.0000s delay=0.2410s (local map=1, WM=1)
[rgbd_sync-1] [WARN] [1768570611.325467557] [rgbd_sync]: The time difference between rgb and depth frames is high (diff=0.037000s, rgb=10666.747000s, depth=10666.710000s). You may want to set approx_sync_max_interval lower than 0.01s to reject spurious bad synchronizations or use approx_sync=false if streams have all the exact same timestamp. Setting approx_sync_max_interval will suppress this warning.
[rtabmap-2] [INFO] [1768570611.686517052] [rtabmap]: rtabmap (4): Rate=0.50s, Limit=0.000s, Conversion=0.0027s, RTAB-Map=0.3053s, Maps update=0.0000s pub=0.0000s delay=0.3050s (local map=1, WM=1)
[rtabmap-2] [INFO] [1768570612.180815274] [rtabmap]: rtabmap (5): Rate=0.50s, Limit=0.000s, Conversion=0.0022s, RTAB-Map=0.2502s, Maps update=0.0001s pub=0.0000s delay=0.2600s (local map=1, WM=1)
[rtabmap-2] [INFO] [1768570612.698170458] [rtabmap]: rtabmap (6): Rate=0.50s, Limit=0.000s, Conversion=0.0025s, RTAB-Map=0.2360s, Maps update=0.0001s pub=0.0000s delay=0.2120s (local map=1, WM=1)
[rgbd_sync-1] [WARN] [1768570613.025934781] [rgbd_sync]: The time difference between rgb and depth frames is high (diff=0.029000s, rgb=10668.459000s, depth=10668.430000s). You may want to set approx_sync_max_interval lower than 0.01s to reject spurious bad synchronizations or use approx_sync=false if streams have all the exact same timestamp. Setting approx_sync_max_interval will suppress this warning.
[rtabmap-2] [INFO] [1768570613.301356706] [rtabmap]: rtabmap (7): Rate=0.50s, Limit=0.000s, Conversion=0.0008s, RTAB-Map=0.2314s, Maps update=0.0001s pub=0.0000s delay=0.2090s (local map=1, WM=1)
[rtabmap-2] [INFO] [1768570613.854501994] [rtabmap]: rtabmap (8): Rate=0.50s, Limit=0.000s, Conversion=0.0006s, RTAB-Map=0.2584s, Maps update=0.0001s pub=0.0000s delay=0.2950s (local map=1, WM=1)
[rgbd_sync-1] [WARN] [1768570614.128471406] [rgbd_sync]: The time difference between rgb and depth frames is high (diff=0.032000s, rgb=10669.548000s, depth=10669.580000s). You may want to set approx_sync_max_interval lower than 0.01s to reject spurious bad synchronizations or use approx_sync=false if streams have all the exact same timestamp. Setting approx_sync_max_interval will suppress this warning.
[rtabmap-2] [INFO] [1768570614.325941772] [rtabmap]: rtabmap (9): Rate=0.50s, Limit=0.000s, Conversion=0.0019s, RTAB-Map=0.1915s, Maps update=0.0000s pub=0.0000s delay=0.1520s (local map=1, WM=1)
[rtabmap-2] [INFO] [1768570614.925626158] [rtabmap]: rtabmap (10): Rate=0.50s, Limit=0.000s, Conversion=0.0006s, RTAB-Map=0.2450s, Maps update=0.0001s pub=0.0000s delay=0.2220s (local map=1, WM=1)
[rtabmap-2] [INFO] [1768570615.462072259] [rtabmap]: rtabmap (11): Rate=0.50s, Limit=0.000s, Conversion=0.0007s, RTAB-Map=0.2738s, Maps update=0.0001s pub=0.0000s delay=0.3020s (local map=1, WM=1)
[rtabmap-2] [INFO] [1768570615.946852055] [rtabmap]: rtabmap (12): Rate=0.50s, Limit=0.000s, Conversion=0.0005s, RTAB-Map=0.2301s, Maps update=0.0001s pub=0.0000s delay=0.2840s (local map=1, WM=1)
[rtabmap-2] [INFO] [1768570616.539296496] [rtabmap]: rtabmap (13): Rate=0.50s, Limit=0.000s, Conversion=0.0012s, RTAB-Map=0.2936s, Maps update=0.0001s pub=0.0000s delay=0.2580s (local map=1, WM=1)
[rtabmap-2] [INFO] [1768570617.053213886] [rtabmap]: rtabmap (14): Rate=0.50s, Limit=0.000s, Conversion=0.0009s, RTAB-Map=0.2901s, Maps update=0.0001s pub=0.0000s delay=0.3220s (local map=1, WM=1)
[rtabmap-2] [INFO] [1768570617.645068453] [rtabmap]: rtabmap (15): Rate=0.50s, Limit=0.000s, Conversion=0.0016s, RTAB-Map=0.2931s, Maps update=0.0001s pub=0.0000s delay=0.2620s (local map=1, WM=1)
[rtabmap-2] [INFO] [1768570618.107660894] [rtabmap]: rtabmap (16): Rate=0.50s, Limit=0.000s, Conversion=0.0006s, RTAB-Map=0.2563s, Maps update=0.0001s pub=0.0000s delay=0.2620s (local map=1, WM=1)
[rgbd_sync-1] [WARN] [1768570618.709499583] [rgbd_sync]: The time difference between rgb and depth frames is high (diff=0.034000s, rgb=10674.102000s, depth=10674.136000s). You may want to set approx_sync_max_interval lower than 0.01s to reject spurious bad synchronizations or use approx_sync=false if streams have all the exact same timestamp. Setting approx_sync_max_interval will suppress this warning.
[rtabmap-2] [INFO] [1768570618.741675638] [rtabmap]: rtabmap (17): Rate=0.50s, Limit=0.000s, Conversion=0.0008s, RTAB-Map=0.2461s, Maps update=0.0001s pub=0.0000s delay=0.2280s (local map=1, WM=1)
[rgbd_sync-1] [WARN] [1768570618.895319957] [rgbd_sync]: The time difference between rgb and depth frames is high (diff=0.032000s, rgb=10674.281000s, depth=10674.249000s). You may want to set approx_sync_max_interval lower than 0.01s to reject spurious bad synchronizations or use approx_sync=false if streams have all the exact same timestamp. Setting approx_sync_max_interval will suppress this warning.
[rtabmap-2] [INFO] [1768570619.249640570] [rtabmap]: rtabmap (18): Rate=0.50s, Limit=0.000s, Conversion=0.0012s, RTAB-Map=0.2222s, Maps update=0.0001s pub=0.0000s delay=0.1690s (local map=1, WM=1)
[rtabmap-2] [INFO] [1768570619.903777534] [rtabmap]: rtabmap (19): Rate=0.50s, Limit=0.000s, Conversion=0.0005s, RTAB-Map=0.2796s, Maps update=0.0001s pub=0.0000s delay=0.3060s (local map=1, WM=1)
[rgbd_sync-1] [WARN] [1768570620.150359054] [rgbd_sync]: The time difference between rgb and depth frames is high (diff=0.030000s, rgb=10675.471000s, depth=10675.441000s). You may want to set approx_sync_max_interval lower than 0.01s to reject spurious bad synchronizations or use approx_sync=false if streams have all the exact same timestamp. Setting approx_sync_max_interval will suppress this warning.
[rgbd_sync-1] [WARN] [1768570620.482611416] [rgbd_sync]: The time difference between rgb and depth frames is high (diff=0.034000s, rgb=10675.809000s, depth=10675.843000s). You may want to set approx_sync_max_interval lower than 0.01s to reject spurious bad synchronizations or use approx_sync=false if streams have all the exact same timestamp. Setting approx_sync_max_interval will suppress this warning.
[rtabmap-2] [INFO] [1768570620.564023943] [rtabmap]: rtabmap (20): Rate=0.50s, Limit=0.000s, Conversion=0.0011s, RTAB-Map=0.2829s, Maps update=0.0001s pub=0.0000s delay=0.3590s (local map=1, WM=1)
[rtabmap-2] [INFO] [1768570621.094190781] [rtabmap]: rtabmap (21): Rate=0.50s, Limit=0.000s, Conversion=0.0010s, RTAB-Map=0.3238s, Maps update=0.0000s pub=0.0000s delay=0.3470s (local map=1, WM=1)
[rtabmap-2] [INFO] [1768570621.531645056] [rtabmap]: rtabmap (22): Rate=0.50s, Limit=0.000s, Conversion=0.0006s, RTAB-Map=0.2167s, Maps update=0.0000s pub=0.0000s delay=0.2080s (local map=1, WM=1)
[rtabmap-2] [INFO] [1768570622.075907403] [rtabmap]: rtabmap (23): Rate=0.50s, Limit=0.000s, Conversion=0.0006s, RTAB-Map=0.2295s, Maps update=0.0001s pub=0.0000s delay=0.2810s (local map=1, WM=1)
[rtabmap-2] [INFO] [1768570622.586131122] [rtabmap]: rtabmap (24): Rate=0.50s, Limit=0.000s, Conversion=0.0007s, RTAB-Map=0.2320s, Maps update=0.0001s pub=0.0000s delay=0.2790s (local map=1, WM=1)
[rgbd_sync-1] [WARN] [1768570622.846270497] [rgbd_sync]: The time difference between rgb and depth frames is high (diff=0.053000s, rgb=10678.170000s, depth=10678.117000s). You may want to set approx_sync_max_interval lower than 0.01s to reject spurious bad synchronizations or use approx_sync=false if streams have all the exact same timestamp. Setting approx_sync_max_interval will suppress this warning.
[rgbd_sync-1] [WARN] [1768570623.080170469] [rgbd_sync]: The time difference between rgb and depth frames is high (diff=0.034000s, rgb=10678.461000s, depth=10678.495000s). You may want to set approx_sync_max_interval lower than 0.01s to reject spurious bad synchronizations or use approx_sync=false if streams have all the exact same timestamp. Setting approx_sync_max_interval will suppress this warning.
[rtabmap-2] [INFO] [1768570623.142791206] [rtabmap]: rtabmap (25): Rate=0.50s, Limit=0.000s, Conversion=0.0008s, RTAB-Map=0.2463s, Maps update=0.0001s pub=0.0000s delay=0.2370s (local map=1, WM=1)
[rgbd_sync-1] [WARN] [1768570623.334885726] [rgbd_sync]: The time difference between rgb and depth frames is high (diff=0.033000s, rgb=10678.597000s, depth=10678.630000s). You may want to set approx_sync_max_interval lower than 0.01s to reject spurious bad synchronizations or use approx_sync=false if streams have all the exact same timestamp. Setting approx_sync_max_interval will suppress this warning.
[rtabmap-2] [INFO] [1768570623.632939328] [rtabmap]: rtabmap (26): Rate=0.50s, Limit=0.000s, Conversion=0.0010s, RTAB-Map=0.2425s, Maps update=0.0001s pub=0.0000s delay=0.2350s (local map=1, WM=1)
[rtabmap-2] [INFO] [1768570624.197074408] [rtabmap]: rtabmap (27): Rate=0.50s, Limit=0.000s, Conversion=0.0011s, RTAB-Map=0.2488s, Maps update=0.0000s pub=0.0000s delay=0.2650s (local map=1, WM=1)
[rgbd_sync-1] [WARN] [1768570624.483472033] [rgbd_sync]: The time difference between rgb and depth frames is high (diff=0.054000s, rgb=10679.831000s, depth=10679.777000s). You may want to set approx_sync_max_interval lower than 0.01s to reject spurious bad synchronizations or use approx_sync=false if streams have all the exact same timestamp. Setting approx_sync_max_interval will suppress this warning.
[rgbd_sync-1] [WARN] [1768570625.452313738] [rgbd_sync]: The time difference between rgb and depth frames is high (diff=0.047000s, rgb=10680.657000s, depth=10680.610000s). You may want to set approx_sync_max_interval lower than 0.01s to reject spurious bad synchronizations or use approx_sync=false if streams have all the exact same timestamp. Setting approx_sync_max_interval will suppress this warning.
[rtabmap-2] [INFO] [1768570625.508011687] [rtabmap]: rtabmap (28): Rate=0.50s, Limit=0.000s, Conversion=0.0012s, RTAB-Map=0.3180s, Maps update=0.0001s pub=0.0000s delay=0.3210s (local map=1, WM=1)
[rtabmap-2] [INFO] [1768570625.920539079] [rtabmap]: rtabmap (29): Rate=0.50s, Limit=0.000s, Conversion=0.0007s, RTAB-Map=0.2248s, Maps update=0.0001s pub=0.0000s delay=0.2030s (local map=1, WM=1)
[rtabmap-2] [INFO] [1768570626.506069704] [rtabmap]: rtabmap (30): Rate=0.50s, Limit=0.000s, Conversion=0.0007s, RTAB-Map=0.2753s, Maps update=0.0001s pub=0.0000s delay=0.2590s (local map=1, WM=1)
[rtabmap-2] [INFO] [1768570627.038951883] [rtabmap]: rtabmap (31): Rate=0.50s, Limit=0.000s, Conversion=0.0006s, RTAB-Map=0.2397s, Maps update=0.0001s pub=0.0000s delay=0.2910s (local map=1, WM=1)
[rtabmap-2] [INFO] [1768570627.566052067] [rtabmap]: rtabmap (32): Rate=0.50s, Limit=0.000s, Conversion=0.0008s, RTAB-Map=0.2505s, Maps update=0.0001s pub=0.0000s delay=0.2670s (local map=1, WM=1)
[rgbd_sync-1] [WARN] [1768570627.810384526] [rgbd_sync]: The time difference between rgb and depth frames is high (diff=0.041000s, rgb=10683.139000s, depth=10683.098000s). You may want to set approx_sync_max_interval lower than 0.01s to reject spurious bad synchronizations or use approx_sync=false if streams have all the exact same timestamp. Setting approx_sync_max_interval will suppress this warning.
[rgbd_sync-1] [WARN] [1768570627.869599048] [rgbd_sync]: The time difference between rgb and depth frames is high (diff=0.037000s, rgb=10683.176000s, depth=10683.139000s). You may want to set approx_sync_max_interval lower than 0.01s to reject spurious bad synchronizations or use approx_sync=false if streams have all the exact same timestamp. Setting approx_sync_max_interval will suppress this warning.
[rtabmap-2] [INFO] [1768570628.262304474] [rtabmap]: rtabmap (33): Rate=0.50s, Limit=0.000s, Conversion=0.0006s, RTAB-Map=0.3880s, Maps update=0.0001s pub=0.0000s delay=0.3610s (local map=1, WM=1)
[rtabmap-2] [INFO] [1768570629.034788543] [rtabmap]: rtabmap (34): Rate=0.50s, Limit=0.000s, Conversion=0.0008s, RTAB-Map=0.3005s, Maps update=0.0001s pub=0.0000s delay=0.3400s (local map=1, WM=1)
[rtabmap-2] [INFO] [1768570629.675588066] [rtabmap]: rtabmap (35): Rate=0.50s, Limit=0.000s, Conversion=0.0018s, RTAB-Map=0.2753s, Maps update=0.0001s pub=0.0000s delay=0.2750s (local map=1, WM=1)
[rtabmap-2] [INFO] [1768570630.196341221] [rtabmap]: rtabmap (36): Rate=0.50s, Limit=0.000s, Conversion=0.0005s, RTAB-Map=0.2433s, Maps update=0.0001s pub=0.0000s delay=0.2120s (local map=1, WM=1)
[rtabmap-2] [INFO] [1768570630.735875078] [rtabmap]: rtabmap (37): Rate=0.50s, Limit=0.000s, Conversion=0.0005s, RTAB-Map=0.2451s, Maps update=0.0001s pub=0.0000s delay=0.2780s (local map=1, WM=1)
[rtabmap-2] [INFO] [1768570631.227566810] [rtabmap]: rtabmap (38): Rate=0.50s, Limit=0.000s, Conversion=0.0007s, RTAB-Map=0.2324s, Maps update=0.0001s pub=0.0000s delay=0.2530s (local map=1, WM=1)
[rgbd_sync-1] [WARN] [1768570631.256979588] [rgbd_sync]: The time difference between rgb and depth frames is high (diff=0.028000s, rgb=10686.526000s, depth=10686.498000s). You may want to set approx_sync_max_interval lower than 0.01s to reject spurious bad synchronizations or use approx_sync=false if streams have all the exact same timestamp. Setting approx_sync_max_interval will suppress this warning.
[rtabmap-2] [INFO] [1768570631.794819869] [rtabmap]: rtabmap (39): Rate=0.50s, Limit=0.000s, Conversion=0.0007s, RTAB-Map=0.2990s, Maps update=0.0001s pub=0.0000s delay=0.2430s (local map=1, WM=1)
[rtabmap-2] [INFO] [1768570632.300294899] [rtabmap]: rtabmap (40): Rate=0.50s, Limit=0.000s, Conversion=0.0006s, RTAB-Map=0.2563s, Maps update=0.0000s pub=0.0000s delay=0.2170s (local map=1, WM=1)
[rgbd_sync-1] [WARN] [1768570632.671868353] [rgbd_sync]: The time difference between rgb and depth frames is high (diff=0.036000s, rgb=10687.860000s, depth=10687.896000s). You may want to set approx_sync_max_interval lower than 0.01s to reject spurious bad synchronizations or use approx_sync=false if streams have all the exact same timestamp. Setting approx_sync_max_interval will suppress this warning.
[rtabmap-2] [INFO] [1768570632.961535994] [rtabmap]: rtabmap (41): Rate=0.50s, Limit=0.000s, Conversion=0.0010s, RTAB-Map=0.2825s, Maps update=0.0001s pub=0.0000s delay=0.3400s (local map=1, WM=1)
[rgbd_sync-1] [WARN] [1768570633.036019952] [rgbd_sync]: The time difference between rgb and depth frames is high (diff=0.040000s, rgb=10688.281000s, depth=10688.241000s). You may want to set approx_sync_max_interval lower than 0.01s to reject spurious bad synchronizations or use approx_sync=false if streams have all the exact same timestamp. Setting approx_sync_max_interval will suppress this warning.
[rtabmap-2] [INFO] [1768570633.437654458] [rtabmap]: rtabmap (42): Rate=0.50s, Limit=0.000s, Conversion=0.0008s, RTAB-Map=0.2315s, Maps update=0.0001s pub=0.0000s delay=0.2570s (local map=1, WM=1)
[rgbd_sync-1] [WARN] [1768570633.771550262] [rgbd_sync]: The time difference between rgb and depth frames is high (diff=0.032000s, rgb=10689.018000s, depth=10689.050000s). You may want to set approx_sync_max_interval lower than 0.01s to reject spurious bad synchronizations or use approx_sync=false if streams have all the exact same timestamp. Setting approx_sync_max_interval will suppress this warning.
[rtabmap-2] [INFO] [1768570634.141800838] [rtabmap]: rtabmap (43): Rate=0.50s, Limit=0.000s, Conversion=0.0005s, RTAB-Map=0.2340s, Maps update=0.0001s pub=0.0000s delay=0.2460s (local map=1, WM=1)
[rtabmap-2] [INFO] [1768570634.896752691] [rtabmap]: rtabmap (44): Rate=0.50s, Limit=0.000s, Conversion=0.0006s, RTAB-Map=0.2705s, Maps update=0.0001s pub=0.0000s delay=0.2220s (local map=1, WM=1)
[rgbd_sync-1] [WARN] [1768570634.938323663] [rgbd_sync]: The time difference between rgb and depth frames is high (diff=0.052000s, rgb=10690.073000s, depth=10690.125000s). You may want to set approx_sync_max_interval lower than 0.01s to reject spurious bad synchronizations or use approx_sync=false if streams have all the exact same timestamp. Setting approx_sync_max_interval will suppress this warning.
[rtabmap-2] [INFO] [1768570635.374882112] [rtabmap]: rtabmap (45): Rate=0.50s, Limit=0.000s, Conversion=0.0008s, RTAB-Map=0.2164s, Maps update=0.0001s pub=0.0000s delay=0.2060s (local map=1, WM=1)
[rtabmap-2] [INFO] [1768570635.952006201] [rtabmap]: rtabmap (46): Rate=0.50s, Limit=0.000s, Conversion=0.0014s, RTAB-Map=0.2529s, Maps update=0.0001s pub=0.0000s delay=0.2730s (local map=1, WM=1)
[rtabmap-2] [INFO] [1768570636.654990375] [rtabmap]: rtabmap (47): Rate=0.50s, Limit=0.000s, Conversion=0.0011s, RTAB-Map=0.2726s, Maps update=0.0000s pub=0.0000s delay=0.2800s (local map=1, WM=1)
[rtabmap-2] [INFO] [1768570637.169149800] [rtabmap]: rtabmap (48): Rate=0.50s, Limit=0.000s, Conversion=0.0009s, RTAB-Map=0.2582s, Maps update=0.0000s pub=0.0000s delay=0.2460s (local map=1, WM=1)
[rtabmap-2] [INFO] [1768570637.774261230] [rtabmap]: rtabmap (49): Rate=0.50s, Limit=0.000s, Conversion=0.0008s, RTAB-Map=0.2705s, Maps update=0.0001s pub=0.0000s delay=0.2710s (local map=1, WM=1)
[rtabmap-2] [INFO] [1768570638.288702705] [rtabmap]: rtabmap (50): Rate=0.50s, Limit=0.000s, Conversion=0.0006s, RTAB-Map=0.2667s, Maps update=0.0001s pub=0.0000s delay=0.2610s (local map=1, WM=1)
[rtabmap-2] [INFO] [1768570638.813976929] [rtabmap]: rtabmap (51): Rate=0.50s, Limit=0.000s, Conversion=0.0008s, RTAB-Map=0.2764s, Maps update=0.0001s pub=0.0000s delay=0.2380s (local map=1, WM=1)
[rtabmap-2] [INFO] [1768570639.561416678] [rtabmap]: rtabmap (52): Rate=0.50s, Limit=0.000s, Conversion=0.0006s, RTAB-Map=0.2625s, Maps update=0.0000s pub=0.0000s delay=0.2830s (local map=1, WM=1)
[rtabmap-2] [INFO] [1768570640.153425557] [rtabmap]: rtabmap (53): Rate=0.50s, Limit=0.000s, Conversion=0.0009s, RTAB-Map=0.2803s, Maps update=0.0001s pub=0.0000s delay=0.3180s (local map=1, WM=1)
[rtabmap-2] [INFO] [1768570640.651399116] [rtabmap]: rtabmap (54): Rate=0.50s, Limit=0.000s, Conversion=0.0019s, RTAB-Map=0.2412s, Maps update=0.0001s pub=0.0000s delay=0.2930s (local map=1, WM=1)
[rtabmap-2] [INFO] [1768570641.199519000] [rtabmap]: rtabmap (55): Rate=0.50s, Limit=0.000s, Conversion=0.0006s, RTAB-Map=0.2500s, Maps update=0.0001s pub=0.0000s delay=0.2310s (local map=1, WM=1)
[rgbd_sync-1] [WARN] [1768570641.672953337] [rgbd_sync]: The time difference between rgb and depth frames is high (diff=0.035000s, rgb=10696.852000s, depth=10696.817000s). You may want to set approx_sync_max_interval lower than 0.01s to reject spurious bad synchronizations or use approx_sync=false if streams have all the exact same timestamp. Setting approx_sync_max_interval will suppress this warning.
[rtabmap-2] [INFO] [1768570641.809063386] [rtabmap]: rtabmap (56): Rate=0.50s, Limit=0.000s, Conversion=0.0007s, RTAB-Map=0.3149s, Maps update=0.0001s pub=0.0000s delay=0.3040s (local map=1, WM=1)
[rtabmap-2] [INFO] [1768570642.302622999] [rtabmap]: rtabmap (57): Rate=0.50s, Limit=0.000s, Conversion=0.0009s, RTAB-Map=0.2559s, Maps update=0.0001s pub=0.0000s delay=0.2510s (local map=1, WM=1)
[rtabmap-2] [INFO] [1768570642.809006338] [rtabmap]: rtabmap (58): Rate=0.50s, Limit=0.000s, Conversion=0.0005s, RTAB-Map=0.2426s, Maps update=0.0001s pub=0.0000s delay=0.2460s (local map=1, WM=1)
[rgbd_sync-1] [WARN] [1768570642.929773873] [rgbd_sync]: The time difference between rgb and depth frames is high (diff=0.031000s, rgb=10698.130000s, depth=10698.099000s). You may want to set approx_sync_max_interval lower than 0.01s to reject spurious bad synchronizations or use approx_sync=false if streams have all the exact same timestamp. Setting approx_sync_max_interval will suppress this warning.
[rtabmap-2] [INFO] [1768570643.353721354] [rtabmap]: rtabmap (59): Rate=0.50s, Limit=0.000s, Conversion=0.0017s, RTAB-Map=0.2604s, Maps update=0.0001s pub=0.0000s delay=0.2850s (local map=1, WM=1)
[rtabmap-2] [INFO] [1768570643.970861205] [rtabmap]: rtabmap (60): Rate=0.50s, Limit=0.000s, Conversion=0.0006s, RTAB-Map=0.3035s, Maps update=0.0001s pub=0.0000s delay=0.3190s (local map=1, WM=1)
[rtabmap-2] [INFO] [1768570644.579219850] [rtabmap]: rtabmap (61): Rate=0.50s, Limit=0.000s, Conversion=0.0012s, RTAB-Map=0.3160s, Maps update=0.0001s pub=0.0000s delay=0.3570s (local map=1, WM=1)
[rtabmap-2] [INFO] [1768570645.071931023] [rtabmap]: rtabmap (62): Rate=0.50s, Limit=0.000s, Conversion=0.0006s, RTAB-Map=0.2710s, Maps update=0.0001s pub=0.0000s delay=0.3130s (local map=1, WM=1)
[rtabmap-2] [INFO] [1768570645.509169848] [rtabmap]: rtabmap (63): Rate=0.50s, Limit=0.000s, Conversion=0.0009s, RTAB-Map=0.2342s, Maps update=0.0001s pub=0.0000s delay=0.2080s (local map=1, WM=1)
[rgbd_sync-1] [WARN] [1768570645.905556107] [rgbd_sync]: The time difference between rgb and depth frames is high (diff=0.034000s, rgb=10701.038000s, depth=10701.072000s). You may want to set approx_sync_max_interval lower than 0.01s to reject spurious bad synchronizations or use approx_sync=false if streams have all the exact same timestamp. Setting approx_sync_max_interval will suppress this warning.
[rtabmap-2] [INFO] [1768570646.024714937] [rtabmap]: rtabmap (64): Rate=0.50s, Limit=0.000s, Conversion=0.0006s, RTAB-Map=0.2255s, Maps update=0.0001s pub=0.0000s delay=0.1950s (local map=1, WM=1)
[rtabmap-2] [INFO] [1768570646.644697929] [rtabmap]: rtabmap (65): Rate=0.50s, Limit=0.000s, Conversion=0.0011s, RTAB-Map=0.2220s, Maps update=0.0000s pub=0.0000s delay=0.1910s (local map=1, WM=1)
[rgbd_sync-1] [WARN] [1768570646.900858117] [rgbd_sync]: The time difference between rgb and depth frames is high (diff=0.032000s, rgb=10702.028000s, depth=10702.060000s). You may want to set approx_sync_max_interval lower than 0.01s to reject spurious bad synchronizations or use approx_sync=false if streams have all the exact same timestamp. Setting approx_sync_max_interval will suppress this warning.
[rgbd_sync-1] [WARN] [1768570646.918345454] [rgbd_sync]: The time difference between rgb and depth frames is high (diff=0.030000s, rgb=10702.118000s, depth=10702.088000s). You may want to set approx_sync_max_interval lower than 0.01s to reject spurious bad synchronizations or use approx_sync=false if streams have all the exact same timestamp. Setting approx_sync_max_interval will suppress this warning.
[rtabmap-2] [INFO] [1768570647.278210958] [rtabmap]: rtabmap (66): Rate=0.50s, Limit=0.000s, Conversion=0.0004s, RTAB-Map=0.2678s, Maps update=0.0001s pub=0.0000s delay=0.2910s (local map=1, WM=1)
[rtabmap-2] [INFO] [1768570647.760806404] [rtabmap]: rtabmap (67): Rate=0.50s, Limit=0.000s, Conversion=0.0007s, RTAB-Map=0.1915s, Maps update=0.0000s pub=0.0000s delay=0.2330s (local map=1, WM=1)
[rtabmap-2] [INFO] [1768570648.354390619] [rtabmap]: rtabmap (68): Rate=0.50s, Limit=0.000s, Conversion=0.0009s, RTAB-Map=0.2453s, Maps update=0.0001s pub=0.0000s delay=0.2160s (local map=1, WM=1)
[rtabmap-2] [INFO] [1768570648.914354504] [rtabmap]: rtabmap (69): Rate=0.50s, Limit=0.000s, Conversion=0.0006s, RTAB-Map=0.2504s, Maps update=0.0001s pub=0.0000s delay=0.2390s (local map=1, WM=1)
[rtabmap-2] [INFO] [1768570649.430290140] [rtabmap]: rtabmap (70): Rate=0.50s, Limit=0.000s, Conversion=0.0006s, RTAB-Map=0.2198s, Maps update=0.0001s pub=0.0000s delay=0.1950s (local map=1, WM=1)
[rtabmap-2] [INFO] [1768570649.947146814] [rtabmap]: rtabmap (71): Rate=0.50s, Limit=0.000s, Conversion=0.0012s, RTAB-Map=0.2286s, Maps update=0.0000s pub=0.0000s delay=0.1770s (local map=1, WM=1)
[rtabmap-2] [INFO] [1768570650.518449918] [rtabmap]: rtabmap (72): Rate=0.50s, Limit=0.000s, Conversion=0.0010s, RTAB-Map=0.2453s, Maps update=0.0001s pub=0.0000s delay=0.2340s (local map=1, WM=1)
[rgbd_sync-1] [WARN] [1768570650.550306068] [rgbd_sync]: The time difference between rgb and depth frames is high (diff=0.031000s, rgb=10705.735000s, depth=10705.704000s). You may want to set approx_sync_max_interval lower than 0.01s to reject spurious bad synchronizations or use approx_sync=false if streams have all the exact same timestamp. Setting approx_sync_max_interval will suppress this warning.
[rtabmap-2] [INFO] [1768570651.065296219] [rtabmap]: rtabmap (73): Rate=0.50s, Limit=0.000s, Conversion=0.0006s, RTAB-Map=0.2500s, Maps update=0.0000s pub=0.0000s delay=0.2980s (local map=1, WM=1)
[rtabmap-2] [INFO] [1768570651.618884345] [rtabmap]: rtabmap (74): Rate=0.50s, Limit=0.000s, Conversion=0.0006s, RTAB-Map=0.2427s, Maps update=0.0001s pub=0.0000s delay=0.2560s (local map=1, WM=1)
[rgbd_sync-1] [WARN] [1768570651.745956946] [rgbd_sync]: The time difference between rgb and depth frames is high (diff=0.047000s, rgb=10706.835000s, depth=10706.882000s). You may want to set approx_sync_max_interval lower than 0.01s to reject spurious bad synchronizations or use approx_sync=false if streams have all the exact same timestamp. Setting approx_sync_max_interval will suppress this warning.
[rtabmap-2] [INFO] [1768570652.137069682] [rtabmap]: rtabmap (75): Rate=0.50s, Limit=0.000s, Conversion=0.0006s, RTAB-Map=0.2713s, Maps update=0.0001s pub=0.0000s delay=0.2480s (local map=1, WM=1)
[rtabmap-2] [INFO] [1768570652.663149082] [rtabmap]: rtabmap (76): Rate=0.50s, Limit=0.000s, Conversion=0.0013s, RTAB-Map=0.2753s, Maps update=0.0001s pub=0.0000s delay=0.2300s (local map=1, WM=1)
[rgbd_sync-1] [WARN] [1768570652.753991817] [rgbd_sync]: The time difference between rgb and depth frames is high (diff=0.041000s, rgb=10707.928000s, depth=10707.969000s). You may want to set approx_sync_max_interval lower than 0.01s to reject spurious bad synchronizations or use approx_sync=false if streams have all the exact same timestamp. Setting approx_sync_max_interval will suppress this warning.
[rtabmap-2] [INFO] [1768570653.334925200] [rtabmap]: rtabmap (77): Rate=0.50s, Limit=0.000s, Conversion=0.0006s, RTAB-Map=0.2435s, Maps update=0.0000s pub=0.0000s delay=0.2180s (local map=1, WM=1)
[rtabmap-2] [INFO] [1768570653.919692472] [rtabmap]: rtabmap (78): Rate=0.50s, Limit=0.000s, Conversion=0.0008s, RTAB-Map=0.2859s, Maps update=0.0001s pub=0.0000s delay=0.2810s (local map=1, WM=1)
[rtabmap-2] [INFO] [1768570654.386709622] [rtabmap]: rtabmap (79): Rate=0.50s, Limit=0.000s, Conversion=0.0008s, RTAB-Map=0.2409s, Maps update=0.0001s pub=0.0000s delay=0.2720s (local map=1, WM=1)
[rtabmap-2] [INFO] [1768570655.039063785] [rtabmap]: rtabmap (80): Rate=0.50s, Limit=0.000s, Conversion=0.0027s, RTAB-Map=0.2600s, Maps update=0.0001s pub=0.0000s delay=0.2530s (local map=1, WM=1)
[rgbd_sync-1] [WARN] [1768570655.502449044] [rgbd_sync]: The time difference between rgb and depth frames is high (diff=0.034000s, rgb=10710.664000s, depth=10710.630000s). You may want to set approx_sync_max_interval lower than 0.01s to reject spurious bad synchronizations or use approx_sync=false if streams have all the exact same timestamp. Setting approx_sync_max_interval will suppress this warning.
[rtabmap-2] [INFO] [1768570655.558566836] [rtabmap]: rtabmap (81): Rate=0.50s, Limit=0.000s, Conversion=0.0005s, RTAB-Map=0.2453s, Maps update=0.0001s pub=0.0000s delay=0.2230s (local map=1, WM=1)
[rgbd_sync-1] [WARN] [1768570655.752658502] [rgbd_sync]: The time difference between rgb and depth frames is high (diff=0.047000s, rgb=10710.822000s, depth=10710.869000s). You may want to set approx_sync_max_interval lower than 0.01s to reject spurious bad synchronizations or use approx_sync=false if streams have all the exact same timestamp. Setting approx_sync_max_interval will suppress this warning.
[rtabmap-2] [INFO] [1768570656.265849024] [rtabmap]: rtabmap (82): Rate=0.50s, Limit=0.000s, Conversion=0.0008s, RTAB-Map=0.2891s, Maps update=0.0000s pub=0.0000s delay=0.2780s (local map=1, WM=1)
[rgbd_sync-1] [WARN] [1768570656.555898884] [rgbd_sync]: The time difference between rgb and depth frames is high (diff=0.039000s, rgb=10711.630000s, depth=10711.669000s). You may want to set approx_sync_max_interval lower than 0.01s to reject spurious bad synchronizations or use approx_sync=false if streams have all the exact same timestamp. Setting approx_sync_max_interval will suppress this warning.
[rtabmap-2] [INFO] [1768570656.776737441] [rtabmap]: rtabmap (83): Rate=0.50s, Limit=0.000s, Conversion=0.0013s, RTAB-Map=0.2102s, Maps update=0.0001s pub=0.0000s delay=0.2700s (local map=1, WM=1)
[rtabmap-2] [INFO] [1768570657.284352295] [rtabmap]: rtabmap (84): Rate=0.50s, Limit=0.000s, Conversion=0.0005s, RTAB-Map=0.2669s, Maps update=0.0001s pub=0.0000s delay=0.2230s (local map=1, WM=1)
[rtabmap-2] [INFO] [1768570657.846097753] [rtabmap]: rtabmap (85): Rate=0.50s, Limit=0.000s, Conversion=0.0005s, RTAB-Map=0.2320s, Maps update=0.0001s pub=0.0000s delay=0.2220s (local map=1, WM=1)
[rgbd_sync-1] [WARN] [1768570658.062254797] [rgbd_sync]: The time difference between rgb and depth frames is high (diff=0.029000s, rgb=10713.231000s, depth=10713.260000s). You may want to set approx_sync_max_interval lower than 0.01s to reject spurious bad synchronizations or use approx_sync=false if streams have all the exact same timestamp. Setting approx_sync_max_interval will suppress this warning.
[rgbd_sync-1] [WARN] [1768570658.148990628] [rgbd_sync]: The time difference between rgb and depth frames is high (diff=0.033000s, rgb=10713.331000s, depth=10713.298000s). You may want to set approx_sync_max_interval lower than 0.01s to reject spurious bad synchronizations or use approx_sync=false if streams have all the exact same timestamp. Setting approx_sync_max_interval will suppress this warning.
[rtabmap-2] [INFO] [1768570658.347783414] [rtabmap]: rtabmap (86): Rate=0.50s, Limit=0.000s, Conversion=0.0006s, RTAB-Map=0.1951s, Maps update=0.0001s pub=0.0000s delay=0.2020s (local map=1, WM=1)
[rtabmap-2] [INFO] [1768570658.936072857] [rtabmap]: rtabmap (87): Rate=0.50s, Limit=0.000s, Conversion=0.0011s, RTAB-Map=0.2563s, Maps update=0.0001s pub=0.0000s delay=0.2520s (local map=1, WM=1)
[rtabmap-2] [INFO] [1768570659.421277912] [rtabmap]: rtabmap (88): Rate=0.50s, Limit=0.000s, Conversion=0.0006s, RTAB-Map=0.1737s, Maps update=0.0001s pub=0.0000s delay=0.1790s (local map=1, WM=1)
[rtabmap-2] [INFO] [1768570660.037258426] [rtabmap]: rtabmap (89): Rate=0.50s, Limit=0.000s, Conversion=0.0005s, RTAB-Map=0.2387s, Maps update=0.0001s pub=0.0000s delay=0.2370s (local map=1, WM=1)
[rgbd_sync-1] [WARN] [1768570660.271079096] [rgbd_sync]: The time difference between rgb and depth frames is high (diff=0.028000s, rgb=10715.366000s, depth=10715.338000s). You may want to set approx_sync_max_interval lower than 0.01s to reject spurious bad synchronizations or use approx_sync=false if streams have all the exact same timestamp. Setting approx_sync_max_interval will suppress this warning.
[rtabmap-2] [INFO] [1768570660.589967322] [rtabmap]: rtabmap (90): Rate=0.50s, Limit=0.000s, Conversion=0.0008s, RTAB-Map=0.2236s, Maps update=0.0001s pub=0.0000s delay=0.1830s (local map=1, WM=1)
[rtabmap-2] [INFO] [1768570661.133741566] [rtabmap]: rtabmap (91): Rate=0.50s, Limit=0.000s, Conversion=0.0006s, RTAB-Map=0.2543s, Maps update=0.0001s pub=0.0000s delay=0.2820s (local map=1, WM=1)
[rtabmap-2] [INFO] [1768570661.678403982] [rtabmap]: rtabmap (92): Rate=0.50s, Limit=0.000s, Conversion=0.0011s, RTAB-Map=0.2509s, Maps update=0.0001s pub=0.0000s delay=0.2350s (local map=1, WM=1)
[rtabmap-2] [INFO] [1768570662.182685672] [rtabmap]: rtabmap (93): Rate=0.50s, Limit=0.000s, Conversion=0.0007s, RTAB-Map=0.2296s, Maps update=0.0001s pub=0.0000s delay=0.1030s (local map=1, WM=1)
[rgbd_sync-1] [WARN] [1768570662.241766402] [rgbd_sync]: The time difference between rgb and depth frames is high (diff=0.064000s, rgb=10717.307000s, depth=10717.243000s). You may want to set approx_sync_max_interval lower than 0.01s to reject spurious bad synchronizations or use approx_sync=false if streams have all the exact same timestamp. Setting approx_sync_max_interval will suppress this warning.
[rtabmap-2] [INFO] [1768570662.708042261] [rtabmap]: rtabmap (94): Rate=0.50s, Limit=0.000s, Conversion=0.0006s, RTAB-Map=0.2230s, Maps update=0.0001s pub=0.0000s delay=0.2650s (local map=1, WM=1)
[rgbd_sync-1] [WARN] [1768570663.083239989] [rgbd_sync]: The time difference between rgb and depth frames is high (diff=0.035000s, rgb=10718.190000s, depth=10718.225000s). You may want to set approx_sync_max_interval lower than 0.01s to reject spurious bad synchronizations or use approx_sync=false if streams have all the exact same timestamp. Setting approx_sync_max_interval will suppress this warning.
[rgbd_sync-1] [WARN] [1768570663.188058041] [rgbd_sync]: The time difference between rgb and depth frames is high (diff=0.034000s, rgb=10718.257000s, depth=10718.291000s). You may want to set approx_sync_max_interval lower than 0.01s to reject spurious bad synchronizations or use approx_sync=false if streams have all the exact same timestamp. Setting approx_sync_max_interval will suppress this warning.
[rgbd_sync-1] [WARN] [1768570663.201320491] [rgbd_sync]: The time difference between rgb and depth frames is high (diff=0.033000s, rgb=10718.357000s, depth=10718.324000s). You may want to set approx_sync_max_interval lower than 0.01s to reject spurious bad synchronizations or use approx_sync=false if streams have all the exact same timestamp. Setting approx_sync_max_interval will suppress this warning.
[rtabmap-2] [INFO] [1768570663.305810219] [rtabmap]: rtabmap (95): Rate=0.50s, Limit=0.000s, Conversion=0.0007s, RTAB-Map=0.2165s, Maps update=0.0001s pub=0.0000s delay=0.3100s (local map=1, WM=1)
[rtabmap-2] [INFO] [1768570663.765777183] [rtabmap]: rtabmap (96): Rate=0.50s, Limit=0.000s, Conversion=0.0005s, RTAB-Map=0.2203s, Maps update=0.0001s pub=0.0000s delay=0.2090s (local map=1, WM=1)
[rgbd_sync-1] [WARN] [1768570664.094679116] [rgbd_sync]: The time difference between rgb and depth frames is high (diff=0.035000s, rgb=10719.252000s, depth=10719.217000s). You may want to set approx_sync_max_interval lower than 0.01s to reject spurious bad synchronizations or use approx_sync=false if streams have all the exact same timestamp. Setting approx_sync_max_interval will suppress this warning.
[rtabmap-2] [INFO] [1768570664.385633665] [rtabmap]: rtabmap (97): Rate=0.50s, Limit=0.000s, Conversion=0.0008s, RTAB-Map=0.2857s, Maps update=0.0000s pub=0.0000s delay=0.2830s (local map=1, WM=1)
[rtabmap-2] [INFO] [1768570664.959539409] [rtabmap]: rtabmap (98): Rate=0.50s, Limit=0.000s, Conversion=0.0007s, RTAB-Map=0.3133s, Maps update=0.0001s pub=0.0000s delay=0.3560s (local map=1, WM=1)
[rgbd_sync-1] [WARN] [1768570665.039066713] [rgbd_sync]: The time difference between rgb and depth frames is high (diff=0.034000s, rgb=10720.042000s, depth=10720.076000s). You may want to set approx_sync_max_interval lower than 0.01s to reject spurious bad synchronizations or use approx_sync=false if streams have all the exact same timestamp. Setting approx_sync_max_interval will suppress this warning.
[rtabmap-2] [INFO] [1768570665.464433445] [rtabmap]: rtabmap (99): Rate=0.50s, Limit=0.000s, Conversion=0.0005s, RTAB-Map=0.2970s, Maps update=0.0001s pub=0.0000s delay=0.3080s (local map=1, WM=1)
[rgbd_sync-1] [WARN] [1768570665.769715742] [rgbd_sync]: The time difference between rgb and depth frames is high (diff=0.047000s, rgb=10720.879000s, depth=10720.832000s). You may want to set approx_sync_max_interval lower than 0.01s to reject spurious bad synchronizations or use approx_sync=false if streams have all the exact same timestamp. Setting approx_sync_max_interval will suppress this warning.
[rtabmap-2] [INFO] [1768570666.106174189] [rtabmap]: rtabmap (100): Rate=0.50s, Limit=0.000s, Conversion=0.0009s, RTAB-Map=0.2858s, Maps update=0.0001s pub=0.0000s delay=0.2670s (local map=1, WM=1)
[rgbd_sync-1] [WARN] [1768570666.477126142] [rgbd_sync]: The time difference between rgb and depth frames is high (diff=0.040000s, rgb=10721.599000s, depth=10721.639000s). You may want to set approx_sync_max_interval lower than 0.01s to reject spurious bad synchronizations or use approx_sync=false if streams have all the exact same timestamp. Setting approx_sync_max_interval will suppress this warning.
[rgbd_sync-1] [WARN] [1768570666.600774317] [rgbd_sync]: The time difference between rgb and depth frames is high (diff=0.040000s, rgb=10721.728000s, depth=10721.688000s). You may want to set approx_sync_max_interval lower than 0.01s to reject spurious bad synchronizations or use approx_sync=false if streams have all the exact same timestamp. Setting approx_sync_max_interval will suppress this warning.
[rgbd_sync-1] [WARN] [1768570666.661037825] [rgbd_sync]: The time difference between rgb and depth frames is high (diff=0.043000s, rgb=10721.779000s, depth=10721.822000s). You may want to set approx_sync_max_interval lower than 0.01s to reject spurious bad synchronizations or use approx_sync=false if streams have all the exact same timestamp. Setting approx_sync_max_interval will suppress this warning.
[rtabmap-2] [INFO] [1768570666.684839251] [rtabmap]: rtabmap (101): Rate=0.50s, Limit=0.000s, Conversion=0.0007s, RTAB-Map=0.3342s, Maps update=0.0001s pub=0.0000s delay=0.3460s (local map=1, WM=1)
[rgbd_sync-1] [WARN] [1768570666.916326015] [rgbd_sync]: The time difference between rgb and depth frames is high (diff=0.035000s, rgb=10721.980000s, depth=10722.015000s). You may want to set approx_sync_max_interval lower than 0.01s to reject spurious bad synchronizations or use approx_sync=false if streams have all the exact same timestamp. Setting approx_sync_max_interval will suppress this warning.
[rtabmap-2] [INFO] [1768570667.233953657] [rtabmap]: rtabmap (102): Rate=0.50s, Limit=0.000s, Conversion=0.0013s, RTAB-Map=0.3067s, Maps update=0.0000s pub=0.0000s delay=0.4200s (local map=1, WM=1)
[rtabmap-2] [INFO] [1768570667.654735280] [rtabmap]: rtabmap (103): Rate=0.50s, Limit=0.000s, Conversion=0.0014s, RTAB-Map=0.2643s, Maps update=0.0001s pub=0.0000s delay=0.3190s (local map=1, WM=1)
[rtabmap-2] [INFO] [1768570668.148849354] [rtabmap]: rtabmap (104): Rate=0.50s, Limit=0.000s, Conversion=0.0007s, RTAB-Map=0.2462s, Maps update=0.0001s pub=0.0000s delay=0.2980s (local map=1, WM=1)
[rtabmap-2] [INFO] [1768570668.670645571] [rtabmap]: rtabmap (105): Rate=0.50s, Limit=0.000s, Conversion=0.0007s, RTAB-Map=0.2130s, Maps update=0.0001s pub=0.0000s delay=0.2430s (local map=1, WM=1)
[rtabmap-2] [INFO] [1768570669.259047708] [rtabmap]: rtabmap (106): Rate=0.50s, Limit=0.000s, Conversion=0.0004s, RTAB-Map=0.2278s, Maps update=0.0000s pub=0.0000s delay=0.2660s (local map=1, WM=1)
[rtabmap-2] [INFO] [1768570669.755629608] [rtabmap]: rtabmap (107): Rate=0.50s, Limit=0.000s, Conversion=0.0009s, RTAB-Map=0.2358s, Maps update=0.0001s pub=0.0000s delay=0.2540s (local map=1, WM=1)
[rtabmap-2] [INFO] [1768570670.330398017] [rtabmap]: rtabmap (108): Rate=0.50s, Limit=0.000s, Conversion=0.0006s, RTAB-Map=0.2992s, Maps update=0.0001s pub=0.0000s delay=0.2510s (local map=1, WM=1)
[rtabmap-2] [INFO] [1768570670.871509400] [rtabmap]: rtabmap (109): Rate=0.50s, Limit=0.000s, Conversion=0.0010s, RTAB-Map=0.2726s, Maps update=0.0001s pub=0.0000s delay=0.3060s (local map=1, WM=1)
[rtabmap-2] [INFO] [1768570671.434250981] [rtabmap]: rtabmap (110): Rate=0.50s, Limit=0.000s, Conversion=0.0005s, RTAB-Map=0.2449s, Maps update=0.0001s pub=0.0000s delay=0.2140s (local map=1, WM=1)
[rtabmap-2] [INFO] [1768570671.967748268] [rtabmap]: rtabmap (111): Rate=0.50s, Limit=0.000s, Conversion=0.0004s, RTAB-Map=0.2737s, Maps update=0.0001s pub=0.0000s delay=0.3070s (local map=1, WM=1)
[rtabmap-2] [INFO] [1768570672.421106136] [rtabmap]: rtabmap (112): Rate=0.50s, Limit=0.000s, Conversion=0.0009s, RTAB-Map=0.2319s, Maps update=0.0001s pub=0.0000s delay=0.2060s (local map=1, WM=1)
[rtabmap-2] [INFO] [1768570673.082389520] [rtabmap]: rtabmap (113): Rate=0.50s, Limit=0.000s, Conversion=0.0007s, RTAB-Map=0.2701s, Maps update=0.0000s pub=0.0000s delay=0.2920s (local map=1, WM=1)
[rtabmap-2] [INFO] [1768570673.573160053] [rtabmap]: rtabmap (114): Rate=0.50s, Limit=0.000s, Conversion=0.0008s, RTAB-Map=0.2357s, Maps update=0.0001s pub=0.0000s delay=0.2610s (local map=1, WM=1)
[rgbd_sync-1] [WARN] [1768570673.581763876] [rgbd_sync]: The time difference between rgb and depth frames is high (diff=0.047000s, rgb=10728.656000s, depth=10728.609000s). You may want to set approx_sync_max_interval lower than 0.01s to reject spurious bad synchronizations or use approx_sync=false if streams have all the exact same timestamp. Setting approx_sync_max_interval will suppress this warning.
[rtabmap-2] [INFO] [1768570674.128708349] [rtabmap]: rtabmap (115): Rate=0.50s, Limit=0.000s, Conversion=0.0013s, RTAB-Map=0.2729s, Maps update=0.0001s pub=0.0000s delay=0.2350s (local map=1, WM=1)
[rtabmap-2] [INFO] [1768570674.634141481] [rtabmap]: rtabmap (116): Rate=0.50s, Limit=0.000s, Conversion=0.0006s, RTAB-Map=0.2380s, Maps update=0.0001s pub=0.0000s delay=0.1990s (local map=1, WM=1)
[rtabmap-2] [INFO] [1768570675.095334165] [rtabmap]: rtabmap (117): Rate=0.50s, Limit=0.000s, Conversion=0.0006s, RTAB-Map=0.1978s, Maps update=0.0000s pub=0.0000s delay=0.1990s (local map=1, WM=1)
[rtabmap-2] [INFO] [1768570675.698943537] [rtabmap]: rtabmap (118): Rate=0.50s, Limit=0.000s, Conversion=0.0004s, RTAB-Map=0.2185s, Maps update=0.0001s pub=0.0000s delay=0.2120s (local map=1, WM=1)
[rtabmap-2] [INFO] [1768570676.244938850] [rtabmap]: rtabmap (119): Rate=0.50s, Limit=0.000s, Conversion=0.0005s, RTAB-Map=0.2301s, Maps update=0.0001s pub=0.0000s delay=0.1980s (local map=1, WM=1)
[rtabmap-2] [INFO] [1768570676.804242490] [rtabmap]: rtabmap (120): Rate=0.50s, Limit=0.000s, Conversion=0.0005s, RTAB-Map=0.2573s, Maps update=0.0001s pub=0.0000s delay=0.2630s (local map=1, WM=1)
[rtabmap-2] [INFO] [1768570677.319600175] [rtabmap]: rtabmap (121): Rate=0.50s, Limit=0.000s, Conversion=0.0005s, RTAB-Map=0.2701s, Maps update=0.0001s pub=0.0000s delay=0.2570s (local map=1, WM=1)
[rtabmap-2] [INFO] [1768570677.793476224] [rtabmap]: rtabmap (122): Rate=0.50s, Limit=0.000s, Conversion=0.0014s, RTAB-Map=0.2438s, Maps update=0.0001s pub=0.0000s delay=0.2510s (local map=1, WM=1)
[rtabmap-2] [INFO] [1768570678.352944802] [rtabmap]: rtabmap (123): Rate=0.50s, Limit=0.000s, Conversion=0.0005s, RTAB-Map=0.2514s, Maps update=0.0001s pub=0.0000s delay=0.1940s (local map=1, WM=1)
[rtabmap-2] [INFO] [1768570678.862168828] [rtabmap]: rtabmap (124): Rate=0.50s, Limit=0.000s, Conversion=0.0005s, RTAB-Map=0.2445s, Maps update=0.0001s pub=0.0000s delay=0.2880s (local map=1, WM=1)
[rtabmap-2] [INFO] [1768570679.422980535] [rtabmap]: rtabmap (125): Rate=0.50s, Limit=0.000s, Conversion=0.0004s, RTAB-Map=0.2739s, Maps update=0.0001s pub=0.0000s delay=0.2580s (local map=1, WM=1)
[rtabmap-2] [INFO] [1768570679.884463177] [rtabmap]: rtabmap (126): Rate=0.50s, Limit=0.000s, Conversion=0.0007s, RTAB-Map=0.2320s, Maps update=0.0001s pub=0.0000s delay=0.2550s (local map=1, WM=1)
[rtabmap-2] [INFO] [1768570680.519082657] [rtabmap]: rtabmap (127): Rate=0.50s, Limit=0.000s, Conversion=0.0017s, RTAB-Map=0.2973s, Maps update=0.0001s pub=0.0000s delay=0.2850s (local map=1, WM=1)
[rtabmap-2] [INFO] [1768570681.001440559] [rtabmap]: rtabmap (128): Rate=0.50s, Limit=0.000s, Conversion=0.0007s, RTAB-Map=0.2715s, Maps update=0.0001s pub=0.0000s delay=0.2800s (local map=1, WM=1)
[rgbd_sync-1] [WARN] [1768570681.476277644] [rgbd_sync]: The time difference between rgb and depth frames is high (diff=0.035000s, rgb=10736.470000s, depth=10736.435000s). You may want to set approx_sync_max_interval lower than 0.01s to reject spurious bad synchronizations or use approx_sync=false if streams have all the exact same timestamp. Setting approx_sync_max_interval will suppress this warning.
[rtabmap-2] [INFO] [1768570681.530960109] [rtabmap]: rtabmap (129): Rate=0.50s, Limit=0.000s, Conversion=0.0006s, RTAB-Map=0.2640s, Maps update=0.0001s pub=0.0000s delay=0.2500s (local map=1, WM=1)
[rgbd_sync-1] [WARN] [1768570681.588755015] [rgbd_sync]: The time difference between rgb and depth frames is high (diff=0.062000s, rgb=10736.527000s, depth=10736.589000s). You may want to set approx_sync_max_interval lower than 0.01s to reject spurious bad synchronizations or use approx_sync=false if streams have all the exact same timestamp. Setting approx_sync_max_interval will suppress this warning.
[rtabmap-2] [INFO] [1768570682.088908335] [rtabmap]: rtabmap (130): Rate=0.50s, Limit=0.000s, Conversion=0.0005s, RTAB-Map=0.2864s, Maps update=0.0001s pub=0.0000s delay=0.3350s (local map=1, WM=1)
[rgbd_sync-1] [WARN] [1768570682.420870461] [rgbd_sync]: The time difference between rgb and depth frames is high (diff=0.048000s, rgb=10737.469000s, depth=10737.421000s). You may want to set approx_sync_max_interval lower than 0.01s to reject spurious bad synchronizations or use approx_sync=false if streams have all the exact same timestamp. Setting approx_sync_max_interval will suppress this warning.
[rtabmap-2] [INFO] [1768570682.608871854] [rtabmap]: rtabmap (131): Rate=0.50s, Limit=0.000s, Conversion=0.0006s, RTAB-Map=0.3114s, Maps update=0.0001s pub=0.0000s delay=0.3300s (local map=1, WM=1)
[rgbd_sync-1] [WARN] [1768570683.069374668] [rgbd_sync]: The time difference between rgb and depth frames is high (diff=0.032000s, rgb=10738.086000s, depth=10738.118000s). You may want to set approx_sync_max_interval lower than 0.01s to reject spurious bad synchronizations or use approx_sync=false if streams have all the exact same timestamp. Setting approx_sync_max_interval will suppress this warning.
[rtabmap-2] [INFO] [1768570683.078611882] [rtabmap]: rtabmap (132): Rate=0.50s, Limit=0.000s, Conversion=0.0014s, RTAB-Map=0.2741s, Maps update=0.0001s pub=0.0000s delay=0.3160s (local map=1, WM=1)
[rtabmap-2] [INFO] [1768570683.564257255] [rtabmap]: rtabmap (133): Rate=0.50s, Limit=0.000s, Conversion=0.0008s, RTAB-Map=0.2190s, Maps update=0.0000s pub=0.0000s delay=0.1890s (local map=1, WM=1)
[rgbd_sync-1] [WARN] [1768570683.697884208] [rgbd_sync]: The time difference between rgb and depth frames is high (diff=0.032000s, rgb=10738.724000s, depth=10738.756000s). You may want to set approx_sync_max_interval lower than 0.01s to reject spurious bad synchronizations or use approx_sync=false if streams have all the exact same timestamp. Setting approx_sync_max_interval will suppress this warning.
[rgbd_sync-1] [WARN] [1768570683.833961350] [rgbd_sync]: The time difference between rgb and depth frames is high (diff=0.033000s, rgb=10738.858000s, depth=10738.891000s). You may want to set approx_sync_max_interval lower than 0.01s to reject spurious bad synchronizations or use approx_sync=false if streams have all the exact same timestamp. Setting approx_sync_max_interval will suppress this warning.
[rtabmap-2] [INFO] [1768570684.112590839] [rtabmap]: rtabmap (134): Rate=0.50s, Limit=0.000s, Conversion=0.0006s, RTAB-Map=0.2696s, Maps update=0.0000s pub=0.0000s delay=0.2740s (local map=1, WM=1)
[rtabmap-2] [INFO] [1768570684.594655346] [rtabmap]: rtabmap (135): Rate=0.50s, Limit=0.000s, Conversion=0.0006s, RTAB-Map=0.2445s, Maps update=0.0000s pub=0.0000s delay=0.2660s (local map=1, WM=1)
[rgbd_sync-1] [WARN] [1768570684.608785480] [rgbd_sync]: The time difference between rgb and depth frames is high (diff=0.058000s, rgb=10739.649000s, depth=10739.707000s). You may want to set approx_sync_max_interval lower than 0.01s to reject spurious bad synchronizations or use approx_sync=false if streams have all the exact same timestamp. Setting approx_sync_max_interval will suppress this warning.
[rtabmap-2] [INFO] [1768570685.276924154] [rtabmap]: rtabmap (136): Rate=0.50s, Limit=0.000s, Conversion=0.0010s, RTAB-Map=0.3154s, Maps update=0.0001s pub=0.0000s delay=0.2560s (local map=1, WM=1)
[rgbd_sync-1] [WARN] [1768570685.737346746] [rgbd_sync]: The time difference between rgb and depth frames is high (diff=0.044000s, rgb=10740.721000s, depth=10740.765000s). You may want to set approx_sync_max_interval lower than 0.01s to reject spurious bad synchronizations or use approx_sync=false if streams have all the exact same timestamp. Setting approx_sync_max_interval will suppress this warning.
[rtabmap-2] [INFO] [1768570685.972100918] [rtabmap]: rtabmap (137): Rate=0.50s, Limit=0.000s, Conversion=0.0007s, RTAB-Map=0.2278s, Maps update=0.0000s pub=0.0000s delay=0.2790s (local map=1, WM=1)
[rtabmap-2] [INFO] [1768570686.501796018] [rtabmap]: rtabmap (138): Rate=0.50s, Limit=0.000s, Conversion=0.0010s, RTAB-Map=0.2977s, Maps update=0.0001s pub=0.0000s delay=0.3280s (local map=1, WM=1)
[rtabmap-2] [INFO] [1768570686.994457723] [rtabmap]: rtabmap (139): Rate=0.50s, Limit=0.000s, Conversion=0.0006s, RTAB-Map=0.2421s, Maps update=0.0001s pub=0.0000s delay=0.2820s (local map=1, WM=1)
[rgbd_sync-1] [WARN] [1768570687.313259879] [rgbd_sync]: The time difference between rgb and depth frames is high (diff=0.034000s, rgb=10742.381000s, depth=10742.415000s). You may want to set approx_sync_max_interval lower than 0.01s to reject spurious bad synchronizations or use approx_sync=false if streams have all the exact same timestamp. Setting approx_sync_max_interval will suppress this warning.
[rtabmap-2] [INFO] [1768570687.633179339] [rtabmap]: rtabmap (140): Rate=0.50s, Limit=0.000s, Conversion=0.0006s, RTAB-Map=0.3142s, Maps update=0.0001s pub=0.0000s delay=0.3190s (local map=1, WM=1)
[rtabmap-2] [INFO] [1768570688.056935450] [rtabmap]: rtabmap (141): Rate=0.50s, Limit=0.000s, Conversion=0.0008s, RTAB-Map=0.2199s, Maps update=0.0001s pub=0.0000s delay=0.1970s (local map=1, WM=1)
[rgbd_sync-1] [WARN] [1768570688.485638026] [rgbd_sync]: The time difference between rgb and depth frames is high (diff=0.040000s, rgb=10743.540000s, depth=10743.500000s). You may want to set approx_sync_max_interval lower than 0.01s to reject spurious bad synchronizations or use approx_sync=false if streams have all the exact same timestamp. Setting approx_sync_max_interval will suppress this warning.
[rtabmap-2] [INFO] [1768570688.550215572] [rtabmap]: rtabmap (142): Rate=0.50s, Limit=0.000s, Conversion=0.0005s, RTAB-Map=0.2062s, Maps update=0.0001s pub=0.0000s delay=0.1880s (local map=1, WM=1)
[rtabmap-2] [INFO] [1768570689.160943467] [rtabmap]: rtabmap (143): Rate=0.50s, Limit=0.000s, Conversion=0.0006s, RTAB-Map=0.2263s, Maps update=0.0001s pub=0.0000s delay=0.2010s (local map=1, WM=1)
[rgbd_sync-1] [WARN] [1768570689.444834942] [rgbd_sync]: The time difference between rgb and depth frames is high (diff=0.028000s, rgb=10744.512000s, depth=10744.540000s). You may want to set approx_sync_max_interval lower than 0.01s to reject spurious bad synchronizations or use approx_sync=false if streams have all the exact same timestamp. Setting approx_sync_max_interval will suppress this warning.
[rgbd_sync-1] [WARN] [1768570689.651535670] [rgbd_sync]: The time difference between rgb and depth frames is high (diff=0.034000s, rgb=10744.712000s, depth=10744.746000s). You may want to set approx_sync_max_interval lower than 0.01s to reject spurious bad synchronizations or use approx_sync=false if streams have all the exact same timestamp. Setting approx_sync_max_interval will suppress this warning.
[rtabmap-2] [INFO] [1768570689.675286746] [rtabmap]: rtabmap (144): Rate=0.50s, Limit=0.000s, Conversion=0.0012s, RTAB-Map=0.1664s, Maps update=0.0001s pub=0.0000s delay=0.1170s (local map=1, WM=1)
[rtabmap-2] [INFO] [1768570690.246364111] [rtabmap]: rtabmap (145): Rate=0.50s, Limit=0.000s, Conversion=0.0004s, RTAB-Map=0.2071s, Maps update=0.0001s pub=0.0000s delay=0.1900s (local map=1, WM=1)
[rgbd_sync-1] [WARN] [1768570690.518388902] [rgbd_sync]: The time difference between rgb and depth frames is high (diff=0.034000s, rgb=10745.581000s, depth=10745.547000s). You may want to set approx_sync_max_interval lower than 0.01s to reject spurious bad synchronizations or use approx_sync=false if streams have all the exact same timestamp. Setting approx_sync_max_interval will suppress this warning.
[rtabmap-2] [INFO] [1768570690.756279304] [rtabmap]: rtabmap (146): Rate=0.50s, Limit=0.000s, Conversion=0.0004s, RTAB-Map=0.2070s, Maps update=0.0001s pub=0.0000s delay=0.1860s (local map=1, WM=1)
[rgbd_sync-1] [WARN] [1768570691.130796295] [rgbd_sync]: The time difference between rgb and depth frames is high (diff=0.027000s, rgb=10746.158000s, depth=10746.185000s). You may want to set approx_sync_max_interval lower than 0.01s to reject spurious bad synchronizations or use approx_sync=false if streams have all the exact same timestamp. Setting approx_sync_max_interval will suppress this warning.
[rgbd_sync-1] [WARN] [1768570691.236140926] [rgbd_sync]: The time difference between rgb and depth frames is high (diff=0.033000s, rgb=10746.248000s, depth=10746.281000s). You may want to set approx_sync_max_interval lower than 0.01s to reject spurious bad synchronizations or use approx_sync=false if streams have all the exact same timestamp. Setting approx_sync_max_interval will suppress this warning.
[rtabmap-2] [INFO] [1768570691.374064481] [rtabmap]: rtabmap (147): Rate=0.50s, Limit=0.000s, Conversion=0.0007s, RTAB-Map=0.2377s, Maps update=0.0000s pub=0.0000s delay=0.2420s (local map=1, WM=1)
[rgbd_sync-1] [WARN] [1768570691.473341352] [rgbd_sync]: The time difference between rgb and depth frames is high (diff=0.028000s, rgb=10746.540000s, depth=10746.568000s). You may want to set approx_sync_max_interval lower than 0.01s to reject spurious bad synchronizations or use approx_sync=false if streams have all the exact same timestamp. Setting approx_sync_max_interval will suppress this warning.
[rtabmap-2] [INFO] [1768570691.825519253] [rtabmap]: rtabmap (148): Rate=0.50s, Limit=0.000s, Conversion=0.0005s, RTAB-Map=0.2242s, Maps update=0.0001s pub=0.0000s delay=0.2350s (local map=1, WM=1)
[rgbd_sync-1] [WARN] [1768570691.997456837] [rgbd_sync]: The time difference between rgb and depth frames is high (diff=0.036000s, rgb=10746.986000s, depth=10747.022000s). You may want to set approx_sync_max_interval lower than 0.01s to reject spurious bad synchronizations or use approx_sync=false if streams have all the exact same timestamp. Setting approx_sync_max_interval will suppress this warning.
[rtabmap-2] [INFO] [1768570692.350735655] [rtabmap]: rtabmap (149): Rate=0.50s, Limit=0.000s, Conversion=0.0006s, RTAB-Map=0.2318s, Maps update=0.0001s pub=0.0000s delay=0.2090s (local map=1, WM=1)
[rtabmap-2] [INFO] [1768570692.625493052] [rclcpp]: signal_handler(signum=2)
[rgbd_sync-1] [INFO] [1768570692.625493067] [rclcpp]: signal_handler(signum=2)
[rtabmap-2] [INFO] [1768570692.634736778] [rtabmap]: Parameters are not saved (No configuration file provided...)
[INFO] [rgbd_sync-1]: process has finished cleanly [pid 392814]
[rtabmap-2] [33m[ WARN] (2026-01-16 22:36:49.752) Memory.cpp:5917::createSignature() Mem/SaveDepth16Format is set to false to use 32bits format but this is not compatible with the compressed depth format chosen (Mem/DepthCompressionFormat=".rvl"), depth images will be compressed in ".png" format instead. Explicitly set Mem/SaveDepth16Format to true to keep using ".rvl" format and images will be converted to 16bits for convenience (warning: that would remove all depth values over 65 meters). Explicitly set Mem/DepthCompressionFormat=".png" to suppress this warning. This warning is only printed once.[0m
[rtabmap-2] rtabmap: Saving database/long-term memory... (located at /home/fujino/.ros/rtabmap_ur5e_20260116_223647.db)
[rtabmap-2] rtabmap: Saving database/long-term memory...done! (located at /home/fujino/.ros/rtabmap_ur5e_20260116_223647.db, 162 MB)
[INFO] [rtabmap-2]: process has finished cleanly [pid 392816]
