[INFO] [launch]: All log files can be found below /home/fujino/.ros/log/2026-01-17-22-09-53-916958-fh-437853
[INFO] [launch]: Default logging verbosity is set to INFO
[INFO] [rgbd_sync-1]: process started with pid [437858]
[INFO] [rtabmap-2]: process started with pid [437860]
[rtabmap-2] [INFO] [1768655394.270677055] [rtabmap]: rtabmap(maps): latch                      = true
[rtabmap-2] [INFO] [1768655394.270897260] [rtabmap]: rtabmap(maps): map_filter_radius          = 0.000000
[rtabmap-2] [INFO] [1768655394.270916007] [rtabmap]: rtabmap(maps): map_filter_angle           = 30.000000
[rtabmap-2] [INFO] [1768655394.270923387] [rtabmap]: rtabmap(maps): map_cleanup                = true
[rtabmap-2] [INFO] [1768655394.270928269] [rtabmap]: rtabmap(maps): map_always_update          = false
[rtabmap-2] [INFO] [1768655394.270932998] [rtabmap]: rtabmap(maps): map_empty_ray_tracing      = true
[rtabmap-2] [INFO] [1768655394.270937695] [rtabmap]: rtabmap(maps): cloud_output_voxelized     = true
[rtabmap-2] [INFO] [1768655394.270942409] [rtabmap]: rtabmap(maps): cloud_subtract_filtering   = false
[rtabmap-2] [INFO] [1768655394.270947076] [rtabmap]: rtabmap(maps): cloud_subtract_filtering_min_neighbors = 2
[rtabmap-2] [INFO] [1768655394.270971360] [rtabmap]: rtabmap(maps): octomap_tree_depth         = 16
[rtabmap-2] [INFO] [1768655394.356955952] [rtabmap]: rtabmap: frame_id      = camera_color_optical_frame
[rtabmap-2] [INFO] [1768655394.357007814] [rtabmap]: rtabmap: odom_frame_id = world
[rtabmap-2] [INFO] [1768655394.357034447] [rtabmap]: rtabmap: map_frame_id  = world
[rtabmap-2] [INFO] [1768655394.357047138] [rtabmap]: rtabmap: log_to_rosout_level  = 4
[rtabmap-2] [INFO] [1768655394.357060429] [rtabmap]: rtabmap: initial_pose  = 
[rtabmap-2] [INFO] [1768655394.357071138] [rtabmap]: rtabmap: use_action_for_goal  = false
[rtabmap-2] [INFO] [1768655394.357082150] [rtabmap]: rtabmap: tf_delay      = 0.050000
[rtabmap-2] [INFO] [1768655394.357098832] [rtabmap]: rtabmap: tf_tolerance  = 0.100000
[rtabmap-2] [INFO] [1768655394.357111980] [rtabmap]: rtabmap: odom_sensor_sync   = false
[rtabmap-2] [INFO] [1768655394.357123133] [rtabmap]: rtabmap: pub_loc_pose_only_when_localizing = false
[rtabmap-2] [INFO] [1768655394.357134196] [rtabmap]: rtabmap: wait_for_transform = 0.200000
[rtabmap-2] [INFO] [1768655394.357146665] [rtabmap]: rtabmap: gen_scan  = false
[rtabmap-2] [INFO] [1768655394.357157258] [rtabmap]: rtabmap: gen_depth  = false
[rgbd_sync-1] [INFO] [1768655394.385101783] [rgbd_sync]: rgbd_sync: approx_sync = true
[rgbd_sync-1] [INFO] [1768655394.385301084] [rgbd_sync]: rgbd_sync: approx_sync_max_interval = 0.000000
[rgbd_sync-1] [INFO] [1768655394.385315483] [rgbd_sync]: rgbd_sync: topic_queue_size  = 10
[rgbd_sync-1] [INFO] [1768655394.385319610] [rgbd_sync]: rgbd_sync: sync_queue_size  = 30
[rgbd_sync-1] [INFO] [1768655394.385324242] [rgbd_sync]: rgbd_sync: qos             = 2
[rgbd_sync-1] [INFO] [1768655394.385329240] [rgbd_sync]: rgbd_sync: qos_camera_info = 2
[rgbd_sync-1] [INFO] [1768655394.385334295] [rgbd_sync]: rgbd_sync: depth_scale = 1.000000
[rgbd_sync-1] [INFO] [1768655394.385339870] [rgbd_sync]: rgbd_sync: decimation = 1
[rgbd_sync-1] [INFO] [1768655394.385344537] [rgbd_sync]: rgbd_sync: compressed_rate = 0.000000
[rtabmap-2] [INFO] [1768655394.391106707] [rtabmap]: Setting RTAB-Map parameter "Grid/3D"="true" (rosparam)
[rtabmap-2] [INFO] [1768655394.394268867] [rtabmap]: Setting RTAB-Map parameter "Grid/RangeMax"="5.0" (rosparam)
[rtabmap-2] [INFO] [1768655394.394386624] [rtabmap]: Setting RTAB-Map parameter "Grid/RayTracing"="true" (rosparam)
[rtabmap-2] [INFO] [1768655394.394575645] [rtabmap]: Setting RTAB-Map parameter "Grid/Sensor"="1" (rosparam)
[rgbd_sync-1] [INFO] [1768655394.400069319] [rgbd_sync]: 
[rgbd_sync-1] rgbd_sync subscribed to (approx sync):
[rgbd_sync-1]    /camera/color/image_raw,
[rgbd_sync-1]    /camera/depth/depth/image_raw,
[rgbd_sync-1]    /camera/color/camera_info
[rtabmap-2] [INFO] [1768655394.401233824] [rtabmap]: Setting RTAB-Map parameter "RGBD/CreateOccupancyGrid"="true" (rosparam)
[rtabmap-2] [INFO] [1768655394.403779553] [rtabmap]: Setting RTAB-Map parameter "Rtabmap/DetectionRate"="2.0" (rosparam)
[rtabmap-2] [INFO] [1768655394.516065751] [rtabmap]: RTAB-Map detection rate = 2.000000 Hz
[rtabmap-2] [INFO] [1768655394.516215300] [rtabmap]: rtabmap: Using database from "/home/fujino/.ros/rtabmap_ur5e_20260117_220953.db" (0 MB).
[rtabmap-2] [INFO] [1768655394.570912140] [rtabmap]: rtabmap: Database version = "0.22.1".
[rtabmap-2] [INFO] [1768655394.571007743] [rtabmap]: rtabmap: SLAM mode (Mem/IncrementalMemory=true)
[rtabmap-2] [INFO] [1768655394.644941032] [rtabmap]: Setup callbacks
[rtabmap-2] [WARN] [1768655394.644989986] [rtabmap]: rtabmap: Parameters subscribe_depth and subscribe_rgbd cannot be true at the same time. Parameter subscribe_depth is set to false.
[rtabmap-2] [INFO] [1768655394.645111006] [rtabmap]: rtabmap: subscribe_depth = false
[rtabmap-2] [INFO] [1768655394.645125579] [rtabmap]: rtabmap: subscribe_rgb = false
[rtabmap-2] [INFO] [1768655394.645132144] [rtabmap]: rtabmap: subscribe_stereo = false
[rtabmap-2] [INFO] [1768655394.645138906] [rtabmap]: rtabmap: subscribe_rgbd = true (rgbd_cameras=1)
[rtabmap-2] [INFO] [1768655394.645146518] [rtabmap]: rtabmap: subscribe_sensor_data = false
[rtabmap-2] [INFO] [1768655394.645151744] [rtabmap]: rtabmap: subscribe_odom_info = false
[rtabmap-2] [INFO] [1768655394.645156456] [rtabmap]: rtabmap: subscribe_user_data = false
[rtabmap-2] [INFO] [1768655394.645161352] [rtabmap]: rtabmap: subscribe_scan = false
[rtabmap-2] [INFO] [1768655394.645166253] [rtabmap]: rtabmap: subscribe_scan_cloud = false
[rtabmap-2] [INFO] [1768655394.645171070] [rtabmap]: rtabmap: subscribe_scan_descriptor = false
[rtabmap-2] [INFO] [1768655394.645176406] [rtabmap]: rtabmap: topic_queue_size = 10
[rtabmap-2] [INFO] [1768655394.645182738] [rtabmap]: rtabmap: sync_queue_size  = 30
[rtabmap-2] [INFO] [1768655394.645188258] [rtabmap]: rtabmap: qos_image       = 2
[rtabmap-2] [INFO] [1768655394.645228441] [rtabmap]: rtabmap: qos_camera_info = 2
[rtabmap-2] [INFO] [1768655394.645241326] [rtabmap]: rtabmap: qos_scan        = 2
[rtabmap-2] [INFO] [1768655394.645248550] [rtabmap]: rtabmap: qos_odom        = 2
[rtabmap-2] [INFO] [1768655394.645255080] [rtabmap]: rtabmap: qos_user_data   = 2
[rtabmap-2] [INFO] [1768655394.645261364] [rtabmap]: rtabmap: approx_sync     = true
[rtabmap-2] [INFO] [1768655394.645277571] [rtabmap]: Setup rgbd callback
[rtabmap-2] [INFO] [1768655394.646486005] [rtabmap]: 
[rtabmap-2] rtabmap subscribed to:
[rtabmap-2]    /rgbd_image
[rtabmap-2] [INFO] [1768655395.173150270] [rtabmap]: rtabmap (1): Rate=0.50s, Limit=0.000s, Conversion=0.0024s, RTAB-Map=0.2996s, Maps update=0.0001s pub=0.0000s delay=0.3610s (local map=1, WM=1)
[rtabmap-2] [INFO] [1768655395.605379879] [rtabmap]: rtabmap (2): Rate=0.50s, Limit=0.000s, Conversion=0.0017s, RTAB-Map=0.2737s, Maps update=0.0000s pub=0.0000s delay=0.0940s (local map=1, WM=1)
[rgbd_sync-1] [WARN] [1768655396.080805762] [rgbd_sync]: The time difference between rgb and depth frames is high (diff=0.027000s, rgb=83.622000s, depth=83.649000s). You may want to set approx_sync_max_interval lower than 0.01s to reject spurious bad synchronizations or use approx_sync=false if streams have all the exact same timestamp. Setting approx_sync_max_interval will suppress this warning.
[rgbd_sync-1] [WARN] [1768655396.377323193] [rgbd_sync]: The time difference between rgb and depth frames is high (diff=0.034000s, rgb=83.882000s, depth=83.848000s). You may want to set approx_sync_max_interval lower than 0.01s to reject spurious bad synchronizations or use approx_sync=false if streams have all the exact same timestamp. Setting approx_sync_max_interval will suppress this warning.
[rgbd_sync-1] [WARN] [1768655396.423317061] [rgbd_sync]: The time difference between rgb and depth frames is high (diff=0.026000s, rgb=84.013000s, depth=83.987000s). You may want to set approx_sync_max_interval lower than 0.01s to reject spurious bad synchronizations or use approx_sync=false if streams have all the exact same timestamp. Setting approx_sync_max_interval will suppress this warning.
[rtabmap-2] [INFO] [1768655396.581505726] [rtabmap]: rtabmap (3): Rate=0.50s, Limit=0.000s, Conversion=0.0046s, RTAB-Map=0.3429s, Maps update=0.0000s pub=0.0000s delay=0.3870s (local map=1, WM=1)
[rgbd_sync-1] [WARN] [1768655396.924191079] [rgbd_sync]: The time difference between rgb and depth frames is high (diff=0.033000s, rgb=84.443000s, depth=84.476000s). You may want to set approx_sync_max_interval lower than 0.01s to reject spurious bad synchronizations or use approx_sync=false if streams have all the exact same timestamp. Setting approx_sync_max_interval will suppress this warning.
[rtabmap-2] [INFO] [1768655397.127256739] [rtabmap]: rtabmap (4): Rate=0.50s, Limit=0.000s, Conversion=0.0006s, RTAB-Map=0.3327s, Maps update=0.0000s pub=0.0000s delay=0.3200s (local map=1, WM=1)
[rgbd_sync-1] [WARN] [1768655397.203448756] [rgbd_sync]: The time difference between rgb and depth frames is high (diff=0.034000s, rgb=84.778000s, depth=84.744000s). You may want to set approx_sync_max_interval lower than 0.01s to reject spurious bad synchronizations or use approx_sync=false if streams have all the exact same timestamp. Setting approx_sync_max_interval will suppress this warning.
[rtabmap-2] [INFO] [1768655397.624336413] [rtabmap]: rtabmap (5): Rate=0.50s, Limit=0.000s, Conversion=0.0007s, RTAB-Map=0.3135s, Maps update=0.0000s pub=0.0000s delay=0.3140s (local map=1, WM=1)
[rtabmap-2] [INFO] [1768655398.151336423] [rtabmap]: rtabmap (6): Rate=0.50s, Limit=0.000s, Conversion=0.0018s, RTAB-Map=0.3198s, Maps update=0.0001s pub=0.0000s delay=0.3070s (local map=1, WM=1)
[rgbd_sync-1] [WARN] [1768655398.591031645] [rgbd_sync]: The time difference between rgb and depth frames is high (diff=0.030000s, rgb=85.893000s, depth=85.863000s). You may want to set approx_sync_max_interval lower than 0.01s to reject spurious bad synchronizations or use approx_sync=false if streams have all the exact same timestamp. Setting approx_sync_max_interval will suppress this warning.
[rgbd_sync-1] [WARN] [1768655398.644595619] [rgbd_sync]: The time difference between rgb and depth frames is high (diff=0.034000s, rgb=86.158000s, depth=86.192000s). You may want to set approx_sync_max_interval lower than 0.01s to reject spurious bad synchronizations or use approx_sync=false if streams have all the exact same timestamp. Setting approx_sync_max_interval will suppress this warning.
[rtabmap-2] [INFO] [1768655398.968116305] [rtabmap]: rtabmap (7): Rate=0.50s, Limit=0.000s, Conversion=0.0053s, RTAB-Map=0.3120s, Maps update=0.0000s pub=0.0000s delay=0.3420s (local map=1, WM=1)
[rgbd_sync-1] [WARN] [1768655399.147840963] [rgbd_sync]: The time difference between rgb and depth frames is high (diff=0.033000s, rgb=86.735000s, depth=86.702000s). You may want to set approx_sync_max_interval lower than 0.01s to reject spurious bad synchronizations or use approx_sync=false if streams have all the exact same timestamp. Setting approx_sync_max_interval will suppress this warning.
[rtabmap-2] [INFO] [1768655399.455654207] [rtabmap]: rtabmap (8): Rate=0.50s, Limit=0.000s, Conversion=0.0041s, RTAB-Map=0.3003s, Maps update=0.0000s pub=0.0000s delay=0.2980s (local map=1, WM=1)
[rgbd_sync-1] [WARN] [1768655399.774171629] [rgbd_sync]: The time difference between rgb and depth frames is high (diff=0.021000s, rgb=87.245000s, depth=87.224000s). You may want to set approx_sync_max_interval lower than 0.01s to reject spurious bad synchronizations or use approx_sync=false if streams have all the exact same timestamp. Setting approx_sync_max_interval will suppress this warning.
[rgbd_sync-1] [WARN] [1768655399.987356131] [rgbd_sync]: The time difference between rgb and depth frames is high (diff=0.033000s, rgb=87.550000s, depth=87.583000s). You may want to set approx_sync_max_interval lower than 0.01s to reject spurious bad synchronizations or use approx_sync=false if streams have all the exact same timestamp. Setting approx_sync_max_interval will suppress this warning.
[rtabmap-2] [INFO] [1768655400.052270701] [rtabmap]: rtabmap (9): Rate=0.50s, Limit=0.000s, Conversion=0.0027s, RTAB-Map=0.2643s, Maps update=0.0000s pub=0.0000s delay=0.3760s (local map=1, WM=1)
[rtabmap-2] [INFO] [1768655400.567447263] [rtabmap]: rtabmap (10): Rate=0.50s, Limit=0.000s, Conversion=0.0041s, RTAB-Map=0.2787s, Maps update=0.0000s pub=0.0000s delay=0.2540s (local map=1, WM=1)
[rgbd_sync-1] [WARN] [1768655400.901961711] [rgbd_sync]: The time difference between rgb and depth frames is high (diff=0.049000s, rgb=88.451000s, depth=88.500000s). You may want to set approx_sync_max_interval lower than 0.01s to reject spurious bad synchronizations or use approx_sync=false if streams have all the exact same timestamp. Setting approx_sync_max_interval will suppress this warning.
[rtabmap-2] [INFO] [1768655401.217542401] [rtabmap]: rtabmap (11): Rate=0.50s, Limit=0.000s, Conversion=0.0007s, RTAB-Map=0.3082s, Maps update=0.0000s pub=0.0000s delay=0.3490s (local map=1, WM=1)
[rtabmap-2] [INFO] [1768655401.763486887] [rtabmap]: rtabmap (12): Rate=0.50s, Limit=0.000s, Conversion=0.0016s, RTAB-Map=0.3445s, Maps update=0.0000s pub=0.0000s delay=0.3440s (local map=1, WM=1)
[rgbd_sync-1] [WARN] [1768655402.100100852] [rgbd_sync]: The time difference between rgb and depth frames is high (diff=0.056000s, rgb=89.561000s, depth=89.617000s). You may want to set approx_sync_max_interval lower than 0.01s to reject spurious bad synchronizations or use approx_sync=false if streams have all the exact same timestamp. Setting approx_sync_max_interval will suppress this warning.
[rtabmap-2] [INFO] [1768655402.382234548] [rtabmap]: rtabmap (13): Rate=0.50s, Limit=0.000s, Conversion=0.0016s, RTAB-Map=0.2752s, Maps update=0.0000s pub=0.0000s delay=0.3390s (local map=1, WM=1)
[rgbd_sync-1] [WARN] [1768655402.393502876] [rgbd_sync]: The time difference between rgb and depth frames is high (diff=0.030000s, rgb=89.816000s, depth=89.786000s). You may want to set approx_sync_max_interval lower than 0.01s to reject spurious bad synchronizations or use approx_sync=false if streams have all the exact same timestamp. Setting approx_sync_max_interval will suppress this warning.
[rtabmap-2] [INFO] [1768655402.862266843] [rtabmap]: rtabmap (14): Rate=0.50s, Limit=0.000s, Conversion=0.0021s, RTAB-Map=0.3161s, Maps update=0.0000s pub=0.0000s delay=0.2830s (local map=1, WM=1)
[rtabmap-2] [INFO] [1768655403.408719981] [rtabmap]: rtabmap (15): Rate=0.50s, Limit=0.000s, Conversion=0.0012s, RTAB-Map=0.3030s, Maps update=0.0001s pub=0.0000s delay=0.3480s (local map=1, WM=1)
[rgbd_sync-1] [WARN] [1768655403.700422219] [rgbd_sync]: The time difference between rgb and depth frames is high (diff=0.033000s, rgb=91.255000s, depth=91.288000s). You may want to set approx_sync_max_interval lower than 0.01s to reject spurious bad synchronizations or use approx_sync=false if streams have all the exact same timestamp. Setting approx_sync_max_interval will suppress this warning.
[rtabmap-2] [INFO] [1768655404.063877527] [rtabmap]: rtabmap (16): Rate=0.50s, Limit=0.000s, Conversion=0.0011s, RTAB-Map=0.3535s, Maps update=0.0001s pub=0.0000s delay=0.3450s (local map=1, WM=1)
[rgbd_sync-1] [WARN] [1768655404.411470061] [rgbd_sync]: The time difference between rgb and depth frames is high (diff=0.038000s, rgb=91.918000s, depth=91.880000s). You may want to set approx_sync_max_interval lower than 0.01s to reject spurious bad synchronizations or use approx_sync=false if streams have all the exact same timestamp. Setting approx_sync_max_interval will suppress this warning.
[rtabmap-2] [INFO] [1768655404.770465766] [rtabmap]: rtabmap (17): Rate=0.50s, Limit=0.000s, Conversion=0.0043s, RTAB-Map=0.3446s, Maps update=0.0000s pub=0.0000s delay=0.4200s (local map=2, WM=2)
[rgbd_sync-1] [WARN] [1768655404.778521690] [rgbd_sync]: The time difference between rgb and depth frames is high (diff=0.030000s, rgb=92.303000s, depth=92.273000s). You may want to set approx_sync_max_interval lower than 0.01s to reject spurious bad synchronizations or use approx_sync=false if streams have all the exact same timestamp. Setting approx_sync_max_interval will suppress this warning.
[rgbd_sync-1] [WARN] [1768655404.892157113] [rgbd_sync]: The time difference between rgb and depth frames is high (diff=0.025000s, rgb=92.331000s, depth=92.356000s). You may want to set approx_sync_max_interval lower than 0.01s to reject spurious bad synchronizations or use approx_sync=false if streams have all the exact same timestamp. Setting approx_sync_max_interval will suppress this warning.
[rtabmap-2] [INFO] [1768655405.272287039] [rtabmap]: rtabmap (18): Rate=0.50s, Limit=0.000s, Conversion=0.0006s, RTAB-Map=0.3223s, Maps update=0.0000s pub=0.0000s delay=0.2800s (local map=2, WM=2)
[rgbd_sync-1] [WARN] [1768655405.656523411] [rgbd_sync]: The time difference between rgb and depth frames is high (diff=0.068000s, rgb=93.068000s, depth=93.136000s). You may want to set approx_sync_max_interval lower than 0.01s to reject spurious bad synchronizations or use approx_sync=false if streams have all the exact same timestamp. Setting approx_sync_max_interval will suppress this warning.
[rtabmap-2] [INFO] [1768655406.000662346] [rtabmap]: rtabmap (19): Rate=0.50s, Limit=0.000s, Conversion=0.0018s, RTAB-Map=0.3357s, Maps update=0.0000s pub=0.0000s delay=0.4320s (local map=2, WM=2)
[rtabmap-2] [INFO] [1768655406.277725466] [rtabmap]: rtabmap (20): Rate=0.50s, Limit=0.000s, Conversion=0.0005s, RTAB-Map=0.2606s, Maps update=0.0000s pub=0.0000s delay=0.2320s (local map=3, WM=3)
[rtabmap-2] [INFO] [1768655406.899945373] [rtabmap]: rtabmap (21): Rate=0.50s, Limit=0.000s, Conversion=0.0009s, RTAB-Map=0.3268s, Maps update=0.0000s pub=0.0000s delay=0.2650s (local map=3, WM=3)
[rgbd_sync-1] [WARN] [1768655407.034631079] [rgbd_sync]: The time difference between rgb and depth frames is high (diff=0.033000s, rgb=94.574000s, depth=94.541000s). You may want to set approx_sync_max_interval lower than 0.01s to reject spurious bad synchronizations or use approx_sync=false if streams have all the exact same timestamp. Setting approx_sync_max_interval will suppress this warning.
[rgbd_sync-1] [WARN] [1768655407.364247412] [rgbd_sync]: The time difference between rgb and depth frames is high (diff=0.034000s, rgb=94.842000s, depth=94.876000s). You may want to set approx_sync_max_interval lower than 0.01s to reject spurious bad synchronizations or use approx_sync=false if streams have all the exact same timestamp. Setting approx_sync_max_interval will suppress this warning.
[rgbd_sync-1] [WARN] [1768655407.417587655] [rgbd_sync]: The time difference between rgb and depth frames is high (diff=0.031000s, rgb=94.986000s, depth=94.955000s). You may want to set approx_sync_max_interval lower than 0.01s to reject spurious bad synchronizations or use approx_sync=false if streams have all the exact same timestamp. Setting approx_sync_max_interval will suppress this warning.
[rtabmap-2] [INFO] [1768655407.434378893] [rtabmap]: rtabmap (22): Rate=0.50s, Limit=0.000s, Conversion=0.0005s, RTAB-Map=0.3278s, Maps update=0.0000s pub=0.0000s delay=0.3410s (local map=3, WM=3)
[rtabmap-2] [INFO] [1768655407.963996918] [rtabmap]: rtabmap (23): Rate=0.50s, Limit=0.000s, Conversion=0.0005s, RTAB-Map=0.2837s, Maps update=0.0000s pub=0.0000s delay=0.2810s (local map=4, WM=4)
[rgbd_sync-1] [WARN] [1768655407.986982665] [rgbd_sync]: The time difference between rgb and depth frames is high (diff=0.033000s, rgb=95.530000s, depth=95.563000s). You may want to set approx_sync_max_interval lower than 0.01s to reject spurious bad synchronizations or use approx_sync=false if streams have all the exact same timestamp. Setting approx_sync_max_interval will suppress this warning.
[rtabmap-2] [INFO] [1768655408.466519999] [rtabmap]: rtabmap (24): Rate=0.50s, Limit=0.000s, Conversion=0.0010s, RTAB-Map=0.2523s, Maps update=0.0000s pub=0.0000s delay=0.2450s (local map=4, WM=4)
[rtabmap-2] [INFO] [1768655408.965605232] [rtabmap]: rtabmap (25): Rate=0.50s, Limit=0.000s, Conversion=0.0006s, RTAB-Map=0.2734s, Maps update=0.0000s pub=0.0000s delay=0.2440s (local map=4, WM=4)
[rgbd_sync-1] [WARN] [1768655409.387338480] [rgbd_sync]: The time difference between rgb and depth frames is high (diff=0.026000s, rgb=96.802000s, depth=96.776000s). You may want to set approx_sync_max_interval lower than 0.01s to reject spurious bad synchronizations or use approx_sync=false if streams have all the exact same timestamp. Setting approx_sync_max_interval will suppress this warning.
[rtabmap-2] [INFO] [1768655409.693766823] [rtabmap]: rtabmap (26): Rate=0.50s, Limit=0.000s, Conversion=0.0012s, RTAB-Map=0.2949s, Maps update=0.0000s pub=0.0000s delay=0.4240s (local map=5, WM=5)
[rtabmap-2] [INFO] [1768655410.269342915] [rtabmap]: rtabmap (27): Rate=0.50s, Limit=0.000s, Conversion=0.0007s, RTAB-Map=0.2713s, Maps update=0.0039s pub=0.0015s delay=0.2630s (local map=5, WM=5)
[rgbd_sync-1] [WARN] [1768655410.475926126] [rgbd_sync]: The time difference between rgb and depth frames is high (diff=0.063000s, rgb=97.900000s, depth=97.963000s). You may want to set approx_sync_max_interval lower than 0.01s to reject spurious bad synchronizations or use approx_sync=false if streams have all the exact same timestamp. Setting approx_sync_max_interval will suppress this warning.
[rgbd_sync-1] [WARN] [1768655410.610423119] [rgbd_sync]: The time difference between rgb and depth frames is high (diff=0.030000s, rgb=98.031000s, depth=98.061000s). You may want to set approx_sync_max_interval lower than 0.01s to reject spurious bad synchronizations or use approx_sync=false if streams have all the exact same timestamp. Setting approx_sync_max_interval will suppress this warning.
[rgbd_sync-1] [WARN] [1768655410.762656807] [rgbd_sync]: The time difference between rgb and depth frames is high (diff=0.032000s, rgb=98.236000s, depth=98.268000s). You may want to set approx_sync_max_interval lower than 0.01s to reject spurious bad synchronizations or use approx_sync=false if streams have all the exact same timestamp. Setting approx_sync_max_interval will suppress this warning.
[rtabmap-2] [INFO] [1768655411.017950958] [rtabmap]: rtabmap (28): Rate=0.50s, Limit=0.000s, Conversion=0.0011s, RTAB-Map=0.3503s, Maps update=0.0038s pub=0.0013s delay=0.3980s (local map=6, WM=6)
[rgbd_sync-1] [WARN] [1768655411.107768156] [rgbd_sync]: The time difference between rgb and depth frames is high (diff=0.028000s, rgb=98.581000s, depth=98.609000s). You may want to set approx_sync_max_interval lower than 0.01s to reject spurious bad synchronizations or use approx_sync=false if streams have all the exact same timestamp. Setting approx_sync_max_interval will suppress this warning.
[rtabmap-2] [INFO] [1768655411.620007053] [rtabmap]: rtabmap (29): Rate=0.50s, Limit=0.000s, Conversion=0.0005s, RTAB-Map=0.2855s, Maps update=0.0020s pub=0.0000s delay=0.3260s (local map=6, WM=6)
[rgbd_sync-1] [WARN] [1768655411.686338819] [rgbd_sync]: The time difference between rgb and depth frames is high (diff=0.075000s, rgb=99.174000s, depth=99.249000s). You may want to set approx_sync_max_interval lower than 0.01s to reject spurious bad synchronizations or use approx_sync=false if streams have all the exact same timestamp. Setting approx_sync_max_interval will suppress this warning.
[rgbd_sync-1] [WARN] [1768655411.820207149] [rgbd_sync]: The time difference between rgb and depth frames is high (diff=0.022000s, rgb=99.369000s, depth=99.391000s). You may want to set approx_sync_max_interval lower than 0.01s to reject spurious bad synchronizations or use approx_sync=false if streams have all the exact same timestamp. Setting approx_sync_max_interval will suppress this warning.
[rtabmap-2] [INFO] [1768655412.203363963] [rtabmap]: rtabmap (30): Rate=0.50s, Limit=0.000s, Conversion=0.0003s, RTAB-Map=0.3219s, Maps update=0.0041s pub=0.0000s delay=0.2800s (local map=6, WM=6)
[rtabmap-2] [INFO] [1768655413.019333989] [rtabmap]: rtabmap (31): Rate=0.50s, Limit=0.000s, Conversion=0.0012s, RTAB-Map=0.3856s, Maps update=0.0029s pub=0.0015s delay=0.3390s (local map=7, WM=7)
[rtabmap-2] [INFO] [1768655413.625297051] [rtabmap]: rtabmap (32): Rate=0.50s, Limit=0.000s, Conversion=0.0009s, RTAB-Map=0.3529s, Maps update=0.0034s pub=0.0000s delay=0.4150s (local map=7, WM=7)
[rtabmap-2] [INFO] [1768655414.148155922] [rtabmap]: rtabmap (33): Rate=0.50s, Limit=0.000s, Conversion=0.0009s, RTAB-Map=0.2769s, Maps update=0.0039s pub=0.0014s delay=0.3110s (local map=8, WM=8)
[rgbd_sync-1] [WARN] [1768655414.609591776] [rgbd_sync]: The time difference between rgb and depth frames is high (diff=0.032000s, rgb=102.145000s, depth=102.113000s). You may want to set approx_sync_max_interval lower than 0.01s to reject spurious bad synchronizations or use approx_sync=false if streams have all the exact same timestamp. Setting approx_sync_max_interval will suppress this warning.
[rtabmap-2] [INFO] [1768655414.704669693] [rtabmap]: rtabmap (34): Rate=0.50s, Limit=0.000s, Conversion=0.0008s, RTAB-Map=0.3312s, Maps update=0.0023s pub=0.0000s delay=0.3020s (local map=8, WM=8)
[rtabmap-2] [INFO] [1768655415.166199777] [rtabmap]: rtabmap (35): Rate=0.50s, Limit=0.000s, Conversion=0.0019s, RTAB-Map=0.2624s, Maps update=0.0044s pub=0.0016s delay=0.2790s (local map=9, WM=9)
[rtabmap-2] [INFO] [1768655415.736559408] [rtabmap]: rtabmap (36): Rate=0.50s, Limit=0.000s, Conversion=0.0009s, RTAB-Map=0.3142s, Maps update=0.0049s pub=0.0000s delay=0.3350s (local map=9, WM=9)
[rgbd_sync-1] [WARN] [1768655415.849005436] [rgbd_sync]: The time difference between rgb and depth frames is high (diff=0.041000s, rgb=103.349000s, depth=103.308000s). You may want to set approx_sync_max_interval lower than 0.01s to reject spurious bad synchronizations or use approx_sync=false if streams have all the exact same timestamp. Setting approx_sync_max_interval will suppress this warning.
[rtabmap-2] [INFO] [1768655416.235079315] [rtabmap]: rtabmap (37): Rate=0.50s, Limit=0.000s, Conversion=0.0007s, RTAB-Map=0.2535s, Maps update=0.0057s pub=0.0015s delay=0.3090s (local map=10, WM=10)
[rgbd_sync-1] [WARN] [1768655416.697483465] [rgbd_sync]: The time difference between rgb and depth frames is high (diff=0.028000s, rgb=104.157000s, depth=104.185000s). You may want to set approx_sync_max_interval lower than 0.01s to reject spurious bad synchronizations or use approx_sync=false if streams have all the exact same timestamp. Setting approx_sync_max_interval will suppress this warning.
[rtabmap-2] [INFO] [1768655417.051699785] [rtabmap]: rtabmap (38): Rate=0.50s, Limit=0.000s, Conversion=0.0004s, RTAB-Map=0.2958s, Maps update=0.0058s pub=0.0019s delay=0.3310s (local map=11, WM=11)
[rtabmap-2] [INFO] [1768655417.509445289] [rtabmap]: rtabmap (39): Rate=0.50s, Limit=0.000s, Conversion=0.0005s, RTAB-Map=0.2493s, Maps update=0.0045s pub=0.0000s delay=0.2230s (local map=11, WM=11)
[rtabmap-2] [INFO] [1768655418.083688627] [rtabmap]: rtabmap (40): Rate=0.50s, Limit=0.000s, Conversion=0.0007s, RTAB-Map=0.2490s, Maps update=0.0038s pub=0.0016s delay=0.2440s (local map=12, WM=12)
[rgbd_sync-1] [WARN] [1768655418.097738689] [rgbd_sync]: The time difference between rgb and depth frames is high (diff=0.033000s, rgb=105.617000s, depth=105.584000s). You may want to set approx_sync_max_interval lower than 0.01s to reject spurious bad synchronizations or use approx_sync=false if streams have all the exact same timestamp. Setting approx_sync_max_interval will suppress this warning.
[rtabmap-2] [INFO] [1768655418.665057059] [rtabmap]: rtabmap (41): Rate=0.50s, Limit=0.000s, Conversion=0.0009s, RTAB-Map=0.3112s, Maps update=0.0041s pub=0.0000s delay=0.3250s (local map=12, WM=12)
[rtabmap-2] [INFO] [1768655419.368850779] [rtabmap]: rtabmap (42): Rate=0.50s, Limit=0.000s, Conversion=0.0006s, RTAB-Map=0.3280s, Maps update=0.0028s pub=0.0017s delay=0.3350s (local map=13, WM=13)
[rgbd_sync-1] [WARN] [1768655419.544553592] [rgbd_sync]: The time difference between rgb and depth frames is high (diff=0.030000s, rgb=107.062000s, depth=107.032000s). You may want to set approx_sync_max_interval lower than 0.01s to reject spurious bad synchronizations or use approx_sync=false if streams have all the exact same timestamp. Setting approx_sync_max_interval will suppress this warning.
[rtabmap-2] [INFO] [1768655419.973057941] [rtabmap]: rtabmap (43): Rate=0.50s, Limit=0.000s, Conversion=0.0006s, RTAB-Map=0.3285s, Maps update=0.0042s pub=0.0000s delay=0.3370s (local map=13, WM=13)
[rtabmap-2] [INFO] [1768655420.466768698] [rtabmap]: rtabmap (44): Rate=0.50s, Limit=0.000s, Conversion=0.0004s, RTAB-Map=0.2804s, Maps update=0.0038s pub=0.0009s delay=0.3080s (local map=14, WM=14)
[rgbd_sync-1] [WARN] [1768655420.744704507] [rgbd_sync]: The time difference between rgb and depth frames is high (diff=0.052000s, rgb=108.141000s, depth=108.193000s). You may want to set approx_sync_max_interval lower than 0.01s to reject spurious bad synchronizations or use approx_sync=false if streams have all the exact same timestamp. Setting approx_sync_max_interval will suppress this warning.
[rtabmap-2] [INFO] [1768655421.071742046] [rtabmap]: rtabmap (45): Rate=0.50s, Limit=0.000s, Conversion=0.0010s, RTAB-Map=0.3074s, Maps update=0.0045s pub=0.0000s delay=0.3410s (local map=14, WM=14)
[rgbd_sync-1] [WARN] [1768655421.302898498] [rgbd_sync]: The time difference between rgb and depth frames is high (diff=0.045000s, rgb=108.746000s, depth=108.701000s). You may want to set approx_sync_max_interval lower than 0.01s to reject spurious bad synchronizations or use approx_sync=false if streams have all the exact same timestamp. Setting approx_sync_max_interval will suppress this warning.
[rtabmap-2] [INFO] [1768655421.620832003] [rtabmap]: rtabmap (46): Rate=0.50s, Limit=0.000s, Conversion=0.0017s, RTAB-Map=0.2805s, Maps update=0.0053s pub=0.0015s delay=0.2550s (local map=15, WM=15)
[rgbd_sync-1] [WARN] [1768655422.006291264] [rgbd_sync]: The time difference between rgb and depth frames is high (diff=0.026000s, rgb=109.520000s, depth=109.546000s). You may want to set approx_sync_max_interval lower than 0.01s to reject spurious bad synchronizations or use approx_sync=false if streams have all the exact same timestamp. Setting approx_sync_max_interval will suppress this warning.
[rtabmap-2] [INFO] [1768655422.140909122] [rtabmap]: rtabmap (47): Rate=0.50s, Limit=0.000s, Conversion=0.0007s, RTAB-Map=0.2475s, Maps update=0.0040s pub=0.0000s delay=0.2010s (local map=15, WM=15)
[rtabmap-2] [INFO] [1768655422.716840635] [rtabmap]: rtabmap (48): Rate=0.50s, Limit=0.000s, Conversion=0.0008s, RTAB-Map=0.3032s, Maps update=0.0024s pub=0.0021s delay=0.2860s (local map=16, WM=16)
[rgbd_sync-1] [WARN] [1768655423.332537507] [rgbd_sync]: The time difference between rgb and depth frames is high (diff=0.026000s, rgb=110.848000s, depth=110.822000s). You may want to set approx_sync_max_interval lower than 0.01s to reject spurious bad synchronizations or use approx_sync=false if streams have all the exact same timestamp. Setting approx_sync_max_interval will suppress this warning.
[rtabmap-2] [INFO] [1768655423.495403321] [rtabmap]: rtabmap (49): Rate=0.50s, Limit=0.000s, Conversion=0.0005s, RTAB-Map=0.3045s, Maps update=0.0023s pub=0.0000s delay=0.2940s (local map=16, WM=16)
[rgbd_sync-1] [WARN] [1768655423.614790657] [rgbd_sync]: The time difference between rgb and depth frames is high (diff=0.038000s, rgb=111.111000s, depth=111.073000s). You may want to set approx_sync_max_interval lower than 0.01s to reject spurious bad synchronizations or use approx_sync=false if streams have all the exact same timestamp. Setting approx_sync_max_interval will suppress this warning.
[rgbd_sync-1] [WARN] [1768655423.936978909] [rgbd_sync]: The time difference between rgb and depth frames is high (diff=0.040000s, rgb=111.297000s, depth=111.337000s). You may want to set approx_sync_max_interval lower than 0.01s to reject spurious bad synchronizations or use approx_sync=false if streams have all the exact same timestamp. Setting approx_sync_max_interval will suppress this warning.
[rgbd_sync-1] [WARN] [1768655423.986905838] [rgbd_sync]: The time difference between rgb and depth frames is high (diff=0.027000s, rgb=111.460000s, depth=111.433000s). You may want to set approx_sync_max_interval lower than 0.01s to reject spurious bad synchronizations or use approx_sync=false if streams have all the exact same timestamp. Setting approx_sync_max_interval will suppress this warning.
[rtabmap-2] [INFO] [1768655424.169530741] [rtabmap]: rtabmap (50): Rate=0.50s, Limit=0.000s, Conversion=0.0006s, RTAB-Map=0.2258s, Maps update=0.0021s pub=0.0000s delay=0.4030s (local map=16, WM=16)
[rgbd_sync-1] [WARN] [1768655424.378516086] [rgbd_sync]: The time difference between rgb and depth frames is high (diff=0.034000s, rgb=111.859000s, depth=111.825000s). You may want to set approx_sync_max_interval lower than 0.01s to reject spurious bad synchronizations or use approx_sync=false if streams have all the exact same timestamp. Setting approx_sync_max_interval will suppress this warning.
[rtabmap-2] [INFO] [1768655424.715930638] [rtabmap]: rtabmap (51): Rate=0.50s, Limit=0.000s, Conversion=0.0010s, RTAB-Map=0.3275s, Maps update=0.0024s pub=0.0000s delay=0.3750s (local map=16, WM=16)
[rtabmap-2] [INFO] [1768655425.120150158] [rtabmap]: rtabmap (52): Rate=0.50s, Limit=0.000s, Conversion=0.0008s, RTAB-Map=0.2924s, Maps update=0.0045s pub=0.0022s delay=0.2630s (local map=17, WM=17)
[rgbd_sync-1] [WARN] [1768655425.164186371] [rgbd_sync]: The time difference between rgb and depth frames is high (diff=0.033000s, rgb=112.612000s, depth=112.645000s). You may want to set approx_sync_max_interval lower than 0.01s to reject spurious bad synchronizations or use approx_sync=false if streams have all the exact same timestamp. Setting approx_sync_max_interval will suppress this warning.
[rgbd_sync-1] [WARN] [1768655425.505446795] [rgbd_sync]: The time difference between rgb and depth frames is high (diff=0.033000s, rgb=113.012000s, depth=112.979000s). You may want to set approx_sync_max_interval lower than 0.01s to reject spurious bad synchronizations or use approx_sync=false if streams have all the exact same timestamp. Setting approx_sync_max_interval will suppress this warning.
[rgbd_sync-1] [WARN] [1768655425.619540300] [rgbd_sync]: The time difference between rgb and depth frames is high (diff=0.026000s, rgb=113.128000s, depth=113.154000s). You may want to set approx_sync_max_interval lower than 0.01s to reject spurious bad synchronizations or use approx_sync=false if streams have all the exact same timestamp. Setting approx_sync_max_interval will suppress this warning.
[rtabmap-2] [INFO] [1768655425.698991586] [rtabmap]: rtabmap (53): Rate=0.50s, Limit=0.000s, Conversion=0.0011s, RTAB-Map=0.3430s, Maps update=0.0039s pub=0.0000s delay=0.3380s (local map=17, WM=17)
[rgbd_sync-1] [WARN] [1768655425.762127203] [rgbd_sync]: The time difference between rgb and depth frames is high (diff=0.033000s, rgb=113.212000s, depth=113.245000s). You may want to set approx_sync_max_interval lower than 0.01s to reject spurious bad synchronizations or use approx_sync=false if streams have all the exact same timestamp. Setting approx_sync_max_interval will suppress this warning.
[rtabmap-2] [INFO] [1768655426.181899780] [rtabmap]: rtabmap (54): Rate=0.50s, Limit=0.000s, Conversion=0.0005s, RTAB-Map=0.2699s, Maps update=0.0039s pub=0.0000s delay=0.2770s (local map=17, WM=17)
[rtabmap-2] [INFO] [1768655426.952403961] [rtabmap]: rtabmap (55): Rate=0.50s, Limit=0.000s, Conversion=0.0010s, RTAB-Map=0.3243s, Maps update=0.0043s pub=0.0022s delay=0.3060s (local map=18, WM=18)
[rgbd_sync-1] [WARN] [1768655427.095679668] [rgbd_sync]: The time difference between rgb and depth frames is high (diff=0.041000s, rgb=114.568000s, depth=114.527000s). You may want to set approx_sync_max_interval lower than 0.01s to reject spurious bad synchronizations or use approx_sync=false if streams have all the exact same timestamp. Setting approx_sync_max_interval will suppress this warning.
[rtabmap-2] [INFO] [1768655427.427054484] [rtabmap]: rtabmap (56): Rate=0.50s, Limit=0.000s, Conversion=0.0006s, RTAB-Map=0.3028s, Maps update=0.0024s pub=0.0000s delay=0.2740s (local map=18, WM=18)
[rgbd_sync-1] [WARN] [1768655427.543976213] [rgbd_sync]: The time difference between rgb and depth frames is high (diff=0.032000s, rgb=114.961000s, depth=114.993000s). You may want to set approx_sync_max_interval lower than 0.01s to reject spurious bad synchronizations or use approx_sync=false if streams have all the exact same timestamp. Setting approx_sync_max_interval will suppress this warning.
[rgbd_sync-1] [WARN] [1768655427.864667831] [rgbd_sync]: The time difference between rgb and depth frames is high (diff=0.132000s, rgb=115.226000s, depth=115.094000s). You may want to set approx_sync_max_interval lower than 0.01s to reject spurious bad synchronizations or use approx_sync=false if streams have all the exact same timestamp. Setting approx_sync_max_interval will suppress this warning.
[rgbd_sync-1] [WARN] [1768655428.035681233] [rgbd_sync]: The time difference between rgb and depth frames is high (diff=0.032000s, rgb=115.527000s, depth=115.559000s). You may want to set approx_sync_max_interval lower than 0.01s to reject spurious bad synchronizations or use approx_sync=false if streams have all the exact same timestamp. Setting approx_sync_max_interval will suppress this warning.
[rtabmap-2] [INFO] [1768655428.231134951] [rtabmap]: rtabmap (57): Rate=0.50s, Limit=0.000s, Conversion=0.0009s, RTAB-Map=0.3241s, Maps update=0.0021s pub=0.0012s delay=0.3070s (local map=19, WM=19)
[rgbd_sync-1] [WARN] [1768655428.497740264] [rgbd_sync]: The time difference between rgb and depth frames is high (diff=0.034000s, rgb=115.860000s, depth=115.894000s). You may want to set approx_sync_max_interval lower than 0.01s to reject spurious bad synchronizations or use approx_sync=false if streams have all the exact same timestamp. Setting approx_sync_max_interval will suppress this warning.
[rgbd_sync-1] [WARN] [1768655428.794116418] [rgbd_sync]: The time difference between rgb and depth frames is high (diff=0.025000s, rgb=116.254000s, depth=116.279000s). You may want to set approx_sync_max_interval lower than 0.01s to reject spurious bad synchronizations or use approx_sync=false if streams have all the exact same timestamp. Setting approx_sync_max_interval will suppress this warning.
[rtabmap-2] [INFO] [1768655429.011441830] [rtabmap]: rtabmap (58): Rate=0.50s, Limit=0.000s, Conversion=0.0007s, RTAB-Map=0.4091s, Maps update=0.0028s pub=0.0000s delay=0.4130s (local map=19, WM=19)
[rtabmap-2] [INFO] [1768655429.547969796] [rtabmap]: rtabmap (59): Rate=0.50s, Limit=0.000s, Conversion=0.0008s, RTAB-Map=0.4345s, Maps update=0.0031s pub=0.0000s delay=0.3890s (local map=19, WM=19)
[rtabmap-2] [INFO] [1768655430.035652216] [rtabmap]: rtabmap (60): Rate=0.50s, Limit=0.000s, Conversion=0.0005s, RTAB-Map=0.3009s, Maps update=0.0020s pub=0.0011s delay=0.2650s (local map=20, WM=20)
[rtabmap-2] [INFO] [1768655430.580684435] [rtabmap]: rtabmap (61): Rate=0.50s, Limit=0.000s, Conversion=0.0011s, RTAB-Map=0.3107s, Maps update=0.0045s pub=0.0000s delay=0.3260s (local map=20, WM=20)
[rtabmap-2] [INFO] [1768655431.265423636] [rtabmap]: rtabmap (62): Rate=0.50s, Limit=0.000s, Conversion=0.0019s, RTAB-Map=0.3863s, Maps update=0.0033s pub=0.0000s delay=0.3440s (local map=20, WM=20)
[rtabmap-2] [INFO] [1768655431.738070339] [rtabmap]: rtabmap (63): Rate=0.50s, Limit=0.000s, Conversion=0.0008s, RTAB-Map=0.3145s, Maps update=0.0044s pub=0.0019s delay=0.3050s (local map=21, WM=21)
[rtabmap-2] [INFO] [1768655432.299826257] [rtabmap]: rtabmap (64): Rate=0.50s, Limit=0.000s, Conversion=0.0009s, RTAB-Map=0.3793s, Maps update=0.0046s pub=0.0014s delay=0.4010s (local map=22, WM=22)
[rgbd_sync-1] [WARN] [1768655432.407822569] [rgbd_sync]: The time difference between rgb and depth frames is high (diff=0.030000s, rgb=119.840000s, depth=119.870000s). You may want to set approx_sync_max_interval lower than 0.01s to reject spurious bad synchronizations or use approx_sync=false if streams have all the exact same timestamp. Setting approx_sync_max_interval will suppress this warning.
[rgbd_sync-1] [WARN] [1768655432.465863429] [rgbd_sync]: The time difference between rgb and depth frames is high (diff=0.027000s, rgb=119.910000s, depth=119.937000s). You may want to set approx_sync_max_interval lower than 0.01s to reject spurious bad synchronizations or use approx_sync=false if streams have all the exact same timestamp. Setting approx_sync_max_interval will suppress this warning.
[rtabmap-2] [INFO] [1768655432.800571351] [rtabmap]: rtabmap (65): Rate=0.50s, Limit=0.000s, Conversion=0.0016s, RTAB-Map=0.3217s, Maps update=0.0047s pub=0.0000s delay=0.3900s (local map=22, WM=22)
[rgbd_sync-1] [WARN] [1768655432.902730843] [rgbd_sync]: The time difference between rgb and depth frames is high (diff=0.037000s, rgb=120.300000s, depth=120.263000s). You may want to set approx_sync_max_interval lower than 0.01s to reject spurious bad synchronizations or use approx_sync=false if streams have all the exact same timestamp. Setting approx_sync_max_interval will suppress this warning.
[rtabmap-2] [INFO] [1768655433.170152609] [rtabmap]: rtabmap (66): Rate=0.50s, Limit=0.000s, Conversion=0.0005s, RTAB-Map=0.2405s, Maps update=0.0034s pub=0.0001s delay=0.1820s (local map=22, WM=22)
[rgbd_sync-1] [WARN] [1768655433.418202043] [rgbd_sync]: The time difference between rgb and depth frames is high (diff=0.043000s, rgb=120.725000s, depth=120.682000s). You may want to set approx_sync_max_interval lower than 0.01s to reject spurious bad synchronizations or use approx_sync=false if streams have all the exact same timestamp. Setting approx_sync_max_interval will suppress this warning.
[rtabmap-2] [INFO] [1768655433.737937995] [rtabmap]: rtabmap (67): Rate=0.50s, Limit=0.000s, Conversion=0.0008s, RTAB-Map=0.2823s, Maps update=0.0037s pub=0.0000s delay=0.2750s (local map=22, WM=22)
[rgbd_sync-1] [WARN] [1768655433.897553670] [rgbd_sync]: The time difference between rgb and depth frames is high (diff=0.033000s, rgb=121.393000s, depth=121.360000s). You may want to set approx_sync_max_interval lower than 0.01s to reject spurious bad synchronizations or use approx_sync=false if streams have all the exact same timestamp. Setting approx_sync_max_interval will suppress this warning.
[rtabmap-2] [INFO] [1768655434.241316452] [rtabmap]: rtabmap (68): Rate=0.50s, Limit=0.000s, Conversion=0.0005s, RTAB-Map=0.3046s, Maps update=0.0051s pub=0.0000s delay=0.2750s (local map=22, WM=22)
[rgbd_sync-1] [WARN] [1768655434.374328592] [rgbd_sync]: The time difference between rgb and depth frames is high (diff=0.032000s, rgb=121.760000s, depth=121.792000s). You may want to set approx_sync_max_interval lower than 0.01s to reject spurious bad synchronizations or use approx_sync=false if streams have all the exact same timestamp. Setting approx_sync_max_interval will suppress this warning.
[rgbd_sync-1] [WARN] [1768655434.392714366] [rgbd_sync]: The time difference between rgb and depth frames is high (diff=0.027000s, rgb=121.871000s, depth=121.898000s). You may want to set approx_sync_max_interval lower than 0.01s to reject spurious bad synchronizations or use approx_sync=false if streams have all the exact same timestamp. Setting approx_sync_max_interval will suppress this warning.
[rtabmap-2] [INFO] [1768655434.780673065] [rtabmap]: rtabmap (69): Rate=0.50s, Limit=0.000s, Conversion=0.0009s, RTAB-Map=0.3197s, Maps update=0.0046s pub=0.0000s delay=0.3600s (local map=22, WM=22)
[rgbd_sync-1] [WARN] [1768655435.023280788] [rgbd_sync]: The time difference between rgb and depth frames is high (diff=0.035000s, rgb=122.460000s, depth=122.425000s). You may want to set approx_sync_max_interval lower than 0.01s to reject spurious bad synchronizations or use approx_sync=false if streams have all the exact same timestamp. Setting approx_sync_max_interval will suppress this warning.
[rtabmap-2] [INFO] [1768655435.396279553] [rtabmap]: rtabmap (70): Rate=0.50s, Limit=0.000s, Conversion=0.0019s, RTAB-Map=0.3593s, Maps update=0.0053s pub=0.0000s delay=0.4080s (local map=22, WM=22)
[rtabmap-2] [INFO] [1768655435.837690366] [rtabmap]: rtabmap (71): Rate=0.50s, Limit=0.000s, Conversion=0.0006s, RTAB-Map=0.2889s, Maps update=0.0035s pub=0.0000s delay=0.2850s (local map=22, WM=22)
[rgbd_sync-1] [WARN] [1768655435.955435015] [rgbd_sync]: The time difference between rgb and depth frames is high (diff=0.032000s, rgb=123.397000s, depth=123.365000s). You may want to set approx_sync_max_interval lower than 0.01s to reject spurious bad synchronizations or use approx_sync=false if streams have all the exact same timestamp. Setting approx_sync_max_interval will suppress this warning.
[rtabmap-2] [INFO] [1768655436.357870236] [rtabmap]: rtabmap (72): Rate=0.50s, Limit=0.000s, Conversion=0.0008s, RTAB-Map=0.2614s, Maps update=0.0052s pub=0.0000s delay=0.2160s (local map=22, WM=22)
[rtabmap-2] [INFO] [1768655436.965528373] [rtabmap]: rtabmap (73): Rate=0.50s, Limit=0.000s, Conversion=0.0005s, RTAB-Map=0.3143s, Maps update=0.0037s pub=0.0000s delay=0.2890s (local map=22, WM=22)
[rgbd_sync-1] [WARN] [1768655437.300846373] [rgbd_sync]: The time difference between rgb and depth frames is high (diff=0.033000s, rgb=124.780000s, depth=124.747000s). You may want to set approx_sync_max_interval lower than 0.01s to reject spurious bad synchronizations or use approx_sync=false if streams have all the exact same timestamp. Setting approx_sync_max_interval will suppress this warning.
[rgbd_sync-1] [WARN] [1768655437.353195189] [rgbd_sync]: The time difference between rgb and depth frames is high (diff=0.037000s, rgb=124.817000s, depth=124.780000s). You may want to set approx_sync_max_interval lower than 0.01s to reject spurious bad synchronizations or use approx_sync=false if streams have all the exact same timestamp. Setting approx_sync_max_interval will suppress this warning.
[rtabmap-2] [INFO] [1768655437.432497085] [rtabmap]: rtabmap (74): Rate=0.50s, Limit=0.000s, Conversion=0.0007s, RTAB-Map=0.2666s, Maps update=0.0041s pub=0.0000s delay=0.2530s (local map=22, WM=22)
[rtabmap-2] [INFO] [1768655437.615295386] [rclcpp]: signal_handler(signum=2)
[rgbd_sync-1] [INFO] [1768655437.615304091] [rclcpp]: signal_handler(signum=2)
[rtabmap-2] [INFO] [1768655437.630942182] [rtabmap]: Parameters are not saved (No configuration file provided...)
[INFO] [rgbd_sync-1]: process has finished cleanly [pid 437858]
[rtabmap-2] [33m[ WARN] (2026-01-17 22:09:54.883) Memory.cpp:5917::createSignature() Mem/SaveDepth16Format is set to false to use 32bits format but this is not compatible with the compressed depth format chosen (Mem/DepthCompressionFormat=".rvl"), depth images will be compressed in ".png" format instead. Explicitly set Mem/SaveDepth16Format to true to keep using ".rvl" format and images will be converted to 16bits for convenience (warning: that would remove all depth values over 65 meters). Explicitly set Mem/DepthCompressionFormat=".png" to suppress this warning. This warning is only printed once.[0m
[rtabmap-2] [33m[ WARN] (2026-01-17 22:10:10.267) MapsManager.cpp:863::publishMaps() Graph has changed! The whole cloud is regenerated.[0m
[rtabmap-2] [33m[ WARN] (2026-01-17 22:10:27.424) Rtabmap.cpp:3069::process() Rejected loop closure 1 -> 56: Not enough inliers 11/20 (matches=27) between 1 and 56[0m
[rtabmap-2] [33m[ WARN] (2026-01-17 22:10:29.008) Rtabmap.cpp:3069::process() Rejected loop closure 17 -> 58: Not enough inliers 13/20 (matches=32) between 17 and 58[0m
[rtabmap-2] [33m[ WARN] (2026-01-17 22:10:29.544) Rtabmap.cpp:3069::process() Rejected loop closure 1 -> 59: Not enough inliers after bundle adjustment 13/20 (matches=24) between 1 and 59[0m
[rtabmap-2] [33m[ WARN] (2026-01-17 22:10:30.032) Rtabmap.cpp:3069::process() Rejected loop closure 17 -> 60: Not enough inliers 19/20 (matches=46) between 17 and 60[0m
[rtabmap-2] [33m[ WARN] (2026-01-17 22:10:30.575) Rtabmap.cpp:3069::process() Rejected loop closure 17 -> 60: Not enough inliers 17/20 (matches=49) between 17 and 60[0m
[rtabmap-2] [33m[ WARN] (2026-01-17 22:10:31.261) Rtabmap.cpp:3069::process() Rejected loop closure 17 -> 62: Not enough inliers 18/20 (matches=59) between 17 and 62[0m
[rtabmap-2] rtabmap: Saving database/long-term memory... (located at /home/fujino/.ros/rtabmap_ur5e_20260117_220953.db)
[rtabmap-2] rtabmap: Saving database/long-term memory...done! (located at /home/fujino/.ros/rtabmap_ur5e_20260117_220953.db, 109 MB)
[INFO] [rtabmap-2]: process has finished cleanly [pid 437860]
