[INFO] [launch]: All log files can be found below /home/fujino/.ros/log/2026-01-18-19-48-53-947626-fh-686251
[INFO] [launch]: Default logging verbosity is set to INFO
[INFO] [rgbd_sync-1]: process started with pid [686281]
[INFO] [rtabmap-2]: process started with pid [686283]
[rgbd_sync-1] [INFO] [1768733334.209174523] [rgbd_sync]: rgbd_sync: approx_sync = true
[rgbd_sync-1] [INFO] [1768733334.209446489] [rgbd_sync]: rgbd_sync: approx_sync_max_interval = 0.010000
[rgbd_sync-1] [INFO] [1768733334.209478244] [rgbd_sync]: rgbd_sync: topic_queue_size  = 10
[rgbd_sync-1] [INFO] [1768733334.209492535] [rgbd_sync]: rgbd_sync: sync_queue_size  = 30
[rgbd_sync-1] [INFO] [1768733334.209504480] [rgbd_sync]: rgbd_sync: qos             = 2
[rgbd_sync-1] [INFO] [1768733334.209516480] [rgbd_sync]: rgbd_sync: qos_camera_info = 2
[rgbd_sync-1] [INFO] [1768733334.209527921] [rgbd_sync]: rgbd_sync: depth_scale = 1.000000
[rgbd_sync-1] [INFO] [1768733334.209541828] [rgbd_sync]: rgbd_sync: decimation = 1
[rgbd_sync-1] [INFO] [1768733334.209553943] [rgbd_sync]: rgbd_sync: compressed_rate = 0.000000
[rgbd_sync-1] [INFO] [1768733334.228426838] [rgbd_sync]: 
[rgbd_sync-1] rgbd_sync subscribed to (approx sync, max interval=0.010000s):
[rgbd_sync-1]    /camera/color/image_raw,
[rgbd_sync-1]    /camera/depth/depth/image_raw,
[rgbd_sync-1]    /camera/color/camera_info
[rtabmap-2] [INFO] [1768733334.431166938] [rtabmap]: rtabmap(maps): latch                      = true
[rtabmap-2] [INFO] [1768733334.432661383] [rtabmap]: rtabmap(maps): map_filter_radius          = 0.000000
[rtabmap-2] [INFO] [1768733334.432689652] [rtabmap]: rtabmap(maps): map_filter_angle           = 30.000000
[rtabmap-2] [INFO] [1768733334.432696666] [rtabmap]: rtabmap(maps): map_cleanup                = true
[rtabmap-2] [INFO] [1768733334.432701064] [rtabmap]: rtabmap(maps): map_always_update          = false
[rtabmap-2] [INFO] [1768733334.432705263] [rtabmap]: rtabmap(maps): map_empty_ray_tracing      = true
[rtabmap-2] [INFO] [1768733334.432821286] [rtabmap]: rtabmap(maps): cloud_output_voxelized     = true
[rtabmap-2] [INFO] [1768733334.432826123] [rtabmap]: rtabmap(maps): cloud_subtract_filtering   = false
[rtabmap-2] [INFO] [1768733334.432830550] [rtabmap]: rtabmap(maps): cloud_subtract_filtering_min_neighbors = 2
[rtabmap-2] [INFO] [1768733334.434068864] [rtabmap]: rtabmap(maps): octomap_tree_depth         = 16
[rtabmap-2] [INFO] [1768733334.489747903] [rtabmap]: rtabmap: frame_id      = camera_color_optical_frame
[rtabmap-2] [INFO] [1768733334.489814724] [rtabmap]: rtabmap: odom_frame_id = world
[rtabmap-2] [INFO] [1768733334.489831073] [rtabmap]: rtabmap: map_frame_id  = world
[rtabmap-2] [INFO] [1768733334.489843271] [rtabmap]: rtabmap: log_to_rosout_level  = 4
[rtabmap-2] [INFO] [1768733334.489855760] [rtabmap]: rtabmap: initial_pose  = 
[rtabmap-2] [INFO] [1768733334.489866451] [rtabmap]: rtabmap: use_action_for_goal  = false
[rtabmap-2] [INFO] [1768733334.489877306] [rtabmap]: rtabmap: tf_delay      = 0.050000
[rtabmap-2] [INFO] [1768733334.489895507] [rtabmap]: rtabmap: tf_tolerance  = 0.100000
[rtabmap-2] [INFO] [1768733334.489907216] [rtabmap]: rtabmap: odom_sensor_sync   = false
[rtabmap-2] [INFO] [1768733334.489918227] [rtabmap]: rtabmap: pub_loc_pose_only_when_localizing = false
[rtabmap-2] [INFO] [1768733334.489928529] [rtabmap]: rtabmap: wait_for_transform = 0.200000
[rtabmap-2] [INFO] [1768733334.489940220] [rtabmap]: rtabmap: gen_scan  = false
[rtabmap-2] [INFO] [1768733334.489950792] [rtabmap]: rtabmap: gen_depth  = false
[rtabmap-2] [INFO] [1768733334.520717668] [rtabmap]: Setting RTAB-Map parameter "Grid/3D"="true" (rosparam)
[rtabmap-2] [INFO] [1768733334.522070441] [rtabmap]: Setting RTAB-Map parameter "Grid/RangeMax"="5.0" (rosparam)
[rtabmap-2] [INFO] [1768733334.522183885] [rtabmap]: Setting RTAB-Map parameter "Grid/RayTracing"="true" (rosparam)
[rtabmap-2] [INFO] [1768733334.522323049] [rtabmap]: Setting RTAB-Map parameter "Grid/Sensor"="1" (rosparam)
[rtabmap-2] [INFO] [1768733334.533489710] [rtabmap]: Setting RTAB-Map parameter "RGBD/CreateOccupancyGrid"="true" (rosparam)
[rtabmap-2] [INFO] [1768733334.538206989] [rtabmap]: Setting RTAB-Map parameter "Rtabmap/DetectionRate"="2.0" (rosparam)
[rtabmap-2] [INFO] [1768733334.714692027] [rtabmap]: RTAB-Map detection rate = 2.000000 Hz
[rtabmap-2] [INFO] [1768733334.714816301] [rtabmap]: rtabmap: Using database from "/home/fujino/.ros/rtabmap_ur5e_20260118_194853.db" (0 MB).
[rtabmap-2] [INFO] [1768733334.730608237] [rtabmap]: rtabmap: Database version = "0.22.1".
[rtabmap-2] [INFO] [1768733334.730676728] [rtabmap]: rtabmap: SLAM mode (Mem/IncrementalMemory=true)
[rtabmap-2] [INFO] [1768733334.777618672] [rtabmap]: Setup callbacks
[rtabmap-2] [WARN] [1768733334.777697983] [rtabmap]: rtabmap: Parameters subscribe_depth and subscribe_rgbd cannot be true at the same time. Parameter subscribe_depth is set to false.
[rtabmap-2] [INFO] [1768733334.778067615] [rtabmap]: rtabmap: subscribe_depth = false
[rtabmap-2] [INFO] [1768733334.778104316] [rtabmap]: rtabmap: subscribe_rgb = false
[rtabmap-2] [INFO] [1768733334.778111214] [rtabmap]: rtabmap: subscribe_stereo = false
[rtabmap-2] [INFO] [1768733334.778116779] [rtabmap]: rtabmap: subscribe_rgbd = true (rgbd_cameras=1)
[rtabmap-2] [INFO] [1768733334.778123410] [rtabmap]: rtabmap: subscribe_sensor_data = false
[rtabmap-2] [INFO] [1768733334.778129723] [rtabmap]: rtabmap: subscribe_odom_info = false
[rtabmap-2] [INFO] [1768733334.778135141] [rtabmap]: rtabmap: subscribe_user_data = false
[rtabmap-2] [INFO] [1768733334.778140224] [rtabmap]: rtabmap: subscribe_scan = false
[rtabmap-2] [INFO] [1768733334.778144298] [rtabmap]: rtabmap: subscribe_scan_cloud = false
[rtabmap-2] [INFO] [1768733334.778148905] [rtabmap]: rtabmap: subscribe_scan_descriptor = false
[rtabmap-2] [INFO] [1768733334.778153418] [rtabmap]: rtabmap: topic_queue_size = 10
[rtabmap-2] [INFO] [1768733334.778158105] [rtabmap]: rtabmap: sync_queue_size  = 30
[rtabmap-2] [INFO] [1768733334.778162473] [rtabmap]: rtabmap: qos_image       = 2
[rtabmap-2] [INFO] [1768733334.778224031] [rtabmap]: rtabmap: qos_camera_info = 2
[rtabmap-2] [INFO] [1768733334.778264959] [rtabmap]: rtabmap: qos_scan        = 2
[rtabmap-2] [INFO] [1768733334.778278406] [rtabmap]: rtabmap: qos_odom        = 2
[rtabmap-2] [INFO] [1768733334.778289371] [rtabmap]: rtabmap: qos_user_data   = 2
[rtabmap-2] [INFO] [1768733334.778300088] [rtabmap]: rtabmap: approx_sync     = true
[rtabmap-2] [INFO] [1768733334.778323794] [rtabmap]: Setup rgbd callback
[rtabmap-2] [INFO] [1768733334.779852190] [rtabmap]: 
[rtabmap-2] rtabmap subscribed to:
[rtabmap-2]    /rgbd_image
[rtabmap-2] [INFO] [1768733335.446477910] [rtabmap]: rtabmap (1): Rate=0.50s, Limit=0.000s, Conversion=0.0069s, RTAB-Map=0.3555s, Maps update=0.0001s pub=0.0000s delay=0.3090s (local map=1, WM=1)
[rtabmap-2] [INFO] [1768733336.005777055] [rtabmap]: rtabmap (2): Rate=0.50s, Limit=0.000s, Conversion=0.0067s, RTAB-Map=0.4128s, Maps update=0.0001s pub=0.0000s delay=0.4090s (local map=1, WM=1)
[rtabmap-2] [INFO] [1768733336.549441443] [rtabmap]: rtabmap (3): Rate=0.50s, Limit=0.000s, Conversion=0.0023s, RTAB-Map=0.3989s, Maps update=0.0000s pub=0.0000s delay=0.3430s (local map=1, WM=1)
[rtabmap-2] [INFO] [1768733336.995311560] [rtabmap]: rtabmap (4): Rate=0.50s, Limit=0.000s, Conversion=0.0027s, RTAB-Map=0.2766s, Maps update=0.0000s pub=0.0000s delay=0.2750s (local map=1, WM=1)
[rtabmap-2] [INFO] [1768733337.560646574] [rtabmap]: rtabmap (5): Rate=0.50s, Limit=0.000s, Conversion=0.0024s, RTAB-Map=0.3080s, Maps update=0.0001s pub=0.0000s delay=0.3590s (local map=1, WM=1)
[rtabmap-2] [INFO] [1768733338.037782021] [rtabmap]: rtabmap (6): Rate=0.50s, Limit=0.000s, Conversion=0.0045s, RTAB-Map=0.2771s, Maps update=0.0000s pub=0.0000s delay=0.2480s (local map=1, WM=1)
[rtabmap-2] [INFO] [1768733338.681686920] [rtabmap]: rtabmap (7): Rate=0.50s, Limit=0.000s, Conversion=0.0018s, RTAB-Map=0.3874s, Maps update=0.0000s pub=0.0000s delay=0.4320s (local map=1, WM=1)
[rtabmap-2] [INFO] [1768733339.232876804] [rtabmap]: rtabmap (8): Rate=0.50s, Limit=0.000s, Conversion=0.0013s, RTAB-Map=0.3338s, Maps update=0.0000s pub=0.0000s delay=0.3080s (local map=1, WM=1)
[rtabmap-2] [INFO] [1768733339.901631825] [rtabmap]: rtabmap (9): Rate=0.50s, Limit=0.000s, Conversion=0.0040s, RTAB-Map=0.2886s, Maps update=0.0000s pub=0.0000s delay=0.2860s (local map=1, WM=1)
[rtabmap-2] [INFO] [1768733340.628893662] [rtabmap]: rtabmap (10): Rate=0.50s, Limit=0.000s, Conversion=0.0049s, RTAB-Map=0.2933s, Maps update=0.0000s pub=0.0000s delay=0.2730s (local map=1, WM=1)
[rtabmap-2] [INFO] [1768733341.195553857] [rtabmap]: rtabmap (11): Rate=0.50s, Limit=0.000s, Conversion=0.0012s, RTAB-Map=0.3046s, Maps update=0.0001s pub=0.0000s delay=0.3320s (local map=1, WM=1)
[rtabmap-2] [INFO] [1768733341.749483547] [rtabmap]: rtabmap (12): Rate=0.50s, Limit=0.000s, Conversion=0.0018s, RTAB-Map=0.3113s, Maps update=0.0000s pub=0.0000s delay=0.2760s (local map=1, WM=1)
[rtabmap-2] [INFO] [1768733342.272893645] [rtabmap]: rtabmap (13): Rate=0.50s, Limit=0.000s, Conversion=0.0012s, RTAB-Map=0.3263s, Maps update=0.0000s pub=0.0000s delay=0.3570s (local map=1, WM=1)
[rtabmap-2] [INFO] [1768733342.814157524] [rtabmap]: rtabmap (14): Rate=0.50s, Limit=0.000s, Conversion=0.0009s, RTAB-Map=0.3207s, Maps update=0.0000s pub=0.0000s delay=0.3360s (local map=2, WM=2)
[rtabmap-2] [INFO] [1768733343.403420367] [rtabmap]: rtabmap (15): Rate=0.50s, Limit=0.000s, Conversion=0.0008s, RTAB-Map=0.3542s, Maps update=0.0001s pub=0.0000s delay=0.3520s (local map=2, WM=2)
[rtabmap-2] [INFO] [1768733343.885369572] [rtabmap]: rtabmap (16): Rate=0.50s, Limit=0.000s, Conversion=0.0011s, RTAB-Map=0.3185s, Maps update=0.0000s pub=0.0000s delay=0.3510s (local map=2, WM=2)
[rtabmap-2] [INFO] [1768733344.541285812] [rtabmap]: rtabmap (17): Rate=0.50s, Limit=0.000s, Conversion=0.0007s, RTAB-Map=0.2967s, Maps update=0.0000s pub=0.0000s delay=0.2820s (local map=3, WM=3)
[rtabmap-2] [INFO] [1768733345.143155305] [rtabmap]: rtabmap (18): Rate=0.50s, Limit=0.000s, Conversion=0.0009s, RTAB-Map=0.3504s, Maps update=0.0000s pub=0.0000s delay=0.3240s (local map=3, WM=3)
[rtabmap-2] [INFO] [1768733345.630371824] [rtabmap]: rtabmap (19): Rate=0.50s, Limit=0.000s, Conversion=0.0009s, RTAB-Map=0.3051s, Maps update=0.0000s pub=0.0000s delay=0.2830s (local map=3, WM=3)
[rtabmap-2] [INFO] [1768733346.197534968] [rtabmap]: rtabmap (20): Rate=0.50s, Limit=0.000s, Conversion=0.0010s, RTAB-Map=0.3548s, Maps update=0.0000s pub=0.0000s delay=0.3790s (local map=4, WM=4)
[rtabmap-2] [INFO] [1768733346.643351864] [rtabmap]: rtabmap (21): Rate=0.50s, Limit=0.000s, Conversion=0.0006s, RTAB-Map=0.2947s, Maps update=0.0000s pub=0.0000s delay=0.2660s (local map=4, WM=4)
[rtabmap-2] [INFO] [1768733347.319754698] [rtabmap]: rtabmap (22): Rate=0.50s, Limit=0.000s, Conversion=0.0018s, RTAB-Map=0.3888s, Maps update=0.0000s pub=0.0000s delay=0.3900s (local map=4, WM=4)
[rtabmap-2] [INFO] [1768733347.822040583] [rtabmap]: rtabmap (23): Rate=0.50s, Limit=0.000s, Conversion=0.0005s, RTAB-Map=0.3666s, Maps update=0.0000s pub=0.0000s delay=0.3840s (local map=5, WM=5)
[rtabmap-2] [INFO] [1768733348.570432897] [rtabmap]: rtabmap (24): Rate=0.50s, Limit=0.000s, Conversion=0.0019s, RTAB-Map=0.3597s, Maps update=0.0000s pub=0.0000s delay=0.3320s (local map=5, WM=5)
[rtabmap-2] [INFO] [1768733349.136373492] [rtabmap]: rtabmap (25): Rate=0.50s, Limit=0.000s, Conversion=0.0013s, RTAB-Map=0.4071s, Maps update=0.0000s pub=0.0000s delay=0.4180s (local map=5, WM=5)
[rtabmap-2] [INFO] [1768733349.525630528] [rtabmap]: rtabmap (26): Rate=0.50s, Limit=0.000s, Conversion=0.0006s, RTAB-Map=0.2850s, Maps update=0.0000s pub=0.0000s delay=0.2950s (local map=6, WM=6)
[rtabmap-2] [INFO] [1768733350.125324892] [rtabmap]: rtabmap (27): Rate=0.50s, Limit=0.000s, Conversion=0.0022s, RTAB-Map=0.3505s, Maps update=0.0000s pub=0.0000s delay=0.3660s (local map=6, WM=6)
[rtabmap-2] [INFO] [1768733350.665511720] [rtabmap]: rtabmap (28): Rate=0.50s, Limit=0.000s, Conversion=0.0004s, RTAB-Map=0.3997s, Maps update=0.0000s pub=0.0000s delay=0.3620s (local map=6, WM=6)
[rtabmap-2] [INFO] [1768733351.266438393] [rtabmap]: rtabmap (29): Rate=0.50s, Limit=0.000s, Conversion=0.0009s, RTAB-Map=0.2855s, Maps update=0.0000s pub=0.0000s delay=0.2540s (local map=7, WM=7)
[rtabmap-2] [INFO] [1768733352.030518749] [rtabmap]: rtabmap (30): Rate=0.50s, Limit=0.000s, Conversion=0.0010s, RTAB-Map=0.2915s, Maps update=0.0000s pub=0.0000s delay=0.3150s (local map=8, WM=8)
[rtabmap-2] [INFO] [1768733352.628806460] [rtabmap]: rtabmap (31): Rate=0.50s, Limit=0.000s, Conversion=0.0007s, RTAB-Map=0.3807s, Maps update=0.0000s pub=0.0000s delay=0.3820s (local map=8, WM=8)
[rtabmap-2] [INFO] [1768733353.070163113] [rtabmap]: rtabmap (32): Rate=0.50s, Limit=0.000s, Conversion=0.0008s, RTAB-Map=0.3011s, Maps update=0.0000s pub=0.0000s delay=0.2610s (local map=9, WM=9)
[rtabmap-2] [INFO] [1768733353.641728232] [rtabmap]: rtabmap (33): Rate=0.50s, Limit=0.000s, Conversion=0.0004s, RTAB-Map=0.3131s, Maps update=0.0000s pub=0.0000s delay=0.3060s (local map=9, WM=9)
[rtabmap-2] [INFO] [1768733354.208944309] [rtabmap]: rtabmap (34): Rate=0.50s, Limit=0.000s, Conversion=0.0008s, RTAB-Map=0.3404s, Maps update=0.0000s pub=0.0000s delay=0.3710s (local map=10, WM=10)
[rtabmap-2] [INFO] [1768733355.052698758] [rtabmap]: rtabmap (35): Rate=0.50s, Limit=0.000s, Conversion=0.0005s, RTAB-Map=0.3153s, Maps update=0.0000s pub=0.0000s delay=0.3160s (local map=11, WM=11)
[rtabmap-2] [INFO] [1768733355.590626771] [rtabmap]: rtabmap (36): Rate=0.50s, Limit=0.000s, Conversion=0.0005s, RTAB-Map=0.2776s, Maps update=0.0001s pub=0.0000s delay=0.2450s (local map=11, WM=11)
[rtabmap-2] [INFO] [1768733356.311197895] [rtabmap]: rtabmap (37): Rate=0.50s, Limit=0.000s, Conversion=0.0007s, RTAB-Map=0.3553s, Maps update=0.0000s pub=0.0000s delay=0.3580s (local map=12, WM=12)
[rtabmap-2] [INFO] [1768733357.059513795] [rtabmap]: rtabmap (38): Rate=0.50s, Limit=0.000s, Conversion=0.0006s, RTAB-Map=0.4299s, Maps update=0.0000s pub=0.0000s delay=0.3670s (local map=13, WM=13)
[rtabmap-2] [INFO] [1768733357.559541879] [rtabmap]: rtabmap (39): Rate=0.50s, Limit=0.000s, Conversion=0.0019s, RTAB-Map=0.4088s, Maps update=0.0001s pub=0.0000s delay=0.3560s (local map=13, WM=13)
[rtabmap-2] [INFO] [1768733358.365198449] [rtabmap]: rtabmap (40): Rate=0.50s, Limit=0.000s, Conversion=0.0015s, RTAB-Map=0.4675s, Maps update=0.0000s pub=0.0000s delay=0.4370s (local map=14, WM=14)
[rtabmap-2] [INFO] [1768733358.885656574] [rtabmap]: rtabmap (41): Rate=0.50s, Limit=0.000s, Conversion=0.0011s, RTAB-Map=0.3618s, Maps update=0.0000s pub=0.0000s delay=0.3430s (local map=14, WM=14)
[rtabmap-2] [INFO] [1768733359.527039640] [rtabmap]: rtabmap (42): Rate=0.50s, Limit=0.000s, Conversion=0.0008s, RTAB-Map=0.3476s, Maps update=0.0000s pub=0.0000s delay=0.3820s (local map=15, WM=15)
[rtabmap-2] [INFO] [1768733360.033612897] [rtabmap]: rtabmap (43): Rate=0.50s, Limit=0.000s, Conversion=0.0005s, RTAB-Map=0.3308s, Maps update=0.0000s pub=0.0000s delay=0.3680s (local map=15, WM=15)
[rtabmap-2] [INFO] [1768733361.177254908] [rtabmap]: rtabmap (44): Rate=0.50s, Limit=0.000s, Conversion=0.0007s, RTAB-Map=0.4109s, Maps update=0.0000s pub=0.0000s delay=0.4180s (local map=16, WM=16)
[rtabmap-2] [INFO] [1768733361.680862455] [rtabmap]: rtabmap (45): Rate=0.50s, Limit=0.000s, Conversion=0.0006s, RTAB-Map=0.3912s, Maps update=0.0001s pub=0.0000s delay=0.3750s (local map=16, WM=16)
[rtabmap-2] [INFO] [1768733362.171977018] [rtabmap]: rtabmap (46): Rate=0.50s, Limit=0.000s, Conversion=0.0006s, RTAB-Map=0.3479s, Maps update=0.0000s pub=0.0000s delay=0.3620s (local map=16, WM=16)
[rtabmap-2] [INFO] [1768733363.266189742] [rtabmap]: rtabmap (47): Rate=0.50s, Limit=0.000s, Conversion=0.0004s, RTAB-Map=0.4503s, Maps update=0.0001s pub=0.0000s delay=0.4730s (local map=16, WM=16)
[rtabmap-2] [INFO] [1768733363.789228138] [rtabmap]: rtabmap (48): Rate=0.50s, Limit=0.000s, Conversion=0.0021s, RTAB-Map=0.3664s, Maps update=0.0000s pub=0.0000s delay=0.2940s (local map=17, WM=17)
[rtabmap-2] [INFO] [1768733364.397590318] [rtabmap]: rtabmap (49): Rate=0.50s, Limit=0.000s, Conversion=0.0012s, RTAB-Map=0.3583s, Maps update=0.0001s pub=0.0000s delay=0.4170s (local map=17, WM=17)
[rtabmap-2] [INFO] [1768733364.908521027] [rtabmap]: rtabmap (50): Rate=0.50s, Limit=0.000s, Conversion=0.0009s, RTAB-Map=0.3236s, Maps update=0.0000s pub=0.0000s delay=0.3380s (local map=17, WM=17)
[rtabmap-2] [INFO] [1768733365.511526892] [rtabmap]: rtabmap (51): Rate=0.50s, Limit=0.000s, Conversion=0.0013s, RTAB-Map=0.4023s, Maps update=0.0000s pub=0.0000s delay=0.3190s (local map=18, WM=18)
[rtabmap-2] [INFO] [1768733366.135670383] [rtabmap]: rtabmap (52): Rate=0.50s, Limit=0.000s, Conversion=0.0011s, RTAB-Map=0.4089s, Maps update=0.0001s pub=0.0000s delay=0.4380s (local map=18, WM=18)
[rtabmap-2] [INFO] [1768733366.853253476] [rtabmap]: rtabmap (53): Rate=0.50s, Limit=0.000s, Conversion=0.0008s, RTAB-Map=0.4543s, Maps update=0.0001s pub=0.0000s delay=0.4890s (local map=18, WM=18)
[rtabmap-2] [INFO] [1768733367.622407981] [rtabmap]: rtabmap (54): Rate=0.50s, Limit=0.000s, Conversion=0.0012s, RTAB-Map=0.4840s, Maps update=0.0001s pub=0.0000s delay=0.4470s (local map=19, WM=19)
[rtabmap-2] [INFO] [1768733368.043241147] [rtabmap]: rtabmap (55): Rate=0.50s, Limit=0.000s, Conversion=0.0007s, RTAB-Map=0.3546s, Maps update=0.0000s pub=0.0000s delay=0.3170s (local map=19, WM=19)
[rtabmap-2] [INFO] [1768733368.794458230] [rtabmap]: rtabmap (56): Rate=0.50s, Limit=0.000s, Conversion=0.0005s, RTAB-Map=0.4237s, Maps update=0.0000s pub=0.0000s delay=0.3600s (local map=20, WM=20)
[rtabmap-2] [INFO] [1768733369.267593031] [rtabmap]: rtabmap (57): Rate=0.50s, Limit=0.000s, Conversion=0.0006s, RTAB-Map=0.3772s, Maps update=0.0001s pub=0.0000s delay=0.3470s (local map=20, WM=20)
[rtabmap-2] [INFO] [1768733369.888007539] [rtabmap]: rtabmap (58): Rate=0.50s, Limit=0.000s, Conversion=0.0006s, RTAB-Map=0.4211s, Maps update=0.0001s pub=0.0000s delay=0.4050s (local map=20, WM=20)
[rtabmap-2] [INFO] [1768733370.401459985] [rtabmap]: rtabmap (59): Rate=0.50s, Limit=0.000s, Conversion=0.0010s, RTAB-Map=0.3695s, Maps update=0.0000s pub=0.0000s delay=0.3720s (local map=21, WM=21)
[rtabmap-2] [INFO] [1768733370.953728030] [rtabmap]: rtabmap (60): Rate=0.50s, Limit=0.000s, Conversion=0.0016s, RTAB-Map=0.4251s, Maps update=0.0000s pub=0.0000s delay=0.4570s (local map=21, WM=21)
[rtabmap-2] [INFO] [1768733371.637197807] [rtabmap]: rtabmap (61): Rate=0.50s, Limit=0.000s, Conversion=0.0009s, RTAB-Map=0.4534s, Maps update=0.0001s pub=0.0000s delay=0.4060s (local map=21, WM=21)
[rtabmap-2] [INFO] [1768733372.459875746] [rtabmap]: rtabmap (62): Rate=0.50s, Limit=0.000s, Conversion=0.0008s, RTAB-Map=0.4493s, Maps update=0.0000s pub=0.0000s delay=0.4290s (local map=22, WM=22)
[rtabmap-2] [INFO] [1768733373.080505654] [rtabmap]: rtabmap (63): Rate=0.50s, Limit=0.000s, Conversion=0.0011s, RTAB-Map=0.4469s, Maps update=0.0019s pub=0.0022s delay=0.4170s (local map=22, WM=22)
[rtabmap-2] [INFO] [1768733373.947727784] [rtabmap]: rtabmap (64): Rate=0.50s, Limit=0.000s, Conversion=0.0008s, RTAB-Map=0.4373s, Maps update=0.0050s pub=0.0000s delay=0.3410s (local map=22, WM=22)
[rtabmap-2] [INFO] [1768733374.510003844] [rtabmap]: rtabmap (65): Rate=0.50s, Limit=0.000s, Conversion=0.0011s, RTAB-Map=0.3846s, Maps update=0.0038s pub=0.0000s delay=0.3520s (local map=22, WM=22)
[rtabmap-2] [INFO] [1768733374.932701510] [rtabmap]: rtabmap (66): Rate=0.50s, Limit=0.000s, Conversion=0.0006s, RTAB-Map=0.3090s, Maps update=0.0011s pub=0.0000s delay=0.2460s (local map=22, WM=22)
[rtabmap-2] [INFO] [1768733375.705395611] [rtabmap]: rtabmap (67): Rate=0.50s, Limit=0.000s, Conversion=0.0008s, RTAB-Map=0.3831s, Maps update=0.0041s pub=0.0000s delay=0.3780s (local map=22, WM=22)
[rtabmap-2] [INFO] [1768733376.400882759] [rtabmap]: rtabmap (68): Rate=0.50s, Limit=0.000s, Conversion=0.0010s, RTAB-Map=0.5276s, Maps update=0.0066s pub=0.0000s delay=0.4620s (local map=22, WM=22)
[rtabmap-2] [INFO] [1768733376.918931687] [rtabmap]: rtabmap (69): Rate=0.50s, Limit=0.000s, Conversion=0.0011s, RTAB-Map=0.4422s, Maps update=0.0015s pub=0.0000s delay=0.4090s (local map=22, WM=22)
[rtabmap-2] [INFO] [1768733377.674205729] [rtabmap]: rtabmap (70): Rate=0.50s, Limit=0.000s, Conversion=0.0043s, RTAB-Map=0.5973s, Maps update=0.0081s pub=0.0000s delay=0.5490s (local map=22, WM=22)
[rtabmap-2] [INFO] [1768733378.517686384] [rtabmap]: rtabmap (71): Rate=0.50s, Limit=0.000s, Conversion=0.0008s, RTAB-Map=0.6050s, Maps update=0.0070s pub=0.0000s delay=0.5900s (local map=22, WM=22)
[rtabmap-2] [INFO] [1768733379.301485854] [rtabmap]: rtabmap (72): Rate=0.50s, Limit=0.000s, Conversion=0.0008s, RTAB-Map=0.4795s, Maps update=0.0074s pub=0.0000s delay=0.4500s (local map=22, WM=22)
[rtabmap-2] [INFO] [1768733379.901810629] [rtabmap]: rtabmap (73): Rate=0.50s, Limit=0.000s, Conversion=0.0040s, RTAB-Map=0.4860s, Maps update=0.0081s pub=0.0000s delay=0.4820s (local map=22, WM=22)
[rtabmap-2] [INFO] [1768733380.710724818] [rtabmap]: rtabmap (74): Rate=0.50s, Limit=0.000s, Conversion=0.0016s, RTAB-Map=0.5406s, Maps update=0.0057s pub=0.0000s delay=0.5550s (local map=22, WM=22)
[rtabmap-2] [INFO] [1768733381.280503249] [rtabmap]: rtabmap (75): Rate=0.50s, Limit=0.000s, Conversion=0.0005s, RTAB-Map=0.4738s, Maps update=0.0031s pub=0.0000s delay=0.4120s (local map=22, WM=22)
[rtabmap-2] [INFO] [1768733381.786706169] [rtabmap]: rtabmap (76): Rate=0.50s, Limit=0.000s, Conversion=0.0005s, RTAB-Map=0.3845s, Maps update=0.0078s pub=0.0000s delay=0.3460s (local map=22, WM=22)
[rtabmap-2] [INFO] [1768733382.579094157] [rtabmap]: rtabmap (77): Rate=0.50s, Limit=0.000s, Conversion=0.0016s, RTAB-Map=0.5854s, Maps update=0.0044s pub=0.0000s delay=0.5820s (local map=22, WM=22)
[rtabmap-2] [INFO] [1768733383.276496254] [rtabmap]: rtabmap (78): Rate=0.50s, Limit=0.000s, Conversion=0.0008s, RTAB-Map=0.6407s, Maps update=0.0060s pub=0.0000s delay=0.6050s (local map=22, WM=22)
[rtabmap-2] [INFO] [1768733383.942099826] [rtabmap]: rtabmap (79): Rate=0.50s, Limit=0.000s, Conversion=0.0008s, RTAB-Map=0.5518s, Maps update=0.0055s pub=0.0000s delay=0.5230s (local map=22, WM=22)
[rtabmap-2] [INFO] [1768733384.495562390] [rtabmap]: rtabmap (80): Rate=0.50s, Limit=0.000s, Conversion=0.0010s, RTAB-Map=0.5008s, Maps update=0.0070s pub=0.0000s delay=0.4290s (local map=22, WM=22)
[rtabmap-2] [INFO] [1768733384.608381687] [rclcpp]: signal_handler(signum=2)
[rgbd_sync-1] [INFO] [1768733384.608457244] [rclcpp]: signal_handler(signum=2)
[INFO] [rgbd_sync-1]: process has finished cleanly [pid 686281]
[rtabmap-2] [INFO] [1768733385.131104236] [rtabmap]: rtabmap (81): Rate=0.50s, Limit=0.000s, Conversion=0.0019s, RTAB-Map=0.5650s, Maps update=0.0001s pub=0.0001s delay=0.0810s (local map=22, WM=22)
[rtabmap-2] [INFO] [1768733385.132190489] [rtabmap]: Parameters are not saved (No configuration file provided...)
[rtabmap-2] [33m[ WARN] (2026-01-18 19:48:55.109) Memory.cpp:5917::createSignature() Mem/SaveDepth16Format is set to false to use 32bits format but this is not compatible with the compressed depth format chosen (Mem/DepthCompressionFormat=".rvl"), depth images will be compressed in ".png" format instead. Explicitly set Mem/SaveDepth16Format to true to keep using ".rvl" format and images will be converted to 16bits for convenience (warning: that would remove all depth values over 65 meters). Explicitly set Mem/DepthCompressionFormat=".png" to suppress this warning. This warning is only printed once.[0m
[rtabmap-2] [33m[ WARN] (2026-01-18 19:49:26.848) Rtabmap.cpp:3069::process() Rejected loop closure 17 -> 53: Not enough inliers 14/20 (matches=38) between 17 and 53[0m
[rtabmap-2] [33m[ WARN] (2026-01-18 19:49:33.076) MapsManager.cpp:484::updateMapCaches() Many occupancy grids should be loaded (~22), this may take a while to update the map(s)...[0m
[rtabmap-2] [33m[ WARN] (2026-01-18 19:49:33.078) MapsManager.cpp:673::updateMapCaches() Map(s) updated! (0.001782 s)[0m
[rtabmap-2] [33m[ WARN] (2026-01-18 19:49:33.078) MapsManager.cpp:863::publishMaps() Graph has changed! The whole cloud is regenerated.[0m
[rtabmap-2] rtabmap: Saving database/long-term memory... (located at /home/fujino/.ros/rtabmap_ur5e_20260118_194853.db)
[rtabmap-2] rtabmap: Saving database/long-term memory...done! (located at /home/fujino/.ros/rtabmap_ur5e_20260118_194853.db, 123 MB)
[INFO] [rtabmap-2]: process has finished cleanly [pid 686283]
