[INFO] [launch]: All log files can be found below /home/fujino/.ros/log/2026-01-18-12-55-48-923659-fh-498570
[INFO] [launch]: Default logging verbosity is set to INFO
[INFO] [rgbd_sync-1]: process started with pid [498573]
[INFO] [rtabmap-2]: process started with pid [498575]
[rgbd_sync-1] [INFO] [1768708549.641228122] [rgbd_sync]: rgbd_sync: approx_sync = true
[rgbd_sync-1] [INFO] [1768708549.641498957] [rgbd_sync]: rgbd_sync: approx_sync_max_interval = 0.000000
[rgbd_sync-1] [INFO] [1768708549.641527890] [rgbd_sync]: rgbd_sync: topic_queue_size  = 10
[rgbd_sync-1] [INFO] [1768708549.641541065] [rgbd_sync]: rgbd_sync: sync_queue_size  = 30
[rgbd_sync-1] [INFO] [1768708549.641552793] [rgbd_sync]: rgbd_sync: qos             = 2
[rgbd_sync-1] [INFO] [1768708549.641563986] [rgbd_sync]: rgbd_sync: qos_camera_info = 2
[rgbd_sync-1] [INFO] [1768708549.641575125] [rgbd_sync]: rgbd_sync: depth_scale = 1.000000
[rgbd_sync-1] [INFO] [1768708549.641587770] [rgbd_sync]: rgbd_sync: decimation = 1
[rgbd_sync-1] [INFO] [1768708549.641599001] [rgbd_sync]: rgbd_sync: compressed_rate = 0.000000
[rtabmap-2] [INFO] [1768708549.672314202] [rtabmap]: rtabmap(maps): latch                      = true
[rtabmap-2] [INFO] [1768708549.672546618] [rtabmap]: rtabmap(maps): map_filter_radius          = 0.000000
[rtabmap-2] [INFO] [1768708549.672573231] [rtabmap]: rtabmap(maps): map_filter_angle           = 30.000000
[rtabmap-2] [INFO] [1768708549.672579678] [rtabmap]: rtabmap(maps): map_cleanup                = true
[rtabmap-2] [INFO] [1768708549.672584065] [rtabmap]: rtabmap(maps): map_always_update          = false
[rtabmap-2] [INFO] [1768708549.672588124] [rtabmap]: rtabmap(maps): map_empty_ray_tracing      = true
[rtabmap-2] [INFO] [1768708549.672592259] [rtabmap]: rtabmap(maps): cloud_output_voxelized     = true
[rtabmap-2] [INFO] [1768708549.672596289] [rtabmap]: rtabmap(maps): cloud_subtract_filtering   = false
[rtabmap-2] [INFO] [1768708549.672600380] [rtabmap]: rtabmap(maps): cloud_subtract_filtering_min_neighbors = 2
[rtabmap-2] [INFO] [1768708549.672749625] [rtabmap]: rtabmap(maps): octomap_tree_depth         = 16
[rgbd_sync-1] [INFO] [1768708549.747355525] [rgbd_sync]: 
[rgbd_sync-1] rgbd_sync subscribed to (approx sync):
[rgbd_sync-1]    /camera/color/image_raw,
[rgbd_sync-1]    /camera/depth/depth/image_raw,
[rgbd_sync-1]    /camera/color/camera_info
[rtabmap-2] [INFO] [1768708549.795934418] [rtabmap]: rtabmap: frame_id      = camera_color_optical_frame
[rtabmap-2] [INFO] [1768708549.796027664] [rtabmap]: rtabmap: odom_frame_id = world
[rtabmap-2] [INFO] [1768708549.796055489] [rtabmap]: rtabmap: map_frame_id  = world
[rtabmap-2] [INFO] [1768708549.796077021] [rtabmap]: rtabmap: log_to_rosout_level  = 4
[rtabmap-2] [INFO] [1768708549.796098721] [rtabmap]: rtabmap: initial_pose  = 
[rtabmap-2] [INFO] [1768708549.796122509] [rtabmap]: rtabmap: use_action_for_goal  = false
[rtabmap-2] [INFO] [1768708549.796146446] [rtabmap]: rtabmap: tf_delay      = 0.050000
[rtabmap-2] [INFO] [1768708549.796175373] [rtabmap]: rtabmap: tf_tolerance  = 0.100000
[rtabmap-2] [INFO] [1768708549.796200080] [rtabmap]: rtabmap: odom_sensor_sync   = false
[rtabmap-2] [INFO] [1768708549.796227011] [rtabmap]: rtabmap: pub_loc_pose_only_when_localizing = false
[rtabmap-2] [INFO] [1768708549.796246935] [rtabmap]: rtabmap: wait_for_transform = 0.200000
[rtabmap-2] [INFO] [1768708549.796266116] [rtabmap]: rtabmap: gen_scan  = false
[rtabmap-2] [INFO] [1768708549.796288015] [rtabmap]: rtabmap: gen_depth  = false
[rtabmap-2] [INFO] [1768708549.833852530] [rtabmap]: Setting RTAB-Map parameter "Grid/3D"="true" (rosparam)
[rtabmap-2] [INFO] [1768708549.835933464] [rtabmap]: Setting RTAB-Map parameter "Grid/RangeMax"="5.0" (rosparam)
[rtabmap-2] [INFO] [1768708549.836106383] [rtabmap]: Setting RTAB-Map parameter "Grid/RayTracing"="true" (rosparam)
[rtabmap-2] [INFO] [1768708549.836247980] [rtabmap]: Setting RTAB-Map parameter "Grid/Sensor"="1" (rosparam)
[rtabmap-2] [INFO] [1768708549.853566715] [rtabmap]: Setting RTAB-Map parameter "RGBD/CreateOccupancyGrid"="true" (rosparam)
[rtabmap-2] [INFO] [1768708549.861501669] [rtabmap]: Setting RTAB-Map parameter "Rtabmap/DetectionRate"="2.0" (rosparam)
[rtabmap-2] [INFO] [1768708549.982919101] [rtabmap]: RTAB-Map detection rate = 2.000000 Hz
[rtabmap-2] [INFO] [1768708549.983081764] [rtabmap]: rtabmap: Using database from "/home/fujino/.ros/rtabmap_ur5e_20260118_125548.db" (0 MB).
[rtabmap-2] [INFO] [1768708550.018061162] [rtabmap]: rtabmap: Database version = "0.22.1".
[rtabmap-2] [INFO] [1768708550.018247913] [rtabmap]: rtabmap: SLAM mode (Mem/IncrementalMemory=true)
[rgbd_sync-1] [WARN] [1768708550.075585773] [rgbd_sync]: The time difference between rgb and depth frames is high (diff=0.056000s, rgb=209.069000s, depth=209.013000s). You may want to set approx_sync_max_interval lower than 0.01s to reject spurious bad synchronizations or use approx_sync=false if streams have all the exact same timestamp. Setting approx_sync_max_interval will suppress this warning.
[rtabmap-2] [INFO] [1768708550.095201577] [rtabmap]: Setup callbacks
[rtabmap-2] [WARN] [1768708550.095368283] [rtabmap]: rtabmap: Parameters subscribe_depth and subscribe_rgbd cannot be true at the same time. Parameter subscribe_depth is set to false.
[rtabmap-2] [INFO] [1768708550.095880930] [rtabmap]: rtabmap: subscribe_depth = false
[rtabmap-2] [INFO] [1768708550.095933756] [rtabmap]: rtabmap: subscribe_rgb = false
[rtabmap-2] [INFO] [1768708550.095961802] [rtabmap]: rtabmap: subscribe_stereo = false
[rtabmap-2] [INFO] [1768708550.095982564] [rtabmap]: rtabmap: subscribe_rgbd = true (rgbd_cameras=1)
[rtabmap-2] [INFO] [1768708550.096005855] [rtabmap]: rtabmap: subscribe_sensor_data = false
[rtabmap-2] [INFO] [1768708550.096025777] [rtabmap]: rtabmap: subscribe_odom_info = false
[rtabmap-2] [INFO] [1768708550.096059062] [rtabmap]: rtabmap: subscribe_user_data = false
[rtabmap-2] [INFO] [1768708550.096079318] [rtabmap]: rtabmap: subscribe_scan = false
[rtabmap-2] [INFO] [1768708550.096097401] [rtabmap]: rtabmap: subscribe_scan_cloud = false
[rtabmap-2] [INFO] [1768708550.096116380] [rtabmap]: rtabmap: subscribe_scan_descriptor = false
[rtabmap-2] [INFO] [1768708550.096135176] [rtabmap]: rtabmap: topic_queue_size = 10
[rtabmap-2] [INFO] [1768708550.096158357] [rtabmap]: rtabmap: sync_queue_size  = 30
[rtabmap-2] [INFO] [1768708550.096181291] [rtabmap]: rtabmap: qos_image       = 2
[rtabmap-2] [INFO] [1768708550.096257052] [rtabmap]: rtabmap: qos_camera_info = 2
[rtabmap-2] [INFO] [1768708550.096290810] [rtabmap]: rtabmap: qos_scan        = 2
[rtabmap-2] [INFO] [1768708550.096335417] [rtabmap]: rtabmap: qos_odom        = 2
[rtabmap-2] [INFO] [1768708550.096362015] [rtabmap]: rtabmap: qos_user_data   = 2
[rtabmap-2] [INFO] [1768708550.096381892] [rtabmap]: rtabmap: approx_sync     = true
[rtabmap-2] [INFO] [1768708550.096416803] [rtabmap]: Setup rgbd callback
[rtabmap-2] [INFO] [1768708550.098203040] [rtabmap]: 
[rtabmap-2] rtabmap subscribed to:
[rtabmap-2]    /rgbd_image
[rgbd_sync-1] [WARN] [1768708550.629486149] [rgbd_sync]: The time difference between rgb and depth frames is high (diff=0.035000s, rgb=209.599000s, depth=209.634000s). You may want to set approx_sync_max_interval lower than 0.01s to reject spurious bad synchronizations or use approx_sync=false if streams have all the exact same timestamp. Setting approx_sync_max_interval will suppress this warning.
[rgbd_sync-1] [WARN] [1768708550.750045698] [rgbd_sync]: The time difference between rgb and depth frames is high (diff=0.031000s, rgb=209.732000s, depth=209.701000s). You may want to set approx_sync_max_interval lower than 0.01s to reject spurious bad synchronizations or use approx_sync=false if streams have all the exact same timestamp. Setting approx_sync_max_interval will suppress this warning.
[rgbd_sync-1] [WARN] [1768708551.070033858] [rgbd_sync]: The time difference between rgb and depth frames is high (diff=0.067000s, rgb=210.066000s, depth=210.133000s). You may want to set approx_sync_max_interval lower than 0.01s to reject spurious bad synchronizations or use approx_sync=false if streams have all the exact same timestamp. Setting approx_sync_max_interval will suppress this warning.
[rtabmap-2] [INFO] [1768708551.094751855] [rtabmap]: rtabmap (1): Rate=0.50s, Limit=0.000s, Conversion=0.0055s, RTAB-Map=0.3284s, Maps update=0.0042s pub=0.0007s delay=0.3990s (local map=1, WM=1)
[rgbd_sync-1] [WARN] [1768708551.506134765] [rgbd_sync]: The time difference between rgb and depth frames is high (diff=0.023000s, rgb=210.543000s, depth=210.566000s). You may want to set approx_sync_max_interval lower than 0.01s to reject spurious bad synchronizations or use approx_sync=false if streams have all the exact same timestamp. Setting approx_sync_max_interval will suppress this warning.
[rtabmap-2] [INFO] [1768708551.544201605] [rtabmap]: rtabmap (2): Rate=0.50s, Limit=0.000s, Conversion=0.0022s, RTAB-Map=0.3324s, Maps update=0.0093s pub=0.0000s delay=0.3670s (local map=1, WM=1)
[rgbd_sync-1] [WARN] [1768708552.005464285] [rgbd_sync]: The time difference between rgb and depth frames is high (diff=0.022000s, rgb=211.027000s, depth=211.005000s). You may want to set approx_sync_max_interval lower than 0.01s to reject spurious bad synchronizations or use approx_sync=false if streams have all the exact same timestamp. Setting approx_sync_max_interval will suppress this warning.
[rtabmap-2] [INFO] [1768708552.169363482] [rtabmap]: rtabmap (3): Rate=0.50s, Limit=0.000s, Conversion=0.0026s, RTAB-Map=0.4025s, Maps update=0.0087s pub=0.0000s delay=0.4390s (local map=1, WM=1)
[rgbd_sync-1] [WARN] [1768708552.536293442] [rgbd_sync]: The time difference between rgb and depth frames is high (diff=0.033000s, rgb=211.558000s, depth=211.525000s). You may want to set approx_sync_max_interval lower than 0.01s to reject spurious bad synchronizations or use approx_sync=false if streams have all the exact same timestamp. Setting approx_sync_max_interval will suppress this warning.
[rtabmap-2] [INFO] [1768708552.550775913] [rtabmap]: rtabmap (4): Rate=0.50s, Limit=0.000s, Conversion=0.0005s, RTAB-Map=0.2851s, Maps update=0.0069s pub=0.0000s delay=0.3090s (local map=1, WM=1)
[rtabmap-2] [INFO] [1768708553.192783968] [rtabmap]: rtabmap (5): Rate=0.50s, Limit=0.000s, Conversion=0.0022s, RTAB-Map=0.3762s, Maps update=0.0069s pub=0.0001s delay=0.3690s (local map=1, WM=1)
[rtabmap-2] [INFO] [1768708553.683148765] [rtabmap]: rtabmap (6): Rate=0.50s, Limit=0.000s, Conversion=0.0010s, RTAB-Map=0.3123s, Maps update=0.0064s pub=0.0000s delay=0.3430s (local map=1, WM=1)
[rtabmap-2] [INFO] [1768708554.146107777] [rtabmap]: rtabmap (7): Rate=0.50s, Limit=0.000s, Conversion=0.0013s, RTAB-Map=0.2941s, Maps update=0.0067s pub=0.0000s delay=0.3270s (local map=1, WM=1)
[rtabmap-2] [INFO] [1768708554.842998152] [rtabmap]: rtabmap (8): Rate=0.50s, Limit=0.000s, Conversion=0.0006s, RTAB-Map=0.3377s, Maps update=0.0076s pub=0.0000s delay=0.3900s (local map=1, WM=1)
[rtabmap-2] [INFO] [1768708555.354705133] [rtabmap]: rtabmap (9): Rate=0.50s, Limit=0.000s, Conversion=0.0005s, RTAB-Map=0.3126s, Maps update=0.0063s pub=0.0000s delay=0.3370s (local map=1, WM=1)
[rgbd_sync-1] [WARN] [1768708555.441356268] [rgbd_sync]: The time difference between rgb and depth frames is high (diff=0.029000s, rgb=214.344000s, depth=214.373000s). You may want to set approx_sync_max_interval lower than 0.01s to reject spurious bad synchronizations or use approx_sync=false if streams have all the exact same timestamp. Setting approx_sync_max_interval will suppress this warning.
[rtabmap-2] [INFO] [1768708555.902644259] [rtabmap]: rtabmap (10): Rate=0.50s, Limit=0.000s, Conversion=0.0010s, RTAB-Map=0.2868s, Maps update=0.0070s pub=0.0000s delay=0.2650s (local map=1, WM=1)
[rtabmap-2] [INFO] [1768708556.464816081] [rtabmap]: rtabmap (11): Rate=0.50s, Limit=0.000s, Conversion=0.0005s, RTAB-Map=0.3062s, Maps update=0.0040s pub=0.0000s delay=0.3240s (local map=1, WM=1)
[rtabmap-2] [INFO] [1768708557.008305864] [rtabmap]: rtabmap (12): Rate=0.50s, Limit=0.000s, Conversion=0.0021s, RTAB-Map=0.2385s, Maps update=0.0079s pub=0.0000s delay=0.2260s (local map=1, WM=1)
[rgbd_sync-1] [WARN] [1768708557.519488042] [rgbd_sync]: The time difference between rgb and depth frames is high (diff=0.032000s, rgb=216.480000s, depth=216.512000s). You may want to set approx_sync_max_interval lower than 0.01s to reject spurious bad synchronizations or use approx_sync=false if streams have all the exact same timestamp. Setting approx_sync_max_interval will suppress this warning.
[rtabmap-2] [INFO] [1768708557.654568786] [rtabmap]: rtabmap (13): Rate=0.50s, Limit=0.000s, Conversion=0.0005s, RTAB-Map=0.3481s, Maps update=0.0060s pub=0.0000s delay=0.3990s (local map=1, WM=1)
[rtabmap-2] [INFO] [1768708558.172547412] [rtabmap]: rtabmap (14): Rate=0.50s, Limit=0.000s, Conversion=0.0009s, RTAB-Map=0.2809s, Maps update=0.0060s pub=0.0007s delay=0.3070s (local map=2, WM=2)
[rtabmap-2] [INFO] [1768708558.693838566] [rtabmap]: rtabmap (15): Rate=0.50s, Limit=0.000s, Conversion=0.0006s, RTAB-Map=0.2828s, Maps update=0.0048s pub=0.0001s delay=0.2870s (local map=2, WM=2)
[rgbd_sync-1] [WARN] [1768708559.196550645] [rgbd_sync]: The time difference between rgb and depth frames is high (diff=0.034000s, rgb=218.114000s, depth=218.148000s). You may want to set approx_sync_max_interval lower than 0.01s to reject spurious bad synchronizations or use approx_sync=false if streams have all the exact same timestamp. Setting approx_sync_max_interval will suppress this warning.
[rtabmap-2] [INFO] [1768708559.282103416] [rtabmap]: rtabmap (16): Rate=0.50s, Limit=0.000s, Conversion=0.0011s, RTAB-Map=0.3374s, Maps update=0.0082s pub=0.0000s delay=0.3540s (local map=2, WM=2)
[rgbd_sync-1] [WARN] [1768708559.354434057] [rgbd_sync]: The time difference between rgb and depth frames is high (diff=0.036000s, rgb=218.335000s, depth=218.299000s). You may want to set approx_sync_max_interval lower than 0.01s to reject spurious bad synchronizations or use approx_sync=false if streams have all the exact same timestamp. Setting approx_sync_max_interval will suppress this warning.
[rtabmap-2] [INFO] [1768708559.727260748] [rtabmap]: rtabmap (17): Rate=0.50s, Limit=0.000s, Conversion=0.0007s, RTAB-Map=0.2609s, Maps update=0.0072s pub=0.0010s delay=0.2330s (local map=3, WM=3)
[rgbd_sync-1] [WARN] [1768708560.150352757] [rgbd_sync]: The time difference between rgb and depth frames is high (diff=0.065000s, rgb=219.111000s, depth=219.046000s). You may want to set approx_sync_max_interval lower than 0.01s to reject spurious bad synchronizations or use approx_sync=false if streams have all the exact same timestamp. Setting approx_sync_max_interval will suppress this warning.
[rtabmap-2] [INFO] [1768708560.255192236] [rtabmap]: rtabmap (18): Rate=0.50s, Limit=0.000s, Conversion=0.0010s, RTAB-Map=0.2729s, Maps update=0.0055s pub=0.0000s delay=0.2150s (local map=3, WM=3)
[rgbd_sync-1] [WARN] [1768708560.609698538] [rgbd_sync]: The time difference between rgb and depth frames is high (diff=0.034000s, rgb=219.543000s, depth=219.577000s). You may want to set approx_sync_max_interval lower than 0.01s to reject spurious bad synchronizations or use approx_sync=false if streams have all the exact same timestamp. Setting approx_sync_max_interval will suppress this warning.
[rtabmap-2] [INFO] [1768708560.796326825] [rtabmap]: rtabmap (19): Rate=0.50s, Limit=0.000s, Conversion=0.0010s, RTAB-Map=0.2814s, Maps update=0.0040s pub=0.0000s delay=0.2900s (local map=3, WM=3)
[rgbd_sync-1] [WARN] [1768708561.185912044] [rgbd_sync]: The time difference between rgb and depth frames is high (diff=0.033000s, rgb=220.011000s, depth=219.978000s). You may want to set approx_sync_max_interval lower than 0.01s to reject spurious bad synchronizations or use approx_sync=false if streams have all the exact same timestamp. Setting approx_sync_max_interval will suppress this warning.
[rtabmap-2] [INFO] [1768708561.543516805] [rtabmap]: rtabmap (20): Rate=0.50s, Limit=0.000s, Conversion=0.0009s, RTAB-Map=0.3263s, Maps update=0.0056s pub=0.0012s delay=0.2850s (local map=4, WM=4)
[rtabmap-2] [INFO] [1768708562.073998994] [rtabmap]: rtabmap (21): Rate=0.50s, Limit=0.000s, Conversion=0.0007s, RTAB-Map=0.2944s, Maps update=0.0054s pub=0.0000s delay=0.3220s (local map=4, WM=4)
[rtabmap-2] [INFO] [1768708562.634460625] [rtabmap]: rtabmap (22): Rate=0.50s, Limit=0.000s, Conversion=0.0086s, RTAB-Map=0.2903s, Maps update=0.0065s pub=0.0000s delay=0.2850s (local map=4, WM=4)
[rgbd_sync-1] [WARN] [1768708562.719113921] [rgbd_sync]: The time difference between rgb and depth frames is high (diff=0.039000s, rgb=221.625000s, depth=221.586000s). You may want to set approx_sync_max_interval lower than 0.01s to reject spurious bad synchronizations or use approx_sync=false if streams have all the exact same timestamp. Setting approx_sync_max_interval will suppress this warning.
[rgbd_sync-1] [WARN] [1768708563.085906804] [rgbd_sync]: The time difference between rgb and depth frames is high (diff=0.023000s, rgb=222.051000s, depth=222.028000s). You may want to set approx_sync_max_interval lower than 0.01s to reject spurious bad synchronizations or use approx_sync=false if streams have all the exact same timestamp. Setting approx_sync_max_interval will suppress this warning.
[rtabmap-2] [INFO] [1768708563.139047101] [rtabmap]: rtabmap (23): Rate=0.50s, Limit=0.000s, Conversion=0.0011s, RTAB-Map=0.3021s, Maps update=0.0059s pub=0.0010s delay=0.2790s (local map=5, WM=5)
[rtabmap-2] [INFO] [1768708563.674778416] [rtabmap]: rtabmap (24): Rate=0.50s, Limit=0.000s, Conversion=0.0012s, RTAB-Map=0.3336s, Maps update=0.0066s pub=0.0000s delay=0.3760s (local map=5, WM=5)
[rtabmap-2] [INFO] [1768708564.108564689] [rtabmap]: rtabmap (25): Rate=0.50s, Limit=0.000s, Conversion=0.0005s, RTAB-Map=0.2760s, Maps update=0.0020s pub=0.0000s delay=0.2620s (local map=5, WM=5)
[rgbd_sync-1] [WARN] [1768708564.662240349] [rgbd_sync]: The time difference between rgb and depth frames is high (diff=0.029000s, rgb=223.605000s, depth=223.634000s). You may want to set approx_sync_max_interval lower than 0.01s to reject spurious bad synchronizations or use approx_sync=false if streams have all the exact same timestamp. Setting approx_sync_max_interval will suppress this warning.
[rtabmap-2] [INFO] [1768708564.693742935] [rtabmap]: rtabmap (26): Rate=0.50s, Limit=0.000s, Conversion=0.0009s, RTAB-Map=0.2926s, Maps update=0.0038s pub=0.0008s delay=0.3120s (local map=6, WM=6)
[rgbd_sync-1] [WARN] [1768708564.818137763] [rgbd_sync]: The time difference between rgb and depth frames is high (diff=0.031000s, rgb=223.803000s, depth=223.834000s). You may want to set approx_sync_max_interval lower than 0.01s to reject spurious bad synchronizations or use approx_sync=false if streams have all the exact same timestamp. Setting approx_sync_max_interval will suppress this warning.
[rtabmap-2] [INFO] [1768708565.300016610] [rtabmap]: rtabmap (27): Rate=0.50s, Limit=0.000s, Conversion=0.0010s, RTAB-Map=0.3733s, Maps update=0.0048s pub=0.0000s delay=0.3830s (local map=6, WM=6)
[rtabmap-2] [INFO] [1768708565.763994332] [rtabmap]: rtabmap (28): Rate=0.50s, Limit=0.000s, Conversion=0.0009s, RTAB-Map=0.2876s, Maps update=0.0042s pub=0.0000s delay=0.2450s (local map=6, WM=6)
[rtabmap-2] [INFO] [1768708566.272981785] [rtabmap]: rtabmap (29): Rate=0.50s, Limit=0.000s, Conversion=0.0008s, RTAB-Map=0.2899s, Maps update=0.0038s pub=0.0013s delay=0.2320s (local map=7, WM=7)
[rgbd_sync-1] [WARN] [1768708566.440991948] [rgbd_sync]: The time difference between rgb and depth frames is high (diff=0.030000s, rgb=225.337000s, depth=225.307000s). You may want to set approx_sync_max_interval lower than 0.01s to reject spurious bad synchronizations or use approx_sync=false if streams have all the exact same timestamp. Setting approx_sync_max_interval will suppress this warning.
[rtabmap-2] [INFO] [1768708566.817472320] [rtabmap]: rtabmap (30): Rate=0.50s, Limit=0.000s, Conversion=0.0011s, RTAB-Map=0.2835s, Maps update=0.0023s pub=0.0000s delay=0.3020s (local map=7, WM=7)
[rgbd_sync-1] [WARN] [1768708566.818401537] [rgbd_sync]: The time difference between rgb and depth frames is high (diff=0.035000s, rgb=225.791000s, depth=225.756000s). You may want to set approx_sync_max_interval lower than 0.01s to reject spurious bad synchronizations or use approx_sync=false if streams have all the exact same timestamp. Setting approx_sync_max_interval will suppress this warning.
[rgbd_sync-1] [WARN] [1768708567.011838622] [rgbd_sync]: The time difference between rgb and depth frames is high (diff=0.034000s, rgb=225.891000s, depth=225.925000s). You may want to set approx_sync_max_interval lower than 0.01s to reject spurious bad synchronizations or use approx_sync=false if streams have all the exact same timestamp. Setting approx_sync_max_interval will suppress this warning.
[rgbd_sync-1] [WARN] [1768708567.022100858] [rgbd_sync]: The time difference between rgb and depth frames is high (diff=0.030000s, rgb=226.003000s, depth=226.033000s). You may want to set approx_sync_max_interval lower than 0.01s to reject spurious bad synchronizations or use approx_sync=false if streams have all the exact same timestamp. Setting approx_sync_max_interval will suppress this warning.
[rtabmap-2] [INFO] [1768708567.474342125] [rtabmap]: rtabmap (31): Rate=0.50s, Limit=0.000s, Conversion=0.0009s, RTAB-Map=0.3286s, Maps update=0.0041s pub=0.0000s delay=0.2750s (local map=7, WM=7)
[rgbd_sync-1] [WARN] [1768708567.719059186] [rgbd_sync]: The time difference between rgb and depth frames is high (diff=0.038000s, rgb=226.525000s, depth=226.563000s). You may want to set approx_sync_max_interval lower than 0.01s to reject spurious bad synchronizations or use approx_sync=false if streams have all the exact same timestamp. Setting approx_sync_max_interval will suppress this warning.
[rgbd_sync-1] [WARN] [1768708567.735013219] [rgbd_sync]: The time difference between rgb and depth frames is high (diff=0.022000s, rgb=226.717000s, depth=226.739000s). You may want to set approx_sync_max_interval lower than 0.01s to reject spurious bad synchronizations or use approx_sync=false if streams have all the exact same timestamp. Setting approx_sync_max_interval will suppress this warning.
[rgbd_sync-1] [WARN] [1768708567.827613209] [rgbd_sync]: The time difference between rgb and depth frames is high (diff=0.024000s, rgb=226.797000s, depth=226.773000s). You may want to set approx_sync_max_interval lower than 0.01s to reject spurious bad synchronizations or use approx_sync=false if streams have all the exact same timestamp. Setting approx_sync_max_interval will suppress this warning.
[rtabmap-2] [INFO] [1768708568.058559219] [rtabmap]: rtabmap (32): Rate=0.50s, Limit=0.000s, Conversion=0.0025s, RTAB-Map=0.3101s, Maps update=0.0046s pub=0.0008s delay=0.2830s (local map=8, WM=8)
[rgbd_sync-1] [WARN] [1768708568.287812260] [rgbd_sync]: The time difference between rgb and depth frames is high (diff=0.033000s, rgb=227.227000s, depth=227.194000s). You may want to set approx_sync_max_interval lower than 0.01s to reject spurious bad synchronizations or use approx_sync=false if streams have all the exact same timestamp. Setting approx_sync_max_interval will suppress this warning.
[rgbd_sync-1] [WARN] [1768708568.430589525] [rgbd_sync]: The time difference between rgb and depth frames is high (diff=0.028000s, rgb=227.343000s, depth=227.371000s). You may want to set approx_sync_max_interval lower than 0.01s to reject spurious bad synchronizations or use approx_sync=false if streams have all the exact same timestamp. Setting approx_sync_max_interval will suppress this warning.
[rtabmap-2] [INFO] [1768708568.632573507] [rtabmap]: rtabmap (33): Rate=0.50s, Limit=0.000s, Conversion=0.0003s, RTAB-Map=0.2988s, Maps update=0.0044s pub=0.0000s delay=0.3060s (local map=8, WM=8)
[rgbd_sync-1] [WARN] [1768708568.663280970] [rgbd_sync]: The time difference between rgb and depth frames is high (diff=0.057000s, rgb=227.598000s, depth=227.541000s). You may want to set approx_sync_max_interval lower than 0.01s to reject spurious bad synchronizations or use approx_sync=false if streams have all the exact same timestamp. Setting approx_sync_max_interval will suppress this warning.
[rtabmap-2] [INFO] [1768708569.080714551] [rtabmap]: rtabmap (34): Rate=0.50s, Limit=0.000s, Conversion=0.0006s, RTAB-Map=0.2566s, Maps update=0.0052s pub=0.0015s delay=0.2050s (local map=9, WM=9)
[rtabmap-2] [INFO] [1768708569.617106219] [rtabmap]: rtabmap (35): Rate=0.50s, Limit=0.000s, Conversion=0.0008s, RTAB-Map=0.2445s, Maps update=0.0039s pub=0.0000s delay=0.2570s (local map=9, WM=9)
[rgbd_sync-1] [WARN] [1768708570.094774345] [rgbd_sync]: The time difference between rgb and depth frames is high (diff=0.134000s, rgb=229.073000s, depth=228.939000s). You may want to set approx_sync_max_interval lower than 0.01s to reject spurious bad synchronizations or use approx_sync=false if streams have all the exact same timestamp. Setting approx_sync_max_interval will suppress this warning.
[rgbd_sync-1] [WARN] [1768708570.235398820] [rgbd_sync]: The time difference between rgb and depth frames is high (diff=0.031000s, rgb=229.208000s, depth=229.239000s). You may want to set approx_sync_max_interval lower than 0.01s to reject spurious bad synchronizations or use approx_sync=false if streams have all the exact same timestamp. Setting approx_sync_max_interval will suppress this warning.
[rtabmap-2] [INFO] [1768708570.448214848] [rtabmap]: rtabmap (36): Rate=0.50s, Limit=0.000s, Conversion=0.0011s, RTAB-Map=0.3378s, Maps update=0.0057s pub=0.0015s delay=0.4610s (local map=10, WM=10)
[rtabmap-2] [INFO] [1768708570.781924147] [rtabmap]: rtabmap (37): Rate=0.50s, Limit=0.000s, Conversion=0.0004s, RTAB-Map=0.2892s, Maps update=0.0022s pub=0.0018s delay=0.2510s (local map=11, WM=11)
[rgbd_sync-1] [WARN] [1768708570.882550504] [rgbd_sync]: The time difference between rgb and depth frames is high (diff=0.034000s, rgb=229.849000s, depth=229.815000s). You may want to set approx_sync_max_interval lower than 0.01s to reject spurious bad synchronizations or use approx_sync=false if streams have all the exact same timestamp. Setting approx_sync_max_interval will suppress this warning.
[rgbd_sync-1] [WARN] [1768708571.013302532] [rgbd_sync]: The time difference between rgb and depth frames is high (diff=0.029000s, rgb=229.982000s, depth=229.953000s). You may want to set approx_sync_max_interval lower than 0.01s to reject spurious bad synchronizations or use approx_sync=false if streams have all the exact same timestamp. Setting approx_sync_max_interval will suppress this warning.
[rtabmap-2] [INFO] [1768708571.266048892] [rtabmap]: rtabmap (38): Rate=0.50s, Limit=0.000s, Conversion=0.0016s, RTAB-Map=0.2439s, Maps update=0.0037s pub=0.0000s delay=0.2470s (local map=11, WM=11)
[rgbd_sync-1] [WARN] [1768708571.450313830] [rgbd_sync]: The time difference between rgb and depth frames is high (diff=0.028000s, rgb=230.413000s, depth=230.441000s). You may want to set approx_sync_max_interval lower than 0.01s to reject spurious bad synchronizations or use approx_sync=false if streams have all the exact same timestamp. Setting approx_sync_max_interval will suppress this warning.
[rgbd_sync-1] [WARN] [1768708571.571138059] [rgbd_sync]: The time difference between rgb and depth frames is high (diff=0.031000s, rgb=230.484000s, depth=230.515000s). You may want to set approx_sync_max_interval lower than 0.01s to reject spurious bad synchronizations or use approx_sync=false if streams have all the exact same timestamp. Setting approx_sync_max_interval will suppress this warning.
[rtabmap-2] [INFO] [1768708571.885943653] [rtabmap]: rtabmap (39): Rate=0.50s, Limit=0.000s, Conversion=0.0011s, RTAB-Map=0.3045s, Maps update=0.0052s pub=0.0010s delay=0.3160s (local map=12, WM=12)
[rtabmap-2] [INFO] [1768708572.304255588] [rtabmap]: rtabmap (40): Rate=0.50s, Limit=0.000s, Conversion=0.0004s, RTAB-Map=0.2600s, Maps update=0.0054s pub=0.0000s delay=0.3020s (local map=12, WM=12)
[rgbd_sync-1] [WARN] [1768708572.433490708] [rgbd_sync]: The time difference between rgb and depth frames is high (diff=0.041000s, rgb=231.384000s, depth=231.425000s). You may want to set approx_sync_max_interval lower than 0.01s to reject spurious bad synchronizations or use approx_sync=false if streams have all the exact same timestamp. Setting approx_sync_max_interval will suppress this warning.
[rgbd_sync-1] [WARN] [1768708572.805581763] [rgbd_sync]: The time difference between rgb and depth frames is high (diff=0.038000s, rgb=231.763000s, depth=231.725000s). You may want to set approx_sync_max_interval lower than 0.01s to reject spurious bad synchronizations or use approx_sync=false if streams have all the exact same timestamp. Setting approx_sync_max_interval will suppress this warning.
[rtabmap-2] [INFO] [1768708572.911102908] [rtabmap]: rtabmap (41): Rate=0.50s, Limit=0.000s, Conversion=0.0006s, RTAB-Map=0.3186s, Maps update=0.0047s pub=0.0021s delay=0.3560s (local map=13, WM=13)
[rgbd_sync-1] [WARN] [1768708573.265564985] [rgbd_sync]: The time difference between rgb and depth frames is high (diff=0.032000s, rgb=232.114000s, depth=232.146000s). You may want to set approx_sync_max_interval lower than 0.01s to reject spurious bad synchronizations or use approx_sync=false if streams have all the exact same timestamp. Setting approx_sync_max_interval will suppress this warning.
[rtabmap-2] [INFO] [1768708573.363484302] [rtabmap]: rtabmap (42): Rate=0.50s, Limit=0.000s, Conversion=0.0005s, RTAB-Map=0.2502s, Maps update=0.0039s pub=0.0000s delay=0.2330s (local map=13, WM=13)
[rgbd_sync-1] [WARN] [1768708573.599785051] [rgbd_sync]: The time difference between rgb and depth frames is high (diff=0.044000s, rgb=232.467000s, depth=232.511000s). You may want to set approx_sync_max_interval lower than 0.01s to reject spurious bad synchronizations or use approx_sync=false if streams have all the exact same timestamp. Setting approx_sync_max_interval will suppress this warning.
[rgbd_sync-1] [WARN] [1768708573.912399792] [rgbd_sync]: The time difference between rgb and depth frames is high (diff=0.033000s, rgb=232.867000s, depth=232.900000s). You may want to set approx_sync_max_interval lower than 0.01s to reject spurious bad synchronizations or use approx_sync=false if streams have all the exact same timestamp. Setting approx_sync_max_interval will suppress this warning.
[rtabmap-2] [INFO] [1768708573.941188769] [rtabmap]: rtabmap (43): Rate=0.50s, Limit=0.000s, Conversion=0.0005s, RTAB-Map=0.2877s, Maps update=0.0024s pub=0.0013s delay=0.2930s (local map=14, WM=14)
[rtabmap-2] [INFO] [1768708574.433230084] [rtabmap]: rtabmap (44): Rate=0.50s, Limit=0.000s, Conversion=0.0007s, RTAB-Map=0.2718s, Maps update=0.0024s pub=0.0000s delay=0.2730s (local map=14, WM=14)
[rgbd_sync-1] [WARN] [1768708574.541047906] [rgbd_sync]: The time difference between rgb and depth frames is high (diff=0.032000s, rgb=233.475000s, depth=233.443000s). You may want to set approx_sync_max_interval lower than 0.01s to reject spurious bad synchronizations or use approx_sync=false if streams have all the exact same timestamp. Setting approx_sync_max_interval will suppress this warning.
[rtabmap-2] [INFO] [1768708574.980294441] [rtabmap]: rtabmap (45): Rate=0.50s, Limit=0.000s, Conversion=0.0009s, RTAB-Map=0.2463s, Maps update=0.0042s pub=0.0017s delay=0.2170s (local map=15, WM=15)
[rgbd_sync-1] [WARN] [1768708575.394836095] [rgbd_sync]: The time difference between rgb and depth frames is high (diff=0.037000s, rgb=234.323000s, depth=234.286000s). You may want to set approx_sync_max_interval lower than 0.01s to reject spurious bad synchronizations or use approx_sync=false if streams have all the exact same timestamp. Setting approx_sync_max_interval will suppress this warning.
[rtabmap-2] [INFO] [1768708575.540837542] [rtabmap]: rtabmap (46): Rate=0.50s, Limit=0.000s, Conversion=0.0009s, RTAB-Map=0.2610s, Maps update=0.0021s pub=0.0000s delay=0.2470s (local map=15, WM=15)
[rgbd_sync-1] [WARN] [1768708575.544682022] [rgbd_sync]: The time difference between rgb and depth frames is high (diff=0.033000s, rgb=234.453000s, depth=234.420000s). You may want to set approx_sync_max_interval lower than 0.01s to reject spurious bad synchronizations or use approx_sync=false if streams have all the exact same timestamp. Setting approx_sync_max_interval will suppress this warning.
[rgbd_sync-1] [WARN] [1768708575.599604379] [rgbd_sync]: The time difference between rgb and depth frames is high (diff=0.038000s, rgb=234.486000s, depth=234.524000s). You may want to set approx_sync_max_interval lower than 0.01s to reject spurious bad synchronizations or use approx_sync=false if streams have all the exact same timestamp. Setting approx_sync_max_interval will suppress this warning.
[rtabmap-2] [INFO] [1768708576.069769427] [rtabmap]: rtabmap (47): Rate=0.50s, Limit=0.000s, Conversion=0.0006s, RTAB-Map=0.2676s, Maps update=0.0033s pub=0.0011s delay=0.2460s (local map=16, WM=16)
[rgbd_sync-1] [WARN] [1768708576.472255245] [rgbd_sync]: The time difference between rgb and depth frames is high (diff=0.063000s, rgb=235.355000s, depth=235.292000s). You may want to set approx_sync_max_interval lower than 0.01s to reject spurious bad synchronizations or use approx_sync=false if streams have all the exact same timestamp. Setting approx_sync_max_interval will suppress this warning.
[rtabmap-2] [INFO] [1768708576.753765932] [rtabmap]: rtabmap (48): Rate=0.50s, Limit=0.000s, Conversion=0.0010s, RTAB-Map=0.2713s, Maps update=0.0031s pub=0.0000s delay=0.4080s (local map=16, WM=16)
[rtabmap-2] [INFO] [1768708577.121260719] [rtabmap]: rtabmap (49): Rate=0.50s, Limit=0.000s, Conversion=0.0007s, RTAB-Map=0.2665s, Maps update=0.0031s pub=0.0000s delay=0.2900s (local map=16, WM=16)
[rgbd_sync-1] [WARN] [1768708577.207425353] [rgbd_sync]: The time difference between rgb and depth frames is high (diff=0.025000s, rgb=236.116000s, depth=236.141000s). You may want to set approx_sync_max_interval lower than 0.01s to reject spurious bad synchronizations or use approx_sync=false if streams have all the exact same timestamp. Setting approx_sync_max_interval will suppress this warning.
[rgbd_sync-1] [WARN] [1768708577.576888420] [rgbd_sync]: The time difference between rgb and depth frames is high (diff=0.027000s, rgb=236.537000s, depth=236.564000s). You may want to set approx_sync_max_interval lower than 0.01s to reject spurious bad synchronizations or use approx_sync=false if streams have all the exact same timestamp. Setting approx_sync_max_interval will suppress this warning.
[rtabmap-2] [INFO] [1768708577.618089593] [rtabmap]: rtabmap (50): Rate=0.50s, Limit=0.000s, Conversion=0.0008s, RTAB-Map=0.2583s, Maps update=0.0041s pub=0.0000s delay=0.2840s (local map=16, WM=16)
[rgbd_sync-1] [WARN] [1768708577.720578440] [rgbd_sync]: The time difference between rgb and depth frames is high (diff=0.023000s, rgb=236.683000s, depth=236.706000s). You may want to set approx_sync_max_interval lower than 0.01s to reject spurious bad synchronizations or use approx_sync=false if streams have all the exact same timestamp. Setting approx_sync_max_interval will suppress this warning.
[rgbd_sync-1] [WARN] [1768708577.955401377] [rgbd_sync]: The time difference between rgb and depth frames is high (diff=0.044000s, rgb=236.828000s, depth=236.872000s). You may want to set approx_sync_max_interval lower than 0.01s to reject spurious bad synchronizations or use approx_sync=false if streams have all the exact same timestamp. Setting approx_sync_max_interval will suppress this warning.
[rtabmap-2] [INFO] [1768708578.230599278] [rtabmap]: rtabmap (51): Rate=0.50s, Limit=0.000s, Conversion=0.0013s, RTAB-Map=0.2659s, Maps update=0.0017s pub=0.0000s delay=0.3720s (local map=16, WM=16)
[rtabmap-2] [INFO] [1768708578.731778247] [rtabmap]: rtabmap (52): Rate=0.50s, Limit=0.000s, Conversion=0.0003s, RTAB-Map=0.3052s, Maps update=0.0054s pub=0.0000s delay=0.3080s (local map=16, WM=16)
[rgbd_sync-1] [WARN] [1768708579.222319072] [rgbd_sync]: The time difference between rgb and depth frames is high (diff=0.030000s, rgb=238.168000s, depth=238.138000s). You may want to set approx_sync_max_interval lower than 0.01s to reject spurious bad synchronizations or use approx_sync=false if streams have all the exact same timestamp. Setting approx_sync_max_interval will suppress this warning.
[rtabmap-2] [INFO] [1768708579.363451505] [rtabmap]: rtabmap (53): Rate=0.50s, Limit=0.000s, Conversion=0.0010s, RTAB-Map=0.2828s, Maps update=0.0039s pub=0.0000s delay=0.2740s (local map=16, WM=16)
[rgbd_sync-1] [WARN] [1768708579.811102706] [rgbd_sync]: The time difference between rgb and depth frames is high (diff=0.032000s, rgb=238.759000s, depth=238.727000s). You may want to set approx_sync_max_interval lower than 0.01s to reject spurious bad synchronizations or use approx_sync=false if streams have all the exact same timestamp. Setting approx_sync_max_interval will suppress this warning.
[rtabmap-2] [INFO] [1768708579.882275074] [rtabmap]: rtabmap (54): Rate=0.50s, Limit=0.000s, Conversion=0.0005s, RTAB-Map=0.2913s, Maps update=0.0021s pub=0.0023s delay=0.2490s (local map=17, WM=17)
[rgbd_sync-1] [WARN] [1768708579.894312712] [rgbd_sync]: The time difference between rgb and depth frames is high (diff=0.034000s, rgb=238.827000s, depth=238.793000s). You may want to set approx_sync_max_interval lower than 0.01s to reject spurious bad synchronizations or use approx_sync=false if streams have all the exact same timestamp. Setting approx_sync_max_interval will suppress this warning.
[rtabmap-2] [INFO] [1768708580.479397581] [rtabmap]: rtabmap (55): Rate=0.50s, Limit=0.000s, Conversion=0.0006s, RTAB-Map=0.3440s, Maps update=0.0036s pub=0.0000s delay=0.3210s (local map=17, WM=17)
[rtabmap-2] [INFO] [1768708581.142986702] [rtabmap]: rtabmap (56): Rate=0.50s, Limit=0.000s, Conversion=0.0007s, RTAB-Map=0.3265s, Maps update=0.0040s pub=0.0000s delay=0.3530s (local map=17, WM=17)
[rgbd_sync-1] [WARN] [1768708581.363306410] [rgbd_sync]: The time difference between rgb and depth frames is high (diff=0.034000s, rgb=240.302000s, depth=240.336000s). You may want to set approx_sync_max_interval lower than 0.01s to reject spurious bad synchronizations or use approx_sync=false if streams have all the exact same timestamp. Setting approx_sync_max_interval will suppress this warning.
[rtabmap-2] [INFO] [1768708581.699164126] [rtabmap]: rtabmap (57): Rate=0.50s, Limit=0.000s, Conversion=0.0010s, RTAB-Map=0.3218s, Maps update=0.0041s pub=0.0013s delay=0.2980s (local map=18, WM=18)
[rgbd_sync-1] [WARN] [1768708582.126848764] [rgbd_sync]: The time difference between rgb and depth frames is high (diff=0.034000s, rgb=240.945000s, depth=240.979000s). You may want to set approx_sync_max_interval lower than 0.01s to reject spurious bad synchronizations or use approx_sync=false if streams have all the exact same timestamp. Setting approx_sync_max_interval will suppress this warning.
[rgbd_sync-1] [WARN] [1768708582.139730418] [rgbd_sync]: The time difference between rgb and depth frames is high (diff=0.024000s, rgb=241.091000s, depth=241.115000s). You may want to set approx_sync_max_interval lower than 0.01s to reject spurious bad synchronizations or use approx_sync=false if streams have all the exact same timestamp. Setting approx_sync_max_interval will suppress this warning.
[rtabmap-2] [INFO] [1768708582.271331785] [rtabmap]: rtabmap (58): Rate=0.50s, Limit=0.000s, Conversion=0.0008s, RTAB-Map=0.3363s, Maps update=0.0027s pub=0.0000s delay=0.3210s (local map=18, WM=18)
[rgbd_sync-1] [WARN] [1768708582.644914509] [rgbd_sync]: The time difference between rgb and depth frames is high (diff=0.026000s, rgb=241.590000s, depth=241.564000s). You may want to set approx_sync_max_interval lower than 0.01s to reject spurious bad synchronizations or use approx_sync=false if streams have all the exact same timestamp. Setting approx_sync_max_interval will suppress this warning.
[rtabmap-2] [INFO] [1768708582.809142157] [rtabmap]: rtabmap (59): Rate=0.50s, Limit=0.000s, Conversion=0.0006s, RTAB-Map=0.3689s, Maps update=0.0035s pub=0.0000s delay=0.3210s (local map=18, WM=18)
[rgbd_sync-1] [WARN] [1768708583.045132171] [rgbd_sync]: The time difference between rgb and depth frames is high (diff=0.033000s, rgb=241.945000s, depth=241.912000s). You may want to set approx_sync_max_interval lower than 0.01s to reject spurious bad synchronizations or use approx_sync=false if streams have all the exact same timestamp. Setting approx_sync_max_interval will suppress this warning.
[rtabmap-2] [INFO] [1768708583.444252694] [rtabmap]: rtabmap (60): Rate=0.50s, Limit=0.000s, Conversion=0.0008s, RTAB-Map=0.3879s, Maps update=0.0022s pub=0.0011s delay=0.4880s (local map=19, WM=19)
[rtabmap-2] [INFO] [1768708583.875032593] [rtabmap]: rtabmap (61): Rate=0.50s, Limit=0.000s, Conversion=0.0010s, RTAB-Map=0.3492s, Maps update=0.0042s pub=0.0000s delay=0.3390s (local map=19, WM=19)
[rtabmap-2] [INFO] [1768708584.599867544] [rtabmap]: rtabmap (62): Rate=0.50s, Limit=0.000s, Conversion=0.0011s, RTAB-Map=0.4347s, Maps update=0.0048s pub=0.0000s delay=0.4130s (local map=19, WM=19)
[rgbd_sync-1] [WARN] [1768708584.660702939] [rgbd_sync]: The time difference between rgb and depth frames is high (diff=0.033000s, rgb=243.592000s, depth=243.559000s). You may want to set approx_sync_max_interval lower than 0.01s to reject spurious bad synchronizations or use approx_sync=false if streams have all the exact same timestamp. Setting approx_sync_max_interval will suppress this warning.
[rtabmap-2] [INFO] [1768708585.051682318] [rtabmap]: rtabmap (63): Rate=0.50s, Limit=0.000s, Conversion=0.0011s, RTAB-Map=0.3500s, Maps update=0.0049s pub=0.0014s delay=0.3740s (local map=20, WM=20)
[rgbd_sync-1] [WARN] [1768708585.354965084] [rgbd_sync]: The time difference between rgb and depth frames is high (diff=0.067000s, rgb=244.192000s, depth=244.125000s). You may want to set approx_sync_max_interval lower than 0.01s to reject spurious bad synchronizations or use approx_sync=false if streams have all the exact same timestamp. Setting approx_sync_max_interval will suppress this warning.
[rgbd_sync-1] [WARN] [1768708585.468485339] [rgbd_sync]: The time difference between rgb and depth frames is high (diff=0.033000s, rgb=244.392000s, depth=244.359000s). You may want to set approx_sync_max_interval lower than 0.01s to reject spurious bad synchronizations or use approx_sync=false if streams have all the exact same timestamp. Setting approx_sync_max_interval will suppress this warning.
[rgbd_sync-1] [WARN] [1768708585.726615896] [rgbd_sync]: The time difference between rgb and depth frames is high (diff=0.031000s, rgb=244.661000s, depth=244.692000s). You may want to set approx_sync_max_interval lower than 0.01s to reject spurious bad synchronizations or use approx_sync=false if streams have all the exact same timestamp. Setting approx_sync_max_interval will suppress this warning.
[rtabmap-2] [INFO] [1768708585.762485567] [rtabmap]: rtabmap (64): Rate=0.50s, Limit=0.000s, Conversion=0.0006s, RTAB-Map=0.3684s, Maps update=0.0040s pub=0.0061s delay=0.3750s (local map=21, WM=21)
[rtabmap-2] [INFO] [1768708586.165471557] [rtabmap]: rtabmap (65): Rate=0.50s, Limit=0.000s, Conversion=0.0005s, RTAB-Map=0.2676s, Maps update=0.0037s pub=0.0000s delay=0.2620s (local map=21, WM=21)
[rgbd_sync-1] [WARN] [1768708586.169175121] [rgbd_sync]: The time difference between rgb and depth frames is high (diff=0.035000s, rgb=245.098000s, depth=245.133000s). You may want to set approx_sync_max_interval lower than 0.01s to reject spurious bad synchronizations or use approx_sync=false if streams have all the exact same timestamp. Setting approx_sync_max_interval will suppress this warning.
[rgbd_sync-1] [WARN] [1768708586.512367717] [rgbd_sync]: The time difference between rgb and depth frames is high (diff=0.038000s, rgb=245.462000s, depth=245.424000s). You may want to set approx_sync_max_interval lower than 0.01s to reject spurious bad synchronizations or use approx_sync=false if streams have all the exact same timestamp. Setting approx_sync_max_interval will suppress this warning.
[rtabmap-2] [INFO] [1768708586.713737308] [rtabmap]: rtabmap (66): Rate=0.50s, Limit=0.000s, Conversion=0.0009s, RTAB-Map=0.3132s, Maps update=0.0056s pub=0.0000s delay=0.2540s (local map=21, WM=21)
[rtabmap-2] [INFO] [1768708587.202866763] [rtabmap]: rtabmap (67): Rate=0.50s, Limit=0.000s, Conversion=0.0006s, RTAB-Map=0.2734s, Maps update=0.0039s pub=0.0000s delay=0.2350s (local map=21, WM=21)
[rgbd_sync-1] [WARN] [1768708587.336162704] [rgbd_sync]: The time difference between rgb and depth frames is high (diff=0.037000s, rgb=246.178000s, depth=246.215000s). You may want to set approx_sync_max_interval lower than 0.01s to reject spurious bad synchronizations or use approx_sync=false if streams have all the exact same timestamp. Setting approx_sync_max_interval will suppress this warning.
[rgbd_sync-1] [WARN] [1768708587.494837615] [rgbd_sync]: The time difference between rgb and depth frames is high (diff=0.040000s, rgb=246.351000s, depth=246.311000s). You may want to set approx_sync_max_interval lower than 0.01s to reject spurious bad synchronizations or use approx_sync=false if streams have all the exact same timestamp. Setting approx_sync_max_interval will suppress this warning.
[rtabmap-2] [INFO] [1768708587.870193770] [rtabmap]: rtabmap (68): Rate=0.50s, Limit=0.000s, Conversion=0.0010s, RTAB-Map=0.2383s, Maps update=0.0027s pub=0.0000s delay=0.2570s (local map=21, WM=21)
[rgbd_sync-1] [WARN] [1768708588.216923887] [rgbd_sync]: The time difference between rgb and depth frames is high (diff=0.032000s, rgb=247.098000s, depth=247.130000s). You may want to set approx_sync_max_interval lower than 0.01s to reject spurious bad synchronizations or use approx_sync=false if streams have all the exact same timestamp. Setting approx_sync_max_interval will suppress this warning.
[rtabmap-2] [INFO] [1768708588.580950934] [rtabmap]: rtabmap (69): Rate=0.50s, Limit=0.000s, Conversion=0.0012s, RTAB-Map=0.3537s, Maps update=0.0056s pub=0.0000s delay=0.4020s (local map=21, WM=21)
[rtabmap-2] [INFO] [1768708588.968035642] [rtabmap]: rtabmap (70): Rate=0.50s, Limit=0.000s, Conversion=0.0005s, RTAB-Map=0.2836s, Maps update=0.0053s pub=0.0000s delay=0.2900s (local map=21, WM=21)
[rgbd_sync-1] [WARN] [1768708589.104415657] [rgbd_sync]: The time difference between rgb and depth frames is high (diff=0.042000s, rgb=248.054000s, depth=248.012000s). You may want to set approx_sync_max_interval lower than 0.01s to reject spurious bad synchronizations or use approx_sync=false if streams have all the exact same timestamp. Setting approx_sync_max_interval will suppress this warning.
[rtabmap-2] [INFO] [1768708589.472562496] [rtabmap]: rtabmap (71): Rate=0.50s, Limit=0.000s, Conversion=0.0009s, RTAB-Map=0.2829s, Maps update=0.0051s pub=0.0000s delay=0.2800s (local map=21, WM=21)
[rgbd_sync-1] [WARN] [1768708589.712140193] [rgbd_sync]: The time difference between rgb and depth frames is high (diff=0.032000s, rgb=248.560000s, depth=248.592000s). You may want to set approx_sync_max_interval lower than 0.01s to reject spurious bad synchronizations or use approx_sync=false if streams have all the exact same timestamp. Setting approx_sync_max_interval will suppress this warning.
[rgbd_sync-1] [WARN] [1768708589.984295286] [rgbd_sync]: The time difference between rgb and depth frames is high (diff=0.034000s, rgb=248.659000s, depth=248.693000s). You may want to set approx_sync_max_interval lower than 0.01s to reject spurious bad synchronizations or use approx_sync=false if streams have all the exact same timestamp. Setting approx_sync_max_interval will suppress this warning.
[rgbd_sync-1] [WARN] [1768708590.005040853] [rgbd_sync]: The time difference between rgb and depth frames is high (diff=0.033000s, rgb=248.926000s, depth=248.959000s). You may want to set approx_sync_max_interval lower than 0.01s to reject spurious bad synchronizations or use approx_sync=false if streams have all the exact same timestamp. Setting approx_sync_max_interval will suppress this warning.
[rtabmap-2] [INFO] [1768708590.351496883] [rtabmap]: rtabmap (72): Rate=0.50s, Limit=0.000s, Conversion=0.0015s, RTAB-Map=0.3287s, Maps update=0.0088s pub=0.0001s delay=0.3740s (local map=21, WM=21)
[rtabmap-2] [INFO] [1768708590.957561967] [rtabmap]: rtabmap (73): Rate=0.50s, Limit=0.000s, Conversion=0.0012s, RTAB-Map=0.2861s, Maps update=0.0056s pub=0.0000s delay=0.3110s (local map=21, WM=21)
[rgbd_sync-1] [WARN] [1768708591.240599594] [rgbd_sync]: The time difference between rgb and depth frames is high (diff=0.026000s, rgb=250.169000s, depth=250.195000s). You may want to set approx_sync_max_interval lower than 0.01s to reject spurious bad synchronizations or use approx_sync=false if streams have all the exact same timestamp. Setting approx_sync_max_interval will suppress this warning.
[rgbd_sync-1] [WARN] [1768708591.373305010] [rgbd_sync]: The time difference between rgb and depth frames is high (diff=0.057000s, rgb=250.195000s, depth=250.252000s). You may want to set approx_sync_max_interval lower than 0.01s to reject spurious bad synchronizations or use approx_sync=false if streams have all the exact same timestamp. Setting approx_sync_max_interval will suppress this warning.
[rgbd_sync-1] [WARN] [1768708591.385363528] [rgbd_sync]: The time difference between rgb and depth frames is high (diff=0.021000s, rgb=250.316000s, depth=250.337000s). You may want to set approx_sync_max_interval lower than 0.01s to reject spurious bad synchronizations or use approx_sync=false if streams have all the exact same timestamp. Setting approx_sync_max_interval will suppress this warning.
[rtabmap-2] [INFO] [1768708591.583402956] [rtabmap]: rtabmap (74): Rate=0.50s, Limit=0.000s, Conversion=0.0014s, RTAB-Map=0.3295s, Maps update=0.0037s pub=0.0000s delay=0.3310s (local map=21, WM=21)
[rgbd_sync-1] [WARN] [1768708591.954716349] [rgbd_sync]: The time difference between rgb and depth frames is high (diff=0.030000s, rgb=250.833000s, depth=250.863000s). You may want to set approx_sync_max_interval lower than 0.01s to reject spurious bad synchronizations or use approx_sync=false if streams have all the exact same timestamp. Setting approx_sync_max_interval will suppress this warning.
[rtabmap-2] [INFO] [1768708592.065900804] [rtabmap]: rtabmap (75): Rate=0.50s, Limit=0.000s, Conversion=0.0012s, RTAB-Map=0.2693s, Maps update=0.0047s pub=0.0000s delay=0.3030s (local map=21, WM=21)
[rgbd_sync-1] [WARN] [1768708592.248554168] [rgbd_sync]: The time difference between rgb and depth frames is high (diff=0.038000s, rgb=251.121000s, depth=251.083000s). You may want to set approx_sync_max_interval lower than 0.01s to reject spurious bad synchronizations or use approx_sync=false if streams have all the exact same timestamp. Setting approx_sync_max_interval will suppress this warning.
[rtabmap-2] [INFO] [1768708592.544274479] [rtabmap]: rtabmap (76): Rate=0.50s, Limit=0.000s, Conversion=0.0006s, RTAB-Map=0.2558s, Maps update=0.0024s pub=0.0000s delay=0.3010s (local map=21, WM=21)
[rtabmap-2] [INFO] [1768708593.184011096] [rtabmap]: rtabmap (77): Rate=0.50s, Limit=0.000s, Conversion=0.0012s, RTAB-Map=0.2701s, Maps update=0.0048s pub=0.0000s delay=0.2670s (local map=21, WM=21)
[rgbd_sync-1] [WARN] [1768708593.697110638] [rgbd_sync]: The time difference between rgb and depth frames is high (diff=0.034000s, rgb=252.613000s, depth=252.579000s). You may want to set approx_sync_max_interval lower than 0.01s to reject spurious bad synchronizations or use approx_sync=false if streams have all the exact same timestamp. Setting approx_sync_max_interval will suppress this warning.
[rtabmap-2] [INFO] [1768708593.723088486] [rtabmap]: rtabmap (78): Rate=0.50s, Limit=0.000s, Conversion=0.0006s, RTAB-Map=0.3152s, Maps update=0.0028s pub=0.0000s delay=0.2640s (local map=21, WM=21)
[rgbd_sync-1] [WARN] [1768708593.875713716] [rgbd_sync]: The time difference between rgb and depth frames is high (diff=0.030000s, rgb=252.779000s, depth=252.749000s). You may want to set approx_sync_max_interval lower than 0.01s to reject spurious bad synchronizations or use approx_sync=false if streams have all the exact same timestamp. Setting approx_sync_max_interval will suppress this warning.
[rgbd_sync-1] [INFO] [1768708594.021216462] [rclcpp]: signal_handler(signum=2)
[rtabmap-2] [INFO] [1768708594.021219107] [rclcpp]: signal_handler(signum=2)
[INFO] [rgbd_sync-1]: process has finished cleanly [pid 498573]
[rtabmap-2] [INFO] [1768708594.243456958] [rtabmap]: rtabmap (79): Rate=0.50s, Limit=0.000s, Conversion=0.0007s, RTAB-Map=0.2808s, Maps update=0.0001s pub=0.0001s delay=0.0320s (local map=21, WM=21)
[rtabmap-2] [INFO] [1768708594.244202704] [rtabmap]: Parameters are not saved (No configuration file provided...)
[rtabmap-2] [33m[ WARN] (2026-01-18 12:55:50.789) Memory.cpp:5917::createSignature() Mem/SaveDepth16Format is set to false to use 32bits format but this is not compatible with the compressed depth format chosen (Mem/DepthCompressionFormat=".rvl"), depth images will be compressed in ".png" format instead. Explicitly set Mem/SaveDepth16Format to true to keep using ".rvl" format and images will be converted to 16bits for convenience (warning: that would remove all depth values over 65 meters). Explicitly set Mem/DepthCompressionFormat=".png" to suppress this warning. This warning is only printed once.[0m
[rtabmap-2] [33m[ WARN] (2026-01-18 12:55:51.094) MapsManager.cpp:863::publishMaps() Graph has changed! The whole cloud is regenerated.[0m
[rtabmap-2] [33m[ WARN] (2026-01-18 12:56:20.475) Rtabmap.cpp:3069::process() Rejected loop closure 17 -> 55: Not enough inliers 7/20 (matches=24) between 17 and 55[0m
[rtabmap-2] [33m[ WARN] (2026-01-18 12:56:21.138) Rtabmap.cpp:3069::process() Rejected loop closure 17 -> 56: Not enough inliers 8/20 (matches=21) between 17 and 56[0m
[rtabmap-2] [33m[ WARN] (2026-01-18 12:56:21.693) Rtabmap.cpp:3069::process() Rejected loop closure 1 -> 57: Not enough inliers 14/20 (matches=40) between 1 and 57[0m
[rtabmap-2] [33m[ WARN] (2026-01-18 12:56:22.267) Rtabmap.cpp:3069::process() Rejected loop closure 1 -> 58: Not enough inliers after bundle adjustment 15/20 (matches=23) between 1 and 58[0m
[rtabmap-2] [33m[ WARN] (2026-01-18 12:56:22.804) Rtabmap.cpp:3069::process() Rejected loop closure 17 -> 59: Not enough inliers 7/20 (matches=37) between 17 and 59[0m
[rtabmap-2] [33m[ WARN] (2026-01-18 12:56:23.440) Rtabmap.cpp:3069::process() Rejected loop closure 17 -> 60: Not enough inliers 17/20 (matches=36) between 17 and 60[0m
[rtabmap-2] [33m[ WARN] (2026-01-18 12:56:24.594) Rtabmap.cpp:3069::process() Rejected loop closure 1 -> 62: Not enough inliers after bundle adjustment 1/20 (matches=40) between 1 and 62[0m
[rtabmap-2] rtabmap: Saving database/long-term memory... (located at /home/fujino/.ros/rtabmap_ur5e_20260118_125548.db)
[rtabmap-2] rtabmap: Saving database/long-term memory...done! (located at /home/fujino/.ros/rtabmap_ur5e_20260118_125548.db, 117 MB)
[INFO] [rtabmap-2]: process has finished cleanly [pid 498575]
