[INFO] [launch]: All log files can be found below /home/fujino/.ros/log/2026-01-19-14-05-55-642331-fh-876066
[INFO] [launch]: Default logging verbosity is set to INFO
[INFO] [rgbd_sync-1]: process started with pid [876076]
[INFO] [rtabmap-2]: process started with pid [876078]
[rgbd_sync-1] [INFO] [1768799156.247934680] [rgbd_sync]: rgbd_sync: approx_sync = true
[rgbd_sync-1] [INFO] [1768799156.248221093] [rgbd_sync]: rgbd_sync: approx_sync_max_interval = 0.010000
[rgbd_sync-1] [INFO] [1768799156.248249202] [rgbd_sync]: rgbd_sync: topic_queue_size  = 10
[rgbd_sync-1] [INFO] [1768799156.248256077] [rgbd_sync]: rgbd_sync: sync_queue_size  = 30
[rgbd_sync-1] [INFO] [1768799156.248263510] [rgbd_sync]: rgbd_sync: qos             = 2
[rgbd_sync-1] [INFO] [1768799156.248269137] [rgbd_sync]: rgbd_sync: qos_camera_info = 2
[rgbd_sync-1] [INFO] [1768799156.248274641] [rgbd_sync]: rgbd_sync: depth_scale = 1.000000
[rgbd_sync-1] [INFO] [1768799156.248282910] [rgbd_sync]: rgbd_sync: decimation = 1
[rgbd_sync-1] [INFO] [1768799156.248288428] [rgbd_sync]: rgbd_sync: compressed_rate = 0.000000
[rgbd_sync-1] [INFO] [1768799156.278144434] [rgbd_sync]: 
[rgbd_sync-1] rgbd_sync subscribed to (approx sync, max interval=0.010000s):
[rgbd_sync-1]    /camera/color/image_raw,
[rgbd_sync-1]    /camera/depth/depth/image_raw,
[rgbd_sync-1]    /camera/color/camera_info
[rtabmap-2] [INFO] [1768799156.595418784] [rtabmap]: rtabmap(maps): latch                      = true
[rtabmap-2] [INFO] [1768799156.595895862] [rtabmap]: rtabmap(maps): map_filter_radius          = 0.000000
[rtabmap-2] [INFO] [1768799156.595940250] [rtabmap]: rtabmap(maps): map_filter_angle           = 30.000000
[rtabmap-2] [INFO] [1768799156.595961953] [rtabmap]: rtabmap(maps): map_cleanup                = true
[rtabmap-2] [INFO] [1768799156.595979174] [rtabmap]: rtabmap(maps): map_always_update          = false
[rtabmap-2] [INFO] [1768799156.595995151] [rtabmap]: rtabmap(maps): map_empty_ray_tracing      = true
[rtabmap-2] [INFO] [1768799156.596010198] [rtabmap]: rtabmap(maps): cloud_output_voxelized     = true
[rtabmap-2] [INFO] [1768799156.596025319] [rtabmap]: rtabmap(maps): cloud_subtract_filtering   = false
[rtabmap-2] [INFO] [1768799156.596040676] [rtabmap]: rtabmap(maps): cloud_subtract_filtering_min_neighbors = 2
[rtabmap-2] [INFO] [1768799156.596160470] [rtabmap]: rtabmap(maps): octomap_tree_depth         = 16
[rtabmap-2] [INFO] [1768799156.677317209] [rtabmap]: rtabmap: frame_id      = camera_color_optical_frame
[rtabmap-2] [INFO] [1768799156.677420875] [rtabmap]: rtabmap: odom_frame_id = world
[rtabmap-2] [INFO] [1768799156.677443458] [rtabmap]: rtabmap: map_frame_id  = world
[rtabmap-2] [INFO] [1768799156.677479322] [rtabmap]: rtabmap: log_to_rosout_level  = 4
[rtabmap-2] [INFO] [1768799156.677498530] [rtabmap]: rtabmap: initial_pose  = 
[rtabmap-2] [INFO] [1768799156.677514683] [rtabmap]: rtabmap: use_action_for_goal  = false
[rtabmap-2] [INFO] [1768799156.677530705] [rtabmap]: rtabmap: tf_delay      = 0.050000
[rtabmap-2] [INFO] [1768799156.677555908] [rtabmap]: rtabmap: tf_tolerance  = 0.100000
[rtabmap-2] [INFO] [1768799156.677574363] [rtabmap]: rtabmap: odom_sensor_sync   = false
[rtabmap-2] [INFO] [1768799156.677590104] [rtabmap]: rtabmap: pub_loc_pose_only_when_localizing = false
[rtabmap-2] [INFO] [1768799156.677605822] [rtabmap]: rtabmap: wait_for_transform = 0.200000
[rtabmap-2] [INFO] [1768799156.677624165] [rtabmap]: rtabmap: gen_scan  = false
[rtabmap-2] [INFO] [1768799156.677640206] [rtabmap]: rtabmap: gen_depth  = false
[rtabmap-2] [INFO] [1768799156.732959382] [rtabmap]: Setting RTAB-Map parameter "Grid/3D"="true" (rosparam)
[rtabmap-2] [INFO] [1768799156.734924112] [rtabmap]: Setting RTAB-Map parameter "Grid/RangeMax"="5.0" (rosparam)
[rtabmap-2] [INFO] [1768799156.735101550] [rtabmap]: Setting RTAB-Map parameter "Grid/RayTracing"="true" (rosparam)
[rtabmap-2] [INFO] [1768799156.735501447] [rtabmap]: Setting RTAB-Map parameter "Grid/Sensor"="1" (rosparam)
[rtabmap-2] [INFO] [1768799156.768702801] [rtabmap]: Setting RTAB-Map parameter "RGBD/CreateOccupancyGrid"="true" (rosparam)
[rtabmap-2] [INFO] [1768799156.774631144] [rtabmap]: Setting RTAB-Map parameter "Rtabmap/DetectionRate"="2.0" (rosparam)
[rtabmap-2] [INFO] [1768799157.000321473] [rtabmap]: RTAB-Map detection rate = 2.000000 Hz
[rtabmap-2] [INFO] [1768799157.000537793] [rtabmap]: rtabmap: Using database from "/home/fujino/.ros/rtabmap_ur5e_20260119_140555.db" (0 MB).
[rtabmap-2] [INFO] [1768799157.034656255] [rtabmap]: rtabmap: Database version = "0.22.1".
[rtabmap-2] [INFO] [1768799157.034752138] [rtabmap]: rtabmap: SLAM mode (Mem/IncrementalMemory=true)
[rtabmap-2] [INFO] [1768799157.092409010] [rtabmap]: Setup callbacks
[rtabmap-2] [WARN] [1768799157.092487363] [rtabmap]: rtabmap: Parameters subscribe_depth and subscribe_rgbd cannot be true at the same time. Parameter subscribe_depth is set to false.
[rtabmap-2] [INFO] [1768799157.092925319] [rtabmap]: rtabmap: subscribe_depth = false
[rtabmap-2] [INFO] [1768799157.092979625] [rtabmap]: rtabmap: subscribe_rgb = false
[rtabmap-2] [INFO] [1768799157.093181433] [rtabmap]: rtabmap: subscribe_stereo = false
[rtabmap-2] [INFO] [1768799157.093204151] [rtabmap]: rtabmap: subscribe_rgbd = true (rgbd_cameras=1)
[rtabmap-2] [INFO] [1768799157.093225609] [rtabmap]: rtabmap: subscribe_sensor_data = false
[rtabmap-2] [INFO] [1768799157.093244525] [rtabmap]: rtabmap: subscribe_odom_info = false
[rtabmap-2] [INFO] [1768799157.093261844] [rtabmap]: rtabmap: subscribe_user_data = false
[rtabmap-2] [INFO] [1768799157.093279823] [rtabmap]: rtabmap: subscribe_scan = false
[rtabmap-2] [INFO] [1768799157.093297900] [rtabmap]: rtabmap: subscribe_scan_cloud = false
[rtabmap-2] [INFO] [1768799157.093314997] [rtabmap]: rtabmap: subscribe_scan_descriptor = false
[rtabmap-2] [INFO] [1768799157.093333003] [rtabmap]: rtabmap: topic_queue_size = 10
[rtabmap-2] [INFO] [1768799157.093371744] [rtabmap]: rtabmap: sync_queue_size  = 30
[rtabmap-2] [INFO] [1768799157.093392902] [rtabmap]: rtabmap: qos_image       = 2
[rtabmap-2] [INFO] [1768799157.093480017] [rtabmap]: rtabmap: qos_camera_info = 2
[rtabmap-2] [INFO] [1768799157.093508429] [rtabmap]: rtabmap: qos_scan        = 2
[rtabmap-2] [INFO] [1768799157.093527570] [rtabmap]: rtabmap: qos_odom        = 2
[rtabmap-2] [INFO] [1768799157.093548000] [rtabmap]: rtabmap: qos_user_data   = 2
[rtabmap-2] [INFO] [1768799157.093566132] [rtabmap]: rtabmap: approx_sync     = true
[rtabmap-2] [INFO] [1768799157.093607878] [rtabmap]: Setup rgbd callback
[rtabmap-2] [INFO] [1768799157.095654184] [rtabmap]: 
[rtabmap-2] rtabmap subscribed to:
[rtabmap-2]    /rgbd_image
[rtabmap-2] [INFO] [1768799157.956331171] [rtabmap]: rtabmap (1): Rate=0.50s, Limit=0.000s, Conversion=0.0028s, RTAB-Map=0.4616s, Maps update=0.0056s pub=0.0004s delay=0.4900s (local map=1, WM=1)
[rtabmap-2] [INFO] [1768799158.477597535] [rtabmap]: rtabmap (2): Rate=0.50s, Limit=0.000s, Conversion=0.0014s, RTAB-Map=0.4529s, Maps update=0.0078s pub=0.0000s delay=0.4380s (local map=1, WM=1)
[rtabmap-2] [INFO] [1768799158.907145561] [rtabmap]: rtabmap (3): Rate=0.50s, Limit=0.000s, Conversion=0.0014s, RTAB-Map=0.3466s, Maps update=0.0072s pub=0.0000s delay=0.3940s (local map=1, WM=1)
[rtabmap-2] [INFO] [1768799159.440230239] [rtabmap]: rtabmap (4): Rate=0.50s, Limit=0.000s, Conversion=0.0007s, RTAB-Map=0.3090s, Maps update=0.0078s pub=0.0000s delay=0.3180s (local map=1, WM=1)
[rtabmap-2] [INFO] [1768799160.094663347] [rtabmap]: rtabmap (5): Rate=0.50s, Limit=0.000s, Conversion=0.0010s, RTAB-Map=0.3970s, Maps update=0.0056s pub=0.0000s delay=0.3420s (local map=1, WM=1)
[rtabmap-2] [INFO] [1768799160.659480000] [rtabmap]: rtabmap (6): Rate=0.50s, Limit=0.000s, Conversion=0.0009s, RTAB-Map=0.4004s, Maps update=0.0057s pub=0.0000s delay=0.4100s (local map=1, WM=1)
[rtabmap-2] [INFO] [1768799161.107813014] [rtabmap]: rtabmap (7): Rate=0.50s, Limit=0.000s, Conversion=0.0017s, RTAB-Map=0.3336s, Maps update=0.0073s pub=0.0000s delay=0.3860s (local map=1, WM=1)
[rtabmap-2] [INFO] [1768799161.707022174] [rtabmap]: rtabmap (8): Rate=0.50s, Limit=0.000s, Conversion=0.0036s, RTAB-Map=0.4344s, Maps update=0.0077s pub=0.0000s delay=0.4770s (local map=1, WM=1)
[rtabmap-2] [INFO] [1768799162.147957977] [rtabmap]: rtabmap (9): Rate=0.50s, Limit=0.000s, Conversion=0.0006s, RTAB-Map=0.3319s, Maps update=0.0077s pub=0.0000s delay=0.3590s (local map=1, WM=1)
[rtabmap-2] [INFO] [1768799162.646211949] [rtabmap]: rtabmap (10): Rate=0.50s, Limit=0.000s, Conversion=0.0029s, RTAB-Map=0.3361s, Maps update=0.0070s pub=0.0000s delay=0.3420s (local map=1, WM=1)
[rtabmap-2] [INFO] [1768799163.329563460] [rtabmap]: rtabmap (11): Rate=0.50s, Limit=0.000s, Conversion=0.0005s, RTAB-Map=0.5079s, Maps update=0.0061s pub=0.0000s delay=0.4410s (local map=1, WM=1)
[rtabmap-2] [INFO] [1768799164.073314156] [rtabmap]: rtabmap (12): Rate=0.50s, Limit=0.000s, Conversion=0.0006s, RTAB-Map=0.4940s, Maps update=0.0052s pub=0.0000s delay=0.4960s (local map=1, WM=1)
[rtabmap-2] [INFO] [1768799164.493257188] [rtabmap]: rtabmap (13): Rate=0.50s, Limit=0.000s, Conversion=0.0006s, RTAB-Map=0.3784s, Maps update=0.0086s pub=0.0000s delay=0.3280s (local map=1, WM=1)
[rtabmap-2] [INFO] [1768799165.022267830] [rtabmap]: rtabmap (14): Rate=0.50s, Limit=0.000s, Conversion=0.0007s, RTAB-Map=0.4047s, Maps update=0.0052s pub=0.0000s delay=0.4260s (local map=1, WM=1)
[rtabmap-2] [INFO] [1768799165.424796684] [rtabmap]: rtabmap (15): Rate=0.50s, Limit=0.000s, Conversion=0.0006s, RTAB-Map=0.2990s, Maps update=0.0035s pub=0.0003s delay=0.3210s (local map=2, WM=2)
[rtabmap-2] [INFO] [1768799165.994567655] [rtabmap]: rtabmap (16): Rate=0.50s, Limit=0.000s, Conversion=0.0014s, RTAB-Map=0.3386s, Maps update=0.0061s pub=0.0000s delay=0.2990s (local map=2, WM=2)
[rtabmap-2] [INFO] [1768799166.485845002] [rtabmap]: rtabmap (17): Rate=0.50s, Limit=0.000s, Conversion=0.0009s, RTAB-Map=0.2842s, Maps update=0.0040s pub=0.0000s delay=0.2450s (local map=2, WM=2)
[rtabmap-2] [INFO] [1768799167.403084751] [rtabmap]: rtabmap (18): Rate=0.50s, Limit=0.000s, Conversion=0.0006s, RTAB-Map=0.4380s, Maps update=0.0083s pub=0.0003s delay=0.4900s (local map=3, WM=3)
[rtabmap-2] [INFO] [1768799168.021803598] [rtabmap]: rtabmap (19): Rate=0.50s, Limit=0.000s, Conversion=0.0022s, RTAB-Map=0.4245s, Maps update=0.0066s pub=0.0000s delay=0.4590s (local map=3, WM=3)
[rtabmap-2] [INFO] [1768799168.386051840] [rtabmap]: rtabmap (20): Rate=0.50s, Limit=0.000s, Conversion=0.0006s, RTAB-Map=0.2959s, Maps update=0.0050s pub=0.0000s delay=0.2540s (local map=3, WM=3)
[rtabmap-2] [INFO] [1768799169.094459789] [rtabmap]: rtabmap (21): Rate=0.50s, Limit=0.000s, Conversion=0.0009s, RTAB-Map=0.2966s, Maps update=0.0072s pub=0.0003s delay=0.2490s (local map=4, WM=4)
[rtabmap-2] [INFO] [1768799169.916275958] [rtabmap]: rtabmap (22): Rate=0.50s, Limit=0.000s, Conversion=0.0005s, RTAB-Map=0.3813s, Maps update=0.0038s pub=0.0000s delay=0.4100s (local map=4, WM=4)
[rtabmap-2] [INFO] [1768799170.562768450] [rtabmap]: rtabmap (23): Rate=0.50s, Limit=0.000s, Conversion=0.0012s, RTAB-Map=0.4399s, Maps update=0.0030s pub=0.0005s delay=0.4300s (local map=5, WM=5)
[rtabmap-2] [INFO] [1768799170.968851549] [rtabmap]: rtabmap (24): Rate=0.50s, Limit=0.000s, Conversion=0.0011s, RTAB-Map=0.3045s, Maps update=0.0046s pub=0.0000s delay=0.2900s (local map=5, WM=5)
[rtabmap-2] [INFO] [1768799171.639186612] [rtabmap]: rtabmap (25): Rate=0.50s, Limit=0.000s, Conversion=0.0005s, RTAB-Map=0.4305s, Maps update=0.0057s pub=0.0000s delay=0.4520s (local map=5, WM=5)
[rtabmap-2] [INFO] [1768799172.079130877] [rtabmap]: rtabmap (26): Rate=0.50s, Limit=0.000s, Conversion=0.0034s, RTAB-Map=0.3344s, Maps update=0.0070s pub=0.0005s delay=0.3230s (local map=6, WM=6)
[rtabmap-2] [INFO] [1768799172.655198023] [rtabmap]: rtabmap (27): Rate=0.50s, Limit=0.000s, Conversion=0.0007s, RTAB-Map=0.3884s, Maps update=0.0033s pub=0.0000s delay=0.3940s (local map=6, WM=6)
[rtabmap-2] [INFO] [1768799173.279199069] [rtabmap]: rtabmap (28): Rate=0.50s, Limit=0.000s, Conversion=0.0006s, RTAB-Map=0.4830s, Maps update=0.0037s pub=0.0000s delay=0.4510s (local map=6, WM=6)
[rtabmap-2] [INFO] [1768799173.682229651] [rtabmap]: rtabmap (29): Rate=0.50s, Limit=0.000s, Conversion=0.0005s, RTAB-Map=0.3378s, Maps update=0.0026s pub=0.0006s delay=0.3180s (local map=7, WM=7)
[rtabmap-2] [INFO] [1768799174.180954302] [rtabmap]: rtabmap (30): Rate=0.50s, Limit=0.000s, Conversion=0.0004s, RTAB-Map=0.3256s, Maps update=0.0019s pub=0.0000s delay=0.3130s (local map=7, WM=7)
[rtabmap-2] [INFO] [1768799174.908241644] [rtabmap]: rtabmap (31): Rate=0.50s, Limit=0.000s, Conversion=0.0006s, RTAB-Map=0.4589s, Maps update=0.0049s pub=0.0000s delay=0.4100s (local map=7, WM=7)
[rtabmap-2] [INFO] [1768799175.511574010] [rtabmap]: rtabmap (32): Rate=0.50s, Limit=0.000s, Conversion=0.0013s, RTAB-Map=0.4765s, Maps update=0.0046s pub=0.0005s delay=0.4440s (local map=8, WM=8)
[rtabmap-2] [INFO] [1768799175.898400693] [rtabmap]: rtabmap (33): Rate=0.50s, Limit=0.000s, Conversion=0.0006s, RTAB-Map=0.3514s, Maps update=0.0050s pub=0.0000s delay=0.3270s (local map=8, WM=8)
[rtabmap-2] [INFO] [1768799176.452825857] [rtabmap]: rtabmap (34): Rate=0.50s, Limit=0.000s, Conversion=0.0005s, RTAB-Map=0.3757s, Maps update=0.0028s pub=0.0004s delay=0.4030s (local map=9, WM=9)
[rtabmap-2] [INFO] [1768799176.980639550] [rtabmap]: rtabmap (35): Rate=0.50s, Limit=0.000s, Conversion=0.0005s, RTAB-Map=0.3686s, Maps update=0.0027s pub=0.0000s delay=0.3650s (local map=9, WM=9)
[rtabmap-2] [INFO] [1768799177.526424540] [rtabmap]: rtabmap (36): Rate=0.50s, Limit=0.000s, Conversion=0.0019s, RTAB-Map=0.3719s, Maps update=0.0042s pub=0.0006s delay=0.4110s (local map=10, WM=10)
[rtabmap-2] [INFO] [1768799178.153298415] [rtabmap]: rtabmap (37): Rate=0.50s, Limit=0.000s, Conversion=0.0019s, RTAB-Map=0.4513s, Maps update=0.0060s pub=0.0010s delay=0.4840s (local map=11, WM=11)
[rtabmap-2] [INFO] [1768799178.629810433] [rtabmap]: rtabmap (38): Rate=0.50s, Limit=0.000s, Conversion=0.0008s, RTAB-Map=0.4406s, Maps update=0.0043s pub=0.0000s delay=0.4830s (local map=11, WM=11)
[rtabmap-2] [INFO] [1768799179.116033348] [rtabmap]: rtabmap (39): Rate=0.50s, Limit=0.000s, Conversion=0.0004s, RTAB-Map=0.4042s, Maps update=0.0073s pub=0.0012s delay=0.3660s (local map=12, WM=12)
[rtabmap-2] [INFO] [1768799179.500654479] [rtabmap]: rtabmap (40): Rate=0.50s, Limit=0.000s, Conversion=0.0006s, RTAB-Map=0.2782s, Maps update=0.0057s pub=0.0000s delay=0.2490s (local map=12, WM=12)
[rtabmap-2] [INFO] [1768799180.238994359] [rtabmap]: rtabmap (41): Rate=0.50s, Limit=0.000s, Conversion=0.0006s, RTAB-Map=0.3390s, Maps update=0.0063s pub=0.0007s delay=0.3690s (local map=13, WM=13)
[rtabmap-2] [INFO] [1768799180.790228021] [rtabmap]: rtabmap (42): Rate=0.50s, Limit=0.000s, Conversion=0.0010s, RTAB-Map=0.3551s, Maps update=0.0041s pub=0.0000s delay=0.3450s (local map=13, WM=13)
[rtabmap-2] [INFO] [1768799181.349275733] [rtabmap]: rtabmap (43): Rate=0.50s, Limit=0.000s, Conversion=0.0004s, RTAB-Map=0.3966s, Maps update=0.0035s pub=0.0006s delay=0.4320s (local map=14, WM=14)
[rtabmap-2] [INFO] [1768799181.975836956] [rtabmap]: rtabmap (44): Rate=0.50s, Limit=0.000s, Conversion=0.0010s, RTAB-Map=0.4442s, Maps update=0.0033s pub=0.0000s delay=0.4670s (local map=14, WM=14)
[rtabmap-2] [INFO] [1768799182.588983997] [rtabmap]: rtabmap (45): Rate=0.50s, Limit=0.000s, Conversion=0.0005s, RTAB-Map=0.3537s, Maps update=0.0050s pub=0.0010s delay=0.3330s (local map=15, WM=15)
[rtabmap-2] [INFO] [1768799183.223336527] [rtabmap]: rtabmap (46): Rate=0.50s, Limit=0.000s, Conversion=0.0008s, RTAB-Map=0.4074s, Maps update=0.0033s pub=0.0001s delay=0.3790s (local map=15, WM=15)
[rtabmap-2] [INFO] [1768799183.860543457] [rtabmap]: rtabmap (47): Rate=0.50s, Limit=0.000s, Conversion=0.0007s, RTAB-Map=0.4513s, Maps update=0.0030s pub=0.0007s delay=0.4870s (local map=16, WM=16)
[rtabmap-2] [INFO] [1768799184.281782382] [rtabmap]: rtabmap (48): Rate=0.50s, Limit=0.000s, Conversion=0.0010s, RTAB-Map=0.3737s, Maps update=0.0049s pub=0.0000s delay=0.3740s (local map=16, WM=16)
[rtabmap-2] [INFO] [1768799184.960938752] [rtabmap]: rtabmap (49): Rate=0.50s, Limit=0.000s, Conversion=0.0011s, RTAB-Map=0.4295s, Maps update=0.0029s pub=0.0000s delay=0.4520s (local map=16, WM=16)
[rtabmap-2] [INFO] [1768799185.403763753] [rtabmap]: rtabmap (50): Rate=0.50s, Limit=0.000s, Conversion=0.0011s, RTAB-Map=0.3341s, Maps update=0.0044s pub=0.0000s delay=0.3100s (local map=16, WM=16)
[rtabmap-2] [INFO] [1768799185.992180511] [rtabmap]: rtabmap (51): Rate=0.50s, Limit=0.000s, Conversion=0.0004s, RTAB-Map=0.3825s, Maps update=0.0041s pub=0.0000s delay=0.3900s (local map=16, WM=16)
[rtabmap-2] [INFO] [1768799186.481818813] [rtabmap]: rtabmap (52): Rate=0.50s, Limit=0.000s, Conversion=0.0006s, RTAB-Map=0.3434s, Maps update=0.0035s pub=0.0008s delay=0.3660s (local map=17, WM=17)
[rtabmap-2] [INFO] [1768799187.083413501] [rtabmap]: rtabmap (53): Rate=0.50s, Limit=0.000s, Conversion=0.0003s, RTAB-Map=0.3436s, Maps update=0.0048s pub=0.0000s delay=0.3440s (local map=17, WM=17)
[rtabmap-2] [INFO] [1768799187.579960269] [rtabmap]: rtabmap (54): Rate=0.50s, Limit=0.000s, Conversion=0.0007s, RTAB-Map=0.3078s, Maps update=0.0028s pub=0.0000s delay=0.3210s (local map=17, WM=17)
[rtabmap-2] [INFO] [1768799188.171057358] [rtabmap]: rtabmap (55): Rate=0.50s, Limit=0.000s, Conversion=0.0011s, RTAB-Map=0.3678s, Maps update=0.0026s pub=0.0009s delay=0.4040s (local map=18, WM=18)
[rtabmap-2] [INFO] [1768799188.763208555] [rtabmap]: rtabmap (56): Rate=0.50s, Limit=0.000s, Conversion=0.0013s, RTAB-Map=0.4321s, Maps update=0.0041s pub=0.0000s delay=0.4760s (local map=18, WM=18)
[rtabmap-2] [INFO] [1768799189.241791749] [rtabmap]: rtabmap (57): Rate=0.50s, Limit=0.000s, Conversion=0.0008s, RTAB-Map=0.3956s, Maps update=0.0042s pub=0.0000s delay=0.3590s (local map=18, WM=18)
[rtabmap-2] [INFO] [1768799189.760760489] [rtabmap]: rtabmap (58): Rate=0.50s, Limit=0.000s, Conversion=0.0009s, RTAB-Map=0.3885s, Maps update=0.0053s pub=0.0005s delay=0.4300s (local map=19, WM=19)
[rtabmap-2] [INFO] [1768799190.312621324] [rtabmap]: rtabmap (59): Rate=0.50s, Limit=0.000s, Conversion=0.0006s, RTAB-Map=0.3501s, Maps update=0.0046s pub=0.0006s delay=0.3440s (local map=20, WM=20)
[rtabmap-2] [INFO] [1768799190.799495983] [rtabmap]: rtabmap (60): Rate=0.50s, Limit=0.000s, Conversion=0.0005s, RTAB-Map=0.3030s, Maps update=0.0029s pub=0.0000s delay=0.3150s (local map=20, WM=20)
[rtabmap-2] [INFO] [1768799191.376530023] [rtabmap]: rtabmap (61): Rate=0.50s, Limit=0.000s, Conversion=0.0009s, RTAB-Map=0.2818s, Maps update=0.0038s pub=0.0000s delay=0.3180s (local map=20, WM=20)
[rtabmap-2] [INFO] [1768799191.970733785] [rtabmap]: rtabmap (62): Rate=0.50s, Limit=0.000s, Conversion=0.0005s, RTAB-Map=0.3586s, Maps update=0.0049s pub=0.0009s delay=0.3890s (local map=21, WM=21)
[rtabmap-2] [INFO] [1768799192.473751110] [rtabmap]: rtabmap (63): Rate=0.50s, Limit=0.000s, Conversion=0.0007s, RTAB-Map=0.3264s, Maps update=0.0032s pub=0.0000s delay=0.3540s (local map=21, WM=21)
[rtabmap-2] [INFO] [1768799193.009576996] [rtabmap]: rtabmap (64): Rate=0.50s, Limit=0.000s, Conversion=0.0008s, RTAB-Map=0.3342s, Maps update=0.0042s pub=0.0000s delay=0.3370s (local map=21, WM=21)
[rtabmap-2] [INFO] [1768799193.481059996] [rtabmap]: rtabmap (65): Rate=0.50s, Limit=0.000s, Conversion=0.0009s, RTAB-Map=0.3148s, Maps update=0.0038s pub=0.0010s delay=0.3370s (local map=22, WM=22)
[rtabmap-2] [INFO] [1768799194.027619054] [rtabmap]: rtabmap (66): Rate=0.50s, Limit=0.000s, Conversion=0.0007s, RTAB-Map=0.3328s, Maps update=0.0055s pub=0.0000s delay=0.3120s (local map=22, WM=22)
[rtabmap-2] [INFO] [1768799194.615188801] [rtabmap]: rtabmap (67): Rate=0.50s, Limit=0.000s, Conversion=0.0005s, RTAB-Map=0.3508s, Maps update=0.0058s pub=0.0000s delay=0.3540s (local map=22, WM=22)
[rtabmap-2] [INFO] [1768799195.162959396] [rtabmap]: rtabmap (68): Rate=0.50s, Limit=0.000s, Conversion=0.0008s, RTAB-Map=0.3958s, Maps update=0.0047s pub=0.0000s delay=0.3370s (local map=22, WM=22)
[rgbd_sync-1] [INFO] [1768799195.454768048] [rclcpp]: signal_handler(signum=2)
[rtabmap-2] [INFO] [1768799195.454783566] [rclcpp]: signal_handler(signum=2)
[INFO] [rgbd_sync-1]: process has finished cleanly [pid 876076]
[rtabmap-2] [INFO] [1768799195.677389237] [rtabmap]: rtabmap (69): Rate=0.50s, Limit=0.000s, Conversion=0.0006s, RTAB-Map=0.4088s, Maps update=0.0001s pub=0.0001s delay=0.1300s (local map=22, WM=22)
[rtabmap-2] [INFO] [1768799195.678338576] [rtabmap]: Parameters are not saved (No configuration file provided...)
[rtabmap-2] [33m[ WARN] (2026-01-19 14:05:57.515) Memory.cpp:5917::createSignature() Mem/SaveDepth16Format is set to false to use 32bits format but this is not compatible with the compressed depth format chosen (Mem/DepthCompressionFormat=".rvl"), depth images will be compressed in ".png" format instead. Explicitly set Mem/SaveDepth16Format to true to keep using ".rvl" format and images will be converted to 16bits for convenience (warning: that would remove all depth values over 65 meters). Explicitly set Mem/DepthCompressionFormat=".png" to suppress this warning. This warning is only printed once.[0m
[rtabmap-2] [33m[ WARN] (2026-01-19 14:05:57.955) MapsManager.cpp:863::publishMaps() Graph has changed! The whole cloud is regenerated.[0m
[rtabmap-2] [33m[ WARN] (2026-01-19 14:06:24.276) Rtabmap.cpp:3069::process() Rejected loop closure 18 -> 48: Not enough inliers 0/20 (matches=6) between 18 and 48[0m
[rtabmap-2] [33m[ WARN] (2026-01-19 14:06:24.957) Rtabmap.cpp:3069::process() Rejected loop closure 18 -> 47: Not enough inliers 0/20 (matches=9) between 18 and 47[0m
[rtabmap-2] [33m[ WARN] (2026-01-19 14:06:25.398) Rtabmap.cpp:3069::process() Rejected loop closure 18 -> 50: Not enough inliers 0/20 (matches=11) between 18 and 50[0m
[rtabmap-2] [33m[ WARN] (2026-01-19 14:06:25.987) Rtabmap.cpp:3069::process() Rejected loop closure 18 -> 51: Not enough inliers 0/20 (matches=14) between 18 and 51[0m
[rtabmap-2] rtabmap: Saving database/long-term memory... (located at /home/fujino/.ros/rtabmap_ur5e_20260119_140555.db)
[rtabmap-2] rtabmap: Saving database/long-term memory...done! (located at /home/fujino/.ros/rtabmap_ur5e_20260119_140555.db, 103 MB)
[INFO] [rtabmap-2]: process has finished cleanly [pid 876078]
