[INFO] [launch]: All log files can be found below /home/fujino/.ros/log/2026-01-19-19-40-38-881037-fh-939275
[INFO] [launch]: Default logging verbosity is set to INFO
[INFO] [rgbd_sync-1]: process started with pid [939287]
[INFO] [rtabmap-2]: process started with pid [939289]
[rgbd_sync-1] [INFO] [1768819239.639781088] [rgbd_sync]: rgbd_sync: approx_sync = true
[rgbd_sync-1] [INFO] [1768819239.640175211] [rgbd_sync]: rgbd_sync: approx_sync_max_interval = 0.010000
[rgbd_sync-1] [INFO] [1768819239.640225956] [rgbd_sync]: rgbd_sync: topic_queue_size  = 10
[rgbd_sync-1] [INFO] [1768819239.640246111] [rgbd_sync]: rgbd_sync: sync_queue_size  = 30
[rgbd_sync-1] [INFO] [1768819239.640269720] [rgbd_sync]: rgbd_sync: qos             = 2
[rgbd_sync-1] [INFO] [1768819239.640287463] [rgbd_sync]: rgbd_sync: qos_camera_info = 2
[rgbd_sync-1] [INFO] [1768819239.640304324] [rgbd_sync]: rgbd_sync: depth_scale = 1.000000
[rgbd_sync-1] [INFO] [1768819239.640323764] [rgbd_sync]: rgbd_sync: decimation = 1
[rgbd_sync-1] [INFO] [1768819239.640340308] [rgbd_sync]: rgbd_sync: compressed_rate = 0.000000
[rgbd_sync-1] [INFO] [1768819239.736471995] [rgbd_sync]: 
[rgbd_sync-1] rgbd_sync subscribed to (approx sync, max interval=0.010000s):
[rgbd_sync-1]    /camera/color/image_raw,
[rgbd_sync-1]    /camera/depth/depth/image_raw,
[rgbd_sync-1]    /camera/color/camera_info
[rtabmap-2] [INFO] [1768819239.745285191] [rtabmap]: rtabmap(maps): latch                      = true
[rtabmap-2] [INFO] [1768819239.745666835] [rtabmap]: rtabmap(maps): map_filter_radius          = 0.000000
[rtabmap-2] [INFO] [1768819239.745708133] [rtabmap]: rtabmap(maps): map_filter_angle           = 30.000000
[rtabmap-2] [INFO] [1768819239.745729029] [rtabmap]: rtabmap(maps): map_cleanup                = true
[rtabmap-2] [INFO] [1768819239.745745971] [rtabmap]: rtabmap(maps): map_always_update          = false
[rtabmap-2] [INFO] [1768819239.745768030] [rtabmap]: rtabmap(maps): map_empty_ray_tracing      = true
[rtabmap-2] [INFO] [1768819239.745783819] [rtabmap]: rtabmap(maps): cloud_output_voxelized     = true
[rtabmap-2] [INFO] [1768819239.745798989] [rtabmap]: rtabmap(maps): cloud_subtract_filtering   = false
[rtabmap-2] [INFO] [1768819239.745813885] [rtabmap]: rtabmap(maps): cloud_subtract_filtering_min_neighbors = 2
[rtabmap-2] [INFO] [1768819239.745923196] [rtabmap]: rtabmap(maps): octomap_tree_depth         = 16
[rtabmap-2] [INFO] [1768819239.846828128] [rtabmap]: rtabmap: frame_id      = camera_color_optical_frame
[rtabmap-2] [INFO] [1768819239.846948888] [rtabmap]: rtabmap: odom_frame_id = world
[rtabmap-2] [INFO] [1768819239.846971225] [rtabmap]: rtabmap: map_frame_id  = world
[rtabmap-2] [INFO] [1768819239.846988527] [rtabmap]: rtabmap: log_to_rosout_level  = 4
[rtabmap-2] [INFO] [1768819239.847005593] [rtabmap]: rtabmap: initial_pose  = 
[rtabmap-2] [INFO] [1768819239.847022221] [rtabmap]: rtabmap: use_action_for_goal  = false
[rtabmap-2] [INFO] [1768819239.847037768] [rtabmap]: rtabmap: tf_delay      = 0.050000
[rtabmap-2] [INFO] [1768819239.847060019] [rtabmap]: rtabmap: tf_tolerance  = 0.100000
[rtabmap-2] [INFO] [1768819239.847088511] [rtabmap]: rtabmap: odom_sensor_sync   = false
[rtabmap-2] [INFO] [1768819239.847105464] [rtabmap]: rtabmap: pub_loc_pose_only_when_localizing = false
[rtabmap-2] [INFO] [1768819239.847121598] [rtabmap]: rtabmap: wait_for_transform = 0.200000
[rtabmap-2] [INFO] [1768819239.847139719] [rtabmap]: rtabmap: gen_scan  = false
[rtabmap-2] [INFO] [1768819239.847156439] [rtabmap]: rtabmap: gen_depth  = false
[rtabmap-2] [INFO] [1768819239.892920848] [rtabmap]: Setting RTAB-Map parameter "Grid/3D"="true" (rosparam)
[rtabmap-2] [INFO] [1768819239.894981563] [rtabmap]: Setting RTAB-Map parameter "Grid/RangeMax"="5.0" (rosparam)
[rtabmap-2] [INFO] [1768819239.895229919] [rtabmap]: Setting RTAB-Map parameter "Grid/RayTracing"="true" (rosparam)
[rtabmap-2] [INFO] [1768819239.898763581] [rtabmap]: Setting RTAB-Map parameter "Grid/Sensor"="1" (rosparam)
[rtabmap-2] [INFO] [1768819239.937228558] [rtabmap]: Setting RTAB-Map parameter "RGBD/CreateOccupancyGrid"="true" (rosparam)
[rtabmap-2] [INFO] [1768819239.942827271] [rtabmap]: Setting RTAB-Map parameter "Rtabmap/DetectionRate"="2.0" (rosparam)
[rtabmap-2] [INFO] [1768819240.172659767] [rtabmap]: RTAB-Map detection rate = 2.000000 Hz
[rtabmap-2] [INFO] [1768819240.172887828] [rtabmap]: rtabmap: Using database from "/home/fujino/.ros/rtabmap_ur5e_20260119_194038.db" (0 MB).
[rtabmap-2] [INFO] [1768819240.208632229] [rtabmap]: rtabmap: Database version = "0.22.1".
[rtabmap-2] [INFO] [1768819240.208724386] [rtabmap]: rtabmap: SLAM mode (Mem/IncrementalMemory=true)
[rtabmap-2] [INFO] [1768819240.274135953] [rtabmap]: Setup callbacks
[rtabmap-2] [WARN] [1768819240.274241580] [rtabmap]: rtabmap: Parameters subscribe_depth and subscribe_rgbd cannot be true at the same time. Parameter subscribe_depth is set to false.
[rtabmap-2] [INFO] [1768819240.274750439] [rtabmap]: rtabmap: subscribe_depth = false
[rtabmap-2] [INFO] [1768819240.274801281] [rtabmap]: rtabmap: subscribe_rgb = false
[rtabmap-2] [INFO] [1768819240.274821203] [rtabmap]: rtabmap: subscribe_stereo = false
[rtabmap-2] [INFO] [1768819240.274838840] [rtabmap]: rtabmap: subscribe_rgbd = true (rgbd_cameras=1)
[rtabmap-2] [INFO] [1768819240.274858349] [rtabmap]: rtabmap: subscribe_sensor_data = false
[rtabmap-2] [INFO] [1768819240.274875732] [rtabmap]: rtabmap: subscribe_odom_info = false
[rtabmap-2] [INFO] [1768819240.274892094] [rtabmap]: rtabmap: subscribe_user_data = false
[rtabmap-2] [INFO] [1768819240.274907866] [rtabmap]: rtabmap: subscribe_scan = false
[rtabmap-2] [INFO] [1768819240.274925355] [rtabmap]: rtabmap: subscribe_scan_cloud = false
[rtabmap-2] [INFO] [1768819240.274941160] [rtabmap]: rtabmap: subscribe_scan_descriptor = false
[rtabmap-2] [INFO] [1768819240.274957061] [rtabmap]: rtabmap: topic_queue_size = 10
[rtabmap-2] [INFO] [1768819240.274973361] [rtabmap]: rtabmap: sync_queue_size  = 30
[rtabmap-2] [INFO] [1768819240.274989242] [rtabmap]: rtabmap: qos_image       = 2
[rtabmap-2] [INFO] [1768819240.275054110] [rtabmap]: rtabmap: qos_camera_info = 2
[rtabmap-2] [INFO] [1768819240.275076333] [rtabmap]: rtabmap: qos_scan        = 2
[rtabmap-2] [INFO] [1768819240.275092747] [rtabmap]: rtabmap: qos_odom        = 2
[rtabmap-2] [INFO] [1768819240.275109143] [rtabmap]: rtabmap: qos_user_data   = 2
[rtabmap-2] [INFO] [1768819240.275124742] [rtabmap]: rtabmap: approx_sync     = true
[rtabmap-2] [INFO] [1768819240.275159658] [rtabmap]: Setup rgbd callback
[rtabmap-2] [INFO] [1768819240.277189699] [rtabmap]: 
[rtabmap-2] rtabmap subscribed to:
[rtabmap-2]    /rgbd_image
[rtabmap-2] [INFO] [1768819240.992211329] [rtabmap]: rtabmap (1): Rate=0.50s, Limit=0.000s, Conversion=0.0043s, RTAB-Map=0.5127s, Maps update=0.0050s pub=0.0006s delay=0.5200s (local map=1, WM=1)
[rtabmap-2] [INFO] [1768819241.484895526] [rtabmap]: rtabmap (2): Rate=0.50s, Limit=0.000s, Conversion=0.0025s, RTAB-Map=0.4738s, Maps update=0.0070s pub=0.0000s delay=0.4790s (local map=1, WM=1)
[rtabmap-2] [INFO] [1768819242.247563306] [rtabmap]: rtabmap (3): Rate=0.50s, Limit=0.000s, Conversion=0.0023s, RTAB-Map=0.5461s, Maps update=0.0072s pub=0.0000s delay=0.4730s (local map=1, WM=1)
[rtabmap-2] [INFO] [1768819242.886623421] [rtabmap]: rtabmap (4): Rate=0.50s, Limit=0.000s, Conversion=0.0010s, RTAB-Map=0.4714s, Maps update=0.0085s pub=0.0000s delay=0.4980s (local map=1, WM=1)
[rtabmap-2] [INFO] [1768819243.366221407] [rtabmap]: rtabmap (5): Rate=0.50s, Limit=0.000s, Conversion=0.0029s, RTAB-Map=0.3879s, Maps update=0.0076s pub=0.0000s delay=0.4460s (local map=1, WM=1)
[rtabmap-2] [INFO] [1768819243.896223005] [rtabmap]: rtabmap (6): Rate=0.50s, Limit=0.000s, Conversion=0.0005s, RTAB-Map=0.3842s, Maps update=0.0088s pub=0.0000s delay=0.4090s (local map=1, WM=1)
[rtabmap-2] [INFO] [1768819244.623455576] [rtabmap]: rtabmap (7): Rate=0.50s, Limit=0.000s, Conversion=0.0022s, RTAB-Map=0.5270s, Maps update=0.0104s pub=0.0001s delay=0.5140s (local map=1, WM=1)
[rtabmap-2] [INFO] [1768819245.250903092] [rtabmap]: rtabmap (8): Rate=0.50s, Limit=0.000s, Conversion=0.0006s, RTAB-Map=0.5572s, Maps update=0.0079s pub=0.0001s delay=0.5460s (local map=1, WM=1)
[rtabmap-2] [INFO] [1768819245.806309662] [rtabmap]: rtabmap (9): Rate=0.50s, Limit=0.000s, Conversion=0.0022s, RTAB-Map=0.4597s, Maps update=0.0050s pub=0.0000s delay=0.4890s (local map=1, WM=1)
[rtabmap-2] [INFO] [1768819246.406140376] [rtabmap]: rtabmap (10): Rate=0.50s, Limit=0.000s, Conversion=0.0018s, RTAB-Map=0.4746s, Maps update=0.0067s pub=0.0000s delay=0.4860s (local map=1, WM=1)
[rtabmap-2] [INFO] [1768819246.838614920] [rtabmap]: rtabmap (11): Rate=0.50s, Limit=0.000s, Conversion=0.0004s, RTAB-Map=0.3815s, Maps update=0.0089s pub=0.0000s delay=0.3600s (local map=1, WM=1)
[rtabmap-2] [INFO] [1768819247.491816764] [rtabmap]: rtabmap (12): Rate=0.50s, Limit=0.000s, Conversion=0.0006s, RTAB-Map=0.3231s, Maps update=0.0047s pub=0.0000s delay=0.3540s (local map=1, WM=1)
[rtabmap-2] [INFO] [1768819248.157459708] [rtabmap]: rtabmap (13): Rate=0.50s, Limit=0.000s, Conversion=0.0006s, RTAB-Map=0.4763s, Maps update=0.0084s pub=0.0000s delay=0.4460s (local map=1, WM=1)
[rtabmap-2] [INFO] [1768819248.641823167] [rtabmap]: rtabmap (14): Rate=0.50s, Limit=0.000s, Conversion=0.0004s, RTAB-Map=0.4318s, Maps update=0.0064s pub=0.0000s delay=0.4240s (local map=1, WM=1)
[rtabmap-2] [INFO] [1768819249.096634983] [rtabmap]: rtabmap (15): Rate=0.50s, Limit=0.000s, Conversion=0.0004s, RTAB-Map=0.3586s, Maps update=0.0082s pub=0.0000s delay=0.3910s (local map=1, WM=1)
[rtabmap-2] [INFO] [1768819249.714660787] [rtabmap]: rtabmap (16): Rate=0.50s, Limit=0.000s, Conversion=0.0005s, RTAB-Map=0.3704s, Maps update=0.0044s pub=0.0000s delay=0.4000s (local map=1, WM=1)
[rtabmap-2] [INFO] [1768819250.266593479] [rtabmap]: rtabmap (17): Rate=0.50s, Limit=0.000s, Conversion=0.0005s, RTAB-Map=0.3709s, Maps update=0.0039s pub=0.0003s delay=0.3440s (local map=2, WM=2)
[rtabmap-2] [INFO] [1768819250.748463180] [rtabmap]: rtabmap (18): Rate=0.50s, Limit=0.000s, Conversion=0.0004s, RTAB-Map=0.3175s, Maps update=0.0082s pub=0.0000s delay=0.3170s (local map=2, WM=2)
[rtabmap-2] [INFO] [1768819251.380201616] [rtabmap]: rtabmap (19): Rate=0.50s, Limit=0.000s, Conversion=0.0006s, RTAB-Map=0.4368s, Maps update=0.0074s pub=0.0000s delay=0.4090s (local map=2, WM=2)
[rtabmap-2] [INFO] [1768819251.862927367] [rtabmap]: rtabmap (20): Rate=0.50s, Limit=0.000s, Conversion=0.0016s, RTAB-Map=0.3512s, Maps update=0.0074s pub=0.0004s delay=0.3380s (local map=3, WM=3)
[rtabmap-2] [INFO] [1768819252.386792737] [rtabmap]: rtabmap (21): Rate=0.50s, Limit=0.000s, Conversion=0.0004s, RTAB-Map=0.3709s, Maps update=0.0076s pub=0.0000s delay=0.3340s (local map=3, WM=3)
[rtabmap-2] [INFO] [1768819252.939426522] [rtabmap]: rtabmap (22): Rate=0.50s, Limit=0.000s, Conversion=0.0006s, RTAB-Map=0.4320s, Maps update=0.0047s pub=0.0000s delay=0.4310s (local map=3, WM=3)
[rtabmap-2] [INFO] [1768819253.399999097] [rtabmap]: rtabmap (23): Rate=0.50s, Limit=0.000s, Conversion=0.0006s, RTAB-Map=0.3769s, Maps update=0.0039s pub=0.0003s delay=0.4260s (local map=4, WM=4)
[rtabmap-2] [INFO] [1768819253.919030232] [rtabmap]: rtabmap (24): Rate=0.50s, Limit=0.000s, Conversion=0.0007s, RTAB-Map=0.3640s, Maps update=0.0048s pub=0.0000s delay=0.3970s (local map=4, WM=4)
[rtabmap-2] [INFO] [1768819254.483967292] [rtabmap]: rtabmap (25): Rate=0.50s, Limit=0.000s, Conversion=0.0005s, RTAB-Map=0.3381s, Maps update=0.0040s pub=0.0000s delay=0.3020s (local map=4, WM=4)
[rtabmap-2] [INFO] [1768819255.023252239] [rtabmap]: rtabmap (26): Rate=0.50s, Limit=0.000s, Conversion=0.0006s, RTAB-Map=0.3295s, Maps update=0.0044s pub=0.0005s delay=0.3600s (local map=5, WM=5)
[rtabmap-2] [INFO] [1768819255.583120902] [rtabmap]: rtabmap (27): Rate=0.50s, Limit=0.000s, Conversion=0.0005s, RTAB-Map=0.3880s, Maps update=0.0049s pub=0.0000s delay=0.3400s (local map=5, WM=5)
[rtabmap-2] [INFO] [1768819256.161169982] [rtabmap]: rtabmap (28): Rate=0.50s, Limit=0.000s, Conversion=0.0006s, RTAB-Map=0.3898s, Maps update=0.0051s pub=0.0000s delay=0.3730s (local map=5, WM=5)
[rtabmap-2] [INFO] [1768819256.704189599] [rtabmap]: rtabmap (29): Rate=0.50s, Limit=0.000s, Conversion=0.0008s, RTAB-Map=0.4094s, Maps update=0.0047s pub=0.0004s delay=0.4500s (local map=6, WM=6)
[rtabmap-2] [INFO] [1768819257.383816525] [rtabmap]: rtabmap (30): Rate=0.50s, Limit=0.000s, Conversion=0.0007s, RTAB-Map=0.5022s, Maps update=0.0063s pub=0.0001s delay=0.4780s (local map=6, WM=6)
[rtabmap-2] [INFO] [1768819258.013488037] [rtabmap]: rtabmap (31): Rate=0.50s, Limit=0.000s, Conversion=0.0011s, RTAB-Map=0.6179s, Maps update=0.0029s pub=0.0000s delay=0.5590s (local map=6, WM=6)
[rtabmap-2] [INFO] [1768819258.618724039] [rtabmap]: rtabmap (32): Rate=0.50s, Limit=0.000s, Conversion=0.0005s, RTAB-Map=0.4907s, Maps update=0.0018s pub=0.0006s delay=0.4810s (local map=7, WM=7)
[rtabmap-2] [INFO] [1768819259.175165583] [rtabmap]: rtabmap (33): Rate=0.50s, Limit=0.000s, Conversion=0.0005s, RTAB-Map=0.4511s, Maps update=0.0032s pub=0.0000s delay=0.4520s (local map=7, WM=7)
[rtabmap-2] [INFO] [1768819259.652279469] [rtabmap]: rtabmap (34): Rate=0.50s, Limit=0.000s, Conversion=0.0007s, RTAB-Map=0.4098s, Maps update=0.0036s pub=0.0004s delay=0.4300s (local map=8, WM=8)
[rtabmap-2] [INFO] [1768819260.329040635] [rtabmap]: rtabmap (35): Rate=0.50s, Limit=0.000s, Conversion=0.0007s, RTAB-Map=0.4847s, Maps update=0.0066s pub=0.0000s delay=0.5360s (local map=8, WM=8)
[rtabmap-2] [INFO] [1768819260.920335857] [rtabmap]: rtabmap (36): Rate=0.50s, Limit=0.000s, Conversion=0.0005s, RTAB-Map=0.5430s, Maps update=0.0056s pub=0.0007s delay=0.5050s (local map=9, WM=9)
[rtabmap-2] [INFO] [1768819261.489260305] [rtabmap]: rtabmap (37): Rate=0.50s, Limit=0.000s, Conversion=0.0007s, RTAB-Map=0.5062s, Maps update=0.0067s pub=0.0000s delay=0.5150s (local map=9, WM=9)
[rtabmap-2] [INFO] [1768819261.934798064] [rtabmap]: rtabmap (38): Rate=0.50s, Limit=0.000s, Conversion=0.0006s, RTAB-Map=0.4308s, Maps update=0.0049s pub=0.0006s delay=0.4660s (local map=10, WM=10)
[rtabmap-2] [INFO] [1768819262.564670459] [rtabmap]: rtabmap (39): Rate=0.50s, Limit=0.000s, Conversion=0.0010s, RTAB-Map=0.4163s, Maps update=0.0053s pub=0.0010s delay=0.4260s (local map=11, WM=11)
[rtabmap-2] [INFO] [1768819263.357565406] [rtabmap]: rtabmap (40): Rate=0.50s, Limit=0.000s, Conversion=0.0006s, RTAB-Map=0.4888s, Maps update=0.0084s pub=0.0013s delay=0.5250s (local map=12, WM=12)
[rtabmap-2] [INFO] [1768819263.846341550] [rtabmap]: rtabmap (41): Rate=0.50s, Limit=0.000s, Conversion=0.0007s, RTAB-Map=0.4437s, Maps update=0.0056s pub=0.0000s delay=0.3930s (local map=12, WM=12)
[rtabmap-2] [INFO] [1768819264.491903589] [rtabmap]: rtabmap (42): Rate=0.50s, Limit=0.000s, Conversion=0.0007s, RTAB-Map=0.4712s, Maps update=0.0050s pub=0.0008s delay=0.5110s (local map=13, WM=13)
[rtabmap-2] [INFO] [1768819264.975689032] [rtabmap]: rtabmap (43): Rate=0.50s, Limit=0.000s, Conversion=0.0006s, RTAB-Map=0.3886s, Maps update=0.0034s pub=0.0000s delay=0.4240s (local map=13, WM=13)
[rtabmap-2] [INFO] [1768819265.557718281] [rtabmap]: rtabmap (44): Rate=0.50s, Limit=0.000s, Conversion=0.0007s, RTAB-Map=0.4256s, Maps update=0.0056s pub=0.0006s delay=0.4710s (local map=14, WM=14)
[rtabmap-2] [INFO] [1768819266.100262538] [rtabmap]: rtabmap (45): Rate=0.50s, Limit=0.000s, Conversion=0.0005s, RTAB-Map=0.3875s, Maps update=0.0057s pub=0.0000s delay=0.3920s (local map=14, WM=14)
[rtabmap-2] [INFO] [1768819266.738864051] [rtabmap]: rtabmap (46): Rate=0.50s, Limit=0.000s, Conversion=0.0006s, RTAB-Map=0.4281s, Maps update=0.0033s pub=0.0004s delay=0.3850s (local map=15, WM=15)
[rtabmap-2] [INFO] [1768819267.461771529] [rtabmap]: rtabmap (47): Rate=0.50s, Limit=0.000s, Conversion=0.0006s, RTAB-Map=0.4889s, Maps update=0.0051s pub=0.0000s delay=0.5500s (local map=15, WM=15)
[rtabmap-2] [INFO] [1768819267.911998836] [rtabmap]: rtabmap (48): Rate=0.50s, Limit=0.000s, Conversion=0.0006s, RTAB-Map=0.4431s, Maps update=0.0037s pub=0.0008s delay=0.4500s (local map=16, WM=16)
[rtabmap-2] [INFO] [1768819268.503164662] [rtabmap]: rtabmap (49): Rate=0.50s, Limit=0.000s, Conversion=0.0006s, RTAB-Map=0.4941s, Maps update=0.0024s pub=0.0000s delay=0.5180s (local map=16, WM=16)
[rtabmap-2] [INFO] [1768819268.917811718] [rtabmap]: rtabmap (50): Rate=0.50s, Limit=0.000s, Conversion=0.0005s, RTAB-Map=0.3922s, Maps update=0.0028s pub=0.0005s delay=0.3940s (local map=17, WM=17)
[rtabmap-2] [INFO] [1768819269.678118572] [rtabmap]: rtabmap (51): Rate=0.50s, Limit=0.000s, Conversion=0.0006s, RTAB-Map=0.4866s, Maps update=0.0029s pub=0.0000s delay=0.5320s (local map=17, WM=17)
[rtabmap-2] [INFO] [1768819270.335881511] [rtabmap]: rtabmap (52): Rate=0.50s, Limit=0.000s, Conversion=0.0006s, RTAB-Map=0.6070s, Maps update=0.0054s pub=0.0000s delay=0.6010s (local map=17, WM=17)
[rtabmap-2] [INFO] [1768819270.940724895] [rtabmap]: rtabmap (53): Rate=0.50s, Limit=0.000s, Conversion=0.0006s, RTAB-Map=0.5387s, Maps update=0.0035s pub=0.0011s delay=0.5390s (local map=18, WM=18)
[rtabmap-2] [INFO] [1768819271.390216589] [rtabmap]: rtabmap (54): Rate=0.50s, Limit=0.000s, Conversion=0.0009s, RTAB-Map=0.3932s, Maps update=0.0047s pub=0.0000s delay=0.4500s (local map=18, WM=18)
[rtabmap-2] [INFO] [1768819271.983609740] [rtabmap]: rtabmap (55): Rate=0.50s, Limit=0.000s, Conversion=0.0007s, RTAB-Map=0.4760s, Maps update=0.0053s pub=0.0000s delay=0.5090s (local map=18, WM=18)
[rtabmap-2] [INFO] [1768819272.432150903] [rtabmap]: rtabmap (56): Rate=0.50s, Limit=0.000s, Conversion=0.0010s, RTAB-Map=0.3557s, Maps update=0.0049s pub=0.0010s delay=0.3650s (local map=19, WM=19)
[rtabmap-2] [INFO] [1768819272.911750554] [rtabmap]: rtabmap (57): Rate=0.50s, Limit=0.000s, Conversion=0.0006s, RTAB-Map=0.3365s, Maps update=0.0048s pub=0.0000s delay=0.3620s (local map=19, WM=19)
[rtabmap-2] [INFO] [1768819273.508022475] [rtabmap]: rtabmap (58): Rate=0.50s, Limit=0.000s, Conversion=0.0006s, RTAB-Map=0.3714s, Maps update=0.0052s pub=0.0000s delay=0.3900s (local map=19, WM=19)
[rtabmap-2] [INFO] [1768819274.144655384] [rtabmap]: rtabmap (59): Rate=0.50s, Limit=0.000s, Conversion=0.0004s, RTAB-Map=0.4186s, Maps update=0.0052s pub=0.0017s delay=0.4220s (local map=20, WM=20)
[rtabmap-2] [INFO] [1768819274.582812578] [rtabmap]: rtabmap (60): Rate=0.50s, Limit=0.000s, Conversion=0.0005s, RTAB-Map=0.3430s, Maps update=0.0055s pub=0.0000s delay=0.2900s (local map=20, WM=20)
[rtabmap-2] [INFO] [1768819275.261604092] [rtabmap]: rtabmap (61): Rate=0.50s, Limit=0.000s, Conversion=0.0006s, RTAB-Map=0.4313s, Maps update=0.0059s pub=0.0000s delay=0.4230s (local map=20, WM=20)
[rtabmap-2] [INFO] [1768819275.857553575] [rtabmap]: rtabmap (62): Rate=0.50s, Limit=0.000s, Conversion=0.0022s, RTAB-Map=0.4646s, Maps update=0.0054s pub=0.0017s delay=0.4380s (local map=21, WM=21)
[rtabmap-2] [INFO] [1768819276.320861023] [rtabmap]: rtabmap (63): Rate=0.50s, Limit=0.000s, Conversion=0.0016s, RTAB-Map=0.3801s, Maps update=0.0051s pub=0.0000s delay=0.4120s (local map=21, WM=21)
[rtabmap-2] [INFO] [1768819276.800538344] [rtabmap]: rtabmap (64): Rate=0.50s, Limit=0.000s, Conversion=0.0015s, RTAB-Map=0.3345s, Maps update=0.0069s pub=0.0000s delay=0.3770s (local map=21, WM=21)
[rtabmap-2] [INFO] [1768819277.429430136] [rtabmap]: rtabmap (65): Rate=0.50s, Limit=0.000s, Conversion=0.0011s, RTAB-Map=0.3774s, Maps update=0.0047s pub=0.0018s delay=0.3980s (local map=22, WM=22)
[rtabmap-2] [INFO] [1768819277.985614301] [rtabmap]: rtabmap (66): Rate=0.50s, Limit=0.000s, Conversion=0.0007s, RTAB-Map=0.3540s, Maps update=0.0062s pub=0.0000s delay=0.3250s (local map=22, WM=22)
[rtabmap-2] [INFO] [1768819278.596687989] [rtabmap]: rtabmap (67): Rate=0.50s, Limit=0.000s, Conversion=0.0003s, RTAB-Map=0.4432s, Maps update=0.0034s pub=0.0000s delay=0.4870s (local map=22, WM=22)
[rtabmap-2] [INFO] [1768819279.052951337] [rtabmap]: rtabmap (68): Rate=0.50s, Limit=0.000s, Conversion=0.0007s, RTAB-Map=0.3684s, Maps update=0.0055s pub=0.0017s delay=0.3690s (local map=23, WM=23)
[rtabmap-2] [INFO] [1768819279.494857619] [rclcpp]: signal_handler(signum=2)
[rgbd_sync-1] [INFO] [1768819279.494857812] [rclcpp]: signal_handler(signum=2)
[INFO] [rgbd_sync-1]: process has finished cleanly [pid 939287]
[rtabmap-2] [INFO] [1768819279.674412532] [rtabmap]: rtabmap (69): Rate=0.50s, Limit=0.000s, Conversion=0.0004s, RTAB-Map=0.4057s, Maps update=0.0001s pub=0.0001s delay=0.1780s (local map=23, WM=23)
[rtabmap-2] [INFO] [1768819279.675813940] [rtabmap]: Parameters are not saved (No configuration file provided...)
[rtabmap-2] [33m[ WARN] (2026-01-19 19:40:40.502) Memory.cpp:5917::createSignature() Mem/SaveDepth16Format is set to false to use 32bits format but this is not compatible with the compressed depth format chosen (Mem/DepthCompressionFormat=".rvl"), depth images will be compressed in ".png" format instead. Explicitly set Mem/SaveDepth16Format to true to keep using ".rvl" format and images will be converted to 16bits for convenience (warning: that would remove all depth values over 65 meters). Explicitly set Mem/DepthCompressionFormat=".png" to suppress this warning. This warning is only printed once.[0m
[rtabmap-2] [33m[ WARN] (2026-01-19 19:40:40.991) MapsManager.cpp:863::publishMaps() Graph has changed! The whole cloud is regenerated.[0m
[rtabmap-2] [33m[ WARN] (2026-01-19 19:41:08.913) Memory.cpp:3217::computeTransform() Missing visual features or missing raw data to compute them. Transform cannot be estimated.[0m
[rtabmap-2] rtabmap: Saving database/long-term memory... (located at /home/fujino/.ros/rtabmap_ur5e_20260119_194038.db)
[rtabmap-2] rtabmap: Saving database/long-term memory...done! (located at /home/fujino/.ros/rtabmap_ur5e_20260119_194038.db, 104 MB)
[INFO] [rtabmap-2]: process has finished cleanly [pid 939289]
