[INFO] [launch]: All log files can be found below /home/fujino/.ros/log/2026-01-18-18-18-58-530554-fh-670095
[INFO] [launch]: Default logging verbosity is set to INFO
[INFO] [rgbd_sync-1]: process started with pid [670098]
[INFO] [rtabmap-2]: process started with pid [670100]
[rgbd_sync-1] [INFO] [1768727939.125558495] [rgbd_sync]: rgbd_sync: approx_sync = true
[rgbd_sync-1] [INFO] [1768727939.128105045] [rgbd_sync]: rgbd_sync: approx_sync_max_interval = 0.010000
[rgbd_sync-1] [INFO] [1768727939.128142528] [rgbd_sync]: rgbd_sync: topic_queue_size  = 10
[rgbd_sync-1] [INFO] [1768727939.128150479] [rgbd_sync]: rgbd_sync: sync_queue_size  = 30
[rgbd_sync-1] [INFO] [1768727939.128156909] [rgbd_sync]: rgbd_sync: qos             = 2
[rgbd_sync-1] [INFO] [1768727939.128163576] [rgbd_sync]: rgbd_sync: qos_camera_info = 2
[rgbd_sync-1] [INFO] [1768727939.128169901] [rgbd_sync]: rgbd_sync: depth_scale = 1.000000
[rgbd_sync-1] [INFO] [1768727939.128180084] [rgbd_sync]: rgbd_sync: decimation = 1
[rgbd_sync-1] [INFO] [1768727939.128186573] [rgbd_sync]: rgbd_sync: compressed_rate = 0.000000
[rgbd_sync-1] [INFO] [1768727939.174726399] [rgbd_sync]: 
[rgbd_sync-1] rgbd_sync subscribed to (approx sync, max interval=0.010000s):
[rgbd_sync-1]    /camera/color/image_raw,
[rgbd_sync-1]    /camera/depth/depth/image_raw,
[rgbd_sync-1]    /camera/color/camera_info
[rtabmap-2] [INFO] [1768727939.392754691] [rtabmap]: rtabmap(maps): latch                      = true
[rtabmap-2] [INFO] [1768727939.393190994] [rtabmap]: rtabmap(maps): map_filter_radius          = 0.000000
[rtabmap-2] [INFO] [1768727939.393230175] [rtabmap]: rtabmap(maps): map_filter_angle           = 30.000000
[rtabmap-2] [INFO] [1768727939.393251146] [rtabmap]: rtabmap(maps): map_cleanup                = true
[rtabmap-2] [INFO] [1768727939.393266626] [rtabmap]: rtabmap(maps): map_always_update          = false
[rtabmap-2] [INFO] [1768727939.393281398] [rtabmap]: rtabmap(maps): map_empty_ray_tracing      = true
[rtabmap-2] [INFO] [1768727939.393295314] [rtabmap]: rtabmap(maps): cloud_output_voxelized     = true
[rtabmap-2] [INFO] [1768727939.393309094] [rtabmap]: rtabmap(maps): cloud_subtract_filtering   = false
[rtabmap-2] [INFO] [1768727939.393323100] [rtabmap]: rtabmap(maps): cloud_subtract_filtering_min_neighbors = 2
[rtabmap-2] [INFO] [1768727939.393390271] [rtabmap]: rtabmap(maps): octomap_tree_depth         = 16
[rtabmap-2] [INFO] [1768727939.495866953] [rtabmap]: rtabmap: frame_id      = camera_color_optical_frame
[rtabmap-2] [INFO] [1768727939.495934141] [rtabmap]: rtabmap: odom_frame_id = world
[rtabmap-2] [INFO] [1768727939.495943976] [rtabmap]: rtabmap: map_frame_id  = world
[rtabmap-2] [INFO] [1768727939.495951365] [rtabmap]: rtabmap: log_to_rosout_level  = 4
[rtabmap-2] [INFO] [1768727939.495959232] [rtabmap]: rtabmap: initial_pose  = 
[rtabmap-2] [INFO] [1768727939.495966415] [rtabmap]: rtabmap: use_action_for_goal  = false
[rtabmap-2] [INFO] [1768727939.495973541] [rtabmap]: rtabmap: tf_delay      = 0.050000
[rtabmap-2] [INFO] [1768727939.495987287] [rtabmap]: rtabmap: tf_tolerance  = 0.100000
[rtabmap-2] [INFO] [1768727939.495995494] [rtabmap]: rtabmap: odom_sensor_sync   = false
[rtabmap-2] [INFO] [1768727939.496002689] [rtabmap]: rtabmap: pub_loc_pose_only_when_localizing = false
[rtabmap-2] [INFO] [1768727939.496009915] [rtabmap]: rtabmap: wait_for_transform = 0.200000
[rtabmap-2] [INFO] [1768727939.496017988] [rtabmap]: rtabmap: gen_scan  = false
[rtabmap-2] [INFO] [1768727939.496025008] [rtabmap]: rtabmap: gen_depth  = false
[rtabmap-2] [INFO] [1768727939.600121077] [rtabmap]: Setting RTAB-Map parameter "Grid/3D"="true" (rosparam)
[rtabmap-2] [INFO] [1768727939.600526070] [rtabmap]: Setting RTAB-Map parameter "Grid/RangeMax"="5.0" (rosparam)
[rtabmap-2] [INFO] [1768727939.600565191] [rtabmap]: Setting RTAB-Map parameter "Grid/RayTracing"="true" (rosparam)
[rtabmap-2] [INFO] [1768727939.600657344] [rtabmap]: Setting RTAB-Map parameter "Grid/Sensor"="1" (rosparam)
[rtabmap-2] [INFO] [1768727939.606867110] [rtabmap]: Setting RTAB-Map parameter "RGBD/CreateOccupancyGrid"="true" (rosparam)
[rtabmap-2] [INFO] [1768727939.609253638] [rtabmap]: Setting RTAB-Map parameter "Rtabmap/DetectionRate"="2.0" (rosparam)
[rtabmap-2] [INFO] [1768727939.731096044] [rtabmap]: RTAB-Map detection rate = 2.000000 Hz
[rtabmap-2] [INFO] [1768727939.734786884] [rtabmap]: rtabmap: Using database from "/home/fujino/.ros/rtabmap_ur5e_20260118_181858.db" (0 MB).
[rtabmap-2] [INFO] [1768727939.800154392] [rtabmap]: rtabmap: Database version = "0.22.1".
[rtabmap-2] [INFO] [1768727939.800241475] [rtabmap]: rtabmap: SLAM mode (Mem/IncrementalMemory=true)
[rtabmap-2] [INFO] [1768727939.834183180] [rtabmap]: Setup callbacks
[rtabmap-2] [WARN] [1768727939.834265908] [rtabmap]: rtabmap: Parameters subscribe_depth and subscribe_rgbd cannot be true at the same time. Parameter subscribe_depth is set to false.
[rtabmap-2] [INFO] [1768727939.834379563] [rtabmap]: rtabmap: subscribe_depth = false
[rtabmap-2] [INFO] [1768727939.834406710] [rtabmap]: rtabmap: subscribe_rgb = false
[rtabmap-2] [INFO] [1768727939.834424173] [rtabmap]: rtabmap: subscribe_stereo = false
[rtabmap-2] [INFO] [1768727939.834440390] [rtabmap]: rtabmap: subscribe_rgbd = true (rgbd_cameras=1)
[rtabmap-2] [INFO] [1768727939.834458763] [rtabmap]: rtabmap: subscribe_sensor_data = false
[rtabmap-2] [INFO] [1768727939.834474770] [rtabmap]: rtabmap: subscribe_odom_info = false
[rtabmap-2] [INFO] [1768727939.834489841] [rtabmap]: rtabmap: subscribe_user_data = false
[rtabmap-2] [INFO] [1768727939.834505070] [rtabmap]: rtabmap: subscribe_scan = false
[rtabmap-2] [INFO] [1768727939.834520450] [rtabmap]: rtabmap: subscribe_scan_cloud = false
[rtabmap-2] [INFO] [1768727939.834535545] [rtabmap]: rtabmap: subscribe_scan_descriptor = false
[rtabmap-2] [INFO] [1768727939.834551100] [rtabmap]: rtabmap: topic_queue_size = 10
[rtabmap-2] [INFO] [1768727939.834566895] [rtabmap]: rtabmap: sync_queue_size  = 30
[rtabmap-2] [INFO] [1768727939.834582128] [rtabmap]: rtabmap: qos_image       = 2
[rtabmap-2] [INFO] [1768727939.834642478] [rtabmap]: rtabmap: qos_camera_info = 2
[rtabmap-2] [INFO] [1768727939.834662846] [rtabmap]: rtabmap: qos_scan        = 2
[rtabmap-2] [INFO] [1768727939.834678714] [rtabmap]: rtabmap: qos_odom        = 2
[rtabmap-2] [INFO] [1768727939.834694530] [rtabmap]: rtabmap: qos_user_data   = 2
[rtabmap-2] [INFO] [1768727939.834709484] [rtabmap]: rtabmap: approx_sync     = true
[rtabmap-2] [INFO] [1768727939.834735524] [rtabmap]: Setup rgbd callback
[rtabmap-2] [INFO] [1768727939.835851909] [rtabmap]: 
[rtabmap-2] rtabmap subscribed to:
[rtabmap-2]    /rgbd_image
[rtabmap-2] [INFO] [1768727942.253820712] [rtabmap]: rtabmap (1): Rate=0.50s, Limit=0.000s, Conversion=0.0022s, RTAB-Map=0.4674s, Maps update=0.0119s pub=0.0006s delay=0.4450s (local map=1, WM=1)
[rtabmap-2] [INFO] [1768727943.201769148] [rtabmap]: rtabmap (2): Rate=0.50s, Limit=0.000s, Conversion=0.0015s, RTAB-Map=0.5915s, Maps update=0.0072s pub=0.0000s delay=0.5610s (local map=1, WM=1)
[rtabmap-2] [INFO] [1768727944.369713472] [rtabmap]: rtabmap (3): Rate=0.50s, Limit=0.000s, Conversion=0.0030s, RTAB-Map=0.5066s, Maps update=0.0109s pub=0.0000s delay=0.4860s (local map=1, WM=1)
[rtabmap-2] [INFO] [1768727945.064923183] [rtabmap]: rtabmap (4): Rate=0.50s, Limit=0.000s, Conversion=0.0081s, RTAB-Map=0.4264s, Maps update=0.0025s pub=0.0000s delay=0.4680s (local map=1, WM=1)
[rtabmap-2] [INFO] [1768727946.143724790] [rtabmap]: rtabmap (5): Rate=0.50s, Limit=0.000s, Conversion=0.0051s, RTAB-Map=0.5091s, Maps update=0.0091s pub=0.0000s delay=0.5010s (local map=1, WM=1)
[rtabmap-2] [INFO] [1768727946.634147449] [rtabmap]: rtabmap (6): Rate=0.50s, Limit=0.000s, Conversion=0.0024s, RTAB-Map=0.3841s, Maps update=0.0047s pub=0.0000s delay=0.4360s (local map=1, WM=1)
[rtabmap-2] [INFO] [1768727948.232380627] [rtabmap]: rtabmap (7): Rate=0.50s, Limit=0.000s, Conversion=0.0024s, RTAB-Map=0.4972s, Maps update=0.0089s pub=0.0000s delay=0.4950s (local map=1, WM=1)
[rtabmap-2] [INFO] [1768727949.058424925] [rtabmap]: rtabmap (8): Rate=0.50s, Limit=0.000s, Conversion=0.0066s, RTAB-Map=0.5313s, Maps update=0.0098s pub=0.0000s delay=0.5600s (local map=1, WM=1)
[rtabmap-2] [INFO] [1768727949.633824130] [rtabmap]: rtabmap (9): Rate=0.50s, Limit=0.000s, Conversion=0.0036s, RTAB-Map=0.5602s, Maps update=0.0065s pub=0.0002s delay=0.4740s (local map=2, WM=2)
[rtabmap-2] [INFO] [1768727951.403903968] [rtabmap]: rtabmap (10): Rate=0.50s, Limit=0.000s, Conversion=0.0061s, RTAB-Map=0.7120s, Maps update=0.0081s pub=0.0004s delay=0.5910s (local map=3, WM=3)
[rtabmap-2] [INFO] [1768727952.973064426] [rtabmap]: rtabmap (11): Rate=0.50s, Limit=0.000s, Conversion=0.0101s, RTAB-Map=0.6926s, Maps update=0.0062s pub=0.0004s delay=0.6620s (local map=4, WM=4)
[rtabmap-2] [INFO] [1768727953.815877921] [rtabmap]: rtabmap (12): Rate=0.50s, Limit=0.000s, Conversion=0.0069s, RTAB-Map=0.5557s, Maps update=0.0088s pub=0.0000s delay=0.6050s (local map=4, WM=4)
[rtabmap-2] [INFO] [1768727955.431848327] [rtabmap]: rtabmap (13): Rate=0.50s, Limit=0.000s, Conversion=0.0026s, RTAB-Map=0.6263s, Maps update=0.0055s pub=0.0007s delay=0.6650s (local map=5, WM=5)
[rtabmap-2] [INFO] [1768727956.367871669] [rtabmap]: rtabmap (14): Rate=0.50s, Limit=0.000s, Conversion=0.0016s, RTAB-Map=0.6244s, Maps update=0.0050s pub=0.0000s delay=0.6680s (local map=5, WM=5)
[rtabmap-2] [INFO] [1768727957.358954279] [rtabmap]: rtabmap (15): Rate=0.50s, Limit=0.000s, Conversion=0.0012s, RTAB-Map=0.6034s, Maps update=0.0041s pub=0.0006s delay=0.5740s (local map=6, WM=6)
[rtabmap-2] [INFO] [1768727959.779594780] [rtabmap]: rtabmap (16): Rate=0.50s, Limit=0.000s, Conversion=0.0021s, RTAB-Map=0.6350s, Maps update=0.0082s pub=0.0000s delay=0.6060s (local map=6, WM=6)
[rtabmap-2] [INFO] [1768727960.495373806] [rtabmap]: rtabmap (17): Rate=0.50s, Limit=0.000s, Conversion=0.0008s, RTAB-Map=0.5317s, Maps update=0.0062s pub=0.0006s delay=0.4430s (local map=7, WM=7)
[rtabmap-2] [INFO] [1768727961.672266327] [rtabmap]: rtabmap (18): Rate=0.50s, Limit=0.000s, Conversion=0.0009s, RTAB-Map=0.5258s, Maps update=0.0106s pub=0.0004s delay=0.4980s (local map=8, WM=8)
[rtabmap-2] [INFO] [1768727963.165688712] [rtabmap]: rtabmap (19): Rate=0.50s, Limit=0.000s, Conversion=0.0009s, RTAB-Map=0.5153s, Maps update=0.0001s pub=0.0005s delay=0.4640s (local map=9, WM=9)
[rtabmap-2] [INFO] [1768727965.229215492] [rtabmap]: rtabmap (20): Rate=0.50s, Limit=0.000s, Conversion=0.0006s, RTAB-Map=0.5103s, Maps update=0.0116s pub=0.0007s delay=0.5220s (local map=10, WM=10)
[rtabmap-2] [INFO] [1768727966.001468629] [rtabmap]: rtabmap (21): Rate=0.50s, Limit=0.000s, Conversion=0.0008s, RTAB-Map=0.6283s, Maps update=0.0083s pub=0.0000s delay=0.5220s (local map=10, WM=10)
[rtabmap-2] [INFO] [1768727966.787619450] [rtabmap]: rtabmap (22): Rate=0.50s, Limit=0.000s, Conversion=0.0051s, RTAB-Map=0.5534s, Maps update=0.0059s pub=0.0007s delay=0.5880s (local map=11, WM=11)
[rtabmap-2] [INFO] [1768727967.638652925] [rtabmap]: rtabmap (23): Rate=0.50s, Limit=0.000s, Conversion=0.0080s, RTAB-Map=0.4752s, Maps update=0.0047s pub=0.0006s delay=0.4140s (local map=12, WM=12)
[rtabmap-2] [INFO] [1768727968.606170463] [rtabmap]: rtabmap (24): Rate=0.50s, Limit=0.000s, Conversion=0.0004s, RTAB-Map=0.6647s, Maps update=0.0062s pub=0.0009s delay=0.6360s (local map=13, WM=13)
[rtabmap-2] [INFO] [1768727970.449156202] [rtabmap]: rtabmap (25): Rate=0.50s, Limit=0.000s, Conversion=0.0027s, RTAB-Map=0.5332s, Maps update=0.0024s pub=0.0007s delay=0.4660s (local map=14, WM=14)
[rtabmap-2] [INFO] [1768727971.563532630] [rtabmap]: rtabmap (26): Rate=0.50s, Limit=0.000s, Conversion=0.0032s, RTAB-Map=0.4289s, Maps update=0.0002s pub=0.0000s delay=0.4480s (local map=14, WM=14)
[rtabmap-2] [INFO] [1768727972.411405635] [rtabmap]: rtabmap (27): Rate=0.50s, Limit=0.000s, Conversion=0.0009s, RTAB-Map=0.5424s, Maps update=0.0037s pub=0.0008s delay=0.4960s (local map=15, WM=15)
[rtabmap-2] [INFO] [1768727973.241100196] [rtabmap]: rtabmap (28): Rate=0.50s, Limit=0.000s, Conversion=0.0011s, RTAB-Map=0.4748s, Maps update=0.0030s pub=0.0000s delay=0.4240s (local map=15, WM=15)
[rtabmap-2] [INFO] [1768727973.998316582] [rtabmap]: rtabmap (29): Rate=0.50s, Limit=0.000s, Conversion=0.0006s, RTAB-Map=0.4183s, Maps update=0.0040s pub=0.0007s delay=0.4720s (local map=16, WM=16)
[rtabmap-2] [INFO] [1768727974.756371434] [rtabmap]: rtabmap (30): Rate=0.50s, Limit=0.000s, Conversion=0.0004s, RTAB-Map=0.4494s, Maps update=0.0019s pub=0.0000s delay=0.4670s (local map=16, WM=16)
[rtabmap-2] [INFO] [1768727975.355086831] [rtabmap]: rtabmap (31): Rate=0.50s, Limit=0.000s, Conversion=0.0012s, RTAB-Map=0.4731s, Maps update=0.0044s pub=0.0001s delay=0.4530s (local map=16, WM=16)
[rtabmap-2] [INFO] [1768727975.940357949] [rtabmap]: rtabmap (32): Rate=0.50s, Limit=0.000s, Conversion=0.0004s, RTAB-Map=0.5445s, Maps update=0.0067s pub=0.0012s delay=0.5170s (local map=17, WM=17)
[rtabmap-2] [INFO] [1768727977.216514382] [rtabmap]: rtabmap (33): Rate=0.50s, Limit=0.000s, Conversion=0.0008s, RTAB-Map=0.6049s, Maps update=0.0083s pub=0.0018s delay=0.6020s (local map=18, WM=18)
[rtabmap-2] [INFO] [1768727977.880895957] [rtabmap]: rtabmap (34): Rate=0.50s, Limit=0.000s, Conversion=0.0048s, RTAB-Map=0.3838s, Maps update=0.0083s pub=0.0000s delay=0.4620s (local map=18, WM=18)
[rtabmap-2] [INFO] [1768727978.674541854] [rtabmap]: rtabmap (35): Rate=0.50s, Limit=0.000s, Conversion=0.0104s, RTAB-Map=0.6272s, Maps update=0.0016s pub=0.0015s delay=0.6080s (local map=19, WM=19)
[rtabmap-2] [INFO] [1768727979.975210197] [rtabmap]: rtabmap (36): Rate=0.50s, Limit=0.000s, Conversion=0.0007s, RTAB-Map=0.4683s, Maps update=0.0132s pub=0.0016s delay=0.5140s (local map=20, WM=20)
[rtabmap-2] [INFO] [1768727981.315903096] [rtabmap]: rtabmap (37): Rate=0.50s, Limit=0.000s, Conversion=0.0004s, RTAB-Map=0.4885s, Maps update=0.0044s pub=0.0000s delay=0.4520s (local map=20, WM=20)
[rtabmap-2] [INFO] [1768727981.884164284] [rtabmap]: rtabmap (38): Rate=0.50s, Limit=0.000s, Conversion=0.0007s, RTAB-Map=0.5060s, Maps update=0.0047s pub=0.0000s delay=0.4110s (local map=20, WM=20)
[rtabmap-2] [INFO] [1768727982.863690429] [rtabmap]: rtabmap (39): Rate=0.50s, Limit=0.000s, Conversion=0.0016s, RTAB-Map=0.4538s, Maps update=0.0083s pub=0.0001s delay=0.5010s (local map=20, WM=20)
[rtabmap-2] [INFO] [1768727983.061988131] [rclcpp]: signal_handler(signum=2)
[rgbd_sync-1] [INFO] [1768727983.062694493] [rclcpp]: signal_handler(signum=2)
[rtabmap-2] [INFO] [1768727983.084413617] [rtabmap]: Parameters are not saved (No configuration file provided...)
[INFO] [rgbd_sync-1]: process has finished cleanly [pid 670098]
[rtabmap-2] [33m[ WARN] (2026-01-18 18:19:01.788) Memory.cpp:5917::createSignature() Mem/SaveDepth16Format is set to false to use 32bits format but this is not compatible with the compressed depth format chosen (Mem/DepthCompressionFormat=".rvl"), depth images will be compressed in ".png" format instead. Explicitly set Mem/SaveDepth16Format to true to keep using ".rvl" format and images will be converted to 16bits for convenience (warning: that would remove all depth values over 65 meters). Explicitly set Mem/DepthCompressionFormat=".png" to suppress this warning. This warning is only printed once.[0m
[rtabmap-2] [33m[ WARN] (2026-01-18 18:19:02.253) MapsManager.cpp:863::publishMaps() Graph has changed! The whole cloud is regenerated.[0m
[rtabmap-2] [33m[ WARN] (2026-01-18 18:19:31.558) Rtabmap.cpp:3069::process() Rejected loop closure 10 -> 26: Not enough inliers 0/20 (matches=8) between 10 and 26[0m
[rtabmap-2] rtabmap: Saving database/long-term memory... (located at /home/fujino/.ros/rtabmap_ur5e_20260118_181858.db)
[rtabmap-2] rtabmap: Saving database/long-term memory...done! (located at /home/fujino/.ros/rtabmap_ur5e_20260118_181858.db, 59 MB)
[INFO] [rtabmap-2]: process has finished cleanly [pid 670100]
