[INFO] [launch]: All log files can be found below /home/fujino/.ros/log/2026-01-17-22-03-31-564637-fh-431381
[INFO] [launch]: Default logging verbosity is set to INFO
[INFO] [rgbd_sync-1]: process started with pid [431388]
[INFO] [rtabmap-2]: process started with pid [431390]
[rtabmap-2] [INFO] [1768655011.933541908] [rtabmap]: rtabmap(maps): latch                      = true
[rtabmap-2] [INFO] [1768655011.934696832] [rtabmap]: rtabmap(maps): map_filter_radius          = 0.000000
[rtabmap-2] [INFO] [1768655011.934728003] [rtabmap]: rtabmap(maps): map_filter_angle           = 30.000000
[rtabmap-2] [INFO] [1768655011.934736392] [rtabmap]: rtabmap(maps): map_cleanup                = true
[rtabmap-2] [INFO] [1768655011.934741855] [rtabmap]: rtabmap(maps): map_always_update          = false
[rtabmap-2] [INFO] [1768655011.934747114] [rtabmap]: rtabmap(maps): map_empty_ray_tracing      = true
[rtabmap-2] [INFO] [1768655011.934752164] [rtabmap]: rtabmap(maps): cloud_output_voxelized     = true
[rtabmap-2] [INFO] [1768655011.934759640] [rtabmap]: rtabmap(maps): cloud_subtract_filtering   = false
[rtabmap-2] [INFO] [1768655011.934763735] [rtabmap]: rtabmap(maps): cloud_subtract_filtering_min_neighbors = 2
[rtabmap-2] [INFO] [1768655011.947649630] [rtabmap]: rtabmap(maps): octomap_tree_depth         = 16
[rgbd_sync-1] [INFO] [1768655012.099472153] [rgbd_sync]: rgbd_sync: approx_sync = true
[rgbd_sync-1] [INFO] [1768655012.099771640] [rgbd_sync]: rgbd_sync: approx_sync_max_interval = 0.000000
[rgbd_sync-1] [INFO] [1768655012.099807223] [rgbd_sync]: rgbd_sync: topic_queue_size  = 10
[rgbd_sync-1] [INFO] [1768655012.099814848] [rgbd_sync]: rgbd_sync: sync_queue_size  = 30
[rgbd_sync-1] [INFO] [1768655012.099820740] [rgbd_sync]: rgbd_sync: qos             = 2
[rgbd_sync-1] [INFO] [1768655012.099826558] [rgbd_sync]: rgbd_sync: qos_camera_info = 2
[rgbd_sync-1] [INFO] [1768655012.099834418] [rgbd_sync]: rgbd_sync: depth_scale = 1.000000
[rgbd_sync-1] [INFO] [1768655012.099841606] [rgbd_sync]: rgbd_sync: decimation = 1
[rgbd_sync-1] [INFO] [1768655012.099848324] [rgbd_sync]: rgbd_sync: compressed_rate = 0.000000
[rgbd_sync-1] [INFO] [1768655012.119160706] [rgbd_sync]: 
[rgbd_sync-1] rgbd_sync subscribed to (approx sync):
[rgbd_sync-1]    /camera/color/image_raw,
[rgbd_sync-1]    /camera/depth/depth/image_raw,
[rgbd_sync-1]    /camera/color/camera_info
[rtabmap-2] [INFO] [1768655012.126897168] [rtabmap]: rtabmap: frame_id      = camera_color_optical_frame
[rtabmap-2] [INFO] [1768655012.126983324] [rtabmap]: rtabmap: odom_frame_id = world
[rtabmap-2] [INFO] [1768655012.127000046] [rtabmap]: rtabmap: map_frame_id  = world
[rtabmap-2] [INFO] [1768655012.127012640] [rtabmap]: rtabmap: log_to_rosout_level  = 4
[rtabmap-2] [INFO] [1768655012.127024558] [rtabmap]: rtabmap: initial_pose  = 
[rtabmap-2] [INFO] [1768655012.127036196] [rtabmap]: rtabmap: use_action_for_goal  = false
[rtabmap-2] [INFO] [1768655012.127047795] [rtabmap]: rtabmap: tf_delay      = 0.050000
[rtabmap-2] [INFO] [1768655012.127072927] [rtabmap]: rtabmap: tf_tolerance  = 0.100000
[rtabmap-2] [INFO] [1768655012.127085772] [rtabmap]: rtabmap: odom_sensor_sync   = false
[rtabmap-2] [INFO] [1768655012.127096665] [rtabmap]: rtabmap: pub_loc_pose_only_when_localizing = false
[rtabmap-2] [INFO] [1768655012.127108659] [rtabmap]: rtabmap: wait_for_transform = 0.200000
[rtabmap-2] [INFO] [1768655012.127120414] [rtabmap]: rtabmap: gen_scan  = false
[rtabmap-2] [INFO] [1768655012.127131225] [rtabmap]: rtabmap: gen_depth  = false
[rtabmap-2] [INFO] [1768655012.189507672] [rtabmap]: Setting RTAB-Map parameter "Grid/3D"="true" (rosparam)
[rtabmap-2] [INFO] [1768655012.190884093] [rtabmap]: Setting RTAB-Map parameter "Grid/RangeMax"="5.0" (rosparam)
[rtabmap-2] [INFO] [1768655012.191052093] [rtabmap]: Setting RTAB-Map parameter "Grid/RayTracing"="true" (rosparam)
[rtabmap-2] [INFO] [1768655012.191227883] [rtabmap]: Setting RTAB-Map parameter "Grid/Sensor"="1" (rosparam)
[rtabmap-2] [INFO] [1768655012.204206342] [rtabmap]: Setting RTAB-Map parameter "RGBD/CreateOccupancyGrid"="true" (rosparam)
[rtabmap-2] [INFO] [1768655012.207564818] [rtabmap]: Setting RTAB-Map parameter "Rtabmap/DetectionRate"="2.0" (rosparam)
[rtabmap-2] [INFO] [1768655012.358421933] [rtabmap]: RTAB-Map detection rate = 2.000000 Hz
[rtabmap-2] [INFO] [1768655012.358547076] [rtabmap]: rtabmap: Using database from "/home/fujino/.ros/rtabmap_ur5e_20260117_220331.db" (0 MB).
[rtabmap-2] [INFO] [1768655012.393386722] [rtabmap]: rtabmap: Database version = "0.22.1".
[rtabmap-2] [INFO] [1768655012.393489680] [rtabmap]: rtabmap: SLAM mode (Mem/IncrementalMemory=true)
[rtabmap-2] [INFO] [1768655012.434285076] [rtabmap]: Setup callbacks
[rtabmap-2] [WARN] [1768655012.434380055] [rtabmap]: rtabmap: Parameters subscribe_depth and subscribe_rgbd cannot be true at the same time. Parameter subscribe_depth is set to false.
[rtabmap-2] [INFO] [1768655012.434690604] [rtabmap]: rtabmap: subscribe_depth = false
[rtabmap-2] [INFO] [1768655012.434726769] [rtabmap]: rtabmap: subscribe_rgb = false
[rtabmap-2] [INFO] [1768655012.434744561] [rtabmap]: rtabmap: subscribe_stereo = false
[rtabmap-2] [INFO] [1768655012.434771443] [rtabmap]: rtabmap: subscribe_rgbd = true (rgbd_cameras=1)
[rtabmap-2] [INFO] [1768655012.434790733] [rtabmap]: rtabmap: subscribe_sensor_data = false
[rtabmap-2] [INFO] [1768655012.434806576] [rtabmap]: rtabmap: subscribe_odom_info = false
[rtabmap-2] [INFO] [1768655012.434821239] [rtabmap]: rtabmap: subscribe_user_data = false
[rtabmap-2] [INFO] [1768655012.434834985] [rtabmap]: rtabmap: subscribe_scan = false
[rtabmap-2] [INFO] [1768655012.434849465] [rtabmap]: rtabmap: subscribe_scan_cloud = false
[rtabmap-2] [INFO] [1768655012.434863694] [rtabmap]: rtabmap: subscribe_scan_descriptor = false
[rtabmap-2] [INFO] [1768655012.434879448] [rtabmap]: rtabmap: topic_queue_size = 10
[rtabmap-2] [INFO] [1768655012.434894937] [rtabmap]: rtabmap: sync_queue_size  = 30
[rtabmap-2] [INFO] [1768655012.434909522] [rtabmap]: rtabmap: qos_image       = 2
[rtabmap-2] [INFO] [1768655012.434963511] [rtabmap]: rtabmap: qos_camera_info = 2
[rtabmap-2] [INFO] [1768655012.434983149] [rtabmap]: rtabmap: qos_scan        = 2
[rtabmap-2] [INFO] [1768655012.434998446] [rtabmap]: rtabmap: qos_odom        = 2
[rtabmap-2] [INFO] [1768655012.435012580] [rtabmap]: rtabmap: qos_user_data   = 2
[rtabmap-2] [INFO] [1768655012.435026872] [rtabmap]: rtabmap: approx_sync     = true
[rtabmap-2] [INFO] [1768655012.435055221] [rtabmap]: Setup rgbd callback
[rtabmap-2] [INFO] [1768655012.436773929] [rtabmap]: 
[rtabmap-2] rtabmap subscribed to:
[rtabmap-2]    /rgbd_image
[rtabmap-2] [INFO] [1768655013.054443647] [rtabmap]: rtabmap (1): Rate=0.50s, Limit=0.000s, Conversion=0.0029s, RTAB-Map=0.4053s, Maps update=0.0079s pub=0.0007s delay=0.3800s (local map=1, WM=1)
[rtabmap-2] [INFO] [1768655013.638655290] [rtabmap]: rtabmap (2): Rate=0.50s, Limit=0.000s, Conversion=0.0025s, RTAB-Map=0.4382s, Maps update=0.0049s pub=0.0000s delay=0.4340s (local map=1, WM=1)
[rgbd_sync-1] [WARN] [1768655013.885481335] [rgbd_sync]: The time difference between rgb and depth frames is high (diff=0.033000s, rgb=114.561000s, depth=114.528000s). You may want to set approx_sync_max_interval lower than 0.01s to reject spurious bad synchronizations or use approx_sync=false if streams have all the exact same timestamp. Setting approx_sync_max_interval will suppress this warning.
[rtabmap-2] [INFO] [1768655014.088880202] [rtabmap]: rtabmap (3): Rate=0.50s, Limit=0.000s, Conversion=0.0020s, RTAB-Map=0.3724s, Maps update=0.0072s pub=0.0000s delay=0.4210s (local map=1, WM=1)
[rgbd_sync-1] [WARN] [1768655014.171945430] [rgbd_sync]: The time difference between rgb and depth frames is high (diff=0.038000s, rgb=114.737000s, depth=114.775000s). You may want to set approx_sync_max_interval lower than 0.01s to reject spurious bad synchronizations or use approx_sync=false if streams have all the exact same timestamp. Setting approx_sync_max_interval will suppress this warning.
[rtabmap-2] [INFO] [1768655014.685950886] [rtabmap]: rtabmap (4): Rate=0.50s, Limit=0.000s, Conversion=0.0048s, RTAB-Map=0.4601s, Maps update=0.0069s pub=0.0000s delay=0.5070s (local map=1, WM=1)
[rtabmap-2] [INFO] [1768655015.109716369] [rtabmap]: rtabmap (5): Rate=0.50s, Limit=0.000s, Conversion=0.0005s, RTAB-Map=0.3699s, Maps update=0.0069s pub=0.0000s delay=0.3960s (local map=1, WM=1)
[rtabmap-2] [INFO] [1768655015.592988355] [rtabmap]: rtabmap (6): Rate=0.50s, Limit=0.000s, Conversion=0.0005s, RTAB-Map=0.3476s, Maps update=0.0062s pub=0.0000s delay=0.3900s (local map=1, WM=1)
[rgbd_sync-1] [WARN] [1768655015.808690695] [rgbd_sync]: The time difference between rgb and depth frames is high (diff=0.034000s, rgb=116.437000s, depth=116.471000s). You may want to set approx_sync_max_interval lower than 0.01s to reject spurious bad synchronizations or use approx_sync=false if streams have all the exact same timestamp. Setting approx_sync_max_interval will suppress this warning.
[rgbd_sync-1] [WARN] [1768655016.041425042] [rgbd_sync]: The time difference between rgb and depth frames is high (diff=0.024000s, rgb=116.721000s, depth=116.745000s). You may want to set approx_sync_max_interval lower than 0.01s to reject spurious bad synchronizations or use approx_sync=false if streams have all the exact same timestamp. Setting approx_sync_max_interval will suppress this warning.
[rtabmap-2] [INFO] [1768655016.146438513] [rtabmap]: rtabmap (7): Rate=0.50s, Limit=0.000s, Conversion=0.0013s, RTAB-Map=0.3231s, Maps update=0.0065s pub=0.0000s delay=0.3630s (local map=1, WM=1)
[rtabmap-2] [INFO] [1768655016.620941975] [rtabmap]: rtabmap (8): Rate=0.50s, Limit=0.000s, Conversion=0.0017s, RTAB-Map=0.3250s, Maps update=0.0052s pub=0.0000s delay=0.3280s (local map=1, WM=1)
[rgbd_sync-1] [WARN] [1768655016.858787729] [rgbd_sync]: The time difference between rgb and depth frames is high (diff=0.033000s, rgb=117.526000s, depth=117.493000s). You may want to set approx_sync_max_interval lower than 0.01s to reject spurious bad synchronizations or use approx_sync=false if streams have all the exact same timestamp. Setting approx_sync_max_interval will suppress this warning.
[rgbd_sync-1] [WARN] [1768655016.989552217] [rgbd_sync]: The time difference between rgb and depth frames is high (diff=0.021000s, rgb=117.666000s, depth=117.687000s). You may want to set approx_sync_max_interval lower than 0.01s to reject spurious bad synchronizations or use approx_sync=false if streams have all the exact same timestamp. Setting approx_sync_max_interval will suppress this warning.
[rtabmap-2] [INFO] [1768655017.191949478] [rtabmap]: rtabmap (9): Rate=0.50s, Limit=0.000s, Conversion=0.0041s, RTAB-Map=0.3170s, Maps update=0.0069s pub=0.0000s delay=0.4070s (local map=1, WM=1)
[rgbd_sync-1] [WARN] [1768655017.583697815] [rgbd_sync]: The time difference between rgb and depth frames is high (diff=0.037000s, rgb=118.194000s, depth=118.157000s). You may want to set approx_sync_max_interval lower than 0.01s to reject spurious bad synchronizations or use approx_sync=false if streams have all the exact same timestamp. Setting approx_sync_max_interval will suppress this warning.
[rtabmap-2] [INFO] [1768655017.615490398] [rtabmap]: rtabmap (10): Rate=0.50s, Limit=0.000s, Conversion=0.0004s, RTAB-Map=0.2679s, Maps update=0.0061s pub=0.0000s delay=0.2920s (local map=1, WM=1)
[rgbd_sync-1] [WARN] [1768655017.692726558] [rgbd_sync]: The time difference between rgb and depth frames is high (diff=0.036000s, rgb=118.322000s, depth=118.286000s). You may want to set approx_sync_max_interval lower than 0.01s to reject spurious bad synchronizations or use approx_sync=false if streams have all the exact same timestamp. Setting approx_sync_max_interval will suppress this warning.
[rgbd_sync-1] [WARN] [1768655017.991323083] [rgbd_sync]: The time difference between rgb and depth frames is high (diff=0.030000s, rgb=118.661000s, depth=118.631000s). You may want to set approx_sync_max_interval lower than 0.01s to reject spurious bad synchronizations or use approx_sync=false if streams have all the exact same timestamp. Setting approx_sync_max_interval will suppress this warning.
[rtabmap-2] [INFO] [1768655018.123804810] [rtabmap]: rtabmap (11): Rate=0.50s, Limit=0.000s, Conversion=0.0016s, RTAB-Map=0.2779s, Maps update=0.0054s pub=0.0000s delay=0.2830s (local map=1, WM=1)
[rtabmap-2] [INFO] [1768655018.622488811] [rtabmap]: rtabmap (12): Rate=0.50s, Limit=0.000s, Conversion=0.0009s, RTAB-Map=0.2709s, Maps update=0.0041s pub=0.0000s delay=0.2720s (local map=1, WM=1)
[rgbd_sync-1] [WARN] [1768655019.027569501] [rgbd_sync]: The time difference between rgb and depth frames is high (diff=0.041000s, rgb=119.716000s, depth=119.675000s). You may want to set approx_sync_max_interval lower than 0.01s to reject spurious bad synchronizations or use approx_sync=false if streams have all the exact same timestamp. Setting approx_sync_max_interval will suppress this warning.
[rgbd_sync-1] [WARN] [1768655019.195912817] [rgbd_sync]: The time difference between rgb and depth frames is high (diff=0.032000s, rgb=119.862000s, depth=119.894000s). You may want to set approx_sync_max_interval lower than 0.01s to reject spurious bad synchronizations or use approx_sync=false if streams have all the exact same timestamp. Setting approx_sync_max_interval will suppress this warning.
[rtabmap-2] [INFO] [1768655019.335947004] [rtabmap]: rtabmap (13): Rate=0.50s, Limit=0.000s, Conversion=0.0007s, RTAB-Map=0.2947s, Maps update=0.0083s pub=0.0000s delay=0.3250s (local map=1, WM=1)
[rtabmap-2] [INFO] [1768655019.847157350] [rtabmap]: rtabmap (14): Rate=0.50s, Limit=0.000s, Conversion=0.0005s, RTAB-Map=0.3304s, Maps update=0.0054s pub=0.0000s delay=0.3130s (local map=1, WM=1)
[rgbd_sync-1] [WARN] [1768655020.323115643] [rgbd_sync]: The time difference between rgb and depth frames is high (diff=0.031000s, rgb=120.930000s, depth=120.961000s). You may want to set approx_sync_max_interval lower than 0.01s to reject spurious bad synchronizations or use approx_sync=false if streams have all the exact same timestamp. Setting approx_sync_max_interval will suppress this warning.
[rtabmap-2] [INFO] [1768655020.390577979] [rtabmap]: rtabmap (15): Rate=0.50s, Limit=0.000s, Conversion=0.0007s, RTAB-Map=0.3420s, Maps update=0.0048s pub=0.0000s delay=0.3010s (local map=1, WM=1)
[rtabmap-2] [INFO] [1768655020.822177055] [rtabmap]: rtabmap (16): Rate=0.50s, Limit=0.000s, Conversion=0.0006s, RTAB-Map=0.2627s, Maps update=0.0032s pub=0.0000s delay=0.2700s (local map=1, WM=1)
[rgbd_sync-1] [WARN] [1768655021.032976641] [rgbd_sync]: The time difference between rgb and depth frames is high (diff=0.029000s, rgb=121.697000s, depth=121.668000s). You may want to set approx_sync_max_interval lower than 0.01s to reject spurious bad synchronizations or use approx_sync=false if streams have all the exact same timestamp. Setting approx_sync_max_interval will suppress this warning.
[rgbd_sync-1] [WARN] [1768655021.242349308] [rgbd_sync]: The time difference between rgb and depth frames is high (diff=0.033000s, rgb=121.864000s, depth=121.831000s). You may want to set approx_sync_max_interval lower than 0.01s to reject spurious bad synchronizations or use approx_sync=false if streams have all the exact same timestamp. Setting approx_sync_max_interval will suppress this warning.
[rtabmap-2] [INFO] [1768655021.325631705] [rtabmap]: rtabmap (17): Rate=0.50s, Limit=0.000s, Conversion=0.0006s, RTAB-Map=0.2659s, Maps update=0.0040s pub=0.0000s delay=0.2700s (local map=1, WM=1)
[rgbd_sync-1] [WARN] [1768655021.606697161] [rgbd_sync]: The time difference between rgb and depth frames is high (diff=0.067000s, rgb=122.230000s, depth=122.297000s). You may want to set approx_sync_max_interval lower than 0.01s to reject spurious bad synchronizations or use approx_sync=false if streams have all the exact same timestamp. Setting approx_sync_max_interval will suppress this warning.
[rtabmap-2] [INFO] [1768655022.005309277] [rtabmap]: rtabmap (18): Rate=0.50s, Limit=0.000s, Conversion=0.0007s, RTAB-Map=0.3835s, Maps update=0.0072s pub=0.0005s delay=0.4700s (local map=2, WM=2)
[rtabmap-2] [INFO] [1768655022.340742391] [rtabmap]: rtabmap (19): Rate=0.50s, Limit=0.000s, Conversion=0.0012s, RTAB-Map=0.2683s, Maps update=0.0040s pub=0.0000s delay=0.2690s (local map=2, WM=2)
[rgbd_sync-1] [WARN] [1768655022.797353605] [rgbd_sync]: The time difference between rgb and depth frames is high (diff=0.029000s, rgb=123.453000s, depth=123.482000s). You may want to set approx_sync_max_interval lower than 0.01s to reject spurious bad synchronizations or use approx_sync=false if streams have all the exact same timestamp. Setting approx_sync_max_interval will suppress this warning.
[rtabmap-2] [INFO] [1768655022.948312480] [rtabmap]: rtabmap (20): Rate=0.50s, Limit=0.000s, Conversion=0.0005s, RTAB-Map=0.3387s, Maps update=0.0072s pub=0.0000s delay=0.3420s (local map=2, WM=2)
[rgbd_sync-1] [WARN] [1768655023.013845187] [rgbd_sync]: The time difference between rgb and depth frames is high (diff=0.031000s, rgb=123.674000s, depth=123.643000s). You may want to set approx_sync_max_interval lower than 0.01s to reject spurious bad synchronizations or use approx_sync=false if streams have all the exact same timestamp. Setting approx_sync_max_interval will suppress this warning.
[rtabmap-2] [INFO] [1768655023.498238832] [rtabmap]: rtabmap (21): Rate=0.50s, Limit=0.000s, Conversion=0.0010s, RTAB-Map=0.3172s, Maps update=0.0091s pub=0.0007s delay=0.3740s (local map=3, WM=3)
[rgbd_sync-1] [WARN] [1768655024.013513643] [rgbd_sync]: The time difference between rgb and depth frames is high (diff=0.053000s, rgb=124.651000s, depth=124.704000s). You may want to set approx_sync_max_interval lower than 0.01s to reject spurious bad synchronizations or use approx_sync=false if streams have all the exact same timestamp. Setting approx_sync_max_interval will suppress this warning.
[rtabmap-2] [INFO] [1768655024.040738231] [rtabmap]: rtabmap (22): Rate=0.50s, Limit=0.000s, Conversion=0.0010s, RTAB-Map=0.3420s, Maps update=0.0064s pub=0.0000s delay=0.3430s (local map=3, WM=3)
[rgbd_sync-1] [WARN] [1768655024.190600860] [rgbd_sync]: The time difference between rgb and depth frames is high (diff=0.050000s, rgb=124.742000s, depth=124.792000s). You may want to set approx_sync_max_interval lower than 0.01s to reject spurious bad synchronizations or use approx_sync=false if streams have all the exact same timestamp. Setting approx_sync_max_interval will suppress this warning.
[rtabmap-2] [INFO] [1768655024.550455463] [rtabmap]: rtabmap (23): Rate=0.50s, Limit=0.000s, Conversion=0.0014s, RTAB-Map=0.3135s, Maps update=0.0031s pub=0.0000s delay=0.3090s (local map=3, WM=3)
[rgbd_sync-1] [WARN] [1768655024.741821442] [rgbd_sync]: The time difference between rgb and depth frames is high (diff=0.031000s, rgb=125.340000s, depth=125.309000s). You may want to set approx_sync_max_interval lower than 0.01s to reject spurious bad synchronizations or use approx_sync=false if streams have all the exact same timestamp. Setting approx_sync_max_interval will suppress this warning.
[rtabmap-2] [INFO] [1768655025.105182459] [rtabmap]: rtabmap (24): Rate=0.50s, Limit=0.000s, Conversion=0.0006s, RTAB-Map=0.3187s, Maps update=0.0070s pub=0.0006s delay=0.3800s (local map=4, WM=4)
[rtabmap-2] [INFO] [1768655025.551419686] [rtabmap]: rtabmap (25): Rate=0.50s, Limit=0.000s, Conversion=0.0007s, RTAB-Map=0.2671s, Maps update=0.0061s pub=0.0000s delay=0.2680s (local map=4, WM=4)
[rgbd_sync-1] [WARN] [1768655025.720425514] [rgbd_sync]: The time difference between rgb and depth frames is high (diff=0.058000s, rgb=126.177000s, depth=126.235000s). You may want to set approx_sync_max_interval lower than 0.01s to reject spurious bad synchronizations or use approx_sync=false if streams have all the exact same timestamp. Setting approx_sync_max_interval will suppress this warning.
[rtabmap-2] [INFO] [1768655026.198560253] [rtabmap]: rtabmap (26): Rate=0.50s, Limit=0.000s, Conversion=0.0004s, RTAB-Map=0.3352s, Maps update=0.0075s pub=0.0000s delay=0.2990s (local map=4, WM=4)
[rgbd_sync-1] [WARN] [1768655026.331647626] [rgbd_sync]: The time difference between rgb and depth frames is high (diff=0.031000s, rgb=126.852000s, depth=126.821000s). You may want to set approx_sync_max_interval lower than 0.01s to reject spurious bad synchronizations or use approx_sync=false if streams have all the exact same timestamp. Setting approx_sync_max_interval will suppress this warning.
[rtabmap-2] [INFO] [1768655026.679382022] [rtabmap]: rtabmap (27): Rate=0.50s, Limit=0.000s, Conversion=0.0005s, RTAB-Map=0.3190s, Maps update=0.0056s pub=0.0007s delay=0.2880s (local map=5, WM=5)
[rtabmap-2] [INFO] [1768655027.235530445] [rtabmap]: rtabmap (28): Rate=0.50s, Limit=0.000s, Conversion=0.0008s, RTAB-Map=0.3370s, Maps update=0.0046s pub=0.0000s delay=0.3690s (local map=5, WM=5)
[rgbd_sync-1] [WARN] [1768655027.506311942] [rgbd_sync]: The time difference between rgb and depth frames is high (diff=0.100000s, rgb=127.942000s, depth=127.842000s). You may want to set approx_sync_max_interval lower than 0.01s to reject spurious bad synchronizations or use approx_sync=false if streams have all the exact same timestamp. Setting approx_sync_max_interval will suppress this warning.
[rgbd_sync-1] [WARN] [1768655027.567026838] [rgbd_sync]: The time difference between rgb and depth frames is high (diff=0.034000s, rgb=128.142000s, depth=128.176000s). You may want to set approx_sync_max_interval lower than 0.01s to reject spurious bad synchronizations or use approx_sync=false if streams have all the exact same timestamp. Setting approx_sync_max_interval will suppress this warning.
[rtabmap-2] [INFO] [1768655027.844640317] [rtabmap]: rtabmap (29): Rate=0.50s, Limit=0.000s, Conversion=0.0007s, RTAB-Map=0.2680s, Maps update=0.0042s pub=0.0000s delay=0.3580s (local map=5, WM=5)
[rgbd_sync-1] [WARN] [1768655027.979946274] [rgbd_sync]: The time difference between rgb and depth frames is high (diff=0.037000s, rgb=128.578000s, depth=128.541000s). You may want to set approx_sync_max_interval lower than 0.01s to reject spurious bad synchronizations or use approx_sync=false if streams have all the exact same timestamp. Setting approx_sync_max_interval will suppress this warning.
[rtabmap-2] [INFO] [1768655028.371100192] [rtabmap]: rtabmap (30): Rate=0.50s, Limit=0.000s, Conversion=0.0006s, RTAB-Map=0.3267s, Maps update=0.0054s pub=0.0016s delay=0.3370s (local map=6, WM=6)
[rgbd_sync-1] [WARN] [1768655028.524105986] [rgbd_sync]: The time difference between rgb and depth frames is high (diff=0.037000s, rgb=129.146000s, depth=129.109000s). You may want to set approx_sync_max_interval lower than 0.01s to reject spurious bad synchronizations or use approx_sync=false if streams have all the exact same timestamp. Setting approx_sync_max_interval will suppress this warning.
[rtabmap-2] [INFO] [1768655028.835479250] [rtabmap]: rtabmap (31): Rate=0.50s, Limit=0.000s, Conversion=0.0007s, RTAB-Map=0.2731s, Maps update=0.0045s pub=0.0000s delay=0.3060s (local map=6, WM=6)
[rtabmap-2] [INFO] [1768655029.563558139] [rtabmap]: rtabmap (32): Rate=0.50s, Limit=0.000s, Conversion=0.0005s, RTAB-Map=0.3228s, Maps update=0.0045s pub=0.0000s delay=0.3040s (local map=6, WM=6)
[rtabmap-2] [INFO] [1768655030.188642526] [rtabmap]: rtabmap (33): Rate=0.50s, Limit=0.000s, Conversion=0.0007s, RTAB-Map=0.3796s, Maps update=0.0029s pub=0.0014s delay=0.3370s (local map=7, WM=7)
[rgbd_sync-1] [WARN] [1768655030.470433622] [rgbd_sync]: The time difference between rgb and depth frames is high (diff=0.078000s, rgb=131.002000s, depth=130.924000s). You may want to set approx_sync_max_interval lower than 0.01s to reject spurious bad synchronizations or use approx_sync=false if streams have all the exact same timestamp. Setting approx_sync_max_interval will suppress this warning.
[rgbd_sync-1] [WARN] [1768655030.522544724] [rgbd_sync]: The time difference between rgb and depth frames is high (diff=0.038000s, rgb=131.102000s, depth=131.140000s). You may want to set approx_sync_max_interval lower than 0.01s to reject spurious bad synchronizations or use approx_sync=false if streams have all the exact same timestamp. Setting approx_sync_max_interval will suppress this warning.
[rtabmap-2] [INFO] [1768655030.804502849] [rtabmap]: rtabmap (34): Rate=0.50s, Limit=0.000s, Conversion=0.0012s, RTAB-Map=0.2746s, Maps update=0.0025s pub=0.0000s delay=0.2980s (local map=7, WM=7)
[rtabmap-2] [INFO] [1768655031.560552097] [rtabmap]: rtabmap (35): Rate=0.50s, Limit=0.000s, Conversion=0.0013s, RTAB-Map=0.3368s, Maps update=0.0052s pub=0.0009s delay=0.3470s (local map=8, WM=8)
[rgbd_sync-1] [WARN] [1768655031.631014595] [rgbd_sync]: The time difference between rgb and depth frames is high (diff=0.033000s, rgb=132.273000s, depth=132.240000s). You may want to set approx_sync_max_interval lower than 0.01s to reject spurious bad synchronizations or use approx_sync=false if streams have all the exact same timestamp. Setting approx_sync_max_interval will suppress this warning.
[rgbd_sync-1] [WARN] [1768655031.700041685] [rgbd_sync]: The time difference between rgb and depth frames is high (diff=0.034000s, rgb=132.340000s, depth=132.306000s). You may want to set approx_sync_max_interval lower than 0.01s to reject spurious bad synchronizations or use approx_sync=false if streams have all the exact same timestamp. Setting approx_sync_max_interval will suppress this warning.
[rgbd_sync-1] [WARN] [1768655031.836934746] [rgbd_sync]: The time difference between rgb and depth frames is high (diff=0.033000s, rgb=132.473000s, depth=132.506000s). You may want to set approx_sync_max_interval lower than 0.01s to reject spurious bad synchronizations or use approx_sync=false if streams have all the exact same timestamp. Setting approx_sync_max_interval will suppress this warning.
[rtabmap-2] [INFO] [1768655032.040823963] [rtabmap]: rtabmap (36): Rate=0.50s, Limit=0.000s, Conversion=0.0012s, RTAB-Map=0.3166s, Maps update=0.0027s pub=0.0000s delay=0.3270s (local map=8, WM=8)
[rgbd_sync-1] [WARN] [1768655032.184978397] [rgbd_sync]: The time difference between rgb and depth frames is high (diff=0.033000s, rgb=132.740000s, depth=132.773000s). You may want to set approx_sync_max_interval lower than 0.01s to reject spurious bad synchronizations or use approx_sync=false if streams have all the exact same timestamp. Setting approx_sync_max_interval will suppress this warning.
[rgbd_sync-1] [WARN] [1768655032.240258587] [rgbd_sync]: The time difference between rgb and depth frames is high (diff=0.034000s, rgb=132.840000s, depth=132.806000s). You may want to set approx_sync_max_interval lower than 0.01s to reject spurious bad synchronizations or use approx_sync=false if streams have all the exact same timestamp. Setting approx_sync_max_interval will suppress this warning.
[rtabmap-2] [INFO] [1768655032.601334067] [rtabmap]: rtabmap (37): Rate=0.50s, Limit=0.000s, Conversion=0.0013s, RTAB-Map=0.3117s, Maps update=0.0050s pub=0.0008s delay=0.2940s (local map=9, WM=9)
[rgbd_sync-1] [WARN] [1768655032.935963061] [rgbd_sync]: The time difference between rgb and depth frames is high (diff=0.027000s, rgb=133.529000s, depth=133.556000s). You may want to set approx_sync_max_interval lower than 0.01s to reject spurious bad synchronizations or use approx_sync=false if streams have all the exact same timestamp. Setting approx_sync_max_interval will suppress this warning.
[rgbd_sync-1] [WARN] [1768655033.068491231] [rgbd_sync]: The time difference between rgb and depth frames is high (diff=0.024000s, rgb=133.706000s, depth=133.730000s). You may want to set approx_sync_max_interval lower than 0.01s to reject spurious bad synchronizations or use approx_sync=false if streams have all the exact same timestamp. Setting approx_sync_max_interval will suppress this warning.
[rtabmap-2] [INFO] [1768655033.249077468] [rtabmap]: rtabmap (38): Rate=0.50s, Limit=0.000s, Conversion=0.0013s, RTAB-Map=0.3031s, Maps update=0.0029s pub=0.0000s delay=0.3710s (local map=9, WM=9)
[rgbd_sync-1] [WARN] [1768655033.348607725] [rgbd_sync]: The time difference between rgb and depth frames is high (diff=0.033000s, rgb=133.969000s, depth=133.936000s). You may want to set approx_sync_max_interval lower than 0.01s to reject spurious bad synchronizations or use approx_sync=false if streams have all the exact same timestamp. Setting approx_sync_max_interval will suppress this warning.
[rtabmap-2] [INFO] [1768655033.926785033] [rtabmap]: rtabmap (39): Rate=0.50s, Limit=0.000s, Conversion=0.0012s, RTAB-Map=0.2958s, Maps update=0.0045s pub=0.0008s delay=0.3410s (local map=10, WM=10)
[rgbd_sync-1] [WARN] [1768655034.112275647] [rgbd_sync]: The time difference between rgb and depth frames is high (diff=0.041000s, rgb=134.716000s, depth=134.675000s). You may want to set approx_sync_max_interval lower than 0.01s to reject spurious bad synchronizations or use approx_sync=false if streams have all the exact same timestamp. Setting approx_sync_max_interval will suppress this warning.
[rgbd_sync-1] [WARN] [1768655034.453374781] [rgbd_sync]: The time difference between rgb and depth frames is high (diff=0.034000s, rgb=135.024000s, depth=135.058000s). You may want to set approx_sync_max_interval lower than 0.01s to reject spurious bad synchronizations or use approx_sync=false if streams have all the exact same timestamp. Setting approx_sync_max_interval will suppress this warning.
[rtabmap-2] [INFO] [1768655034.582046444] [rtabmap]: rtabmap (40): Rate=0.50s, Limit=0.000s, Conversion=0.0004s, RTAB-Map=0.2757s, Maps update=0.0048s pub=0.0024s delay=0.2760s (local map=11, WM=11)
[rgbd_sync-1] [WARN] [1768655034.690597992] [rgbd_sync]: The time difference between rgb and depth frames is high (diff=0.024000s, rgb=135.314000s, depth=135.290000s). You may want to set approx_sync_max_interval lower than 0.01s to reject spurious bad synchronizations or use approx_sync=false if streams have all the exact same timestamp. Setting approx_sync_max_interval will suppress this warning.
[rgbd_sync-1] [WARN] [1768655034.891551336] [rgbd_sync]: The time difference between rgb and depth frames is high (diff=0.033000s, rgb=135.517000s, depth=135.550000s). You may want to set approx_sync_max_interval lower than 0.01s to reject spurious bad synchronizations or use approx_sync=false if streams have all the exact same timestamp. Setting approx_sync_max_interval will suppress this warning.
[rtabmap-2] [INFO] [1768655035.151657229] [rtabmap]: rtabmap (41): Rate=0.50s, Limit=0.000s, Conversion=0.0007s, RTAB-Map=0.3375s, Maps update=0.0051s pub=0.0000s delay=0.3680s (local map=11, WM=11)
[rtabmap-2] [INFO] [1768655035.697505916] [rtabmap]: rtabmap (42): Rate=0.50s, Limit=0.000s, Conversion=0.0016s, RTAB-Map=0.3644s, Maps update=0.0050s pub=0.0018s delay=0.3630s (local map=12, WM=12)
[rtabmap-2] [INFO] [1768655036.164592503] [rtabmap]: rtabmap (43): Rate=0.50s, Limit=0.000s, Conversion=0.0005s, RTAB-Map=0.3200s, Maps update=0.0056s pub=0.0000s delay=0.3300s (local map=12, WM=12)
[rgbd_sync-1] [WARN] [1768655036.301558169] [rgbd_sync]: The time difference between rgb and depth frames is high (diff=0.024000s, rgb=136.937000s, depth=136.961000s). You may want to set approx_sync_max_interval lower than 0.01s to reject spurious bad synchronizations or use approx_sync=false if streams have all the exact same timestamp. Setting approx_sync_max_interval will suppress this warning.
[rtabmap-2] [INFO] [1768655036.636542552] [rtabmap]: rtabmap (44): Rate=0.50s, Limit=0.000s, Conversion=0.0005s, RTAB-Map=0.2890s, Maps update=0.0034s pub=0.0017s delay=0.3130s (local map=13, WM=13)
[rgbd_sync-1] [WARN] [1768655037.493031226] [rgbd_sync]: The time difference between rgb and depth frames is high (diff=0.031000s, rgb=138.119000s, depth=138.150000s). You may want to set approx_sync_max_interval lower than 0.01s to reject spurious bad synchronizations or use approx_sync=false if streams have all the exact same timestamp. Setting approx_sync_max_interval will suppress this warning.
[rtabmap-2] [INFO] [1768655037.512023915] [rtabmap]: rtabmap (45): Rate=0.50s, Limit=0.000s, Conversion=0.0010s, RTAB-Map=0.3257s, Maps update=0.0034s pub=0.0009s delay=0.2820s (local map=14, WM=14)
[rtabmap-2] [INFO] [1768655037.987447130] [rtabmap]: rtabmap (46): Rate=0.50s, Limit=0.000s, Conversion=0.0007s, RTAB-Map=0.2994s, Maps update=0.0021s pub=0.0000s delay=0.2820s (local map=14, WM=14)
[rtabmap-2] [INFO] [1768655038.643548340] [rtabmap]: rtabmap (47): Rate=0.50s, Limit=0.000s, Conversion=0.0009s, RTAB-Map=0.4060s, Maps update=0.0027s pub=0.0020s delay=0.4300s (local map=15, WM=15)
[rtabmap-2] [INFO] [1768655039.026622383] [rtabmap]: rtabmap (48): Rate=0.50s, Limit=0.000s, Conversion=0.0018s, RTAB-Map=0.2757s, Maps update=0.0043s pub=0.0000s delay=0.2280s (local map=15, WM=15)
[rtabmap-2] [INFO] [1768655039.658945272] [rtabmap]: rtabmap (49): Rate=0.50s, Limit=0.000s, Conversion=0.0005s, RTAB-Map=0.3471s, Maps update=0.0022s pub=0.0018s delay=0.3610s (local map=16, WM=16)
[rgbd_sync-1] [WARN] [1768655039.902009020] [rgbd_sync]: The time difference between rgb and depth frames is high (diff=0.033000s, rgb=140.518000s, depth=140.551000s). You may want to set approx_sync_max_interval lower than 0.01s to reject spurious bad synchronizations or use approx_sync=false if streams have all the exact same timestamp. Setting approx_sync_max_interval will suppress this warning.
[rtabmap-2] [INFO] [1768655040.174548801] [rtabmap]: rtabmap (50): Rate=0.50s, Limit=0.000s, Conversion=0.0009s, RTAB-Map=0.2647s, Maps update=0.0017s pub=0.0000s delay=0.2820s (local map=16, WM=16)
[rgbd_sync-1] [WARN] [1768655040.238229889] [rgbd_sync]: The time difference between rgb and depth frames is high (diff=0.030000s, rgb=140.855000s, depth=140.825000s). You may want to set approx_sync_max_interval lower than 0.01s to reject spurious bad synchronizations or use approx_sync=false if streams have all the exact same timestamp. Setting approx_sync_max_interval will suppress this warning.
[rgbd_sync-1] [WARN] [1768655040.525313560] [rgbd_sync]: The time difference between rgb and depth frames is high (diff=0.034000s, rgb=141.084000s, depth=141.118000s). You may want to set approx_sync_max_interval lower than 0.01s to reject spurious bad synchronizations or use approx_sync=false if streams have all the exact same timestamp. Setting approx_sync_max_interval will suppress this warning.
[rtabmap-2] [INFO] [1768655040.768077699] [rtabmap]: rtabmap (51): Rate=0.50s, Limit=0.000s, Conversion=0.0006s, RTAB-Map=0.3684s, Maps update=0.0039s pub=0.0000s delay=0.3740s (local map=16, WM=16)
[rgbd_sync-1] [WARN] [1768655040.914133533] [rgbd_sync]: The time difference between rgb and depth frames is high (diff=0.032000s, rgb=141.452000s, depth=141.484000s). You may want to set approx_sync_max_interval lower than 0.01s to reject spurious bad synchronizations or use approx_sync=false if streams have all the exact same timestamp. Setting approx_sync_max_interval will suppress this warning.
[rgbd_sync-1] [WARN] [1768655041.145907531] [rgbd_sync]: The time difference between rgb and depth frames is high (diff=0.025000s, rgb=141.637000s, depth=141.662000s). You may want to set approx_sync_max_interval lower than 0.01s to reject spurious bad synchronizations or use approx_sync=false if streams have all the exact same timestamp. Setting approx_sync_max_interval will suppress this warning.
[rtabmap-2] [INFO] [1768655041.498027576] [rtabmap]: rtabmap (52): Rate=0.50s, Limit=0.000s, Conversion=0.0010s, RTAB-Map=0.3385s, Maps update=0.0044s pub=0.0000s delay=0.4630s (local map=16, WM=16)
[rgbd_sync-1] [WARN] [1768655041.731353119] [rgbd_sync]: The time difference between rgb and depth frames is high (diff=0.042000s, rgb=142.215000s, depth=142.173000s). You may want to set approx_sync_max_interval lower than 0.01s to reject spurious bad synchronizations or use approx_sync=false if streams have all the exact same timestamp. Setting approx_sync_max_interval will suppress this warning.
[rgbd_sync-1] [WARN] [1768655041.803485876] [rgbd_sync]: The time difference between rgb and depth frames is high (diff=0.028000s, rgb=142.347000s, depth=142.375000s). You may want to set approx_sync_max_interval lower than 0.01s to reject spurious bad synchronizations or use approx_sync=false if streams have all the exact same timestamp. Setting approx_sync_max_interval will suppress this warning.
[rtabmap-2] [INFO] [1768655042.022881426] [rtabmap]: rtabmap (53): Rate=0.50s, Limit=0.000s, Conversion=0.0012s, RTAB-Map=0.2826s, Maps update=0.0024s pub=0.0000s delay=0.4270s (local map=16, WM=16)
[rtabmap-2] [INFO] [1768655042.388177338] [rtabmap]: rtabmap (54): Rate=0.50s, Limit=0.000s, Conversion=0.0007s, RTAB-Map=0.2762s, Maps update=0.0048s pub=0.0000s delay=0.2840s (local map=16, WM=16)
[rgbd_sync-1] [WARN] [1768655042.699830288] [rgbd_sync]: The time difference between rgb and depth frames is high (diff=0.034000s, rgb=143.245000s, depth=143.279000s). You may want to set approx_sync_max_interval lower than 0.01s to reject spurious bad synchronizations or use approx_sync=false if streams have all the exact same timestamp. Setting approx_sync_max_interval will suppress this warning.
[rtabmap-2] [INFO] [1768655043.046993904] [rtabmap]: rtabmap (55): Rate=0.50s, Limit=0.000s, Conversion=0.0014s, RTAB-Map=0.3356s, Maps update=0.0039s pub=0.0000s delay=0.4550s (local map=16, WM=16)
[rtabmap-2] [INFO] [1768655043.434337805] [rtabmap]: rtabmap (56): Rate=0.50s, Limit=0.000s, Conversion=0.0009s, RTAB-Map=0.2549s, Maps update=0.0050s pub=0.0022s delay=0.2150s (local map=17, WM=17)
[rgbd_sync-1] [WARN] [1768655043.810372411] [rgbd_sync]: The time difference between rgb and depth frames is high (diff=0.037000s, rgb=144.399000s, depth=144.362000s). You may want to set approx_sync_max_interval lower than 0.01s to reject spurious bad synchronizations or use approx_sync=false if streams have all the exact same timestamp. Setting approx_sync_max_interval will suppress this warning.
[rtabmap-2] [INFO] [1768655044.016912168] [rtabmap]: rtabmap (57): Rate=0.50s, Limit=0.000s, Conversion=0.0004s, RTAB-Map=0.3424s, Maps update=0.0022s pub=0.0000s delay=0.3120s (local map=17, WM=17)
[rgbd_sync-1] [WARN] [1768655044.187666854] [rgbd_sync]: The time difference between rgb and depth frames is high (diff=0.030000s, rgb=144.794000s, depth=144.824000s). You may want to set approx_sync_max_interval lower than 0.01s to reject spurious bad synchronizations or use approx_sync=false if streams have all the exact same timestamp. Setting approx_sync_max_interval will suppress this warning.
[rgbd_sync-1] [WARN] [1768655044.493227552] [rgbd_sync]: The time difference between rgb and depth frames is high (diff=0.028000s, rgb=145.064000s, depth=145.036000s). You may want to set approx_sync_max_interval lower than 0.01s to reject spurious bad synchronizations or use approx_sync=false if streams have all the exact same timestamp. Setting approx_sync_max_interval will suppress this warning.
[rtabmap-2] [INFO] [1768655044.543770050] [rtabmap]: rtabmap (58): Rate=0.50s, Limit=0.000s, Conversion=0.0008s, RTAB-Map=0.3483s, Maps update=0.0024s pub=0.0000s delay=0.3060s (local map=17, WM=17)
[rgbd_sync-1] [WARN] [1768655044.726022120] [rgbd_sync]: The time difference between rgb and depth frames is high (diff=0.034000s, rgb=145.297000s, depth=145.263000s). You may want to set approx_sync_max_interval lower than 0.01s to reject spurious bad synchronizations or use approx_sync=false if streams have all the exact same timestamp. Setting approx_sync_max_interval will suppress this warning.
[rtabmap-2] [INFO] [1768655045.097777743] [rtabmap]: rtabmap (59): Rate=0.50s, Limit=0.000s, Conversion=0.0005s, RTAB-Map=0.3203s, Maps update=0.0040s pub=0.0023s delay=0.3030s (local map=18, WM=18)
[rtabmap-2] [INFO] [1768655045.598790195] [rtabmap]: rtabmap (60): Rate=0.50s, Limit=0.000s, Conversion=0.0004s, RTAB-Map=0.2962s, Maps update=0.0026s pub=0.0000s delay=0.3020s (local map=18, WM=18)
[rtabmap-2] [INFO] [1768655046.252701971] [rtabmap]: rtabmap (61): Rate=0.50s, Limit=0.000s, Conversion=0.0006s, RTAB-Map=0.4262s, Maps update=0.0021s pub=0.0000s delay=0.4590s (local map=18, WM=18)
[rtabmap-2] [INFO] [1768655046.703363147] [rtabmap]: rtabmap (62): Rate=0.50s, Limit=0.000s, Conversion=0.0012s, RTAB-Map=0.3081s, Maps update=0.0021s pub=0.0020s delay=0.3040s (local map=19, WM=19)
[rgbd_sync-1] [WARN] [1768655046.893094161] [rgbd_sync]: The time difference between rgb and depth frames is high (diff=0.062000s, rgb=147.305000s, depth=147.243000s). You may want to set approx_sync_max_interval lower than 0.01s to reject spurious bad synchronizations or use approx_sync=false if streams have all the exact same timestamp. Setting approx_sync_max_interval will suppress this warning.
[rgbd_sync-1] [WARN] [1768655047.225915339] [rgbd_sync]: The time difference between rgb and depth frames is high (diff=0.034000s, rgb=147.825000s, depth=147.791000s). You may want to set approx_sync_max_interval lower than 0.01s to reject spurious bad synchronizations or use approx_sync=false if streams have all the exact same timestamp. Setting approx_sync_max_interval will suppress this warning.
[rtabmap-2] [INFO] [1768655047.240028037] [rtabmap]: rtabmap (63): Rate=0.50s, Limit=0.000s, Conversion=0.0008s, RTAB-Map=0.3142s, Maps update=0.0041s pub=0.0000s delay=0.2780s (local map=19, WM=19)
[rgbd_sync-1] [WARN] [1768655047.621202391] [rgbd_sync]: The time difference between rgb and depth frames is high (diff=0.071000s, rgb=148.142000s, depth=148.071000s). You may want to set approx_sync_max_interval lower than 0.01s to reject spurious bad synchronizations or use approx_sync=false if streams have all the exact same timestamp. Setting approx_sync_max_interval will suppress this warning.
[rgbd_sync-1] [WARN] [1768655047.953920976] [rgbd_sync]: The time difference between rgb and depth frames is high (diff=0.035000s, rgb=148.551000s, depth=148.516000s). You may want to set approx_sync_max_interval lower than 0.01s to reject spurious bad synchronizations or use approx_sync=false if streams have all the exact same timestamp. Setting approx_sync_max_interval will suppress this warning.
[rtabmap-2] [INFO] [1768655047.958540793] [rtabmap]: rtabmap (64): Rate=0.50s, Limit=0.000s, Conversion=0.0010s, RTAB-Map=0.3304s, Maps update=0.0025s pub=0.0000s delay=0.5290s (local map=19, WM=19)
[rgbd_sync-1] [WARN] [1768655048.228708815] [rgbd_sync]: The time difference between rgb and depth frames is high (diff=0.033000s, rgb=148.724000s, depth=148.691000s). You may want to set approx_sync_max_interval lower than 0.01s to reject spurious bad synchronizations or use approx_sync=false if streams have all the exact same timestamp. Setting approx_sync_max_interval will suppress this warning.
[rgbd_sync-1] [WARN] [1768655048.395176526] [rgbd_sync]: The time difference between rgb and depth frames is high (diff=0.034000s, rgb=148.999000s, depth=148.965000s). You may want to set approx_sync_max_interval lower than 0.01s to reject spurious bad synchronizations or use approx_sync=false if streams have all the exact same timestamp. Setting approx_sync_max_interval will suppress this warning.
[rtabmap-2] [INFO] [1768655048.580587024] [rtabmap]: rtabmap (65): Rate=0.50s, Limit=0.000s, Conversion=0.0012s, RTAB-Map=0.3372s, Maps update=0.0033s pub=0.0024s delay=0.5090s (local map=20, WM=20)
[rtabmap-2] [INFO] [1768655049.075403510] [rtabmap]: rtabmap (66): Rate=0.50s, Limit=0.000s, Conversion=0.0005s, RTAB-Map=0.3597s, Maps update=0.0048s pub=0.0000s delay=0.4010s (local map=20, WM=20)
[rtabmap-2] [INFO] [1768655049.657272350] [rtabmap]: rtabmap (67): Rate=0.50s, Limit=0.000s, Conversion=0.0009s, RTAB-Map=0.3345s, Maps update=0.0055s pub=0.0060s delay=0.3000s (local map=21, WM=21)
[rgbd_sync-1] [WARN] [1768655049.709038608] [rgbd_sync]: The time difference between rgb and depth frames is high (diff=0.027000s, rgb=150.316000s, depth=150.289000s). You may want to set approx_sync_max_interval lower than 0.01s to reject spurious bad synchronizations or use approx_sync=false if streams have all the exact same timestamp. Setting approx_sync_max_interval will suppress this warning.
[rtabmap-2] [INFO] [1768655050.151852074] [rtabmap]: rtabmap (68): Rate=0.50s, Limit=0.000s, Conversion=0.0009s, RTAB-Map=0.3336s, Maps update=0.0043s pub=0.0000s delay=0.2830s (local map=21, WM=21)
[rgbd_sync-1] [WARN] [1768655050.189458803] [rgbd_sync]: The time difference between rgb and depth frames is high (diff=0.024000s, rgb=150.794000s, depth=150.818000s). You may want to set approx_sync_max_interval lower than 0.01s to reject spurious bad synchronizations or use approx_sync=false if streams have all the exact same timestamp. Setting approx_sync_max_interval will suppress this warning.
[rgbd_sync-1] [WARN] [1768655050.809994787] [rgbd_sync]: The time difference between rgb and depth frames is high (diff=0.035000s, rgb=151.282000s, depth=151.317000s). You may want to set approx_sync_max_interval lower than 0.01s to reject spurious bad synchronizations or use approx_sync=false if streams have all the exact same timestamp. Setting approx_sync_max_interval will suppress this warning.
[rtabmap-2] [INFO] [1768655050.849020467] [rtabmap]: rtabmap (69): Rate=0.50s, Limit=0.000s, Conversion=0.0012s, RTAB-Map=0.3470s, Maps update=0.0046s pub=0.0000s delay=0.3170s (local map=21, WM=21)
[rgbd_sync-1] [WARN] [1768655050.958132946] [rgbd_sync]: The time difference between rgb and depth frames is high (diff=0.032000s, rgb=151.549000s, depth=151.517000s). You may want to set approx_sync_max_interval lower than 0.01s to reject spurious bad synchronizations or use approx_sync=false if streams have all the exact same timestamp. Setting approx_sync_max_interval will suppress this warning.
[rgbd_sync-1] [WARN] [1768655051.261072653] [rgbd_sync]: The time difference between rgb and depth frames is high (diff=0.102000s, rgb=151.782000s, depth=151.884000s). You may want to set approx_sync_max_interval lower than 0.01s to reject spurious bad synchronizations or use approx_sync=false if streams have all the exact same timestamp. Setting approx_sync_max_interval will suppress this warning.
[rgbd_sync-1] [WARN] [1768655051.369430178] [rgbd_sync]: The time difference between rgb and depth frames is high (diff=0.021000s, rgb=151.963000s, depth=151.942000s). You may want to set approx_sync_max_interval lower than 0.01s to reject spurious bad synchronizations or use approx_sync=false if streams have all the exact same timestamp. Setting approx_sync_max_interval will suppress this warning.
[rtabmap-2] [INFO] [1768655051.623245734] [rtabmap]: rtabmap (70): Rate=0.50s, Limit=0.000s, Conversion=0.0014s, RTAB-Map=0.3508s, Maps update=0.0034s pub=0.0000s delay=0.4180s (local map=21, WM=21)
[rgbd_sync-1] [WARN] [1768655051.726403979] [rgbd_sync]: The time difference between rgb and depth frames is high (diff=0.054000s, rgb=152.270000s, depth=152.216000s). You may want to set approx_sync_max_interval lower than 0.01s to reject spurious bad synchronizations or use approx_sync=false if streams have all the exact same timestamp. Setting approx_sync_max_interval will suppress this warning.
[rgbd_sync-1] [WARN] [1768655051.825619013] [rgbd_sync]: The time difference between rgb and depth frames is high (diff=0.033000s, rgb=152.322000s, depth=152.355000s). You may want to set approx_sync_max_interval lower than 0.01s to reject spurious bad synchronizations or use approx_sync=false if streams have all the exact same timestamp. Setting approx_sync_max_interval will suppress this warning.
[rtabmap-2] [INFO] [1768655052.162603568] [rtabmap]: rtabmap (71): Rate=0.50s, Limit=0.000s, Conversion=0.0019s, RTAB-Map=0.3240s, Maps update=0.0047s pub=0.0000s delay=0.3780s (local map=21, WM=21)
[rgbd_sync-1] [WARN] [1768655052.442428208] [rgbd_sync]: The time difference between rgb and depth frames is high (diff=0.030000s, rgb=153.032000s, depth=153.062000s). You may want to set approx_sync_max_interval lower than 0.01s to reject spurious bad synchronizations or use approx_sync=false if streams have all the exact same timestamp. Setting approx_sync_max_interval will suppress this warning.
[rtabmap-2] [INFO] [1768655052.630249287] [rtabmap]: rtabmap (72): Rate=0.50s, Limit=0.000s, Conversion=0.0005s, RTAB-Map=0.2694s, Maps update=0.0042s pub=0.0000s delay=0.2380s (local map=21, WM=21)
[rgbd_sync-1] [WARN] [1768655053.145478414] [rgbd_sync]: The time difference between rgb and depth frames is high (diff=0.027000s, rgb=153.719000s, depth=153.692000s). You may want to set approx_sync_max_interval lower than 0.01s to reject spurious bad synchronizations or use approx_sync=false if streams have all the exact same timestamp. Setting approx_sync_max_interval will suppress this warning.
[rtabmap-2] [INFO] [1768655053.186994481] [rtabmap]: rtabmap (73): Rate=0.50s, Limit=0.000s, Conversion=0.0012s, RTAB-Map=0.2956s, Maps update=0.0046s pub=0.0000s delay=0.3310s (local map=21, WM=21)
[rtabmap-2] [INFO] [1768655053.779801695] [rtabmap]: rtabmap (74): Rate=0.50s, Limit=0.000s, Conversion=0.0009s, RTAB-Map=0.2786s, Maps update=0.0043s pub=0.0000s delay=0.3310s (local map=21, WM=21)
[rgbd_sync-1] [WARN] [1768655054.023147718] [rgbd_sync]: The time difference between rgb and depth frames is high (diff=0.034000s, rgb=154.535000s, depth=154.569000s). You may want to set approx_sync_max_interval lower than 0.01s to reject spurious bad synchronizations or use approx_sync=false if streams have all the exact same timestamp. Setting approx_sync_max_interval will suppress this warning.
[rtabmap-2] [INFO] [1768655054.294274736] [rtabmap]: rtabmap (75): Rate=0.50s, Limit=0.000s, Conversion=0.0005s, RTAB-Map=0.2255s, Maps update=0.0054s pub=0.0000s delay=0.2300s (local map=21, WM=21)
[rgbd_sync-1] [WARN] [1768655054.347916973] [rgbd_sync]: The time difference between rgb and depth frames is high (diff=0.067000s, rgb=154.902000s, depth=154.835000s). You may want to set approx_sync_max_interval lower than 0.01s to reject spurious bad synchronizations or use approx_sync=false if streams have all the exact same timestamp. Setting approx_sync_max_interval will suppress this warning.
[rgbd_sync-1] [WARN] [1768655054.480145732] [rgbd_sync]: The time difference between rgb and depth frames is high (diff=0.033000s, rgb=155.070000s, depth=155.103000s). You may want to set approx_sync_max_interval lower than 0.01s to reject spurious bad synchronizations or use approx_sync=false if streams have all the exact same timestamp. Setting approx_sync_max_interval will suppress this warning.
[rgbd_sync-1] [WARN] [1768655054.828308483] [rgbd_sync]: The time difference between rgb and depth frames is high (diff=0.037000s, rgb=155.405000s, depth=155.442000s). You may want to set approx_sync_max_interval lower than 0.01s to reject spurious bad synchronizations or use approx_sync=false if streams have all the exact same timestamp. Setting approx_sync_max_interval will suppress this warning.
[rtabmap-2] [INFO] [1768655055.000236116] [rtabmap]: rtabmap (76): Rate=0.50s, Limit=0.000s, Conversion=0.0005s, RTAB-Map=0.3280s, Maps update=0.0053s pub=0.0000s delay=0.3470s (local map=21, WM=21)
[rgbd_sync-1] [WARN] [1768655055.161349229] [rgbd_sync]: The time difference between rgb and depth frames is high (diff=0.057000s, rgb=155.612000s, depth=155.669000s). You may want to set approx_sync_max_interval lower than 0.01s to reject spurious bad synchronizations or use approx_sync=false if streams have all the exact same timestamp. Setting approx_sync_max_interval will suppress this warning.
[rgbd_sync-1] [WARN] [1768655055.219673050] [rgbd_sync]: The time difference between rgb and depth frames is high (diff=0.067000s, rgb=155.769000s, depth=155.702000s). You may want to set approx_sync_max_interval lower than 0.01s to reject spurious bad synchronizations or use approx_sync=false if streams have all the exact same timestamp. Setting approx_sync_max_interval will suppress this warning.
[rtabmap-2] [INFO] [1768655055.511010038] [rtabmap]: rtabmap (77): Rate=0.50s, Limit=0.000s, Conversion=0.0005s, RTAB-Map=0.2650s, Maps update=0.0031s pub=0.0000s delay=0.2640s (local map=21, WM=21)
[rgbd_sync-1] [WARN] [1768655055.971396050] [rgbd_sync]: The time difference between rgb and depth frames is high (diff=0.100000s, rgb=156.375000s, depth=156.275000s). You may want to set approx_sync_max_interval lower than 0.01s to reject spurious bad synchronizations or use approx_sync=false if streams have all the exact same timestamp. Setting approx_sync_max_interval will suppress this warning.
[rtabmap-2] [INFO] [1768655056.343588674] [rtabmap]: rtabmap (78): Rate=0.50s, Limit=0.000s, Conversion=0.0007s, RTAB-Map=0.3207s, Maps update=0.0067s pub=0.0000s delay=0.3160s (local map=21, WM=21)
[rtabmap-2] [INFO] [1768655056.842658946] [rtabmap]: rtabmap (79): Rate=0.50s, Limit=0.000s, Conversion=0.0008s, RTAB-Map=0.2796s, Maps update=0.0036s pub=0.0000s delay=0.2430s (local map=21, WM=21)
[rgbd_sync-1] [WARN] [1768655057.133129301] [rgbd_sync]: The time difference between rgb and depth frames is high (diff=0.032000s, rgb=157.563000s, depth=157.595000s). You may want to set approx_sync_max_interval lower than 0.01s to reject spurious bad synchronizations or use approx_sync=false if streams have all the exact same timestamp. Setting approx_sync_max_interval will suppress this warning.
[rgbd_sync-1] [WARN] [1768655057.209704274] [rgbd_sync]: The time difference between rgb and depth frames is high (diff=0.033000s, rgb=157.729000s, depth=157.762000s). You may want to set approx_sync_max_interval lower than 0.01s to reject spurious bad synchronizations or use approx_sync=false if streams have all the exact same timestamp. Setting approx_sync_max_interval will suppress this warning.
[rgbd_sync-1] [WARN] [1768655057.517163198] [rgbd_sync]: The time difference between rgb and depth frames is high (diff=0.038000s, rgb=157.971000s, depth=158.009000s). You may want to set approx_sync_max_interval lower than 0.01s to reject spurious bad synchronizations or use approx_sync=false if streams have all the exact same timestamp. Setting approx_sync_max_interval will suppress this warning.
[rtabmap-2] [INFO] [1768655057.528388055] [rtabmap]: rtabmap (80): Rate=0.50s, Limit=0.000s, Conversion=0.0011s, RTAB-Map=0.3114s, Maps update=0.0025s pub=0.0000s delay=0.3710s (local map=21, WM=21)
[rgbd_sync-1] [WARN] [1768655057.536059367] [rgbd_sync]: The time difference between rgb and depth frames is high (diff=0.031000s, rgb=158.110000s, depth=158.141000s). You may want to set approx_sync_max_interval lower than 0.01s to reject spurious bad synchronizations or use approx_sync=false if streams have all the exact same timestamp. Setting approx_sync_max_interval will suppress this warning.
[rtabmap-2] [INFO] [1768655058.029871655] [rtabmap]: rtabmap (81): Rate=0.50s, Limit=0.000s, Conversion=0.0010s, RTAB-Map=0.3128s, Maps update=0.0053s pub=0.0000s delay=0.3150s (local map=21, WM=21)
[rgbd_sync-1] [WARN] [1768655058.320007359] [rgbd_sync]: The time difference between rgb and depth frames is high (diff=0.034000s, rgb=158.891000s, depth=158.925000s). You may want to set approx_sync_max_interval lower than 0.01s to reject spurious bad synchronizations or use approx_sync=false if streams have all the exact same timestamp. Setting approx_sync_max_interval will suppress this warning.
[rgbd_sync-1] [WARN] [1768655058.424980225] [rgbd_sync]: The time difference between rgb and depth frames is high (diff=0.044000s, rgb=158.925000s, depth=158.969000s). You may want to set approx_sync_max_interval lower than 0.01s to reject spurious bad synchronizations or use approx_sync=false if streams have all the exact same timestamp. Setting approx_sync_max_interval will suppress this warning.
[rtabmap-2] [INFO] [1768655058.612332216] [rtabmap]: rtabmap (82): Rate=0.50s, Limit=0.000s, Conversion=0.0012s, RTAB-Map=0.2778s, Maps update=0.0050s pub=0.0000s delay=0.3090s (local map=21, WM=21)
[rgbd_sync-1] [WARN] [1768655058.868331297] [rgbd_sync]: The time difference between rgb and depth frames is high (diff=0.033000s, rgb=159.395000s, depth=159.428000s). You may want to set approx_sync_max_interval lower than 0.01s to reject spurious bad synchronizations or use approx_sync=false if streams have all the exact same timestamp. Setting approx_sync_max_interval will suppress this warning.
[rtabmap-2] [INFO] [1768655059.191469107] [rtabmap]: rtabmap (83): Rate=0.50s, Limit=0.000s, Conversion=0.0010s, RTAB-Map=0.3110s, Maps update=0.0045s pub=0.0000s delay=0.4050s (local map=21, WM=21)
[rtabmap-2] [INFO] [1768655059.698913397] [rtabmap]: rtabmap (84): Rate=0.50s, Limit=0.000s, Conversion=0.0006s, RTAB-Map=0.3044s, Maps update=0.0049s pub=0.0000s delay=0.3310s (local map=21, WM=21)
[rgbd_sync-1] [WARN] [1768655059.959869220] [rgbd_sync]: The time difference between rgb and depth frames is high (diff=0.043000s, rgb=160.520000s, depth=160.477000s). You may want to set approx_sync_max_interval lower than 0.01s to reject spurious bad synchronizations or use approx_sync=false if streams have all the exact same timestamp. Setting approx_sync_max_interval will suppress this warning.
[rtabmap-2] [INFO] [1768655060.222024884] [rtabmap]: rtabmap (85): Rate=0.50s, Limit=0.000s, Conversion=0.0017s, RTAB-Map=0.2495s, Maps update=0.0023s pub=0.0000s delay=0.3230s (local map=21, WM=21)
[rgbd_sync-1] [WARN] [1768655060.602380214] [rgbd_sync]: The time difference between rgb and depth frames is high (diff=0.038000s, rgb=161.062000s, depth=161.100000s). You may want to set approx_sync_max_interval lower than 0.01s to reject spurious bad synchronizations or use approx_sync=false if streams have all the exact same timestamp. Setting approx_sync_max_interval will suppress this warning.
[rtabmap-2] [INFO] [1768655060.860023745] [rtabmap]: rtabmap (86): Rate=0.50s, Limit=0.000s, Conversion=0.0007s, RTAB-Map=0.2496s, Maps update=0.0030s pub=0.0000s delay=0.3380s (local map=21, WM=21)
[rgbd_sync-1] [WARN] [1768655061.025812459] [rgbd_sync]: The time difference between rgb and depth frames is high (diff=0.044000s, rgb=161.572000s, depth=161.528000s). You may want to set approx_sync_max_interval lower than 0.01s to reject spurious bad synchronizations or use approx_sync=false if streams have all the exact same timestamp. Setting approx_sync_max_interval will suppress this warning.
[rgbd_sync-1] [WARN] [1768655061.201282809] [rgbd_sync]: The time difference between rgb and depth frames is high (diff=0.031000s, rgb=161.764000s, depth=161.795000s). You may want to set approx_sync_max_interval lower than 0.01s to reject spurious bad synchronizations or use approx_sync=false if streams have all the exact same timestamp. Setting approx_sync_max_interval will suppress this warning.
[rtabmap-2] [INFO] [1768655061.369462939] [rtabmap]: rtabmap (87): Rate=0.50s, Limit=0.000s, Conversion=0.0008s, RTAB-Map=0.3077s, Maps update=0.0049s pub=0.0000s delay=0.2720s (local map=21, WM=21)
[rtabmap-2] [INFO] [1768655061.893817980] [rtabmap]: rtabmap (88): Rate=0.50s, Limit=0.000s, Conversion=0.0008s, RTAB-Map=0.2979s, Maps update=0.0048s pub=0.0000s delay=0.3300s (local map=21, WM=21)
[rgbd_sync-1] [WARN] [1768655061.903548814] [rgbd_sync]: The time difference between rgb and depth frames is high (diff=0.034000s, rgb=162.470000s, depth=162.504000s). You may want to set approx_sync_max_interval lower than 0.01s to reject spurious bad synchronizations or use approx_sync=false if streams have all the exact same timestamp. Setting approx_sync_max_interval will suppress this warning.
[rtabmap-2] [INFO] [1768655062.451797550] [rtabmap]: rtabmap (89): Rate=0.50s, Limit=0.000s, Conversion=0.0005s, RTAB-Map=0.3007s, Maps update=0.0053s pub=0.0000s delay=0.2910s (local map=21, WM=21)
[rtabmap-2] [INFO] [1768655062.929483364] [rtabmap]: rtabmap (90): Rate=0.50s, Limit=0.000s, Conversion=0.0011s, RTAB-Map=0.2531s, Maps update=0.0048s pub=0.0000s delay=0.2520s (local map=21, WM=21)
[rgbd_sync-1] [WARN] [1768655063.247073211] [rgbd_sync]: The time difference between rgb and depth frames is high (diff=0.099000s, rgb=163.750000s, depth=163.849000s). You may want to set approx_sync_max_interval lower than 0.01s to reject spurious bad synchronizations or use approx_sync=false if streams have all the exact same timestamp. Setting approx_sync_max_interval will suppress this warning.
[rgbd_sync-1] [WARN] [1768655063.520299863] [rgbd_sync]: The time difference between rgb and depth frames is high (diff=0.038000s, rgb=164.048000s, depth=164.010000s). You may want to set approx_sync_max_interval lower than 0.01s to reject spurious bad synchronizations or use approx_sync=false if streams have all the exact same timestamp. Setting approx_sync_max_interval will suppress this warning.
[rtabmap-2] [INFO] [1768655063.545544709] [rtabmap]: rtabmap (91): Rate=0.50s, Limit=0.000s, Conversion=0.0018s, RTAB-Map=0.2832s, Maps update=0.0044s pub=0.0000s delay=0.3500s (local map=21, WM=21)
[rtabmap-2] [INFO] [1768655064.009500380] [rtabmap]: rtabmap (92): Rate=0.50s, Limit=0.000s, Conversion=0.0004s, RTAB-Map=0.2988s, Maps update=0.0036s pub=0.0000s delay=0.3430s (local map=21, WM=21)
[rtabmap-2] [INFO] [1768655064.578146758] [rtabmap]: rtabmap (93): Rate=0.50s, Limit=0.000s, Conversion=0.0015s, RTAB-Map=0.3071s, Maps update=0.0039s pub=0.0000s delay=0.2750s (local map=21, WM=21)
[rgbd_sync-1] [WARN] [1768655064.718228766] [rgbd_sync]: The time difference between rgb and depth frames is high (diff=0.034000s, rgb=165.293000s, depth=165.259000s). You may want to set approx_sync_max_interval lower than 0.01s to reject spurious bad synchronizations or use approx_sync=false if streams have all the exact same timestamp. Setting approx_sync_max_interval will suppress this warning.
[rtabmap-2] [INFO] [1768655065.120562908] [rtabmap]: rtabmap (94): Rate=0.50s, Limit=0.000s, Conversion=0.0009s, RTAB-Map=0.2665s, Maps update=0.0045s pub=0.0000s delay=0.2920s (local map=21, WM=21)
[rgbd_sync-1] [WARN] [1768655065.494748230] [rgbd_sync]: The time difference between rgb and depth frames is high (diff=0.068000s, rgb=165.944000s, depth=166.012000s). You may want to set approx_sync_max_interval lower than 0.01s to reject spurious bad synchronizations or use approx_sync=false if streams have all the exact same timestamp. Setting approx_sync_max_interval will suppress this warning.
[rtabmap-2] [INFO] [1768655065.837900281] [rtabmap]: rtabmap (95): Rate=0.50s, Limit=0.000s, Conversion=0.0010s, RTAB-Map=0.3339s, Maps update=0.0041s pub=0.0000s delay=0.4560s (local map=21, WM=21)
[rgbd_sync-1] [WARN] [1768655065.869140687] [rgbd_sync]: The time difference between rgb and depth frames is high (diff=0.033000s, rgb=166.343000s, depth=166.376000s). You may want to set approx_sync_max_interval lower than 0.01s to reject spurious bad synchronizations or use approx_sync=false if streams have all the exact same timestamp. Setting approx_sync_max_interval will suppress this warning.
[rgbd_sync-1] [WARN] [1768655066.096695291] [rgbd_sync]: The time difference between rgb and depth frames is high (diff=0.038000s, rgb=166.577000s, depth=166.615000s). You may want to set approx_sync_max_interval lower than 0.01s to reject spurious bad synchronizations or use approx_sync=false if streams have all the exact same timestamp. Setting approx_sync_max_interval will suppress this warning.
[rtabmap-2] [INFO] [1768655066.266297194] [rtabmap]: rtabmap (96): Rate=0.50s, Limit=0.000s, Conversion=0.0005s, RTAB-Map=0.3086s, Maps update=0.0043s pub=0.0000s delay=0.2900s (local map=21, WM=21)
[rgbd_sync-1] [WARN] [1768655066.647992039] [rgbd_sync]: The time difference between rgb and depth frames is high (diff=0.034000s, rgb=167.110000s, depth=167.144000s). You may want to set approx_sync_max_interval lower than 0.01s to reject spurious bad synchronizations or use approx_sync=false if streams have all the exact same timestamp. Setting approx_sync_max_interval will suppress this warning.
[rtabmap-2] [INFO] [1768655066.910952572] [rtabmap]: rtabmap (97): Rate=0.50s, Limit=0.000s, Conversion=0.0007s, RTAB-Map=0.2545s, Maps update=0.0046s pub=0.0000s delay=0.3900s (local map=21, WM=21)
[rgbd_sync-1] [WARN] [1768655067.039380984] [rgbd_sync]: The time difference between rgb and depth frames is high (diff=0.032000s, rgb=167.592000s, depth=167.624000s). You may want to set approx_sync_max_interval lower than 0.01s to reject spurious bad synchronizations or use approx_sync=false if streams have all the exact same timestamp. Setting approx_sync_max_interval will suppress this warning.
[rgbd_sync-1] [WARN] [1768655067.487791266] [rgbd_sync]: The time difference between rgb and depth frames is high (diff=0.067000s, rgb=168.004000s, depth=167.937000s). You may want to set approx_sync_max_interval lower than 0.01s to reject spurious bad synchronizations or use approx_sync=false if streams have all the exact same timestamp. Setting approx_sync_max_interval will suppress this warning.
[rgbd_sync-1] [WARN] [1768655067.537219392] [rgbd_sync]: The time difference between rgb and depth frames is high (diff=0.034000s, rgb=168.038000s, depth=168.072000s). You may want to set approx_sync_max_interval lower than 0.01s to reject spurious bad synchronizations or use approx_sync=false if streams have all the exact same timestamp. Setting approx_sync_max_interval will suppress this warning.
[rtabmap-2] [INFO] [1768655067.631851875] [rtabmap]: rtabmap (98): Rate=0.50s, Limit=0.000s, Conversion=0.0014s, RTAB-Map=0.3301s, Maps update=0.0044s pub=0.0000s delay=0.3760s (local map=21, WM=21)
[rtabmap-2] [INFO] [1768655068.024600023] [rtabmap]: rtabmap (99): Rate=0.50s, Limit=0.000s, Conversion=0.0003s, RTAB-Map=0.2441s, Maps update=0.0046s pub=0.0000s delay=0.2560s (local map=21, WM=21)
[rgbd_sync-1] [WARN] [1768655068.359145514] [rgbd_sync]: The time difference between rgb and depth frames is high (diff=0.035000s, rgb=168.837000s, depth=168.872000s). You may want to set approx_sync_max_interval lower than 0.01s to reject spurious bad synchronizations or use approx_sync=false if streams have all the exact same timestamp. Setting approx_sync_max_interval will suppress this warning.
[rgbd_sync-1] [WARN] [1768655068.412176159] [rgbd_sync]: The time difference between rgb and depth frames is high (diff=0.027000s, rgb=168.937000s, depth=168.910000s). You may want to set approx_sync_max_interval lower than 0.01s to reject spurious bad synchronizations or use approx_sync=false if streams have all the exact same timestamp. Setting approx_sync_max_interval will suppress this warning.
[rtabmap-2] [INFO] [1768655068.758483264] [rtabmap]: rtabmap (100): Rate=0.50s, Limit=0.000s, Conversion=0.0017s, RTAB-Map=0.3337s, Maps update=0.0050s pub=0.0000s delay=0.3900s (local map=21, WM=21)
[rtabmap-2] [INFO] [1768655069.281706261] [rtabmap]: rtabmap (101): Rate=0.50s, Limit=0.000s, Conversion=0.0006s, RTAB-Map=0.2612s, Maps update=0.0046s pub=0.0000s delay=0.2280s (local map=21, WM=21)
[rtabmap-2] [INFO] [1768655069.966698753] [rtabmap]: rtabmap (102): Rate=0.50s, Limit=0.000s, Conversion=0.0009s, RTAB-Map=0.3371s, Maps update=0.0053s pub=0.0000s delay=0.3220s (local map=21, WM=21)
[rgbd_sync-1] [WARN] [1768655070.069373702] [rgbd_sync]: The time difference between rgb and depth frames is high (diff=0.033000s, rgb=170.614000s, depth=170.581000s). You may want to set approx_sync_max_interval lower than 0.01s to reject spurious bad synchronizations or use approx_sync=false if streams have all the exact same timestamp. Setting approx_sync_max_interval will suppress this warning.
[rtabmap-2] [INFO] [1768655070.751751919] [rtabmap]: rtabmap (103): Rate=0.50s, Limit=0.000s, Conversion=0.0011s, RTAB-Map=0.2875s, Maps update=0.0047s pub=0.0000s delay=0.2820s (local map=21, WM=21)
[rtabmap-2] [INFO] [1768655071.266320421] [rtabmap]: rtabmap (104): Rate=0.50s, Limit=0.000s, Conversion=0.0014s, RTAB-Map=0.2671s, Maps update=0.0046s pub=0.0000s delay=0.2610s (local map=21, WM=21)
[rgbd_sync-1] [WARN] [1768655071.370047350] [rgbd_sync]: The time difference between rgb and depth frames is high (diff=0.030000s, rgb=171.861000s, depth=171.891000s). You may want to set approx_sync_max_interval lower than 0.01s to reject spurious bad synchronizations or use approx_sync=false if streams have all the exact same timestamp. Setting approx_sync_max_interval will suppress this warning.
[rtabmap-2] [INFO] [1768655071.864689727] [rtabmap]: rtabmap (105): Rate=0.50s, Limit=0.000s, Conversion=0.0008s, RTAB-Map=0.3048s, Maps update=0.0031s pub=0.0000s delay=0.3420s (local map=21, WM=21)
[rgbd_sync-1] [WARN] [1768655071.878389630] [rgbd_sync]: The time difference between rgb and depth frames is high (diff=0.034000s, rgb=172.426000s, depth=172.392000s). You may want to set approx_sync_max_interval lower than 0.01s to reject spurious bad synchronizations or use approx_sync=false if streams have all the exact same timestamp. Setting approx_sync_max_interval will suppress this warning.
[rgbd_sync-1] [WARN] [1768655072.010701144] [rgbd_sync]: The time difference between rgb and depth frames is high (diff=0.034000s, rgb=172.561000s, depth=172.527000s). You may want to set approx_sync_max_interval lower than 0.01s to reject spurious bad synchronizations or use approx_sync=false if streams have all the exact same timestamp. Setting approx_sync_max_interval will suppress this warning.
[rgbd_sync-1] [WARN] [1768655072.278279903] [rgbd_sync]: The time difference between rgb and depth frames is high (diff=0.033000s, rgb=172.625000s, depth=172.592000s). You may want to set approx_sync_max_interval lower than 0.01s to reject spurious bad synchronizations or use approx_sync=false if streams have all the exact same timestamp. Setting approx_sync_max_interval will suppress this warning.
[rgbd_sync-1] [WARN] [1768655072.472154930] [rgbd_sync]: The time difference between rgb and depth frames is high (diff=0.034000s, rgb=172.971000s, depth=173.005000s). You may want to set approx_sync_max_interval lower than 0.01s to reject spurious bad synchronizations or use approx_sync=false if streams have all the exact same timestamp. Setting approx_sync_max_interval will suppress this warning.
[rtabmap-2] [INFO] [1768655072.594490000] [rtabmap]: rtabmap (106): Rate=0.50s, Limit=0.000s, Conversion=0.0010s, RTAB-Map=0.3033s, Maps update=0.0050s pub=0.0000s delay=0.5080s (local map=21, WM=21)
[rtabmap-2] [INFO] [1768655072.907583659] [rtabmap]: rtabmap (107): Rate=0.50s, Limit=0.000s, Conversion=0.0009s, RTAB-Map=0.2909s, Maps update=0.0035s pub=0.0000s delay=0.2250s (local map=21, WM=21)
[rtabmap-2] [INFO] [1768655073.649590263] [rtabmap]: rtabmap (108): Rate=0.50s, Limit=0.000s, Conversion=0.0005s, RTAB-Map=0.3246s, Maps update=0.0049s pub=0.0000s delay=0.3260s (local map=21, WM=21)
[rgbd_sync-1] [WARN] [1768655074.051860404] [rgbd_sync]: The time difference between rgb and depth frames is high (diff=0.134000s, rgb=174.611000s, depth=174.477000s). You may want to set approx_sync_max_interval lower than 0.01s to reject spurious bad synchronizations or use approx_sync=false if streams have all the exact same timestamp. Setting approx_sync_max_interval will suppress this warning.
[rgbd_sync-1] [WARN] [1768655074.179575252] [rgbd_sync]: The time difference between rgb and depth frames is high (diff=0.022000s, rgb=174.728000s, depth=174.750000s). You may want to set approx_sync_max_interval lower than 0.01s to reject spurious bad synchronizations or use approx_sync=false if streams have all the exact same timestamp. Setting approx_sync_max_interval will suppress this warning.
[rtabmap-2] [INFO] [1768655074.350159152] [rtabmap]: rtabmap (109): Rate=0.50s, Limit=0.000s, Conversion=0.0005s, RTAB-Map=0.2906s, Maps update=0.0049s pub=0.0000s delay=0.4230s (local map=21, WM=21)
[rgbd_sync-1] [WARN] [1768655074.721716058] [rgbd_sync]: The time difference between rgb and depth frames is high (diff=0.035000s, rgb=175.255000s, depth=175.290000s). You may want to set approx_sync_max_interval lower than 0.01s to reject spurious bad synchronizations or use approx_sync=false if streams have all the exact same timestamp. Setting approx_sync_max_interval will suppress this warning.
[rtabmap-2] [INFO] [1768655074.750115551] [rtabmap]: rtabmap (110): Rate=0.50s, Limit=0.000s, Conversion=0.0007s, RTAB-Map=0.2436s, Maps update=0.0046s pub=0.0000s delay=0.2750s (local map=21, WM=21)
[rgbd_sync-1] [WARN] [1768655075.286776300] [rgbd_sync]: The time difference between rgb and depth frames is high (diff=0.055000s, rgb=175.644000s, depth=175.699000s). You may want to set approx_sync_max_interval lower than 0.01s to reject spurious bad synchronizations or use approx_sync=false if streams have all the exact same timestamp. Setting approx_sync_max_interval will suppress this warning.
[rgbd_sync-1] [WARN] [1768655075.299906443] [rgbd_sync]: The time difference between rgb and depth frames is high (diff=0.026000s, rgb=175.842000s, depth=175.868000s). You may want to set approx_sync_max_interval lower than 0.01s to reject spurious bad synchronizations or use approx_sync=false if streams have all the exact same timestamp. Setting approx_sync_max_interval will suppress this warning.
[rtabmap-2] [INFO] [1768655075.539254569] [rtabmap]: rtabmap (111): Rate=0.50s, Limit=0.000s, Conversion=0.0004s, RTAB-Map=0.2451s, Maps update=0.0049s pub=0.0000s delay=0.4560s (local map=21, WM=21)
[rgbd_sync-1] [WARN] [1768655075.706939561] [rgbd_sync]: The time difference between rgb and depth frames is high (diff=0.027000s, rgb=176.152000s, depth=176.125000s). You may want to set approx_sync_max_interval lower than 0.01s to reject spurious bad synchronizations or use approx_sync=false if streams have all the exact same timestamp. Setting approx_sync_max_interval will suppress this warning.
[rtabmap-2] [INFO] [1768655076.022161367] [rtabmap]: rtabmap (112): Rate=0.50s, Limit=0.000s, Conversion=0.0007s, RTAB-Map=0.2940s, Maps update=0.0029s pub=0.0000s delay=0.3280s (local map=21, WM=21)
[rgbd_sync-1] [WARN] [1768655076.039075482] [rgbd_sync]: The time difference between rgb and depth frames is high (diff=0.034000s, rgb=176.550000s, depth=176.516000s). You may want to set approx_sync_max_interval lower than 0.01s to reject spurious bad synchronizations or use approx_sync=false if streams have all the exact same timestamp. Setting approx_sync_max_interval will suppress this warning.
[rgbd_sync-1] [WARN] [1768655076.291186627] [rgbd_sync]: The time difference between rgb and depth frames is high (diff=0.033000s, rgb=176.840000s, depth=176.807000s). You may want to set approx_sync_max_interval lower than 0.01s to reject spurious bad synchronizations or use approx_sync=false if streams have all the exact same timestamp. Setting approx_sync_max_interval will suppress this warning.
[rgbd_sync-1] [WARN] [1768655076.550875581] [rgbd_sync]: The time difference between rgb and depth frames is high (diff=0.043000s, rgb=176.974000s, depth=177.017000s). You may want to set approx_sync_max_interval lower than 0.01s to reject spurious bad synchronizations or use approx_sync=false if streams have all the exact same timestamp. Setting approx_sync_max_interval will suppress this warning.
[rtabmap-2] [INFO] [1768655076.584589017] [rtabmap]: rtabmap (113): Rate=0.50s, Limit=0.000s, Conversion=0.0008s, RTAB-Map=0.2838s, Maps update=0.0049s pub=0.0000s delay=0.2930s (local map=21, WM=21)
[rgbd_sync-1] [WARN] [1768655076.805662385] [rgbd_sync]: The time difference between rgb and depth frames is high (diff=0.044000s, rgb=177.286000s, depth=177.242000s). You may want to set approx_sync_max_interval lower than 0.01s to reject spurious bad synchronizations or use approx_sync=false if streams have all the exact same timestamp. Setting approx_sync_max_interval will suppress this warning.
[rtabmap-2] [INFO] [1768655077.125437003] [rtabmap]: rtabmap (114): Rate=0.50s, Limit=0.000s, Conversion=0.0004s, RTAB-Map=0.2793s, Maps update=0.0042s pub=0.0000s delay=0.3480s (local map=21, WM=21)
[rtabmap-2] [INFO] [1768655077.668832202] [rtabmap]: rtabmap (115): Rate=0.50s, Limit=0.000s, Conversion=0.0007s, RTAB-Map=0.3109s, Maps update=0.0045s pub=0.0000s delay=0.3290s (local map=21, WM=21)
[rgbd_sync-1] [WARN] [1768655077.671423271] [rgbd_sync]: The time difference between rgb and depth frames is high (diff=0.025000s, rgb=178.212000s, depth=178.237000s). You may want to set approx_sync_max_interval lower than 0.01s to reject spurious bad synchronizations or use approx_sync=false if streams have all the exact same timestamp. Setting approx_sync_max_interval will suppress this warning.
[rgbd_sync-1] [WARN] [1768655077.891791772] [rgbd_sync]: The time difference between rgb and depth frames is high (diff=0.066000s, rgb=178.303000s, depth=178.369000s). You may want to set approx_sync_max_interval lower than 0.01s to reject spurious bad synchronizations or use approx_sync=false if streams have all the exact same timestamp. Setting approx_sync_max_interval will suppress this warning.
[rtabmap-2] [INFO] [1768655078.163142709] [rtabmap]: rtabmap (116): Rate=0.50s, Limit=0.000s, Conversion=0.0011s, RTAB-Map=0.2598s, Maps update=0.0025s pub=0.0000s delay=0.2640s (local map=21, WM=21)
[rgbd_sync-1] [WARN] [1768655078.365625829] [rgbd_sync]: The time difference between rgb and depth frames is high (diff=0.030000s, rgb=178.900000s, depth=178.930000s). You may want to set approx_sync_max_interval lower than 0.01s to reject spurious bad synchronizations or use approx_sync=false if streams have all the exact same timestamp. Setting approx_sync_max_interval will suppress this warning.
[rtabmap-2] [INFO] [1768655078.677249950] [rtabmap]: rtabmap (117): Rate=0.50s, Limit=0.000s, Conversion=0.0009s, RTAB-Map=0.2617s, Maps update=0.0022s pub=0.0000s delay=0.2420s (local map=21, WM=21)
[rgbd_sync-1] [WARN] [1768655078.798929294] [rgbd_sync]: The time difference between rgb and depth frames is high (diff=0.024000s, rgb=179.280000s, depth=179.304000s). You may want to set approx_sync_max_interval lower than 0.01s to reject spurious bad synchronizations or use approx_sync=false if streams have all the exact same timestamp. Setting approx_sync_max_interval will suppress this warning.
[rtabmap-2] [INFO] [1768655079.232837331] [rtabmap]: rtabmap (118): Rate=0.50s, Limit=0.000s, Conversion=0.0005s, RTAB-Map=0.2684s, Maps update=0.0053s pub=0.0000s delay=0.3200s (local map=21, WM=21)
[rtabmap-2] [INFO] [1768655079.826177847] [rtabmap]: rtabmap (119): Rate=0.50s, Limit=0.000s, Conversion=0.0007s, RTAB-Map=0.2731s, Maps update=0.0044s pub=0.0000s delay=0.2190s (local map=21, WM=21)
[rgbd_sync-1] [WARN] [1768655079.911080801] [rgbd_sync]: The time difference between rgb and depth frames is high (diff=0.031000s, rgb=180.415000s, depth=180.384000s). You may want to set approx_sync_max_interval lower than 0.01s to reject spurious bad synchronizations or use approx_sync=false if streams have all the exact same timestamp. Setting approx_sync_max_interval will suppress this warning.
[rtabmap-2] [INFO] [1768655080.359672339] [rtabmap]: rtabmap (120): Rate=0.50s, Limit=0.000s, Conversion=0.0008s, RTAB-Map=0.2721s, Maps update=0.0044s pub=0.0000s delay=0.2990s (local map=21, WM=21)
[rgbd_sync-1] [WARN] [1768655080.502597585] [rgbd_sync]: The time difference between rgb and depth frames is high (diff=0.034000s, rgb=180.936000s, depth=180.970000s). You may want to set approx_sync_max_interval lower than 0.01s to reject spurious bad synchronizations or use approx_sync=false if streams have all the exact same timestamp. Setting approx_sync_max_interval will suppress this warning.
[rgbd_sync-1] [WARN] [1768655080.514898088] [rgbd_sync]: The time difference between rgb and depth frames is high (diff=0.028000s, rgb=181.043000s, depth=181.071000s). You may want to set approx_sync_max_interval lower than 0.01s to reject spurious bad synchronizations or use approx_sync=false if streams have all the exact same timestamp. Setting approx_sync_max_interval will suppress this warning.
[rgbd_sync-1] [WARN] [1768655080.858260712] [rgbd_sync]: The time difference between rgb and depth frames is high (diff=0.033000s, rgb=181.303000s, depth=181.336000s). You may want to set approx_sync_max_interval lower than 0.01s to reject spurious bad synchronizations or use approx_sync=false if streams have all the exact same timestamp. Setting approx_sync_max_interval will suppress this warning.
[rtabmap-2] [INFO] [1768655081.094430385] [rtabmap]: rtabmap (121): Rate=0.50s, Limit=0.000s, Conversion=0.0009s, RTAB-Map=0.2254s, Maps update=0.0045s pub=0.0000s delay=0.2970s (local map=21, WM=21)
[rgbd_sync-1] [WARN] [1768655081.256812293] [rgbd_sync]: The time difference between rgb and depth frames is high (diff=0.051000s, rgb=181.642000s, depth=181.591000s). You may want to set approx_sync_max_interval lower than 0.01s to reject spurious bad synchronizations or use approx_sync=false if streams have all the exact same timestamp. Setting approx_sync_max_interval will suppress this warning.
[rgbd_sync-1] [WARN] [1768655081.317399204] [rgbd_sync]: The time difference between rgb and depth frames is high (diff=0.033000s, rgb=181.770000s, depth=181.803000s). You may want to set approx_sync_max_interval lower than 0.01s to reject spurious bad synchronizations or use approx_sync=false if streams have all the exact same timestamp. Setting approx_sync_max_interval will suppress this warning.
[rtabmap-2] [INFO] [1768655081.640545800] [rtabmap]: rtabmap (122): Rate=0.50s, Limit=0.000s, Conversion=0.0008s, RTAB-Map=0.3095s, Maps update=0.0047s pub=0.0000s delay=0.3490s (local map=21, WM=21)
[rgbd_sync-1] [WARN] [1768655081.856011292] [rgbd_sync]: The time difference between rgb and depth frames is high (diff=0.030000s, rgb=182.373000s, depth=182.403000s). You may want to set approx_sync_max_interval lower than 0.01s to reject spurious bad synchronizations or use approx_sync=false if streams have all the exact same timestamp. Setting approx_sync_max_interval will suppress this warning.
[rgbd_sync-1] [INFO] [1768655081.881288124] [rclcpp]: signal_handler(signum=2)
[rtabmap-2] [INFO] [1768655081.881287005] [rclcpp]: signal_handler(signum=2)
[INFO] [rgbd_sync-1]: process has finished cleanly [pid 431388]
[rtabmap-2] [INFO] [1768655082.215639500] [rtabmap]: rtabmap (123): Rate=0.50s, Limit=0.000s, Conversion=0.0013s, RTAB-Map=0.3514s, Maps update=0.0000s pub=0.0001s delay=0.0270s (local map=21, WM=21)
[rtabmap-2] [INFO] [1768655082.216303747] [rtabmap]: Parameters are not saved (No configuration file provided...)
[rtabmap-2] [33m[ WARN] (2026-01-17 22:03:32.658) Memory.cpp:5917::createSignature() Mem/SaveDepth16Format is set to false to use 32bits format but this is not compatible with the compressed depth format chosen (Mem/DepthCompressionFormat=".rvl"), depth images will be compressed in ".png" format instead. Explicitly set Mem/SaveDepth16Format to true to keep using ".rvl" format and images will be converted to 16bits for convenience (warning: that would remove all depth values over 65 meters). Explicitly set Mem/DepthCompressionFormat=".png" to suppress this warning. This warning is only printed once.[0m
[rtabmap-2] [33m[ WARN] (2026-01-17 22:03:33.053) MapsManager.cpp:863::publishMaps() Graph has changed! The whole cloud is regenerated.[0m
[rtabmap-2] [33m[ WARN] (2026-01-17 22:04:05.595) Rtabmap.cpp:3069::process() Rejected loop closure 1 -> 60: Not enough inliers 16/20 (matches=34) between 1 and 60[0m
[rtabmap-2] [33m[ WARN] (2026-01-17 22:04:06.249) Rtabmap.cpp:3069::process() Rejected loop closure 1 -> 61: Not enough inliers 17/20 (matches=46) between 1 and 61[0m
[rtabmap-2] [33m[ WARN] (2026-01-17 22:04:06.698) Rtabmap.cpp:3069::process() Rejected loop closure 1 -> 62: Not enough inliers after bundle adjustment 12/20 (matches=20) between 1 and 62[0m
[rtabmap-2] rtabmap: Saving database/long-term memory... (located at /home/fujino/.ros/rtabmap_ur5e_20260117_220331.db)
[rtabmap-2] rtabmap: Saving database/long-term memory...done! (located at /home/fujino/.ros/rtabmap_ur5e_20260117_220331.db, 183 MB)
[INFO] [rtabmap-2]: process has finished cleanly [pid 431390]
