[INFO] [launch]: All log files can be found below /home/fujino/.ros/log/2026-01-20-22-50-13-760639-fh-65792
[INFO] [launch]: Default logging verbosity is set to INFO
[INFO] [rgbd_sync-1]: process started with pid [65795]
[INFO] [rtabmap-2]: process started with pid [65797]
[rgbd_sync-1] [INFO] [1768917014.084770732] [rgbd_sync]: rgbd_sync: approx_sync = true
[rgbd_sync-1] [INFO] [1768917014.086295569] [rgbd_sync]: rgbd_sync: approx_sync_max_interval = 0.010000
[rgbd_sync-1] [INFO] [1768917014.086924009] [rgbd_sync]: rgbd_sync: topic_queue_size  = 10
[rgbd_sync-1] [INFO] [1768917014.086938660] [rgbd_sync]: rgbd_sync: sync_queue_size  = 30
[rgbd_sync-1] [INFO] [1768917014.086946283] [rgbd_sync]: rgbd_sync: qos             = 2
[rgbd_sync-1] [INFO] [1768917014.086953439] [rgbd_sync]: rgbd_sync: qos_camera_info = 2
[rgbd_sync-1] [INFO] [1768917014.086960688] [rgbd_sync]: rgbd_sync: depth_scale = 1.000000
[rgbd_sync-1] [INFO] [1768917014.086975286] [rgbd_sync]: rgbd_sync: decimation = 1
[rgbd_sync-1] [INFO] [1768917014.086983063] [rgbd_sync]: rgbd_sync: compressed_rate = 0.000000
[rgbd_sync-1] [INFO] [1768917014.108388234] [rgbd_sync]: 
[rgbd_sync-1] rgbd_sync subscribed to (approx sync, max interval=0.010000s):
[rgbd_sync-1]    /camera/color/image_raw,
[rgbd_sync-1]    /camera/depth/depth/image_raw,
[rgbd_sync-1]    /camera/color/camera_info
[rtabmap-2] [INFO] [1768917014.201283488] [rtabmap]: rtabmap(maps): latch                      = true
[rtabmap-2] [INFO] [1768917014.201534009] [rtabmap]: rtabmap(maps): map_filter_radius          = 0.000000
[rtabmap-2] [INFO] [1768917014.201558443] [rtabmap]: rtabmap(maps): map_filter_angle           = 30.000000
[rtabmap-2] [INFO] [1768917014.201567242] [rtabmap]: rtabmap(maps): map_cleanup                = true
[rtabmap-2] [INFO] [1768917014.201573114] [rtabmap]: rtabmap(maps): map_always_update          = false
[rtabmap-2] [INFO] [1768917014.201579096] [rtabmap]: rtabmap(maps): map_empty_ray_tracing      = true
[rtabmap-2] [INFO] [1768917014.201585093] [rtabmap]: rtabmap(maps): cloud_output_voxelized     = true
[rtabmap-2] [INFO] [1768917014.201590703] [rtabmap]: rtabmap(maps): cloud_subtract_filtering   = false
[rtabmap-2] [INFO] [1768917014.201596540] [rtabmap]: rtabmap(maps): cloud_subtract_filtering_min_neighbors = 2
[rtabmap-2] [INFO] [1768917014.201777262] [rtabmap]: rtabmap(maps): octomap_tree_depth         = 16
[rtabmap-2] [INFO] [1768917014.278301692] [rtabmap]: rtabmap: frame_id      = camera_color_optical_frame
[rtabmap-2] [INFO] [1768917014.278363093] [rtabmap]: rtabmap: odom_frame_id = world
[rtabmap-2] [INFO] [1768917014.278381195] [rtabmap]: rtabmap: map_frame_id  = world
[rtabmap-2] [INFO] [1768917014.278395227] [rtabmap]: rtabmap: log_to_rosout_level  = 4
[rtabmap-2] [INFO] [1768917014.278410227] [rtabmap]: rtabmap: initial_pose  = 
[rtabmap-2] [INFO] [1768917014.278423365] [rtabmap]: rtabmap: use_action_for_goal  = false
[rtabmap-2] [INFO] [1768917014.278436495] [rtabmap]: rtabmap: tf_delay      = 0.050000
[rtabmap-2] [INFO] [1768917014.278456478] [rtabmap]: rtabmap: tf_tolerance  = 0.100000
[rtabmap-2] [INFO] [1768917014.278471931] [rtabmap]: rtabmap: odom_sensor_sync   = false
[rtabmap-2] [INFO] [1768917014.278494665] [rtabmap]: rtabmap: pub_loc_pose_only_when_localizing = false
[rtabmap-2] [INFO] [1768917014.278508694] [rtabmap]: rtabmap: wait_for_transform = 0.200000
[rtabmap-2] [INFO] [1768917014.278524519] [rtabmap]: rtabmap: gen_scan  = false
[rtabmap-2] [INFO] [1768917014.278538073] [rtabmap]: rtabmap: gen_depth  = false
[rtabmap-2] [INFO] [1768917014.319086356] [rtabmap]: Setting RTAB-Map parameter "Grid/3D"="true" (rosparam)
[rtabmap-2] [INFO] [1768917014.323552973] [rtabmap]: Setting RTAB-Map parameter "Grid/RangeMax"="5.0" (rosparam)
[rtabmap-2] [INFO] [1768917014.323812525] [rtabmap]: Setting RTAB-Map parameter "Grid/RayTracing"="true" (rosparam)
[rtabmap-2] [INFO] [1768917014.324244494] [rtabmap]: Setting RTAB-Map parameter "Grid/Sensor"="1" (rosparam)
[rtabmap-2] [INFO] [1768917014.346102458] [rtabmap]: Setting RTAB-Map parameter "RGBD/CreateOccupancyGrid"="true" (rosparam)
[rtabmap-2] [INFO] [1768917014.350823200] [rtabmap]: Setting RTAB-Map parameter "Rtabmap/DetectionRate"="2.0" (rosparam)
[rtabmap-2] [INFO] [1768917014.537285063] [rtabmap]: RTAB-Map detection rate = 2.000000 Hz
[rtabmap-2] [INFO] [1768917014.537442580] [rtabmap]: rtabmap: Using database from "/home/fujino/.ros/rtabmap_ur5e_20260120_225013.db" (0 MB).
[rtabmap-2] [INFO] [1768917014.569974669] [rtabmap]: rtabmap: Database version = "0.22.1".
[rtabmap-2] [INFO] [1768917014.570056598] [rtabmap]: rtabmap: SLAM mode (Mem/IncrementalMemory=true)
[rtabmap-2] [INFO] [1768917014.611688548] [rtabmap]: Setup callbacks
[rtabmap-2] [WARN] [1768917014.611778671] [rtabmap]: rtabmap: Parameters subscribe_depth and subscribe_rgbd cannot be true at the same time. Parameter subscribe_depth is set to false.
[rtabmap-2] [INFO] [1768917014.611963298] [rtabmap]: rtabmap: subscribe_depth = false
[rtabmap-2] [INFO] [1768917014.611977582] [rtabmap]: rtabmap: subscribe_rgb = false
[rtabmap-2] [INFO] [1768917014.611985947] [rtabmap]: rtabmap: subscribe_stereo = false
[rtabmap-2] [INFO] [1768917014.611992642] [rtabmap]: rtabmap: subscribe_rgbd = true (rgbd_cameras=1)
[rtabmap-2] [INFO] [1768917014.611998240] [rtabmap]: rtabmap: subscribe_sensor_data = false
[rtabmap-2] [INFO] [1768917014.612004484] [rtabmap]: rtabmap: subscribe_odom_info = false
[rtabmap-2] [INFO] [1768917014.612011242] [rtabmap]: rtabmap: subscribe_user_data = false
[rtabmap-2] [INFO] [1768917014.612017808] [rtabmap]: rtabmap: subscribe_scan = false
[rtabmap-2] [INFO] [1768917014.612024369] [rtabmap]: rtabmap: subscribe_scan_cloud = false
[rtabmap-2] [INFO] [1768917014.612031343] [rtabmap]: rtabmap: subscribe_scan_descriptor = false
[rtabmap-2] [INFO] [1768917014.612039560] [rtabmap]: rtabmap: topic_queue_size = 10
[rtabmap-2] [INFO] [1768917014.612045379] [rtabmap]: rtabmap: sync_queue_size  = 30
[rtabmap-2] [INFO] [1768917014.612050205] [rtabmap]: rtabmap: qos_image       = 2
[rtabmap-2] [INFO] [1768917014.612087634] [rtabmap]: rtabmap: qos_camera_info = 2
[rtabmap-2] [INFO] [1768917014.612092798] [rtabmap]: rtabmap: qos_scan        = 2
[rtabmap-2] [INFO] [1768917014.612097663] [rtabmap]: rtabmap: qos_odom        = 2
[rtabmap-2] [INFO] [1768917014.612102318] [rtabmap]: rtabmap: qos_user_data   = 2
[rtabmap-2] [INFO] [1768917014.612106664] [rtabmap]: rtabmap: approx_sync     = true
[rtabmap-2] [INFO] [1768917014.612127153] [rtabmap]: Setup rgbd callback
[rtabmap-2] [INFO] [1768917014.613310527] [rtabmap]: 
[rtabmap-2] rtabmap subscribed to:
[rtabmap-2]    /rgbd_image
[rtabmap-2] [INFO] [1768917016.000366503] [rtabmap]: rtabmap (1): Rate=0.50s, Limit=0.000s, Conversion=0.0031s, RTAB-Map=0.4047s, Maps update=0.0001s pub=0.0000s delay=0.3630s (local map=1, WM=1)
[rtabmap-2] [INFO] [1768917016.444932468] [rtabmap]: rtabmap (2): Rate=0.50s, Limit=0.000s, Conversion=0.0017s, RTAB-Map=0.2925s, Maps update=0.0000s pub=0.0000s delay=0.2990s (local map=1, WM=1)
[rtabmap-2] [INFO] [1768917017.052470029] [rtabmap]: rtabmap (3): Rate=0.50s, Limit=0.000s, Conversion=0.0020s, RTAB-Map=0.3829s, Maps update=0.0001s pub=0.0000s delay=0.3670s (local map=1, WM=1)
[rtabmap-2] [INFO] [1768917017.623688228] [rtabmap]: rtabmap (4): Rate=0.50s, Limit=0.000s, Conversion=0.0056s, RTAB-Map=0.3478s, Maps update=0.0000s pub=0.0000s delay=0.3940s (local map=1, WM=1)
[rtabmap-2] [INFO] [1768917018.269460535] [rtabmap]: rtabmap (5): Rate=0.50s, Limit=0.000s, Conversion=0.0023s, RTAB-Map=0.4798s, Maps update=0.0001s pub=0.0000s delay=0.4740s (local map=1, WM=1)
[rtabmap-2] [INFO] [1768917018.657203636] [rtabmap]: rtabmap (6): Rate=0.50s, Limit=0.000s, Conversion=0.0006s, RTAB-Map=0.3366s, Maps update=0.0001s pub=0.0000s delay=0.3440s (local map=1, WM=1)
[rtabmap-2] [INFO] [1768917019.155798795] [rtabmap]: rtabmap (7): Rate=0.50s, Limit=0.000s, Conversion=0.0014s, RTAB-Map=0.3409s, Maps update=0.0001s pub=0.0000s delay=0.3430s (local map=1, WM=1)
[rtabmap-2] [INFO] [1768917019.737206760] [rtabmap]: rtabmap (8): Rate=0.50s, Limit=0.000s, Conversion=0.0006s, RTAB-Map=0.3774s, Maps update=0.0001s pub=0.0000s delay=0.4070s (local map=1, WM=1)
[rtabmap-2] [INFO] [1768917020.350122246] [rtabmap]: rtabmap (9): Rate=0.50s, Limit=0.000s, Conversion=0.0007s, RTAB-Map=0.4441s, Maps update=0.0001s pub=0.0000s delay=0.4490s (local map=1, WM=1)
[rtabmap-2] [INFO] [1768917020.887755383] [rtabmap]: rtabmap (10): Rate=0.50s, Limit=0.000s, Conversion=0.0008s, RTAB-Map=0.4497s, Maps update=0.0001s pub=0.0000s delay=0.4350s (local map=1, WM=1)
[rtabmap-2] [INFO] [1768917021.394542179] [rtabmap]: rtabmap (11): Rate=0.50s, Limit=0.000s, Conversion=0.0005s, RTAB-Map=0.3731s, Maps update=0.0001s pub=0.0000s delay=0.3470s (local map=1, WM=1)
[rtabmap-2] [INFO] [1768917021.884273263] [rtabmap]: rtabmap (12): Rate=0.50s, Limit=0.000s, Conversion=0.0005s, RTAB-Map=0.3192s, Maps update=0.0000s pub=0.0000s delay=0.3050s (local map=1, WM=1)
[rtabmap-2] [INFO] [1768917022.462017432] [rtabmap]: rtabmap (13): Rate=0.50s, Limit=0.000s, Conversion=0.0006s, RTAB-Map=0.3926s, Maps update=0.0000s pub=0.0000s delay=0.4030s (local map=1, WM=1)
[rtabmap-2] [INFO] [1768917023.003833473] [rtabmap]: rtabmap (14): Rate=0.50s, Limit=0.000s, Conversion=0.0010s, RTAB-Map=0.2935s, Maps update=0.0000s pub=0.0000s delay=0.2550s (local map=2, WM=2)
[rtabmap-2] [INFO] [1768917023.695946887] [rtabmap]: rtabmap (15): Rate=0.50s, Limit=0.000s, Conversion=0.0005s, RTAB-Map=0.4330s, Maps update=0.0001s pub=0.0000s delay=0.4110s (local map=2, WM=2)
[rtabmap-2] [INFO] [1768917024.148330042] [rtabmap]: rtabmap (16): Rate=0.50s, Limit=0.000s, Conversion=0.0006s, RTAB-Map=0.3826s, Maps update=0.0000s pub=0.0000s delay=0.4010s (local map=2, WM=2)
[rtabmap-2] [INFO] [1768917024.772048130] [rtabmap]: rtabmap (17): Rate=0.50s, Limit=0.000s, Conversion=0.0005s, RTAB-Map=0.3856s, Maps update=0.0000s pub=0.0000s delay=0.3870s (local map=3, WM=3)
[rtabmap-2] [INFO] [1768917025.281222054] [rtabmap]: rtabmap (18): Rate=0.50s, Limit=0.000s, Conversion=0.0005s, RTAB-Map=0.4052s, Maps update=0.0001s pub=0.0000s delay=0.3800s (local map=3, WM=3)
[rtabmap-2] [INFO] [1768917025.753566797] [rtabmap]: rtabmap (19): Rate=0.50s, Limit=0.000s, Conversion=0.0005s, RTAB-Map=0.3223s, Maps update=0.0000s pub=0.0000s delay=0.3540s (local map=3, WM=3)
[rtabmap-2] [INFO] [1768917026.429059810] [rtabmap]: rtabmap (20): Rate=0.50s, Limit=0.000s, Conversion=0.0006s, RTAB-Map=0.4441s, Maps update=0.0000s pub=0.0000s delay=0.4850s (local map=4, WM=4)
[rtabmap-2] [INFO] [1768917027.010513890] [rtabmap]: rtabmap (21): Rate=0.50s, Limit=0.000s, Conversion=0.0006s, RTAB-Map=0.5023s, Maps update=0.0001s pub=0.0000s delay=0.4560s (local map=4, WM=4)
[rtabmap-2] [INFO] [1768917027.517303385] [rtabmap]: rtabmap (22): Rate=0.50s, Limit=0.000s, Conversion=0.0005s, RTAB-Map=0.4569s, Maps update=0.0000s pub=0.0000s delay=0.4220s (local map=4, WM=4)
[rtabmap-2] [INFO] [1768917027.949466392] [rtabmap]: rtabmap (23): Rate=0.50s, Limit=0.000s, Conversion=0.0008s, RTAB-Map=0.3626s, Maps update=0.0000s pub=0.0000s delay=0.3770s (local map=5, WM=5)
[rtabmap-2] [INFO] [1768917028.604189885] [rtabmap]: rtabmap (24): Rate=0.50s, Limit=0.000s, Conversion=0.0005s, RTAB-Map=0.4451s, Maps update=0.0000s pub=0.0000s delay=0.4310s (local map=5, WM=5)
[rtabmap-2] [INFO] [1768917029.096843400] [rtabmap]: rtabmap (25): Rate=0.50s, Limit=0.000s, Conversion=0.0006s, RTAB-Map=0.4102s, Maps update=0.0001s pub=0.0000s delay=0.4060s (local map=5, WM=5)
[rtabmap-2] [INFO] [1768917029.757167677] [rtabmap]: rtabmap (26): Rate=0.50s, Limit=0.000s, Conversion=0.0005s, RTAB-Map=0.3358s, Maps update=0.0000s pub=0.0000s delay=0.3550s (local map=6, WM=6)
[rtabmap-2] [INFO] [1768917030.325705433] [rtabmap]: rtabmap (27): Rate=0.50s, Limit=0.000s, Conversion=0.0006s, RTAB-Map=0.3926s, Maps update=0.0000s pub=0.0000s delay=0.3340s (local map=6, WM=6)
[rtabmap-2] [INFO] [1768917030.894010231] [rtabmap]: rtabmap (28): Rate=0.50s, Limit=0.000s, Conversion=0.0021s, RTAB-Map=0.4014s, Maps update=0.0000s pub=0.0000s delay=0.4070s (local map=6, WM=6)
[rtabmap-2] [INFO] [1768917031.573193841] [rtabmap]: rtabmap (29): Rate=0.50s, Limit=0.000s, Conversion=0.0005s, RTAB-Map=0.4855s, Maps update=0.0000s pub=0.0000s delay=0.5090s (local map=7, WM=7)
[rtabmap-2] [INFO] [1768917032.280681635] [rtabmap]: rtabmap (30): Rate=0.50s, Limit=0.000s, Conversion=0.0004s, RTAB-Map=0.4484s, Maps update=0.0001s pub=0.0000s delay=0.3570s (local map=7, WM=7)
[rtabmap-2] [INFO] [1768917032.712610634] [rtabmap]: rtabmap (31): Rate=0.50s, Limit=0.000s, Conversion=0.0004s, RTAB-Map=0.3721s, Maps update=0.0000s pub=0.0000s delay=0.3350s (local map=8, WM=8)
[rtabmap-2] [INFO] [1768917033.359880666] [rtabmap]: rtabmap (32): Rate=0.50s, Limit=0.000s, Conversion=0.0008s, RTAB-Map=0.4555s, Maps update=0.0001s pub=0.0000s delay=0.4930s (local map=8, WM=8)
[rtabmap-2] [INFO] [1768917033.835126427] [rtabmap]: rtabmap (33): Rate=0.50s, Limit=0.000s, Conversion=0.0007s, RTAB-Map=0.4220s, Maps update=0.0000s pub=0.0000s delay=0.3850s (local map=9, WM=9)
[rtabmap-2] [INFO] [1768917034.378544187] [rtabmap]: rtabmap (34): Rate=0.50s, Limit=0.000s, Conversion=0.0008s, RTAB-Map=0.4136s, Maps update=0.0001s pub=0.0000s delay=0.4360s (local map=9, WM=9)
[rtabmap-2] [INFO] [1768917034.905823057] [rtabmap]: rtabmap (35): Rate=0.50s, Limit=0.000s, Conversion=0.0005s, RTAB-Map=0.4596s, Maps update=0.0000s pub=0.0000s delay=0.4320s (local map=10, WM=10)
[rtabmap-2] [INFO] [1768917035.476285970] [rtabmap]: rtabmap (36): Rate=0.50s, Limit=0.000s, Conversion=0.0006s, RTAB-Map=0.4756s, Maps update=0.0000s pub=0.0000s delay=0.4970s (local map=11, WM=11)
[rtabmap-2] [INFO] [1768917035.897720645] [rtabmap]: rtabmap (37): Rate=0.50s, Limit=0.000s, Conversion=0.0009s, RTAB-Map=0.3555s, Maps update=0.0000s pub=0.0000s delay=0.3490s (local map=11, WM=11)
[rtabmap-2] [INFO] [1768917036.616458691] [rtabmap]: rtabmap (38): Rate=0.50s, Limit=0.000s, Conversion=0.0005s, RTAB-Map=0.4676s, Maps update=0.0000s pub=0.0000s delay=0.4530s (local map=12, WM=12)
[rtabmap-2] [INFO] [1768917037.017585234] [rtabmap]: rtabmap (39): Rate=0.50s, Limit=0.000s, Conversion=0.0004s, RTAB-Map=0.3346s, Maps update=0.0001s pub=0.0000s delay=0.3340s (local map=12, WM=12)
[rtabmap-2] [INFO] [1768917037.522580412] [rtabmap]: rtabmap (40): Rate=0.50s, Limit=0.000s, Conversion=0.0005s, RTAB-Map=0.3595s, Maps update=0.0000s pub=0.0000s delay=0.3310s (local map=13, WM=13)
[rtabmap-2] [INFO] [1768917038.057640436] [rtabmap]: rtabmap (41): Rate=0.50s, Limit=0.000s, Conversion=0.0005s, RTAB-Map=0.3989s, Maps update=0.0001s pub=0.0000s delay=0.4280s (local map=13, WM=13)
[rtabmap-2] [INFO] [1768917038.521527872] [rtabmap]: rtabmap (42): Rate=0.50s, Limit=0.000s, Conversion=0.0007s, RTAB-Map=0.3378s, Maps update=0.0000s pub=0.0000s delay=0.3130s (local map=14, WM=14)
[rtabmap-2] [INFO] [1768917039.118893951] [rtabmap]: rtabmap (43): Rate=0.50s, Limit=0.000s, Conversion=0.0005s, RTAB-Map=0.3840s, Maps update=0.0001s pub=0.0000s delay=0.3740s (local map=14, WM=14)
[rtabmap-2] [INFO] [1768917039.682635659] [rtabmap]: rtabmap (44): Rate=0.50s, Limit=0.000s, Conversion=0.0007s, RTAB-Map=0.3622s, Maps update=0.0000s pub=0.0000s delay=0.3730s (local map=15, WM=15)
[rtabmap-2] [INFO] [1768917040.191996746] [rtabmap]: rtabmap (45): Rate=0.50s, Limit=0.000s, Conversion=0.0005s, RTAB-Map=0.3455s, Maps update=0.0001s pub=0.0000s delay=0.3630s (local map=15, WM=15)
[rtabmap-2] [INFO] [1768917040.717661580] [rtabmap]: rtabmap (46): Rate=0.50s, Limit=0.000s, Conversion=0.0005s, RTAB-Map=0.3348s, Maps update=0.0000s pub=0.0000s delay=0.3110s (local map=16, WM=16)
[rtabmap-2] [INFO] [1768917041.272896935] [rtabmap]: rtabmap (47): Rate=0.50s, Limit=0.000s, Conversion=0.0005s, RTAB-Map=0.3502s, Maps update=0.0000s pub=0.0000s delay=0.3770s (local map=16, WM=16)
[rtabmap-2] [INFO] [1768917041.852291195] [rtabmap]: rtabmap (48): Rate=0.50s, Limit=0.000s, Conversion=0.0005s, RTAB-Map=0.4103s, Maps update=0.0000s pub=0.0000s delay=0.3730s (local map=17, WM=17)
[rtabmap-2] [INFO] [1768917042.430908899] [rtabmap]: rtabmap (49): Rate=0.50s, Limit=0.000s, Conversion=0.0010s, RTAB-Map=0.4426s, Maps update=0.0001s pub=0.0000s delay=0.4140s (local map=17, WM=17)
[rtabmap-2] [INFO] [1768917042.945105021] [rtabmap]: rtabmap (50): Rate=0.50s, Limit=0.000s, Conversion=0.0005s, RTAB-Map=0.3262s, Maps update=0.0000s pub=0.0000s delay=0.3030s (local map=17, WM=17)
[rtabmap-2] [INFO] [1768917043.543470789] [rtabmap]: rtabmap (51): Rate=0.50s, Limit=0.000s, Conversion=0.0005s, RTAB-Map=0.4226s, Maps update=0.0000s pub=0.0000s delay=0.3750s (local map=18, WM=18)
[rtabmap-2] [INFO] [1768917044.084621585] [rtabmap]: rtabmap (52): Rate=0.50s, Limit=0.000s, Conversion=0.0007s, RTAB-Map=0.4441s, Maps update=0.0000s pub=0.0000s delay=0.4600s (local map=18, WM=18)
[rtabmap-2] [INFO] [1768917044.588583567] [rtabmap]: rtabmap (53): Rate=0.50s, Limit=0.000s, Conversion=0.0006s, RTAB-Map=0.3661s, Maps update=0.0001s pub=0.0000s delay=0.4010s (local map=18, WM=18)
[rtabmap-2] [INFO] [1768917045.229939476] [rtabmap]: rtabmap (54): Rate=0.50s, Limit=0.000s, Conversion=0.0005s, RTAB-Map=0.4778s, Maps update=0.0000s pub=0.0000s delay=0.4730s (local map=19, WM=19)
[rtabmap-2] [INFO] [1768917045.737368114] [rtabmap]: rtabmap (55): Rate=0.50s, Limit=0.000s, Conversion=0.0006s, RTAB-Map=0.4296s, Maps update=0.0001s pub=0.0000s delay=0.4130s (local map=19, WM=19)
[rtabmap-2] [INFO] [1768917046.251424150] [rtabmap]: rtabmap (56): Rate=0.50s, Limit=0.000s, Conversion=0.0006s, RTAB-Map=0.4276s, Maps update=0.0001s pub=0.0000s delay=0.4010s (local map=19, WM=19)
[rtabmap-2] [INFO] [1768917046.774563890] [rtabmap]: rtabmap (57): Rate=0.50s, Limit=0.000s, Conversion=0.0007s, RTAB-Map=0.4406s, Maps update=0.0000s pub=0.0000s delay=0.4890s (local map=20, WM=20)
[rtabmap-2] [INFO] [1768917047.295459772] [rtabmap]: rtabmap (58): Rate=0.50s, Limit=0.000s, Conversion=0.0005s, RTAB-Map=0.4562s, Maps update=0.0001s pub=0.0000s delay=0.4750s (local map=20, WM=20)
[rtabmap-2] [INFO] [1768917047.947481102] [rtabmap]: rtabmap (59): Rate=0.50s, Limit=0.000s, Conversion=0.0006s, RTAB-Map=0.5210s, Maps update=0.0001s pub=0.0000s delay=0.5010s (local map=21, WM=21)
[rtabmap-2] [INFO] [1768917048.517888770] [rtabmap]: rtabmap (60): Rate=0.50s, Limit=0.000s, Conversion=0.0009s, RTAB-Map=0.4717s, Maps update=0.0001s pub=0.0000s delay=0.4880s (local map=21, WM=21)
[rtabmap-2] [INFO] [1768917048.846958778] [rtabmap]: rtabmap (61): Rate=0.50s, Limit=0.000s, Conversion=0.0006s, RTAB-Map=0.3059s, Maps update=0.0001s pub=0.0000s delay=0.2820s (local map=21, WM=21)
[rtabmap-2] [INFO] [1768917049.636900228] [rtabmap]: rtabmap (62): Rate=0.50s, Limit=0.000s, Conversion=0.0007s, RTAB-Map=0.5059s, Maps update=0.0000s pub=0.0000s delay=0.5000s (local map=22, WM=22)
[rtabmap-2] [INFO] [1768917050.076825821] [rtabmap]: rtabmap (63): Rate=0.50s, Limit=0.000s, Conversion=0.0006s, RTAB-Map=0.3430s, Maps update=0.0001s pub=0.0000s delay=0.3010s (local map=22, WM=22)
[rtabmap-2] [INFO] [1768917050.667168704] [rtabmap]: rtabmap (64): Rate=0.50s, Limit=0.000s, Conversion=0.0008s, RTAB-Map=0.3351s, Maps update=0.0001s pub=0.0000s delay=0.3020s (local map=22, WM=22)
[rtabmap-2] [INFO] [1768917051.335845613] [rtabmap]: rtabmap (65): Rate=0.50s, Limit=0.000s, Conversion=0.0006s, RTAB-Map=0.4144s, Maps update=0.0000s pub=0.0000s delay=0.4120s (local map=23, WM=23)
[rtabmap-2] [INFO] [1768917051.802899779] [rtabmap]: rtabmap (66): Rate=0.50s, Limit=0.000s, Conversion=0.0007s, RTAB-Map=0.3441s, Maps update=0.0000s pub=0.0000s delay=0.3730s (local map=23, WM=23)
[rtabmap-2] [INFO] [1768917052.322840578] [rtabmap]: rtabmap (67): Rate=0.50s, Limit=0.000s, Conversion=0.0005s, RTAB-Map=0.3592s, Maps update=0.0000s pub=0.0000s delay=0.3660s (local map=23, WM=23)
[rtabmap-2] [INFO] [1768917052.898454068] [rtabmap]: rtabmap (68): Rate=0.50s, Limit=0.000s, Conversion=0.0006s, RTAB-Map=0.4026s, Maps update=0.0001s pub=0.0000s delay=0.4450s (local map=23, WM=23)
[rtabmap-2] [INFO] [1768917053.540448028] [rtabmap]: rtabmap (69): Rate=0.50s, Limit=0.000s, Conversion=0.0007s, RTAB-Map=0.3886s, Maps update=0.0001s pub=0.0000s delay=0.3680s (local map=23, WM=23)
[rtabmap-2] [INFO] [1768917054.137754644] [rtabmap]: rtabmap (70): Rate=0.50s, Limit=0.000s, Conversion=0.0007s, RTAB-Map=0.4423s, Maps update=0.0001s pub=0.0000s delay=0.4550s (local map=23, WM=23)
[rtabmap-2] [INFO] [1768917054.643827019] [rtabmap]: rtabmap (71): Rate=0.50s, Limit=0.000s, Conversion=0.0006s, RTAB-Map=0.4530s, Maps update=0.0001s pub=0.0000s delay=0.4520s (local map=23, WM=23)
[rtabmap-2] [INFO] [1768917055.196403799] [rtabmap]: rtabmap (72): Rate=0.50s, Limit=0.000s, Conversion=0.0009s, RTAB-Map=0.4926s, Maps update=0.0001s pub=0.0000s delay=0.5380s (local map=23, WM=23)
[rtabmap-2] [INFO] [1768917055.703633568] [rtabmap]: rtabmap (73): Rate=0.50s, Limit=0.000s, Conversion=0.0005s, RTAB-Map=0.3811s, Maps update=0.0001s pub=0.0000s delay=0.4220s (local map=23, WM=23)
[rtabmap-2] [INFO] [1768917056.357067988] [rtabmap]: rtabmap (74): Rate=0.50s, Limit=0.000s, Conversion=0.0007s, RTAB-Map=0.4767s, Maps update=0.0000s pub=0.0000s delay=0.4900s (local map=23, WM=23)
[rtabmap-2] [INFO] [1768917056.848648758] [rtabmap]: rtabmap (75): Rate=0.50s, Limit=0.000s, Conversion=0.0008s, RTAB-Map=0.4395s, Maps update=0.0000s pub=0.0000s delay=0.4370s (local map=23, WM=23)
[rtabmap-2] [INFO] [1768917057.355272623] [rtabmap]: rtabmap (76): Rate=0.50s, Limit=0.000s, Conversion=0.0005s, RTAB-Map=0.4148s, Maps update=0.0001s pub=0.0000s delay=0.4130s (local map=23, WM=23)
[rtabmap-2] [INFO] [1768917057.875811420] [rtabmap]: rtabmap (77): Rate=0.50s, Limit=0.000s, Conversion=0.0005s, RTAB-Map=0.3980s, Maps update=0.0000s pub=0.0000s delay=0.3750s (local map=23, WM=23)
[rtabmap-2] [INFO] [1768917058.337758976] [rtabmap]: rtabmap (78): Rate=0.50s, Limit=0.000s, Conversion=0.0006s, RTAB-Map=0.3365s, Maps update=0.0001s pub=0.0000s delay=0.3400s (local map=23, WM=23)
[rtabmap-2] [INFO] [1768917058.988587630] [rtabmap]: rtabmap (79): Rate=0.50s, Limit=0.000s, Conversion=0.0006s, RTAB-Map=0.3727s, Maps update=0.0001s pub=0.0000s delay=0.3240s (local map=23, WM=23)
[rtabmap-2] [INFO] [1768917059.526235726] [rtabmap]: rtabmap (80): Rate=0.50s, Limit=0.000s, Conversion=0.0009s, RTAB-Map=0.3605s, Maps update=0.0001s pub=0.0000s delay=0.3760s (local map=23, WM=23)
[rtabmap-2] [INFO] [1768917060.228785380] [rtabmap]: rtabmap (81): Rate=0.50s, Limit=0.000s, Conversion=0.0006s, RTAB-Map=0.4614s, Maps update=0.0001s pub=0.0000s delay=0.5040s (local map=23, WM=23)
[rtabmap-2] [INFO] [1768917060.789387353] [rtabmap]: rtabmap (82): Rate=0.50s, Limit=0.000s, Conversion=0.0010s, RTAB-Map=0.5186s, Maps update=0.0001s pub=0.0000s delay=0.4790s (local map=23, WM=23)
[rtabmap-2] [INFO] [1768917061.256266723] [rtabmap]: rtabmap (83): Rate=0.50s, Limit=0.000s, Conversion=0.0008s, RTAB-Map=0.4252s, Maps update=0.0001s pub=0.0000s delay=0.4380s (local map=23, WM=23)
[rtabmap-2] [INFO] [1768917061.769700524] [rtabmap]: rtabmap (84): Rate=0.50s, Limit=0.000s, Conversion=0.0007s, RTAB-Map=0.4228s, Maps update=0.0001s pub=0.0000s delay=0.4080s (local map=23, WM=23)
[rtabmap-2] [INFO] [1768917062.252222125] [rtabmap]: rtabmap (85): Rate=0.50s, Limit=0.000s, Conversion=0.0007s, RTAB-Map=0.3915s, Maps update=0.0001s pub=0.0000s delay=0.4050s (local map=23, WM=23)
[rtabmap-2] [INFO] [1768917062.802660279] [rtabmap]: rtabmap (86): Rate=0.50s, Limit=0.000s, Conversion=0.0005s, RTAB-Map=0.3751s, Maps update=0.0001s pub=0.0000s delay=0.3370s (local map=23, WM=23)
[rtabmap-2] [INFO] [1768917063.307351744] [rtabmap]: rtabmap (87): Rate=0.50s, Limit=0.000s, Conversion=0.0007s, RTAB-Map=0.3218s, Maps update=0.0001s pub=0.0000s delay=0.2810s (local map=23, WM=23)
[rtabmap-2] [INFO] [1768917063.922894445] [rtabmap]: rtabmap (88): Rate=0.50s, Limit=0.000s, Conversion=0.0005s, RTAB-Map=0.4193s, Maps update=0.0001s pub=0.0000s delay=0.4670s (local map=23, WM=23)
[rtabmap-2] [INFO] [1768917064.718770670] [rtabmap]: rtabmap (89): Rate=0.50s, Limit=0.000s, Conversion=0.0006s, RTAB-Map=0.6622s, Maps update=0.0001s pub=0.0000s delay=0.6290s (local map=23, WM=23)
[rtabmap-2] [INFO] [1768917065.209929978] [rtabmap]: rtabmap (90): Rate=0.50s, Limit=0.000s, Conversion=0.0007s, RTAB-Map=0.3995s, Maps update=0.0001s pub=0.0000s delay=0.3690s (local map=23, WM=23)
[rtabmap-2] [INFO] [1768917065.790630078] [rtabmap]: rtabmap (91): Rate=0.50s, Limit=0.000s, Conversion=0.0005s, RTAB-Map=0.4050s, Maps update=0.0001s pub=0.0000s delay=0.4180s (local map=23, WM=23)
[rtabmap-2] [INFO] [1768917066.249035570] [rtabmap]: rtabmap (92): Rate=0.50s, Limit=0.000s, Conversion=0.0005s, RTAB-Map=0.3775s, Maps update=0.0001s pub=0.0000s delay=0.4090s (local map=23, WM=23)
[rtabmap-2] [INFO] [1768917066.729832051] [rtabmap]: rtabmap (93): Rate=0.50s, Limit=0.000s, Conversion=0.0005s, RTAB-Map=0.3449s, Maps update=0.0001s pub=0.0000s delay=0.3060s (local map=23, WM=23)
[rtabmap-2] [INFO] [1768917067.273773064] [rtabmap]: rtabmap (94): Rate=0.50s, Limit=0.000s, Conversion=0.0005s, RTAB-Map=0.3468s, Maps update=0.0001s pub=0.0000s delay=0.3670s (local map=23, WM=23)
[rtabmap-2] [INFO] [1768917068.025317673] [rtabmap]: rtabmap (95): Rate=0.50s, Limit=0.000s, Conversion=0.0006s, RTAB-Map=0.5389s, Maps update=0.0001s pub=0.0000s delay=0.5450s (local map=23, WM=23)
[rtabmap-2] [INFO] [1768917068.484678643] [rtabmap]: rtabmap (96): Rate=0.50s, Limit=0.000s, Conversion=0.0007s, RTAB-Map=0.4389s, Maps update=0.0001s pub=0.0000s delay=0.4560s (local map=23, WM=23)
[rtabmap-2] [INFO] [1768917068.957888891] [rtabmap]: rtabmap (97): Rate=0.50s, Limit=0.000s, Conversion=0.0006s, RTAB-Map=0.3911s, Maps update=0.0001s pub=0.0000s delay=0.4090s (local map=23, WM=23)
[rtabmap-2] [INFO] [1768917069.517750115] [rtabmap]: rtabmap (98): Rate=0.50s, Limit=0.000s, Conversion=0.0005s, RTAB-Map=0.4193s, Maps update=0.0001s pub=0.0000s delay=0.3990s (local map=23, WM=23)
[rtabmap-2] [INFO] [1768917070.048424754] [rtabmap]: rtabmap (99): Rate=0.50s, Limit=0.000s, Conversion=0.0005s, RTAB-Map=0.4511s, Maps update=0.0001s pub=0.0000s delay=0.3980s (local map=23, WM=23)
[rgbd_sync-1] [INFO] [1768917070.474456860] [rclcpp]: signal_handler(signum=2)
[rtabmap-2] [INFO] [1768917070.474459521] [rclcpp]: signal_handler(signum=2)
[rtabmap-2] [INFO] [1768917070.595169978] [rtabmap]: rtabmap (100): Rate=0.50s, Limit=0.000s, Conversion=0.0005s, RTAB-Map=0.4727s, Maps update=0.0001s pub=0.0000s delay=0.3650s (local map=23, WM=23)
[rtabmap-2] [INFO] [1768917070.596711240] [rtabmap]: Parameters are not saved (No configuration file provided...)
[INFO] [rgbd_sync-1]: process has finished cleanly [pid 65795]
[rtabmap-2] [33m[ WARN] (2026-01-20 22:50:15.611) Memory.cpp:5917::createSignature() Mem/SaveDepth16Format is set to false to use 32bits format but this is not compatible with the compressed depth format chosen (Mem/DepthCompressionFormat=".rvl"), depth images will be compressed in ".png" format instead. Explicitly set Mem/SaveDepth16Format to true to keep using ".rvl" format and images will be converted to 16bits for convenience (warning: that would remove all depth values over 65 meters). Explicitly set Mem/DepthCompressionFormat=".png" to suppress this warning. This warning is only printed once.[0m
[rtabmap-2] rtabmap: Saving database/long-term memory... (located at /home/fujino/.ros/rtabmap_ur5e_20260120_225013.db)
[rtabmap-2] rtabmap: Saving database/long-term memory...done! (located at /home/fujino/.ros/rtabmap_ur5e_20260120_225013.db, 151 MB)
[INFO] [rtabmap-2]: process has finished cleanly [pid 65797]
