[INFO] [launch]: All log files can be found below /home/fujino/.ros/log/2026-01-20-21-42-52-412713-fh-56891
[INFO] [launch]: Default logging verbosity is set to INFO
[INFO] [rgbd_sync-1]: process started with pid [56895]
[INFO] [rtabmap-2]: process started with pid [56897]
[rgbd_sync-1] [INFO] [1768912972.753572198] [rgbd_sync]: rgbd_sync: approx_sync = true
[rgbd_sync-1] [INFO] [1768912972.753708768] [rgbd_sync]: rgbd_sync: approx_sync_max_interval = 0.010000
[rgbd_sync-1] [INFO] [1768912972.753723688] [rgbd_sync]: rgbd_sync: topic_queue_size  = 10
[rgbd_sync-1] [INFO] [1768912972.753728741] [rgbd_sync]: rgbd_sync: sync_queue_size  = 30
[rgbd_sync-1] [INFO] [1768912972.753732855] [rgbd_sync]: rgbd_sync: qos             = 2
[rgbd_sync-1] [INFO] [1768912972.753737068] [rgbd_sync]: rgbd_sync: qos_camera_info = 2
[rgbd_sync-1] [INFO] [1768912972.753740980] [rgbd_sync]: rgbd_sync: depth_scale = 1.000000
[rgbd_sync-1] [INFO] [1768912972.753747469] [rgbd_sync]: rgbd_sync: decimation = 1
[rgbd_sync-1] [INFO] [1768912972.753751790] [rgbd_sync]: rgbd_sync: compressed_rate = 0.000000
[rgbd_sync-1] [INFO] [1768912972.765912622] [rgbd_sync]: 
[rgbd_sync-1] rgbd_sync subscribed to (approx sync, max interval=0.010000s):
[rgbd_sync-1]    /camera/color/image_raw,
[rgbd_sync-1]    /camera/depth/depth/image_raw,
[rgbd_sync-1]    /camera/color/camera_info
[rtabmap-2] [INFO] [1768912973.693325710] [rtabmap]: rtabmap(maps): latch                      = true
[rtabmap-2] [INFO] [1768912973.693712423] [rtabmap]: rtabmap(maps): map_filter_radius          = 0.000000
[rtabmap-2] [INFO] [1768912973.693755700] [rtabmap]: rtabmap(maps): map_filter_angle           = 30.000000
[rtabmap-2] [INFO] [1768912973.693775490] [rtabmap]: rtabmap(maps): map_cleanup                = true
[rtabmap-2] [INFO] [1768912973.693790785] [rtabmap]: rtabmap(maps): map_always_update          = false
[rtabmap-2] [INFO] [1768912973.693804883] [rtabmap]: rtabmap(maps): map_empty_ray_tracing      = true
[rtabmap-2] [INFO] [1768912973.693818483] [rtabmap]: rtabmap(maps): cloud_output_voxelized     = true
[rtabmap-2] [INFO] [1768912973.693831844] [rtabmap]: rtabmap(maps): cloud_subtract_filtering   = false
[rtabmap-2] [INFO] [1768912973.693845297] [rtabmap]: rtabmap(maps): cloud_subtract_filtering_min_neighbors = 2
[rtabmap-2] [INFO] [1768912973.694303342] [rtabmap]: rtabmap(maps): octomap_tree_depth         = 16
[rtabmap-2] [INFO] [1768912973.760504960] [rtabmap]: rtabmap: frame_id      = camera_color_optical_frame
[rtabmap-2] [INFO] [1768912973.760568108] [rtabmap]: rtabmap: odom_frame_id = world
[rtabmap-2] [INFO] [1768912973.760588960] [rtabmap]: rtabmap: map_frame_id  = world
[rtabmap-2] [INFO] [1768912973.760605557] [rtabmap]: rtabmap: log_to_rosout_level  = 4
[rtabmap-2] [INFO] [1768912973.760622340] [rtabmap]: rtabmap: initial_pose  = 
[rtabmap-2] [INFO] [1768912973.760637885] [rtabmap]: rtabmap: use_action_for_goal  = false
[rtabmap-2] [INFO] [1768912973.760653830] [rtabmap]: rtabmap: tf_delay      = 0.050000
[rtabmap-2] [INFO] [1768912973.760688144] [rtabmap]: rtabmap: tf_tolerance  = 0.100000
[rtabmap-2] [INFO] [1768912973.760706958] [rtabmap]: rtabmap: odom_sensor_sync   = false
[rtabmap-2] [INFO] [1768912973.760722826] [rtabmap]: rtabmap: pub_loc_pose_only_when_localizing = false
[rtabmap-2] [INFO] [1768912973.760738021] [rtabmap]: rtabmap: wait_for_transform = 0.200000
[rtabmap-2] [INFO] [1768912973.760755966] [rtabmap]: rtabmap: gen_scan  = false
[rtabmap-2] [INFO] [1768912973.760771192] [rtabmap]: rtabmap: gen_depth  = false
[rtabmap-2] [INFO] [1768912973.807797780] [rtabmap]: Setting RTAB-Map parameter "Grid/3D"="true" (rosparam)
[rtabmap-2] [INFO] [1768912973.810836124] [rtabmap]: Setting RTAB-Map parameter "Grid/RangeMax"="5.0" (rosparam)
[rtabmap-2] [INFO] [1768912973.811222859] [rtabmap]: Setting RTAB-Map parameter "Grid/RayTracing"="true" (rosparam)
[rtabmap-2] [INFO] [1768912973.812151602] [rtabmap]: Setting RTAB-Map parameter "Grid/Sensor"="1" (rosparam)
[rtabmap-2] [INFO] [1768912973.841781992] [rtabmap]: Setting RTAB-Map parameter "RGBD/CreateOccupancyGrid"="true" (rosparam)
[rtabmap-2] [INFO] [1768912973.851068885] [rtabmap]: Setting RTAB-Map parameter "Rtabmap/DetectionRate"="2.0" (rosparam)
[rtabmap-2] [INFO] [1768912973.999193487] [rtabmap]: RTAB-Map detection rate = 2.000000 Hz
[rtabmap-2] [INFO] [1768912973.999351149] [rtabmap]: rtabmap: Using database from "/home/fujino/.ros/rtabmap_ur5e_20260120_214252.db" (0 MB).
[rtabmap-2] [INFO] [1768912974.027212186] [rtabmap]: rtabmap: Database version = "0.22.1".
[rtabmap-2] [INFO] [1768912974.027288663] [rtabmap]: rtabmap: SLAM mode (Mem/IncrementalMemory=true)
[rtabmap-2] [INFO] [1768912974.124288273] [rtabmap]: Setup callbacks
[rtabmap-2] [WARN] [1768912974.124448679] [rtabmap]: rtabmap: Parameters subscribe_depth and subscribe_rgbd cannot be true at the same time. Parameter subscribe_depth is set to false.
[rtabmap-2] [INFO] [1768912974.124657044] [rtabmap]: rtabmap: subscribe_depth = false
[rtabmap-2] [INFO] [1768912974.124691480] [rtabmap]: rtabmap: subscribe_rgb = false
[rtabmap-2] [INFO] [1768912974.124712057] [rtabmap]: rtabmap: subscribe_stereo = false
[rtabmap-2] [INFO] [1768912974.124731507] [rtabmap]: rtabmap: subscribe_rgbd = true (rgbd_cameras=1)
[rtabmap-2] [INFO] [1768912974.124751503] [rtabmap]: rtabmap: subscribe_sensor_data = false
[rtabmap-2] [INFO] [1768912974.124769275] [rtabmap]: rtabmap: subscribe_odom_info = false
[rtabmap-2] [INFO] [1768912974.124787308] [rtabmap]: rtabmap: subscribe_user_data = false
[rtabmap-2] [INFO] [1768912974.124806877] [rtabmap]: rtabmap: subscribe_scan = false
[rtabmap-2] [INFO] [1768912974.124824469] [rtabmap]: rtabmap: subscribe_scan_cloud = false
[rtabmap-2] [INFO] [1768912974.124841022] [rtabmap]: rtabmap: subscribe_scan_descriptor = false
[rtabmap-2] [INFO] [1768912974.124858398] [rtabmap]: rtabmap: topic_queue_size = 10
[rtabmap-2] [INFO] [1768912974.124877722] [rtabmap]: rtabmap: sync_queue_size  = 30
[rtabmap-2] [INFO] [1768912974.124894636] [rtabmap]: rtabmap: qos_image       = 2
[rtabmap-2] [INFO] [1768912974.124990352] [rtabmap]: rtabmap: qos_camera_info = 2
[rtabmap-2] [INFO] [1768912974.125014716] [rtabmap]: rtabmap: qos_scan        = 2
[rtabmap-2] [INFO] [1768912974.125032415] [rtabmap]: rtabmap: qos_odom        = 2
[rtabmap-2] [INFO] [1768912974.125050111] [rtabmap]: rtabmap: qos_user_data   = 2
[rtabmap-2] [INFO] [1768912974.125067150] [rtabmap]: rtabmap: approx_sync     = true
[rtabmap-2] [INFO] [1768912974.125102141] [rtabmap]: Setup rgbd callback
[rtabmap-2] [INFO] [1768912974.127200087] [rtabmap]: 
[rtabmap-2] rtabmap subscribed to:
[rtabmap-2]    /rgbd_image
[rtabmap-2] [INFO] [1768912974.777321374] [rtabmap]: rtabmap (1): Rate=0.50s, Limit=0.000s, Conversion=0.0041s, RTAB-Map=0.4769s, Maps update=0.0001s pub=0.0000s delay=0.4510s (local map=1, WM=1)
[rtabmap-2] [INFO] [1768912975.300391820] [rtabmap]: rtabmap (2): Rate=0.50s, Limit=0.000s, Conversion=0.0013s, RTAB-Map=0.3482s, Maps update=0.0001s pub=0.0000s delay=0.4010s (local map=1, WM=1)
[rtabmap-2] [INFO] [1768912975.801013738] [rtabmap]: rtabmap (3): Rate=0.50s, Limit=0.000s, Conversion=0.0031s, RTAB-Map=0.3479s, Maps update=0.0000s pub=0.0000s delay=0.3860s (local map=1, WM=1)
[rtabmap-2] [INFO] [1768912976.628789719] [rtabmap]: rtabmap (4): Rate=0.50s, Limit=0.000s, Conversion=0.0017s, RTAB-Map=0.4614s, Maps update=0.0001s pub=0.0000s delay=0.4770s (local map=1, WM=1)
[rtabmap-2] [INFO] [1768912977.099876779] [rtabmap]: rtabmap (5): Rate=0.50s, Limit=0.000s, Conversion=0.0018s, RTAB-Map=0.3729s, Maps update=0.0000s pub=0.0000s delay=0.3110s (local map=1, WM=1)
[rtabmap-2] [INFO] [1768912977.677133294] [rtabmap]: rtabmap (6): Rate=0.50s, Limit=0.000s, Conversion=0.0028s, RTAB-Map=0.4157s, Maps update=0.0001s pub=0.0000s delay=0.3740s (local map=1, WM=1)
[rtabmap-2] [INFO] [1768912978.208407018] [rtabmap]: rtabmap (7): Rate=0.50s, Limit=0.000s, Conversion=0.0006s, RTAB-Map=0.4052s, Maps update=0.0000s pub=0.0000s delay=0.4570s (local map=1, WM=1)
[rtabmap-2] [INFO] [1768912978.710724738] [rtabmap]: rtabmap (8): Rate=0.50s, Limit=0.000s, Conversion=0.0006s, RTAB-Map=0.4196s, Maps update=0.0001s pub=0.0000s delay=0.4550s (local map=1, WM=1)
[rtabmap-2] [INFO] [1768912979.173987473] [rtabmap]: rtabmap (9): Rate=0.50s, Limit=0.000s, Conversion=0.0005s, RTAB-Map=0.3457s, Maps update=0.0001s pub=0.0000s delay=0.3200s (local map=1, WM=1)
[rtabmap-2] [INFO] [1768912979.767521436] [rtabmap]: rtabmap (10): Rate=0.50s, Limit=0.000s, Conversion=0.0006s, RTAB-Map=0.4066s, Maps update=0.0001s pub=0.0000s delay=0.4020s (local map=1, WM=1)
[rtabmap-2] [INFO] [1768912980.434837551] [rtabmap]: rtabmap (11): Rate=0.50s, Limit=0.000s, Conversion=0.0008s, RTAB-Map=0.4838s, Maps update=0.0001s pub=0.0000s delay=0.5450s (local map=1, WM=1)
[rtabmap-2] [INFO] [1768912980.952468449] [rtabmap]: rtabmap (12): Rate=0.50s, Limit=0.000s, Conversion=0.0031s, RTAB-Map=0.4697s, Maps update=0.0001s pub=0.0000s delay=0.5000s (local map=1, WM=1)
[rtabmap-2] [INFO] [1768912981.435240709] [rtabmap]: rtabmap (13): Rate=0.50s, Limit=0.000s, Conversion=0.0022s, RTAB-Map=0.4366s, Maps update=0.0001s pub=0.0000s delay=0.4940s (local map=1, WM=1)
[rtabmap-2] [INFO] [1768912981.885226772] [rtabmap]: rtabmap (14): Rate=0.50s, Limit=0.000s, Conversion=0.0011s, RTAB-Map=0.3889s, Maps update=0.0000s pub=0.0000s delay=0.3830s (local map=2, WM=2)
[rtabmap-2] [INFO] [1768912982.497572507] [rtabmap]: rtabmap (15): Rate=0.50s, Limit=0.000s, Conversion=0.0005s, RTAB-Map=0.4999s, Maps update=0.0001s pub=0.0000s delay=0.4760s (local map=2, WM=2)
[rtabmap-2] [INFO] [1768912982.918149780] [rtabmap]: rtabmap (16): Rate=0.50s, Limit=0.000s, Conversion=0.0006s, RTAB-Map=0.3762s, Maps update=0.0001s pub=0.0000s delay=0.3290s (local map=2, WM=2)
[rtabmap-2] [INFO] [1768912983.451693372] [rtabmap]: rtabmap (17): Rate=0.50s, Limit=0.000s, Conversion=0.0014s, RTAB-Map=0.3651s, Maps update=0.0000s pub=0.0000s delay=0.3820s (local map=3, WM=3)
[rtabmap-2] [INFO] [1768912984.032771683] [rtabmap]: rtabmap (18): Rate=0.50s, Limit=0.000s, Conversion=0.0005s, RTAB-Map=0.3937s, Maps update=0.0000s pub=0.0000s delay=0.4360s (local map=3, WM=3)
[rtabmap-2] [INFO] [1768912984.574087097] [rtabmap]: rtabmap (19): Rate=0.50s, Limit=0.000s, Conversion=0.0003s, RTAB-Map=0.3406s, Maps update=0.0001s pub=0.0000s delay=0.3520s (local map=3, WM=3)
[rtabmap-2] [INFO] [1768912985.172349783] [rtabmap]: rtabmap (20): Rate=0.50s, Limit=0.000s, Conversion=0.0005s, RTAB-Map=0.4477s, Maps update=0.0000s pub=0.0000s delay=0.4370s (local map=4, WM=4)
[rtabmap-2] [INFO] [1768912985.659282320] [rtabmap]: rtabmap (21): Rate=0.50s, Limit=0.000s, Conversion=0.0005s, RTAB-Map=0.3708s, Maps update=0.0001s pub=0.0000s delay=0.4020s (local map=4, WM=4)
[rtabmap-2] [INFO] [1768912986.252556488] [rtabmap]: rtabmap (22): Rate=0.50s, Limit=0.000s, Conversion=0.0005s, RTAB-Map=0.4220s, Maps update=0.0000s pub=0.0000s delay=0.4510s (local map=4, WM=4)
[rtabmap-2] [INFO] [1768912986.646115527] [rtabmap]: rtabmap (23): Rate=0.50s, Limit=0.000s, Conversion=0.0006s, RTAB-Map=0.3201s, Maps update=0.0000s pub=0.0000s delay=0.3380s (local map=5, WM=5)
[rtabmap-2] [INFO] [1768912987.286769609] [rtabmap]: rtabmap (24): Rate=0.50s, Limit=0.000s, Conversion=0.0006s, RTAB-Map=0.3706s, Maps update=0.0000s pub=0.0000s delay=0.3720s (local map=5, WM=5)
[rtabmap-2] [INFO] [1768912988.067759143] [rtabmap]: rtabmap (25): Rate=0.50s, Limit=0.000s, Conversion=0.0005s, RTAB-Map=0.3490s, Maps update=0.0000s pub=0.0000s delay=0.3700s (local map=6, WM=6)
[rtabmap-2] [INFO] [1768912988.688873085] [rtabmap]: rtabmap (26): Rate=0.50s, Limit=0.000s, Conversion=0.0005s, RTAB-Map=0.3831s, Maps update=0.0001s pub=0.0000s delay=0.3640s (local map=6, WM=6)
[rtabmap-2] [INFO] [1768912989.210354523] [rtabmap]: rtabmap (27): Rate=0.50s, Limit=0.000s, Conversion=0.0006s, RTAB-Map=0.3178s, Maps update=0.0000s pub=0.0000s delay=0.2930s (local map=6, WM=6)
[rtabmap-2] [INFO] [1768912989.803602588] [rtabmap]: rtabmap (28): Rate=0.50s, Limit=0.000s, Conversion=0.0005s, RTAB-Map=0.3859s, Maps update=0.0000s pub=0.0000s delay=0.3750s (local map=7, WM=7)
[rtabmap-2] [INFO] [1768912990.281179734] [rtabmap]: rtabmap (29): Rate=0.50s, Limit=0.000s, Conversion=0.0005s, RTAB-Map=0.3447s, Maps update=0.0000s pub=0.0000s delay=0.3600s (local map=7, WM=7)
[rtabmap-2] [INFO] [1768912990.819902779] [rtabmap]: rtabmap (30): Rate=0.50s, Limit=0.000s, Conversion=0.0005s, RTAB-Map=0.3828s, Maps update=0.0000s pub=0.0000s delay=0.3450s (local map=7, WM=7)
[rtabmap-2] [INFO] [1768912991.289812604] [rtabmap]: rtabmap (31): Rate=0.50s, Limit=0.000s, Conversion=0.0004s, RTAB-Map=0.3277s, Maps update=0.0001s pub=0.0000s delay=0.3260s (local map=7, WM=7)
[rtabmap-2] [INFO] [1768912991.762829865] [rtabmap]: rtabmap (32): Rate=0.50s, Limit=0.000s, Conversion=0.0004s, RTAB-Map=0.2878s, Maps update=0.0000s pub=0.0000s delay=0.3140s (local map=8, WM=8)
[rtabmap-2] [INFO] [1768912992.356375548] [rtabmap]: rtabmap (33): Rate=0.50s, Limit=0.000s, Conversion=0.0005s, RTAB-Map=0.3496s, Maps update=0.0001s pub=0.0000s delay=0.3790s (local map=8, WM=8)
[rtabmap-2] [INFO] [1768912992.984993175] [rtabmap]: rtabmap (34): Rate=0.50s, Limit=0.000s, Conversion=0.0004s, RTAB-Map=0.3386s, Maps update=0.0000s pub=0.0000s delay=0.3510s (local map=9, WM=9)
[rtabmap-2] [INFO] [1768912993.467816845] [rtabmap]: rtabmap (35): Rate=0.50s, Limit=0.000s, Conversion=0.0005s, RTAB-Map=0.3119s, Maps update=0.0001s pub=0.0000s delay=0.3310s (local map=9, WM=9)
[rtabmap-2] [INFO] [1768912994.071332773] [rtabmap]: rtabmap (36): Rate=0.50s, Limit=0.000s, Conversion=0.0004s, RTAB-Map=0.3222s, Maps update=0.0000s pub=0.0000s delay=0.3300s (local map=10, WM=10)
[rtabmap-2] [INFO] [1768912994.620665072] [rtabmap]: rtabmap (37): Rate=0.50s, Limit=0.000s, Conversion=0.0005s, RTAB-Map=0.3638s, Maps update=0.0001s pub=0.0000s delay=0.3250s (local map=11, WM=11)
[rtabmap-2] [INFO] [1768912995.178613384] [rtabmap]: rtabmap (38): Rate=0.50s, Limit=0.000s, Conversion=0.0005s, RTAB-Map=0.3343s, Maps update=0.0001s pub=0.0000s delay=0.3470s (local map=11, WM=11)
[rtabmap-2] [INFO] [1768912995.854267767] [rtabmap]: rtabmap (39): Rate=0.50s, Limit=0.000s, Conversion=0.0005s, RTAB-Map=0.3925s, Maps update=0.0000s pub=0.0000s delay=0.3210s (local map=12, WM=12)
[rtabmap-2] [INFO] [1768912996.484903978] [rtabmap]: rtabmap (40): Rate=0.50s, Limit=0.000s, Conversion=0.0006s, RTAB-Map=0.3793s, Maps update=0.0001s pub=0.0000s delay=0.4010s (local map=12, WM=12)
[rtabmap-2] [INFO] [1768912996.956709680] [rtabmap]: rtabmap (41): Rate=0.50s, Limit=0.000s, Conversion=0.0005s, RTAB-Map=0.3407s, Maps update=0.0000s pub=0.0000s delay=0.3720s (local map=13, WM=13)
[rtabmap-2] [INFO] [1768912997.633011680] [rtabmap]: rtabmap (42): Rate=0.50s, Limit=0.000s, Conversion=0.0007s, RTAB-Map=0.4249s, Maps update=0.0001s pub=0.0000s delay=0.3870s (local map=13, WM=13)
[rtabmap-2] [INFO] [1768912998.227333194] [rtabmap]: rtabmap (43): Rate=0.50s, Limit=0.000s, Conversion=0.0005s, RTAB-Map=0.4149s, Maps update=0.0000s pub=0.0000s delay=0.4010s (local map=14, WM=14)
[rtabmap-2] [INFO] [1768912998.732152127] [rtabmap]: rtabmap (44): Rate=0.50s, Limit=0.000s, Conversion=0.0005s, RTAB-Map=0.3507s, Maps update=0.0001s pub=0.0000s delay=0.3090s (local map=14, WM=14)
[rtabmap-2] [INFO] [1768912999.348932685] [rtabmap]: rtabmap (45): Rate=0.50s, Limit=0.000s, Conversion=0.0005s, RTAB-Map=0.4292s, Maps update=0.0000s pub=0.0000s delay=0.3740s (local map=15, WM=15)
[rtabmap-2] [INFO] [1768912999.858891188] [rtabmap]: rtabmap (46): Rate=0.50s, Limit=0.000s, Conversion=0.0004s, RTAB-Map=0.3995s, Maps update=0.0000s pub=0.0000s delay=0.3320s (local map=15, WM=15)
[rtabmap-2] [INFO] [1768913000.364583089] [rtabmap]: rtabmap (47): Rate=0.50s, Limit=0.000s, Conversion=0.0004s, RTAB-Map=0.3305s, Maps update=0.0000s pub=0.0000s delay=0.2740s (local map=16, WM=16)
[rtabmap-2] [INFO] [1768913001.005029008] [rtabmap]: rtabmap (48): Rate=0.50s, Limit=0.000s, Conversion=0.0006s, RTAB-Map=0.4297s, Maps update=0.0001s pub=0.0000s delay=0.4230s (local map=16, WM=16)
[rtabmap-2] [INFO] [1768913001.513190125] [rtabmap]: rtabmap (49): Rate=0.50s, Limit=0.000s, Conversion=0.0005s, RTAB-Map=0.3349s, Maps update=0.0001s pub=0.0000s delay=0.3390s (local map=16, WM=16)
[rtabmap-2] [INFO] [1768913002.089154929] [rtabmap]: rtabmap (50): Rate=0.50s, Limit=0.000s, Conversion=0.0006s, RTAB-Map=0.3067s, Maps update=0.0001s pub=0.0000s delay=0.3190s (local map=16, WM=16)
[rtabmap-2] [INFO] [1768913002.666742433] [rtabmap]: rtabmap (51): Rate=0.50s, Limit=0.000s, Conversion=0.0005s, RTAB-Map=0.3117s, Maps update=0.0000s pub=0.0000s delay=0.2420s (local map=17, WM=17)
[rtabmap-2] [INFO] [1768913003.287783040] [rtabmap]: rtabmap (52): Rate=0.50s, Limit=0.000s, Conversion=0.0013s, RTAB-Map=0.3258s, Maps update=0.0001s pub=0.0000s delay=0.3500s (local map=17, WM=17)
[rtabmap-2] [INFO] [1768913003.857682957] [rtabmap]: rtabmap (53): Rate=0.50s, Limit=0.000s, Conversion=0.0006s, RTAB-Map=0.3814s, Maps update=0.0000s pub=0.0000s delay=0.3280s (local map=17, WM=17)
[rtabmap-2] [INFO] [1768913004.416341280] [rtabmap]: rtabmap (54): Rate=0.50s, Limit=0.000s, Conversion=0.0005s, RTAB-Map=0.4132s, Maps update=0.0000s pub=0.0000s delay=0.4110s (local map=18, WM=18)
[rtabmap-2] [INFO] [1768913004.905907383] [rtabmap]: rtabmap (55): Rate=0.50s, Limit=0.000s, Conversion=0.0006s, RTAB-Map=0.3725s, Maps update=0.0000s pub=0.0000s delay=0.3920s (local map=18, WM=18)
[rtabmap-2] [INFO] [1768913005.486132274] [rtabmap]: rtabmap (56): Rate=0.50s, Limit=0.000s, Conversion=0.0005s, RTAB-Map=0.4079s, Maps update=0.0000s pub=0.0000s delay=0.4420s (local map=18, WM=18)
[rtabmap-2] [INFO] [1768913006.013116335] [rtabmap]: rtabmap (57): Rate=0.50s, Limit=0.000s, Conversion=0.0005s, RTAB-Map=0.3702s, Maps update=0.0000s pub=0.0000s delay=0.3700s (local map=19, WM=19)
[rtabmap-2] [INFO] [1768913007.037197256] [rtabmap]: rtabmap (58): Rate=0.50s, Limit=0.000s, Conversion=0.0005s, RTAB-Map=0.4692s, Maps update=0.0000s pub=0.0000s delay=0.4570s (local map=20, WM=20)
[rtabmap-2] [INFO] [1768913007.483253235] [rtabmap]: rtabmap (59): Rate=0.50s, Limit=0.000s, Conversion=0.0005s, RTAB-Map=0.2890s, Maps update=0.0001s pub=0.0000s delay=0.3340s (local map=20, WM=20)
[rtabmap-2] [INFO] [1768913008.187749697] [rtabmap]: rtabmap (60): Rate=0.50s, Limit=0.000s, Conversion=0.0006s, RTAB-Map=0.4281s, Maps update=0.0001s pub=0.0000s delay=0.4550s (local map=20, WM=20)
[rtabmap-2] [INFO] [1768913008.641959217] [rtabmap]: rtabmap (61): Rate=0.50s, Limit=0.000s, Conversion=0.0006s, RTAB-Map=0.3562s, Maps update=0.0000s pub=0.0000s delay=0.3460s (local map=21, WM=21)
[rtabmap-2] [INFO] [1768913009.210037469] [rtabmap]: rtabmap (62): Rate=0.50s, Limit=0.000s, Conversion=0.0007s, RTAB-Map=0.3681s, Maps update=0.0001s pub=0.0000s delay=0.3990s (local map=21, WM=21)
[rtabmap-2] [INFO] [1768913009.695313851] [rtabmap]: rtabmap (63): Rate=0.50s, Limit=0.000s, Conversion=0.0004s, RTAB-Map=0.2977s, Maps update=0.0001s pub=0.0000s delay=0.3290s (local map=21, WM=21)
[rtabmap-2] [INFO] [1768913010.347214670] [rtabmap]: rtabmap (64): Rate=0.50s, Limit=0.000s, Conversion=0.0006s, RTAB-Map=0.4177s, Maps update=0.0000s pub=0.0000s delay=0.4080s (local map=22, WM=22)
[rtabmap-2] [INFO] [1768913010.881528586] [rtabmap]: rtabmap (65): Rate=0.50s, Limit=0.000s, Conversion=0.0005s, RTAB-Map=0.3943s, Maps update=0.0001s pub=0.0000s delay=0.3390s (local map=22, WM=22)
[rtabmap-2] [INFO] [1768913011.421983478] [rtabmap]: rtabmap (66): Rate=0.50s, Limit=0.000s, Conversion=0.0004s, RTAB-Map=0.4112s, Maps update=0.0001s pub=0.0000s delay=0.4390s (local map=22, WM=22)
[rtabmap-2] [INFO] [1768913011.948756169] [rtabmap]: rtabmap (67): Rate=0.50s, Limit=0.000s, Conversion=0.0005s, RTAB-Map=0.4388s, Maps update=0.0001s pub=0.0000s delay=0.4230s (local map=22, WM=22)
[rtabmap-2] [INFO] [1768913012.540724774] [rtabmap]: rtabmap (68): Rate=0.50s, Limit=0.000s, Conversion=0.0007s, RTAB-Map=0.4777s, Maps update=0.0001s pub=0.0000s delay=0.4640s (local map=22, WM=22)
[rtabmap-2] [INFO] [1768913013.095555899] [rtabmap]: rtabmap (69): Rate=0.50s, Limit=0.000s, Conversion=0.0006s, RTAB-Map=0.4802s, Maps update=0.0001s pub=0.0000s delay=0.5320s (local map=22, WM=22)
[rtabmap-2] [INFO] [1768913013.421151086] [rtabmap]: rtabmap (70): Rate=0.50s, Limit=0.000s, Conversion=0.0006s, RTAB-Map=0.3117s, Maps update=0.0001s pub=0.0000s delay=0.3250s (local map=22, WM=22)
[rgbd_sync-1] [INFO] [1768913013.537514387] [rclcpp]: signal_handler(signum=2)
[rtabmap-2] [INFO] [1768913013.537545956] [rclcpp]: signal_handler(signum=2)
[rtabmap-2] [INFO] [1768913013.545504736] [rtabmap]: Parameters are not saved (No configuration file provided...)
[INFO] [rgbd_sync-1]: process has finished cleanly [pid 56895]
[rtabmap-2] [33m[ WARN] (2026-01-20 21:42:54.323) Memory.cpp:5917::createSignature() Mem/SaveDepth16Format is set to false to use 32bits format but this is not compatible with the compressed depth format chosen (Mem/DepthCompressionFormat=".rvl"), depth images will be compressed in ".png" format instead. Explicitly set Mem/SaveDepth16Format to true to keep using ".rvl" format and images will be converted to 16bits for convenience (warning: that would remove all depth values over 65 meters). Explicitly set Mem/DepthCompressionFormat=".png" to suppress this warning. This warning is only printed once.[0m
[rtabmap-2] rtabmap: Saving database/long-term memory... (located at /home/fujino/.ros/rtabmap_ur5e_20260120_214252.db)
[rtabmap-2] rtabmap: Saving database/long-term memory...done! (located at /home/fujino/.ros/rtabmap_ur5e_20260120_214252.db, 105 MB)
[INFO] [rtabmap-2]: process has finished cleanly [pid 56897]
