[INFO] [launch]: All log files can be found below /home/fujino/.ros/log/2026-01-18-19-42-37-353702-fh-683361
[INFO] [launch]: Default logging verbosity is set to INFO
[INFO] [rgbd_sync-1]: process started with pid [683365]
[INFO] [rtabmap-2]: process started with pid [683367]
[rtabmap-2] [INFO] [1768732958.124597504] [rtabmap]: rtabmap(maps): latch                      = true
[rtabmap-2] [INFO] [1768732958.126389514] [rtabmap]: rtabmap(maps): map_filter_radius          = 0.000000
[rtabmap-2] [INFO] [1768732958.129163584] [rtabmap]: rtabmap(maps): map_filter_angle           = 30.000000
[rtabmap-2] [INFO] [1768732958.129606244] [rtabmap]: rtabmap(maps): map_cleanup                = true
[rtabmap-2] [INFO] [1768732958.129618462] [rtabmap]: rtabmap(maps): map_always_update          = false
[rtabmap-2] [INFO] [1768732958.129625083] [rtabmap]: rtabmap(maps): map_empty_ray_tracing      = true
[rtabmap-2] [INFO] [1768732958.129631023] [rtabmap]: rtabmap(maps): cloud_output_voxelized     = true
[rtabmap-2] [INFO] [1768732958.129636714] [rtabmap]: rtabmap(maps): cloud_subtract_filtering   = false
[rtabmap-2] [INFO] [1768732958.129642630] [rtabmap]: rtabmap(maps): cloud_subtract_filtering_min_neighbors = 2
[rtabmap-2] [INFO] [1768732958.134665941] [rtabmap]: rtabmap(maps): octomap_tree_depth         = 16
[rgbd_sync-1] [INFO] [1768732958.253876750] [rgbd_sync]: rgbd_sync: approx_sync = true
[rgbd_sync-1] [INFO] [1768732958.254273701] [rgbd_sync]: rgbd_sync: approx_sync_max_interval = 0.010000
[rgbd_sync-1] [INFO] [1768732958.254305955] [rgbd_sync]: rgbd_sync: topic_queue_size  = 10
[rgbd_sync-1] [INFO] [1768732958.254314882] [rgbd_sync]: rgbd_sync: sync_queue_size  = 30
[rgbd_sync-1] [INFO] [1768732958.254322955] [rgbd_sync]: rgbd_sync: qos             = 2
[rgbd_sync-1] [INFO] [1768732958.254331717] [rgbd_sync]: rgbd_sync: qos_camera_info = 2
[rgbd_sync-1] [INFO] [1768732958.254338964] [rgbd_sync]: rgbd_sync: depth_scale = 1.000000
[rgbd_sync-1] [INFO] [1768732958.254354610] [rgbd_sync]: rgbd_sync: decimation = 1
[rgbd_sync-1] [INFO] [1768732958.254362094] [rgbd_sync]: rgbd_sync: compressed_rate = 0.000000
[rtabmap-2] [INFO] [1768732958.266808842] [rtabmap]: rtabmap: frame_id      = camera_color_optical_frame
[rtabmap-2] [INFO] [1768732958.266866731] [rtabmap]: rtabmap: odom_frame_id = world
[rtabmap-2] [INFO] [1768732958.266883560] [rtabmap]: rtabmap: map_frame_id  = world
[rtabmap-2] [INFO] [1768732958.266897632] [rtabmap]: rtabmap: log_to_rosout_level  = 4
[rtabmap-2] [INFO] [1768732958.266911421] [rtabmap]: rtabmap: initial_pose  = 
[rtabmap-2] [INFO] [1768732958.266924319] [rtabmap]: rtabmap: use_action_for_goal  = false
[rtabmap-2] [INFO] [1768732958.266937031] [rtabmap]: rtabmap: tf_delay      = 0.050000
[rtabmap-2] [INFO] [1768732958.266956851] [rtabmap]: rtabmap: tf_tolerance  = 0.100000
[rtabmap-2] [INFO] [1768732958.266971707] [rtabmap]: rtabmap: odom_sensor_sync   = false
[rtabmap-2] [INFO] [1768732958.266993408] [rtabmap]: rtabmap: pub_loc_pose_only_when_localizing = false
[rtabmap-2] [INFO] [1768732958.267007162] [rtabmap]: rtabmap: wait_for_transform = 0.200000
[rtabmap-2] [INFO] [1768732958.267022059] [rtabmap]: rtabmap: gen_scan  = false
[rtabmap-2] [INFO] [1768732958.267034931] [rtabmap]: rtabmap: gen_depth  = false
[rgbd_sync-1] [INFO] [1768732958.292192062] [rgbd_sync]: 
[rgbd_sync-1] rgbd_sync subscribed to (approx sync, max interval=0.010000s):
[rgbd_sync-1]    /camera/color/image_raw,
[rgbd_sync-1]    /camera/depth/depth/image_raw,
[rgbd_sync-1]    /camera/color/camera_info
[rtabmap-2] [INFO] [1768732958.354776246] [rtabmap]: Setting RTAB-Map parameter "Grid/3D"="true" (rosparam)
[rtabmap-2] [INFO] [1768732958.355898595] [rtabmap]: Setting RTAB-Map parameter "Grid/RangeMax"="5.0" (rosparam)
[rtabmap-2] [INFO] [1768732958.356051874] [rtabmap]: Setting RTAB-Map parameter "Grid/RayTracing"="true" (rosparam)
[rtabmap-2] [INFO] [1768732958.356313356] [rtabmap]: Setting RTAB-Map parameter "Grid/Sensor"="1" (rosparam)
[rtabmap-2] [INFO] [1768732958.466822001] [rtabmap]: Setting RTAB-Map parameter "RGBD/CreateOccupancyGrid"="true" (rosparam)
[rtabmap-2] [INFO] [1768732958.516891837] [rtabmap]: Setting RTAB-Map parameter "Rtabmap/DetectionRate"="2.0" (rosparam)
[rtabmap-2] [INFO] [1768732958.716897321] [rtabmap]: RTAB-Map detection rate = 2.000000 Hz
[rtabmap-2] [INFO] [1768732958.717081011] [rtabmap]: rtabmap: Using database from "/home/fujino/.ros/rtabmap_ur5e_20260118_194237.db" (0 MB).
[rtabmap-2] [INFO] [1768732958.782140203] [rtabmap]: rtabmap: Database version = "0.22.1".
[rtabmap-2] [INFO] [1768732958.782205174] [rtabmap]: rtabmap: SLAM mode (Mem/IncrementalMemory=true)
[rtabmap-2] [INFO] [1768732958.894828191] [rtabmap]: Setup callbacks
[rtabmap-2] [WARN] [1768732958.894906025] [rtabmap]: rtabmap: Parameters subscribe_depth and subscribe_rgbd cannot be true at the same time. Parameter subscribe_depth is set to false.
[rtabmap-2] [INFO] [1768732958.898515584] [rtabmap]: rtabmap: subscribe_depth = false
[rtabmap-2] [INFO] [1768732958.898595759] [rtabmap]: rtabmap: subscribe_rgb = false
[rtabmap-2] [INFO] [1768732958.898610515] [rtabmap]: rtabmap: subscribe_stereo = false
[rtabmap-2] [INFO] [1768732958.898623854] [rtabmap]: rtabmap: subscribe_rgbd = true (rgbd_cameras=1)
[rtabmap-2] [INFO] [1768732958.898638145] [rtabmap]: rtabmap: subscribe_sensor_data = false
[rtabmap-2] [INFO] [1768732958.898650579] [rtabmap]: rtabmap: subscribe_odom_info = false
[rtabmap-2] [INFO] [1768732958.898661930] [rtabmap]: rtabmap: subscribe_user_data = false
[rtabmap-2] [INFO] [1768732958.898673098] [rtabmap]: rtabmap: subscribe_scan = false
[rtabmap-2] [INFO] [1768732958.898684825] [rtabmap]: rtabmap: subscribe_scan_cloud = false
[rtabmap-2] [INFO] [1768732958.898696261] [rtabmap]: rtabmap: subscribe_scan_descriptor = false
[rtabmap-2] [INFO] [1768732958.898708006] [rtabmap]: rtabmap: topic_queue_size = 10
[rtabmap-2] [INFO] [1768732958.898721294] [rtabmap]: rtabmap: sync_queue_size  = 30
[rtabmap-2] [INFO] [1768732958.898732739] [rtabmap]: rtabmap: qos_image       = 2
[rtabmap-2] [INFO] [1768732958.898801121] [rtabmap]: rtabmap: qos_camera_info = 2
[rtabmap-2] [INFO] [1768732958.898816955] [rtabmap]: rtabmap: qos_scan        = 2
[rtabmap-2] [INFO] [1768732958.898829474] [rtabmap]: rtabmap: qos_odom        = 2
[rtabmap-2] [INFO] [1768732958.898842005] [rtabmap]: rtabmap: qos_user_data   = 2
[rtabmap-2] [INFO] [1768732958.898854295] [rtabmap]: rtabmap: approx_sync     = true
[rtabmap-2] [INFO] [1768732958.898892061] [rtabmap]: Setup rgbd callback
[rtabmap-2] [INFO] [1768732958.901357333] [rtabmap]: 
[rtabmap-2] rtabmap subscribed to:
[rtabmap-2]    /rgbd_image
[rtabmap-2] [INFO] [1768732962.879952364] [rtabmap]: rtabmap (1): Rate=0.50s, Limit=0.000s, Conversion=0.0047s, RTAB-Map=0.5634s, Maps update=0.0092s pub=0.0007s delay=0.5300s (local map=1, WM=1)
[rtabmap-2] [INFO] [1768732963.647483897] [rtabmap]: rtabmap (2): Rate=0.50s, Limit=0.000s, Conversion=0.0032s, RTAB-Map=0.4616s, Maps update=0.0053s pub=0.0000s delay=0.3150s (local map=1, WM=1)
[rtabmap-2] [INFO] [1768732964.501481484] [rtabmap]: rtabmap (3): Rate=0.50s, Limit=0.000s, Conversion=0.0065s, RTAB-Map=0.5300s, Maps update=0.0133s pub=0.0000s delay=0.4780s (local map=1, WM=1)
[rtabmap-2] [INFO] [1768732966.541430316] [rtabmap]: rtabmap (4): Rate=0.50s, Limit=0.000s, Conversion=0.0009s, RTAB-Map=0.5278s, Maps update=0.0125s pub=0.0000s delay=0.5220s (local map=1, WM=1)
[rtabmap-2] [INFO] [1768732967.349982047] [rtabmap]: rtabmap (5): Rate=0.50s, Limit=0.000s, Conversion=0.0023s, RTAB-Map=0.5067s, Maps update=0.0095s pub=0.0001s delay=0.4730s (local map=1, WM=1)
[rtabmap-2] [INFO] [1768732968.703416341] [rtabmap]: rtabmap (6): Rate=0.50s, Limit=0.000s, Conversion=0.0011s, RTAB-Map=0.6101s, Maps update=0.0077s pub=0.0004s delay=0.5750s (local map=2, WM=2)
[rtabmap-2] [INFO] [1768732969.716792191] [rtabmap]: rtabmap (7): Rate=0.50s, Limit=0.000s, Conversion=0.0024s, RTAB-Map=0.5046s, Maps update=0.0043s pub=0.0000s delay=0.5260s (local map=2, WM=2)
[rtabmap-2] [INFO] [1768732970.578824396] [rtabmap]: rtabmap (8): Rate=0.50s, Limit=0.000s, Conversion=0.0023s, RTAB-Map=0.4990s, Maps update=0.0068s pub=0.0015s delay=0.4860s (local map=3, WM=3)
[rtabmap-2] [INFO] [1768732971.175452855] [rtabmap]: rtabmap (9): Rate=0.50s, Limit=0.000s, Conversion=0.0027s, RTAB-Map=0.4714s, Maps update=0.0057s pub=0.0000s delay=0.4850s (local map=3, WM=3)
[rtabmap-2] [INFO] [1768732971.933613035] [rtabmap]: rtabmap (10): Rate=0.50s, Limit=0.000s, Conversion=0.0009s, RTAB-Map=0.5880s, Maps update=0.0032s pub=0.0000s delay=0.5690s (local map=3, WM=3)
[rtabmap-2] [INFO] [1768732972.535463293] [rtabmap]: rtabmap (11): Rate=0.50s, Limit=0.000s, Conversion=0.0057s, RTAB-Map=0.4472s, Maps update=0.0036s pub=0.0005s delay=0.4500s (local map=4, WM=4)
[rtabmap-2] [INFO] [1768732973.505476117] [rtabmap]: rtabmap (12): Rate=0.50s, Limit=0.000s, Conversion=0.0006s, RTAB-Map=0.4704s, Maps update=0.0046s pub=0.0000s delay=0.4480s (local map=4, WM=4)
[rtabmap-2] [INFO] [1768732975.184746582] [rtabmap]: rtabmap (13): Rate=0.50s, Limit=0.000s, Conversion=0.0014s, RTAB-Map=0.4451s, Maps update=0.0001s pub=0.0005s delay=0.4550s (local map=5, WM=5)
[rtabmap-2] [INFO] [1768732975.726834204] [rtabmap]: rtabmap (14): Rate=0.50s, Limit=0.000s, Conversion=0.0005s, RTAB-Map=0.4185s, Maps update=0.0034s pub=0.0000s delay=0.4070s (local map=5, WM=5)
[rtabmap-2] [INFO] [1768732977.719181351] [rtabmap]: rtabmap (15): Rate=0.50s, Limit=0.000s, Conversion=0.0018s, RTAB-Map=0.3504s, Maps update=0.0007s pub=0.0000s delay=0.3390s (local map=5, WM=5)
[rtabmap-2] [INFO] [1768732978.858416445] [rtabmap]: rtabmap (16): Rate=0.50s, Limit=0.000s, Conversion=0.0004s, RTAB-Map=0.5326s, Maps update=0.0075s pub=0.0005s delay=0.5420s (local map=6, WM=6)
[rtabmap-2] [INFO] [1768732980.322034573] [rtabmap]: rtabmap (17): Rate=0.50s, Limit=0.000s, Conversion=0.0059s, RTAB-Map=0.4763s, Maps update=0.0136s pub=0.0005s delay=0.3520s (local map=7, WM=7)
[rtabmap-2] [INFO] [1768732981.108269041] [rtabmap]: rtabmap (18): Rate=0.50s, Limit=0.000s, Conversion=0.0027s, RTAB-Map=0.4663s, Maps update=0.0086s pub=0.0005s delay=0.3860s (local map=8, WM=8)
[rtabmap-2] [INFO] [1768732981.940334157] [rtabmap]: rtabmap (19): Rate=0.50s, Limit=0.000s, Conversion=0.0015s, RTAB-Map=0.3636s, Maps update=0.0086s pub=0.0004s delay=0.2030s (local map=9, WM=9)
[rtabmap-2] [INFO] [1768732982.658440531] [rtabmap]: rtabmap (20): Rate=0.50s, Limit=0.000s, Conversion=0.0010s, RTAB-Map=0.4580s, Maps update=0.0050s pub=0.0000s delay=0.4530s (local map=9, WM=9)
[rtabmap-2] [INFO] [1768732983.259378665] [rtabmap]: rtabmap (21): Rate=0.50s, Limit=0.000s, Conversion=0.0008s, RTAB-Map=0.4176s, Maps update=0.0056s pub=0.0004s delay=0.3550s (local map=10, WM=10)
[rtabmap-2] [INFO] [1768732984.399778023] [rtabmap]: rtabmap (22): Rate=0.50s, Limit=0.000s, Conversion=0.0037s, RTAB-Map=0.4291s, Maps update=0.0061s pub=0.0008s delay=0.4770s (local map=11, WM=11)
[rtabmap-2] [INFO] [1768732985.468022376] [rtabmap]: rtabmap (23): Rate=0.50s, Limit=0.000s, Conversion=0.0068s, RTAB-Map=0.5352s, Maps update=0.0371s pub=0.0005s delay=0.5860s (local map=12, WM=12)
[rtabmap-2] [INFO] [1768732986.183808475] [rtabmap]: rtabmap (24): Rate=0.50s, Limit=0.000s, Conversion=0.0020s, RTAB-Map=0.4972s, Maps update=0.0044s pub=0.0007s delay=0.5360s (local map=13, WM=13)
[rtabmap-2] [INFO] [1768732986.784354710] [rtabmap]: rtabmap (25): Rate=0.50s, Limit=0.000s, Conversion=0.0004s, RTAB-Map=0.5039s, Maps update=0.0036s pub=0.0000s delay=0.4810s (local map=13, WM=13)
[rtabmap-2] [INFO] [1768732987.379742344] [rtabmap]: rtabmap (26): Rate=0.50s, Limit=0.000s, Conversion=0.0043s, RTAB-Map=0.3730s, Maps update=0.0044s pub=0.0008s delay=0.4010s (local map=14, WM=14)
[rtabmap-2] [INFO] [1768732988.629239190] [rtabmap]: rtabmap (27): Rate=0.50s, Limit=0.000s, Conversion=0.0010s, RTAB-Map=0.5273s, Maps update=0.0008s pub=0.0000s delay=0.5650s (local map=14, WM=14)
[rtabmap-2] [INFO] [1768732989.649547060] [rtabmap]: rtabmap (28): Rate=0.50s, Limit=0.000s, Conversion=0.0016s, RTAB-Map=0.6269s, Maps update=0.0059s pub=0.0009s delay=0.6560s (local map=15, WM=15)
[rtabmap-2] [INFO] [1768732990.752518406] [rtabmap]: rtabmap (29): Rate=0.50s, Limit=0.000s, Conversion=0.0052s, RTAB-Map=0.5751s, Maps update=0.0050s pub=0.0000s delay=0.5490s (local map=15, WM=15)
[rtabmap-2] [INFO] [1768732991.508216689] [rtabmap]: rtabmap (30): Rate=0.50s, Limit=0.000s, Conversion=0.0041s, RTAB-Map=0.5480s, Maps update=0.0021s pub=0.0007s delay=0.5050s (local map=16, WM=16)
[rtabmap-2] [INFO] [1768732992.494896828] [rtabmap]: rtabmap (31): Rate=0.50s, Limit=0.000s, Conversion=0.0030s, RTAB-Map=0.5411s, Maps update=0.0033s pub=0.0000s delay=0.4890s (local map=16, WM=16)
[rtabmap-2] [INFO] [1768732993.024850012] [rtabmap]: rtabmap (32): Rate=0.50s, Limit=0.000s, Conversion=0.0007s, RTAB-Map=0.4784s, Maps update=0.0038s pub=0.0009s delay=0.4410s (local map=17, WM=17)
[rtabmap-2] [INFO] [1768732993.565644172] [rtabmap]: rtabmap (33): Rate=0.50s, Limit=0.000s, Conversion=0.0004s, RTAB-Map=0.5022s, Maps update=0.0002s pub=0.0000s delay=0.4280s (local map=17, WM=17)
[rtabmap-2] [INFO] [1768732995.036896993] [rtabmap]: rtabmap (34): Rate=0.50s, Limit=0.000s, Conversion=0.0008s, RTAB-Map=0.5263s, Maps update=0.0055s pub=0.0010s delay=0.5010s (local map=18, WM=18)
[rtabmap-2] [INFO] [1768732995.593728864] [rtabmap]: rtabmap (35): Rate=0.50s, Limit=0.000s, Conversion=0.0007s, RTAB-Map=0.4378s, Maps update=0.0020s pub=0.0010s delay=0.3910s (local map=19, WM=19)
[rtabmap-2] [INFO] [1768732996.395249083] [rtabmap]: rtabmap (36): Rate=0.50s, Limit=0.000s, Conversion=0.0023s, RTAB-Map=0.4984s, Maps update=0.0018s pub=0.0000s delay=0.5010s (local map=19, WM=19)
[rtabmap-2] [INFO] [1768732996.911242562] [rtabmap]: rtabmap (37): Rate=0.50s, Limit=0.000s, Conversion=0.0008s, RTAB-Map=0.4446s, Maps update=0.0035s pub=0.0000s delay=0.4230s (local map=19, WM=19)
[rtabmap-2] [INFO] [1768732997.711218307] [rtabmap]: rtabmap (38): Rate=0.50s, Limit=0.000s, Conversion=0.0008s, RTAB-Map=0.5262s, Maps update=0.0092s pub=0.0009s delay=0.5500s (local map=20, WM=20)
[rtabmap-2] [INFO] [1768732998.290329944] [rtabmap]: rtabmap (39): Rate=0.50s, Limit=0.000s, Conversion=0.0004s, RTAB-Map=0.3264s, Maps update=0.0001s pub=0.0000s delay=0.2860s (local map=20, WM=20)
[rtabmap-2] [INFO] [1768732999.016987131] [rtabmap]: rtabmap (40): Rate=0.50s, Limit=0.000s, Conversion=0.0026s, RTAB-Map=0.4553s, Maps update=0.0060s pub=0.0000s delay=0.4380s (local map=20, WM=20)
[rtabmap-2] [INFO] [1768733000.223725571] [rtabmap]: rtabmap (41): Rate=0.50s, Limit=0.000s, Conversion=0.0007s, RTAB-Map=0.3725s, Maps update=0.0043s pub=0.0000s delay=0.3110s (local map=20, WM=20)
[rtabmap-2] [INFO] [1768733000.883968634] [rtabmap]: rtabmap (42): Rate=0.50s, Limit=0.000s, Conversion=0.0066s, RTAB-Map=0.4547s, Maps update=0.0078s pub=0.0000s delay=0.4890s (local map=20, WM=20)
[rtabmap-2] [INFO] [1768733001.684384690] [rtabmap]: rtabmap (43): Rate=0.50s, Limit=0.000s, Conversion=0.0005s, RTAB-Map=0.4972s, Maps update=0.0019s pub=0.0000s delay=0.5550s (local map=20, WM=20)
[rgbd_sync-1] [INFO] [1768733002.468056128] [rclcpp]: signal_handler(signum=2)
[rtabmap-2] [INFO] [1768733002.468118660] [rclcpp]: signal_handler(signum=2)
[rtabmap-2] [INFO] [1768733002.526584853] [rtabmap]: rtabmap (44): Rate=0.50s, Limit=0.000s, Conversion=0.0008s, RTAB-Map=0.5238s, Maps update=0.0001s pub=0.0001s delay=0.4710s (local map=20, WM=20)
[rtabmap-2] [INFO] [1768733002.529087496] [rtabmap]: Parameters are not saved (No configuration file provided...)
[INFO] [rgbd_sync-1]: process has finished cleanly [pid 683365]
[rtabmap-2] [33m[ WARN] (2026-01-18 19:42:42.333) Memory.cpp:5917::createSignature() Mem/SaveDepth16Format is set to false to use 32bits format but this is not compatible with the compressed depth format chosen (Mem/DepthCompressionFormat=".rvl"), depth images will be compressed in ".png" format instead. Explicitly set Mem/SaveDepth16Format to true to keep using ".rvl" format and images will be converted to 16bits for convenience (warning: that would remove all depth values over 65 meters). Explicitly set Mem/DepthCompressionFormat=".png" to suppress this warning. This warning is only printed once.[0m
[rtabmap-2] [33m[ WARN] (2026-01-18 19:42:42.879) MapsManager.cpp:863::publishMaps() Graph has changed! The whole cloud is regenerated.[0m
[rtabmap-2] [33m[ WARN] (2026-01-18 19:43:07.372) Memory.cpp:3217::computeTransform() Missing visual features or missing raw data to compute them. Transform cannot be estimated.[0m
[rtabmap-2] [33m[ WARN] (2026-01-18 19:43:12.488) Rtabmap.cpp:3069::process() Rejected loop closure 1 -> 31: Not enough inliers after bundle adjustment 11/20 (matches=24) between 1 and 31[0m
[rtabmap-2] rtabmap: Saving database/long-term memory... (located at /home/fujino/.ros/rtabmap_ur5e_20260118_194237.db)
[rtabmap-2] rtabmap: Saving database/long-term memory...done! (located at /home/fujino/.ros/rtabmap_ur5e_20260118_194237.db, 66 MB)
[INFO] [rtabmap-2]: process has finished cleanly [pid 683367]
