[INFO] [launch]: All log files can be found below /home/fujino/.ros/log/2026-01-18-20-15-12-241798-fh-701241
[INFO] [launch]: Default logging verbosity is set to INFO
[INFO] [rgbd_sync-1]: process started with pid [701260]
[INFO] [rtabmap-2]: process started with pid [701262]
[rtabmap-2] [INFO] [1768734912.752808030] [rtabmap]: rtabmap(maps): latch                      = true
[rtabmap-2] [INFO] [1768734912.753200159] [rtabmap]: rtabmap(maps): map_filter_radius          = 0.000000
[rtabmap-2] [INFO] [1768734912.753230721] [rtabmap]: rtabmap(maps): map_filter_angle           = 30.000000
[rtabmap-2] [INFO] [1768734912.753244841] [rtabmap]: rtabmap(maps): map_cleanup                = true
[rtabmap-2] [INFO] [1768734912.753259247] [rtabmap]: rtabmap(maps): map_always_update          = false
[rtabmap-2] [INFO] [1768734912.753269561] [rtabmap]: rtabmap(maps): map_empty_ray_tracing      = true
[rtabmap-2] [INFO] [1768734912.753279246] [rtabmap]: rtabmap(maps): cloud_output_voxelized     = true
[rtabmap-2] [INFO] [1768734912.753289211] [rtabmap]: rtabmap(maps): cloud_subtract_filtering   = false
[rtabmap-2] [INFO] [1768734912.753299475] [rtabmap]: rtabmap(maps): cloud_subtract_filtering_min_neighbors = 2
[rtabmap-2] [INFO] [1768734912.753338670] [rtabmap]: rtabmap(maps): octomap_tree_depth         = 16
[rtabmap-2] [INFO] [1768734912.858740320] [rtabmap]: rtabmap: frame_id      = camera_color_optical_frame
[rtabmap-2] [INFO] [1768734912.858792404] [rtabmap]: rtabmap: odom_frame_id = world
[rtabmap-2] [INFO] [1768734912.858807285] [rtabmap]: rtabmap: map_frame_id  = world
[rtabmap-2] [INFO] [1768734912.858828841] [rtabmap]: rtabmap: log_to_rosout_level  = 4
[rtabmap-2] [INFO] [1768734912.858840730] [rtabmap]: rtabmap: initial_pose  = 
[rtabmap-2] [INFO] [1768734912.858852107] [rtabmap]: rtabmap: use_action_for_goal  = false
[rtabmap-2] [INFO] [1768734912.858863948] [rtabmap]: rtabmap: tf_delay      = 0.050000
[rtabmap-2] [INFO] [1768734912.858880888] [rtabmap]: rtabmap: tf_tolerance  = 0.100000
[rtabmap-2] [INFO] [1768734912.858895673] [rtabmap]: rtabmap: odom_sensor_sync   = false
[rtabmap-2] [INFO] [1768734912.858906695] [rtabmap]: rtabmap: pub_loc_pose_only_when_localizing = false
[rtabmap-2] [INFO] [1768734912.858917093] [rtabmap]: rtabmap: wait_for_transform = 0.200000
[rtabmap-2] [INFO] [1768734912.858928794] [rtabmap]: rtabmap: gen_scan  = false
[rtabmap-2] [INFO] [1768734912.858939356] [rtabmap]: rtabmap: gen_depth  = false
[rtabmap-2] [INFO] [1768734912.927120693] [rtabmap]: Setting RTAB-Map parameter "Grid/3D"="true" (rosparam)
[rtabmap-2] [INFO] [1768734912.927608877] [rtabmap]: Setting RTAB-Map parameter "Grid/RangeMax"="5.0" (rosparam)
[rtabmap-2] [INFO] [1768734912.927680313] [rtabmap]: Setting RTAB-Map parameter "Grid/RayTracing"="true" (rosparam)
[rtabmap-2] [INFO] [1768734912.927772646] [rtabmap]: Setting RTAB-Map parameter "Grid/Sensor"="1" (rosparam)
[rtabmap-2] [INFO] [1768734912.939366945] [rtabmap]: Setting RTAB-Map parameter "RGBD/CreateOccupancyGrid"="true" (rosparam)
[rtabmap-2] [INFO] [1768734912.958970594] [rtabmap]: Setting RTAB-Map parameter "Rtabmap/DetectionRate"="2.0" (rosparam)
[rgbd_sync-1] [INFO] [1768734913.030997740] [rgbd_sync]: rgbd_sync: approx_sync = true
[rgbd_sync-1] [INFO] [1768734913.034096765] [rgbd_sync]: rgbd_sync: approx_sync_max_interval = 0.010000
[rgbd_sync-1] [INFO] [1768734913.038002999] [rgbd_sync]: rgbd_sync: topic_queue_size  = 10
[rgbd_sync-1] [INFO] [1768734913.038020851] [rgbd_sync]: rgbd_sync: sync_queue_size  = 30
[rgbd_sync-1] [INFO] [1768734913.038033665] [rgbd_sync]: rgbd_sync: qos             = 2
[rgbd_sync-1] [INFO] [1768734913.038045375] [rgbd_sync]: rgbd_sync: qos_camera_info = 2
[rgbd_sync-1] [INFO] [1768734913.038056123] [rgbd_sync]: rgbd_sync: depth_scale = 1.000000
[rgbd_sync-1] [INFO] [1768734913.038068988] [rgbd_sync]: rgbd_sync: decimation = 1
[rgbd_sync-1] [INFO] [1768734913.038080237] [rgbd_sync]: rgbd_sync: compressed_rate = 0.000000
[rgbd_sync-1] [INFO] [1768734913.063593185] [rgbd_sync]: 
[rgbd_sync-1] rgbd_sync subscribed to (approx sync, max interval=0.010000s):
[rgbd_sync-1]    /camera/color/image_raw,
[rgbd_sync-1]    /camera/depth/depth/image_raw,
[rgbd_sync-1]    /camera/color/camera_info
[rtabmap-2] [INFO] [1768734913.224820347] [rtabmap]: RTAB-Map detection rate = 2.000000 Hz
[rtabmap-2] [INFO] [1768734913.224918915] [rtabmap]: rtabmap: Using database from "/home/fujino/.ros/rtabmap_ur5e_20260118_201511.db" (0 MB).
[rtabmap-2] [INFO] [1768734913.267973048] [rtabmap]: rtabmap: Database version = "0.22.1".
[rtabmap-2] [INFO] [1768734913.269328948] [rtabmap]: rtabmap: SLAM mode (Mem/IncrementalMemory=true)
[rtabmap-2] [INFO] [1768734913.378101489] [rtabmap]: Setup callbacks
[rtabmap-2] [WARN] [1768734913.378192569] [rtabmap]: rtabmap: Parameters subscribe_depth and subscribe_rgbd cannot be true at the same time. Parameter subscribe_depth is set to false.
[rtabmap-2] [INFO] [1768734913.378350842] [rtabmap]: rtabmap: subscribe_depth = false
[rtabmap-2] [INFO] [1768734913.378373993] [rtabmap]: rtabmap: subscribe_rgb = false
[rtabmap-2] [INFO] [1768734913.378389208] [rtabmap]: rtabmap: subscribe_stereo = false
[rtabmap-2] [INFO] [1768734913.378402611] [rtabmap]: rtabmap: subscribe_rgbd = true (rgbd_cameras=1)
[rtabmap-2] [INFO] [1768734913.378416671] [rtabmap]: rtabmap: subscribe_sensor_data = false
[rtabmap-2] [INFO] [1768734913.378428816] [rtabmap]: rtabmap: subscribe_odom_info = false
[rtabmap-2] [INFO] [1768734913.378440672] [rtabmap]: rtabmap: subscribe_user_data = false
[rtabmap-2] [INFO] [1768734913.378452706] [rtabmap]: rtabmap: subscribe_scan = false
[rtabmap-2] [INFO] [1768734913.378464673] [rtabmap]: rtabmap: subscribe_scan_cloud = false
[rtabmap-2] [INFO] [1768734913.378476601] [rtabmap]: rtabmap: subscribe_scan_descriptor = false
[rtabmap-2] [INFO] [1768734913.378489202] [rtabmap]: rtabmap: topic_queue_size = 10
[rtabmap-2] [INFO] [1768734913.378502005] [rtabmap]: rtabmap: sync_queue_size  = 30
[rtabmap-2] [INFO] [1768734913.378513638] [rtabmap]: rtabmap: qos_image       = 2
[rtabmap-2] [INFO] [1768734913.378571618] [rtabmap]: rtabmap: qos_camera_info = 2
[rtabmap-2] [INFO] [1768734913.378592711] [rtabmap]: rtabmap: qos_scan        = 2
[rtabmap-2] [INFO] [1768734913.378606952] [rtabmap]: rtabmap: qos_odom        = 2
[rtabmap-2] [INFO] [1768734913.378620970] [rtabmap]: rtabmap: qos_user_data   = 2
[rtabmap-2] [INFO] [1768734913.378633917] [rtabmap]: rtabmap: approx_sync     = true
[rtabmap-2] [INFO] [1768734913.378662844] [rtabmap]: Setup rgbd callback
[rtabmap-2] [INFO] [1768734913.381176647] [rtabmap]: 
[rtabmap-2] rtabmap subscribed to:
[rtabmap-2]    /rgbd_image
[rtabmap-2] [INFO] [1768734914.515674321] [rtabmap]: rtabmap (1): Rate=0.50s, Limit=0.000s, Conversion=0.0030s, RTAB-Map=0.3663s, Maps update=0.0029s pub=0.0004s delay=0.3910s (local map=1, WM=1)
[rtabmap-2] [INFO] [1768734915.124190825] [rtabmap]: rtabmap (2): Rate=0.50s, Limit=0.000s, Conversion=0.0012s, RTAB-Map=0.4265s, Maps update=0.0075s pub=0.0000s delay=0.4540s (local map=1, WM=1)
[rtabmap-2] [INFO] [1768734915.824208331] [rtabmap]: rtabmap (3): Rate=0.50s, Limit=0.000s, Conversion=0.0016s, RTAB-Map=0.4010s, Maps update=0.0043s pub=0.0000s delay=0.3310s (local map=1, WM=1)
[rtabmap-2] [INFO] [1768734916.354137130] [rtabmap]: rtabmap (4): Rate=0.50s, Limit=0.000s, Conversion=0.0019s, RTAB-Map=0.3631s, Maps update=0.0046s pub=0.0000s delay=0.2960s (local map=1, WM=1)
[rtabmap-2] [INFO] [1768734916.962320830] [rtabmap]: rtabmap (5): Rate=0.50s, Limit=0.000s, Conversion=0.0033s, RTAB-Map=0.4339s, Maps update=0.0071s pub=0.0000s delay=0.3730s (local map=1, WM=1)
[rtabmap-2] [INFO] [1768734917.483745641] [rtabmap]: rtabmap (6): Rate=0.50s, Limit=0.000s, Conversion=0.0009s, RTAB-Map=0.4058s, Maps update=0.0099s pub=0.0000s delay=0.3560s (local map=1, WM=1)
[rtabmap-2] [INFO] [1768734918.078473092] [rtabmap]: rtabmap (7): Rate=0.50s, Limit=0.000s, Conversion=0.0008s, RTAB-Map=0.4283s, Maps update=0.0042s pub=0.0000s delay=0.3990s (local map=1, WM=1)
[rtabmap-2] [INFO] [1768734918.582666656] [rtabmap]: rtabmap (8): Rate=0.50s, Limit=0.000s, Conversion=0.0010s, RTAB-Map=0.4183s, Maps update=0.0091s pub=0.0000s delay=0.3940s (local map=1, WM=1)
[rtabmap-2] [INFO] [1768734919.329695817] [rtabmap]: rtabmap (9): Rate=0.50s, Limit=0.000s, Conversion=0.0026s, RTAB-Map=0.3984s, Maps update=0.0058s pub=0.0000s delay=0.3440s (local map=1, WM=1)
[rtabmap-2] [INFO] [1768734919.923935671] [rtabmap]: rtabmap (10): Rate=0.50s, Limit=0.000s, Conversion=0.0024s, RTAB-Map=0.4637s, Maps update=0.0113s pub=0.0000s delay=0.4410s (local map=1, WM=1)
[rtabmap-2] [INFO] [1768734920.573220933] [rtabmap]: rtabmap (11): Rate=0.50s, Limit=0.000s, Conversion=0.0006s, RTAB-Map=0.4347s, Maps update=0.0001s pub=0.0000s delay=0.3770s (local map=1, WM=1)
[rtabmap-2] [INFO] [1768734921.242772250] [rtabmap]: rtabmap (12): Rate=0.50s, Limit=0.000s, Conversion=0.0006s, RTAB-Map=0.4057s, Maps update=0.0031s pub=0.0002s delay=0.3990s (local map=2, WM=2)
[rtabmap-2] [INFO] [1768734921.948058456] [rtabmap]: rtabmap (13): Rate=0.50s, Limit=0.000s, Conversion=0.0008s, RTAB-Map=0.4047s, Maps update=0.0042s pub=0.0000s delay=0.3500s (local map=2, WM=2)
[rtabmap-2] [INFO] [1768734922.650323875] [rtabmap]: rtabmap (14): Rate=0.50s, Limit=0.000s, Conversion=0.0033s, RTAB-Map=0.5576s, Maps update=0.0072s pub=0.0000s delay=0.5140s (local map=2, WM=2)
[rtabmap-2] [INFO] [1768734923.172317448] [rtabmap]: rtabmap (15): Rate=0.50s, Limit=0.000s, Conversion=0.0008s, RTAB-Map=0.4985s, Maps update=0.0063s pub=0.0005s delay=0.4870s (local map=3, WM=3)
[rtabmap-2] [INFO] [1768734923.686370031] [rtabmap]: rtabmap (16): Rate=0.50s, Limit=0.000s, Conversion=0.0023s, RTAB-Map=0.4195s, Maps update=0.0003s pub=0.0002s delay=0.4100s (local map=3, WM=3)
[rtabmap-2] [INFO] [1768734924.343922846] [rtabmap]: rtabmap (17): Rate=0.50s, Limit=0.000s, Conversion=0.0028s, RTAB-Map=0.4641s, Maps update=0.0076s pub=0.0000s delay=0.4200s (local map=3, WM=3)
[rtabmap-2] [INFO] [1768734924.853550306] [rtabmap]: rtabmap (18): Rate=0.50s, Limit=0.000s, Conversion=0.0010s, RTAB-Map=0.4595s, Maps update=0.0064s pub=0.0003s delay=0.4200s (local map=4, WM=4)
[rtabmap-2] [INFO] [1768734925.713291810] [rtabmap]: rtabmap (19): Rate=0.50s, Limit=0.000s, Conversion=0.0006s, RTAB-Map=0.6274s, Maps update=0.0089s pub=0.0000s delay=0.5930s (local map=4, WM=4)
[rtabmap-2] [INFO] [1768734926.253786064] [rtabmap]: rtabmap (20): Rate=0.50s, Limit=0.000s, Conversion=0.0057s, RTAB-Map=0.3765s, Maps update=0.0071s pub=0.0006s delay=0.4270s (local map=5, WM=5)
[rtabmap-2] [INFO] [1768734927.011616052] [rtabmap]: rtabmap (21): Rate=0.50s, Limit=0.000s, Conversion=0.0005s, RTAB-Map=0.5129s, Maps update=0.0072s pub=0.0000s delay=0.4750s (local map=5, WM=5)
[rtabmap-2] [INFO] [1768734927.605803303] [rtabmap]: rtabmap (22): Rate=0.50s, Limit=0.000s, Conversion=0.0007s, RTAB-Map=0.5344s, Maps update=0.0034s pub=0.0000s delay=0.5420s (local map=5, WM=5)
[rtabmap-2] [INFO] [1768734928.206361932] [rtabmap]: rtabmap (23): Rate=0.50s, Limit=0.000s, Conversion=0.0006s, RTAB-Map=0.4939s, Maps update=0.0044s pub=0.0005s delay=0.5130s (local map=6, WM=6)
[rtabmap-2] [INFO] [1768734928.661398808] [rtabmap]: rtabmap (24): Rate=0.50s, Limit=0.000s, Conversion=0.0006s, RTAB-Map=0.4206s, Maps update=0.0040s pub=0.0000s delay=0.3120s (local map=6, WM=6)
[rtabmap-2] [INFO] [1768734929.360482356] [rtabmap]: rtabmap (25): Rate=0.50s, Limit=0.000s, Conversion=0.0007s, RTAB-Map=0.4524s, Maps update=0.0038s pub=0.0000s delay=0.3710s (local map=6, WM=6)
[rtabmap-2] [INFO] [1768734930.149376040] [rtabmap]: rtabmap (26): Rate=0.50s, Limit=0.000s, Conversion=0.0015s, RTAB-Map=0.4862s, Maps update=0.0002s pub=0.0004s delay=0.4250s (local map=7, WM=7)
[rtabmap-2] [INFO] [1768734930.738785221] [rtabmap]: rtabmap (27): Rate=0.50s, Limit=0.000s, Conversion=0.0005s, RTAB-Map=0.5016s, Maps update=0.0014s pub=0.0000s delay=0.4170s (local map=7, WM=7)
[rtabmap-2] [INFO] [1768734931.254416192] [rtabmap]: rtabmap (28): Rate=0.50s, Limit=0.000s, Conversion=0.0006s, RTAB-Map=0.4499s, Maps update=0.0006s pub=0.0004s delay=0.3910s (local map=8, WM=8)
[rtabmap-2] [INFO] [1768734932.185141742] [rtabmap]: rtabmap (29): Rate=0.50s, Limit=0.000s, Conversion=0.0004s, RTAB-Map=0.5628s, Maps update=0.0046s pub=0.0013s delay=0.4880s (local map=9, WM=9)
[rtabmap-2] [INFO] [1768734933.187869200] [rtabmap]: rtabmap (30): Rate=0.50s, Limit=0.000s, Conversion=0.0008s, RTAB-Map=0.6400s, Maps update=0.0037s pub=0.0008s delay=0.5720s (local map=10, WM=10)
[rtabmap-2] [INFO] [1768734934.573311685] [rtabmap]: rtabmap (31): Rate=0.50s, Limit=0.000s, Conversion=0.0167s, RTAB-Map=0.8617s, Maps update=0.0068s pub=0.0005s delay=0.8010s (local map=11, WM=11)
[rtabmap-2] [INFO] [1768734936.041800791] [rtabmap]: rtabmap (32): Rate=0.50s, Limit=0.000s, Conversion=0.0009s, RTAB-Map=0.5197s, Maps update=0.0090s pub=0.0006s delay=0.4880s (local map=12, WM=12)
[rtabmap-2] [INFO] [1768734936.620913113] [rtabmap]: rtabmap (33): Rate=0.50s, Limit=0.000s, Conversion=0.0005s, RTAB-Map=0.5133s, Maps update=0.0051s pub=0.0000s delay=0.5090s (local map=12, WM=12)
[rtabmap-2] [INFO] [1768734937.564960551] [rtabmap]: rtabmap (34): Rate=0.50s, Limit=0.000s, Conversion=0.0013s, RTAB-Map=0.5583s, Maps update=0.0018s pub=0.0007s delay=0.5700s (local map=13, WM=13)
[rtabmap-2] [INFO] [1768734939.145272438] [rtabmap]: rtabmap (35): Rate=0.50s, Limit=0.000s, Conversion=0.0025s, RTAB-Map=0.4379s, Maps update=0.0054s pub=0.0007s delay=0.3880s (local map=14, WM=14)
[rtabmap-2] [INFO] [1768734939.950821473] [rtabmap]: rtabmap (36): Rate=0.50s, Limit=0.000s, Conversion=0.0007s, RTAB-Map=0.5097s, Maps update=0.0015s pub=0.0009s delay=0.4700s (local map=15, WM=15)
[rtabmap-2] [INFO] [1768734940.588809702] [rtabmap]: rtabmap (37): Rate=0.50s, Limit=0.000s, Conversion=0.0007s, RTAB-Map=0.4337s, Maps update=0.0002s pub=0.0006s delay=0.3720s (local map=16, WM=16)
[rtabmap-2] [INFO] [1768734941.288769923] [rtabmap]: rtabmap (38): Rate=0.50s, Limit=0.000s, Conversion=0.0008s, RTAB-Map=0.5520s, Maps update=0.0023s pub=0.0001s delay=0.5440s (local map=16, WM=16)
[rtabmap-2] [INFO] [1768734941.849753111] [rtabmap]: rtabmap (39): Rate=0.50s, Limit=0.000s, Conversion=0.0018s, RTAB-Map=0.4457s, Maps update=0.0093s pub=0.0000s delay=0.4060s (local map=16, WM=16)
[rtabmap-2] [INFO] [1768734943.016487109] [rtabmap]: rtabmap (40): Rate=0.50s, Limit=0.000s, Conversion=0.0008s, RTAB-Map=0.4390s, Maps update=0.0052s pub=0.0053s delay=0.4720s (local map=17, WM=17)
[rtabmap-2] [INFO] [1768734943.774196375] [rtabmap]: rtabmap (41): Rate=0.50s, Limit=0.000s, Conversion=0.0013s, RTAB-Map=0.5307s, Maps update=0.0034s pub=0.0001s delay=0.5450s (local map=17, WM=17)
[rtabmap-2] [INFO] [1768734944.864577234] [rtabmap]: rtabmap (42): Rate=0.50s, Limit=0.000s, Conversion=0.0004s, RTAB-Map=0.4829s, Maps update=0.0069s pub=0.0048s delay=0.4980s (local map=18, WM=18)
[rtabmap-2] [INFO] [1768734945.895935182] [rtabmap]: rtabmap (43): Rate=0.50s, Limit=0.000s, Conversion=0.0008s, RTAB-Map=0.4913s, Maps update=0.0051s pub=0.0000s delay=0.4710s (local map=18, WM=18)
[rtabmap-2] [INFO] [1768734946.499667810] [rtabmap]: rtabmap (44): Rate=0.50s, Limit=0.000s, Conversion=0.0022s, RTAB-Map=0.4793s, Maps update=0.0079s pub=0.0010s delay=0.4990s (local map=19, WM=19)
[rtabmap-2] [INFO] [1768734947.218460860] [rtabmap]: rtabmap (45): Rate=0.50s, Limit=0.000s, Conversion=0.0013s, RTAB-Map=0.4405s, Maps update=0.0078s pub=0.0000s delay=0.4520s (local map=19, WM=19)
[rtabmap-2] [INFO] [1768734947.921113789] [rtabmap]: rtabmap (46): Rate=0.50s, Limit=0.000s, Conversion=0.0007s, RTAB-Map=0.4793s, Maps update=0.0041s pub=0.0011s delay=0.4210s (local map=20, WM=20)
[rtabmap-2] [INFO] [1768734948.528851280] [rtabmap]: rtabmap (47): Rate=0.50s, Limit=0.000s, Conversion=0.0009s, RTAB-Map=0.5306s, Maps update=0.0071s pub=0.0010s delay=0.4910s (local map=21, WM=21)
[rtabmap-2] [INFO] [1768734949.249847966] [rtabmap]: rtabmap (48): Rate=0.50s, Limit=0.000s, Conversion=0.0010s, RTAB-Map=0.4291s, Maps update=0.0066s pub=0.0000s delay=0.3950s (local map=21, WM=21)
[rtabmap-2] [INFO] [1768734950.233513074] [rtabmap]: rtabmap (49): Rate=0.50s, Limit=0.000s, Conversion=0.0003s, RTAB-Map=0.3199s, Maps update=0.0042s pub=0.0011s delay=0.3360s (local map=22, WM=22)
[rtabmap-2] [INFO] [1768734950.930298867] [rtabmap]: rtabmap (50): Rate=0.50s, Limit=0.000s, Conversion=0.0005s, RTAB-Map=0.4482s, Maps update=0.0076s pub=0.0000s delay=0.3930s (local map=22, WM=22)
[rtabmap-2] [INFO] [1768734951.676794485] [rtabmap]: rtabmap (51): Rate=0.50s, Limit=0.000s, Conversion=0.0005s, RTAB-Map=0.4949s, Maps update=0.0073s pub=0.0000s delay=0.4450s (local map=22, WM=22)
[rtabmap-2] [INFO] [1768734952.267750770] [rtabmap]: rtabmap (52): Rate=0.50s, Limit=0.000s, Conversion=0.0007s, RTAB-Map=0.4643s, Maps update=0.0071s pub=0.0001s delay=0.4500s (local map=22, WM=22)
[rtabmap-2] [INFO] [1768734953.096556190] [rtabmap]: rtabmap (53): Rate=0.50s, Limit=0.000s, Conversion=0.0006s, RTAB-Map=0.4966s, Maps update=0.0059s pub=0.0000s delay=0.4410s (local map=22, WM=22)
[rtabmap-2] [INFO] [1768734953.816405854] [rtabmap]: rtabmap (54): Rate=0.50s, Limit=0.000s, Conversion=0.0005s, RTAB-Map=0.4714s, Maps update=0.0010s pub=0.0000s delay=0.4200s (local map=22, WM=22)
[rtabmap-2] [INFO] [1768734954.512620244] [rtabmap]: rtabmap (55): Rate=0.50s, Limit=0.000s, Conversion=0.0008s, RTAB-Map=0.4256s, Maps update=0.0029s pub=0.0000s delay=0.4240s (local map=22, WM=22)
[rtabmap-2] [INFO] [1768734955.363969228] [rtabmap]: rtabmap (56): Rate=0.50s, Limit=0.000s, Conversion=0.0030s, RTAB-Map=0.4676s, Maps update=0.0015s pub=0.0000s delay=0.4230s (local map=22, WM=22)
[rtabmap-2] [INFO] [1768734955.943981740] [rtabmap]: rtabmap (57): Rate=0.50s, Limit=0.000s, Conversion=0.0013s, RTAB-Map=0.4577s, Maps update=0.0051s pub=0.0000s delay=0.4780s (local map=22, WM=22)
[rtabmap-2] [INFO] [1768734957.112839344] [rtabmap]: rtabmap (58): Rate=0.50s, Limit=0.000s, Conversion=0.0013s, RTAB-Map=0.4517s, Maps update=0.0063s pub=0.0000s delay=0.4230s (local map=22, WM=22)
[rtabmap-2] [INFO] [1768734957.639759026] [rtabmap]: rtabmap (59): Rate=0.50s, Limit=0.000s, Conversion=0.0005s, RTAB-Map=0.4383s, Maps update=0.0069s pub=0.0000s delay=0.3930s (local map=22, WM=22)
[rtabmap-2] [INFO] [1768734958.141126389] [rtabmap]: rtabmap (60): Rate=0.50s, Limit=0.000s, Conversion=0.0007s, RTAB-Map=0.3641s, Maps update=0.0001s pub=0.0000s delay=0.3340s (local map=22, WM=22)
[rtabmap-2] [INFO] [1768734958.672961694] [rtabmap]: rtabmap (61): Rate=0.50s, Limit=0.000s, Conversion=0.0007s, RTAB-Map=0.3657s, Maps update=0.0058s pub=0.0000s delay=0.3320s (local map=22, WM=22)
[rtabmap-2] [INFO] [1768734959.485916107] [rtabmap]: rtabmap (62): Rate=0.50s, Limit=0.000s, Conversion=0.0007s, RTAB-Map=0.3399s, Maps update=0.0015s pub=0.0000s delay=0.3070s (local map=22, WM=22)
[rtabmap-2] [INFO] [1768734960.307718018] [rtabmap]: rtabmap (63): Rate=0.50s, Limit=0.000s, Conversion=0.0004s, RTAB-Map=0.4537s, Maps update=0.0054s pub=0.0000s delay=0.4140s (local map=22, WM=22)
[rtabmap-2] [INFO] [1768734960.777841282] [rtabmap]: rtabmap (64): Rate=0.50s, Limit=0.000s, Conversion=0.0006s, RTAB-Map=0.3062s, Maps update=0.0040s pub=0.0000s delay=0.2920s (local map=22, WM=22)
[rtabmap-2] [INFO] [1768734961.428728550] [rtabmap]: rtabmap (65): Rate=0.50s, Limit=0.000s, Conversion=0.0007s, RTAB-Map=0.4251s, Maps update=0.0039s pub=0.0000s delay=0.3840s (local map=22, WM=22)
[rtabmap-2] [INFO] [1768734962.038536662] [rtabmap]: rtabmap (66): Rate=0.50s, Limit=0.000s, Conversion=0.0005s, RTAB-Map=0.4806s, Maps update=0.0071s pub=0.0000s delay=0.4500s (local map=22, WM=22)
[rtabmap-2] [INFO] [1768734962.547609106] [rtabmap]: rtabmap (67): Rate=0.50s, Limit=0.000s, Conversion=0.0009s, RTAB-Map=0.3079s, Maps update=0.0002s pub=0.0000s delay=0.2770s (local map=22, WM=22)
[rtabmap-2] [INFO] [1768734963.095565273] [rtabmap]: rtabmap (68): Rate=0.50s, Limit=0.000s, Conversion=0.0009s, RTAB-Map=0.3115s, Maps update=0.0028s pub=0.0001s delay=0.2750s (local map=22, WM=22)
[rtabmap-2] [INFO] [1768734963.677026988] [rtabmap]: rtabmap (69): Rate=0.50s, Limit=0.000s, Conversion=0.0005s, RTAB-Map=0.4015s, Maps update=0.0006s pub=0.0000s delay=0.3710s (local map=22, WM=22)
[rtabmap-2] [INFO] [1768734964.234359873] [rtabmap]: rtabmap (70): Rate=0.50s, Limit=0.000s, Conversion=0.0010s, RTAB-Map=0.3983s, Maps update=0.0009s pub=0.0000s delay=0.3140s (local map=22, WM=22)
[rtabmap-2] [INFO] [1768734964.994904223] [rtabmap]: rtabmap (71): Rate=0.50s, Limit=0.000s, Conversion=0.0008s, RTAB-Map=0.5272s, Maps update=0.0035s pub=0.0000s delay=0.4270s (local map=22, WM=22)
[rgbd_sync-1] [INFO] [1768734965.487748104] [rclcpp]: signal_handler(signum=2)
[rtabmap-2] [INFO] [1768734965.487748228] [rclcpp]: signal_handler(signum=2)
[INFO] [rgbd_sync-1]: process has finished cleanly [pid 701260]
[rtabmap-2] [INFO] [1768734965.774616038] [rtabmap]: rtabmap (72): Rate=0.50s, Limit=0.000s, Conversion=0.0007s, RTAB-Map=0.4752s, Maps update=0.0001s pub=0.0001s delay=0.1520s (local map=22, WM=22)
[rtabmap-2] [INFO] [1768734965.779622207] [rtabmap]: Parameters are not saved (No configuration file provided...)
[rtabmap-2] [33m[ WARN] (2026-01-18 20:15:14.169) Memory.cpp:5917::createSignature() Mem/SaveDepth16Format is set to false to use 32bits format but this is not compatible with the compressed depth format chosen (Mem/DepthCompressionFormat=".rvl"), depth images will be compressed in ".png" format instead. Explicitly set Mem/SaveDepth16Format to true to keep using ".rvl" format and images will be converted to 16bits for convenience (warning: that would remove all depth values over 65 meters). Explicitly set Mem/DepthCompressionFormat=".png" to suppress this warning. This warning is only printed once.[0m
[rtabmap-2] [33m[ WARN] (2026-01-18 20:15:14.515) MapsManager.cpp:863::publishMaps() Graph has changed! The whole cloud is regenerated.[0m
[rtabmap-2] [33m[ WARN] (2026-01-18 20:15:45.888) Rtabmap.cpp:3069::process() Rejected loop closure 1 -> 43: Not enough inliers 13/20 (matches=49) between 1 and 43[0m
[rtabmap-2] [33m[ WARN] (2026-01-18 20:15:46.489) Rtabmap.cpp:3069::process() Rejected loop closure 1 -> 44: Not enough inliers after bundle adjustment 16/20 (matches=21) between 1 and 44[0m
[rtabmap-2] rtabmap: Saving database/long-term memory... (located at /home/fujino/.ros/rtabmap_ur5e_20260118_201511.db)
[rtabmap-2] rtabmap: Saving database/long-term memory...done! (located at /home/fujino/.ros/rtabmap_ur5e_20260118_201511.db, 109 MB)
[INFO] [rtabmap-2]: process has finished cleanly [pid 701262]
