[INFO] [launch]: All log files can be found below /home/fujino/.ros/log/2026-01-18-23-48-19-762848-fh-736793
[INFO] [launch]: Default logging verbosity is set to INFO
[INFO] [rgbd_sync-1]: process started with pid [736799]
[INFO] [rtabmap-2]: process started with pid [736803]
[rtabmap-2] [INFO] [1768747700.704240629] [rtabmap]: rtabmap(maps): latch                      = true
[rtabmap-2] [INFO] [1768747700.704579098] [rtabmap]: rtabmap(maps): map_filter_radius          = 0.000000
[rtabmap-2] [INFO] [1768747700.704607837] [rtabmap]: rtabmap(maps): map_filter_angle           = 30.000000
[rtabmap-2] [INFO] [1768747700.704617954] [rtabmap]: rtabmap(maps): map_cleanup                = true
[rtabmap-2] [INFO] [1768747700.704624076] [rtabmap]: rtabmap(maps): map_always_update          = false
[rtabmap-2] [INFO] [1768747700.704629579] [rtabmap]: rtabmap(maps): map_empty_ray_tracing      = true
[rtabmap-2] [INFO] [1768747700.704635240] [rtabmap]: rtabmap(maps): cloud_output_voxelized     = true
[rtabmap-2] [INFO] [1768747700.704642794] [rtabmap]: rtabmap(maps): cloud_subtract_filtering   = false
[rtabmap-2] [INFO] [1768747700.704648882] [rtabmap]: rtabmap(maps): cloud_subtract_filtering_min_neighbors = 2
[rtabmap-2] [INFO] [1768747700.704728555] [rtabmap]: rtabmap(maps): octomap_tree_depth         = 16
[rgbd_sync-1] [INFO] [1768747700.729565372] [rgbd_sync]: rgbd_sync: approx_sync = true
[rgbd_sync-1] [INFO] [1768747700.729786071] [rgbd_sync]: rgbd_sync: approx_sync_max_interval = 0.010000
[rgbd_sync-1] [INFO] [1768747700.729810847] [rgbd_sync]: rgbd_sync: topic_queue_size  = 10
[rgbd_sync-1] [INFO] [1768747700.729818450] [rgbd_sync]: rgbd_sync: sync_queue_size  = 30
[rgbd_sync-1] [INFO] [1768747700.729825214] [rgbd_sync]: rgbd_sync: qos             = 2
[rgbd_sync-1] [INFO] [1768747700.729832221] [rgbd_sync]: rgbd_sync: qos_camera_info = 2
[rgbd_sync-1] [INFO] [1768747700.729838727] [rgbd_sync]: rgbd_sync: depth_scale = 1.000000
[rgbd_sync-1] [INFO] [1768747700.729846664] [rgbd_sync]: rgbd_sync: decimation = 1
[rgbd_sync-1] [INFO] [1768747700.729854173] [rgbd_sync]: rgbd_sync: compressed_rate = 0.000000
[rgbd_sync-1] [INFO] [1768747700.807688571] [rgbd_sync]: 
[rgbd_sync-1] rgbd_sync subscribed to (approx sync, max interval=0.010000s):
[rgbd_sync-1]    /camera/color/image_raw,
[rgbd_sync-1]    /camera/depth/depth/image_raw,
[rgbd_sync-1]    /camera/color/camera_info
[rtabmap-2] [INFO] [1768747700.854008640] [rtabmap]: rtabmap: frame_id      = camera_color_optical_frame
[rtabmap-2] [INFO] [1768747700.854067911] [rtabmap]: rtabmap: odom_frame_id = world
[rtabmap-2] [INFO] [1768747700.854077953] [rtabmap]: rtabmap: map_frame_id  = world
[rtabmap-2] [INFO] [1768747700.854085797] [rtabmap]: rtabmap: log_to_rosout_level  = 4
[rtabmap-2] [INFO] [1768747700.854094138] [rtabmap]: rtabmap: initial_pose  = 
[rtabmap-2] [INFO] [1768747700.854102043] [rtabmap]: rtabmap: use_action_for_goal  = false
[rtabmap-2] [INFO] [1768747700.854109863] [rtabmap]: rtabmap: tf_delay      = 0.050000
[rtabmap-2] [INFO] [1768747700.854124065] [rtabmap]: rtabmap: tf_tolerance  = 0.100000
[rtabmap-2] [INFO] [1768747700.854132924] [rtabmap]: rtabmap: odom_sensor_sync   = false
[rtabmap-2] [INFO] [1768747700.854140420] [rtabmap]: rtabmap: pub_loc_pose_only_when_localizing = false
[rtabmap-2] [INFO] [1768747700.854148108] [rtabmap]: rtabmap: wait_for_transform = 0.200000
[rtabmap-2] [INFO] [1768747700.854159784] [rtabmap]: rtabmap: gen_scan  = false
[rtabmap-2] [INFO] [1768747700.854167422] [rtabmap]: rtabmap: gen_depth  = false
[rtabmap-2] [INFO] [1768747700.918448218] [rtabmap]: Setting RTAB-Map parameter "Grid/3D"="true" (rosparam)
[rtabmap-2] [INFO] [1768747700.920193046] [rtabmap]: Setting RTAB-Map parameter "Grid/RangeMax"="5.0" (rosparam)
[rtabmap-2] [INFO] [1768747700.920311377] [rtabmap]: Setting RTAB-Map parameter "Grid/RayTracing"="true" (rosparam)
[rtabmap-2] [INFO] [1768747700.920505443] [rtabmap]: Setting RTAB-Map parameter "Grid/Sensor"="1" (rosparam)
[rtabmap-2] [INFO] [1768747700.933084406] [rtabmap]: Setting RTAB-Map parameter "RGBD/CreateOccupancyGrid"="true" (rosparam)
[rtabmap-2] [INFO] [1768747700.939120995] [rtabmap]: Setting RTAB-Map parameter "Rtabmap/DetectionRate"="2.0" (rosparam)
[rtabmap-2] [INFO] [1768747701.179568974] [rtabmap]: RTAB-Map detection rate = 2.000000 Hz
[rtabmap-2] [INFO] [1768747701.179741454] [rtabmap]: rtabmap: Using database from "/home/fujino/.ros/rtabmap_ur5e_20260118_234819.db" (0 MB).
[rtabmap-2] [INFO] [1768747701.213732103] [rtabmap]: rtabmap: Database version = "0.22.1".
[rtabmap-2] [INFO] [1768747701.213813085] [rtabmap]: rtabmap: SLAM mode (Mem/IncrementalMemory=true)
[rtabmap-2] [INFO] [1768747701.279179596] [rtabmap]: Setup callbacks
[rtabmap-2] [WARN] [1768747701.279268351] [rtabmap]: rtabmap: Parameters subscribe_depth and subscribe_rgbd cannot be true at the same time. Parameter subscribe_depth is set to false.
[rtabmap-2] [INFO] [1768747701.279453278] [rtabmap]: rtabmap: subscribe_depth = false
[rtabmap-2] [INFO] [1768747701.279487862] [rtabmap]: rtabmap: subscribe_rgb = false
[rtabmap-2] [INFO] [1768747701.279504987] [rtabmap]: rtabmap: subscribe_stereo = false
[rtabmap-2] [INFO] [1768747701.279519576] [rtabmap]: rtabmap: subscribe_rgbd = true (rgbd_cameras=1)
[rtabmap-2] [INFO] [1768747701.279535589] [rtabmap]: rtabmap: subscribe_sensor_data = false
[rtabmap-2] [INFO] [1768747701.279550397] [rtabmap]: rtabmap: subscribe_odom_info = false
[rtabmap-2] [INFO] [1768747701.279564104] [rtabmap]: rtabmap: subscribe_user_data = false
[rtabmap-2] [INFO] [1768747701.279579601] [rtabmap]: rtabmap: subscribe_scan = false
[rtabmap-2] [INFO] [1768747701.279594389] [rtabmap]: rtabmap: subscribe_scan_cloud = false
[rtabmap-2] [INFO] [1768747701.279608748] [rtabmap]: rtabmap: subscribe_scan_descriptor = false
[rtabmap-2] [INFO] [1768747701.279622983] [rtabmap]: rtabmap: topic_queue_size = 10
[rtabmap-2] [INFO] [1768747701.279637755] [rtabmap]: rtabmap: sync_queue_size  = 30
[rtabmap-2] [INFO] [1768747701.279652153] [rtabmap]: rtabmap: qos_image       = 2
[rtabmap-2] [INFO] [1768747701.279717356] [rtabmap]: rtabmap: qos_camera_info = 2
[rtabmap-2] [INFO] [1768747701.279737852] [rtabmap]: rtabmap: qos_scan        = 2
[rtabmap-2] [INFO] [1768747701.279751972] [rtabmap]: rtabmap: qos_odom        = 2
[rtabmap-2] [INFO] [1768747701.279765303] [rtabmap]: rtabmap: qos_user_data   = 2
[rtabmap-2] [INFO] [1768747701.279778693] [rtabmap]: rtabmap: approx_sync     = true
[rtabmap-2] [INFO] [1768747701.279807017] [rtabmap]: Setup rgbd callback
[rtabmap-2] [INFO] [1768747701.282156693] [rtabmap]: 
[rtabmap-2] rtabmap subscribed to:
[rtabmap-2]    /rgbd_image
[rtabmap-2] [INFO] [1768747702.028336682] [rtabmap]: rtabmap (1): Rate=0.50s, Limit=0.000s, Conversion=0.0044s, RTAB-Map=0.4532s, Maps update=0.0075s pub=0.0003s delay=0.4950s (local map=1, WM=1)
[rtabmap-2] [INFO] [1768747702.491158971] [rtabmap]: rtabmap (2): Rate=0.50s, Limit=0.000s, Conversion=0.0019s, RTAB-Map=0.3943s, Maps update=0.0079s pub=0.0000s delay=0.3440s (local map=1, WM=1)
[rtabmap-2] [INFO] [1768747703.027149758] [rtabmap]: rtabmap (3): Rate=0.50s, Limit=0.000s, Conversion=0.0024s, RTAB-Map=0.3942s, Maps update=0.0075s pub=0.0000s delay=0.4280s (local map=1, WM=1)
[rtabmap-2] [INFO] [1768747703.538544288] [rtabmap]: rtabmap (4): Rate=0.50s, Limit=0.000s, Conversion=0.0004s, RTAB-Map=0.3281s, Maps update=0.0070s pub=0.0000s delay=0.3460s (local map=1, WM=1)
[rtabmap-2] [INFO] [1768747703.981156295] [rtabmap]: rtabmap (5): Rate=0.50s, Limit=0.000s, Conversion=0.0008s, RTAB-Map=0.2929s, Maps update=0.0049s pub=0.0000s delay=0.2430s (local map=1, WM=1)
[rtabmap-2] [INFO] [1768747704.602473695] [rtabmap]: rtabmap (6): Rate=0.50s, Limit=0.000s, Conversion=0.0013s, RTAB-Map=0.3417s, Maps update=0.0067s pub=0.0000s delay=0.3750s (local map=1, WM=1)
[rtabmap-2] [INFO] [1768747705.192270541] [rtabmap]: rtabmap (7): Rate=0.50s, Limit=0.000s, Conversion=0.0014s, RTAB-Map=0.3808s, Maps update=0.0081s pub=0.0000s delay=0.3270s (local map=1, WM=1)
[rtabmap-2] [INFO] [1768747705.699831128] [rtabmap]: rtabmap (8): Rate=0.50s, Limit=0.000s, Conversion=0.0004s, RTAB-Map=0.3575s, Maps update=0.0085s pub=0.0000s delay=0.3200s (local map=1, WM=1)
[rtabmap-2] [INFO] [1768747706.142464814] [rtabmap]: rtabmap (9): Rate=0.50s, Limit=0.000s, Conversion=0.0018s, RTAB-Map=0.3134s, Maps update=0.0043s pub=0.0000s delay=0.3200s (local map=1, WM=1)
[rtabmap-2] [INFO] [1768747706.631570013] [rtabmap]: rtabmap (10): Rate=0.50s, Limit=0.000s, Conversion=0.0007s, RTAB-Map=0.2787s, Maps update=0.0055s pub=0.0000s delay=0.3170s (local map=1, WM=1)
[rtabmap-2] [INFO] [1768747707.155641769] [rtabmap]: rtabmap (11): Rate=0.50s, Limit=0.000s, Conversion=0.0021s, RTAB-Map=0.2901s, Maps update=0.0077s pub=0.0000s delay=0.2950s (local map=1, WM=1)
[rtabmap-2] [INFO] [1768747707.962801986] [rtabmap]: rtabmap (12): Rate=0.50s, Limit=0.000s, Conversion=0.0023s, RTAB-Map=0.2972s, Maps update=0.0051s pub=0.0000s delay=0.2810s (local map=1, WM=1)
[rtabmap-2] [INFO] [1768747708.473035197] [rtabmap]: rtabmap (13): Rate=0.50s, Limit=0.000s, Conversion=0.0006s, RTAB-Map=0.2898s, Maps update=0.0079s pub=0.0000s delay=0.2670s (local map=1, WM=1)
[rtabmap-2] [INFO] [1768747708.962333692] [rtabmap]: rtabmap (14): Rate=0.50s, Limit=0.000s, Conversion=0.0004s, RTAB-Map=0.2843s, Maps update=0.0055s pub=0.0003s delay=0.2620s (local map=2, WM=2)
[rtabmap-2] [INFO] [1768747709.513376883] [rtabmap]: rtabmap (15): Rate=0.50s, Limit=0.000s, Conversion=0.0007s, RTAB-Map=0.2946s, Maps update=0.0054s pub=0.0000s delay=0.3480s (local map=2, WM=2)
[rtabmap-2] [INFO] [1768747710.132536727] [rtabmap]: rtabmap (16): Rate=0.50s, Limit=0.000s, Conversion=0.0005s, RTAB-Map=0.2895s, Maps update=0.0057s pub=0.0000s delay=0.3120s (local map=2, WM=2)
[rtabmap-2] [INFO] [1768747710.849836068] [rtabmap]: rtabmap (17): Rate=0.50s, Limit=0.000s, Conversion=0.0004s, RTAB-Map=0.3201s, Maps update=0.0048s pub=0.0003s delay=0.3260s (local map=3, WM=3)
[rtabmap-2] [INFO] [1768747711.361940470] [rtabmap]: rtabmap (18): Rate=0.50s, Limit=0.000s, Conversion=0.0008s, RTAB-Map=0.3110s, Maps update=0.0036s pub=0.0000s delay=0.3040s (local map=3, WM=3)
[rtabmap-2] [INFO] [1768747712.054558091] [rtabmap]: rtabmap (19): Rate=0.50s, Limit=0.000s, Conversion=0.0019s, RTAB-Map=0.3077s, Maps update=0.0056s pub=0.0000s delay=0.3210s (local map=3, WM=3)
[rtabmap-2] [INFO] [1768747712.734978160] [rtabmap]: rtabmap (20): Rate=0.50s, Limit=0.000s, Conversion=0.0012s, RTAB-Map=0.3011s, Maps update=0.0042s pub=0.0004s delay=0.3250s (local map=4, WM=4)
[rtabmap-2] [INFO] [1768747713.454225645] [rtabmap]: rtabmap (21): Rate=0.50s, Limit=0.000s, Conversion=0.0005s, RTAB-Map=0.3824s, Maps update=0.0067s pub=0.0000s delay=0.3830s (local map=4, WM=4)
[rtabmap-2] [INFO] [1768747714.067476486] [rtabmap]: rtabmap (22): Rate=0.50s, Limit=0.000s, Conversion=0.0008s, RTAB-Map=0.4075s, Maps update=0.0037s pub=0.0000s delay=0.4080s (local map=4, WM=4)
[rtabmap-2] [INFO] [1768747714.487543504] [rtabmap]: rtabmap (23): Rate=0.50s, Limit=0.000s, Conversion=0.0007s, RTAB-Map=0.2965s, Maps update=0.0051s pub=0.0006s delay=0.2690s (local map=5, WM=5)
[rtabmap-2] [INFO] [1768747715.066397997] [rtabmap]: rtabmap (24): Rate=0.50s, Limit=0.000s, Conversion=0.0006s, RTAB-Map=0.3460s, Maps update=0.0054s pub=0.0000s delay=0.3540s (local map=5, WM=5)
[rtabmap-2] [INFO] [1768747715.539670305] [rtabmap]: rtabmap (25): Rate=0.50s, Limit=0.000s, Conversion=0.0005s, RTAB-Map=0.3182s, Maps update=0.0034s pub=0.0000s delay=0.3280s (local map=5, WM=5)
[rtabmap-2] [INFO] [1768747716.035311650] [rtabmap]: rtabmap (26): Rate=0.50s, Limit=0.000s, Conversion=0.0021s, RTAB-Map=0.2797s, Maps update=0.0057s pub=0.0005s delay=0.3210s (local map=6, WM=6)
[rtabmap-2] [INFO] [1768747716.693204353] [rtabmap]: rtabmap (27): Rate=0.50s, Limit=0.000s, Conversion=0.0005s, RTAB-Map=0.3504s, Maps update=0.0027s pub=0.0000s delay=0.3240s (local map=6, WM=6)
[rtabmap-2] [INFO] [1768747717.241887871] [rtabmap]: rtabmap (28): Rate=0.50s, Limit=0.000s, Conversion=0.0004s, RTAB-Map=0.3665s, Maps update=0.0026s pub=0.0000s delay=0.3950s (local map=6, WM=6)
[rtabmap-2] [INFO] [1768747717.833018528] [rtabmap]: rtabmap (29): Rate=0.50s, Limit=0.000s, Conversion=0.0008s, RTAB-Map=0.3992s, Maps update=0.0031s pub=0.0003s delay=0.4240s (local map=7, WM=7)
[rtabmap-2] [INFO] [1768747718.439568107] [rtabmap]: rtabmap (30): Rate=0.50s, Limit=0.000s, Conversion=0.0012s, RTAB-Map=0.3275s, Maps update=0.0052s pub=0.0004s delay=0.3540s (local map=8, WM=8)
[rtabmap-2] [INFO] [1768747719.130176370] [rtabmap]: rtabmap (31): Rate=0.50s, Limit=0.000s, Conversion=0.0008s, RTAB-Map=0.3200s, Maps update=0.0048s pub=0.0006s delay=0.3640s (local map=9, WM=9)
[rtabmap-2] [INFO] [1768747719.836722057] [rtabmap]: rtabmap (32): Rate=0.50s, Limit=0.000s, Conversion=0.0014s, RTAB-Map=0.4094s, Maps update=0.0044s pub=0.0000s delay=0.4490s (local map=9, WM=9)
[rtabmap-2] [INFO] [1768747720.321007112] [rtabmap]: rtabmap (33): Rate=0.50s, Limit=0.000s, Conversion=0.0005s, RTAB-Map=0.3602s, Maps update=0.0057s pub=0.0003s delay=0.3100s (local map=10, WM=10)
[rtabmap-2] [INFO] [1768747720.807892334] [rtabmap]: rtabmap (34): Rate=0.50s, Limit=0.000s, Conversion=0.0007s, RTAB-Map=0.3256s, Maps update=0.0054s pub=0.0006s delay=0.3050s (local map=11, WM=11)
[rtabmap-2] [INFO] [1768747721.281413435] [rtabmap]: rtabmap (35): Rate=0.50s, Limit=0.000s, Conversion=0.0013s, RTAB-Map=0.2815s, Maps update=0.0052s pub=0.0000s delay=0.2680s (local map=11, WM=11)
[rtabmap-2] [INFO] [1768747721.969485188] [rtabmap]: rtabmap (36): Rate=0.50s, Limit=0.000s, Conversion=0.0007s, RTAB-Map=0.4018s, Maps update=0.0058s pub=0.0008s delay=0.4140s (local map=12, WM=12)
[rtabmap-2] [INFO] [1768747722.391620848] [rtabmap]: rtabmap (37): Rate=0.50s, Limit=0.000s, Conversion=0.0007s, RTAB-Map=0.3043s, Maps update=0.0031s pub=0.0000s delay=0.3020s (local map=12, WM=12)
[rtabmap-2] [INFO] [1768747723.056656554] [rtabmap]: rtabmap (38): Rate=0.50s, Limit=0.000s, Conversion=0.0007s, RTAB-Map=0.4516s, Maps update=0.0058s pub=0.0006s delay=0.4850s (local map=13, WM=13)
[rtabmap-2] [INFO] [1768747723.470685743] [rtabmap]: rtabmap (39): Rate=0.50s, Limit=0.000s, Conversion=0.0007s, RTAB-Map=0.3109s, Maps update=0.0055s pub=0.0000s delay=0.3250s (local map=13, WM=13)
[rtabmap-2] [INFO] [1768747724.030243411] [rtabmap]: rtabmap (40): Rate=0.50s, Limit=0.000s, Conversion=0.0006s, RTAB-Map=0.3280s, Maps update=0.0035s pub=0.0004s delay=0.2710s (local map=14, WM=14)
[rtabmap-2] [INFO] [1768747724.510509611] [rtabmap]: rtabmap (41): Rate=0.50s, Limit=0.000s, Conversion=0.0007s, RTAB-Map=0.2794s, Maps update=0.0054s pub=0.0000s delay=0.2630s (local map=14, WM=14)
[rtabmap-2] [INFO] [1768747725.145111836] [rtabmap]: rtabmap (42): Rate=0.50s, Limit=0.000s, Conversion=0.0012s, RTAB-Map=0.3840s, Maps update=0.0058s pub=0.0006s delay=0.3310s (local map=15, WM=15)
[rtabmap-2] [INFO] [1768747725.729766542] [rtabmap]: rtabmap (43): Rate=0.50s, Limit=0.000s, Conversion=0.0008s, RTAB-Map=0.4313s, Maps update=0.0050s pub=0.0000s delay=0.3850s (local map=15, WM=15)
[rtabmap-2] [INFO] [1768747726.154206390] [rtabmap]: rtabmap (44): Rate=0.50s, Limit=0.000s, Conversion=0.0005s, RTAB-Map=0.3275s, Maps update=0.0053s pub=0.0008s delay=0.3590s (local map=16, WM=16)
[rtabmap-2] [INFO] [1768747726.721197616] [rtabmap]: rtabmap (45): Rate=0.50s, Limit=0.000s, Conversion=0.0007s, RTAB-Map=0.3818s, Maps update=0.0025s pub=0.0001s delay=0.3440s (local map=16, WM=16)
[rtabmap-2] [INFO] [1768747727.182109802] [rtabmap]: rtabmap (46): Rate=0.50s, Limit=0.000s, Conversion=0.0009s, RTAB-Map=0.2974s, Maps update=0.0026s pub=0.0005s delay=0.3150s (local map=17, WM=17)
[rtabmap-2] [INFO] [1768747727.796030744] [rtabmap]: rtabmap (47): Rate=0.50s, Limit=0.000s, Conversion=0.0006s, RTAB-Map=0.3573s, Maps update=0.0046s pub=0.0000s delay=0.3420s (local map=17, WM=17)
[rtabmap-2] [INFO] [1768747728.306537929] [rtabmap]: rtabmap (48): Rate=0.50s, Limit=0.000s, Conversion=0.0005s, RTAB-Map=0.3448s, Maps update=0.0021s pub=0.0000s delay=0.3310s (local map=17, WM=17)
[rtabmap-2] [INFO] [1768747728.835046806] [rtabmap]: rtabmap (49): Rate=0.50s, Limit=0.000s, Conversion=0.0012s, RTAB-Map=0.3486s, Maps update=0.0033s pub=0.0000s delay=0.3070s (local map=17, WM=17)
[rtabmap-2] [INFO] [1768747729.294371232] [rtabmap]: rtabmap (50): Rate=0.50s, Limit=0.000s, Conversion=0.0007s, RTAB-Map=0.2859s, Maps update=0.0036s pub=0.0000s delay=0.2790s (local map=17, WM=17)
[rtabmap-2] [INFO] [1768747729.909630947] [rtabmap]: rtabmap (51): Rate=0.50s, Limit=0.000s, Conversion=0.0011s, RTAB-Map=0.3487s, Maps update=0.0028s pub=0.0000s delay=0.3260s (local map=17, WM=17)
[rtabmap-2] [INFO] [1768747730.454069030] [rtabmap]: rtabmap (52): Rate=0.50s, Limit=0.000s, Conversion=0.0033s, RTAB-Map=0.3688s, Maps update=0.0040s pub=0.0007s delay=0.3250s (local map=18, WM=18)
[rtabmap-2] [INFO] [1768747730.968804024] [rtabmap]: rtabmap (53): Rate=0.50s, Limit=0.000s, Conversion=0.0009s, RTAB-Map=0.3952s, Maps update=0.0023s pub=0.0000s delay=0.4180s (local map=18, WM=18)
[rtabmap-2] [INFO] [1768747731.553590248] [rtabmap]: rtabmap (54): Rate=0.50s, Limit=0.000s, Conversion=0.0005s, RTAB-Map=0.3668s, Maps update=0.0045s pub=0.0000s delay=0.3120s (local map=18, WM=18)
[rtabmap-2] [INFO] [1768747732.134529792] [rtabmap]: rtabmap (55): Rate=0.50s, Limit=0.000s, Conversion=0.0021s, RTAB-Map=0.3960s, Maps update=0.0027s pub=0.0006s delay=0.3590s (local map=19, WM=19)
[rtabmap-2] [INFO] [1768747732.682871913] [rtabmap]: rtabmap (56): Rate=0.50s, Limit=0.000s, Conversion=0.0012s, RTAB-Map=0.4075s, Maps update=0.0044s pub=0.0000s delay=0.4280s (local map=19, WM=19)
[rtabmap-2] [INFO] [1768747733.620895607] [rtabmap]: rtabmap (57): Rate=0.50s, Limit=0.000s, Conversion=0.0006s, RTAB-Map=0.3429s, Maps update=0.0065s pub=0.0007s delay=0.3190s (local map=20, WM=20)
[rtabmap-2] [INFO] [1768747734.350916927] [rtabmap]: rtabmap (58): Rate=0.50s, Limit=0.000s, Conversion=0.0005s, RTAB-Map=0.4522s, Maps update=0.0086s pub=0.0001s delay=0.4190s (local map=20, WM=20)
[rtabmap-2] [INFO] [1768747735.053734959] [rtabmap]: rtabmap (59): Rate=0.50s, Limit=0.000s, Conversion=0.0007s, RTAB-Map=0.5317s, Maps update=0.0064s pub=0.0000s delay=0.4960s (local map=20, WM=20)
[rtabmap-2] [INFO] [1768747735.623486179] [rtabmap]: rtabmap (60): Rate=0.50s, Limit=0.000s, Conversion=0.0007s, RTAB-Map=0.5295s, Maps update=0.0057s pub=0.0009s delay=0.5370s (local map=21, WM=21)
[rtabmap-2] [INFO] [1768747736.031582801] [rtabmap]: rtabmap (61): Rate=0.50s, Limit=0.000s, Conversion=0.0007s, RTAB-Map=0.3682s, Maps update=0.0034s pub=0.0000s delay=0.3550s (local map=21, WM=21)
[rtabmap-2] [INFO] [1768747736.531797198] [rtabmap]: rtabmap (62): Rate=0.50s, Limit=0.000s, Conversion=0.0006s, RTAB-Map=0.2989s, Maps update=0.0066s pub=0.0000s delay=0.3060s (local map=21, WM=21)
[rtabmap-2] [INFO] [1768747737.134583298] [rtabmap]: rtabmap (63): Rate=0.50s, Limit=0.000s, Conversion=0.0005s, RTAB-Map=0.3813s, Maps update=0.0035s pub=0.0008s delay=0.3710s (local map=22, WM=22)
[rtabmap-2] [INFO] [1768747737.704351471] [rtabmap]: rtabmap (64): Rate=0.50s, Limit=0.000s, Conversion=0.0006s, RTAB-Map=0.4051s, Maps update=0.0052s pub=0.0001s delay=0.4180s (local map=22, WM=22)
[rtabmap-2] [INFO] [1768747738.190800981] [rtabmap]: rtabmap (65): Rate=0.50s, Limit=0.000s, Conversion=0.0006s, RTAB-Map=0.3244s, Maps update=0.0064s pub=0.0000s delay=0.3660s (local map=22, WM=22)
[rtabmap-2] [INFO] [1768747738.712235129] [rtabmap]: rtabmap (66): Rate=0.50s, Limit=0.000s, Conversion=0.0005s, RTAB-Map=0.3196s, Maps update=0.0033s pub=0.0000s delay=0.3400s (local map=22, WM=22)
[rtabmap-2] [INFO] [1768747739.304365508] [rtabmap]: rtabmap (67): Rate=0.50s, Limit=0.000s, Conversion=0.0005s, RTAB-Map=0.3604s, Maps update=0.0060s pub=0.0000s delay=0.3920s (local map=22, WM=22)
[rtabmap-2] [INFO] [1768747739.886265253] [rtabmap]: rtabmap (68): Rate=0.50s, Limit=0.000s, Conversion=0.0006s, RTAB-Map=0.4432s, Maps update=0.0033s pub=0.0001s delay=0.4890s (local map=22, WM=22)
[rtabmap-2] [INFO] [1768747740.366559999] [rtabmap]: rtabmap (69): Rate=0.50s, Limit=0.000s, Conversion=0.0007s, RTAB-Map=0.3096s, Maps update=0.0053s pub=0.0000s delay=0.2720s (local map=22, WM=22)
[rtabmap-2] [INFO] [1768747741.086633944] [rtabmap]: rtabmap (70): Rate=0.50s, Limit=0.000s, Conversion=0.0012s, RTAB-Map=0.3697s, Maps update=0.0049s pub=0.0000s delay=0.4060s (local map=22, WM=22)
[rtabmap-2] [INFO] [1768747741.642690298] [rtabmap]: rtabmap (71): Rate=0.50s, Limit=0.000s, Conversion=0.0011s, RTAB-Map=0.4037s, Maps update=0.0037s pub=0.0000s delay=0.3940s (local map=22, WM=22)
[rtabmap-2] [INFO] [1768747742.154906423] [rtabmap]: rtabmap (72): Rate=0.50s, Limit=0.000s, Conversion=0.0006s, RTAB-Map=0.3122s, Maps update=0.0036s pub=0.0001s delay=0.2880s (local map=22, WM=22)
[rtabmap-2] [INFO] [1768747742.804251125] [rtabmap]: rtabmap (73): Rate=0.50s, Limit=0.000s, Conversion=0.0006s, RTAB-Map=0.4125s, Maps update=0.0063s pub=0.0000s delay=0.4610s (local map=22, WM=22)
[rtabmap-2] [INFO] [1768747743.284005021] [rtabmap]: rtabmap (74): Rate=0.50s, Limit=0.000s, Conversion=0.0007s, RTAB-Map=0.3641s, Maps update=0.0068s pub=0.0000s delay=0.3260s (local map=22, WM=22)
[rtabmap-2] [INFO] [1768747743.811828212] [rtabmap]: rtabmap (75): Rate=0.50s, Limit=0.000s, Conversion=0.0006s, RTAB-Map=0.3657s, Maps update=0.0057s pub=0.0000s delay=0.4110s (local map=22, WM=22)
[rtabmap-2] [INFO] [1768747744.297698456] [rtabmap]: rtabmap (76): Rate=0.50s, Limit=0.000s, Conversion=0.0006s, RTAB-Map=0.3467s, Maps update=0.0054s pub=0.0000s delay=0.3870s (local map=22, WM=22)
[rtabmap-2] [INFO] [1768747744.807430334] [rtabmap]: rtabmap (77): Rate=0.50s, Limit=0.000s, Conversion=0.0004s, RTAB-Map=0.3209s, Maps update=0.0054s pub=0.0000s delay=0.3500s (local map=22, WM=22)
[rtabmap-2] [INFO] [1768747745.382903273] [rtabmap]: rtabmap (78): Rate=0.50s, Limit=0.000s, Conversion=0.0006s, RTAB-Map=0.3622s, Maps update=0.0034s pub=0.0000s delay=0.3220s (local map=22, WM=22)
[rtabmap-2] [INFO] [1768747745.861421965] [rtabmap]: rtabmap (79): Rate=0.50s, Limit=0.000s, Conversion=0.0005s, RTAB-Map=0.3140s, Maps update=0.0029s pub=0.0000s delay=0.2950s (local map=22, WM=22)
[rtabmap-2] [INFO] [1768747746.532335696] [rtabmap]: rtabmap (80): Rate=0.50s, Limit=0.000s, Conversion=0.0005s, RTAB-Map=0.4543s, Maps update=0.0061s pub=0.0000s delay=0.4790s (local map=22, WM=22)
[rtabmap-2] [INFO] [1768747746.937214562] [rtabmap]: rtabmap (81): Rate=0.50s, Limit=0.000s, Conversion=0.0005s, RTAB-Map=0.3311s, Maps update=0.0045s pub=0.0000s delay=0.3340s (local map=22, WM=22)
[rtabmap-2] [INFO] [1768747747.443099652] [rtabmap]: rtabmap (82): Rate=0.50s, Limit=0.000s, Conversion=0.0005s, RTAB-Map=0.2933s, Maps update=0.0051s pub=0.0000s delay=0.3030s (local map=22, WM=22)
[rtabmap-2] [INFO] [1768747747.926854788] [rtabmap]: rtabmap (83): Rate=0.50s, Limit=0.000s, Conversion=0.0004s, RTAB-Map=0.2726s, Maps update=0.0031s pub=0.0001s delay=0.2880s (local map=22, WM=22)
[rtabmap-2] [INFO] [1768747748.450604117] [rtabmap]: rtabmap (84): Rate=0.50s, Limit=0.000s, Conversion=0.0006s, RTAB-Map=0.2935s, Maps update=0.0057s pub=0.0000s delay=0.2880s (local map=22, WM=22)
[rtabmap-2] [INFO] [1768747749.060888404] [rtabmap]: rtabmap (85): Rate=0.50s, Limit=0.000s, Conversion=0.0009s, RTAB-Map=0.3966s, Maps update=0.0056s pub=0.0000s delay=0.3880s (local map=22, WM=22)
[rtabmap-2] [INFO] [1768747749.577498590] [rtabmap]: rtabmap (86): Rate=0.50s, Limit=0.000s, Conversion=0.0006s, RTAB-Map=0.3752s, Maps update=0.0055s pub=0.0000s delay=0.3560s (local map=22, WM=22)
[rtabmap-2] [INFO] [1768747750.120018141] [rtabmap]: rtabmap (87): Rate=0.50s, Limit=0.000s, Conversion=0.0005s, RTAB-Map=0.3911s, Maps update=0.0038s pub=0.0000s delay=0.4130s (local map=22, WM=22)
[rtabmap-2] [INFO] [1768747750.557361408] [rtabmap]: rtabmap (88): Rate=0.50s, Limit=0.000s, Conversion=0.0015s, RTAB-Map=0.2841s, Maps update=0.0043s pub=0.0000s delay=0.2840s (local map=22, WM=22)
[rtabmap-2] [INFO] [1768747751.215192552] [rtabmap]: rtabmap (89): Rate=0.50s, Limit=0.000s, Conversion=0.0008s, RTAB-Map=0.3822s, Maps update=0.0039s pub=0.0000s delay=0.4110s (local map=22, WM=22)
[rtabmap-2] [INFO] [1768747751.790014035] [rtabmap]: rtabmap (90): Rate=0.50s, Limit=0.000s, Conversion=0.0010s, RTAB-Map=0.3828s, Maps update=0.0028s pub=0.0000s delay=0.3620s (local map=22, WM=22)
[rtabmap-2] [INFO] [1768747752.282139148] [rtabmap]: rtabmap (91): Rate=0.50s, Limit=0.000s, Conversion=0.0004s, RTAB-Map=0.2848s, Maps update=0.0032s pub=0.0000s delay=0.2640s (local map=22, WM=22)
[rtabmap-2] [INFO] [1768747752.835907746] [rtabmap]: rtabmap (92): Rate=0.50s, Limit=0.000s, Conversion=0.0005s, RTAB-Map=0.3290s, Maps update=0.0053s pub=0.0000s delay=0.3480s (local map=22, WM=22)
[rtabmap-2] [INFO] [1768747753.470930897] [rtabmap]: rtabmap (93): Rate=0.50s, Limit=0.000s, Conversion=0.0009s, RTAB-Map=0.2968s, Maps update=0.0026s pub=0.0000s delay=0.2750s (local map=22, WM=22)
[rtabmap-2] [INFO] [1768747754.252328751] [rtabmap]: rtabmap (94): Rate=0.50s, Limit=0.000s, Conversion=0.0006s, RTAB-Map=0.2808s, Maps update=0.0036s pub=0.0000s delay=0.2940s (local map=22, WM=22)
[rgbd_sync-1] [INFO] [1768747754.270306354] [rclcpp]: signal_handler(signum=2)
[rtabmap-2] [INFO] [1768747754.270305861] [rclcpp]: signal_handler(signum=2)
[rtabmap-2] [INFO] [1768747754.276981352] [rtabmap]: Parameters are not saved (No configuration file provided...)
[INFO] [rgbd_sync-1]: process has finished cleanly [pid 736799]
[rtabmap-2] [33m[ WARN] (2026-01-18 23:48:21.590) Memory.cpp:5917::createSignature() Mem/SaveDepth16Format is set to false to use 32bits format but this is not compatible with the compressed depth format chosen (Mem/DepthCompressionFormat=".rvl"), depth images will be compressed in ".png" format instead. Explicitly set Mem/SaveDepth16Format to true to keep using ".rvl" format and images will be converted to 16bits for convenience (warning: that would remove all depth values over 65 meters). Explicitly set Mem/DepthCompressionFormat=".png" to suppress this warning. This warning is only printed once.[0m
[rtabmap-2] [33m[ WARN] (2026-01-18 23:48:22.028) MapsManager.cpp:863::publishMaps() Graph has changed! The whole cloud is regenerated.[0m
[rtabmap-2] [33m[ WARN] (2026-01-18 23:48:46.717) Rtabmap.cpp:3069::process() Rejected loop closure 17 -> 45: Not enough inliers 0/20 (matches=14) between 17 and 45[0m
[rtabmap-2] [33m[ WARN] (2026-01-18 23:48:51.548) Rtabmap.cpp:3069::process() Rejected loop closure 14 -> 54: Not enough inliers 13/20 (matches=42) between 14 and 54[0m
[rtabmap-2] [33m[ WARN] (2026-01-18 23:48:52.130) Rtabmap.cpp:3069::process() Rejected loop closure 14 -> 55: Not enough inliers 10/20 (matches=43) between 14 and 55[0m
[rtabmap-2] [33m[ WARN] (2026-01-18 23:48:52.677) Rtabmap.cpp:3069::process() Rejected loop closure 17 -> 56: Not enough inliers 9/20 (matches=46) between 17 and 56[0m
[rtabmap-2] [33m[ WARN] (2026-01-18 23:48:53.612) Rtabmap.cpp:3069::process() Rejected loop closure 17 -> 57: Not enough inliers 15/20 (matches=36) between 17 and 57[0m
[rtabmap-2] [33m[ WARN] (2026-01-18 23:48:54.309) Rtabmap.cpp:3069::process() Rejected loop closure 17 -> 58: Not enough inliers 12/20 (matches=39) between 17 and 58[0m
[rtabmap-2] [33m[ WARN] (2026-01-18 23:48:55.045) Rtabmap.cpp:3069::process() Rejected loop closure 1 -> 59: Not enough inliers after bundle adjustment 19/20 (matches=41) between 1 and 59[0m
[rtabmap-2] rtabmap: Saving database/long-term memory... (located at /home/fujino/.ros/rtabmap_ur5e_20260118_234819.db)
[rtabmap-2] rtabmap: Saving database/long-term memory...done! (located at /home/fujino/.ros/rtabmap_ur5e_20260118_234819.db, 143 MB)
[INFO] [rtabmap-2]: process has finished cleanly [pid 736803]
