[INFO] [launch]: All log files can be found below /home/fujino/.ros/log/2026-01-20-21-52-20-259807-fh-59732
[INFO] [launch]: Default logging verbosity is set to INFO
[INFO] [rgbd_sync-1]: process started with pid [59738]
[INFO] [rtabmap-2]: process started with pid [59740]
[rgbd_sync-1] [INFO] [1768913541.009559260] [rgbd_sync]: rgbd_sync: approx_sync = true
[rgbd_sync-1] [INFO] [1768913541.010048535] [rgbd_sync]: rgbd_sync: approx_sync_max_interval = 0.010000
[rgbd_sync-1] [INFO] [1768913541.010117146] [rgbd_sync]: rgbd_sync: topic_queue_size  = 10
[rgbd_sync-1] [INFO] [1768913541.010141725] [rgbd_sync]: rgbd_sync: sync_queue_size  = 30
[rgbd_sync-1] [INFO] [1768913541.010162997] [rgbd_sync]: rgbd_sync: qos             = 2
[rgbd_sync-1] [INFO] [1768913541.010691099] [rgbd_sync]: rgbd_sync: qos_camera_info = 2
[rgbd_sync-1] [INFO] [1768913541.010733746] [rgbd_sync]: rgbd_sync: depth_scale = 1.000000
[rgbd_sync-1] [INFO] [1768913541.010763204] [rgbd_sync]: rgbd_sync: decimation = 1
[rgbd_sync-1] [INFO] [1768913541.010783530] [rgbd_sync]: rgbd_sync: compressed_rate = 0.000000
[rgbd_sync-1] [INFO] [1768913541.076708688] [rgbd_sync]: 
[rgbd_sync-1] rgbd_sync subscribed to (approx sync, max interval=0.010000s):
[rgbd_sync-1]    /camera/color/image_raw,
[rgbd_sync-1]    /camera/depth/depth/image_raw,
[rgbd_sync-1]    /camera/color/camera_info
[rtabmap-2] [INFO] [1768913541.192863288] [rtabmap]: rtabmap(maps): latch                      = true
[rtabmap-2] [INFO] [1768913541.193458118] [rtabmap]: rtabmap(maps): map_filter_radius          = 0.000000
[rtabmap-2] [INFO] [1768913541.193510906] [rtabmap]: rtabmap(maps): map_filter_angle           = 30.000000
[rtabmap-2] [INFO] [1768913541.193536772] [rtabmap]: rtabmap(maps): map_cleanup                = true
[rtabmap-2] [INFO] [1768913541.193556839] [rtabmap]: rtabmap(maps): map_always_update          = false
[rtabmap-2] [INFO] [1768913541.193576152] [rtabmap]: rtabmap(maps): map_empty_ray_tracing      = true
[rtabmap-2] [INFO] [1768913541.193595847] [rtabmap]: rtabmap(maps): cloud_output_voxelized     = true
[rtabmap-2] [INFO] [1768913541.193615231] [rtabmap]: rtabmap(maps): cloud_subtract_filtering   = false
[rtabmap-2] [INFO] [1768913541.193634275] [rtabmap]: rtabmap(maps): cloud_subtract_filtering_min_neighbors = 2
[rtabmap-2] [INFO] [1768913541.193745294] [rtabmap]: rtabmap(maps): octomap_tree_depth         = 16
[rtabmap-2] [INFO] [1768913541.264344663] [rtabmap]: rtabmap: frame_id      = camera_color_optical_frame
[rtabmap-2] [INFO] [1768913541.264434822] [rtabmap]: rtabmap: odom_frame_id = world
[rtabmap-2] [INFO] [1768913541.264458789] [rtabmap]: rtabmap: map_frame_id  = world
[rtabmap-2] [INFO] [1768913541.264479120] [rtabmap]: rtabmap: log_to_rosout_level  = 4
[rtabmap-2] [INFO] [1768913541.264500079] [rtabmap]: rtabmap: initial_pose  = 
[rtabmap-2] [INFO] [1768913541.264520065] [rtabmap]: rtabmap: use_action_for_goal  = false
[rtabmap-2] [INFO] [1768913541.264539390] [rtabmap]: rtabmap: tf_delay      = 0.050000
[rtabmap-2] [INFO] [1768913541.264569584] [rtabmap]: rtabmap: tf_tolerance  = 0.100000
[rtabmap-2] [INFO] [1768913541.264590774] [rtabmap]: rtabmap: odom_sensor_sync   = false
[rtabmap-2] [INFO] [1768913541.264609725] [rtabmap]: rtabmap: pub_loc_pose_only_when_localizing = false
[rtabmap-2] [INFO] [1768913541.264628335] [rtabmap]: rtabmap: wait_for_transform = 0.200000
[rtabmap-2] [INFO] [1768913541.264649569] [rtabmap]: rtabmap: gen_scan  = false
[rtabmap-2] [INFO] [1768913541.264668382] [rtabmap]: rtabmap: gen_depth  = false
[rtabmap-2] [INFO] [1768913541.310720933] [rtabmap]: Setting RTAB-Map parameter "Grid/3D"="true" (rosparam)
[rtabmap-2] [INFO] [1768913541.311882155] [rtabmap]: Setting RTAB-Map parameter "Grid/RangeMax"="5.0" (rosparam)
[rtabmap-2] [INFO] [1768913541.312032969] [rtabmap]: Setting RTAB-Map parameter "Grid/RayTracing"="true" (rosparam)
[rtabmap-2] [INFO] [1768913541.312324988] [rtabmap]: Setting RTAB-Map parameter "Grid/Sensor"="1" (rosparam)
[rtabmap-2] [INFO] [1768913541.326835731] [rtabmap]: Setting RTAB-Map parameter "RGBD/CreateOccupancyGrid"="true" (rosparam)
[rtabmap-2] [INFO] [1768913541.329925625] [rtabmap]: Setting RTAB-Map parameter "Rtabmap/DetectionRate"="2.0" (rosparam)
[rtabmap-2] [INFO] [1768913541.559037084] [rtabmap]: RTAB-Map detection rate = 2.000000 Hz
[rtabmap-2] [INFO] [1768913541.559346880] [rtabmap]: rtabmap: Using database from "/home/fujino/.ros/rtabmap_ur5e_20260120_215219.db" (0 MB).
[rtabmap-2] [INFO] [1768913541.608425559] [rtabmap]: rtabmap: Database version = "0.22.1".
[rtabmap-2] [INFO] [1768913541.608519474] [rtabmap]: rtabmap: SLAM mode (Mem/IncrementalMemory=true)
[rtabmap-2] [INFO] [1768913541.651881721] [rtabmap]: Setup callbacks
[rtabmap-2] [WARN] [1768913541.651975037] [rtabmap]: rtabmap: Parameters subscribe_depth and subscribe_rgbd cannot be true at the same time. Parameter subscribe_depth is set to false.
[rtabmap-2] [INFO] [1768913541.652113441] [rtabmap]: rtabmap: subscribe_depth = false
[rtabmap-2] [INFO] [1768913541.652145277] [rtabmap]: rtabmap: subscribe_rgb = false
[rtabmap-2] [INFO] [1768913541.652167589] [rtabmap]: rtabmap: subscribe_stereo = false
[rtabmap-2] [INFO] [1768913541.652202238] [rtabmap]: rtabmap: subscribe_rgbd = true (rgbd_cameras=1)
[rtabmap-2] [INFO] [1768913541.652225851] [rtabmap]: rtabmap: subscribe_sensor_data = false
[rtabmap-2] [INFO] [1768913541.652245597] [rtabmap]: rtabmap: subscribe_odom_info = false
[rtabmap-2] [INFO] [1768913541.652263576] [rtabmap]: rtabmap: subscribe_user_data = false
[rtabmap-2] [INFO] [1768913541.652281511] [rtabmap]: rtabmap: subscribe_scan = false
[rtabmap-2] [INFO] [1768913541.652299480] [rtabmap]: rtabmap: subscribe_scan_cloud = false
[rtabmap-2] [INFO] [1768913541.652317646] [rtabmap]: rtabmap: subscribe_scan_descriptor = false
[rtabmap-2] [INFO] [1768913541.652335902] [rtabmap]: rtabmap: topic_queue_size = 10
[rtabmap-2] [INFO] [1768913541.652354673] [rtabmap]: rtabmap: sync_queue_size  = 30
[rtabmap-2] [INFO] [1768913541.652373193] [rtabmap]: rtabmap: qos_image       = 2
[rtabmap-2] [INFO] [1768913541.652446404] [rtabmap]: rtabmap: qos_camera_info = 2
[rtabmap-2] [INFO] [1768913541.652469833] [rtabmap]: rtabmap: qos_scan        = 2
[rtabmap-2] [INFO] [1768913541.652488593] [rtabmap]: rtabmap: qos_odom        = 2
[rtabmap-2] [INFO] [1768913541.652507908] [rtabmap]: rtabmap: qos_user_data   = 2
[rtabmap-2] [INFO] [1768913541.652526583] [rtabmap]: rtabmap: approx_sync     = true
[rtabmap-2] [INFO] [1768913541.652563263] [rtabmap]: Setup rgbd callback
[rtabmap-2] [INFO] [1768913541.654133075] [rtabmap]: 
[rtabmap-2] rtabmap subscribed to:
[rtabmap-2]    /rgbd_image
[rtabmap-2] [INFO] [1768913544.514474975] [rtabmap]: rtabmap (1): Rate=0.50s, Limit=0.000s, Conversion=0.0029s, RTAB-Map=0.4827s, Maps update=0.0001s pub=0.0000s delay=1.4690s (local map=1, WM=1)
[rtabmap-2] [INFO] [1768913544.941264841] [rtabmap]: rtabmap (2): Rate=0.50s, Limit=0.000s, Conversion=0.0019s, RTAB-Map=0.4009s, Maps update=0.0001s pub=0.0000s delay=0.4330s (local map=1, WM=1)
[rtabmap-2] [INFO] [1768913545.386453998] [rtabmap]: rtabmap (3): Rate=0.50s, Limit=0.000s, Conversion=0.0020s, RTAB-Map=0.3423s, Maps update=0.0000s pub=0.0000s delay=0.3100s (local map=1, WM=1)
[rtabmap-2] [INFO] [1768913545.974447070] [rtabmap]: rtabmap (4): Rate=0.50s, Limit=0.000s, Conversion=0.0012s, RTAB-Map=0.4200s, Maps update=0.0001s pub=0.0000s delay=0.4090s (local map=1, WM=1)
[rtabmap-2] [INFO] [1768913546.482201551] [rtabmap]: rtabmap (5): Rate=0.50s, Limit=0.000s, Conversion=0.0006s, RTAB-Map=0.4069s, Maps update=0.0000s pub=0.0000s delay=0.4000s (local map=1, WM=1)
[rtabmap-2] [INFO] [1768913547.205662951] [rtabmap]: rtabmap (6): Rate=0.50s, Limit=0.000s, Conversion=0.0027s, RTAB-Map=0.5268s, Maps update=0.0001s pub=0.0000s delay=0.5320s (local map=1, WM=1)
[rtabmap-2] [INFO] [1768913547.706735922] [rtabmap]: rtabmap (7): Rate=0.50s, Limit=0.000s, Conversion=0.0027s, RTAB-Map=0.4537s, Maps update=0.0001s pub=0.0000s delay=0.4520s (local map=1, WM=1)
[rtabmap-2] [INFO] [1768913548.229075603] [rtabmap]: rtabmap (8): Rate=0.50s, Limit=0.000s, Conversion=0.0010s, RTAB-Map=0.4089s, Maps update=0.0001s pub=0.0000s delay=0.3780s (local map=1, WM=1)
[rtabmap-2] [INFO] [1768913548.962300192] [rtabmap]: rtabmap (9): Rate=0.50s, Limit=0.000s, Conversion=0.0007s, RTAB-Map=0.6207s, Maps update=0.0001s pub=0.0000s delay=0.6690s (local map=1, WM=1)
[rtabmap-2] [INFO] [1768913549.674591708] [rtabmap]: rtabmap (10): Rate=0.50s, Limit=0.000s, Conversion=0.0005s, RTAB-Map=0.6371s, Maps update=0.0000s pub=0.0000s delay=0.6740s (local map=2, WM=2)
[rtabmap-2] [INFO] [1768913550.259257727] [rtabmap]: rtabmap (11): Rate=0.50s, Limit=0.000s, Conversion=0.0024s, RTAB-Map=0.5393s, Maps update=0.0001s pub=0.0000s delay=0.5820s (local map=2, WM=2)
[rtabmap-2] [INFO] [1768913550.704331764] [rtabmap]: rtabmap (12): Rate=0.50s, Limit=0.000s, Conversion=0.0013s, RTAB-Map=0.4343s, Maps update=0.0001s pub=0.0000s delay=0.4400s (local map=2, WM=2)
[rtabmap-2] [INFO] [1768913551.229930151] [rtabmap]: rtabmap (13): Rate=0.50s, Limit=0.000s, Conversion=0.0015s, RTAB-Map=0.4214s, Maps update=0.0000s pub=0.0000s delay=0.4160s (local map=3, WM=3)
[rtabmap-2] [INFO] [1768913551.824778542] [rtabmap]: rtabmap (14): Rate=0.50s, Limit=0.000s, Conversion=0.0021s, RTAB-Map=0.4836s, Maps update=0.0001s pub=0.0000s delay=0.4860s (local map=3, WM=3)
[rtabmap-2] [INFO] [1768913552.317666522] [rtabmap]: rtabmap (15): Rate=0.50s, Limit=0.000s, Conversion=0.0006s, RTAB-Map=0.4569s, Maps update=0.0001s pub=0.0000s delay=0.4680s (local map=3, WM=3)
[rtabmap-2] [INFO] [1768913552.891876045] [rtabmap]: rtabmap (16): Rate=0.50s, Limit=0.000s, Conversion=0.0005s, RTAB-Map=0.5414s, Maps update=0.0000s pub=0.0000s delay=0.5680s (local map=4, WM=4)
[rtabmap-2] [INFO] [1768913553.702985467] [rtabmap]: rtabmap (17): Rate=0.50s, Limit=0.000s, Conversion=0.0007s, RTAB-Map=0.5687s, Maps update=0.0000s pub=0.0000s delay=0.5740s (local map=4, WM=4)
[rtabmap-2] [INFO] [1768913554.288001541] [rtabmap]: rtabmap (18): Rate=0.50s, Limit=0.000s, Conversion=0.0011s, RTAB-Map=0.4979s, Maps update=0.0000s pub=0.0000s delay=0.5280s (local map=5, WM=5)
[rtabmap-2] [INFO] [1768913554.873547334] [rtabmap]: rtabmap (19): Rate=0.50s, Limit=0.000s, Conversion=0.0006s, RTAB-Map=0.5687s, Maps update=0.0001s pub=0.0000s delay=0.5230s (local map=5, WM=5)
[rtabmap-2] [INFO] [1768913555.335762401] [rtabmap]: rtabmap (20): Rate=0.50s, Limit=0.000s, Conversion=0.0005s, RTAB-Map=0.4213s, Maps update=0.0000s pub=0.0000s delay=0.4230s (local map=5, WM=5)
[rtabmap-2] [INFO] [1768913555.727954159] [rtabmap]: rtabmap (21): Rate=0.50s, Limit=0.000s, Conversion=0.0012s, RTAB-Map=0.3397s, Maps update=0.0001s pub=0.0000s delay=0.3220s (local map=6, WM=6)
[rtabmap-2] [INFO] [1768913556.225501056] [rtabmap]: rtabmap (22): Rate=0.50s, Limit=0.000s, Conversion=0.0005s, RTAB-Map=0.3343s, Maps update=0.0000s pub=0.0000s delay=0.3090s (local map=6, WM=6)
[rtabmap-2] [INFO] [1768913556.739660366] [rtabmap]: rtabmap (23): Rate=0.50s, Limit=0.000s, Conversion=0.0005s, RTAB-Map=0.3149s, Maps update=0.0000s pub=0.0000s delay=0.2820s (local map=6, WM=6)
[rtabmap-2] [INFO] [1768913557.397194949] [rtabmap]: rtabmap (24): Rate=0.50s, Limit=0.000s, Conversion=0.0008s, RTAB-Map=0.4583s, Maps update=0.0000s pub=0.0000s delay=0.4790s (local map=7, WM=7)
[rtabmap-2] [INFO] [1768913557.831277859] [rtabmap]: rtabmap (25): Rate=0.50s, Limit=0.000s, Conversion=0.0006s, RTAB-Map=0.3888s, Maps update=0.0001s pub=0.0000s delay=0.3700s (local map=7, WM=7)
[rtabmap-2] [INFO] [1768913558.533170562] [rtabmap]: rtabmap (26): Rate=0.50s, Limit=0.000s, Conversion=0.0005s, RTAB-Map=0.5185s, Maps update=0.0000s pub=0.0000s delay=0.5160s (local map=7, WM=7)
[rtabmap-2] [INFO] [1768913558.925121075] [rtabmap]: rtabmap (27): Rate=0.50s, Limit=0.000s, Conversion=0.0006s, RTAB-Map=0.3511s, Maps update=0.0000s pub=0.0000s delay=0.3530s (local map=8, WM=8)
[rtabmap-2] [INFO] [1768913559.493222375] [rtabmap]: rtabmap (28): Rate=0.50s, Limit=0.000s, Conversion=0.0005s, RTAB-Map=0.3098s, Maps update=0.0001s pub=0.0000s delay=0.3340s (local map=8, WM=8)
[rtabmap-2] [INFO] [1768913560.148222956] [rtabmap]: rtabmap (29): Rate=0.50s, Limit=0.000s, Conversion=0.0004s, RTAB-Map=0.4363s, Maps update=0.0000s pub=0.0000s delay=0.4130s (local map=9, WM=9)
[rtabmap-2] [INFO] [1768913560.602694169] [rtabmap]: rtabmap (30): Rate=0.50s, Limit=0.000s, Conversion=0.0004s, RTAB-Map=0.3544s, Maps update=0.0001s pub=0.0000s delay=0.3740s (local map=9, WM=9)
[rtabmap-2] [INFO] [1768913561.125501132] [rtabmap]: rtabmap (31): Rate=0.50s, Limit=0.000s, Conversion=0.0005s, RTAB-Map=0.3620s, Maps update=0.0000s pub=0.0000s delay=0.3470s (local map=10, WM=10)
[rtabmap-2] [INFO] [1768913561.775047818] [rtabmap]: rtabmap (32): Rate=0.50s, Limit=0.000s, Conversion=0.0006s, RTAB-Map=0.4345s, Maps update=0.0000s pub=0.0000s delay=0.3890s (local map=11, WM=11)
[rtabmap-2] [INFO] [1768913562.499320075] [rtabmap]: rtabmap (33): Rate=0.50s, Limit=0.000s, Conversion=0.0008s, RTAB-Map=0.4316s, Maps update=0.0000s pub=0.0000s delay=0.4670s (local map=12, WM=12)
[rtabmap-2] [INFO] [1768913562.917432868] [rtabmap]: rtabmap (34): Rate=0.50s, Limit=0.000s, Conversion=0.0008s, RTAB-Map=0.3302s, Maps update=0.0001s pub=0.0000s delay=0.3370s (local map=12, WM=12)
[rtabmap-2] [INFO] [1768913563.471841521] [rtabmap]: rtabmap (35): Rate=0.50s, Limit=0.000s, Conversion=0.0007s, RTAB-Map=0.3413s, Maps update=0.0000s pub=0.0000s delay=0.3060s (local map=13, WM=13)
[rtabmap-2] [INFO] [1768913563.977059181] [rtabmap]: rtabmap (36): Rate=0.50s, Limit=0.000s, Conversion=0.0005s, RTAB-Map=0.2941s, Maps update=0.0001s pub=0.0000s delay=0.2450s (local map=13, WM=13)
[rtabmap-2] [INFO] [1768913564.541883606] [rtabmap]: rtabmap (37): Rate=0.50s, Limit=0.000s, Conversion=0.0005s, RTAB-Map=0.3450s, Maps update=0.0000s pub=0.0000s delay=0.3240s (local map=14, WM=14)
[rtabmap-2] [INFO] [1768913565.039004729] [rtabmap]: rtabmap (38): Rate=0.50s, Limit=0.000s, Conversion=0.0007s, RTAB-Map=0.3202s, Maps update=0.0000s pub=0.0000s delay=0.3200s (local map=14, WM=14)
[rtabmap-2] [INFO] [1768913565.684405340] [rtabmap]: rtabmap (39): Rate=0.50s, Limit=0.000s, Conversion=0.0006s, RTAB-Map=0.4404s, Maps update=0.0000s pub=0.0000s delay=0.3850s (local map=15, WM=15)
[rtabmap-2] [INFO] [1768913566.126305066] [rtabmap]: rtabmap (40): Rate=0.50s, Limit=0.000s, Conversion=0.0007s, RTAB-Map=0.3813s, Maps update=0.0001s pub=0.0000s delay=0.3800s (local map=15, WM=15)
[rtabmap-2] [INFO] [1768913566.728353230] [rtabmap]: rtabmap (41): Rate=0.50s, Limit=0.000s, Conversion=0.0005s, RTAB-Map=0.4196s, Maps update=0.0000s pub=0.0000s delay=0.4220s (local map=16, WM=16)
[rtabmap-2] [INFO] [1768913567.317869677] [rtabmap]: rtabmap (42): Rate=0.50s, Limit=0.000s, Conversion=0.0005s, RTAB-Map=0.4463s, Maps update=0.0000s pub=0.0000s delay=0.4540s (local map=16, WM=16)
[rtabmap-2] [INFO] [1768913567.889617546] [rtabmap]: rtabmap (43): Rate=0.50s, Limit=0.000s, Conversion=0.0007s, RTAB-Map=0.4029s, Maps update=0.0000s pub=0.0000s delay=0.3680s (local map=17, WM=17)
[rtabmap-2] [INFO] [1768913568.464248048] [rtabmap]: rtabmap (44): Rate=0.50s, Limit=0.000s, Conversion=0.0006s, RTAB-Map=0.4616s, Maps update=0.0001s pub=0.0000s delay=0.4590s (local map=17, WM=17)
[rtabmap-2] [INFO] [1768913569.006740559] [rtabmap]: rtabmap (45): Rate=0.50s, Limit=0.000s, Conversion=0.0006s, RTAB-Map=0.4900s, Maps update=0.0000s pub=0.0000s delay=0.4470s (local map=17, WM=17)
[rtabmap-2] [INFO] [1768913569.438423288] [rtabmap]: rtabmap (46): Rate=0.50s, Limit=0.000s, Conversion=0.0007s, RTAB-Map=0.4058s, Maps update=0.0000s pub=0.0000s delay=0.4330s (local map=18, WM=18)
[rtabmap-2] [INFO] [1768913569.908251721] [rtabmap]: rtabmap (47): Rate=0.50s, Limit=0.000s, Conversion=0.0007s, RTAB-Map=0.3557s, Maps update=0.0001s pub=0.0000s delay=0.4030s (local map=18, WM=18)
[rtabmap-2] [INFO] [1768913570.536448034] [rtabmap]: rtabmap (48): Rate=0.50s, Limit=0.000s, Conversion=0.0005s, RTAB-Map=0.4037s, Maps update=0.0001s pub=0.0000s delay=0.4160s (local map=18, WM=18)
[rtabmap-2] [INFO] [1768913571.055892122] [rtabmap]: rtabmap (49): Rate=0.50s, Limit=0.000s, Conversion=0.0005s, RTAB-Map=0.3982s, Maps update=0.0000s pub=0.0000s delay=0.3840s (local map=19, WM=19)
[rtabmap-2] [INFO] [1768913571.555399452] [rtabmap]: rtabmap (50): Rate=0.50s, Limit=0.000s, Conversion=0.0008s, RTAB-Map=0.3739s, Maps update=0.0000s pub=0.0000s delay=0.3830s (local map=19, WM=19)
[rtabmap-2] [INFO] [1768913572.163574329] [rtabmap]: rtabmap (51): Rate=0.50s, Limit=0.000s, Conversion=0.0008s, RTAB-Map=0.4094s, Maps update=0.0001s pub=0.0000s delay=0.4050s (local map=19, WM=19)
[rtabmap-2] [INFO] [1768913572.718957060] [rtabmap]: rtabmap (52): Rate=0.50s, Limit=0.000s, Conversion=0.0007s, RTAB-Map=0.4638s, Maps update=0.0000s pub=0.0000s delay=0.4960s (local map=20, WM=20)
[rtabmap-2] [INFO] [1768913573.156937965] [rtabmap]: rtabmap (53): Rate=0.50s, Limit=0.000s, Conversion=0.0006s, RTAB-Map=0.3849s, Maps update=0.0001s pub=0.0000s delay=0.3890s (local map=20, WM=20)
[rtabmap-2] [INFO] [1768913573.746420902] [rtabmap]: rtabmap (54): Rate=0.50s, Limit=0.000s, Conversion=0.0006s, RTAB-Map=0.4506s, Maps update=0.0001s pub=0.0000s delay=0.4710s (local map=20, WM=20)
[rtabmap-2] [INFO] [1768913574.325840330] [rtabmap]: rtabmap (55): Rate=0.50s, Limit=0.000s, Conversion=0.0005s, RTAB-Map=0.4875s, Maps update=0.0000s pub=0.0000s delay=0.5370s (local map=21, WM=21)
[rtabmap-2] [INFO] [1768913574.810200947] [rtabmap]: rtabmap (56): Rate=0.50s, Limit=0.000s, Conversion=0.0007s, RTAB-Map=0.4213s, Maps update=0.0000s pub=0.0000s delay=0.3620s (local map=22, WM=22)
[rtabmap-2] [INFO] [1768913575.315128200] [rtabmap]: rtabmap (57): Rate=0.50s, Limit=0.000s, Conversion=0.0006s, RTAB-Map=0.3976s, Maps update=0.0001s pub=0.0000s delay=0.4420s (local map=22, WM=22)
[rtabmap-2] [INFO] [1768913575.857913528] [rtabmap]: rtabmap (58): Rate=0.50s, Limit=0.000s, Conversion=0.0013s, RTAB-Map=0.4121s, Maps update=0.0001s pub=0.0000s delay=0.4360s (local map=22, WM=22)
[rtabmap-2] [INFO] [1768913576.418669239] [rtabmap]: rtabmap (59): Rate=0.50s, Limit=0.000s, Conversion=0.0005s, RTAB-Map=0.4401s, Maps update=0.0000s pub=0.0000s delay=0.4970s (local map=23, WM=23)
[rtabmap-2] [INFO] [1768913576.978166775] [rtabmap]: rtabmap (60): Rate=0.50s, Limit=0.000s, Conversion=0.0011s, RTAB-Map=0.4420s, Maps update=0.0001s pub=0.0000s delay=0.4290s (local map=23, WM=23)
[rtabmap-2] [INFO] [1768913577.437814098] [rtabmap]: rtabmap (61): Rate=0.50s, Limit=0.000s, Conversion=0.0005s, RTAB-Map=0.3700s, Maps update=0.0001s pub=0.0000s delay=0.3900s (local map=23, WM=23)
[rtabmap-2] [INFO] [1768913578.271461757] [rtabmap]: rtabmap (62): Rate=0.50s, Limit=0.000s, Conversion=0.0006s, RTAB-Map=0.4277s, Maps update=0.0000s pub=0.0000s delay=0.4090s (local map=24, WM=24)
[rtabmap-2] [INFO] [1768913578.832840388] [rtabmap]: rtabmap (63): Rate=0.50s, Limit=0.000s, Conversion=0.0005s, RTAB-Map=0.4342s, Maps update=0.0001s pub=0.0000s delay=0.4780s (local map=24, WM=24)
[rtabmap-2] [INFO] [1768913579.242994972] [rtabmap]: rtabmap (64): Rate=0.50s, Limit=0.000s, Conversion=0.0005s, RTAB-Map=0.3618s, Maps update=0.0001s pub=0.0000s delay=0.3740s (local map=24, WM=24)
[rtabmap-2] [INFO] [1768913579.932300001] [rtabmap]: rtabmap (65): Rate=0.50s, Limit=0.000s, Conversion=0.0007s, RTAB-Map=0.5219s, Maps update=0.0001s pub=0.0000s delay=0.5490s (local map=24, WM=24)
[rtabmap-2] [INFO] [1768913580.383125701] [rtabmap]: rtabmap (66): Rate=0.50s, Limit=0.000s, Conversion=0.0008s, RTAB-Map=0.4330s, Maps update=0.0001s pub=0.0000s delay=0.4440s (local map=24, WM=24)
[rtabmap-2] [INFO] [1768913580.911374056] [rtabmap]: rtabmap (67): Rate=0.50s, Limit=0.000s, Conversion=0.0005s, RTAB-Map=0.4299s, Maps update=0.0001s pub=0.0000s delay=0.4030s (local map=24, WM=24)
[rtabmap-2] [INFO] [1768913581.505636814] [rtabmap]: rtabmap (68): Rate=0.50s, Limit=0.000s, Conversion=0.0006s, RTAB-Map=0.5136s, Maps update=0.0001s pub=0.0000s delay=0.5010s (local map=24, WM=24)
[rtabmap-2] [INFO] [1768913582.094639801] [rtabmap]: rtabmap (69): Rate=0.50s, Limit=0.000s, Conversion=0.0008s, RTAB-Map=0.5270s, Maps update=0.0001s pub=0.0000s delay=0.5260s (local map=24, WM=24)
[rtabmap-2] [INFO] [1768913582.749662143] [rtabmap]: rtabmap (70): Rate=0.50s, Limit=0.000s, Conversion=0.0008s, RTAB-Map=0.6287s, Maps update=0.0001s pub=0.0000s delay=0.6730s (local map=24, WM=24)
[rtabmap-2] [INFO] [1768913583.237535611] [rtabmap]: rtabmap (71): Rate=0.50s, Limit=0.000s, Conversion=0.0006s, RTAB-Map=0.4638s, Maps update=0.0001s pub=0.0000s delay=0.4220s (local map=24, WM=24)
[rtabmap-2] [INFO] [1768913583.837772691] [rtabmap]: rtabmap (72): Rate=0.50s, Limit=0.000s, Conversion=0.0007s, RTAB-Map=0.5425s, Maps update=0.0001s pub=0.0000s delay=0.5140s (local map=24, WM=24)
[rtabmap-2] [INFO] [1768913584.378260670] [rtabmap]: rtabmap (73): Rate=0.50s, Limit=0.000s, Conversion=0.0008s, RTAB-Map=0.4971s, Maps update=0.0001s pub=0.0000s delay=0.5450s (local map=24, WM=24)
[rtabmap-2] [INFO] [1768913584.814401774] [rtabmap]: rtabmap (74): Rate=0.50s, Limit=0.000s, Conversion=0.0007s, RTAB-Map=0.4214s, Maps update=0.0001s pub=0.0000s delay=0.4310s (local map=24, WM=24)
[rtabmap-2] [INFO] [1768913585.351273464] [rtabmap]: rtabmap (75): Rate=0.50s, Limit=0.000s, Conversion=0.0005s, RTAB-Map=0.4246s, Maps update=0.0001s pub=0.0000s delay=0.4730s (local map=24, WM=24)
[rtabmap-2] [INFO] [1768913585.827894083] [rtabmap]: rtabmap (76): Rate=0.50s, Limit=0.000s, Conversion=0.0008s, RTAB-Map=0.3823s, Maps update=0.0001s pub=0.0000s delay=0.3570s (local map=24, WM=24)
[rtabmap-2] [INFO] [1768913586.370833077] [rtabmap]: rtabmap (77): Rate=0.50s, Limit=0.000s, Conversion=0.0006s, RTAB-Map=0.4019s, Maps update=0.0000s pub=0.0000s delay=0.4390s (local map=24, WM=24)
[rtabmap-2] [INFO] [1768913587.064291124] [rtabmap]: rtabmap (78): Rate=0.50s, Limit=0.000s, Conversion=0.0007s, RTAB-Map=0.5351s, Maps update=0.0001s pub=0.0000s delay=0.5890s (local map=24, WM=24)
[rtabmap-2] [INFO] [1768913587.622301048] [rtabmap]: rtabmap (79): Rate=0.50s, Limit=0.000s, Conversion=0.0007s, RTAB-Map=0.5486s, Maps update=0.0001s pub=0.0000s delay=0.5470s (local map=24, WM=24)
[rtabmap-2] [INFO] [1768913588.061662290] [rtabmap]: rtabmap (80): Rate=0.50s, Limit=0.000s, Conversion=0.0007s, RTAB-Map=0.4191s, Maps update=0.0001s pub=0.0000s delay=0.4800s (local map=24, WM=24)
[rtabmap-2] [INFO] [1768913588.599961972] [rtabmap]: rtabmap (81): Rate=0.50s, Limit=0.000s, Conversion=0.0005s, RTAB-Map=0.3945s, Maps update=0.0001s pub=0.0000s delay=0.4090s (local map=24, WM=24)
[rtabmap-2] [INFO] [1768913589.278004486] [rtabmap]: rtabmap (82): Rate=0.50s, Limit=0.000s, Conversion=0.0006s, RTAB-Map=0.5414s, Maps update=0.0001s pub=0.0000s delay=0.5850s (local map=24, WM=24)
[rtabmap-2] [INFO] [1768913589.746287283] [rtabmap]: rtabmap (83): Rate=0.50s, Limit=0.000s, Conversion=0.0004s, RTAB-Map=0.4230s, Maps update=0.0000s pub=0.0000s delay=0.4070s (local map=24, WM=24)
[rtabmap-2] [INFO] [1768913590.271364948] [rtabmap]: rtabmap (84): Rate=0.50s, Limit=0.000s, Conversion=0.0012s, RTAB-Map=0.4297s, Maps update=0.0001s pub=0.0000s delay=0.4790s (local map=24, WM=24)
[rtabmap-2] [INFO] [1768913590.719137322] [rtabmap]: rtabmap (85): Rate=0.50s, Limit=0.000s, Conversion=0.0005s, RTAB-Map=0.3401s, Maps update=0.0001s pub=0.0000s delay=0.3200s (local map=24, WM=24)
[rtabmap-2] [INFO] [1768913591.480562773] [rtabmap]: rtabmap (86): Rate=0.50s, Limit=0.000s, Conversion=0.0008s, RTAB-Map=0.5699s, Maps update=0.0001s pub=0.0000s delay=0.6060s (local map=24, WM=24)
[rtabmap-2] [INFO] [1768913591.905158295] [rtabmap]: rtabmap (87): Rate=0.50s, Limit=0.000s, Conversion=0.0005s, RTAB-Map=0.4154s, Maps update=0.0001s pub=0.0000s delay=0.4390s (local map=24, WM=24)
[rtabmap-2] [INFO] [1768913592.537606493] [rtabmap]: rtabmap (88): Rate=0.50s, Limit=0.000s, Conversion=0.0006s, RTAB-Map=0.4832s, Maps update=0.0000s pub=0.0000s delay=0.4840s (local map=24, WM=24)
[rtabmap-2] [INFO] [1768913592.947822285] [rtabmap]: rtabmap (89): Rate=0.50s, Limit=0.000s, Conversion=0.0005s, RTAB-Map=0.3995s, Maps update=0.0001s pub=0.0000s delay=0.3760s (local map=24, WM=24)
[rtabmap-2] [INFO] [1768913593.546889195] [rtabmap]: rtabmap (90): Rate=0.50s, Limit=0.000s, Conversion=0.0007s, RTAB-Map=0.3507s, Maps update=0.0001s pub=0.0000s delay=0.3140s (local map=24, WM=24)
[rtabmap-2] [INFO] [1768913594.059761505] [rtabmap]: rtabmap (91): Rate=0.50s, Limit=0.000s, Conversion=0.0005s, RTAB-Map=0.3343s, Maps update=0.0001s pub=0.0000s delay=0.3060s (local map=24, WM=24)
[rtabmap-2] [INFO] [1768913594.633862462] [rtabmap]: rtabmap (92): Rate=0.50s, Limit=0.000s, Conversion=0.0008s, RTAB-Map=0.4002s, Maps update=0.0001s pub=0.0000s delay=0.3920s (local map=24, WM=24)
[rtabmap-2] [INFO] [1768913595.596802000] [rtabmap]: rtabmap (93): Rate=0.50s, Limit=0.000s, Conversion=0.0008s, RTAB-Map=0.6409s, Maps update=0.0001s pub=0.0000s delay=0.6950s (local map=24, WM=24)
[rtabmap-2] [INFO] [1768913596.331567813] [rtabmap]: rtabmap (94): Rate=0.50s, Limit=0.000s, Conversion=0.0011s, RTAB-Map=0.6212s, Maps update=0.0001s pub=0.0000s delay=0.6660s (local map=24, WM=24)
[rtabmap-2] [INFO] [1768913597.205857640] [rtabmap]: rtabmap (95): Rate=0.50s, Limit=0.000s, Conversion=0.0008s, RTAB-Map=0.6783s, Maps update=0.0001s pub=0.0000s delay=0.7650s (local map=24, WM=24)
[rtabmap-2] [INFO] [1768913597.775195530] [rtabmap]: rtabmap (96): Rate=0.50s, Limit=0.000s, Conversion=0.0007s, RTAB-Map=0.5597s, Maps update=0.0000s pub=0.0000s delay=0.5320s (local map=24, WM=24)
[rtabmap-2] [INFO] [1768913598.279424993] [rtabmap]: rtabmap (97): Rate=0.50s, Limit=0.000s, Conversion=0.0006s, RTAB-Map=0.3750s, Maps update=0.0001s pub=0.0000s delay=0.3610s (local map=24, WM=24)
[rtabmap-2] [INFO] [1768913598.815070896] [rtabmap]: rtabmap (98): Rate=0.50s, Limit=0.000s, Conversion=0.0006s, RTAB-Map=0.3629s, Maps update=0.0001s pub=0.0000s delay=0.3950s (local map=24, WM=24)
[rtabmap-2] [INFO] [1768913599.296848217] [rtabmap]: rtabmap (99): Rate=0.50s, Limit=0.000s, Conversion=0.0009s, RTAB-Map=0.3434s, Maps update=0.0001s pub=0.0000s delay=0.2800s (local map=24, WM=24)
[rtabmap-2] [INFO] [1768913599.874467812] [rtabmap]: rtabmap (100): Rate=0.50s, Limit=0.000s, Conversion=0.0005s, RTAB-Map=0.3624s, Maps update=0.0001s pub=0.0000s delay=0.3270s (local map=24, WM=24)
[rtabmap-2] [INFO] [1768913600.691121456] [rtabmap]: rtabmap (101): Rate=0.50s, Limit=0.000s, Conversion=0.0008s, RTAB-Map=0.6105s, Maps update=0.0001s pub=0.0000s delay=0.5870s (local map=24, WM=24)
[rtabmap-2] [INFO] [1768913601.245214186] [rtabmap]: rtabmap (102): Rate=0.50s, Limit=0.000s, Conversion=0.0007s, RTAB-Map=0.5188s, Maps update=0.0001s pub=0.0000s delay=0.5530s (local map=24, WM=24)
[rtabmap-2] [INFO] [1768913601.835935524] [rtabmap]: rtabmap (103): Rate=0.50s, Limit=0.000s, Conversion=0.0007s, RTAB-Map=0.5002s, Maps update=0.0001s pub=0.0000s delay=0.5490s (local map=24, WM=24)
[rtabmap-2] [INFO] [1768913602.275658320] [rtabmap]: rtabmap (104): Rate=0.50s, Limit=0.000s, Conversion=0.0006s, RTAB-Map=0.4094s, Maps update=0.0000s pub=0.0000s delay=0.3930s (local map=24, WM=24)
[rtabmap-2] [INFO] [1768913602.711812764] [rtabmap]: rtabmap (105): Rate=0.50s, Limit=0.000s, Conversion=0.0006s, RTAB-Map=0.3347s, Maps update=0.0001s pub=0.0000s delay=0.2810s (local map=24, WM=24)
[rtabmap-2] [INFO] [1768913603.264785767] [rtabmap]: rtabmap (106): Rate=0.50s, Limit=0.000s, Conversion=0.0008s, RTAB-Map=0.3875s, Maps update=0.0001s pub=0.0000s delay=0.3810s (local map=24, WM=24)
[rtabmap-2] [INFO] [1768913603.827741608] [rtabmap]: rtabmap (107): Rate=0.50s, Limit=0.000s, Conversion=0.0005s, RTAB-Map=0.3813s, Maps update=0.0001s pub=0.0000s delay=0.4230s (local map=24, WM=24)
[rtabmap-2] [INFO] [1768913604.331061188] [rtabmap]: rtabmap (108): Rate=0.50s, Limit=0.000s, Conversion=0.0006s, RTAB-Map=0.3421s, Maps update=0.0001s pub=0.0000s delay=0.3750s (local map=24, WM=24)
[rtabmap-2] [INFO] [1768913604.960821250] [rtabmap]: rtabmap (109): Rate=0.50s, Limit=0.000s, Conversion=0.0008s, RTAB-Map=0.4103s, Maps update=0.0001s pub=0.0000s delay=0.4120s (local map=24, WM=24)
[rtabmap-2] [INFO] [1768913605.601459633] [rtabmap]: rtabmap (110): Rate=0.50s, Limit=0.000s, Conversion=0.0011s, RTAB-Map=0.5350s, Maps update=0.0001s pub=0.0000s delay=0.5010s (local map=24, WM=24)
[rtabmap-2] [INFO] [1768913606.073105361] [rtabmap]: rtabmap (111): Rate=0.50s, Limit=0.000s, Conversion=0.0008s, RTAB-Map=0.4509s, Maps update=0.0001s pub=0.0000s delay=0.4530s (local map=24, WM=24)
[rtabmap-2] [INFO] [1768913606.843041673] [rtabmap]: rtabmap (112): Rate=0.50s, Limit=0.000s, Conversion=0.0009s, RTAB-Map=0.6529s, Maps update=0.0001s pub=0.0000s delay=0.7290s (local map=24, WM=24)
[rtabmap-2] [INFO] [1768913607.347688448] [rtabmap]: rtabmap (113): Rate=0.50s, Limit=0.000s, Conversion=0.0007s, RTAB-Map=0.4429s, Maps update=0.0001s pub=0.0000s delay=0.4950s (local map=24, WM=24)
[rtabmap-2] [INFO] [1768913607.869912484] [rtabmap]: rtabmap (114): Rate=0.50s, Limit=0.000s, Conversion=0.0005s, RTAB-Map=0.4664s, Maps update=0.0001s pub=0.0000s delay=0.4850s (local map=24, WM=24)
[rtabmap-2] [INFO] [1768913608.431359180] [rtabmap]: rtabmap (115): Rate=0.50s, Limit=0.000s, Conversion=0.0007s, RTAB-Map=0.5399s, Maps update=0.0001s pub=0.0000s delay=0.4770s (local map=24, WM=24)
[rtabmap-2] [INFO] [1768913608.885908429] [rtabmap]: rtabmap (116): Rate=0.50s, Limit=0.000s, Conversion=0.0005s, RTAB-Map=0.3900s, Maps update=0.0001s pub=0.0000s delay=0.3740s (local map=24, WM=24)
[rtabmap-2] [INFO] [1768913609.445662562] [rtabmap]: rtabmap (117): Rate=0.50s, Limit=0.000s, Conversion=0.0004s, RTAB-Map=0.4222s, Maps update=0.0001s pub=0.0000s delay=0.4530s (local map=24, WM=24)
[rtabmap-2] [INFO] [1768913610.145755706] [rtabmap]: rtabmap (118): Rate=0.50s, Limit=0.000s, Conversion=0.0006s, RTAB-Map=0.4990s, Maps update=0.0001s pub=0.0000s delay=0.5560s (local map=24, WM=24)
[rtabmap-2] [INFO] [1768913610.683093102] [rtabmap]: rtabmap (119): Rate=0.50s, Limit=0.000s, Conversion=0.0006s, RTAB-Map=0.4727s, Maps update=0.0001s pub=0.0000s delay=0.4830s (local map=24, WM=24)
[rtabmap-2] [INFO] [1768913611.222631867] [rtabmap]: rtabmap (120): Rate=0.50s, Limit=0.000s, Conversion=0.0006s, RTAB-Map=0.4995s, Maps update=0.0001s pub=0.0000s delay=0.4800s (local map=24, WM=24)
[rtabmap-2] [INFO] [1768913611.619339561] [rtabmap]: rtabmap (121): Rate=0.50s, Limit=0.000s, Conversion=0.0006s, RTAB-Map=0.3494s, Maps update=0.0001s pub=0.0000s delay=0.3070s (local map=24, WM=24)
[rtabmap-2] [INFO] [1768913612.204972037] [rtabmap]: rtabmap (122): Rate=0.50s, Limit=0.000s, Conversion=0.0006s, RTAB-Map=0.4121s, Maps update=0.0001s pub=0.0000s delay=0.4000s (local map=24, WM=24)
[rtabmap-2] [INFO] [1768913612.841246282] [rtabmap]: rtabmap (123): Rate=0.50s, Limit=0.000s, Conversion=0.0004s, RTAB-Map=0.4853s, Maps update=0.0001s pub=0.0000s delay=0.4770s (local map=24, WM=24)
[rtabmap-2] [INFO] [1768913614.038487641] [rtabmap]: rtabmap (124): Rate=0.50s, Limit=0.000s, Conversion=0.0009s, RTAB-Map=0.3389s, Maps update=0.0001s pub=0.0000s delay=0.3270s (local map=24, WM=24)
[rtabmap-2] [INFO] [1768913614.633909952] [rtabmap]: rtabmap (125): Rate=0.50s, Limit=0.000s, Conversion=0.0022s, RTAB-Map=0.4052s, Maps update=0.0001s pub=0.0000s delay=0.4100s (local map=24, WM=24)
[rtabmap-2] [INFO] [1768913615.395308035] [rtabmap]: rtabmap (126): Rate=0.50s, Limit=0.000s, Conversion=0.0006s, RTAB-Map=0.5096s, Maps update=0.0001s pub=0.0000s delay=0.3950s (local map=24, WM=24)
[rtabmap-2] [INFO] [1768913617.537167563] [rtabmap]: rtabmap (127): Rate=0.50s, Limit=0.000s, Conversion=0.0005s, RTAB-Map=0.4132s, Maps update=0.0000s pub=0.0000s delay=0.3330s (local map=24, WM=24)
[rtabmap-2] [INFO] [1768913618.152959595] [rtabmap]: rtabmap (128): Rate=0.50s, Limit=0.000s, Conversion=0.0006s, RTAB-Map=0.3631s, Maps update=0.0000s pub=0.0000s delay=0.3910s (local map=24, WM=24)
[rtabmap-2] [INFO] [1768913619.044416696] [rtabmap]: rtabmap (129): Rate=0.50s, Limit=0.000s, Conversion=0.0005s, RTAB-Map=0.4928s, Maps update=0.0001s pub=0.0000s delay=0.4800s (local map=24, WM=24)
[rtabmap-2] [INFO] [1768913620.835162416] [rtabmap]: rtabmap (130): Rate=0.50s, Limit=0.000s, Conversion=0.0008s, RTAB-Map=0.5638s, Maps update=0.0001s pub=0.0000s delay=0.5360s (local map=24, WM=24)
[rtabmap-2] [INFO] [1768913621.801301326] [rtabmap]: rtabmap (131): Rate=0.50s, Limit=0.000s, Conversion=0.0006s, RTAB-Map=0.3891s, Maps update=0.0001s pub=0.0000s delay=0.3550s (local map=24, WM=24)
[rtabmap-2] [INFO] [1768913622.277457338] [rtabmap]: rtabmap (132): Rate=0.50s, Limit=0.000s, Conversion=0.0004s, RTAB-Map=0.3058s, Maps update=0.0000s pub=0.0000s delay=0.3160s (local map=24, WM=24)
[rtabmap-2] [INFO] [1768913622.893086917] [rtabmap]: rtabmap (133): Rate=0.50s, Limit=0.000s, Conversion=0.0005s, RTAB-Map=0.3756s, Maps update=0.0001s pub=0.0000s delay=0.3810s (local map=24, WM=24)
[rtabmap-2] [INFO] [1768913623.287244790] [rclcpp]: signal_handler(signum=2)
[rgbd_sync-1] [INFO] [1768913623.287329516] [rclcpp]: signal_handler(signum=2)
[rtabmap-2] [INFO] [1768913623.301692183] [rtabmap]: Parameters are not saved (No configuration file provided...)
[INFO] [rgbd_sync-1]: process has finished cleanly [pid 59738]
[rtabmap-2] [33m[ WARN] (2026-01-20 21:52:23.023) MsgConversion.cpp:2010::getTransform() (getting transform world -> camera_color_optical_frame) Lookup would require extrapolation into the past.  Requested time 58.292000 but the earliest data is at time 58.996000, when looking up transform from frame [camera_color_optical_frame] to frame [world] (wait_for_transform=0.200000)[0m
[rtabmap-2] [33m[ WARN] (2026-01-20 21:52:23.218) MsgConversion.cpp:2010::getTransform() (getting transform world -> camera_color_optical_frame) Lookup would require extrapolation into the past.  Requested time 58.335000 but the earliest data is at time 58.996000, when looking up transform from frame [camera_color_optical_frame] to frame [world] (wait_for_transform=0.200000)[0m
[rtabmap-2] [33m[ WARN] (2026-01-20 21:52:23.422) MsgConversion.cpp:2010::getTransform() (getting transform world -> camera_color_optical_frame) Lookup would require extrapolation into the past.  Requested time 58.433000 but the earliest data is at time 58.996000, when looking up transform from frame [camera_color_optical_frame] to frame [world] (wait_for_transform=0.200000)[0m
[rtabmap-2] [33m[ WARN] (2026-01-20 21:52:23.617) MsgConversion.cpp:2010::getTransform() (getting transform world -> camera_color_optical_frame) Lookup would require extrapolation into the past.  Requested time 58.572000 but the earliest data is at time 58.996000, when looking up transform from frame [camera_color_optical_frame] to frame [world] (wait_for_transform=0.200000)[0m
[rtabmap-2] [33m[ WARN] (2026-01-20 21:52:23.821) MsgConversion.cpp:2010::getTransform() (getting transform world -> camera_color_optical_frame) Lookup would require extrapolation into the past.  Requested time 58.762000 but the earliest data is at time 58.996000, when looking up transform from frame [camera_color_optical_frame] to frame [world] (wait_for_transform=0.200000)[0m
[rtabmap-2] [33m[ WARN] (2026-01-20 21:52:24.025) MsgConversion.cpp:2010::getTransform() (getting transform world -> camera_color_optical_frame) Lookup would require extrapolation into the past.  Requested time 58.860000 but the earliest data is at time 58.996000, when looking up transform from frame [camera_color_optical_frame] to frame [world] (wait_for_transform=0.200000)[0m
[rtabmap-2] [33m[ WARN] (2026-01-20 21:52:24.052) Memory.cpp:5917::createSignature() Mem/SaveDepth16Format is set to false to use 32bits format but this is not compatible with the compressed depth format chosen (Mem/DepthCompressionFormat=".rvl"), depth images will be compressed in ".png" format instead. Explicitly set Mem/SaveDepth16Format to true to keep using ".rvl" format and images will be converted to 16bits for convenience (warning: that would remove all depth values over 65 meters). Explicitly set Mem/DepthCompressionFormat=".png" to suppress this warning. This warning is only printed once.[0m
[rtabmap-2] rtabmap: Saving database/long-term memory... (located at /home/fujino/.ros/rtabmap_ur5e_20260120_215219.db)
[rtabmap-2] rtabmap: Saving database/long-term memory...done! (located at /home/fujino/.ros/rtabmap_ur5e_20260120_215219.db, 201 MB)
[INFO] [rtabmap-2]: process has finished cleanly [pid 59740]
