[INFO] [launch]: All log files can be found below /home/fujino/.ros/log/2026-01-19-23-06-52-702743-fh-1051184
[INFO] [launch]: Default logging verbosity is set to INFO
[INFO] [rgbd_sync-1]: process started with pid [1051205]
[INFO] [rtabmap-2]: process started with pid [1051207]
[rtabmap-2] [INFO] [1768831613.554793404] [rtabmap]: rtabmap(maps): latch                      = true
[rtabmap-2] [INFO] [1768831613.558679455] [rtabmap]: rtabmap(maps): map_filter_radius          = 0.000000
[rtabmap-2] [INFO] [1768831613.558723687] [rtabmap]: rtabmap(maps): map_filter_angle           = 30.000000
[rtabmap-2] [INFO] [1768831613.558736501] [rtabmap]: rtabmap(maps): map_cleanup                = true
[rtabmap-2] [INFO] [1768831613.558745528] [rtabmap]: rtabmap(maps): map_always_update          = false
[rtabmap-2] [INFO] [1768831613.558754692] [rtabmap]: rtabmap(maps): map_empty_ray_tracing      = true
[rtabmap-2] [INFO] [1768831613.558763578] [rtabmap]: rtabmap(maps): cloud_output_voxelized     = true
[rtabmap-2] [INFO] [1768831613.558772817] [rtabmap]: rtabmap(maps): cloud_subtract_filtering   = false
[rtabmap-2] [INFO] [1768831613.558781701] [rtabmap]: rtabmap(maps): cloud_subtract_filtering_min_neighbors = 2
[rtabmap-2] [INFO] [1768831613.560097401] [rtabmap]: rtabmap(maps): octomap_tree_depth         = 16
[rgbd_sync-1] [INFO] [1768831613.658020811] [rgbd_sync]: rgbd_sync: approx_sync = true
[rgbd_sync-1] [INFO] [1768831613.658430935] [rgbd_sync]: rgbd_sync: approx_sync_max_interval = 0.010000
[rgbd_sync-1] [INFO] [1768831613.658480015] [rgbd_sync]: rgbd_sync: topic_queue_size  = 10
[rgbd_sync-1] [INFO] [1768831613.658500375] [rgbd_sync]: rgbd_sync: sync_queue_size  = 30
[rgbd_sync-1] [INFO] [1768831613.658517601] [rgbd_sync]: rgbd_sync: qos             = 2
[rgbd_sync-1] [INFO] [1768831613.658534137] [rgbd_sync]: rgbd_sync: qos_camera_info = 2
[rgbd_sync-1] [INFO] [1768831613.658550006] [rgbd_sync]: rgbd_sync: depth_scale = 1.000000
[rgbd_sync-1] [INFO] [1768831613.658569492] [rgbd_sync]: rgbd_sync: decimation = 1
[rgbd_sync-1] [INFO] [1768831613.658585922] [rgbd_sync]: rgbd_sync: compressed_rate = 0.000000
[rgbd_sync-1] [INFO] [1768831613.703506290] [rgbd_sync]: 
[rgbd_sync-1] rgbd_sync subscribed to (approx sync, max interval=0.010000s):
[rgbd_sync-1]    /camera/color/image_raw,
[rgbd_sync-1]    /camera/depth/depth/image_raw,
[rgbd_sync-1]    /camera/color/camera_info
[rtabmap-2] [INFO] [1768831613.713157668] [rtabmap]: rtabmap: frame_id      = camera_color_optical_frame
[rtabmap-2] [INFO] [1768831613.714025209] [rtabmap]: rtabmap: odom_frame_id = world
[rtabmap-2] [INFO] [1768831613.714104706] [rtabmap]: rtabmap: map_frame_id  = world
[rtabmap-2] [INFO] [1768831613.714126426] [rtabmap]: rtabmap: log_to_rosout_level  = 4
[rtabmap-2] [INFO] [1768831613.714144784] [rtabmap]: rtabmap: initial_pose  = 
[rtabmap-2] [INFO] [1768831613.714160575] [rtabmap]: rtabmap: use_action_for_goal  = false
[rtabmap-2] [INFO] [1768831613.714176414] [rtabmap]: rtabmap: tf_delay      = 0.050000
[rtabmap-2] [INFO] [1768831613.714199294] [rtabmap]: rtabmap: tf_tolerance  = 0.100000
[rtabmap-2] [INFO] [1768831613.714275092] [rtabmap]: rtabmap: odom_sensor_sync   = false
[rtabmap-2] [INFO] [1768831613.714293323] [rtabmap]: rtabmap: pub_loc_pose_only_when_localizing = false
[rtabmap-2] [INFO] [1768831613.714309535] [rtabmap]: rtabmap: wait_for_transform = 0.200000
[rtabmap-2] [INFO] [1768831613.714380934] [rtabmap]: rtabmap: gen_scan  = false
[rtabmap-2] [INFO] [1768831613.714410342] [rtabmap]: rtabmap: gen_depth  = false
[rtabmap-2] [INFO] [1768831613.769177027] [rtabmap]: Setting RTAB-Map parameter "Grid/3D"="true" (rosparam)
[rtabmap-2] [INFO] [1768831613.773424816] [rtabmap]: Setting RTAB-Map parameter "Grid/RangeMax"="5.0" (rosparam)
[rtabmap-2] [INFO] [1768831613.773679901] [rtabmap]: Setting RTAB-Map parameter "Grid/RayTracing"="true" (rosparam)
[rtabmap-2] [INFO] [1768831613.774135126] [rtabmap]: Setting RTAB-Map parameter "Grid/Sensor"="1" (rosparam)
[rtabmap-2] [INFO] [1768831613.798659886] [rtabmap]: Setting RTAB-Map parameter "RGBD/CreateOccupancyGrid"="true" (rosparam)
[rtabmap-2] [INFO] [1768831613.812807834] [rtabmap]: Setting RTAB-Map parameter "Rtabmap/DetectionRate"="2.0" (rosparam)
[rtabmap-2] [INFO] [1768831614.002775834] [rtabmap]: RTAB-Map detection rate = 2.000000 Hz
[rtabmap-2] [INFO] [1768831614.003287479] [rtabmap]: rtabmap: Using database from "/home/fujino/.ros/rtabmap_ur5e_20260119_230652.db" (0 MB).
[rtabmap-2] [INFO] [1768831614.039212092] [rtabmap]: rtabmap: Database version = "0.22.1".
[rtabmap-2] [INFO] [1768831614.039362526] [rtabmap]: rtabmap: SLAM mode (Mem/IncrementalMemory=true)
[rtabmap-2] [INFO] [1768831614.095668349] [rtabmap]: Setup callbacks
[rtabmap-2] [WARN] [1768831614.095758122] [rtabmap]: rtabmap: Parameters subscribe_depth and subscribe_rgbd cannot be true at the same time. Parameter subscribe_depth is set to false.
[rtabmap-2] [INFO] [1768831614.096256713] [rtabmap]: rtabmap: subscribe_depth = false
[rtabmap-2] [INFO] [1768831614.096331869] [rtabmap]: rtabmap: subscribe_rgb = false
[rtabmap-2] [INFO] [1768831614.096420962] [rtabmap]: rtabmap: subscribe_stereo = false
[rtabmap-2] [INFO] [1768831614.096439994] [rtabmap]: rtabmap: subscribe_rgbd = true (rgbd_cameras=1)
[rtabmap-2] [INFO] [1768831614.096459361] [rtabmap]: rtabmap: subscribe_sensor_data = false
[rtabmap-2] [INFO] [1768831614.096476025] [rtabmap]: rtabmap: subscribe_odom_info = false
[rtabmap-2] [INFO] [1768831614.096492282] [rtabmap]: rtabmap: subscribe_user_data = false
[rtabmap-2] [INFO] [1768831614.096507997] [rtabmap]: rtabmap: subscribe_scan = false
[rtabmap-2] [INFO] [1768831614.096524452] [rtabmap]: rtabmap: subscribe_scan_cloud = false
[rtabmap-2] [INFO] [1768831614.096540520] [rtabmap]: rtabmap: subscribe_scan_descriptor = false
[rtabmap-2] [INFO] [1768831614.096557297] [rtabmap]: rtabmap: topic_queue_size = 10
[rtabmap-2] [INFO] [1768831614.096574936] [rtabmap]: rtabmap: sync_queue_size  = 30
[rtabmap-2] [INFO] [1768831614.096591178] [rtabmap]: rtabmap: qos_image       = 2
[rtabmap-2] [INFO] [1768831614.096660375] [rtabmap]: rtabmap: qos_camera_info = 2
[rtabmap-2] [INFO] [1768831614.096684988] [rtabmap]: rtabmap: qos_scan        = 2
[rtabmap-2] [INFO] [1768831614.096704562] [rtabmap]: rtabmap: qos_odom        = 2
[rtabmap-2] [INFO] [1768831614.096720786] [rtabmap]: rtabmap: qos_user_data   = 2
[rtabmap-2] [INFO] [1768831614.096737268] [rtabmap]: rtabmap: approx_sync     = true
[rtabmap-2] [INFO] [1768831614.096775030] [rtabmap]: Setup rgbd callback
[rtabmap-2] [INFO] [1768831614.098744910] [rtabmap]: 
[rtabmap-2] rtabmap subscribed to:
[rtabmap-2]    /rgbd_image
[rtabmap-2] [INFO] [1768831615.351597333] [rtabmap]: rtabmap (1): Rate=0.50s, Limit=0.000s, Conversion=0.0035s, RTAB-Map=0.5301s, Maps update=0.0048s pub=0.0003s delay=0.5860s (local map=1, WM=1)
[rtabmap-2] [INFO] [1768831615.800935809] [rtabmap]: rtabmap (2): Rate=0.50s, Limit=0.000s, Conversion=0.0024s, RTAB-Map=0.4007s, Maps update=0.0055s pub=0.0000s delay=0.1770s (local map=1, WM=1)
[rtabmap-2] [INFO] [1768831616.549932377] [rtabmap]: rtabmap (3): Rate=0.50s, Limit=0.000s, Conversion=0.0018s, RTAB-Map=0.3087s, Maps update=0.0076s pub=0.0000s delay=0.3110s (local map=1, WM=1)
[rtabmap-2] [INFO] [1768831617.192014330] [rtabmap]: rtabmap (4): Rate=0.50s, Limit=0.000s, Conversion=0.0012s, RTAB-Map=0.4216s, Maps update=0.0066s pub=0.0000s delay=0.3920s (local map=1, WM=1)
[rtabmap-2] [INFO] [1768831617.720087256] [rtabmap]: rtabmap (5): Rate=0.50s, Limit=0.000s, Conversion=0.0018s, RTAB-Map=0.4158s, Maps update=0.0089s pub=0.0000s delay=0.4650s (local map=1, WM=1)
[rtabmap-2] [INFO] [1768831618.283878742] [rtabmap]: rtabmap (6): Rate=0.50s, Limit=0.000s, Conversion=0.0011s, RTAB-Map=0.4355s, Maps update=0.0106s pub=0.0000s delay=0.4340s (local map=1, WM=1)
[rtabmap-2] [INFO] [1768831618.838018685] [rtabmap]: rtabmap (7): Rate=0.50s, Limit=0.000s, Conversion=0.0024s, RTAB-Map=0.4088s, Maps update=0.0055s pub=0.0000s delay=0.4750s (local map=1, WM=1)
[rtabmap-2] [INFO] [1768831619.465659930] [rtabmap]: rtabmap (8): Rate=0.50s, Limit=0.000s, Conversion=0.0068s, RTAB-Map=0.4804s, Maps update=0.0058s pub=0.0000s delay=0.5150s (local map=1, WM=1)
[rtabmap-2] [INFO] [1768831620.173447549] [rtabmap]: rtabmap (9): Rate=0.50s, Limit=0.000s, Conversion=0.0007s, RTAB-Map=0.5647s, Maps update=0.0110s pub=0.0000s delay=0.6010s (local map=1, WM=1)
[rtabmap-2] [INFO] [1768831620.759870067] [rtabmap]: rtabmap (10): Rate=0.50s, Limit=0.000s, Conversion=0.0007s, RTAB-Map=0.4930s, Maps update=0.0069s pub=0.0000s delay=0.5060s (local map=1, WM=1)
[rtabmap-2] [INFO] [1768831621.182714246] [rtabmap]: rtabmap (11): Rate=0.50s, Limit=0.000s, Conversion=0.0022s, RTAB-Map=0.3706s, Maps update=0.0059s pub=0.0000s delay=0.3870s (local map=1, WM=1)
[rtabmap-2] [INFO] [1768831621.819193974] [rtabmap]: rtabmap (12): Rate=0.50s, Limit=0.000s, Conversion=0.0011s, RTAB-Map=0.5023s, Maps update=0.0085s pub=0.0000s delay=0.4840s (local map=1, WM=1)
[rtabmap-2] [INFO] [1768831622.308772714] [rtabmap]: rtabmap (13): Rate=0.50s, Limit=0.000s, Conversion=0.0005s, RTAB-Map=0.4731s, Maps update=0.0094s pub=0.0000s delay=0.4700s (local map=1, WM=1)
[rtabmap-2] [INFO] [1768831622.958248165] [rtabmap]: rtabmap (14): Rate=0.50s, Limit=0.000s, Conversion=0.0011s, RTAB-Map=0.3855s, Maps update=0.0059s pub=0.0000s delay=0.4130s (local map=1, WM=1)
[rtabmap-2] [INFO] [1768831623.666610854] [rtabmap]: rtabmap (15): Rate=0.50s, Limit=0.000s, Conversion=0.0009s, RTAB-Map=0.4815s, Maps update=0.0064s pub=0.0001s delay=0.5130s (local map=1, WM=1)
[rtabmap-2] [INFO] [1768831624.170435262] [rtabmap]: rtabmap (16): Rate=0.50s, Limit=0.000s, Conversion=0.0008s, RTAB-Map=0.4446s, Maps update=0.0099s pub=0.0004s delay=0.4830s (local map=2, WM=2)
[rtabmap-2] [INFO] [1768831624.652628192] [rtabmap]: rtabmap (17): Rate=0.50s, Limit=0.000s, Conversion=0.0016s, RTAB-Map=0.3749s, Maps update=0.0073s pub=0.0000s delay=0.4310s (local map=2, WM=2)
[rtabmap-2] [INFO] [1768831625.267420621] [rtabmap]: rtabmap (18): Rate=0.50s, Limit=0.000s, Conversion=0.0004s, RTAB-Map=0.4091s, Maps update=0.0091s pub=0.0000s delay=0.4290s (local map=2, WM=2)
[rtabmap-2] [INFO] [1768831625.959359199] [rtabmap]: rtabmap (19): Rate=0.50s, Limit=0.000s, Conversion=0.0005s, RTAB-Map=0.4491s, Maps update=0.0075s pub=0.0002s delay=0.4960s (local map=3, WM=3)
[rtabmap-2] [INFO] [1768831626.471498119] [rtabmap]: rtabmap (20): Rate=0.50s, Limit=0.000s, Conversion=0.0009s, RTAB-Map=0.4431s, Maps update=0.0039s pub=0.0000s delay=0.4760s (local map=3, WM=3)
[rtabmap-2] [INFO] [1768831627.068471155] [rtabmap]: rtabmap (21): Rate=0.50s, Limit=0.000s, Conversion=0.0006s, RTAB-Map=0.3779s, Maps update=0.0119s pub=0.0000s delay=0.4310s (local map=3, WM=3)
[rtabmap-2] [INFO] [1768831627.631876017] [rtabmap]: rtabmap (22): Rate=0.50s, Limit=0.000s, Conversion=0.0007s, RTAB-Map=0.4330s, Maps update=0.0043s pub=0.0005s delay=0.4120s (local map=4, WM=4)
[rtabmap-2] [INFO] [1768831628.214940975] [rtabmap]: rtabmap (23): Rate=0.50s, Limit=0.000s, Conversion=0.0007s, RTAB-Map=0.3599s, Maps update=0.0053s pub=0.0000s delay=0.3480s (local map=4, WM=4)
[rtabmap-2] [INFO] [1768831628.826027438] [rtabmap]: rtabmap (24): Rate=0.50s, Limit=0.000s, Conversion=0.0009s, RTAB-Map=0.4223s, Maps update=0.0065s pub=0.0000s delay=0.4090s (local map=4, WM=4)
[rtabmap-2] [INFO] [1768831629.390447827] [rtabmap]: rtabmap (25): Rate=0.50s, Limit=0.000s, Conversion=0.0006s, RTAB-Map=0.4424s, Maps update=0.0062s pub=0.0006s delay=0.4510s (local map=5, WM=5)
[rtabmap-2] [INFO] [1768831629.784217510] [rtabmap]: rtabmap (26): Rate=0.50s, Limit=0.000s, Conversion=0.0007s, RTAB-Map=0.3219s, Maps update=0.0038s pub=0.0000s delay=0.3420s (local map=5, WM=5)
[rtabmap-2] [INFO] [1768831630.431309926] [rtabmap]: rtabmap (27): Rate=0.50s, Limit=0.000s, Conversion=0.0014s, RTAB-Map=0.4437s, Maps update=0.0050s pub=0.0000s delay=0.4320s (local map=5, WM=5)
[rtabmap-2] [INFO] [1768831630.989240049] [rtabmap]: rtabmap (28): Rate=0.50s, Limit=0.000s, Conversion=0.0009s, RTAB-Map=0.4416s, Maps update=0.0060s pub=0.0005s delay=0.4590s (local map=6, WM=6)
[rtabmap-2] [INFO] [1768831631.567383244] [rtabmap]: rtabmap (29): Rate=0.50s, Limit=0.000s, Conversion=0.0008s, RTAB-Map=0.5000s, Maps update=0.0052s pub=0.0000s delay=0.5360s (local map=6, WM=6)
[rtabmap-2] [INFO] [1768831631.980585147] [rtabmap]: rtabmap (30): Rate=0.50s, Limit=0.000s, Conversion=0.0007s, RTAB-Map=0.3609s, Maps update=0.0030s pub=0.0000s delay=0.4010s (local map=6, WM=6)
[rtabmap-2] [INFO] [1768831632.579002973] [rtabmap]: rtabmap (31): Rate=0.50s, Limit=0.000s, Conversion=0.0011s, RTAB-Map=0.4453s, Maps update=0.0028s pub=0.0003s delay=0.4950s (local map=7, WM=7)
[rtabmap-2] [INFO] [1768831632.999592717] [rtabmap]: rtabmap (32): Rate=0.50s, Limit=0.000s, Conversion=0.0005s, RTAB-Map=0.3760s, Maps update=0.0033s pub=0.0001s delay=0.3860s (local map=7, WM=7)
[rtabmap-2] [INFO] [1768831633.610479314] [rtabmap]: rtabmap (33): Rate=0.50s, Limit=0.000s, Conversion=0.0017s, RTAB-Map=0.4381s, Maps update=0.0047s pub=0.0006s delay=0.4580s (local map=8, WM=8)
[rtabmap-2] [INFO] [1768831634.056989454] [rtabmap]: rtabmap (34): Rate=0.50s, Limit=0.000s, Conversion=0.0007s, RTAB-Map=0.3594s, Maps update=0.0054s pub=0.0000s delay=0.3340s (local map=8, WM=8)
[rtabmap-2] [INFO] [1768831634.628459861] [rtabmap]: rtabmap (35): Rate=0.50s, Limit=0.000s, Conversion=0.0006s, RTAB-Map=0.3981s, Maps update=0.0030s pub=0.0005s delay=0.3990s (local map=9, WM=9)
[rtabmap-2] [INFO] [1768831635.214538485] [rtabmap]: rtabmap (36): Rate=0.50s, Limit=0.000s, Conversion=0.0009s, RTAB-Map=0.4698s, Maps update=0.0042s pub=0.0000s delay=0.4840s (local map=9, WM=9)
[rtabmap-2] [INFO] [1768831635.667767770] [rtabmap]: rtabmap (37): Rate=0.50s, Limit=0.000s, Conversion=0.0011s, RTAB-Map=0.4203s, Maps update=0.0065s pub=0.0006s delay=0.3790s (local map=10, WM=10)
[rtabmap-2] [INFO] [1768831636.212842483] [rtabmap]: rtabmap (38): Rate=0.50s, Limit=0.000s, Conversion=0.0018s, RTAB-Map=0.4253s, Maps update=0.0033s pub=0.0010s delay=0.4440s (local map=11, WM=11)
[rtabmap-2] [INFO] [1768831636.631036653] [rtabmap]: rtabmap (39): Rate=0.50s, Limit=0.000s, Conversion=0.0005s, RTAB-Map=0.3371s, Maps update=0.0069s pub=0.0000s delay=0.3390s (local map=11, WM=11)
[rtabmap-2] [INFO] [1768831637.269745610] [rtabmap]: rtabmap (40): Rate=0.50s, Limit=0.000s, Conversion=0.0006s, RTAB-Map=0.3445s, Maps update=0.0079s pub=0.0008s delay=0.3200s (local map=12, WM=12)
[rtabmap-2] [INFO] [1768831637.926498654] [rtabmap]: rtabmap (41): Rate=0.50s, Limit=0.000s, Conversion=0.0005s, RTAB-Map=0.4280s, Maps update=0.0057s pub=0.0000s delay=0.4310s (local map=12, WM=12)
[rtabmap-2] [INFO] [1768831638.459870077] [rtabmap]: rtabmap (42): Rate=0.50s, Limit=0.000s, Conversion=0.0005s, RTAB-Map=0.4324s, Maps update=0.0041s pub=0.0011s delay=0.4220s (local map=13, WM=13)
[rtabmap-2] [INFO] [1768831638.946401922] [rtabmap]: rtabmap (43): Rate=0.50s, Limit=0.000s, Conversion=0.0008s, RTAB-Map=0.3973s, Maps update=0.0036s pub=0.0001s delay=0.3970s (local map=13, WM=13)
[rtabmap-2] [INFO] [1768831639.410745078] [rtabmap]: rtabmap (44): Rate=0.50s, Limit=0.000s, Conversion=0.0017s, RTAB-Map=0.3544s, Maps update=0.0049s pub=0.0007s delay=0.3810s (local map=14, WM=14)
[rtabmap-2] [INFO] [1768831639.959928586] [rtabmap]: rtabmap (45): Rate=0.50s, Limit=0.000s, Conversion=0.0006s, RTAB-Map=0.3348s, Maps update=0.0052s pub=0.0000s delay=0.3140s (local map=14, WM=14)
[rtabmap-2] [INFO] [1768831640.599203407] [rtabmap]: rtabmap (46): Rate=0.50s, Limit=0.000s, Conversion=0.0006s, RTAB-Map=0.3418s, Maps update=0.0054s pub=0.0007s delay=0.2980s (local map=15, WM=15)
[rtabmap-2] [INFO] [1768831641.161485115] [rtabmap]: rtabmap (47): Rate=0.50s, Limit=0.000s, Conversion=0.0011s, RTAB-Map=0.3530s, Maps update=0.0050s pub=0.0000s delay=0.3530s (local map=15, WM=15)
[rtabmap-2] [INFO] [1768831641.784818459] [rtabmap]: rtabmap (48): Rate=0.50s, Limit=0.000s, Conversion=0.0009s, RTAB-Map=0.4634s, Maps update=0.0025s pub=0.0005s delay=0.4210s (local map=16, WM=16)
[rtabmap-2] [INFO] [1768831642.264065275] [rtabmap]: rtabmap (49): Rate=0.50s, Limit=0.000s, Conversion=0.0008s, RTAB-Map=0.3221s, Maps update=0.0037s pub=0.0000s delay=0.2180s (local map=16, WM=16)
[rtabmap-2] [INFO] [1768831642.747940943] [rtabmap]: rtabmap (50): Rate=0.50s, Limit=0.000s, Conversion=0.0006s, RTAB-Map=0.3163s, Maps update=0.0027s pub=0.0005s delay=0.3110s (local map=17, WM=17)
[rtabmap-2] [INFO] [1768831643.337211665] [rtabmap]: rtabmap (51): Rate=0.50s, Limit=0.000s, Conversion=0.0009s, RTAB-Map=0.3823s, Maps update=0.0048s pub=0.0000s delay=0.4060s (local map=17, WM=17)
[rtabmap-2] [INFO] [1768831643.869400631] [rtabmap]: rtabmap (52): Rate=0.50s, Limit=0.000s, Conversion=0.0004s, RTAB-Map=0.3568s, Maps update=0.0042s pub=0.0000s delay=0.3300s (local map=17, WM=17)
[rtabmap-2] [INFO] [1768831644.419158886] [rtabmap]: rtabmap (53): Rate=0.50s, Limit=0.000s, Conversion=0.0004s, RTAB-Map=0.3935s, Maps update=0.0037s pub=0.0006s delay=0.4280s (local map=18, WM=18)
[rtabmap-2] [INFO] [1768831644.892188275] [rtabmap]: rtabmap (54): Rate=0.50s, Limit=0.000s, Conversion=0.0012s, RTAB-Map=0.3519s, Maps update=0.0047s pub=0.0000s delay=0.3170s (local map=18, WM=18)
[rtabmap-2] [INFO] [1768831645.439959955] [rtabmap]: rtabmap (55): Rate=0.50s, Limit=0.000s, Conversion=0.0008s, RTAB-Map=0.3635s, Maps update=0.0051s pub=0.0000s delay=0.3820s (local map=18, WM=18)
[rtabmap-2] [INFO] [1768831645.969806344] [rtabmap]: rtabmap (56): Rate=0.50s, Limit=0.000s, Conversion=0.0005s, RTAB-Map=0.3274s, Maps update=0.0022s pub=0.0008s delay=0.3220s (local map=19, WM=19)
[rtabmap-2] [INFO] [1768831646.569057587] [rtabmap]: rtabmap (57): Rate=0.50s, Limit=0.000s, Conversion=0.0013s, RTAB-Map=0.3961s, Maps update=0.0050s pub=0.0000s delay=0.3960s (local map=19, WM=19)
[rtabmap-2] [INFO] [1768831647.083705534] [rtabmap]: rtabmap (58): Rate=0.50s, Limit=0.000s, Conversion=0.0008s, RTAB-Map=0.3487s, Maps update=0.0040s pub=0.0000s delay=0.3320s (local map=19, WM=19)
[rtabmap-2] [INFO] [1768831647.758323323] [rtabmap]: rtabmap (59): Rate=0.50s, Limit=0.000s, Conversion=0.0011s, RTAB-Map=0.5037s, Maps update=0.0062s pub=0.0011s delay=0.5080s (local map=20, WM=20)
[rtabmap-2] [INFO] [1768831648.119820602] [rtabmap]: rtabmap (60): Rate=0.50s, Limit=0.000s, Conversion=0.0004s, RTAB-Map=0.3550s, Maps update=0.0055s pub=0.0000s delay=0.4060s (local map=20, WM=20)
[rtabmap-2] [INFO] [1768831648.782920587] [rtabmap]: rtabmap (61): Rate=0.50s, Limit=0.000s, Conversion=0.0008s, RTAB-Map=0.3624s, Maps update=0.0049s pub=0.0001s delay=0.3430s (local map=20, WM=20)
[rtabmap-2] [INFO] [1768831649.356543400] [rtabmap]: rtabmap (62): Rate=0.50s, Limit=0.000s, Conversion=0.0005s, RTAB-Map=0.3944s, Maps update=0.0029s pub=0.0006s delay=0.4130s (local map=21, WM=21)
[rtabmap-2] [INFO] [1768831649.861752656] [rtabmap]: rtabmap (63): Rate=0.50s, Limit=0.000s, Conversion=0.0005s, RTAB-Map=0.3293s, Maps update=0.0034s pub=0.0000s delay=0.3280s (local map=21, WM=21)
[rtabmap-2] [INFO] [1768831650.513046234] [rtabmap]: rtabmap (64): Rate=0.50s, Limit=0.000s, Conversion=0.0006s, RTAB-Map=0.4336s, Maps update=0.0054s pub=0.0000s delay=0.3840s (local map=21, WM=21)
[rtabmap-2] [INFO] [1768831651.022440340] [rtabmap]: rtabmap (65): Rate=0.50s, Limit=0.000s, Conversion=0.0008s, RTAB-Map=0.3986s, Maps update=0.0067s pub=0.0008s delay=0.3620s (local map=22, WM=22)
[rtabmap-2] [INFO] [1768831651.428824385] [rtabmap]: rtabmap (66): Rate=0.50s, Limit=0.000s, Conversion=0.0011s, RTAB-Map=0.3077s, Maps update=0.0048s pub=0.0000s delay=0.2600s (local map=22, WM=22)
[rtabmap-2] [INFO] [1768831652.000414010] [rtabmap]: rtabmap (67): Rate=0.50s, Limit=0.000s, Conversion=0.0006s, RTAB-Map=0.3546s, Maps update=0.0067s pub=0.0000s delay=0.3360s (local map=22, WM=22)
[rtabmap-2] [INFO] [1768831652.898223109] [rtabmap]: rtabmap (68): Rate=0.50s, Limit=0.000s, Conversion=0.0007s, RTAB-Map=0.3659s, Maps update=0.0031s pub=0.0011s delay=0.3490s (local map=23, WM=23)
[rtabmap-2] [INFO] [1768831653.397142712] [rtabmap]: rtabmap (69): Rate=0.50s, Limit=0.000s, Conversion=0.0004s, RTAB-Map=0.2993s, Maps update=0.0028s pub=0.0000s delay=0.2750s (local map=23, WM=23)
[rtabmap-2] [INFO] [1768831654.057023432] [rtabmap]: rtabmap (70): Rate=0.50s, Limit=0.000s, Conversion=0.0007s, RTAB-Map=0.4254s, Maps update=0.0057s pub=0.0000s delay=0.4600s (local map=23, WM=23)
[rtabmap-2] [INFO] [1768831654.464650027] [rtabmap]: rtabmap (71): Rate=0.50s, Limit=0.000s, Conversion=0.0006s, RTAB-Map=0.3192s, Maps update=0.0058s pub=0.0000s delay=0.3500s (local map=23, WM=23)
[rtabmap-2] [INFO] [1768831654.921478537] [rclcpp]: signal_handler(signum=2)
[rgbd_sync-1] [INFO] [1768831654.921496560] [rclcpp]: signal_handler(signum=2)
[rtabmap-2] [INFO] [1768831655.058449967] [rtabmap]: rtabmap (72): Rate=0.50s, Limit=0.000s, Conversion=0.0005s, RTAB-Map=0.3618s, Maps update=0.0001s pub=0.0001s delay=0.1900s (local map=23, WM=23)
[rtabmap-2] [INFO] [1768831655.059510305] [rtabmap]: Parameters are not saved (No configuration file provided...)
[INFO] [rgbd_sync-1]: process has finished cleanly [pid 1051205]
[rtabmap-2] [33m[ WARN] (2026-01-19 23:06:54.516) MsgConversion.cpp:2010::getTransform() (getting transform world -> camera_color_optical_frame) Lookup would require extrapolation into the past.  Requested time 120.785000 but the earliest data is at time 120.947000, when looking up transform from frame [camera_color_optical_frame] to frame [world] (wait_for_transform=0.200000)[0m
[rtabmap-2] [33m[ WARN] (2026-01-19 23:06:54.829) Memory.cpp:5917::createSignature() Mem/SaveDepth16Format is set to false to use 32bits format but this is not compatible with the compressed depth format chosen (Mem/DepthCompressionFormat=".rvl"), depth images will be compressed in ".png" format instead. Explicitly set Mem/SaveDepth16Format to true to keep using ".rvl" format and images will be converted to 16bits for convenience (warning: that would remove all depth values over 65 meters). Explicitly set Mem/DepthCompressionFormat=".png" to suppress this warning. This warning is only printed once.[0m
[rtabmap-2] [33m[ WARN] (2026-01-19 23:06:55.351) MapsManager.cpp:863::publishMaps() Graph has changed! The whole cloud is regenerated.[0m
[rtabmap-2] rtabmap: Saving database/long-term memory... (located at /home/fujino/.ros/rtabmap_ur5e_20260119_230652.db)
[rtabmap-2] rtabmap: Saving database/long-term memory...done! (located at /home/fujino/.ros/rtabmap_ur5e_20260119_230652.db, 108 MB)
[INFO] [rtabmap-2]: process has finished cleanly [pid 1051207]
