[INFO] [launch]: All log files can be found below /home/fujino/.ros/log/2026-01-18-23-09-38-208446-fh-722793
[INFO] [launch]: Default logging verbosity is set to INFO
[INFO] [rgbd_sync-1]: process started with pid [722799]
[INFO] [rtabmap-2]: process started with pid [722801]
[rtabmap-2] [INFO] [1768745378.507079374] [rtabmap]: rtabmap(maps): latch                      = true
[rtabmap-2] [INFO] [1768745378.507369402] [rtabmap]: rtabmap(maps): map_filter_radius          = 0.000000
[rtabmap-2] [INFO] [1768745378.507398879] [rtabmap]: rtabmap(maps): map_filter_angle           = 30.000000
[rtabmap-2] [INFO] [1768745378.507413834] [rtabmap]: rtabmap(maps): map_cleanup                = true
[rtabmap-2] [INFO] [1768745378.507425034] [rtabmap]: rtabmap(maps): map_always_update          = false
[rtabmap-2] [INFO] [1768745378.507435682] [rtabmap]: rtabmap(maps): map_empty_ray_tracing      = true
[rtabmap-2] [INFO] [1768745378.507446042] [rtabmap]: rtabmap(maps): cloud_output_voxelized     = true
[rtabmap-2] [INFO] [1768745378.507456150] [rtabmap]: rtabmap(maps): cloud_subtract_filtering   = false
[rtabmap-2] [INFO] [1768745378.507466194] [rtabmap]: rtabmap(maps): cloud_subtract_filtering_min_neighbors = 2
[rtabmap-2] [INFO] [1768745378.507512940] [rtabmap]: rtabmap(maps): octomap_tree_depth         = 16
[rtabmap-2] [INFO] [1768745378.534204057] [rtabmap]: rtabmap: frame_id      = camera_color_optical_frame
[rtabmap-2] [INFO] [1768745378.534628715] [rtabmap]: rtabmap: odom_frame_id = world
[rtabmap-2] [INFO] [1768745378.534639587] [rtabmap]: rtabmap: map_frame_id  = world
[rtabmap-2] [INFO] [1768745378.534644024] [rtabmap]: rtabmap: log_to_rosout_level  = 4
[rtabmap-2] [INFO] [1768745378.534648412] [rtabmap]: rtabmap: initial_pose  = 
[rtabmap-2] [INFO] [1768745378.534652097] [rtabmap]: rtabmap: use_action_for_goal  = false
[rtabmap-2] [INFO] [1768745378.534655844] [rtabmap]: rtabmap: tf_delay      = 0.050000
[rtabmap-2] [INFO] [1768745378.534664023] [rtabmap]: rtabmap: tf_tolerance  = 0.100000
[rtabmap-2] [INFO] [1768745378.534668163] [rtabmap]: rtabmap: odom_sensor_sync   = false
[rtabmap-2] [INFO] [1768745378.534671693] [rtabmap]: rtabmap: pub_loc_pose_only_when_localizing = false
[rtabmap-2] [INFO] [1768745378.534675181] [rtabmap]: rtabmap: wait_for_transform = 0.200000
[rtabmap-2] [INFO] [1768745378.534679244] [rtabmap]: rtabmap: gen_scan  = false
[rtabmap-2] [INFO] [1768745378.534682964] [rtabmap]: rtabmap: gen_depth  = false
[rtabmap-2] [INFO] [1768745378.555319166] [rtabmap]: Setting RTAB-Map parameter "Grid/3D"="true" (rosparam)
[rtabmap-2] [INFO] [1768745378.555959309] [rtabmap]: Setting RTAB-Map parameter "Grid/RangeMax"="5.0" (rosparam)
[rtabmap-2] [INFO] [1768745378.556041850] [rtabmap]: Setting RTAB-Map parameter "Grid/RayTracing"="true" (rosparam)
[rtabmap-2] [INFO] [1768745378.556145194] [rtabmap]: Setting RTAB-Map parameter "Grid/Sensor"="1" (rosparam)
[rtabmap-2] [INFO] [1768745378.560296162] [rtabmap]: Setting RTAB-Map parameter "RGBD/CreateOccupancyGrid"="true" (rosparam)
[rtabmap-2] [INFO] [1768745378.561965384] [rtabmap]: Setting RTAB-Map parameter "Rtabmap/DetectionRate"="2.0" (rosparam)
[rgbd_sync-1] [INFO] [1768745378.684498914] [rgbd_sync]: rgbd_sync: approx_sync = true
[rgbd_sync-1] [INFO] [1768745378.684812585] [rgbd_sync]: rgbd_sync: approx_sync_max_interval = 0.010000
[rgbd_sync-1] [INFO] [1768745378.684844892] [rgbd_sync]: rgbd_sync: topic_queue_size  = 10
[rgbd_sync-1] [INFO] [1768745378.684858467] [rgbd_sync]: rgbd_sync: sync_queue_size  = 30
[rgbd_sync-1] [INFO] [1768745378.684870308] [rgbd_sync]: rgbd_sync: qos             = 2
[rgbd_sync-1] [INFO] [1768745378.684881566] [rgbd_sync]: rgbd_sync: qos_camera_info = 2
[rgbd_sync-1] [INFO] [1768745378.684892364] [rgbd_sync]: rgbd_sync: depth_scale = 1.000000
[rgbd_sync-1] [INFO] [1768745378.684905247] [rgbd_sync]: rgbd_sync: decimation = 1
[rgbd_sync-1] [INFO] [1768745378.684916344] [rgbd_sync]: rgbd_sync: compressed_rate = 0.000000
[rtabmap-2] [INFO] [1768745378.710932436] [rtabmap]: RTAB-Map detection rate = 2.000000 Hz
[rtabmap-2] [INFO] [1768745378.711053017] [rtabmap]: rtabmap: Using database from "/home/fujino/.ros/rtabmap_ur5e_20260118_230937.db" (0 MB).
[rgbd_sync-1] [INFO] [1768745378.716746443] [rgbd_sync]: 
[rgbd_sync-1] rgbd_sync subscribed to (approx sync, max interval=0.010000s):
[rgbd_sync-1]    /camera/color/image_raw,
[rgbd_sync-1]    /camera/depth/depth/image_raw,
[rgbd_sync-1]    /camera/color/camera_info
[rtabmap-2] [INFO] [1768745378.748010233] [rtabmap]: rtabmap: Database version = "0.22.1".
[rtabmap-2] [INFO] [1768745378.748067587] [rtabmap]: rtabmap: SLAM mode (Mem/IncrementalMemory=true)
[rtabmap-2] [INFO] [1768745378.786464077] [rtabmap]: Setup callbacks
[rtabmap-2] [WARN] [1768745378.786534971] [rtabmap]: rtabmap: Parameters subscribe_depth and subscribe_rgbd cannot be true at the same time. Parameter subscribe_depth is set to false.
[rtabmap-2] [INFO] [1768745378.786656647] [rtabmap]: rtabmap: subscribe_depth = false
[rtabmap-2] [INFO] [1768745378.786679641] [rtabmap]: rtabmap: subscribe_rgb = false
[rtabmap-2] [INFO] [1768745378.786692360] [rtabmap]: rtabmap: subscribe_stereo = false
[rtabmap-2] [INFO] [1768745378.786704015] [rtabmap]: rtabmap: subscribe_rgbd = true (rgbd_cameras=1)
[rtabmap-2] [INFO] [1768745378.786716213] [rtabmap]: rtabmap: subscribe_sensor_data = false
[rtabmap-2] [INFO] [1768745378.786727185] [rtabmap]: rtabmap: subscribe_odom_info = false
[rtabmap-2] [INFO] [1768745378.786737743] [rtabmap]: rtabmap: subscribe_user_data = false
[rtabmap-2] [INFO] [1768745378.786748015] [rtabmap]: rtabmap: subscribe_scan = false
[rtabmap-2] [INFO] [1768745378.786758378] [rtabmap]: rtabmap: subscribe_scan_cloud = false
[rtabmap-2] [INFO] [1768745378.786768635] [rtabmap]: rtabmap: subscribe_scan_descriptor = false
[rtabmap-2] [INFO] [1768745378.786779172] [rtabmap]: rtabmap: topic_queue_size = 10
[rtabmap-2] [INFO] [1768745378.786790138] [rtabmap]: rtabmap: sync_queue_size  = 30
[rtabmap-2] [INFO] [1768745378.786800853] [rtabmap]: rtabmap: qos_image       = 2
[rtabmap-2] [INFO] [1768745378.786852978] [rtabmap]: rtabmap: qos_camera_info = 2
[rtabmap-2] [INFO] [1768745378.786869176] [rtabmap]: rtabmap: qos_scan        = 2
[rtabmap-2] [INFO] [1768745378.786880136] [rtabmap]: rtabmap: qos_odom        = 2
[rtabmap-2] [INFO] [1768745378.786890468] [rtabmap]: rtabmap: qos_user_data   = 2
[rtabmap-2] [INFO] [1768745378.786900719] [rtabmap]: rtabmap: approx_sync     = true
[rtabmap-2] [INFO] [1768745378.786921798] [rtabmap]: Setup rgbd callback
[rtabmap-2] [INFO] [1768745378.788286543] [rtabmap]: 
[rtabmap-2] rtabmap subscribed to:
[rtabmap-2]    /rgbd_image
[rtabmap-2] [INFO] [1768745379.306505771] [rtabmap]: rtabmap (1): Rate=0.50s, Limit=0.000s, Conversion=0.0031s, RTAB-Map=0.3061s, Maps update=0.0079s pub=0.0005s delay=0.2980s (local map=1, WM=1)
[rtabmap-2] [INFO] [1768745379.976004560] [rtabmap]: rtabmap (2): Rate=0.50s, Limit=0.000s, Conversion=0.0026s, RTAB-Map=0.4085s, Maps update=0.0036s pub=0.0000s delay=0.4130s (local map=1, WM=1)
[rtabmap-2] [INFO] [1768745380.403892011] [rtabmap]: rtabmap (3): Rate=0.50s, Limit=0.000s, Conversion=0.0012s, RTAB-Map=0.3021s, Maps update=0.0065s pub=0.0000s delay=0.2950s (local map=1, WM=1)
[rtabmap-2] [INFO] [1768745380.865676092] [rtabmap]: rtabmap (4): Rate=0.50s, Limit=0.000s, Conversion=0.0012s, RTAB-Map=0.2582s, Maps update=0.0091s pub=0.0000s delay=0.2940s (local map=1, WM=1)
[rtabmap-2] [INFO] [1768745381.434011555] [rtabmap]: rtabmap (5): Rate=0.50s, Limit=0.000s, Conversion=0.0018s, RTAB-Map=0.2962s, Maps update=0.0098s pub=0.0000s delay=0.2550s (local map=1, WM=1)
[rtabmap-2] [INFO] [1768745382.432533218] [rtabmap]: rtabmap (6): Rate=0.50s, Limit=0.000s, Conversion=0.0143s, RTAB-Map=0.4952s, Maps update=0.0091s pub=0.0000s delay=0.7030s (local map=1, WM=1)
[rtabmap-2] [INFO] [1768745382.922934992] [rtabmap]: rtabmap (7): Rate=0.50s, Limit=0.000s, Conversion=0.0005s, RTAB-Map=0.3973s, Maps update=0.0069s pub=0.0000s delay=0.3590s (local map=1, WM=1)
[rtabmap-2] [INFO] [1768745383.424908835] [rtabmap]: rtabmap (8): Rate=0.50s, Limit=0.000s, Conversion=0.0005s, RTAB-Map=0.3934s, Maps update=0.0096s pub=0.0000s delay=0.3550s (local map=1, WM=1)
[rtabmap-2] [INFO] [1768745384.101111156] [rtabmap]: rtabmap (9): Rate=0.50s, Limit=0.000s, Conversion=0.0007s, RTAB-Map=0.5292s, Maps update=0.0102s pub=0.0000s delay=0.5240s (local map=1, WM=1)
[rtabmap-2] [INFO] [1768745384.616296004] [rtabmap]: rtabmap (10): Rate=0.50s, Limit=0.000s, Conversion=0.0009s, RTAB-Map=0.5052s, Maps update=0.0084s pub=0.0000s delay=0.4960s (local map=1, WM=1)
[rtabmap-2] [INFO] [1768745385.138635732] [rtabmap]: rtabmap (11): Rate=0.50s, Limit=0.000s, Conversion=0.0007s, RTAB-Map=0.4984s, Maps update=0.0110s pub=0.0000s delay=0.5740s (local map=1, WM=1)
[rtabmap-2] [INFO] [1768745385.678300890] [rtabmap]: rtabmap (12): Rate=0.50s, Limit=0.000s, Conversion=0.0007s, RTAB-Map=0.5177s, Maps update=0.0060s pub=0.0000s delay=0.5420s (local map=1, WM=1)
[rtabmap-2] [INFO] [1768745386.181776861] [rtabmap]: rtabmap (13): Rate=0.50s, Limit=0.000s, Conversion=0.0008s, RTAB-Map=0.3906s, Maps update=0.0092s pub=0.0000s delay=0.4140s (local map=1, WM=1)
[rtabmap-2] [INFO] [1768745386.691468099] [rtabmap]: rtabmap (14): Rate=0.50s, Limit=0.000s, Conversion=0.0011s, RTAB-Map=0.3645s, Maps update=0.0088s pub=0.0000s delay=0.3760s (local map=1, WM=1)
[rtabmap-2] [INFO] [1768745387.350736262] [rtabmap]: rtabmap (15): Rate=0.50s, Limit=0.000s, Conversion=0.0005s, RTAB-Map=0.3884s, Maps update=0.0089s pub=0.0001s delay=0.4460s (local map=1, WM=1)
[rtabmap-2] [INFO] [1768745387.870246013] [rtabmap]: rtabmap (16): Rate=0.50s, Limit=0.000s, Conversion=0.0006s, RTAB-Map=0.3415s, Maps update=0.0051s pub=0.0000s delay=0.3710s (local map=1, WM=1)
[rtabmap-2] [INFO] [1768745388.371959614] [rtabmap]: rtabmap (17): Rate=0.50s, Limit=0.000s, Conversion=0.0007s, RTAB-Map=0.3281s, Maps update=0.0041s pub=0.0000s delay=0.3550s (local map=1, WM=1)
[rtabmap-2] [INFO] [1768745388.954332015] [rtabmap]: rtabmap (18): Rate=0.50s, Limit=0.000s, Conversion=0.0008s, RTAB-Map=0.3038s, Maps update=0.0069s pub=0.0000s delay=0.3510s (local map=1, WM=1)
[rtabmap-2] [INFO] [1768745389.547508038] [rtabmap]: rtabmap (19): Rate=0.50s, Limit=0.000s, Conversion=0.0005s, RTAB-Map=0.3450s, Maps update=0.0052s pub=0.0000s delay=0.3990s (local map=1, WM=1)
[rtabmap-2] [INFO] [1768745390.065568330] [rtabmap]: rtabmap (20): Rate=0.50s, Limit=0.000s, Conversion=0.0005s, RTAB-Map=0.3471s, Maps update=0.0051s pub=0.0003s delay=0.3820s (local map=2, WM=2)
[rtabmap-2] [INFO] [1768745390.596071945] [rtabmap]: rtabmap (21): Rate=0.50s, Limit=0.000s, Conversion=0.0006s, RTAB-Map=0.3372s, Maps update=0.0091s pub=0.0000s delay=0.3350s (local map=2, WM=2)
[rtabmap-2] [INFO] [1768745391.162006304] [rtabmap]: rtabmap (22): Rate=0.50s, Limit=0.000s, Conversion=0.0009s, RTAB-Map=0.3195s, Maps update=0.0045s pub=0.0000s delay=0.3570s (local map=2, WM=2)
[rtabmap-2] [INFO] [1768745391.671071496] [rtabmap]: rtabmap (23): Rate=0.50s, Limit=0.000s, Conversion=0.0005s, RTAB-Map=0.3049s, Maps update=0.0063s pub=0.0003s delay=0.3320s (local map=3, WM=3)
[rtabmap-2] [INFO] [1768745392.292365041] [rtabmap]: rtabmap (24): Rate=0.50s, Limit=0.000s, Conversion=0.0005s, RTAB-Map=0.3862s, Maps update=0.0051s pub=0.0000s delay=0.4000s (local map=3, WM=3)
[rtabmap-2] [INFO] [1768745392.799708019] [rtabmap]: rtabmap (25): Rate=0.50s, Limit=0.000s, Conversion=0.0005s, RTAB-Map=0.3654s, Maps update=0.0047s pub=0.0001s delay=0.3640s (local map=3, WM=3)
[rtabmap-2] [INFO] [1768745393.329231689] [rtabmap]: rtabmap (26): Rate=0.50s, Limit=0.000s, Conversion=0.0007s, RTAB-Map=0.3285s, Maps update=0.0038s pub=0.0004s delay=0.3090s (local map=4, WM=4)
[rtabmap-2] [INFO] [1768745393.859614295] [rtabmap]: rtabmap (27): Rate=0.50s, Limit=0.000s, Conversion=0.0006s, RTAB-Map=0.3381s, Maps update=0.0033s pub=0.0000s delay=0.3870s (local map=4, WM=4)
[rtabmap-2] [INFO] [1768745394.528924163] [rtabmap]: rtabmap (28): Rate=0.50s, Limit=0.000s, Conversion=0.0007s, RTAB-Map=0.4101s, Maps update=0.0049s pub=0.0000s delay=0.3860s (local map=4, WM=4)
[rtabmap-2] [INFO] [1768745395.051800986] [rtabmap]: rtabmap (29): Rate=0.50s, Limit=0.000s, Conversion=0.0004s, RTAB-Map=0.3740s, Maps update=0.0055s pub=0.0003s delay=0.3360s (local map=5, WM=5)
[rtabmap-2] [INFO] [1768745395.557993941] [rtabmap]: rtabmap (30): Rate=0.50s, Limit=0.000s, Conversion=0.0006s, RTAB-Map=0.3405s, Maps update=0.0043s pub=0.0000s delay=0.3770s (local map=5, WM=5)
[rtabmap-2] [INFO] [1768745396.175386388] [rtabmap]: rtabmap (31): Rate=0.50s, Limit=0.000s, Conversion=0.0006s, RTAB-Map=0.4045s, Maps update=0.0040s pub=0.0000s delay=0.4450s (local map=5, WM=5)
[rtabmap-2] [INFO] [1768745396.697459673] [rtabmap]: rtabmap (32): Rate=0.50s, Limit=0.000s, Conversion=0.0008s, RTAB-Map=0.4169s, Maps update=0.0046s pub=0.0007s delay=0.4360s (local map=6, WM=6)
[rtabmap-2] [INFO] [1768745397.132904441] [rtabmap]: rtabmap (33): Rate=0.50s, Limit=0.000s, Conversion=0.0016s, RTAB-Map=0.3437s, Maps update=0.0038s pub=0.0000s delay=0.3260s (local map=6, WM=6)
[rtabmap-2] [INFO] [1768745397.732120872] [rtabmap]: rtabmap (34): Rate=0.50s, Limit=0.000s, Conversion=0.0006s, RTAB-Map=0.3842s, Maps update=0.0020s pub=0.0000s delay=0.3730s (local map=6, WM=6)
[rtabmap-2] [INFO] [1768745398.206296612] [rtabmap]: rtabmap (35): Rate=0.50s, Limit=0.000s, Conversion=0.0004s, RTAB-Map=0.3656s, Maps update=0.0031s pub=0.0004s delay=0.3640s (local map=7, WM=7)
[rtabmap-2] [INFO] [1768745398.855063238] [rtabmap]: rtabmap (36): Rate=0.50s, Limit=0.000s, Conversion=0.0005s, RTAB-Map=0.4621s, Maps update=0.0037s pub=0.0000s delay=0.4040s (local map=7, WM=7)
[rtabmap-2] [INFO] [1768745399.309221711] [rtabmap]: rtabmap (37): Rate=0.50s, Limit=0.000s, Conversion=0.0006s, RTAB-Map=0.3513s, Maps update=0.0036s pub=0.0000s delay=0.3550s (local map=7, WM=7)
[rtabmap-2] [INFO] [1768745399.914081244] [rtabmap]: rtabmap (38): Rate=0.50s, Limit=0.000s, Conversion=0.0007s, RTAB-Map=0.4043s, Maps update=0.0041s pub=0.0005s delay=0.4070s (local map=8, WM=8)
[rtabmap-2] [INFO] [1768745400.452605147] [rtabmap]: rtabmap (39): Rate=0.50s, Limit=0.000s, Conversion=0.0005s, RTAB-Map=0.3289s, Maps update=0.0055s pub=0.0001s delay=0.2890s (local map=8, WM=8)
[rtabmap-2] [INFO] [1768745401.073075067] [rtabmap]: rtabmap (40): Rate=0.50s, Limit=0.000s, Conversion=0.0010s, RTAB-Map=0.3760s, Maps update=0.0047s pub=0.0006s delay=0.3050s (local map=9, WM=9)
[rtabmap-2] [INFO] [1768745401.601059320] [rtabmap]: rtabmap (41): Rate=0.50s, Limit=0.000s, Conversion=0.0006s, RTAB-Map=0.3690s, Maps update=0.0049s pub=0.0000s delay=0.3770s (local map=9, WM=9)
[rtabmap-2] [INFO] [1768745402.163225005] [rtabmap]: rtabmap (42): Rate=0.50s, Limit=0.000s, Conversion=0.0007s, RTAB-Map=0.3647s, Maps update=0.0054s pub=0.0005s delay=0.3220s (local map=10, WM=10)
[rtabmap-2] [INFO] [1768745402.753091830] [rtabmap]: rtabmap (43): Rate=0.50s, Limit=0.000s, Conversion=0.0004s, RTAB-Map=0.3869s, Maps update=0.0056s pub=0.0005s delay=0.3610s (local map=11, WM=11)
[rtabmap-2] [INFO] [1768745403.185029789] [rtabmap]: rtabmap (44): Rate=0.50s, Limit=0.000s, Conversion=0.0038s, RTAB-Map=0.3086s, Maps update=0.0069s pub=0.0000s delay=0.3440s (local map=11, WM=11)
[rtabmap-2] [INFO] [1768745404.027083805] [rtabmap]: rtabmap (45): Rate=0.50s, Limit=0.000s, Conversion=0.0009s, RTAB-Map=0.4316s, Maps update=0.0059s pub=0.0007s delay=0.4240s (local map=12, WM=12)
[rtabmap-2] [INFO] [1768745404.436667066] [rtabmap]: rtabmap (46): Rate=0.50s, Limit=0.000s, Conversion=0.0007s, RTAB-Map=0.3340s, Maps update=0.0046s pub=0.0000s delay=0.3150s (local map=12, WM=12)
[rtabmap-2] [INFO] [1768745405.080012975] [rtabmap]: rtabmap (47): Rate=0.50s, Limit=0.000s, Conversion=0.0006s, RTAB-Map=0.4011s, Maps update=0.0032s pub=0.0006s delay=0.4320s (local map=13, WM=13)
[rtabmap-2] [INFO] [1768745405.656417625] [rtabmap]: rtabmap (48): Rate=0.50s, Limit=0.000s, Conversion=0.0008s, RTAB-Map=0.4180s, Maps update=0.0069s pub=0.0000s delay=0.3830s (local map=13, WM=13)
[rtabmap-2] [INFO] [1768745406.127709205] [rtabmap]: rtabmap (49): Rate=0.50s, Limit=0.000s, Conversion=0.0014s, RTAB-Map=0.3433s, Maps update=0.0052s pub=0.0008s delay=0.3430s (local map=14, WM=14)
[rtabmap-2] [INFO] [1768745407.005356973] [rtabmap]: rtabmap (50): Rate=0.50s, Limit=0.000s, Conversion=0.0004s, RTAB-Map=0.4236s, Maps update=0.0047s pub=0.0007s delay=0.4320s (local map=15, WM=15)
[rtabmap-2] [INFO] [1768745407.508782930] [rtabmap]: rtabmap (51): Rate=0.50s, Limit=0.000s, Conversion=0.0007s, RTAB-Map=0.3727s, Maps update=0.0034s pub=0.0000s delay=0.3890s (local map=15, WM=15)
[rtabmap-2] [INFO] [1768745408.144306662] [rtabmap]: rtabmap (52): Rate=0.50s, Limit=0.000s, Conversion=0.0007s, RTAB-Map=0.4143s, Maps update=0.0029s pub=0.0009s delay=0.4050s (local map=16, WM=16)
[rtabmap-2] [INFO] [1768745408.673646227] [rtabmap]: rtabmap (53): Rate=0.50s, Limit=0.000s, Conversion=0.0005s, RTAB-Map=0.4396s, Maps update=0.0041s pub=0.0000s delay=0.4030s (local map=16, WM=16)
[rtabmap-2] [INFO] [1768745409.175788994] [rtabmap]: rtabmap (54): Rate=0.50s, Limit=0.000s, Conversion=0.0006s, RTAB-Map=0.4107s, Maps update=0.0036s pub=0.0000s delay=0.3600s (local map=16, WM=16)
[rtabmap-2] [INFO] [1768745409.726371653] [rtabmap]: rtabmap (55): Rate=0.50s, Limit=0.000s, Conversion=0.0014s, RTAB-Map=0.3365s, Maps update=0.0027s pub=0.0000s delay=0.3370s (local map=16, WM=16)
[rtabmap-2] [INFO] [1768745410.354838463] [rtabmap]: rtabmap (56): Rate=0.50s, Limit=0.000s, Conversion=0.0007s, RTAB-Map=0.4485s, Maps update=0.0051s pub=0.0000s delay=0.4270s (local map=16, WM=16)
[rtabmap-2] [INFO] [1768745410.878997119] [rtabmap]: rtabmap (57): Rate=0.50s, Limit=0.000s, Conversion=0.0009s, RTAB-Map=0.3262s, Maps update=0.0050s pub=0.0000s delay=0.2970s (local map=16, WM=16)
[rtabmap-2] [INFO] [1768745411.391058321] [rtabmap]: rtabmap (58): Rate=0.50s, Limit=0.000s, Conversion=0.0006s, RTAB-Map=0.3164s, Maps update=0.0058s pub=0.0005s delay=0.3820s (local map=17, WM=17)
[rtabmap-2] [INFO] [1768745412.050980973] [rtabmap]: rtabmap (59): Rate=0.50s, Limit=0.000s, Conversion=0.0009s, RTAB-Map=0.4255s, Maps update=0.0402s pub=0.0000s delay=0.4610s (local map=17, WM=17)
[rtabmap-2] [INFO] [1768745412.520950220] [rtabmap]: rtabmap (60): Rate=0.50s, Limit=0.000s, Conversion=0.0006s, RTAB-Map=0.4113s, Maps update=0.0056s pub=0.0000s delay=0.4440s (local map=17, WM=17)
[rtabmap-2] [INFO] [1768745413.035797462] [rtabmap]: rtabmap (61): Rate=0.50s, Limit=0.000s, Conversion=0.0007s, RTAB-Map=0.4223s, Maps update=0.0046s pub=0.0008s delay=0.4190s (local map=18, WM=18)
[rtabmap-2] [INFO] [1768745413.508932674] [rtabmap]: rtabmap (62): Rate=0.50s, Limit=0.000s, Conversion=0.0007s, RTAB-Map=0.3556s, Maps update=0.0032s pub=0.0000s delay=0.3930s (local map=18, WM=18)
[rtabmap-2] [INFO] [1768745414.157520558] [rtabmap]: rtabmap (63): Rate=0.50s, Limit=0.000s, Conversion=0.0007s, RTAB-Map=0.4768s, Maps update=0.0050s pub=0.0001s delay=0.4670s (local map=18, WM=18)
[rtabmap-2] [INFO] [1768745414.834164659] [rtabmap]: rtabmap (64): Rate=0.50s, Limit=0.000s, Conversion=0.0011s, RTAB-Map=0.5871s, Maps update=0.0071s pub=0.0006s delay=0.6080s (local map=19, WM=19)
[rtabmap-2] [INFO] [1768745415.369892788] [rtabmap]: rtabmap (65): Rate=0.50s, Limit=0.000s, Conversion=0.0007s, RTAB-Map=0.4664s, Maps update=0.0085s pub=0.0000s delay=0.4420s (local map=19, WM=19)
[rtabmap-2] [INFO] [1768745416.196506678] [rtabmap]: rtabmap (66): Rate=0.50s, Limit=0.000s, Conversion=0.0006s, RTAB-Map=0.5193s, Maps update=0.0047s pub=0.0010s delay=0.4870s (local map=20, WM=20)
[rtabmap-2] [INFO] [1768745416.666976922] [rtabmap]: rtabmap (67): Rate=0.50s, Limit=0.000s, Conversion=0.0005s, RTAB-Map=0.3796s, Maps update=0.0041s pub=0.0018s delay=0.3730s (local map=21, WM=21)
[rtabmap-2] [INFO] [1768745417.312839211] [rtabmap]: rtabmap (68): Rate=0.50s, Limit=0.000s, Conversion=0.0006s, RTAB-Map=0.3304s, Maps update=0.0052s pub=0.0000s delay=0.3880s (local map=21, WM=21)
[rtabmap-2] [INFO] [1768745417.865416571] [rtabmap]: rtabmap (69): Rate=0.50s, Limit=0.000s, Conversion=0.0008s, RTAB-Map=0.3674s, Maps update=0.0029s pub=0.0000s delay=0.3590s (local map=21, WM=21)
[rtabmap-2] [INFO] [1768745418.431335898] [rtabmap]: rtabmap (70): Rate=0.50s, Limit=0.000s, Conversion=0.0006s, RTAB-Map=0.3717s, Maps update=0.0032s pub=0.0011s delay=0.4140s (local map=22, WM=22)
[rtabmap-2] [INFO] [1768745419.016505999] [rtabmap]: rtabmap (71): Rate=0.50s, Limit=0.000s, Conversion=0.0004s, RTAB-Map=0.4265s, Maps update=0.0065s pub=0.0012s delay=0.3860s (local map=22, WM=22)
[rtabmap-2] [INFO] [1768745419.546856751] [rtabmap]: rtabmap (72): Rate=0.50s, Limit=0.000s, Conversion=0.0005s, RTAB-Map=0.3709s, Maps update=0.0053s pub=0.0000s delay=0.3990s (local map=22, WM=22)
[rtabmap-2] [INFO] [1768745420.201674441] [rtabmap]: rtabmap (73): Rate=0.50s, Limit=0.000s, Conversion=0.0005s, RTAB-Map=0.4897s, Maps update=0.0035s pub=0.0000s delay=0.4630s (local map=22, WM=22)
[rtabmap-2] [INFO] [1768745420.641252420] [rtabmap]: rtabmap (74): Rate=0.50s, Limit=0.000s, Conversion=0.0004s, RTAB-Map=0.3962s, Maps update=0.0056s pub=0.0001s delay=0.4200s (local map=22, WM=22)
[rtabmap-2] [INFO] [1768745421.094347549] [rtabmap]: rtabmap (75): Rate=0.50s, Limit=0.000s, Conversion=0.0006s, RTAB-Map=0.3401s, Maps update=0.0052s pub=0.0000s delay=0.3170s (local map=22, WM=22)
[rtabmap-2] [INFO] [1768745421.701138347] [rtabmap]: rtabmap (76): Rate=0.50s, Limit=0.000s, Conversion=0.0005s, RTAB-Map=0.3549s, Maps update=0.0037s pub=0.0000s delay=0.3090s (local map=22, WM=22)
[rtabmap-2] [INFO] [1768745422.241950034] [rtabmap]: rtabmap (77): Rate=0.50s, Limit=0.000s, Conversion=0.0005s, RTAB-Map=0.3261s, Maps update=0.0032s pub=0.0000s delay=0.3640s (local map=22, WM=22)
[rtabmap-2] [INFO] [1768745422.737451647] [rtabmap]: rtabmap (78): Rate=0.50s, Limit=0.000s, Conversion=0.0005s, RTAB-Map=0.3165s, Maps update=0.0050s pub=0.0000s delay=0.3580s (local map=22, WM=22)
[rtabmap-2] [INFO] [1768745423.235383029] [rtabmap]: rtabmap (79): Rate=0.50s, Limit=0.000s, Conversion=0.0005s, RTAB-Map=0.3035s, Maps update=0.0061s pub=0.0001s delay=0.3480s (local map=22, WM=22)
[rtabmap-2] [INFO] [1768745423.800514504] [rtabmap]: rtabmap (80): Rate=0.50s, Limit=0.000s, Conversion=0.0005s, RTAB-Map=0.3089s, Maps update=0.0020s pub=0.0000s delay=0.2670s (local map=22, WM=22)
[rtabmap-2] [INFO] [1768745424.575059082] [rtabmap]: rtabmap (81): Rate=0.50s, Limit=0.000s, Conversion=0.0010s, RTAB-Map=0.3197s, Maps update=0.0057s pub=0.0000s delay=0.3210s (local map=22, WM=22)
[rtabmap-2] [INFO] [1768745425.171588720] [rtabmap]: rtabmap (82): Rate=0.50s, Limit=0.000s, Conversion=0.0006s, RTAB-Map=0.4195s, Maps update=0.0067s pub=0.0000s delay=0.4120s (local map=22, WM=22)
[rtabmap-2] [INFO] [1768745425.788168215] [rtabmap]: rtabmap (83): Rate=0.50s, Limit=0.000s, Conversion=0.0009s, RTAB-Map=0.4954s, Maps update=0.0052s pub=0.0000s delay=0.4930s (local map=22, WM=22)
[rtabmap-2] [INFO] [1768745426.250923491] [rtabmap]: rtabmap (84): Rate=0.50s, Limit=0.000s, Conversion=0.0011s, RTAB-Map=0.4455s, Maps update=0.0065s pub=0.0000s delay=0.4850s (local map=22, WM=22)
[rtabmap-2] [INFO] [1768745426.868605580] [rtabmap]: rtabmap (85): Rate=0.50s, Limit=0.000s, Conversion=0.0008s, RTAB-Map=0.5261s, Maps update=0.0070s pub=0.0001s delay=0.5240s (local map=22, WM=22)
[rtabmap-2] [INFO] [1768745427.431162392] [rtabmap]: rtabmap (86): Rate=0.50s, Limit=0.000s, Conversion=0.0008s, RTAB-Map=0.5246s, Maps update=0.0073s pub=0.0000s delay=0.4680s (local map=22, WM=22)
[rtabmap-2] [INFO] [1768745428.049481052] [rtabmap]: rtabmap (87): Rate=0.50s, Limit=0.000s, Conversion=0.0016s, RTAB-Map=0.4858s, Maps update=0.0057s pub=0.0000s delay=0.5440s (local map=22, WM=22)
[rtabmap-2] [INFO] [1768745428.770682363] [rtabmap]: rtabmap (88): Rate=0.50s, Limit=0.000s, Conversion=0.0009s, RTAB-Map=0.5081s, Maps update=0.0064s pub=0.0001s delay=0.5340s (local map=22, WM=22)
[rtabmap-2] [INFO] [1768745429.262314699] [rtabmap]: rtabmap (89): Rate=0.50s, Limit=0.000s, Conversion=0.0006s, RTAB-Map=0.4630s, Maps update=0.0053s pub=0.0000s delay=0.4960s (local map=22, WM=22)
[rtabmap-2] [INFO] [1768745429.677217472] [rtabmap]: rtabmap (90): Rate=0.50s, Limit=0.000s, Conversion=0.0005s, RTAB-Map=0.3276s, Maps update=0.0050s pub=0.0000s delay=0.3280s (local map=22, WM=22)
[rtabmap-2] [INFO] [1768745430.238264968] [rtabmap]: rtabmap (91): Rate=0.50s, Limit=0.000s, Conversion=0.0007s, RTAB-Map=0.3727s, Maps update=0.0047s pub=0.0000s delay=0.3050s (local map=22, WM=22)
[rtabmap-2] [INFO] [1768745430.795686853] [rtabmap]: rtabmap (92): Rate=0.50s, Limit=0.000s, Conversion=0.0010s, RTAB-Map=0.3814s, Maps update=0.0036s pub=0.0000s delay=0.3640s (local map=22, WM=22)
[rtabmap-2] [INFO] [1768745431.346616028] [rtabmap]: rtabmap (93): Rate=0.50s, Limit=0.000s, Conversion=0.0013s, RTAB-Map=0.3761s, Maps update=0.0061s pub=0.0000s delay=0.4160s (local map=22, WM=22)
[rtabmap-2] [INFO] [1768745431.906523120] [rtabmap]: rtabmap (94): Rate=0.50s, Limit=0.000s, Conversion=0.0006s, RTAB-Map=0.4067s, Maps update=0.0056s pub=0.0000s delay=0.3830s (local map=22, WM=22)
[rtabmap-2] [INFO] [1768745432.118519203] [rclcpp]: signal_handler(signum=2)
[rgbd_sync-1] [INFO] [1768745432.118519442] [rclcpp]: signal_handler(signum=2)
[INFO] [rgbd_sync-1]: process has finished cleanly [pid 722799]
[rtabmap-2] [INFO] [1768745432.474497266] [rtabmap]: rtabmap (95): Rate=0.50s, Limit=0.000s, Conversion=0.0005s, RTAB-Map=0.3803s, Maps update=0.0001s pub=0.0001s delay=-0.0010s (local map=22, WM=22)
[rtabmap-2] [INFO] [1768745432.476810557] [rtabmap]: Parameters are not saved (No configuration file provided...)
[rtabmap-2] [33m[ WARN] (2026-01-18 23:09:39.010) Memory.cpp:5917::createSignature() Mem/SaveDepth16Format is set to false to use 32bits format but this is not compatible with the compressed depth format chosen (Mem/DepthCompressionFormat=".rvl"), depth images will be compressed in ".png" format instead. Explicitly set Mem/SaveDepth16Format to true to keep using ".rvl" format and images will be converted to 16bits for convenience (warning: that would remove all depth values over 65 meters). Explicitly set Mem/DepthCompressionFormat=".png" to suppress this warning. This warning is only printed once.[0m
[rtabmap-2] [33m[ WARN] (2026-01-18 23:09:39.306) MapsManager.cpp:863::publishMaps() Graph has changed! The whole cloud is regenerated.[0m
[rtabmap-2] rtabmap: Saving database/long-term memory... (located at /home/fujino/.ros/rtabmap_ur5e_20260118_230937.db)
[rtabmap-2] rtabmap: Saving database/long-term memory...done! (located at /home/fujino/.ros/rtabmap_ur5e_20260118_230937.db, 144 MB)
[INFO] [rtabmap-2]: process has finished cleanly [pid 722801]
