[INFO] [launch]: All log files can be found below /home/fujino/.ros/log/2026-01-20-11-49-01-999417-fh-1231538
[INFO] [launch]: Default logging verbosity is set to INFO
[INFO] [rgbd_sync-1]: process started with pid [1231548]
[INFO] [rtabmap-2]: process started with pid [1231550]
[rgbd_sync-1] [INFO] [1768877342.391252547] [rgbd_sync]: rgbd_sync: approx_sync = true
[rgbd_sync-1] [INFO] [1768877342.391668429] [rgbd_sync]: rgbd_sync: approx_sync_max_interval = 0.010000
[rgbd_sync-1] [INFO] [1768877342.391711643] [rgbd_sync]: rgbd_sync: topic_queue_size  = 10
[rgbd_sync-1] [INFO] [1768877342.391729046] [rgbd_sync]: rgbd_sync: sync_queue_size  = 30
[rgbd_sync-1] [INFO] [1768877342.391743740] [rgbd_sync]: rgbd_sync: qos             = 2
[rgbd_sync-1] [INFO] [1768877342.391771515] [rgbd_sync]: rgbd_sync: qos_camera_info = 2
[rgbd_sync-1] [INFO] [1768877342.391786690] [rgbd_sync]: rgbd_sync: depth_scale = 1.000000
[rgbd_sync-1] [INFO] [1768877342.391804210] [rgbd_sync]: rgbd_sync: decimation = 1
[rgbd_sync-1] [INFO] [1768877342.391819266] [rgbd_sync]: rgbd_sync: compressed_rate = 0.000000
[rgbd_sync-1] [INFO] [1768877342.466736362] [rgbd_sync]: 
[rgbd_sync-1] rgbd_sync subscribed to (approx sync, max interval=0.010000s):
[rgbd_sync-1]    /camera/color/image_raw,
[rgbd_sync-1]    /camera/depth/depth/image_raw,
[rgbd_sync-1]    /camera/color/camera_info
[rtabmap-2] [INFO] [1768877342.582885071] [rtabmap]: rtabmap(maps): latch                      = true
[rtabmap-2] [INFO] [1768877342.585566361] [rtabmap]: rtabmap(maps): map_filter_radius          = 0.000000
[rtabmap-2] [INFO] [1768877342.585615923] [rtabmap]: rtabmap(maps): map_filter_angle           = 30.000000
[rtabmap-2] [INFO] [1768877342.585635325] [rtabmap]: rtabmap(maps): map_cleanup                = true
[rtabmap-2] [INFO] [1768877342.585649677] [rtabmap]: rtabmap(maps): map_always_update          = false
[rtabmap-2] [INFO] [1768877342.585663382] [rtabmap]: rtabmap(maps): map_empty_ray_tracing      = true
[rtabmap-2] [INFO] [1768877342.585676962] [rtabmap]: rtabmap(maps): cloud_output_voxelized     = true
[rtabmap-2] [INFO] [1768877342.585689789] [rtabmap]: rtabmap(maps): cloud_subtract_filtering   = false
[rtabmap-2] [INFO] [1768877342.585710390] [rtabmap]: rtabmap(maps): cloud_subtract_filtering_min_neighbors = 2
[rtabmap-2] [INFO] [1768877342.585846021] [rtabmap]: rtabmap(maps): octomap_tree_depth         = 16
[rtabmap-2] [INFO] [1768877342.661677765] [rtabmap]: rtabmap: frame_id      = camera_color_optical_frame
[rtabmap-2] [INFO] [1768877342.661730456] [rtabmap]: rtabmap: odom_frame_id = world
[rtabmap-2] [INFO] [1768877342.661739457] [rtabmap]: rtabmap: map_frame_id  = world
[rtabmap-2] [INFO] [1768877342.661746836] [rtabmap]: rtabmap: log_to_rosout_level  = 4
[rtabmap-2] [INFO] [1768877342.661754803] [rtabmap]: rtabmap: initial_pose  = 
[rtabmap-2] [INFO] [1768877342.661761984] [rtabmap]: rtabmap: use_action_for_goal  = false
[rtabmap-2] [INFO] [1768877342.661769117] [rtabmap]: rtabmap: tf_delay      = 0.050000
[rtabmap-2] [INFO] [1768877342.661782135] [rtabmap]: rtabmap: tf_tolerance  = 0.100000
[rtabmap-2] [INFO] [1768877342.661789912] [rtabmap]: rtabmap: odom_sensor_sync   = false
[rtabmap-2] [INFO] [1768877342.661795784] [rtabmap]: rtabmap: pub_loc_pose_only_when_localizing = false
[rtabmap-2] [INFO] [1768877342.661802257] [rtabmap]: rtabmap: wait_for_transform = 0.200000
[rtabmap-2] [INFO] [1768877342.661809513] [rtabmap]: rtabmap: gen_scan  = false
[rtabmap-2] [INFO] [1768877342.661816243] [rtabmap]: rtabmap: gen_depth  = false
[rtabmap-2] [INFO] [1768877342.693400619] [rtabmap]: Setting RTAB-Map parameter "Grid/3D"="true" (rosparam)
[rtabmap-2] [INFO] [1768877342.697832480] [rtabmap]: Setting RTAB-Map parameter "Grid/RangeMax"="5.0" (rosparam)
[rtabmap-2] [INFO] [1768877342.698054352] [rtabmap]: Setting RTAB-Map parameter "Grid/RayTracing"="true" (rosparam)
[rtabmap-2] [INFO] [1768877342.698476203] [rtabmap]: Setting RTAB-Map parameter "Grid/Sensor"="1" (rosparam)
[rtabmap-2] [INFO] [1768877342.717015268] [rtabmap]: Setting RTAB-Map parameter "RGBD/CreateOccupancyGrid"="true" (rosparam)
[rtabmap-2] [INFO] [1768877342.720951714] [rtabmap]: Setting RTAB-Map parameter "Rtabmap/DetectionRate"="2.0" (rosparam)
[rtabmap-2] [INFO] [1768877342.873703514] [rtabmap]: RTAB-Map detection rate = 2.000000 Hz
[rtabmap-2] [INFO] [1768877342.873885524] [rtabmap]: rtabmap: Using database from "/home/fujino/.ros/rtabmap_ur5e_20260120_114901.db" (0 MB).
[rtabmap-2] [INFO] [1768877342.910064460] [rtabmap]: rtabmap: Database version = "0.22.1".
[rtabmap-2] [INFO] [1768877342.910152930] [rtabmap]: rtabmap: SLAM mode (Mem/IncrementalMemory=true)
[rtabmap-2] [INFO] [1768877342.958623090] [rtabmap]: Setup callbacks
[rtabmap-2] [WARN] [1768877342.958717564] [rtabmap]: rtabmap: Parameters subscribe_depth and subscribe_rgbd cannot be true at the same time. Parameter subscribe_depth is set to false.
[rtabmap-2] [INFO] [1768877342.959589156] [rtabmap]: rtabmap: subscribe_depth = false
[rtabmap-2] [INFO] [1768877342.959648976] [rtabmap]: rtabmap: subscribe_rgb = false
[rtabmap-2] [INFO] [1768877342.959665679] [rtabmap]: rtabmap: subscribe_stereo = false
[rtabmap-2] [INFO] [1768877342.959680182] [rtabmap]: rtabmap: subscribe_rgbd = true (rgbd_cameras=1)
[rtabmap-2] [INFO] [1768877342.959695793] [rtabmap]: rtabmap: subscribe_sensor_data = false
[rtabmap-2] [INFO] [1768877342.959709348] [rtabmap]: rtabmap: subscribe_odom_info = false
[rtabmap-2] [INFO] [1768877342.959722383] [rtabmap]: rtabmap: subscribe_user_data = false
[rtabmap-2] [INFO] [1768877342.959735788] [rtabmap]: rtabmap: subscribe_scan = false
[rtabmap-2] [INFO] [1768877342.959748909] [rtabmap]: rtabmap: subscribe_scan_cloud = false
[rtabmap-2] [INFO] [1768877342.959762169] [rtabmap]: rtabmap: subscribe_scan_descriptor = false
[rtabmap-2] [INFO] [1768877342.959775722] [rtabmap]: rtabmap: topic_queue_size = 10
[rtabmap-2] [INFO] [1768877342.959789033] [rtabmap]: rtabmap: sync_queue_size  = 30
[rtabmap-2] [INFO] [1768877342.959802319] [rtabmap]: rtabmap: qos_image       = 2
[rtabmap-2] [INFO] [1768877342.959993790] [rtabmap]: rtabmap: qos_camera_info = 2
[rtabmap-2] [INFO] [1768877342.960027082] [rtabmap]: rtabmap: qos_scan        = 2
[rtabmap-2] [INFO] [1768877342.960042329] [rtabmap]: rtabmap: qos_odom        = 2
[rtabmap-2] [INFO] [1768877342.960055496] [rtabmap]: rtabmap: qos_user_data   = 2
[rtabmap-2] [INFO] [1768877342.960068270] [rtabmap]: rtabmap: approx_sync     = true
[rtabmap-2] [INFO] [1768877342.960108285] [rtabmap]: Setup rgbd callback
[rtabmap-2] [INFO] [1768877342.961884275] [rtabmap]: 
[rtabmap-2] rtabmap subscribed to:
[rtabmap-2]    /rgbd_image
[rtabmap-2] [INFO] [1768877343.960421036] [rtabmap]: rtabmap (1): Rate=0.50s, Limit=0.000s, Conversion=0.0040s, RTAB-Map=0.4381s, Maps update=0.0058s pub=0.0005s delay=0.4460s (local map=1, WM=1)
[rtabmap-2] [INFO] [1768877344.430778046] [rtabmap]: rtabmap (2): Rate=0.50s, Limit=0.000s, Conversion=0.0024s, RTAB-Map=0.4095s, Maps update=0.0069s pub=0.0000s delay=0.4360s (local map=1, WM=1)
[rtabmap-2] [INFO] [1768877345.034850239] [rtabmap]: rtabmap (3): Rate=0.50s, Limit=0.000s, Conversion=0.0020s, RTAB-Map=0.4583s, Maps update=0.0077s pub=0.0000s delay=0.4860s (local map=1, WM=1)
[rtabmap-2] [INFO] [1768877345.565543796] [rtabmap]: rtabmap (4): Rate=0.50s, Limit=0.000s, Conversion=0.0048s, RTAB-Map=0.4442s, Maps update=0.0091s pub=0.0000s delay=0.4580s (local map=1, WM=1)
[rtabmap-2] [INFO] [1768877346.018619959] [rtabmap]: rtabmap (5): Rate=0.50s, Limit=0.000s, Conversion=0.0008s, RTAB-Map=0.4202s, Maps update=0.0035s pub=0.0000s delay=0.4560s (local map=1, WM=1)
[rtabmap-2] [INFO] [1768877346.544400907] [rtabmap]: rtabmap (6): Rate=0.50s, Limit=0.000s, Conversion=0.0021s, RTAB-Map=0.4233s, Maps update=0.0055s pub=0.0000s delay=0.4560s (local map=1, WM=1)
[rtabmap-2] [INFO] [1768877347.005659015] [rtabmap]: rtabmap (7): Rate=0.50s, Limit=0.000s, Conversion=0.0030s, RTAB-Map=0.3831s, Maps update=0.0080s pub=0.0000s delay=0.3500s (local map=1, WM=1)
[rtabmap-2] [INFO] [1768877347.661932331] [rtabmap]: rtabmap (8): Rate=0.50s, Limit=0.000s, Conversion=0.0016s, RTAB-Map=0.5092s, Maps update=0.0085s pub=0.0000s delay=0.5070s (local map=1, WM=1)
[rtabmap-2] [INFO] [1768877348.040738858] [rtabmap]: rtabmap (9): Rate=0.50s, Limit=0.000s, Conversion=0.0007s, RTAB-Map=0.3097s, Maps update=0.0074s pub=0.0000s delay=0.3440s (local map=1, WM=1)
[rtabmap-2] [INFO] [1768877348.687748640] [rtabmap]: rtabmap (10): Rate=0.50s, Limit=0.000s, Conversion=0.0008s, RTAB-Map=0.4035s, Maps update=0.0083s pub=0.0000s delay=0.3980s (local map=1, WM=1)
[rtabmap-2] [INFO] [1768877349.183705273] [rtabmap]: rtabmap (11): Rate=0.50s, Limit=0.000s, Conversion=0.0004s, RTAB-Map=0.3834s, Maps update=0.0040s pub=0.0000s delay=0.3820s (local map=1, WM=1)
[rtabmap-2] [INFO] [1768877349.687593317] [rtabmap]: rtabmap (12): Rate=0.50s, Limit=0.000s, Conversion=0.0007s, RTAB-Map=0.3500s, Maps update=0.0078s pub=0.0000s delay=0.3390s (local map=1, WM=1)
[rtabmap-2] [INFO] [1768877350.214912653] [rtabmap]: rtabmap (13): Rate=0.50s, Limit=0.000s, Conversion=0.0020s, RTAB-Map=0.3200s, Maps update=0.0090s pub=0.0000s delay=0.2840s (local map=1, WM=1)
[rtabmap-2] [INFO] [1768877350.785379036] [rtabmap]: rtabmap (14): Rate=0.50s, Limit=0.000s, Conversion=0.0008s, RTAB-Map=0.3519s, Maps update=0.0076s pub=0.0000s delay=0.3340s (local map=1, WM=1)
[rtabmap-2] [INFO] [1768877351.328804090] [rtabmap]: rtabmap (15): Rate=0.50s, Limit=0.000s, Conversion=0.0028s, RTAB-Map=0.3611s, Maps update=0.0046s pub=0.0000s delay=0.4010s (local map=1, WM=1)
[rtabmap-2] [INFO] [1768877351.992442687] [rtabmap]: rtabmap (16): Rate=0.50s, Limit=0.000s, Conversion=0.0004s, RTAB-Map=0.3612s, Maps update=0.0039s pub=0.0000s delay=0.3320s (local map=1, WM=1)
[rtabmap-2] [INFO] [1768877352.561036302] [rtabmap]: rtabmap (17): Rate=0.50s, Limit=0.000s, Conversion=0.0007s, RTAB-Map=0.3673s, Maps update=0.0073s pub=0.0001s delay=0.3900s (local map=1, WM=1)
[rtabmap-2] [INFO] [1768877353.250591406] [rtabmap]: rtabmap (18): Rate=0.50s, Limit=0.000s, Conversion=0.0008s, RTAB-Map=0.4623s, Maps update=0.0069s pub=0.0003s delay=0.4900s (local map=2, WM=2)
[rtabmap-2] [INFO] [1768877353.716767052] [rtabmap]: rtabmap (19): Rate=0.50s, Limit=0.000s, Conversion=0.0005s, RTAB-Map=0.4117s, Maps update=0.0094s pub=0.0000s delay=0.3900s (local map=2, WM=2)
[rtabmap-2] [INFO] [1768877354.324550518] [rtabmap]: rtabmap (20): Rate=0.50s, Limit=0.000s, Conversion=0.0007s, RTAB-Map=0.3921s, Maps update=0.0046s pub=0.0000s delay=0.3350s (local map=2, WM=2)
[rtabmap-2] [INFO] [1768877354.836518402] [rtabmap]: rtabmap (21): Rate=0.50s, Limit=0.000s, Conversion=0.0004s, RTAB-Map=0.3725s, Maps update=0.0051s pub=0.0003s delay=0.4060s (local map=3, WM=3)
[rtabmap-2] [INFO] [1768877355.428279985] [rtabmap]: rtabmap (22): Rate=0.50s, Limit=0.000s, Conversion=0.0004s, RTAB-Map=0.3732s, Maps update=0.0037s pub=0.0000s delay=0.3390s (local map=3, WM=3)
[rtabmap-2] [INFO] [1768877355.993562402] [rtabmap]: rtabmap (23): Rate=0.50s, Limit=0.000s, Conversion=0.0007s, RTAB-Map=0.3386s, Maps update=0.0066s pub=0.0000s delay=0.3140s (local map=3, WM=3)
[rtabmap-2] [INFO] [1768877356.610058868] [rtabmap]: rtabmap (24): Rate=0.50s, Limit=0.000s, Conversion=0.0008s, RTAB-Map=0.3980s, Maps update=0.0058s pub=0.0003s delay=0.3760s (local map=4, WM=4)
[rtabmap-2] [INFO] [1768877357.150129506] [rtabmap]: rtabmap (25): Rate=0.50s, Limit=0.000s, Conversion=0.0007s, RTAB-Map=0.4331s, Maps update=0.0049s pub=0.0000s delay=0.4730s (local map=4, WM=4)
[rtabmap-2] [INFO] [1768877357.624195275] [rtabmap]: rtabmap (26): Rate=0.50s, Limit=0.000s, Conversion=0.0008s, RTAB-Map=0.3891s, Maps update=0.0036s pub=0.0000s delay=0.3610s (local map=4, WM=4)
[rtabmap-2] [INFO] [1768877358.306132326] [rtabmap]: rtabmap (27): Rate=0.50s, Limit=0.000s, Conversion=0.0014s, RTAB-Map=0.5059s, Maps update=0.0056s pub=0.0004s delay=0.4980s (local map=5, WM=5)
[rtabmap-2] [INFO] [1768877358.817612742] [rtabmap]: rtabmap (28): Rate=0.50s, Limit=0.000s, Conversion=0.0006s, RTAB-Map=0.4786s, Maps update=0.0054s pub=0.0000s delay=0.4660s (local map=5, WM=5)
[rtabmap-2] [INFO] [1768877359.272165583] [rtabmap]: rtabmap (29): Rate=0.50s, Limit=0.000s, Conversion=0.0010s, RTAB-Map=0.3974s, Maps update=0.0037s pub=0.0000s delay=0.4400s (local map=5, WM=5)
[rtabmap-2] [INFO] [1768877359.790873307] [rtabmap]: rtabmap (30): Rate=0.50s, Limit=0.000s, Conversion=0.0006s, RTAB-Map=0.3866s, Maps update=0.0035s pub=0.0006s delay=0.4000s (local map=6, WM=6)
[rtabmap-2] [INFO] [1768877360.318776146] [rtabmap]: rtabmap (31): Rate=0.50s, Limit=0.000s, Conversion=0.0009s, RTAB-Map=0.3946s, Maps update=0.0021s pub=0.0000s delay=0.3690s (local map=6, WM=6)
[rtabmap-2] [INFO] [1768877360.847655283] [rtabmap]: rtabmap (32): Rate=0.50s, Limit=0.000s, Conversion=0.0007s, RTAB-Map=0.3651s, Maps update=0.0025s pub=0.0000s delay=0.3020s (local map=6, WM=6)
[rtabmap-2] [INFO] [1768877361.602047801] [rtabmap]: rtabmap (33): Rate=0.50s, Limit=0.000s, Conversion=0.0026s, RTAB-Map=0.5189s, Maps update=0.0047s pub=0.0006s delay=0.5120s (local map=7, WM=7)
[rtabmap-2] [INFO] [1768877362.063230878] [rtabmap]: rtabmap (34): Rate=0.50s, Limit=0.000s, Conversion=0.0008s, RTAB-Map=0.4199s, Maps update=0.0052s pub=0.0000s delay=0.4620s (local map=7, WM=7)
[rtabmap-2] [INFO] [1768877362.555018271] [rtabmap]: rtabmap (35): Rate=0.50s, Limit=0.000s, Conversion=0.0005s, RTAB-Map=0.3563s, Maps update=0.0027s pub=0.0006s delay=0.3360s (local map=8, WM=8)
[rtabmap-2] [INFO] [1768877363.035999128] [rtabmap]: rtabmap (36): Rate=0.50s, Limit=0.000s, Conversion=0.0006s, RTAB-Map=0.3086s, Maps update=0.0032s pub=0.0000s delay=0.2780s (local map=8, WM=8)
[rtabmap-2] [INFO] [1768877363.675673075] [rtabmap]: rtabmap (37): Rate=0.50s, Limit=0.000s, Conversion=0.0005s, RTAB-Map=0.3576s, Maps update=0.0052s pub=0.0006s delay=0.3840s (local map=9, WM=9)
[rtabmap-2] [INFO] [1768877364.148329683] [rtabmap]: rtabmap (38): Rate=0.50s, Limit=0.000s, Conversion=0.0008s, RTAB-Map=0.3226s, Maps update=0.0059s pub=0.0000s delay=0.2800s (local map=9, WM=9)
[rtabmap-2] [INFO] [1768877364.760019459] [rtabmap]: rtabmap (39): Rate=0.50s, Limit=0.000s, Conversion=0.0004s, RTAB-Map=0.3826s, Maps update=0.0040s pub=0.0003s delay=0.4360s (local map=10, WM=10)
[rtabmap-2] [INFO] [1768877365.470413120] [rtabmap]: rtabmap (40): Rate=0.50s, Limit=0.000s, Conversion=0.0005s, RTAB-Map=0.3487s, Maps update=0.0036s pub=0.0009s delay=0.3960s (local map=11, WM=11)
[rtabmap-2] [INFO] [1768877366.015460968] [rtabmap]: rtabmap (41): Rate=0.50s, Limit=0.000s, Conversion=0.0004s, RTAB-Map=0.2880s, Maps update=0.0056s pub=0.0001s delay=0.2840s (local map=11, WM=11)
[rtabmap-2] [INFO] [1768877366.644889957] [rtabmap]: rtabmap (42): Rate=0.50s, Limit=0.000s, Conversion=0.0007s, RTAB-Map=0.4037s, Maps update=0.0042s pub=0.0006s delay=0.3680s (local map=12, WM=12)
[rtabmap-2] [INFO] [1768877367.126024824] [rtabmap]: rtabmap (43): Rate=0.50s, Limit=0.000s, Conversion=0.0008s, RTAB-Map=0.3272s, Maps update=0.0060s pub=0.0000s delay=0.3130s (local map=12, WM=12)
[rtabmap-2] [INFO] [1768877367.604532819] [rtabmap]: rtabmap (44): Rate=0.50s, Limit=0.000s, Conversion=0.0006s, RTAB-Map=0.3013s, Maps update=0.0041s pub=0.0007s delay=0.3080s (local map=13, WM=13)
[rtabmap-2] [INFO] [1768877368.153148466] [rtabmap]: rtabmap (45): Rate=0.50s, Limit=0.000s, Conversion=0.0004s, RTAB-Map=0.3231s, Maps update=0.0053s pub=0.0000s delay=0.2980s (local map=13, WM=13)
[rtabmap-2] [INFO] [1768877368.672549213] [rtabmap]: rtabmap (46): Rate=0.50s, Limit=0.000s, Conversion=0.0004s, RTAB-Map=0.3449s, Maps update=0.0059s pub=0.0007s delay=0.3830s (local map=14, WM=14)
[rtabmap-2] [INFO] [1768877369.275696448] [rtabmap]: rtabmap (47): Rate=0.50s, Limit=0.000s, Conversion=0.0008s, RTAB-Map=0.3206s, Maps update=0.0046s pub=0.0000s delay=0.3640s (local map=14, WM=14)
[rtabmap-2] [INFO] [1768877369.885587005] [rtabmap]: rtabmap (48): Rate=0.50s, Limit=0.000s, Conversion=0.0006s, RTAB-Map=0.4047s, Maps update=0.0046s pub=0.0007s delay=0.4380s (local map=15, WM=15)
[rtabmap-2] [INFO] [1768877370.418132875] [rtabmap]: rtabmap (49): Rate=0.50s, Limit=0.000s, Conversion=0.0006s, RTAB-Map=0.3691s, Maps update=0.0041s pub=0.0000s delay=0.3750s (local map=15, WM=15)
[rtabmap-2] [INFO] [1768877370.929807724] [rtabmap]: rtabmap (50): Rate=0.50s, Limit=0.000s, Conversion=0.0005s, RTAB-Map=0.3482s, Maps update=0.0020s pub=0.0007s delay=0.3550s (local map=16, WM=16)
[rtabmap-2] [INFO] [1768877371.509136623] [rtabmap]: rtabmap (51): Rate=0.50s, Limit=0.000s, Conversion=0.0010s, RTAB-Map=0.4074s, Maps update=0.0038s pub=0.0000s delay=0.4220s (local map=16, WM=16)
[rtabmap-2] [INFO] [1768877372.050984059] [rtabmap]: rtabmap (52): Rate=0.50s, Limit=0.000s, Conversion=0.0005s, RTAB-Map=0.3421s, Maps update=0.0037s pub=0.0000s delay=0.3110s (local map=16, WM=16)
[rtabmap-2] [INFO] [1768877372.610186318] [rtabmap]: rtabmap (53): Rate=0.50s, Limit=0.000s, Conversion=0.0008s, RTAB-Map=0.3478s, Maps update=0.0032s pub=0.0000s delay=0.3610s (local map=16, WM=16)
[rtabmap-2] [INFO] [1768877373.123573235] [rtabmap]: rtabmap (54): Rate=0.50s, Limit=0.000s, Conversion=0.0005s, RTAB-Map=0.3201s, Maps update=0.0029s pub=0.0000s delay=0.3270s (local map=16, WM=16)
[rtabmap-2] [INFO] [1768877373.667219331] [rtabmap]: rtabmap (55): Rate=0.50s, Limit=0.000s, Conversion=0.0008s, RTAB-Map=0.3491s, Maps update=0.0047s pub=0.0008s delay=0.3190s (local map=17, WM=17)
[rtabmap-2] [INFO] [1768877374.172909119] [rtabmap]: rtabmap (56): Rate=0.50s, Limit=0.000s, Conversion=0.0005s, RTAB-Map=0.3232s, Maps update=0.0054s pub=0.0000s delay=0.2910s (local map=17, WM=17)
[rtabmap-2] [INFO] [1768877374.717862999] [rtabmap]: rtabmap (57): Rate=0.50s, Limit=0.000s, Conversion=0.0005s, RTAB-Map=0.3533s, Maps update=0.0040s pub=0.0001s delay=0.3660s (local map=17, WM=17)
[rtabmap-2] [INFO] [1768877375.351235450] [rtabmap]: rtabmap (58): Rate=0.50s, Limit=0.000s, Conversion=0.0008s, RTAB-Map=0.4560s, Maps update=0.0061s pub=0.0009s delay=0.4440s (local map=18, WM=18)
[rtabmap-2] [INFO] [1768877375.859091039] [rtabmap]: rtabmap (59): Rate=0.50s, Limit=0.000s, Conversion=0.0005s, RTAB-Map=0.4293s, Maps update=0.0045s pub=0.0000s delay=0.4020s (local map=18, WM=18)
[rtabmap-2] [INFO] [1768877376.484656701] [rtabmap]: rtabmap (60): Rate=0.50s, Limit=0.000s, Conversion=0.0004s, RTAB-Map=0.4456s, Maps update=0.0026s pub=0.0000s delay=0.4020s (local map=18, WM=18)
[rtabmap-2] [INFO] [1768877376.914421582] [rtabmap]: rtabmap (61): Rate=0.50s, Limit=0.000s, Conversion=0.0009s, RTAB-Map=0.3504s, Maps update=0.0056s pub=0.0005s delay=0.3790s (local map=19, WM=19)
[rtabmap-2] [INFO] [1768877377.498628434] [rtabmap]: rtabmap (62): Rate=0.50s, Limit=0.000s, Conversion=0.0008s, RTAB-Map=0.3470s, Maps update=0.0028s pub=0.0006s delay=0.3920s (local map=20, WM=20)
[rtabmap-2] [INFO] [1768877378.017982973] [rtabmap]: rtabmap (63): Rate=0.50s, Limit=0.000s, Conversion=0.0007s, RTAB-Map=0.3583s, Maps update=0.0051s pub=0.0000s delay=0.3830s (local map=20, WM=20)
[rtabmap-2] [INFO] [1768877378.514785278] [rtabmap]: rtabmap (64): Rate=0.50s, Limit=0.000s, Conversion=0.0005s, RTAB-Map=0.3234s, Maps update=0.0047s pub=0.0000s delay=0.3570s (local map=20, WM=20)
[rtabmap-2] [INFO] [1768877379.139122340] [rtabmap]: rtabmap (65): Rate=0.50s, Limit=0.000s, Conversion=0.0004s, RTAB-Map=0.3662s, Maps update=0.0049s pub=0.0005s delay=0.3710s (local map=21, WM=21)
[rtabmap-2] [INFO] [1768877379.681507553] [rtabmap]: rtabmap (66): Rate=0.50s, Limit=0.000s, Conversion=0.0007s, RTAB-Map=0.3978s, Maps update=0.0053s pub=0.0001s delay=0.3590s (local map=21, WM=21)
[rtabmap-2] [INFO] [1768877380.178062910] [rtabmap]: rtabmap (67): Rate=0.50s, Limit=0.000s, Conversion=0.0006s, RTAB-Map=0.3796s, Maps update=0.0034s pub=0.0000s delay=0.3390s (local map=21, WM=21)
[rtabmap-2] [INFO] [1768877380.761292423] [rtabmap]: rtabmap (68): Rate=0.50s, Limit=0.000s, Conversion=0.0008s, RTAB-Map=0.3667s, Maps update=0.0030s pub=0.0009s delay=0.3480s (local map=22, WM=22)
[rtabmap-2] [INFO] [1768877381.348698813] [rtabmap]: rtabmap (69): Rate=0.50s, Limit=0.000s, Conversion=0.0008s, RTAB-Map=0.4072s, Maps update=0.0042s pub=0.0000s delay=0.4080s (local map=22, WM=22)
[rtabmap-2] [INFO] [1768877381.793152910] [rtabmap]: rtabmap (70): Rate=0.50s, Limit=0.000s, Conversion=0.0007s, RTAB-Map=0.3336s, Maps update=0.0054s pub=0.0000s delay=0.2950s (local map=22, WM=22)
[rtabmap-2] [INFO] [1768877382.381055124] [rtabmap]: rtabmap (71): Rate=0.50s, Limit=0.000s, Conversion=0.0007s, RTAB-Map=0.3157s, Maps update=0.0036s pub=0.0000s delay=0.2940s (local map=22, WM=22)
[rtabmap-2] [INFO] [1768877382.918118293] [rtabmap]: rtabmap (72): Rate=0.50s, Limit=0.000s, Conversion=0.0006s, RTAB-Map=0.3150s, Maps update=0.0041s pub=0.0000s delay=0.3630s (local map=22, WM=22)
[rtabmap-2] [INFO] [1768877383.640318259] [rtabmap]: rtabmap (73): Rate=0.50s, Limit=0.000s, Conversion=0.0008s, RTAB-Map=0.3140s, Maps update=0.0065s pub=0.0001s delay=0.3240s (local map=22, WM=22)
[rtabmap-2] [INFO] [1768877384.257224745] [rtabmap]: rtabmap (74): Rate=0.50s, Limit=0.000s, Conversion=0.0004s, RTAB-Map=0.3606s, Maps update=0.0037s pub=0.0000s delay=0.3690s (local map=22, WM=22)
[rtabmap-2] [INFO] [1768877384.472816116] [rclcpp]: signal_handler(signum=2)
[rgbd_sync-1] [INFO] [1768877384.472816617] [rclcpp]: signal_handler(signum=2)
[rtabmap-2] [INFO] [1768877384.479490462] [rtabmap]: Parameters are not saved (No configuration file provided...)
[INFO] [rgbd_sync-1]: process has finished cleanly [pid 1231548]
[rtabmap-2] [33m[ WARN] (2026-01-20 11:49:03.529) Memory.cpp:5917::createSignature() Mem/SaveDepth16Format is set to false to use 32bits format but this is not compatible with the compressed depth format chosen (Mem/DepthCompressionFormat=".rvl"), depth images will be compressed in ".png" format instead. Explicitly set Mem/SaveDepth16Format to true to keep using ".rvl" format and images will be converted to 16bits for convenience (warning: that would remove all depth values over 65 meters). Explicitly set Mem/DepthCompressionFormat=".png" to suppress this warning. This warning is only printed once.[0m
[rtabmap-2] [33m[ WARN] (2026-01-20 11:49:03.959) MapsManager.cpp:863::publishMaps() Graph has changed! The whole cloud is regenerated.[0m
[rtabmap-2] [33m[ WARN] (2026-01-20 11:49:35.853) Rtabmap.cpp:3069::process() Rejected loop closure 1 -> 59: Not enough inliers after bundle adjustment 11/20 (matches=20) between 1 and 59[0m
[rtabmap-2] [33m[ WARN] (2026-01-20 11:49:36.481) Rtabmap.cpp:3069::process() Rejected loop closure 1 -> 60: Not enough inliers after bundle adjustment 17/20 (matches=32) between 1 and 60[0m
[rtabmap-2] [33m[ WARN] (2026-01-20 11:49:36.907) Rtabmap.cpp:3069::process() Rejected loop closure 18 -> 61: Not enough inliers after bundle adjustment 19/20 (matches=26) between 18 and 61[0m
[rtabmap-2] rtabmap: Saving database/long-term memory... (located at /home/fujino/.ros/rtabmap_ur5e_20260120_114901.db)
[rtabmap-2] rtabmap: Saving database/long-term memory...done! (located at /home/fujino/.ros/rtabmap_ur5e_20260120_114901.db, 111 MB)
[INFO] [rtabmap-2]: process has finished cleanly [pid 1231550]
