[INFO] [launch]: All log files can be found below /home/fujino/.ros/log/2026-01-21-11-55-38-736439-fh-231659
[INFO] [launch]: Default logging verbosity is set to INFO
[INFO] [rgbd_sync-1]: process started with pid [231662]
[INFO] [rtabmap-2]: process started with pid [231664]
[rgbd_sync-1] [INFO] [1768964139.397258418] [rgbd_sync]: rgbd_sync: approx_sync = true
[rgbd_sync-1] [INFO] [1768964139.397519287] [rgbd_sync]: rgbd_sync: approx_sync_max_interval = 0.010000
[rgbd_sync-1] [INFO] [1768964139.397547878] [rgbd_sync]: rgbd_sync: topic_queue_size  = 10
[rgbd_sync-1] [INFO] [1768964139.397558112] [rgbd_sync]: rgbd_sync: sync_queue_size  = 30
[rgbd_sync-1] [INFO] [1768964139.397567080] [rgbd_sync]: rgbd_sync: qos             = 2
[rgbd_sync-1] [INFO] [1768964139.397575889] [rgbd_sync]: rgbd_sync: qos_camera_info = 2
[rgbd_sync-1] [INFO] [1768964139.397584392] [rgbd_sync]: rgbd_sync: depth_scale = 1.000000
[rgbd_sync-1] [INFO] [1768964139.397594798] [rgbd_sync]: rgbd_sync: decimation = 1
[rgbd_sync-1] [INFO] [1768964139.397603671] [rgbd_sync]: rgbd_sync: compressed_rate = 0.000000
[rgbd_sync-1] [INFO] [1768964139.437593061] [rgbd_sync]: 
[rgbd_sync-1] rgbd_sync subscribed to (approx sync, max interval=0.010000s):
[rgbd_sync-1]    /camera/color/image_raw,
[rgbd_sync-1]    /camera/depth/depth/image_raw,
[rgbd_sync-1]    /camera/color/camera_info
[rtabmap-2] [INFO] [1768964139.727288466] [rtabmap]: rtabmap(maps): latch                      = true
[rtabmap-2] [INFO] [1768964139.728374840] [rtabmap]: rtabmap(maps): map_filter_radius          = 0.000000
[rtabmap-2] [INFO] [1768964139.728420551] [rtabmap]: rtabmap(maps): map_filter_angle           = 30.000000
[rtabmap-2] [INFO] [1768964139.728444411] [rtabmap]: rtabmap(maps): map_cleanup                = true
[rtabmap-2] [INFO] [1768964139.728460958] [rtabmap]: rtabmap(maps): map_always_update          = false
[rtabmap-2] [INFO] [1768964139.728476479] [rtabmap]: rtabmap(maps): map_empty_ray_tracing      = true
[rtabmap-2] [INFO] [1768964139.728491675] [rtabmap]: rtabmap(maps): cloud_output_voxelized     = true
[rtabmap-2] [INFO] [1768964139.728506420] [rtabmap]: rtabmap(maps): cloud_subtract_filtering   = false
[rtabmap-2] [INFO] [1768964139.728521078] [rtabmap]: rtabmap(maps): cloud_subtract_filtering_min_neighbors = 2
[rtabmap-2] [INFO] [1768964139.736287684] [rtabmap]: rtabmap(maps): octomap_tree_depth         = 16
[rtabmap-2] [INFO] [1768964139.792238835] [rtabmap]: rtabmap: frame_id      = camera_color_optical_frame
[rtabmap-2] [INFO] [1768964139.792307260] [rtabmap]: rtabmap: odom_frame_id = world
[rtabmap-2] [INFO] [1768964139.792329193] [rtabmap]: rtabmap: map_frame_id  = world
[rtabmap-2] [INFO] [1768964139.792360790] [rtabmap]: rtabmap: log_to_rosout_level  = 4
[rtabmap-2] [INFO] [1768964139.792379852] [rtabmap]: rtabmap: initial_pose  = 
[rtabmap-2] [INFO] [1768964139.792395979] [rtabmap]: rtabmap: use_action_for_goal  = false
[rtabmap-2] [INFO] [1768964139.792412295] [rtabmap]: rtabmap: tf_delay      = 0.050000
[rtabmap-2] [INFO] [1768964139.792437285] [rtabmap]: rtabmap: tf_tolerance  = 0.100000
[rtabmap-2] [INFO] [1768964139.792455583] [rtabmap]: rtabmap: odom_sensor_sync   = false
[rtabmap-2] [INFO] [1768964139.792471668] [rtabmap]: rtabmap: pub_loc_pose_only_when_localizing = false
[rtabmap-2] [INFO] [1768964139.792488093] [rtabmap]: rtabmap: wait_for_transform = 0.200000
[rtabmap-2] [INFO] [1768964139.792505881] [rtabmap]: rtabmap: gen_scan  = false
[rtabmap-2] [INFO] [1768964139.792521699] [rtabmap]: rtabmap: gen_depth  = false
[rtabmap-2] [INFO] [1768964139.866106775] [rtabmap]: Setting RTAB-Map parameter "Grid/3D"="true" (rosparam)
[rtabmap-2] [INFO] [1768964139.868818624] [rtabmap]: Setting RTAB-Map parameter "Grid/RangeMax"="5.0" (rosparam)
[rtabmap-2] [INFO] [1768964139.869077902] [rtabmap]: Setting RTAB-Map parameter "Grid/RayTracing"="true" (rosparam)
[rtabmap-2] [INFO] [1768964139.869415630] [rtabmap]: Setting RTAB-Map parameter "Grid/Sensor"="1" (rosparam)
[rtabmap-2] [INFO] [1768964139.945587701] [rtabmap]: Setting RTAB-Map parameter "RGBD/CreateOccupancyGrid"="true" (rosparam)
[rtabmap-2] [INFO] [1768964139.965846572] [rtabmap]: Setting RTAB-Map parameter "Rtabmap/DetectionRate"="2.0" (rosparam)
[rtabmap-2] [INFO] [1768964140.097582045] [rtabmap]: RTAB-Map detection rate = 2.000000 Hz
[rtabmap-2] [INFO] [1768964140.098209110] [rtabmap]: rtabmap: Using database from "/home/fujino/.ros/rtabmap_ur5e_20260121_115538.db" (0 MB).
[rtabmap-2] [INFO] [1768964140.142431454] [rtabmap]: rtabmap: Database version = "0.22.1".
[rtabmap-2] [INFO] [1768964140.142522417] [rtabmap]: rtabmap: SLAM mode (Mem/IncrementalMemory=true)
[rtabmap-2] [INFO] [1768964140.224482722] [rtabmap]: Setup callbacks
[rtabmap-2] [WARN] [1768964140.224586557] [rtabmap]: rtabmap: Parameters subscribe_depth and subscribe_rgbd cannot be true at the same time. Parameter subscribe_depth is set to false.
[rtabmap-2] [INFO] [1768964140.224779626] [rtabmap]: rtabmap: subscribe_depth = false
[rtabmap-2] [INFO] [1768964140.224815200] [rtabmap]: rtabmap: subscribe_rgb = false
[rtabmap-2] [INFO] [1768964140.224837336] [rtabmap]: rtabmap: subscribe_stereo = false
[rtabmap-2] [INFO] [1768964140.224857115] [rtabmap]: rtabmap: subscribe_rgbd = true (rgbd_cameras=1)
[rtabmap-2] [INFO] [1768964140.224878170] [rtabmap]: rtabmap: subscribe_sensor_data = false
[rtabmap-2] [INFO] [1768964140.224896354] [rtabmap]: rtabmap: subscribe_odom_info = false
[rtabmap-2] [INFO] [1768964140.224913308] [rtabmap]: rtabmap: subscribe_user_data = false
[rtabmap-2] [INFO] [1768964140.224930212] [rtabmap]: rtabmap: subscribe_scan = false
[rtabmap-2] [INFO] [1768964140.224948218] [rtabmap]: rtabmap: subscribe_scan_cloud = false
[rtabmap-2] [INFO] [1768964140.224966847] [rtabmap]: rtabmap: subscribe_scan_descriptor = false
[rtabmap-2] [INFO] [1768964140.224985319] [rtabmap]: rtabmap: topic_queue_size = 10
[rtabmap-2] [INFO] [1768964140.225005175] [rtabmap]: rtabmap: sync_queue_size  = 30
[rtabmap-2] [INFO] [1768964140.225024752] [rtabmap]: rtabmap: qos_image       = 2
[rtabmap-2] [INFO] [1768964140.225100785] [rtabmap]: rtabmap: qos_camera_info = 2
[rtabmap-2] [INFO] [1768964140.225129120] [rtabmap]: rtabmap: qos_scan        = 2
[rtabmap-2] [INFO] [1768964140.225148431] [rtabmap]: rtabmap: qos_odom        = 2
[rtabmap-2] [INFO] [1768964140.225181386] [rtabmap]: rtabmap: qos_user_data   = 2
[rtabmap-2] [INFO] [1768964140.225202586] [rtabmap]: rtabmap: approx_sync     = true
[rtabmap-2] [INFO] [1768964140.225236754] [rtabmap]: Setup rgbd callback
[rtabmap-2] [INFO] [1768964140.227740561] [rtabmap]: 
[rtabmap-2] rtabmap subscribed to:
[rtabmap-2]    /rgbd_image
[rtabmap-2] [INFO] [1768964141.204566039] [rtabmap]: rtabmap (1): Rate=0.50s, Limit=0.000s, Conversion=0.0035s, RTAB-Map=0.6058s, Maps update=0.0001s pub=0.0000s delay=0.6180s (local map=1, WM=1)
[rtabmap-2] [INFO] [1768964141.742689087] [rtabmap]: rtabmap (2): Rate=0.50s, Limit=0.000s, Conversion=0.0019s, RTAB-Map=0.4642s, Maps update=0.0000s pub=0.0000s delay=0.4390s (local map=2, WM=2)
[rtabmap-2] [INFO] [1768964142.160631472] [rtabmap]: rtabmap (3): Rate=0.50s, Limit=0.000s, Conversion=0.0018s, RTAB-Map=0.3314s, Maps update=0.0000s pub=0.0000s delay=0.2770s (local map=3, WM=3)
[rtabmap-2] [INFO] [1768964142.863475420] [rtabmap]: rtabmap (4): Rate=0.50s, Limit=0.000s, Conversion=0.0017s, RTAB-Map=0.4827s, Maps update=0.0000s pub=0.0000s delay=0.4380s (local map=4, WM=4)
[rtabmap-2] [INFO] [1768964143.624657624] [rtabmap]: rtabmap (5): Rate=0.50s, Limit=0.000s, Conversion=0.0024s, RTAB-Map=0.7519s, Maps update=0.0000s pub=0.0000s delay=0.7380s (local map=5, WM=5)
[rtabmap-2] [INFO] [1768964144.429561265] [rtabmap]: rtabmap (6): Rate=0.50s, Limit=0.000s, Conversion=0.0007s, RTAB-Map=0.7902s, Maps update=0.0000s pub=0.0000s delay=0.8020s (local map=6, WM=6)
[rtabmap-2] [INFO] [1768964144.821699743] [rtabmap]: rtabmap (7): Rate=0.50s, Limit=0.000s, Conversion=0.0006s, RTAB-Map=0.3493s, Maps update=0.0000s pub=0.0000s delay=0.3450s (local map=7, WM=7)
[rtabmap-2] [INFO] [1768964145.723488013] [rtabmap]: rtabmap (8): Rate=0.50s, Limit=0.000s, Conversion=0.0027s, RTAB-Map=0.5853s, Maps update=0.0001s pub=0.0000s delay=0.5800s (local map=7, WM=7)
[rtabmap-2] [INFO] [1768964146.354860013] [rtabmap]: rtabmap (9): Rate=0.50s, Limit=0.000s, Conversion=0.0018s, RTAB-Map=0.6143s, Maps update=0.0001s pub=0.0000s delay=0.6410s (local map=7, WM=7)
[rtabmap-2] [INFO] [1768964146.476603671] [rclcpp]: signal_handler(signum=2)
[rgbd_sync-1] [INFO] [1768964146.476689031] [rclcpp]: signal_handler(signum=2)
[rtabmap-2] [INFO] [1768964146.486083924] [rtabmap]: Parameters are not saved (No configuration file provided...)
[INFO] [rgbd_sync-1]: process has finished cleanly [pid 231662]
[rtabmap-2] [33m[ WARN] (2026-01-21 11:55:40.618) Memory.cpp:5917::createSignature() Mem/SaveDepth16Format is set to false to use 32bits format but this is not compatible with the compressed depth format chosen (Mem/DepthCompressionFormat=".rvl"), depth images will be compressed in ".png" format instead. Explicitly set Mem/SaveDepth16Format to true to keep using ".rvl" format and images will be converted to 16bits for convenience (warning: that would remove all depth values over 65 meters). Explicitly set Mem/DepthCompressionFormat=".png" to suppress this warning. This warning is only printed once.[0m
[rtabmap-2] rtabmap: Saving database/long-term memory... (located at /home/fujino/.ros/rtabmap_ur5e_20260121_115538.db)
[rtabmap-2] rtabmap: Saving database/long-term memory...done! (located at /home/fujino/.ros/rtabmap_ur5e_20260121_115538.db, 15 MB)
[INFO] [rtabmap-2]: process has finished cleanly [pid 231664]
