[INFO] [launch]: All log files can be found below /home/fujino/.ros/log/2026-01-16-22-38-15-512960-fh-394262
[INFO] [launch]: Default logging verbosity is set to INFO
[INFO] [rgbd_sync-1]: process started with pid [394275]
[INFO] [rtabmap-2]: process started with pid [394277]
[rtabmap-2] [INFO] [1768570696.146889288] [rtabmap]: rtabmap(maps): latch                      = true
[rtabmap-2] [INFO] [1768570696.152583886] [rtabmap]: rtabmap(maps): map_filter_radius          = 0.000000
[rtabmap-2] [INFO] [1768570696.152654490] [rtabmap]: rtabmap(maps): map_filter_angle           = 30.000000
[rtabmap-2] [INFO] [1768570696.152679110] [rtabmap]: rtabmap(maps): map_cleanup                = true
[rtabmap-2] [INFO] [1768570696.152697176] [rtabmap]: rtabmap(maps): map_always_update          = false
[rtabmap-2] [INFO] [1768570696.152714011] [rtabmap]: rtabmap(maps): map_empty_ray_tracing      = true
[rtabmap-2] [INFO] [1768570696.152730232] [rtabmap]: rtabmap(maps): cloud_output_voxelized     = true
[rtabmap-2] [INFO] [1768570696.152746556] [rtabmap]: rtabmap(maps): cloud_subtract_filtering   = false
[rtabmap-2] [INFO] [1768570696.152762437] [rtabmap]: rtabmap(maps): cloud_subtract_filtering_min_neighbors = 2
[rtabmap-2] [INFO] [1768570696.152910279] [rtabmap]: rtabmap(maps): octomap_tree_depth         = 16
[rtabmap-2] [INFO] [1768570696.208274596] [rtabmap]: rtabmap: frame_id      = camera_color_optical_frame
[rtabmap-2] [INFO] [1768570696.208343490] [rtabmap]: rtabmap: odom_frame_id = world
[rtabmap-2] [INFO] [1768570696.208366534] [rtabmap]: rtabmap: map_frame_id  = world
[rtabmap-2] [INFO] [1768570696.208383961] [rtabmap]: rtabmap: log_to_rosout_level  = 4
[rtabmap-2] [INFO] [1768570696.208402190] [rtabmap]: rtabmap: initial_pose  = 
[rtabmap-2] [INFO] [1768570696.208420528] [rtabmap]: rtabmap: use_action_for_goal  = false
[rtabmap-2] [INFO] [1768570696.208436904] [rtabmap]: rtabmap: tf_delay      = 0.050000
[rtabmap-2] [INFO] [1768570696.208460893] [rtabmap]: rtabmap: tf_tolerance  = 0.100000
[rtabmap-2] [INFO] [1768570696.208479839] [rtabmap]: rtabmap: odom_sensor_sync   = false
[rtabmap-2] [INFO] [1768570696.208496151] [rtabmap]: rtabmap: pub_loc_pose_only_when_localizing = false
[rtabmap-2] [INFO] [1768570696.208512170] [rtabmap]: rtabmap: wait_for_transform = 0.200000
[rtabmap-2] [INFO] [1768570696.208530801] [rtabmap]: rtabmap: gen_scan  = false
[rtabmap-2] [INFO] [1768570696.208547065] [rtabmap]: rtabmap: gen_depth  = false
[rgbd_sync-1] [INFO] [1768570696.338954874] [rgbd_sync]: rgbd_sync: approx_sync = true
[rgbd_sync-1] [INFO] [1768570696.339374371] [rgbd_sync]: rgbd_sync: approx_sync_max_interval = 0.000000
[rgbd_sync-1] [INFO] [1768570696.339430061] [rgbd_sync]: rgbd_sync: topic_queue_size  = 10
[rgbd_sync-1] [INFO] [1768570696.339453323] [rgbd_sync]: rgbd_sync: sync_queue_size  = 30
[rgbd_sync-1] [INFO] [1768570696.339472148] [rgbd_sync]: rgbd_sync: qos             = 2
[rgbd_sync-1] [INFO] [1768570696.339491188] [rgbd_sync]: rgbd_sync: qos_camera_info = 2
[rgbd_sync-1] [INFO] [1768570696.339509536] [rgbd_sync]: rgbd_sync: depth_scale = 1.000000
[rgbd_sync-1] [INFO] [1768570696.339531312] [rgbd_sync]: rgbd_sync: decimation = 1
[rgbd_sync-1] [INFO] [1768570696.339549874] [rgbd_sync]: rgbd_sync: compressed_rate = 0.000000
[rtabmap-2] [INFO] [1768570696.359374323] [rtabmap]: Setting RTAB-Map parameter "Grid/3D"="true" (rosparam)
[rtabmap-2] [INFO] [1768570696.360097148] [rtabmap]: Setting RTAB-Map parameter "Grid/RangeMax"="5.0" (rosparam)
[rtabmap-2] [INFO] [1768570696.360411784] [rtabmap]: Setting RTAB-Map parameter "Grid/RayTracing"="true" (rosparam)
[rtabmap-2] [INFO] [1768570696.360530232] [rtabmap]: Setting RTAB-Map parameter "Grid/Sensor"="1" (rosparam)
[rgbd_sync-1] [INFO] [1768570696.378277383] [rgbd_sync]: 
[rgbd_sync-1] rgbd_sync subscribed to (approx sync):
[rgbd_sync-1]    /camera/color/image_raw,
[rgbd_sync-1]    /camera/depth/depth/image_raw,
[rgbd_sync-1]    /camera/color/camera_info
[rtabmap-2] [INFO] [1768570696.378772763] [rtabmap]: Setting RTAB-Map parameter "RGBD/CreateOccupancyGrid"="true" (rosparam)
[rtabmap-2] [INFO] [1768570696.387612916] [rtabmap]: Setting RTAB-Map parameter "Rtabmap/DetectionRate"="2.0" (rosparam)
[rtabmap-2] [INFO] [1768570696.637104620] [rtabmap]: RTAB-Map detection rate = 2.000000 Hz
[rtabmap-2] [INFO] [1768570696.637238702] [rtabmap]: rtabmap: Using database from "/home/fujino/.ros/rtabmap_ur5e_20260116_223814.db" (0 MB).
[rtabmap-2] [INFO] [1768570696.674898845] [rtabmap]: rtabmap: Database version = "0.22.1".
[rtabmap-2] [INFO] [1768570696.674992361] [rtabmap]: rtabmap: SLAM mode (Mem/IncrementalMemory=true)
[rtabmap-2] [INFO] [1768570696.741386511] [rtabmap]: Setup callbacks
[rtabmap-2] [WARN] [1768570696.741589559] [rtabmap]: rtabmap: Parameters subscribe_depth and subscribe_rgbd cannot be true at the same time. Parameter subscribe_depth is set to false.
[rtabmap-2] [INFO] [1768570696.742238624] [rtabmap]: rtabmap: subscribe_depth = false
[rtabmap-2] [INFO] [1768570696.742303924] [rtabmap]: rtabmap: subscribe_rgb = false
[rtabmap-2] [INFO] [1768570696.742326822] [rtabmap]: rtabmap: subscribe_stereo = false
[rtabmap-2] [INFO] [1768570696.742349241] [rtabmap]: rtabmap: subscribe_rgbd = true (rgbd_cameras=1)
[rtabmap-2] [INFO] [1768570696.742370728] [rtabmap]: rtabmap: subscribe_sensor_data = false
[rtabmap-2] [INFO] [1768570696.742391053] [rtabmap]: rtabmap: subscribe_odom_info = false
[rtabmap-2] [INFO] [1768570696.742410119] [rtabmap]: rtabmap: subscribe_user_data = false
[rtabmap-2] [INFO] [1768570696.742429050] [rtabmap]: rtabmap: subscribe_scan = false
[rtabmap-2] [INFO] [1768570696.742448689] [rtabmap]: rtabmap: subscribe_scan_cloud = false
[rtabmap-2] [INFO] [1768570696.742468275] [rtabmap]: rtabmap: subscribe_scan_descriptor = false
[rtabmap-2] [INFO] [1768570696.742488943] [rtabmap]: rtabmap: topic_queue_size = 10
[rtabmap-2] [INFO] [1768570696.742511052] [rtabmap]: rtabmap: sync_queue_size  = 30
[rtabmap-2] [INFO] [1768570696.742532194] [rtabmap]: rtabmap: qos_image       = 2
[rtabmap-2] [INFO] [1768570696.742605258] [rtabmap]: rtabmap: qos_camera_info = 2
[rtabmap-2] [INFO] [1768570696.742634595] [rtabmap]: rtabmap: qos_scan        = 2
[rtabmap-2] [INFO] [1768570696.742653614] [rtabmap]: rtabmap: qos_odom        = 2
[rtabmap-2] [INFO] [1768570696.742671786] [rtabmap]: rtabmap: qos_user_data   = 2
[rtabmap-2] [INFO] [1768570696.742689822] [rtabmap]: rtabmap: approx_sync     = true
[rtabmap-2] [INFO] [1768570696.742731585] [rtabmap]: Setup rgbd callback
[rtabmap-2] [INFO] [1768570696.745327073] [rtabmap]: 
[rtabmap-2] rtabmap subscribed to:
[rtabmap-2]    /rgbd_image
[rtabmap-2] [INFO] [1768570698.443323928] [rtabmap]: rtabmap (1): Rate=0.50s, Limit=0.000s, Conversion=0.0032s, RTAB-Map=0.2426s, Maps update=0.0001s pub=0.0000s delay=0.2200s (local map=1, WM=1)
[rgbd_sync-1] [WARN] [1768570698.627496519] [rgbd_sync]: The time difference between rgb and depth frames is high (diff=0.029000s, rgb=10753.638000s, depth=10753.609000s). You may want to set approx_sync_max_interval lower than 0.01s to reject spurious bad synchronizations or use approx_sync=false if streams have all the exact same timestamp. Setting approx_sync_max_interval will suppress this warning.
[rtabmap-2] [INFO] [1768570699.010379350] [rtabmap]: rtabmap (2): Rate=0.50s, Limit=0.000s, Conversion=0.0014s, RTAB-Map=0.3036s, Maps update=0.0001s pub=0.0000s delay=0.3030s (local map=1, WM=1)
[rgbd_sync-1] [WARN] [1768570699.622717591] [rgbd_sync]: The time difference between rgb and depth frames is high (diff=0.034000s, rgb=10754.555000s, depth=10754.589000s). You may want to set approx_sync_max_interval lower than 0.01s to reject spurious bad synchronizations or use approx_sync=false if streams have all the exact same timestamp. Setting approx_sync_max_interval will suppress this warning.
[rtabmap-2] [INFO] [1768570699.778835988] [rtabmap]: rtabmap (3): Rate=0.50s, Limit=0.000s, Conversion=0.0010s, RTAB-Map=0.4529s, Maps update=0.0000s pub=0.0000s delay=0.5030s (local map=2, WM=2)
[rtabmap-2] [INFO] [1768570700.301752681] [rtabmap]: rtabmap (4): Rate=0.50s, Limit=0.000s, Conversion=0.0008s, RTAB-Map=0.4706s, Maps update=0.0000s pub=0.0000s delay=0.4950s (local map=3, WM=3)
[rtabmap-2] [INFO] [1768570700.886335460] [rtabmap]: rtabmap (5): Rate=0.50s, Limit=0.000s, Conversion=0.0005s, RTAB-Map=0.4520s, Maps update=0.0000s pub=0.0000s delay=0.4940s (local map=4, WM=4)
[rgbd_sync-1] [WARN] [1768570701.155283346] [rgbd_sync]: The time difference between rgb and depth frames is high (diff=0.036000s, rgb=10756.157000s, depth=10756.121000s). You may want to set approx_sync_max_interval lower than 0.01s to reject spurious bad synchronizations or use approx_sync=false if streams have all the exact same timestamp. Setting approx_sync_max_interval will suppress this warning.
[rtabmap-2] [INFO] [1768570701.446434871] [rtabmap]: rtabmap (6): Rate=0.50s, Limit=0.000s, Conversion=0.0022s, RTAB-Map=0.4723s, Maps update=0.0001s pub=0.0000s delay=0.4560s (local map=4, WM=4)
[rgbd_sync-1] [WARN] [1768570701.683626378] [rgbd_sync]: The time difference between rgb and depth frames is high (diff=0.028000s, rgb=10756.671000s, depth=10756.699000s). You may want to set approx_sync_max_interval lower than 0.01s to reject spurious bad synchronizations or use approx_sync=false if streams have all the exact same timestamp. Setting approx_sync_max_interval will suppress this warning.
[rtabmap-2] [INFO] [1768570701.871241167] [rtabmap]: rtabmap (7): Rate=0.50s, Limit=0.000s, Conversion=0.0019s, RTAB-Map=0.3725s, Maps update=0.0001s pub=0.0000s delay=0.4110s (local map=4, WM=4)
[rtabmap-2] [INFO] [1768570702.526066811] [rtabmap]: rtabmap (8): Rate=0.50s, Limit=0.000s, Conversion=0.0013s, RTAB-Map=0.4800s, Maps update=0.0000s pub=0.0000s delay=0.4710s (local map=4, WM=4)
[rtabmap-2] [INFO] [1768570702.971811899] [rtabmap]: rtabmap (9): Rate=0.50s, Limit=0.000s, Conversion=0.0006s, RTAB-Map=0.3968s, Maps update=0.0001s pub=0.0000s delay=0.3530s (local map=4, WM=4)
[rtabmap-2] [INFO] [1768570703.586951788] [rtabmap]: rtabmap (10): Rate=0.50s, Limit=0.000s, Conversion=0.0012s, RTAB-Map=0.5160s, Maps update=0.0001s pub=0.0000s delay=0.4500s (local map=4, WM=4)
[rtabmap-2] [INFO] [1768570704.117516604] [rtabmap]: rtabmap (11): Rate=0.50s, Limit=0.000s, Conversion=0.0007s, RTAB-Map=0.4171s, Maps update=0.0001s pub=0.0000s delay=0.4460s (local map=4, WM=4)
[rtabmap-2] [INFO] [1768570704.628376389] [rtabmap]: rtabmap (12): Rate=0.50s, Limit=0.000s, Conversion=0.0006s, RTAB-Map=0.4132s, Maps update=0.0001s pub=0.0000s delay=0.4260s (local map=4, WM=4)
[rtabmap-2] [INFO] [1768570705.177932381] [rtabmap]: rtabmap (13): Rate=0.50s, Limit=0.000s, Conversion=0.0009s, RTAB-Map=0.4398s, Maps update=0.0000s pub=0.0000s delay=0.3880s (local map=5, WM=5)
[rgbd_sync-1] [WARN] [1768570705.385205113] [rgbd_sync]: The time difference between rgb and depth frames is high (diff=0.033000s, rgb=10760.347000s, depth=10760.380000s). You may want to set approx_sync_max_interval lower than 0.01s to reject spurious bad synchronizations or use approx_sync=false if streams have all the exact same timestamp. Setting approx_sync_max_interval will suppress this warning.
[rtabmap-2] [INFO] [1768570705.743278525] [rtabmap]: rtabmap (14): Rate=0.50s, Limit=0.000s, Conversion=0.0006s, RTAB-Map=0.4643s, Maps update=0.0000s pub=0.0000s delay=0.4570s (local map=5, WM=5)
[rtabmap-2] [INFO] [1768570706.213470040] [rtabmap]: rtabmap (15): Rate=0.50s, Limit=0.000s, Conversion=0.0015s, RTAB-Map=0.4450s, Maps update=0.0001s pub=0.0000s delay=0.4520s (local map=5, WM=5)
[rtabmap-2] [INFO] [1768570706.850822481] [rtabmap]: rtabmap (16): Rate=0.50s, Limit=0.000s, Conversion=0.0006s, RTAB-Map=0.5272s, Maps update=0.0000s pub=0.0000s delay=0.5330s (local map=6, WM=6)
[rtabmap-2] [INFO] [1768570707.360500884] [rtabmap]: rtabmap (17): Rate=0.50s, Limit=0.000s, Conversion=0.0014s, RTAB-Map=0.4555s, Maps update=0.0001s pub=0.0000s delay=0.4440s (local map=6, WM=6)
[rtabmap-2] [INFO] [1768570707.812949214] [rtabmap]: rtabmap (18): Rate=0.50s, Limit=0.000s, Conversion=0.0007s, RTAB-Map=0.4071s, Maps update=0.0001s pub=0.0000s delay=0.4350s (local map=6, WM=6)
[rtabmap-2] [INFO] [1768570708.446766863] [rtabmap]: rtabmap (19): Rate=0.50s, Limit=0.000s, Conversion=0.0006s, RTAB-Map=0.5229s, Maps update=0.0001s pub=0.0000s delay=0.5230s (local map=7, WM=7)
[rtabmap-2] [INFO] [1768570709.251705884] [rtabmap]: rtabmap (20): Rate=0.50s, Limit=0.000s, Conversion=0.0081s, RTAB-Map=0.6740s, Maps update=0.0001s pub=0.0000s delay=0.6330s (local map=7, WM=7)
[rgbd_sync-1] [WARN] [1768570709.407210616] [rgbd_sync]: The time difference between rgb and depth frames is high (diff=0.032000s, rgb=10764.309000s, depth=10764.277000s). You may want to set approx_sync_max_interval lower than 0.01s to reject spurious bad synchronizations or use approx_sync=false if streams have all the exact same timestamp. Setting approx_sync_max_interval will suppress this warning.
[rtabmap-2] [INFO] [1768570709.779406391] [rtabmap]: rtabmap (21): Rate=0.50s, Limit=0.000s, Conversion=0.0008s, RTAB-Map=0.4697s, Maps update=0.0000s pub=0.0000s delay=0.5100s (local map=8, WM=8)
[rtabmap-2] [INFO] [1768570710.136245972] [rtabmap]: rtabmap (22): Rate=0.50s, Limit=0.000s, Conversion=0.0004s, RTAB-Map=0.3265s, Maps update=0.0001s pub=0.0000s delay=0.2960s (local map=8, WM=8)
[rtabmap-2] [INFO] [1768570710.686779911] [rtabmap]: rtabmap (23): Rate=0.50s, Limit=0.000s, Conversion=0.0004s, RTAB-Map=0.3611s, Maps update=0.0000s pub=0.0000s delay=0.3700s (local map=8, WM=8)
[rtabmap-2] [INFO] [1768570711.218563124] [rtabmap]: rtabmap (24): Rate=0.50s, Limit=0.000s, Conversion=0.0007s, RTAB-Map=0.3098s, Maps update=0.0000s pub=0.0000s delay=0.3040s (local map=9, WM=9)
[rgbd_sync-1] [WARN] [1768570711.298060989] [rgbd_sync]: The time difference between rgb and depth frames is high (diff=0.033000s, rgb=10766.127000s, depth=10766.160000s). You may want to set approx_sync_max_interval lower than 0.01s to reject spurious bad synchronizations or use approx_sync=false if streams have all the exact same timestamp. Setting approx_sync_max_interval will suppress this warning.
[rgbd_sync-1] [WARN] [1768570711.467926667] [rgbd_sync]: The time difference between rgb and depth frames is high (diff=0.033000s, rgb=10766.360000s, depth=10766.327000s). You may want to set approx_sync_max_interval lower than 0.01s to reject spurious bad synchronizations or use approx_sync=false if streams have all the exact same timestamp. Setting approx_sync_max_interval will suppress this warning.
[rgbd_sync-1] [WARN] [1768570711.789424045] [rgbd_sync]: The time difference between rgb and depth frames is high (diff=0.033000s, rgb=10766.594000s, depth=10766.627000s). You may want to set approx_sync_max_interval lower than 0.01s to reject spurious bad synchronizations or use approx_sync=false if streams have all the exact same timestamp. Setting approx_sync_max_interval will suppress this warning.
[rtabmap-2] [INFO] [1768570711.906261323] [rtabmap]: rtabmap (25): Rate=0.50s, Limit=0.000s, Conversion=0.0005s, RTAB-Map=0.4341s, Maps update=0.0001s pub=0.0000s delay=0.4730s (local map=9, WM=9)
[rgbd_sync-1] [WARN] [1768570712.327080390] [rgbd_sync]: The time difference between rgb and depth frames is high (diff=0.026000s, rgb=10767.217000s, depth=10767.243000s). You may want to set approx_sync_max_interval lower than 0.01s to reject spurious bad synchronizations or use approx_sync=false if streams have all the exact same timestamp. Setting approx_sync_max_interval will suppress this warning.
[rtabmap-2] [INFO] [1768570712.481763009] [rtabmap]: rtabmap (26): Rate=0.50s, Limit=0.000s, Conversion=0.0010s, RTAB-Map=0.4174s, Maps update=0.0000s pub=0.0000s delay=0.4340s (local map=9, WM=9)
[rtabmap-2] [INFO] [1768570712.909923883] [rtabmap]: rtabmap (27): Rate=0.50s, Limit=0.000s, Conversion=0.0008s, RTAB-Map=0.3402s, Maps update=0.0000s pub=0.0000s delay=0.3280s (local map=10, WM=10)
[rtabmap-2] [INFO] [1768570713.514154062] [rtabmap]: rtabmap (28): Rate=0.50s, Limit=0.000s, Conversion=0.0005s, RTAB-Map=0.4026s, Maps update=0.0001s pub=0.0000s delay=0.4040s (local map=10, WM=10)
[rtabmap-2] [INFO] [1768570714.060833268] [rtabmap]: rtabmap (29): Rate=0.50s, Limit=0.000s, Conversion=0.0007s, RTAB-Map=0.4395s, Maps update=0.0001s pub=0.0000s delay=0.3920s (local map=10, WM=10)
[rtabmap-2] [INFO] [1768570714.685446295] [rtabmap]: rtabmap (30): Rate=0.50s, Limit=0.000s, Conversion=0.0007s, RTAB-Map=0.5434s, Maps update=0.0001s pub=0.0000s delay=0.5580s (local map=10, WM=10)
[rtabmap-2] [INFO] [1768570715.236946122] [rtabmap]: rtabmap (31): Rate=0.50s, Limit=0.000s, Conversion=0.0008s, RTAB-Map=0.4628s, Maps update=0.0001s pub=0.0000s delay=0.4350s (local map=11, WM=11)
[rtabmap-2] [INFO] [1768570715.863358131] [rtabmap]: rtabmap (32): Rate=0.50s, Limit=0.000s, Conversion=0.0008s, RTAB-Map=0.5585s, Maps update=0.0000s pub=0.0000s delay=0.5200s (local map=11, WM=11)
[rtabmap-2] [INFO] [1768570716.400581836] [rtabmap]: rtabmap (33): Rate=0.50s, Limit=0.000s, Conversion=0.0005s, RTAB-Map=0.4496s, Maps update=0.0000s pub=0.0000s delay=0.4800s (local map=12, WM=12)
[rtabmap-2] [INFO] [1768570716.868596795] [rtabmap]: rtabmap (34): Rate=0.50s, Limit=0.000s, Conversion=0.0006s, RTAB-Map=0.4171s, Maps update=0.0001s pub=0.0000s delay=0.3670s (local map=12, WM=12)
[rtabmap-2] [INFO] [1768570717.398503775] [rtabmap]: rtabmap (35): Rate=0.50s, Limit=0.000s, Conversion=0.0006s, RTAB-Map=0.4034s, Maps update=0.0000s pub=0.0000s delay=0.4220s (local map=13, WM=13)
[rtabmap-2] [INFO] [1768570717.959646640] [rtabmap]: rtabmap (36): Rate=0.50s, Limit=0.000s, Conversion=0.0006s, RTAB-Map=0.4149s, Maps update=0.0000s pub=0.0000s delay=0.3710s (local map=14, WM=14)
[rtabmap-2] [INFO] [1768570718.702764183] [rtabmap]: rtabmap (37): Rate=0.50s, Limit=0.000s, Conversion=0.0010s, RTAB-Map=0.4785s, Maps update=0.0000s pub=0.0000s delay=0.5070s (local map=15, WM=15)
[rgbd_sync-1] [WARN] [1768570718.906819939] [rgbd_sync]: The time difference between rgb and depth frames is high (diff=0.025000s, rgb=10773.762000s, depth=10773.737000s). You may want to set approx_sync_max_interval lower than 0.01s to reject spurious bad synchronizations or use approx_sync=false if streams have all the exact same timestamp. Setting approx_sync_max_interval will suppress this warning.
[rtabmap-2] [INFO] [1768570719.285901121] [rtabmap]: rtabmap (38): Rate=0.50s, Limit=0.000s, Conversion=0.0006s, RTAB-Map=0.4573s, Maps update=0.0001s pub=0.0000s delay=0.5040s (local map=15, WM=15)
[rtabmap-2] [INFO] [1768570719.860136083] [rtabmap]: rtabmap (39): Rate=0.50s, Limit=0.000s, Conversion=0.0009s, RTAB-Map=0.5161s, Maps update=0.0000s pub=0.0000s delay=0.4940s (local map=16, WM=16)
[rtabmap-2] [INFO] [1768570720.231804367] [rtabmap]: rtabmap (40): Rate=0.50s, Limit=0.000s, Conversion=0.0005s, RTAB-Map=0.3477s, Maps update=0.0001s pub=0.0000s delay=0.3530s (local map=16, WM=16)
[rtabmap-2] [INFO] [1768570720.864744700] [rtabmap]: rtabmap (41): Rate=0.50s, Limit=0.000s, Conversion=0.0007s, RTAB-Map=0.4671s, Maps update=0.0000s pub=0.0000s delay=0.4180s (local map=17, WM=17)
[rtabmap-2] [INFO] [1768570721.381636594] [rtabmap]: rtabmap (42): Rate=0.50s, Limit=0.000s, Conversion=0.0005s, RTAB-Map=0.4261s, Maps update=0.0001s pub=0.0000s delay=0.3840s (local map=17, WM=17)
[rtabmap-2] [INFO] [1768570722.040221745] [rtabmap]: rtabmap (43): Rate=0.50s, Limit=0.000s, Conversion=0.0006s, RTAB-Map=0.5559s, Maps update=0.0001s pub=0.0000s delay=0.5600s (local map=18, WM=18)
[rtabmap-2] [INFO] [1768570722.562702611] [rtabmap]: rtabmap (44): Rate=0.50s, Limit=0.000s, Conversion=0.0006s, RTAB-Map=0.4751s, Maps update=0.0001s pub=0.0000s delay=0.4420s (local map=18, WM=18)
[rtabmap-2] [INFO] [1768570723.125307029] [rtabmap]: rtabmap (45): Rate=0.50s, Limit=0.000s, Conversion=0.0006s, RTAB-Map=0.4738s, Maps update=0.0000s pub=0.0000s delay=0.4910s (local map=19, WM=19)
[rtabmap-2] [INFO] [1768570723.605907085] [rtabmap]: rtabmap (46): Rate=0.50s, Limit=0.000s, Conversion=0.0006s, RTAB-Map=0.3965s, Maps update=0.0000s pub=0.0000s delay=0.4190s (local map=19, WM=19)
[rtabmap-2] [INFO] [1768570724.231259304] [rtabmap]: rtabmap (47): Rate=0.50s, Limit=0.000s, Conversion=0.0007s, RTAB-Map=0.4630s, Maps update=0.0000s pub=0.0000s delay=0.4860s (local map=20, WM=20)
[rgbd_sync-1] [WARN] [1768570724.570620370] [rgbd_sync]: The time difference between rgb and depth frames is high (diff=0.035000s, rgb=10779.357000s, depth=10779.392000s). You may want to set approx_sync_max_interval lower than 0.01s to reject spurious bad synchronizations or use approx_sync=false if streams have all the exact same timestamp. Setting approx_sync_max_interval will suppress this warning.
[rtabmap-2] [INFO] [1768570724.692790022] [rtabmap]: rtabmap (48): Rate=0.50s, Limit=0.000s, Conversion=0.0006s, RTAB-Map=0.4171s, Maps update=0.0001s pub=0.0000s delay=0.3760s (local map=20, WM=20)
[rtabmap-2] [INFO] [1768570725.234767939] [rtabmap]: rtabmap (49): Rate=0.50s, Limit=0.000s, Conversion=0.0006s, RTAB-Map=0.4316s, Maps update=0.0001s pub=0.0000s delay=0.4530s (local map=20, WM=20)
[rtabmap-2] [INFO] [1768570725.781404650] [rtabmap]: rtabmap (50): Rate=0.50s, Limit=0.000s, Conversion=0.0006s, RTAB-Map=0.4529s, Maps update=0.0001s pub=0.0000s delay=0.4210s (local map=21, WM=21)
[rgbd_sync-1] [WARN] [1768570725.811019235] [rgbd_sync]: The time difference between rgb and depth frames is high (diff=0.046000s, rgb=10780.641000s, depth=10780.595000s). You may want to set approx_sync_max_interval lower than 0.01s to reject spurious bad synchronizations or use approx_sync=false if streams have all the exact same timestamp. Setting approx_sync_max_interval will suppress this warning.
[rgbd_sync-1] [WARN] [1768570726.281582881] [rgbd_sync]: The time difference between rgb and depth frames is high (diff=0.035000s, rgb=10781.122000s, depth=10781.157000s). You may want to set approx_sync_max_interval lower than 0.01s to reject spurious bad synchronizations or use approx_sync=false if streams have all the exact same timestamp. Setting approx_sync_max_interval will suppress this warning.
[rtabmap-2] [INFO] [1768570726.393315806] [rtabmap]: rtabmap (51): Rate=0.50s, Limit=0.000s, Conversion=0.0012s, RTAB-Map=0.4722s, Maps update=0.0001s pub=0.0000s delay=0.4620s (local map=21, WM=21)
[rtabmap-2] [INFO] [1768570727.070478026] [rtabmap]: rtabmap (52): Rate=0.50s, Limit=0.000s, Conversion=0.0008s, RTAB-Map=0.5589s, Maps update=0.0001s pub=0.0000s delay=0.5490s (local map=21, WM=21)
[rtabmap-2] [INFO] [1768570727.695444975] [rtabmap]: rtabmap (53): Rate=0.50s, Limit=0.000s, Conversion=0.0012s, RTAB-Map=0.5658s, Maps update=0.0000s pub=0.0000s delay=0.5310s (local map=22, WM=22)
[rtabmap-2] [INFO] [1768570728.174642181] [rtabmap]: rtabmap (54): Rate=0.50s, Limit=0.000s, Conversion=0.0006s, RTAB-Map=0.4611s, Maps update=0.0001s pub=0.0000s delay=0.4540s (local map=22, WM=22)
[rtabmap-2] [INFO] [1768570728.651783897] [rtabmap]: rtabmap (55): Rate=0.50s, Limit=0.000s, Conversion=0.0006s, RTAB-Map=0.3863s, Maps update=0.0001s pub=0.0000s delay=0.3900s (local map=22, WM=22)
[rtabmap-2] [INFO] [1768570729.238425110] [rtabmap]: rtabmap (56): Rate=0.50s, Limit=0.000s, Conversion=0.0006s, RTAB-Map=0.4417s, Maps update=0.0000s pub=0.0000s delay=0.4530s (local map=23, WM=23)
[rtabmap-2] [INFO] [1768570729.879961016] [rtabmap]: rtabmap (57): Rate=0.50s, Limit=0.000s, Conversion=0.0006s, RTAB-Map=0.5463s, Maps update=0.0001s pub=0.0000s delay=0.5330s (local map=23, WM=23)
[rtabmap-2] [INFO] [1768570730.327973426] [rtabmap]: rtabmap (58): Rate=0.50s, Limit=0.000s, Conversion=0.0007s, RTAB-Map=0.4275s, Maps update=0.0000s pub=0.0000s delay=0.4720s (local map=23, WM=23)
[rtabmap-2] [INFO] [1768570731.034849304] [rtabmap]: rtabmap (59): Rate=0.50s, Limit=0.000s, Conversion=0.0007s, RTAB-Map=0.5685s, Maps update=0.0001s pub=0.0000s delay=0.5910s (local map=24, WM=24)
[rgbd_sync-1] [WARN] [1768570731.382795861] [rgbd_sync]: The time difference between rgb and depth frames is high (diff=0.029000s, rgb=10786.172000s, depth=10786.201000s). You may want to set approx_sync_max_interval lower than 0.01s to reject spurious bad synchronizations or use approx_sync=false if streams have all the exact same timestamp. Setting approx_sync_max_interval will suppress this warning.
[rtabmap-2] [INFO] [1768570731.580158413] [rtabmap]: rtabmap (60): Rate=0.50s, Limit=0.000s, Conversion=0.0006s, RTAB-Map=0.5138s, Maps update=0.0001s pub=0.0000s delay=0.4950s (local map=24, WM=24)
[rtabmap-2] [INFO] [1768570732.109704777] [rtabmap]: rtabmap (61): Rate=0.50s, Limit=0.000s, Conversion=0.0009s, RTAB-Map=0.4880s, Maps update=0.0001s pub=0.0000s delay=0.4300s (local map=24, WM=24)
[rgbd_sync-1] [WARN] [1768570732.499980912] [rgbd_sync]: The time difference between rgb and depth frames is high (diff=0.035000s, rgb=10787.325000s, depth=10787.360000s). You may want to set approx_sync_max_interval lower than 0.01s to reject spurious bad synchronizations or use approx_sync=false if streams have all the exact same timestamp. Setting approx_sync_max_interval will suppress this warning.
[rtabmap-2] [INFO] [1768570732.651032443] [rtabmap]: rtabmap (62): Rate=0.50s, Limit=0.000s, Conversion=0.0006s, RTAB-Map=0.4528s, Maps update=0.0000s pub=0.0000s delay=0.4780s (local map=25, WM=25)
[rtabmap-2] [INFO] [1768570733.212982096] [rtabmap]: rtabmap (63): Rate=0.50s, Limit=0.000s, Conversion=0.0006s, RTAB-Map=0.4705s, Maps update=0.0001s pub=0.0000s delay=0.4350s (local map=25, WM=25)
[rtabmap-2] [INFO] [1768570733.639026569] [rtabmap]: rtabmap (64): Rate=0.50s, Limit=0.000s, Conversion=0.0005s, RTAB-Map=0.3968s, Maps update=0.0001s pub=0.0000s delay=0.4240s (local map=25, WM=25)
[rtabmap-2] [INFO] [1768570734.334511226] [rtabmap]: rtabmap (65): Rate=0.50s, Limit=0.000s, Conversion=0.0007s, RTAB-Map=0.5920s, Maps update=0.0000s pub=0.0000s delay=0.3150s (local map=26, WM=26)
[rtabmap-2] [INFO] [1768570736.457356112] [rclcpp]: signal_handler(signum=2)
[rgbd_sync-1] [INFO] [1768570736.457402389] [rclcpp]: signal_handler(signum=2)
[rtabmap-2] [INFO] [1768570736.474527038] [rtabmap]: Parameters are not saved (No configuration file provided...)
[INFO] [rgbd_sync-1]: process has finished cleanly [pid 394275]
[rtabmap-2] [33m[ WARN] (2026-01-16 22:38:18.221) Memory.cpp:5917::createSignature() Mem/SaveDepth16Format is set to false to use 32bits format but this is not compatible with the compressed depth format chosen (Mem/DepthCompressionFormat=".rvl"), depth images will be compressed in ".png" format instead. Explicitly set Mem/SaveDepth16Format to true to keep using ".rvl" format and images will be converted to 16bits for convenience (warning: that would remove all depth values over 65 meters). Explicitly set Mem/DepthCompressionFormat=".png" to suppress this warning. This warning is only printed once.[0m
[rtabmap-2] [33m[ WARN] (2026-01-16 22:38:33.513) Memory.cpp:3217::computeTransform() Missing visual features or missing raw data to compute them. Transform cannot be estimated.[0m
[rtabmap-2] [33m[ WARN] (2026-01-16 22:38:34.060) Memory.cpp:3217::computeTransform() Missing visual features or missing raw data to compute them. Transform cannot be estimated.[0m
[rtabmap-2] [33m[ WARN] (2026-01-16 22:38:48.173) Rtabmap.cpp:3069::process() Rejected loop closure 16 -> 54: Not enough inliers 7/20 (matches=21) between 16 and 54[0m
[rtabmap-2] [33m[ WARN] (2026-01-16 22:38:49.237) Rtabmap.cpp:3069::process() Rejected loop closure 35 -> 56: Not enough inliers 9/20 (matches=27) between 35 and 56[0m
[rtabmap-2] [33m[ WARN] (2026-01-16 22:38:49.878) Rtabmap.cpp:3069::process() Rejected loop closure 13 -> 57: Not enough inliers 18/20 (matches=40) between 13 and 57[0m
[rtabmap-2] [33m[ WARN] (2026-01-16 22:38:50.327) Rtabmap.cpp:3069::process() Rejected loop closure 36 -> 58: Not enough inliers 14/20 (matches=41) between 36 and 58[0m
[rtabmap-2] [33m[ WARN] (2026-01-16 22:38:51.033) Rtabmap.cpp:3069::process() Rejected loop closure 13 -> 59: Not enough inliers 19/20 (matches=54) between 13 and 59[0m
[rtabmap-2] [33m[ WARN] (2026-01-16 22:38:51.578) Rtabmap.cpp:3069::process() Rejected loop closure 13 -> 60: Not enough inliers after bundle adjustment 9/20 (matches=24) between 13 and 60[0m
[rtabmap-2] [33m[ WARN] (2026-01-16 22:38:52.108) Rtabmap.cpp:3069::process() Rejected loop closure 13 -> 61: Not enough inliers after bundle adjustment 14/20 (matches=27) between 13 and 61[0m
[rtabmap-2] rtabmap: Saving database/long-term memory... (located at /home/fujino/.ros/rtabmap_ur5e_20260116_223814.db)
[rtabmap-2] rtabmap: Saving database/long-term memory...done! (located at /home/fujino/.ros/rtabmap_ur5e_20260116_223814.db, 96 MB)
[INFO] [rtabmap-2]: process has finished cleanly [pid 394277]
