[INFO] [launch]: All log files can be found below /home/fujino/.ros/log/2026-01-20-01-46-02-225089-fh-1098670
[INFO] [launch]: Default logging verbosity is set to INFO
[INFO] [rgbd_sync-1]: process started with pid [1098676]
[INFO] [rtabmap-2]: process started with pid [1098678]
[rtabmap-2] [INFO] [1768841162.733781230] [rtabmap]: rtabmap(maps): latch                      = true
[rtabmap-2] [INFO] [1768841162.734150983] [rtabmap]: rtabmap(maps): map_filter_radius          = 0.000000
[rtabmap-2] [INFO] [1768841162.734190160] [rtabmap]: rtabmap(maps): map_filter_angle           = 30.000000
[rtabmap-2] [INFO] [1768841162.734209016] [rtabmap]: rtabmap(maps): map_cleanup                = true
[rtabmap-2] [INFO] [1768841162.734222968] [rtabmap]: rtabmap(maps): map_always_update          = false
[rtabmap-2] [INFO] [1768841162.734241143] [rtabmap]: rtabmap(maps): map_empty_ray_tracing      = true
[rtabmap-2] [INFO] [1768841162.734254564] [rtabmap]: rtabmap(maps): cloud_output_voxelized     = true
[rtabmap-2] [INFO] [1768841162.734268012] [rtabmap]: rtabmap(maps): cloud_subtract_filtering   = false
[rtabmap-2] [INFO] [1768841162.734281342] [rtabmap]: rtabmap(maps): cloud_subtract_filtering_min_neighbors = 2
[rtabmap-2] [INFO] [1768841162.734366226] [rtabmap]: rtabmap(maps): octomap_tree_depth         = 16
[rtabmap-2] [INFO] [1768841162.802517293] [rtabmap]: rtabmap: frame_id      = camera_color_optical_frame
[rtabmap-2] [INFO] [1768841162.802578017] [rtabmap]: rtabmap: odom_frame_id = world
[rtabmap-2] [INFO] [1768841162.802588680] [rtabmap]: rtabmap: map_frame_id  = world
[rtabmap-2] [INFO] [1768841162.802596844] [rtabmap]: rtabmap: log_to_rosout_level  = 4
[rtabmap-2] [INFO] [1768841162.802605560] [rtabmap]: rtabmap: initial_pose  = 
[rtabmap-2] [INFO] [1768841162.802613720] [rtabmap]: rtabmap: use_action_for_goal  = false
[rtabmap-2] [INFO] [1768841162.802621521] [rtabmap]: rtabmap: tf_delay      = 0.050000
[rtabmap-2] [INFO] [1768841162.802638823] [rtabmap]: rtabmap: tf_tolerance  = 0.100000
[rtabmap-2] [INFO] [1768841162.802647824] [rtabmap]: rtabmap: odom_sensor_sync   = false
[rtabmap-2] [INFO] [1768841162.802655613] [rtabmap]: rtabmap: pub_loc_pose_only_when_localizing = false
[rtabmap-2] [INFO] [1768841162.802664227] [rtabmap]: rtabmap: wait_for_transform = 0.200000
[rtabmap-2] [INFO] [1768841162.802673341] [rtabmap]: rtabmap: gen_scan  = false
[rtabmap-2] [INFO] [1768841162.802681855] [rtabmap]: rtabmap: gen_depth  = false
[rgbd_sync-1] [INFO] [1768841162.890453012] [rgbd_sync]: rgbd_sync: approx_sync = true
[rgbd_sync-1] [INFO] [1768841162.890806010] [rgbd_sync]: rgbd_sync: approx_sync_max_interval = 0.010000
[rgbd_sync-1] [INFO] [1768841162.890849850] [rgbd_sync]: rgbd_sync: topic_queue_size  = 10
[rgbd_sync-1] [INFO] [1768841162.890867421] [rgbd_sync]: rgbd_sync: sync_queue_size  = 30
[rgbd_sync-1] [INFO] [1768841162.890882693] [rgbd_sync]: rgbd_sync: qos             = 2
[rgbd_sync-1] [INFO] [1768841162.890898049] [rgbd_sync]: rgbd_sync: qos_camera_info = 2
[rgbd_sync-1] [INFO] [1768841162.890912755] [rgbd_sync]: rgbd_sync: depth_scale = 1.000000
[rgbd_sync-1] [INFO] [1768841162.890930152] [rgbd_sync]: rgbd_sync: decimation = 1
[rgbd_sync-1] [INFO] [1768841162.890945231] [rgbd_sync]: rgbd_sync: compressed_rate = 0.000000
[rtabmap-2] [INFO] [1768841162.942562382] [rtabmap]: Setting RTAB-Map parameter "Grid/3D"="true" (rosparam)
[rgbd_sync-1] [INFO] [1768841162.947546632] [rgbd_sync]: 
[rgbd_sync-1] rgbd_sync subscribed to (approx sync, max interval=0.010000s):
[rgbd_sync-1]    /camera/color/image_raw,
[rgbd_sync-1]    /camera/depth/depth/image_raw,
[rgbd_sync-1]    /camera/color/camera_info
[rtabmap-2] [INFO] [1768841162.947841192] [rtabmap]: Setting RTAB-Map parameter "Grid/RangeMax"="5.0" (rosparam)
[rtabmap-2] [INFO] [1768841162.947981029] [rtabmap]: Setting RTAB-Map parameter "Grid/RayTracing"="true" (rosparam)
[rtabmap-2] [INFO] [1768841162.949167955] [rtabmap]: Setting RTAB-Map parameter "Grid/Sensor"="1" (rosparam)
[rtabmap-2] [INFO] [1768841162.979095971] [rtabmap]: Setting RTAB-Map parameter "RGBD/CreateOccupancyGrid"="true" (rosparam)
[rtabmap-2] [INFO] [1768841162.989560576] [rtabmap]: Setting RTAB-Map parameter "Rtabmap/DetectionRate"="2.0" (rosparam)
[rtabmap-2] [INFO] [1768841163.280823040] [rtabmap]: RTAB-Map detection rate = 2.000000 Hz
[rtabmap-2] [INFO] [1768841163.280980611] [rtabmap]: rtabmap: Using database from "/home/fujino/.ros/rtabmap_ur5e_20260120_014601.db" (0 MB).
[rtabmap-2] [INFO] [1768841163.307925620] [rtabmap]: rtabmap: Database version = "0.22.1".
[rtabmap-2] [INFO] [1768841163.308004381] [rtabmap]: rtabmap: SLAM mode (Mem/IncrementalMemory=true)
[rtabmap-2] [INFO] [1768841163.365170511] [rtabmap]: Setup callbacks
[rtabmap-2] [WARN] [1768841163.365277701] [rtabmap]: rtabmap: Parameters subscribe_depth and subscribe_rgbd cannot be true at the same time. Parameter subscribe_depth is set to false.
[rtabmap-2] [INFO] [1768841163.365442670] [rtabmap]: rtabmap: subscribe_depth = false
[rtabmap-2] [INFO] [1768841163.365474217] [rtabmap]: rtabmap: subscribe_rgb = false
[rtabmap-2] [INFO] [1768841163.365491787] [rtabmap]: rtabmap: subscribe_stereo = false
[rtabmap-2] [INFO] [1768841163.365507005] [rtabmap]: rtabmap: subscribe_rgbd = true (rgbd_cameras=1)
[rtabmap-2] [INFO] [1768841163.365524076] [rtabmap]: rtabmap: subscribe_sensor_data = false
[rtabmap-2] [INFO] [1768841163.365538543] [rtabmap]: rtabmap: subscribe_odom_info = false
[rtabmap-2] [INFO] [1768841163.365551989] [rtabmap]: rtabmap: subscribe_user_data = false
[rtabmap-2] [INFO] [1768841163.365565686] [rtabmap]: rtabmap: subscribe_scan = false
[rtabmap-2] [INFO] [1768841163.365579240] [rtabmap]: rtabmap: subscribe_scan_cloud = false
[rtabmap-2] [INFO] [1768841163.365592889] [rtabmap]: rtabmap: subscribe_scan_descriptor = false
[rtabmap-2] [INFO] [1768841163.365608223] [rtabmap]: rtabmap: topic_queue_size = 10
[rtabmap-2] [INFO] [1768841163.365623175] [rtabmap]: rtabmap: sync_queue_size  = 30
[rtabmap-2] [INFO] [1768841163.365636856] [rtabmap]: rtabmap: qos_image       = 2
[rtabmap-2] [INFO] [1768841163.365709589] [rtabmap]: rtabmap: qos_camera_info = 2
[rtabmap-2] [INFO] [1768841163.365730672] [rtabmap]: rtabmap: qos_scan        = 2
[rtabmap-2] [INFO] [1768841163.365745370] [rtabmap]: rtabmap: qos_odom        = 2
[rtabmap-2] [INFO] [1768841163.365759254] [rtabmap]: rtabmap: qos_user_data   = 2
[rtabmap-2] [INFO] [1768841163.365773363] [rtabmap]: rtabmap: approx_sync     = true
[rtabmap-2] [INFO] [1768841163.365804414] [rtabmap]: Setup rgbd callback
[rtabmap-2] [INFO] [1768841163.368863803] [rtabmap]: 
[rtabmap-2] rtabmap subscribed to:
[rtabmap-2]    /rgbd_image
[rtabmap-2] [INFO] [1768841163.962503410] [rtabmap]: rtabmap (1): Rate=0.50s, Limit=0.000s, Conversion=0.0058s, RTAB-Map=0.4471s, Maps update=0.0002s pub=0.0005s delay=0.4930s (local map=1, WM=1)
[rtabmap-2] [INFO] [1768841164.560380560] [rtabmap]: rtabmap (2): Rate=0.50s, Limit=0.000s, Conversion=0.0022s, RTAB-Map=0.5001s, Maps update=0.0080s pub=0.0000s delay=0.5340s (local map=1, WM=1)
[rtabmap-2] [INFO] [1768841164.982723795] [rtabmap]: rtabmap (3): Rate=0.50s, Limit=0.000s, Conversion=0.0016s, RTAB-Map=0.3816s, Maps update=0.0061s pub=0.0000s delay=0.4080s (local map=1, WM=1)
[rtabmap-2] [INFO] [1768841165.519046746] [rtabmap]: rtabmap (4): Rate=0.50s, Limit=0.000s, Conversion=0.0017s, RTAB-Map=0.4080s, Maps update=0.0067s pub=0.0000s delay=0.3820s (local map=1, WM=1)
[rtabmap-2] [INFO] [1768841166.044266721] [rtabmap]: rtabmap (5): Rate=0.50s, Limit=0.000s, Conversion=0.0020s, RTAB-Map=0.4181s, Maps update=0.0079s pub=0.0000s delay=0.3700s (local map=1, WM=1)
[rtabmap-2] [INFO] [1768841166.606499130] [rtabmap]: rtabmap (6): Rate=0.50s, Limit=0.000s, Conversion=0.0015s, RTAB-Map=0.4291s, Maps update=0.0071s pub=0.0000s delay=0.4360s (local map=1, WM=1)
[rtabmap-2] [INFO] [1768841167.102110117] [rtabmap]: rtabmap (7): Rate=0.50s, Limit=0.000s, Conversion=0.0025s, RTAB-Map=0.3821s, Maps update=0.0072s pub=0.0000s delay=0.3960s (local map=1, WM=1)
[rtabmap-2] [INFO] [1768841167.642513968] [rtabmap]: rtabmap (8): Rate=0.50s, Limit=0.000s, Conversion=0.0022s, RTAB-Map=0.3835s, Maps update=0.0059s pub=0.0000s delay=0.3540s (local map=1, WM=1)
[rtabmap-2] [INFO] [1768841168.137077780] [rtabmap]: rtabmap (9): Rate=0.50s, Limit=0.000s, Conversion=0.0007s, RTAB-Map=0.3546s, Maps update=0.0049s pub=0.0000s delay=0.3170s (local map=1, WM=1)
[rtabmap-2] [INFO] [1768841168.777543919] [rtabmap]: rtabmap (10): Rate=0.50s, Limit=0.000s, Conversion=0.0003s, RTAB-Map=0.3378s, Maps update=0.0070s pub=0.0000s delay=0.3770s (local map=1, WM=1)
[rtabmap-2] [INFO] [1768841169.300613877] [rtabmap]: rtabmap (11): Rate=0.50s, Limit=0.000s, Conversion=0.0005s, RTAB-Map=0.3434s, Maps update=0.0048s pub=0.0000s delay=0.3640s (local map=1, WM=1)
[rtabmap-2] [INFO] [1768841169.986669017] [rtabmap]: rtabmap (12): Rate=0.50s, Limit=0.000s, Conversion=0.0007s, RTAB-Map=0.3684s, Maps update=0.0076s pub=0.0000s delay=0.3960s (local map=1, WM=1)
[rtabmap-2] [INFO] [1768841170.633686034] [rtabmap]: rtabmap (13): Rate=0.50s, Limit=0.000s, Conversion=0.0004s, RTAB-Map=0.3529s, Maps update=0.0039s pub=0.0000s delay=0.3220s (local map=1, WM=1)
[rtabmap-2] [INFO] [1768841171.128992610] [rtabmap]: rtabmap (14): Rate=0.50s, Limit=0.000s, Conversion=0.0014s, RTAB-Map=0.3304s, Maps update=0.0051s pub=0.0000s delay=0.3210s (local map=1, WM=1)
[rtabmap-2] [INFO] [1768841171.793600539] [rtabmap]: rtabmap (15): Rate=0.50s, Limit=0.000s, Conversion=0.0025s, RTAB-Map=0.3664s, Maps update=0.0051s pub=0.0000s delay=0.4020s (local map=1, WM=1)
[rtabmap-2] [INFO] [1768841172.282982537] [rtabmap]: rtabmap (16): Rate=0.50s, Limit=0.000s, Conversion=0.0005s, RTAB-Map=0.3541s, Maps update=0.0050s pub=0.0000s delay=0.3870s (local map=1, WM=1)
[rtabmap-2] [INFO] [1768841172.841124027] [rtabmap]: rtabmap (17): Rate=0.50s, Limit=0.000s, Conversion=0.0022s, RTAB-Map=0.3706s, Maps update=0.0050s pub=0.0002s delay=0.3390s (local map=2, WM=2)
[rtabmap-2] [INFO] [1768841173.347940027] [rtabmap]: rtabmap (18): Rate=0.50s, Limit=0.000s, Conversion=0.0006s, RTAB-Map=0.3596s, Maps update=0.0061s pub=0.0000s delay=0.3330s (local map=2, WM=2)
[rtabmap-2] [INFO] [1768841173.851546150] [rtabmap]: rtabmap (19): Rate=0.50s, Limit=0.000s, Conversion=0.0007s, RTAB-Map=0.3414s, Maps update=0.0076s pub=0.0000s delay=0.3150s (local map=2, WM=2)
[rtabmap-2] [INFO] [1768841174.401530127] [rtabmap]: rtabmap (20): Rate=0.50s, Limit=0.000s, Conversion=0.0018s, RTAB-Map=0.3670s, Maps update=0.0038s pub=0.0003s delay=0.3960s (local map=3, WM=3)
[rtabmap-2] [INFO] [1768841174.927867492] [rtabmap]: rtabmap (21): Rate=0.50s, Limit=0.000s, Conversion=0.0013s, RTAB-Map=0.3771s, Maps update=0.0058s pub=0.0000s delay=0.3670s (local map=3, WM=3)
[rtabmap-2] [INFO] [1768841175.445997088] [rtabmap]: rtabmap (22): Rate=0.50s, Limit=0.000s, Conversion=0.0005s, RTAB-Map=0.3792s, Maps update=0.0072s pub=0.0000s delay=0.3660s (local map=3, WM=3)
[rtabmap-2] [INFO] [1768841176.105658329] [rtabmap]: rtabmap (23): Rate=0.50s, Limit=0.000s, Conversion=0.0013s, RTAB-Map=0.4396s, Maps update=0.0068s pub=0.0004s delay=0.4670s (local map=4, WM=4)
[rtabmap-2] [INFO] [1768841176.560494018] [rtabmap]: rtabmap (24): Rate=0.50s, Limit=0.000s, Conversion=0.0012s, RTAB-Map=0.3737s, Maps update=0.0050s pub=0.0000s delay=0.3440s (local map=4, WM=4)
[rtabmap-2] [INFO] [1768841177.131389282] [rtabmap]: rtabmap (25): Rate=0.50s, Limit=0.000s, Conversion=0.0006s, RTAB-Map=0.4329s, Maps update=0.0047s pub=0.0000s delay=0.4430s (local map=4, WM=4)
[rtabmap-2] [INFO] [1768841177.705925897] [rtabmap]: rtabmap (26): Rate=0.50s, Limit=0.000s, Conversion=0.0006s, RTAB-Map=0.4604s, Maps update=0.0042s pub=0.0005s delay=0.4980s (local map=5, WM=5)
[rtabmap-2] [INFO] [1768841178.135332440] [rtabmap]: rtabmap (27): Rate=0.50s, Limit=0.000s, Conversion=0.0008s, RTAB-Map=0.3896s, Maps update=0.0022s pub=0.0000s delay=0.3930s (local map=5, WM=5)
[rtabmap-2] [INFO] [1768841178.580105385] [rtabmap]: rtabmap (28): Rate=0.50s, Limit=0.000s, Conversion=0.0005s, RTAB-Map=0.3112s, Maps update=0.0029s pub=0.0000s delay=0.2560s (local map=5, WM=5)
[rtabmap-2] [INFO] [1768841179.527379477] [rtabmap]: rtabmap (29): Rate=0.50s, Limit=0.000s, Conversion=0.0006s, RTAB-Map=0.4082s, Maps update=0.0027s pub=0.0004s delay=0.4260s (local map=6, WM=6)
[rtabmap-2] [INFO] [1768841180.259895205] [rtabmap]: rtabmap (30): Rate=0.50s, Limit=0.000s, Conversion=0.0005s, RTAB-Map=0.3650s, Maps update=0.0029s pub=0.0000s delay=0.3430s (local map=6, WM=6)
[rtabmap-2] [INFO] [1768841180.869682529] [rtabmap]: rtabmap (31): Rate=0.50s, Limit=0.000s, Conversion=0.0006s, RTAB-Map=0.3258s, Maps update=0.0020s pub=0.0005s delay=0.3010s (local map=7, WM=7)
[rtabmap-2] [INFO] [1768841181.404302460] [rtabmap]: rtabmap (32): Rate=0.50s, Limit=0.000s, Conversion=0.0005s, RTAB-Map=0.3586s, Maps update=0.0027s pub=0.0000s delay=0.3920s (local map=7, WM=7)
[rtabmap-2] [INFO] [1768841181.960074556] [rtabmap]: rtabmap (33): Rate=0.50s, Limit=0.000s, Conversion=0.0007s, RTAB-Map=0.3390s, Maps update=0.0036s pub=0.0001s delay=0.3270s (local map=7, WM=7)
[rtabmap-2] [INFO] [1768841182.552537618] [rtabmap]: rtabmap (34): Rate=0.50s, Limit=0.000s, Conversion=0.0008s, RTAB-Map=0.3040s, Maps update=0.0040s pub=0.0004s delay=0.2840s (local map=8, WM=8)
[rtabmap-2] [INFO] [1768841183.094115813] [rtabmap]: rtabmap (35): Rate=0.50s, Limit=0.000s, Conversion=0.0008s, RTAB-Map=0.3039s, Maps update=0.0040s pub=0.0000s delay=0.2500s (local map=8, WM=8)
[rtabmap-2] [INFO] [1768841183.937378060] [rtabmap]: rtabmap (36): Rate=0.50s, Limit=0.000s, Conversion=0.0006s, RTAB-Map=0.3855s, Maps update=0.0040s pub=0.0005s delay=0.3980s (local map=9, WM=9)
[rtabmap-2] [INFO] [1768841184.397981266] [rtabmap]: rtabmap (37): Rate=0.50s, Limit=0.000s, Conversion=0.0006s, RTAB-Map=0.2923s, Maps update=0.0043s pub=0.0000s delay=0.2470s (local map=9, WM=9)
[rtabmap-2] [INFO] [1768841184.973485316] [rtabmap]: rtabmap (38): Rate=0.50s, Limit=0.000s, Conversion=0.0005s, RTAB-Map=0.3373s, Maps update=0.0032s pub=0.0004s delay=0.3190s (local map=10, WM=10)
[rtabmap-2] [INFO] [1768841185.528304301] [rtabmap]: rtabmap (39): Rate=0.50s, Limit=0.000s, Conversion=0.0004s, RTAB-Map=0.3724s, Maps update=0.0041s pub=0.0010s delay=0.3940s (local map=11, WM=11)
[rtabmap-2] [INFO] [1768841186.069400702] [rtabmap]: rtabmap (40): Rate=0.50s, Limit=0.000s, Conversion=0.0005s, RTAB-Map=0.4118s, Maps update=0.0063s pub=0.0000s delay=0.3940s (local map=11, WM=11)
[rtabmap-2] [INFO] [1768841186.803591721] [rtabmap]: rtabmap (41): Rate=0.50s, Limit=0.000s, Conversion=0.0005s, RTAB-Map=0.4293s, Maps update=0.0049s pub=0.0007s delay=0.3720s (local map=12, WM=12)
[rtabmap-2] [INFO] [1768841187.363942946] [rtabmap]: rtabmap (42): Rate=0.50s, Limit=0.000s, Conversion=0.0010s, RTAB-Map=0.3578s, Maps update=0.0055s pub=0.0000s delay=0.3400s (local map=12, WM=12)
[rtabmap-2] [INFO] [1768841187.926984541] [rtabmap]: rtabmap (43): Rate=0.50s, Limit=0.000s, Conversion=0.0007s, RTAB-Map=0.4000s, Maps update=0.0053s pub=0.0011s delay=0.4270s (local map=13, WM=13)
[rtabmap-2] [INFO] [1768841188.419969439] [rtabmap]: rtabmap (44): Rate=0.50s, Limit=0.000s, Conversion=0.0009s, RTAB-Map=0.2793s, Maps update=0.0052s pub=0.0000s delay=0.3190s (local map=13, WM=13)
[rtabmap-2] [INFO] [1768841189.122192446] [rtabmap]: rtabmap (45): Rate=0.50s, Limit=0.000s, Conversion=0.0005s, RTAB-Map=0.3468s, Maps update=0.0057s pub=0.0005s delay=0.3800s (local map=14, WM=14)
[rtabmap-2] [INFO] [1768841190.025480484] [rtabmap]: rtabmap (46): Rate=0.50s, Limit=0.000s, Conversion=0.0012s, RTAB-Map=0.4160s, Maps update=0.0038s pub=0.0008s delay=0.4670s (local map=15, WM=15)
[rtabmap-2] [INFO] [1768841190.551284396] [rtabmap]: rtabmap (47): Rate=0.50s, Limit=0.000s, Conversion=0.0006s, RTAB-Map=0.3930s, Maps update=0.0034s pub=0.0000s delay=0.4120s (local map=15, WM=15)
[rtabmap-2] [INFO] [1768841191.148288742] [rtabmap]: rtabmap (48): Rate=0.50s, Limit=0.000s, Conversion=0.0004s, RTAB-Map=0.4853s, Maps update=0.0041s pub=0.0008s delay=0.5120s (local map=16, WM=16)
[rtabmap-2] [INFO] [1768841191.588260320] [rtabmap]: rtabmap (49): Rate=0.50s, Limit=0.000s, Conversion=0.0006s, RTAB-Map=0.4052s, Maps update=0.0029s pub=0.0000s delay=0.3930s (local map=16, WM=16)
[rtabmap-2] [INFO] [1768841192.132825895] [rtabmap]: rtabmap (50): Rate=0.50s, Limit=0.000s, Conversion=0.0008s, RTAB-Map=0.4156s, Maps update=0.0041s pub=0.0000s delay=0.4660s (local map=16, WM=16)
[rtabmap-2] [INFO] [1768841192.609855706] [rtabmap]: rtabmap (51): Rate=0.50s, Limit=0.000s, Conversion=0.0013s, RTAB-Map=0.3678s, Maps update=0.0050s pub=0.0000s delay=0.3290s (local map=16, WM=16)
[rtabmap-2] [INFO] [1768841193.229911863] [rtabmap]: rtabmap (52): Rate=0.50s, Limit=0.000s, Conversion=0.0006s, RTAB-Map=0.3441s, Maps update=0.0037s pub=0.0000s delay=0.3010s (local map=16, WM=16)
[rtabmap-2] [INFO] [1768841193.844601728] [rtabmap]: rtabmap (53): Rate=0.50s, Limit=0.000s, Conversion=0.0005s, RTAB-Map=0.3956s, Maps update=0.0031s pub=0.0000s delay=0.4360s (local map=16, WM=16)
[rtabmap-2] [INFO] [1768841194.418060944] [rtabmap]: rtabmap (54): Rate=0.50s, Limit=0.000s, Conversion=0.0009s, RTAB-Map=0.4540s, Maps update=0.0033s pub=0.0009s delay=0.4280s (local map=17, WM=17)
[rtabmap-2] [INFO] [1768841194.983367749] [rtabmap]: rtabmap (55): Rate=0.50s, Limit=0.000s, Conversion=0.0010s, RTAB-Map=0.4686s, Maps update=0.0057s pub=0.0000s delay=0.4600s (local map=17, WM=17)
[rtabmap-2] [INFO] [1768841195.466652708] [rtabmap]: rtabmap (56): Rate=0.50s, Limit=0.000s, Conversion=0.0004s, RTAB-Map=0.4317s, Maps update=0.0055s pub=0.0000s delay=0.4530s (local map=17, WM=17)
[rtabmap-2] [INFO] [1768841195.896792565] [rtabmap]: rtabmap (57): Rate=0.50s, Limit=0.000s, Conversion=0.0012s, RTAB-Map=0.3606s, Maps update=0.0026s pub=0.0010s delay=0.3400s (local map=18, WM=18)
[rtabmap-2] [INFO] [1768841196.421370131] [rtabmap]: rtabmap (58): Rate=0.50s, Limit=0.000s, Conversion=0.0011s, RTAB-Map=0.3348s, Maps update=0.0030s pub=0.0000s delay=0.3030s (local map=18, WM=18)
[rtabmap-2] [INFO] [1768841196.973052513] [rtabmap]: rtabmap (59): Rate=0.50s, Limit=0.000s, Conversion=0.0005s, RTAB-Map=0.3764s, Maps update=0.0048s pub=0.0000s delay=0.3980s (local map=18, WM=18)
[rtabmap-2] [INFO] [1768841197.610587991] [rtabmap]: rtabmap (60): Rate=0.50s, Limit=0.000s, Conversion=0.0011s, RTAB-Map=0.4630s, Maps update=0.0047s pub=0.0009s delay=0.4370s (local map=19, WM=19)
[rtabmap-2] [INFO] [1768841198.015793013] [rtabmap]: rtabmap (61): Rate=0.50s, Limit=0.000s, Conversion=0.0005s, RTAB-Map=0.3746s, Maps update=0.0027s pub=0.0005s delay=0.3360s (local map=20, WM=20)
[rtabmap-2] [INFO] [1768841198.596829319] [rtabmap]: rtabmap (62): Rate=0.50s, Limit=0.000s, Conversion=0.0006s, RTAB-Map=0.3968s, Maps update=0.0053s pub=0.0000s delay=0.3990s (local map=20, WM=20)
[rtabmap-2] [INFO] [1768841199.163944304] [rtabmap]: rtabmap (63): Rate=0.50s, Limit=0.000s, Conversion=0.0006s, RTAB-Map=0.3386s, Maps update=0.0055s pub=0.0000s delay=0.3520s (local map=20, WM=20)
[rtabmap-2] [INFO] [1768841199.714893653] [rtabmap]: rtabmap (64): Rate=0.50s, Limit=0.000s, Conversion=0.0013s, RTAB-Map=0.3545s, Maps update=0.0035s pub=0.0008s delay=0.3300s (local map=21, WM=21)
[rtabmap-2] [INFO] [1768841200.188295900] [rtabmap]: rtabmap (65): Rate=0.50s, Limit=0.000s, Conversion=0.0007s, RTAB-Map=0.3049s, Maps update=0.0051s pub=0.0000s delay=0.3150s (local map=21, WM=21)
[rtabmap-2] [INFO] [1768841200.797326899] [rtabmap]: rtabmap (66): Rate=0.50s, Limit=0.000s, Conversion=0.0007s, RTAB-Map=0.3869s, Maps update=0.0027s pub=0.0000s delay=0.3800s (local map=21, WM=21)
[rtabmap-2] [INFO] [1768841201.377658998] [rtabmap]: rtabmap (67): Rate=0.50s, Limit=0.000s, Conversion=0.0008s, RTAB-Map=0.4536s, Maps update=0.0046s pub=0.0010s delay=0.4780s (local map=22, WM=22)
[rtabmap-2] [INFO] [1768841201.775144222] [rtabmap]: rtabmap (68): Rate=0.50s, Limit=0.000s, Conversion=0.0010s, RTAB-Map=0.3538s, Maps update=0.0042s pub=0.0000s delay=0.3760s (local map=22, WM=22)
[rtabmap-2] [INFO] [1768841202.425291157] [rtabmap]: rtabmap (69): Rate=0.50s, Limit=0.000s, Conversion=0.0006s, RTAB-Map=0.4158s, Maps update=0.0050s pub=0.0000s delay=0.3870s (local map=22, WM=22)
[rtabmap-2] [INFO] [1768841202.872952698] [rtabmap]: rtabmap (70): Rate=0.50s, Limit=0.000s, Conversion=0.0006s, RTAB-Map=0.3553s, Maps update=0.0044s pub=0.0000s delay=0.3850s (local map=22, WM=22)
[rtabmap-2] [INFO] [1768841203.436609712] [rtabmap]: rtabmap (71): Rate=0.50s, Limit=0.000s, Conversion=0.0005s, RTAB-Map=0.3524s, Maps update=0.0053s pub=0.0000s delay=0.3070s (local map=22, WM=22)
[rtabmap-2] [INFO] [1768841204.008920021] [rtabmap]: rtabmap (72): Rate=0.50s, Limit=0.000s, Conversion=0.0006s, RTAB-Map=0.3992s, Maps update=0.0030s pub=0.0000s delay=0.4050s (local map=22, WM=22)
[rtabmap-2] [INFO] [1768841204.488523724] [rtabmap]: rtabmap (73): Rate=0.50s, Limit=0.000s, Conversion=0.0007s, RTAB-Map=0.3732s, Maps update=0.0058s pub=0.0000s delay=0.3880s (local map=22, WM=22)
[rtabmap-2] [INFO] [1768841204.964929528] [rtabmap]: rtabmap (74): Rate=0.50s, Limit=0.000s, Conversion=0.0010s, RTAB-Map=0.3371s, Maps update=0.0030s pub=0.0000s delay=0.3800s (local map=22, WM=22)
[rtabmap-2] [INFO] [1768841205.012799435] [rclcpp]: signal_handler(signum=2)
[rgbd_sync-1] [INFO] [1768841205.012803121] [rclcpp]: signal_handler(signum=2)
[rtabmap-2] [INFO] [1768841205.019217273] [rtabmap]: Parameters are not saved (No configuration file provided...)
[INFO] [rgbd_sync-1]: process has finished cleanly [pid 1098676]
[rtabmap-2] [33m[ WARN] (2026-01-20 01:46:03.537) Memory.cpp:5917::createSignature() Mem/SaveDepth16Format is set to false to use 32bits format but this is not compatible with the compressed depth format chosen (Mem/DepthCompressionFormat=".rvl"), depth images will be compressed in ".png" format instead. Explicitly set Mem/SaveDepth16Format to true to keep using ".rvl" format and images will be converted to 16bits for convenience (warning: that would remove all depth values over 65 meters). Explicitly set Mem/DepthCompressionFormat=".png" to suppress this warning. This warning is only printed once.[0m
[rtabmap-2] [33m[ WARN] (2026-01-20 01:46:03.962) MapsManager.cpp:863::publishMaps() Graph has changed! The whole cloud is regenerated.[0m
[rtabmap-2] [33m[ WARN] (2026-01-20 01:46:37.603) Rtabmap.cpp:3069::process() Rejected loop closure 20 -> 60: Not enough inliers after bundle adjustment 17/20 (matches=21) between 20 and 60[0m
[rtabmap-2] rtabmap: Saving database/long-term memory... (located at /home/fujino/.ros/rtabmap_ur5e_20260120_014601.db)
[rtabmap-2] rtabmap: Saving database/long-term memory...done! (located at /home/fujino/.ros/rtabmap_ur5e_20260120_014601.db, 111 MB)
[INFO] [rtabmap-2]: process has finished cleanly [pid 1098678]
