[INFO] [launch]: All log files can be found below /home/fujino/.ros/log/2026-01-18-22-35-17-574632-fh-716092
[INFO] [launch]: Default logging verbosity is set to INFO
[INFO] [rgbd_sync-1]: process started with pid [716103]
[INFO] [rtabmap-2]: process started with pid [716105]
[rgbd_sync-1] [INFO] [1768743318.327243493] [rgbd_sync]: rgbd_sync: approx_sync = true
[rgbd_sync-1] [INFO] [1768743318.327550654] [rgbd_sync]: rgbd_sync: approx_sync_max_interval = 0.010000
[rgbd_sync-1] [INFO] [1768743318.327584484] [rgbd_sync]: rgbd_sync: topic_queue_size  = 10
[rgbd_sync-1] [INFO] [1768743318.327597833] [rgbd_sync]: rgbd_sync: sync_queue_size  = 30
[rgbd_sync-1] [INFO] [1768743318.327609271] [rgbd_sync]: rgbd_sync: qos             = 2
[rgbd_sync-1] [INFO] [1768743318.327620522] [rgbd_sync]: rgbd_sync: qos_camera_info = 2
[rgbd_sync-1] [INFO] [1768743318.327631338] [rgbd_sync]: rgbd_sync: depth_scale = 1.000000
[rgbd_sync-1] [INFO] [1768743318.327643827] [rgbd_sync]: rgbd_sync: decimation = 1
[rgbd_sync-1] [INFO] [1768743318.327654841] [rgbd_sync]: rgbd_sync: compressed_rate = 0.000000
[rtabmap-2] [INFO] [1768743318.354535413] [rtabmap]: rtabmap(maps): latch                      = true
[rtabmap-2] [INFO] [1768743318.356513439] [rtabmap]: rtabmap(maps): map_filter_radius          = 0.000000
[rtabmap-2] [INFO] [1768743318.356561549] [rtabmap]: rtabmap(maps): map_filter_angle           = 30.000000
[rtabmap-2] [INFO] [1768743318.356578001] [rtabmap]: rtabmap(maps): map_cleanup                = true
[rtabmap-2] [INFO] [1768743318.356590155] [rtabmap]: rtabmap(maps): map_always_update          = false
[rtabmap-2] [INFO] [1768743318.356601123] [rtabmap]: rtabmap(maps): map_empty_ray_tracing      = true
[rtabmap-2] [INFO] [1768743318.356611715] [rtabmap]: rtabmap(maps): cloud_output_voxelized     = true
[rtabmap-2] [INFO] [1768743318.356622026] [rtabmap]: rtabmap(maps): cloud_subtract_filtering   = false
[rtabmap-2] [INFO] [1768743318.356632278] [rtabmap]: rtabmap(maps): cloud_subtract_filtering_min_neighbors = 2
[rtabmap-2] [INFO] [1768743318.357715807] [rtabmap]: rtabmap(maps): octomap_tree_depth         = 16
[rgbd_sync-1] [INFO] [1768743318.398716536] [rgbd_sync]: 
[rgbd_sync-1] rgbd_sync subscribed to (approx sync, max interval=0.010000s):
[rgbd_sync-1]    /camera/color/image_raw,
[rgbd_sync-1]    /camera/depth/depth/image_raw,
[rgbd_sync-1]    /camera/color/camera_info
[rtabmap-2] [INFO] [1768743318.458193058] [rtabmap]: rtabmap: frame_id      = camera_color_optical_frame
[rtabmap-2] [INFO] [1768743318.458234555] [rtabmap]: rtabmap: odom_frame_id = world
[rtabmap-2] [INFO] [1768743318.458238582] [rtabmap]: rtabmap: map_frame_id  = world
[rtabmap-2] [INFO] [1768743318.458241490] [rtabmap]: rtabmap: log_to_rosout_level  = 4
[rtabmap-2] [INFO] [1768743318.458245047] [rtabmap]: rtabmap: initial_pose  = 
[rtabmap-2] [INFO] [1768743318.458248157] [rtabmap]: rtabmap: use_action_for_goal  = false
[rtabmap-2] [INFO] [1768743318.458251449] [rtabmap]: rtabmap: tf_delay      = 0.050000
[rtabmap-2] [INFO] [1768743318.458262593] [rtabmap]: rtabmap: tf_tolerance  = 0.100000
[rtabmap-2] [INFO] [1768743318.458267652] [rtabmap]: rtabmap: odom_sensor_sync   = false
[rtabmap-2] [INFO] [1768743318.458271772] [rtabmap]: rtabmap: pub_loc_pose_only_when_localizing = false
[rtabmap-2] [INFO] [1768743318.458276653] [rtabmap]: rtabmap: wait_for_transform = 0.200000
[rtabmap-2] [INFO] [1768743318.458282093] [rtabmap]: rtabmap: gen_scan  = false
[rtabmap-2] [INFO] [1768743318.458286804] [rtabmap]: rtabmap: gen_depth  = false
[rtabmap-2] [INFO] [1768743318.499974456] [rtabmap]: Setting RTAB-Map parameter "Grid/3D"="true" (rosparam)
[rtabmap-2] [INFO] [1768743318.502797417] [rtabmap]: Setting RTAB-Map parameter "Grid/RangeMax"="5.0" (rosparam)
[rtabmap-2] [INFO] [1768743318.503114046] [rtabmap]: Setting RTAB-Map parameter "Grid/RayTracing"="true" (rosparam)
[rtabmap-2] [INFO] [1768743318.503500118] [rtabmap]: Setting RTAB-Map parameter "Grid/Sensor"="1" (rosparam)
[rtabmap-2] [INFO] [1768743318.528033963] [rtabmap]: Setting RTAB-Map parameter "RGBD/CreateOccupancyGrid"="true" (rosparam)
[rtabmap-2] [INFO] [1768743318.537064719] [rtabmap]: Setting RTAB-Map parameter "Rtabmap/DetectionRate"="2.0" (rosparam)
[rtabmap-2] [INFO] [1768743318.738119966] [rtabmap]: RTAB-Map detection rate = 2.000000 Hz
[rtabmap-2] [INFO] [1768743318.738326161] [rtabmap]: rtabmap: Using database from "/home/fujino/.ros/rtabmap_ur5e_20260118_223517.db" (0 MB).
[rtabmap-2] [INFO] [1768743318.757739715] [rtabmap]: rtabmap: Database version = "0.22.1".
[rtabmap-2] [INFO] [1768743318.757800199] [rtabmap]: rtabmap: SLAM mode (Mem/IncrementalMemory=true)
[rtabmap-2] [INFO] [1768743318.794453290] [rtabmap]: Setup callbacks
[rtabmap-2] [WARN] [1768743318.794554449] [rtabmap]: rtabmap: Parameters subscribe_depth and subscribe_rgbd cannot be true at the same time. Parameter subscribe_depth is set to false.
[rtabmap-2] [INFO] [1768743318.794826566] [rtabmap]: rtabmap: subscribe_depth = false
[rtabmap-2] [INFO] [1768743318.794842282] [rtabmap]: rtabmap: subscribe_rgb = false
[rtabmap-2] [INFO] [1768743318.794848026] [rtabmap]: rtabmap: subscribe_stereo = false
[rtabmap-2] [INFO] [1768743318.794853620] [rtabmap]: rtabmap: subscribe_rgbd = true (rgbd_cameras=1)
[rtabmap-2] [INFO] [1768743318.794860652] [rtabmap]: rtabmap: subscribe_sensor_data = false
[rtabmap-2] [INFO] [1768743318.794864970] [rtabmap]: rtabmap: subscribe_odom_info = false
[rtabmap-2] [INFO] [1768743318.794868701] [rtabmap]: rtabmap: subscribe_user_data = false
[rtabmap-2] [INFO] [1768743318.794872145] [rtabmap]: rtabmap: subscribe_scan = false
[rtabmap-2] [INFO] [1768743318.794875674] [rtabmap]: rtabmap: subscribe_scan_cloud = false
[rtabmap-2] [INFO] [1768743318.794879250] [rtabmap]: rtabmap: subscribe_scan_descriptor = false
[rtabmap-2] [INFO] [1768743318.794883023] [rtabmap]: rtabmap: topic_queue_size = 10
[rtabmap-2] [INFO] [1768743318.794886841] [rtabmap]: rtabmap: sync_queue_size  = 30
[rtabmap-2] [INFO] [1768743318.794890425] [rtabmap]: rtabmap: qos_image       = 2
[rtabmap-2] [INFO] [1768743318.794926959] [rtabmap]: rtabmap: qos_camera_info = 2
[rtabmap-2] [INFO] [1768743318.794933130] [rtabmap]: rtabmap: qos_scan        = 2
[rtabmap-2] [INFO] [1768743318.794938743] [rtabmap]: rtabmap: qos_odom        = 2
[rtabmap-2] [INFO] [1768743318.794943708] [rtabmap]: rtabmap: qos_user_data   = 2
[rtabmap-2] [INFO] [1768743318.794948890] [rtabmap]: rtabmap: approx_sync     = true
[rtabmap-2] [INFO] [1768743318.794964950] [rtabmap]: Setup rgbd callback
[rtabmap-2] [INFO] [1768743318.796206510] [rtabmap]: 
[rtabmap-2] rtabmap subscribed to:
[rtabmap-2]    /rgbd_image
[rtabmap-2] [INFO] [1768743319.302960388] [rtabmap]: rtabmap (1): Rate=0.50s, Limit=0.000s, Conversion=0.0018s, RTAB-Map=0.3789s, Maps update=0.0085s pub=0.0004s delay=0.4070s (local map=1, WM=1)
[rtabmap-2] [INFO] [1768743319.801430327] [rtabmap]: rtabmap (2): Rate=0.50s, Limit=0.000s, Conversion=0.0012s, RTAB-Map=0.3527s, Maps update=0.0073s pub=0.0000s delay=0.3580s (local map=1, WM=1)
[rtabmap-2] [INFO] [1768743320.283726197] [rtabmap]: rtabmap (3): Rate=0.50s, Limit=0.000s, Conversion=0.0012s, RTAB-Map=0.3157s, Maps update=0.0093s pub=0.0000s delay=0.3430s (local map=1, WM=1)
[rtabmap-2] [INFO] [1768743320.898739258] [rtabmap]: rtabmap (4): Rate=0.50s, Limit=0.000s, Conversion=0.0021s, RTAB-Map=0.4094s, Maps update=0.0077s pub=0.0000s delay=0.4150s (local map=1, WM=1)
[rtabmap-2] [INFO] [1768743321.485423903] [rtabmap]: rtabmap (5): Rate=0.50s, Limit=0.000s, Conversion=0.0019s, RTAB-Map=0.3974s, Maps update=0.0043s pub=0.0000s delay=0.4220s (local map=1, WM=1)
[rtabmap-2] [INFO] [1768743321.971674470] [rtabmap]: rtabmap (6): Rate=0.50s, Limit=0.000s, Conversion=0.0006s, RTAB-Map=0.3288s, Maps update=0.0034s pub=0.0000s delay=0.3750s (local map=1, WM=1)
[rtabmap-2] [INFO] [1768743322.507223152] [rtabmap]: rtabmap (7): Rate=0.50s, Limit=0.000s, Conversion=0.0017s, RTAB-Map=0.3424s, Maps update=0.0079s pub=0.0000s delay=0.3630s (local map=1, WM=1)
[rtabmap-2] [INFO] [1768743322.980906298] [rtabmap]: rtabmap (8): Rate=0.50s, Limit=0.000s, Conversion=0.0008s, RTAB-Map=0.2932s, Maps update=0.0052s pub=0.0000s delay=0.3330s (local map=1, WM=1)
[rtabmap-2] [INFO] [1768743323.615176043] [rtabmap]: rtabmap (9): Rate=0.50s, Limit=0.000s, Conversion=0.0033s, RTAB-Map=0.3401s, Maps update=0.0055s pub=0.0000s delay=0.3390s (local map=1, WM=1)
[rtabmap-2] [INFO] [1768743324.211034796] [rtabmap]: rtabmap (10): Rate=0.50s, Limit=0.000s, Conversion=0.0004s, RTAB-Map=0.3908s, Maps update=0.0040s pub=0.0000s delay=0.4050s (local map=1, WM=1)
[rtabmap-2] [INFO] [1768743324.599778741] [rtabmap]: rtabmap (11): Rate=0.50s, Limit=0.000s, Conversion=0.0015s, RTAB-Map=0.2661s, Maps update=0.0059s pub=0.0000s delay=0.2680s (local map=1, WM=1)
[rtabmap-2] [INFO] [1768743325.258883871] [rtabmap]: rtabmap (12): Rate=0.50s, Limit=0.000s, Conversion=0.0004s, RTAB-Map=0.3788s, Maps update=0.0072s pub=0.0000s delay=0.3470s (local map=1, WM=1)
[rtabmap-2] [INFO] [1768743325.734104777] [rtabmap]: rtabmap (13): Rate=0.50s, Limit=0.000s, Conversion=0.0006s, RTAB-Map=0.3346s, Maps update=0.0054s pub=0.0000s delay=0.3240s (local map=1, WM=1)
[rtabmap-2] [INFO] [1768743326.464368431] [rtabmap]: rtabmap (14): Rate=0.50s, Limit=0.000s, Conversion=0.0005s, RTAB-Map=0.3547s, Maps update=0.0076s pub=0.0000s delay=0.3160s (local map=1, WM=1)
[rtabmap-2] [INFO] [1768743326.959027643] [rtabmap]: rtabmap (15): Rate=0.50s, Limit=0.000s, Conversion=0.0012s, RTAB-Map=0.3186s, Maps update=0.0082s pub=0.0000s delay=0.2860s (local map=1, WM=1)
[rtabmap-2] [INFO] [1768743327.475568906] [rtabmap]: rtabmap (16): Rate=0.50s, Limit=0.000s, Conversion=0.0006s, RTAB-Map=0.2997s, Maps update=0.0055s pub=0.0002s delay=0.2400s (local map=2, WM=2)
[rtabmap-2] [INFO] [1768743327.976152933] [rtabmap]: rtabmap (17): Rate=0.50s, Limit=0.000s, Conversion=0.0004s, RTAB-Map=0.2750s, Maps update=0.0070s pub=0.0000s delay=0.2260s (local map=2, WM=2)
[rtabmap-2] [INFO] [1768743328.801477647] [rtabmap]: rtabmap (18): Rate=0.50s, Limit=0.000s, Conversion=0.0006s, RTAB-Map=0.3353s, Maps update=0.0066s pub=0.0003s delay=0.3490s (local map=3, WM=3)
[rtabmap-2] [INFO] [1768743329.516947029] [rtabmap]: rtabmap (19): Rate=0.50s, Limit=0.000s, Conversion=0.0005s, RTAB-Map=0.3841s, Maps update=0.0056s pub=0.0001s delay=0.4010s (local map=3, WM=3)
[rtabmap-2] [INFO] [1768743330.019095650] [rtabmap]: rtabmap (20): Rate=0.50s, Limit=0.000s, Conversion=0.0012s, RTAB-Map=0.3722s, Maps update=0.0051s pub=0.0000s delay=0.3810s (local map=3, WM=3)
[rtabmap-2] [INFO] [1768743330.694373645] [rtabmap]: rtabmap (21): Rate=0.50s, Limit=0.000s, Conversion=0.0009s, RTAB-Map=0.3447s, Maps update=0.0036s pub=0.0003s delay=0.3790s (local map=4, WM=4)
[rtabmap-2] [INFO] [1768743331.189061395] [rtabmap]: rtabmap (22): Rate=0.50s, Limit=0.000s, Conversion=0.0011s, RTAB-Map=0.2941s, Maps update=0.0051s pub=0.0000s delay=0.3420s (local map=4, WM=4)
[rtabmap-2] [INFO] [1768743331.736521687] [rtabmap]: rtabmap (23): Rate=0.50s, Limit=0.000s, Conversion=0.0005s, RTAB-Map=0.3466s, Maps update=0.0062s pub=0.0000s delay=0.3390s (local map=4, WM=4)
[rtabmap-2] [INFO] [1768743332.241145622] [rtabmap]: rtabmap (24): Rate=0.50s, Limit=0.000s, Conversion=0.0032s, RTAB-Map=0.3367s, Maps update=0.0033s pub=0.0004s delay=0.3240s (local map=5, WM=5)
[rtabmap-2] [INFO] [1768743332.748093523] [rtabmap]: rtabmap (25): Rate=0.50s, Limit=0.000s, Conversion=0.0005s, RTAB-Map=0.3254s, Maps update=0.0059s pub=0.0000s delay=0.3170s (local map=5, WM=5)
[rtabmap-2] [INFO] [1768743333.327967856] [rtabmap]: rtabmap (26): Rate=0.50s, Limit=0.000s, Conversion=0.0005s, RTAB-Map=0.3811s, Maps update=0.0048s pub=0.0000s delay=0.3910s (local map=5, WM=5)
[rtabmap-2] [INFO] [1768743333.865701746] [rtabmap]: rtabmap (27): Rate=0.50s, Limit=0.000s, Conversion=0.0008s, RTAB-Map=0.3704s, Maps update=0.0034s pub=0.0004s delay=0.3480s (local map=6, WM=6)
[rtabmap-2] [INFO] [1768743334.298552696] [rtabmap]: rtabmap (28): Rate=0.50s, Limit=0.000s, Conversion=0.0007s, RTAB-Map=0.3006s, Maps update=0.0048s pub=0.0000s delay=0.3310s (local map=6, WM=6)
[rtabmap-2] [INFO] [1768743335.023769054] [rtabmap]: rtabmap (29): Rate=0.50s, Limit=0.000s, Conversion=0.0007s, RTAB-Map=0.3757s, Maps update=0.0022s pub=0.0000s delay=0.3990s (local map=6, WM=6)
[rtabmap-2] [INFO] [1768743335.535663772] [rtabmap]: rtabmap (30): Rate=0.50s, Limit=0.000s, Conversion=0.0010s, RTAB-Map=0.3937s, Maps update=0.0015s pub=0.0005s delay=0.3770s (local map=7, WM=7)
[rtabmap-2] [INFO] [1768743336.062463489] [rtabmap]: rtabmap (31): Rate=0.50s, Limit=0.000s, Conversion=0.0005s, RTAB-Map=0.3500s, Maps update=0.0033s pub=0.0000s delay=0.3270s (local map=7, WM=7)
[rtabmap-2] [INFO] [1768743336.583031929] [rtabmap]: rtabmap (32): Rate=0.50s, Limit=0.000s, Conversion=0.0003s, RTAB-Map=0.3680s, Maps update=0.0039s pub=0.0000s delay=0.3100s (local map=7, WM=7)
[rtabmap-2] [INFO] [1768743337.049698072] [rtabmap]: rtabmap (33): Rate=0.50s, Limit=0.000s, Conversion=0.0006s, RTAB-Map=0.3024s, Maps update=0.0056s pub=0.0006s delay=0.2910s (local map=8, WM=8)
[rtabmap-2] [INFO] [1768743337.628364706] [rtabmap]: rtabmap (34): Rate=0.50s, Limit=0.000s, Conversion=0.0005s, RTAB-Map=0.3472s, Maps update=0.0035s pub=0.0000s delay=0.3610s (local map=8, WM=8)
[rtabmap-2] [INFO] [1768743338.111307849] [rtabmap]: rtabmap (35): Rate=0.50s, Limit=0.000s, Conversion=0.0011s, RTAB-Map=0.3120s, Maps update=0.0048s pub=0.0003s delay=0.3480s (local map=9, WM=9)
[rtabmap-2] [INFO] [1768743338.762882852] [rtabmap]: rtabmap (36): Rate=0.50s, Limit=0.000s, Conversion=0.0009s, RTAB-Map=0.3889s, Maps update=0.0040s pub=0.0000s delay=0.3760s (local map=9, WM=9)
[rtabmap-2] [INFO] [1768743339.316940926] [rtabmap]: rtabmap (37): Rate=0.50s, Limit=0.000s, Conversion=0.0006s, RTAB-Map=0.3582s, Maps update=0.0056s pub=0.0005s delay=0.4060s (local map=10, WM=10)
[rtabmap-2] [INFO] [1768743339.940483910] [rtabmap]: rtabmap (38): Rate=0.50s, Limit=0.000s, Conversion=0.0008s, RTAB-Map=0.4303s, Maps update=0.0053s pub=0.0006s delay=0.4330s (local map=11, WM=11)
[rtabmap-2] [INFO] [1768743340.492882071] [rtabmap]: rtabmap (39): Rate=0.50s, Limit=0.000s, Conversion=0.0009s, RTAB-Map=0.3978s, Maps update=0.0076s pub=0.0000s delay=0.3520s (local map=11, WM=11)
[rtabmap-2] [INFO] [1768743341.162003669] [rtabmap]: rtabmap (40): Rate=0.50s, Limit=0.000s, Conversion=0.0006s, RTAB-Map=0.5001s, Maps update=0.0060s pub=0.0007s delay=0.4900s (local map=12, WM=12)
[rtabmap-2] [INFO] [1768743341.592003769] [rtabmap]: rtabmap (41): Rate=0.50s, Limit=0.000s, Conversion=0.0007s, RTAB-Map=0.4084s, Maps update=0.0049s pub=0.0000s delay=0.3850s (local map=12, WM=12)
[rtabmap-2] [INFO] [1768743342.205448613] [rtabmap]: rtabmap (42): Rate=0.50s, Limit=0.000s, Conversion=0.0005s, RTAB-Map=0.5021s, Maps update=0.0042s pub=0.0011s delay=0.4680s (local map=13, WM=13)
[rtabmap-2] [INFO] [1768743342.678341004] [rtabmap]: rtabmap (43): Rate=0.50s, Limit=0.000s, Conversion=0.0010s, RTAB-Map=0.4210s, Maps update=0.0067s pub=0.0000s delay=0.4310s (local map=13, WM=13)
[rtabmap-2] [INFO] [1768743343.341319168] [rtabmap]: rtabmap (44): Rate=0.50s, Limit=0.000s, Conversion=0.0010s, RTAB-Map=0.5686s, Maps update=0.0021s pub=0.0008s delay=0.5140s (local map=14, WM=14)
[rtabmap-2] [INFO] [1768743344.045722105] [rtabmap]: rtabmap (45): Rate=0.50s, Limit=0.000s, Conversion=0.0005s, RTAB-Map=0.4860s, Maps update=0.0095s pub=0.0008s delay=0.5050s (local map=15, WM=15)
[rtabmap-2] [INFO] [1768743344.834452037] [rtabmap]: rtabmap (46): Rate=0.50s, Limit=0.000s, Conversion=0.0004s, RTAB-Map=0.5273s, Maps update=0.0022s pub=0.0009s delay=0.5690s (local map=16, WM=16)
[rtabmap-2] [INFO] [1768743345.523502900] [rtabmap]: rtabmap (47): Rate=0.50s, Limit=0.000s, Conversion=0.0017s, RTAB-Map=0.5135s, Maps update=0.0025s pub=0.0009s delay=0.4650s (local map=17, WM=17)
[rtabmap-2] [INFO] [1768743346.062290142] [rtabmap]: rtabmap (48): Rate=0.50s, Limit=0.000s, Conversion=0.0004s, RTAB-Map=0.5051s, Maps update=0.0018s pub=0.0001s delay=0.4480s (local map=17, WM=17)
[rtabmap-2] [INFO] [1768743346.730847164] [rtabmap]: rtabmap (49): Rate=0.50s, Limit=0.000s, Conversion=0.0008s, RTAB-Map=0.5829s, Maps update=0.0082s pub=0.0000s delay=0.6240s (local map=17, WM=17)
[rtabmap-2] [INFO] [1768743347.261516265] [rtabmap]: rtabmap (50): Rate=0.50s, Limit=0.000s, Conversion=0.0010s, RTAB-Map=0.5041s, Maps update=0.0011s pub=0.0000s delay=0.4110s (local map=17, WM=17)
[rtabmap-2] [INFO] [1768743348.081226032] [rtabmap]: rtabmap (51): Rate=0.50s, Limit=0.000s, Conversion=0.0010s, RTAB-Map=0.5191s, Maps update=0.0042s pub=0.0001s delay=0.4980s (local map=17, WM=17)
[rtabmap-2] [INFO] [1768743348.809848025] [rtabmap]: rtabmap (52): Rate=0.50s, Limit=0.000s, Conversion=0.0009s, RTAB-Map=0.5819s, Maps update=0.0018s pub=0.0000s delay=0.5480s (local map=17, WM=17)
[rtabmap-2] [INFO] [1768743349.636851390] [rtabmap]: rtabmap (53): Rate=0.50s, Limit=0.000s, Conversion=0.0048s, RTAB-Map=0.5459s, Maps update=0.0038s pub=0.0009s delay=0.5220s (local map=18, WM=18)
[rtabmap-2] [INFO] [1768743350.385488752] [rtabmap]: rtabmap (54): Rate=0.50s, Limit=0.000s, Conversion=0.0007s, RTAB-Map=0.4810s, Maps update=0.0030s pub=0.0000s delay=0.5230s (local map=18, WM=18)
[rtabmap-2] [INFO] [1768743350.894176703] [rtabmap]: rtabmap (55): Rate=0.50s, Limit=0.000s, Conversion=0.0004s, RTAB-Map=0.4567s, Maps update=0.0002s pub=0.0006s delay=0.5040s (local map=19, WM=19)
[rtabmap-2] [INFO] [1768743351.382036441] [rtabmap]: rtabmap (56): Rate=0.50s, Limit=0.000s, Conversion=0.0008s, RTAB-Map=0.4132s, Maps update=0.0032s pub=0.0000s delay=0.3760s (local map=19, WM=19)
[rtabmap-2] [INFO] [1768743351.876688375] [rtabmap]: rtabmap (57): Rate=0.50s, Limit=0.000s, Conversion=0.0006s, RTAB-Map=0.3960s, Maps update=0.0003s pub=0.0000s delay=0.2570s (local map=19, WM=19)
[rtabmap-2] [INFO] [1768743352.512200650] [rtabmap]: rtabmap (58): Rate=0.50s, Limit=0.000s, Conversion=0.0008s, RTAB-Map=0.4626s, Maps update=0.0075s pub=0.0006s delay=0.4240s (local map=20, WM=20)
[rtabmap-2] [INFO] [1768743353.008615925] [rtabmap]: rtabmap (59): Rate=0.50s, Limit=0.000s, Conversion=0.0006s, RTAB-Map=0.4149s, Maps update=0.0021s pub=0.0000s delay=0.3780s (local map=20, WM=20)
[rtabmap-2] [INFO] [1768743353.633825234] [rtabmap]: rtabmap (60): Rate=0.50s, Limit=0.000s, Conversion=0.0010s, RTAB-Map=0.5169s, Maps update=0.0044s pub=0.0000s delay=0.4670s (local map=20, WM=20)
[rtabmap-2] [INFO] [1768743354.213964063] [rtabmap]: rtabmap (61): Rate=0.50s, Limit=0.000s, Conversion=0.0005s, RTAB-Map=0.5492s, Maps update=0.0017s pub=0.0008s delay=0.5580s (local map=21, WM=21)
[rtabmap-2] [INFO] [1768743354.612752456] [rtabmap]: rtabmap (62): Rate=0.50s, Limit=0.000s, Conversion=0.0004s, RTAB-Map=0.3379s, Maps update=0.0005s pub=0.0000s delay=0.3430s (local map=21, WM=21)
[rtabmap-2] [INFO] [1768743355.243391632] [rtabmap]: rtabmap (63): Rate=0.50s, Limit=0.000s, Conversion=0.0006s, RTAB-Map=0.3272s, Maps update=0.0029s pub=0.0000s delay=0.3160s (local map=21, WM=21)
[rtabmap-2] [INFO] [1768743355.908167658] [rtabmap]: rtabmap (64): Rate=0.50s, Limit=0.000s, Conversion=0.0011s, RTAB-Map=0.4776s, Maps update=0.0002s pub=0.0006s delay=0.4990s (local map=22, WM=22)
[rtabmap-2] [INFO] [1768743356.412769249] [rtabmap]: rtabmap (65): Rate=0.50s, Limit=0.000s, Conversion=0.0006s, RTAB-Map=0.4475s, Maps update=0.0057s pub=0.0000s delay=0.3750s (local map=22, WM=22)
[rtabmap-2] [INFO] [1768743356.922469865] [rtabmap]: rtabmap (66): Rate=0.50s, Limit=0.000s, Conversion=0.0007s, RTAB-Map=0.4002s, Maps update=0.0036s pub=0.0000s delay=0.3430s (local map=22, WM=22)
[rtabmap-2] [INFO] [1768743357.588203044] [rtabmap]: rtabmap (67): Rate=0.50s, Limit=0.000s, Conversion=0.0013s, RTAB-Map=0.4081s, Maps update=0.0027s pub=0.0001s delay=0.4050s (local map=22, WM=22)
[rtabmap-2] [INFO] [1768743358.221538552] [rtabmap]: rtabmap (68): Rate=0.50s, Limit=0.000s, Conversion=0.0006s, RTAB-Map=0.4736s, Maps update=0.0039s pub=0.0000s delay=0.4350s (local map=22, WM=22)
[rtabmap-2] [INFO] [1768743358.835150450] [rtabmap]: rtabmap (69): Rate=0.50s, Limit=0.000s, Conversion=0.0006s, RTAB-Map=0.4679s, Maps update=0.0063s pub=0.0000s delay=0.4140s (local map=22, WM=22)
[rtabmap-2] [INFO] [1768743359.304435355] [rtabmap]: rtabmap (70): Rate=0.50s, Limit=0.000s, Conversion=0.0006s, RTAB-Map=0.3907s, Maps update=0.0002s pub=0.0000s delay=0.4010s (local map=22, WM=22)
[rtabmap-2] [INFO] [1768743359.817589198] [rtabmap]: rtabmap (71): Rate=0.50s, Limit=0.000s, Conversion=0.0005s, RTAB-Map=0.3608s, Maps update=0.0070s pub=0.0000s delay=0.3370s (local map=22, WM=22)
[rtabmap-2] [INFO] [1768743360.390768640] [rtabmap]: rtabmap (72): Rate=0.50s, Limit=0.000s, Conversion=0.0006s, RTAB-Map=0.3498s, Maps update=0.0049s pub=0.0000s delay=0.3840s (local map=22, WM=22)
[rtabmap-2] [INFO] [1768743360.676636187] [rclcpp]: signal_handler(signum=2)
[rgbd_sync-1] [INFO] [1768743360.676672816] [rclcpp]: signal_handler(signum=2)
[rtabmap-2] [INFO] [1768743360.688296796] [rtabmap]: Parameters are not saved (No configuration file provided...)
[INFO] [rgbd_sync-1]: process has finished cleanly [pid 716103]
[rtabmap-2] [33m[ WARN] (2026-01-18 22:35:18.932) Memory.cpp:5917::createSignature() Mem/SaveDepth16Format is set to false to use 32bits format but this is not compatible with the compressed depth format chosen (Mem/DepthCompressionFormat=".rvl"), depth images will be compressed in ".png" format instead. Explicitly set Mem/SaveDepth16Format to true to keep using ".rvl" format and images will be converted to 16bits for convenience (warning: that would remove all depth values over 65 meters). Explicitly set Mem/DepthCompressionFormat=".png" to suppress this warning. This warning is only printed once.[0m
[rtabmap-2] [33m[ WARN] (2026-01-18 22:35:19.302) MapsManager.cpp:863::publishMaps() Graph has changed! The whole cloud is regenerated.[0m
[rtabmap-2] [33m[ WARN] (2026-01-18 22:35:46.721) Rtabmap.cpp:3069::process() Rejected loop closure 18 -> 49: Not enough inliers 0/20 (matches=6) between 18 and 49[0m
[rtabmap-2] [33m[ WARN] (2026-01-18 22:35:47.255) Rtabmap.cpp:3069::process() Rejected loop closure 18 -> 50: Not enough inliers 0/20 (matches=8) between 18 and 50[0m
[rtabmap-2] [33m[ WARN] (2026-01-18 22:35:48.073) Rtabmap.cpp:3069::process() Rejected loop closure 18 -> 47: Not enough inliers 0/20 (matches=6) between 18 and 47[0m
[rtabmap-2] [33m[ WARN] (2026-01-18 22:35:48.805) Rtabmap.cpp:3069::process() Rejected loop closure 18 -> 52: Not enough inliers 0/20 (matches=15) between 18 and 52[0m
[rtabmap-2] [33m[ WARN] (2026-01-18 22:35:49.629) Rtabmap.cpp:3069::process() Rejected loop closure 18 -> 53: Not enough inliers 0/20 (matches=34) between 18 and 53[0m
[rtabmap-2] [33m[ WARN] (2026-01-18 22:35:50.379) Rtabmap.cpp:3069::process() Rejected loop closure 18 -> 54: Not enough inliers 6/20 (matches=29) between 18 and 54[0m
[rtabmap-2] [33m[ WARN] (2026-01-18 22:35:50.888) Rtabmap.cpp:3069::process() Rejected loop closure 18 -> 55: Not enough inliers 6/20 (matches=28) between 18 and 55[0m
[rtabmap-2] rtabmap: Saving database/long-term memory... (located at /home/fujino/.ros/rtabmap_ur5e_20260118_223517.db)
[rtabmap-2] rtabmap: Saving database/long-term memory...done! (located at /home/fujino/.ros/rtabmap_ur5e_20260118_223517.db, 109 MB)
[INFO] [rtabmap-2]: process has finished cleanly [pid 716105]
