[INFO] [launch]: All log files can be found below /home/fujino/.ros/log/2026-01-20-21-28-58-481792-fh-49269
[INFO] [launch]: Default logging verbosity is set to INFO
[INFO] [rgbd_sync-1]: process started with pid [49280]
[INFO] [rtabmap-2]: process started with pid [49283]
[rgbd_sync-1] [INFO] [1768912139.070750419] [rgbd_sync]: rgbd_sync: approx_sync = true
[rgbd_sync-1] [INFO] [1768912139.070942970] [rgbd_sync]: rgbd_sync: approx_sync_max_interval = 0.010000
[rgbd_sync-1] [INFO] [1768912139.070968405] [rgbd_sync]: rgbd_sync: topic_queue_size  = 10
[rgbd_sync-1] [INFO] [1768912139.070978489] [rgbd_sync]: rgbd_sync: sync_queue_size  = 30
[rgbd_sync-1] [INFO] [1768912139.070985363] [rgbd_sync]: rgbd_sync: qos             = 2
[rgbd_sync-1] [INFO] [1768912139.070992304] [rgbd_sync]: rgbd_sync: qos_camera_info = 2
[rgbd_sync-1] [INFO] [1768912139.070999196] [rgbd_sync]: rgbd_sync: depth_scale = 1.000000
[rgbd_sync-1] [INFO] [1768912139.071007112] [rgbd_sync]: rgbd_sync: decimation = 1
[rgbd_sync-1] [INFO] [1768912139.071013837] [rgbd_sync]: rgbd_sync: compressed_rate = 0.000000
[rgbd_sync-1] [INFO] [1768912139.084522812] [rgbd_sync]: 
[rgbd_sync-1] rgbd_sync subscribed to (approx sync, max interval=0.010000s):
[rgbd_sync-1]    /camera/color/image_raw,
[rgbd_sync-1]    /camera/depth/depth/image_raw,
[rgbd_sync-1]    /camera/color/camera_info
[rtabmap-2] [INFO] [1768912139.608853714] [rtabmap]: rtabmap(maps): latch                      = true
[rtabmap-2] [INFO] [1768912139.609050090] [rtabmap]: rtabmap(maps): map_filter_radius          = 0.000000
[rtabmap-2] [INFO] [1768912139.609069329] [rtabmap]: rtabmap(maps): map_filter_angle           = 30.000000
[rtabmap-2] [INFO] [1768912139.609078071] [rtabmap]: rtabmap(maps): map_cleanup                = true
[rtabmap-2] [INFO] [1768912139.609084133] [rtabmap]: rtabmap(maps): map_always_update          = false
[rtabmap-2] [INFO] [1768912139.609089999] [rtabmap]: rtabmap(maps): map_empty_ray_tracing      = true
[rtabmap-2] [INFO] [1768912139.609097961] [rtabmap]: rtabmap(maps): cloud_output_voxelized     = true
[rtabmap-2] [INFO] [1768912139.609103774] [rtabmap]: rtabmap(maps): cloud_subtract_filtering   = false
[rtabmap-2] [INFO] [1768912139.609109953] [rtabmap]: rtabmap(maps): cloud_subtract_filtering_min_neighbors = 2
[rtabmap-2] [INFO] [1768912139.609137804] [rtabmap]: rtabmap(maps): octomap_tree_depth         = 16
[rtabmap-2] [INFO] [1768912139.769640809] [rtabmap]: rtabmap: frame_id      = camera_color_optical_frame
[rtabmap-2] [INFO] [1768912139.769696086] [rtabmap]: rtabmap: odom_frame_id = world
[rtabmap-2] [INFO] [1768912139.769705383] [rtabmap]: rtabmap: map_frame_id  = world
[rtabmap-2] [INFO] [1768912139.769712551] [rtabmap]: rtabmap: log_to_rosout_level  = 4
[rtabmap-2] [INFO] [1768912139.769719826] [rtabmap]: rtabmap: initial_pose  = 
[rtabmap-2] [INFO] [1768912139.769726446] [rtabmap]: rtabmap: use_action_for_goal  = false
[rtabmap-2] [INFO] [1768912139.769733080] [rtabmap]: rtabmap: tf_delay      = 0.050000
[rtabmap-2] [INFO] [1768912139.769748993] [rtabmap]: rtabmap: tf_tolerance  = 0.100000
[rtabmap-2] [INFO] [1768912139.769756532] [rtabmap]: rtabmap: odom_sensor_sync   = false
[rtabmap-2] [INFO] [1768912139.769763105] [rtabmap]: rtabmap: pub_loc_pose_only_when_localizing = false
[rtabmap-2] [INFO] [1768912139.769769497] [rtabmap]: rtabmap: wait_for_transform = 0.200000
[rtabmap-2] [INFO] [1768912139.769777236] [rtabmap]: rtabmap: gen_scan  = false
[rtabmap-2] [INFO] [1768912139.769784238] [rtabmap]: rtabmap: gen_depth  = false
[rtabmap-2] [INFO] [1768912139.870545852] [rtabmap]: Setting RTAB-Map parameter "Grid/3D"="true" (rosparam)
[rtabmap-2] [INFO] [1768912139.871147206] [rtabmap]: Setting RTAB-Map parameter "Grid/RangeMax"="5.0" (rosparam)
[rtabmap-2] [INFO] [1768912139.871240322] [rtabmap]: Setting RTAB-Map parameter "Grid/RayTracing"="true" (rosparam)
[rtabmap-2] [INFO] [1768912139.871421743] [rtabmap]: Setting RTAB-Map parameter "Grid/Sensor"="1" (rosparam)
[rtabmap-2] [INFO] [1768912139.944664965] [rtabmap]: Setting RTAB-Map parameter "RGBD/CreateOccupancyGrid"="true" (rosparam)
[rtabmap-2] [INFO] [1768912139.970810358] [rtabmap]: Setting RTAB-Map parameter "Rtabmap/DetectionRate"="2.0" (rosparam)
[rtabmap-2] [INFO] [1768912140.150206476] [rtabmap]: RTAB-Map detection rate = 2.000000 Hz
[rtabmap-2] [INFO] [1768912140.150434334] [rtabmap]: rtabmap: Using database from "/home/fujino/.ros/rtabmap_ur5e_20260120_212857.db" (0 MB).
[rtabmap-2] [INFO] [1768912140.208920297] [rtabmap]: rtabmap: Database version = "0.22.1".
[rtabmap-2] [INFO] [1768912140.208986692] [rtabmap]: rtabmap: SLAM mode (Mem/IncrementalMemory=true)
[rtabmap-2] [INFO] [1768912140.358400750] [rtabmap]: Setup callbacks
[rtabmap-2] [WARN] [1768912140.358492781] [rtabmap]: rtabmap: Parameters subscribe_depth and subscribe_rgbd cannot be true at the same time. Parameter subscribe_depth is set to false.
[rtabmap-2] [INFO] [1768912140.358674274] [rtabmap]: rtabmap: subscribe_depth = false
[rtabmap-2] [INFO] [1768912140.358723790] [rtabmap]: rtabmap: subscribe_rgb = false
[rtabmap-2] [INFO] [1768912140.358741777] [rtabmap]: rtabmap: subscribe_stereo = false
[rtabmap-2] [INFO] [1768912140.358756360] [rtabmap]: rtabmap: subscribe_rgbd = true (rgbd_cameras=1)
[rtabmap-2] [INFO] [1768912140.358771698] [rtabmap]: rtabmap: subscribe_sensor_data = false
[rtabmap-2] [INFO] [1768912140.358785626] [rtabmap]: rtabmap: subscribe_odom_info = false
[rtabmap-2] [INFO] [1768912140.358798810] [rtabmap]: rtabmap: subscribe_user_data = false
[rtabmap-2] [INFO] [1768912140.358811590] [rtabmap]: rtabmap: subscribe_scan = false
[rtabmap-2] [INFO] [1768912140.358824630] [rtabmap]: rtabmap: subscribe_scan_cloud = false
[rtabmap-2] [INFO] [1768912140.358837460] [rtabmap]: rtabmap: subscribe_scan_descriptor = false
[rtabmap-2] [INFO] [1768912140.358850769] [rtabmap]: rtabmap: topic_queue_size = 10
[rtabmap-2] [INFO] [1768912140.358865164] [rtabmap]: rtabmap: sync_queue_size  = 30
[rtabmap-2] [INFO] [1768912140.358878526] [rtabmap]: rtabmap: qos_image       = 2
[rtabmap-2] [INFO] [1768912140.358938405] [rtabmap]: rtabmap: qos_camera_info = 2
[rtabmap-2] [INFO] [1768912140.358957209] [rtabmap]: rtabmap: qos_scan        = 2
[rtabmap-2] [INFO] [1768912140.358971201] [rtabmap]: rtabmap: qos_odom        = 2
[rtabmap-2] [INFO] [1768912140.358984308] [rtabmap]: rtabmap: qos_user_data   = 2
[rtabmap-2] [INFO] [1768912140.358997444] [rtabmap]: rtabmap: approx_sync     = true
[rtabmap-2] [INFO] [1768912140.359025915] [rtabmap]: Setup rgbd callback
[rtabmap-2] [INFO] [1768912140.360519245] [rtabmap]: 
[rtabmap-2] rtabmap subscribed to:
[rtabmap-2]    /rgbd_image
[rtabmap-2] [INFO] [1768912141.590058986] [rtabmap]: rtabmap (1): Rate=0.50s, Limit=0.000s, Conversion=0.0059s, RTAB-Map=0.6152s, Maps update=0.0001s pub=0.0000s delay=0.5610s (local map=1, WM=1)
[rtabmap-2] [INFO] [1768912142.267150275] [rtabmap]: rtabmap (2): Rate=0.50s, Limit=0.000s, Conversion=0.0047s, RTAB-Map=0.6151s, Maps update=0.0001s pub=0.0000s delay=0.6250s (local map=1, WM=1)
[rtabmap-2] [INFO] [1768912144.670300839] [rtabmap]: rtabmap (3): Rate=0.50s, Limit=0.000s, Conversion=0.0050s, RTAB-Map=0.5239s, Maps update=0.0001s pub=0.0000s delay=0.4970s (local map=1, WM=1)
[rtabmap-2] [INFO] [1768912145.549395259] [rtabmap]: rtabmap (4): Rate=0.50s, Limit=0.000s, Conversion=0.0009s, RTAB-Map=0.4913s, Maps update=0.0001s pub=0.0000s delay=0.5220s (local map=1, WM=1)
[rtabmap-2] [INFO] [1768912146.219436550] [rtabmap]: rtabmap (5): Rate=0.50s, Limit=0.000s, Conversion=0.0074s, RTAB-Map=0.5759s, Maps update=0.0001s pub=0.0000s delay=0.5650s (local map=1, WM=1)
[rtabmap-2] [INFO] [1768912146.801400814] [rtabmap]: rtabmap (6): Rate=0.50s, Limit=0.000s, Conversion=0.0049s, RTAB-Map=0.4568s, Maps update=0.0000s pub=0.0000s delay=0.4170s (local map=1, WM=1)
[rtabmap-2] [INFO] [1768912147.551521941] [rtabmap]: rtabmap (7): Rate=0.50s, Limit=0.000s, Conversion=0.0008s, RTAB-Map=0.5732s, Maps update=0.0001s pub=0.0000s delay=0.5160s (local map=1, WM=1)
[rtabmap-2] [INFO] [1768912148.035289508] [rtabmap]: rtabmap (8): Rate=0.50s, Limit=0.000s, Conversion=0.0020s, RTAB-Map=0.4622s, Maps update=0.0001s pub=0.0000s delay=0.3740s (local map=1, WM=1)
[rtabmap-2] [INFO] [1768912149.145845112] [rtabmap]: rtabmap (9): Rate=0.50s, Limit=0.000s, Conversion=0.0077s, RTAB-Map=0.3713s, Maps update=0.0000s pub=0.0000s delay=0.3790s (local map=2, WM=2)
[rtabmap-2] [INFO] [1768912150.018302266] [rtabmap]: rtabmap (10): Rate=0.50s, Limit=0.000s, Conversion=0.0044s, RTAB-Map=0.5272s, Maps update=0.0001s pub=0.0000s delay=0.5560s (local map=2, WM=2)
[rtabmap-2] [INFO] [1768912150.714282905] [rtabmap]: rtabmap (11): Rate=0.50s, Limit=0.000s, Conversion=0.0022s, RTAB-Map=0.4981s, Maps update=0.0000s pub=0.0000s delay=0.4230s (local map=3, WM=3)
[rtabmap-2] [INFO] [1768912151.353397127] [rtabmap]: rtabmap (12): Rate=0.50s, Limit=0.000s, Conversion=0.0004s, RTAB-Map=0.4871s, Maps update=0.0000s pub=0.0000s delay=0.1980s (local map=3, WM=3)
[rtabmap-2] [INFO] [1768912152.076744288] [rtabmap]: rtabmap (13): Rate=0.50s, Limit=0.000s, Conversion=0.0027s, RTAB-Map=0.5639s, Maps update=0.0000s pub=0.0000s delay=0.5070s (local map=3, WM=3)
[rtabmap-2] [INFO] [1768912152.686658953] [rtabmap]: rtabmap (14): Rate=0.50s, Limit=0.000s, Conversion=0.0008s, RTAB-Map=0.4543s, Maps update=0.0000s pub=0.0000s delay=0.4710s (local map=4, WM=4)
[rtabmap-2] [INFO] [1768912153.411497848] [rtabmap]: rtabmap (15): Rate=0.50s, Limit=0.000s, Conversion=0.0040s, RTAB-Map=0.4990s, Maps update=0.0000s pub=0.0000s delay=0.5380s (local map=4, WM=4)
[rtabmap-2] [INFO] [1768912154.791471819] [rtabmap]: rtabmap (16): Rate=0.50s, Limit=0.000s, Conversion=0.0025s, RTAB-Map=0.5448s, Maps update=0.0000s pub=0.0000s delay=0.4900s (local map=5, WM=5)
[rtabmap-2] [INFO] [1768912155.453446457] [rtabmap]: rtabmap (17): Rate=0.50s, Limit=0.000s, Conversion=0.0067s, RTAB-Map=0.4896s, Maps update=0.0000s pub=0.0000s delay=0.4570s (local map=5, WM=5)
[rtabmap-2] [INFO] [1768912156.473977438] [rtabmap]: rtabmap (18): Rate=0.50s, Limit=0.000s, Conversion=0.0012s, RTAB-Map=0.6234s, Maps update=0.0000s pub=0.0000s delay=0.6040s (local map=6, WM=6)
[rtabmap-2] [INFO] [1768912157.125196550] [rtabmap]: rtabmap (19): Rate=0.50s, Limit=0.000s, Conversion=0.0013s, RTAB-Map=0.4436s, Maps update=0.0001s pub=0.0000s delay=0.4130s (local map=6, WM=6)
[rtabmap-2] [INFO] [1768912158.375283019] [rtabmap]: rtabmap (20): Rate=0.50s, Limit=0.000s, Conversion=0.0006s, RTAB-Map=0.5451s, Maps update=0.0001s pub=0.0000s delay=0.5290s (local map=6, WM=6)
[rtabmap-2] [INFO] [1768912159.281068454] [rtabmap]: rtabmap (21): Rate=0.50s, Limit=0.000s, Conversion=0.0015s, RTAB-Map=0.5564s, Maps update=0.0000s pub=0.0000s delay=0.6060s (local map=6, WM=6)
[rtabmap-2] [INFO] [1768912159.856840896] [rtabmap]: rtabmap (22): Rate=0.50s, Limit=0.000s, Conversion=0.0020s, RTAB-Map=0.4850s, Maps update=0.0000s pub=0.0000s delay=0.4770s (local map=7, WM=7)
[rtabmap-2] [INFO] [1768912160.554417711] [rtabmap]: rtabmap (23): Rate=0.50s, Limit=0.000s, Conversion=0.0005s, RTAB-Map=0.4710s, Maps update=0.0000s pub=0.0000s delay=0.5030s (local map=8, WM=8)
[rtabmap-2] [INFO] [1768912161.661951731] [rtabmap]: rtabmap (24): Rate=0.50s, Limit=0.000s, Conversion=0.0026s, RTAB-Map=0.5798s, Maps update=0.0000s pub=0.0000s delay=0.5430s (local map=9, WM=9)
[rtabmap-2] [INFO] [1768912162.649522805] [rtabmap]: rtabmap (25): Rate=0.50s, Limit=0.000s, Conversion=0.0009s, RTAB-Map=0.5880s, Maps update=0.0000s pub=0.0000s delay=0.6050s (local map=10, WM=10)
[rtabmap-2] [INFO] [1768912163.458282351] [rtabmap]: rtabmap (26): Rate=0.50s, Limit=0.000s, Conversion=0.0007s, RTAB-Map=0.5517s, Maps update=0.0000s pub=0.0000s delay=0.5080s (local map=11, WM=11)
[rtabmap-2] [INFO] [1768912164.102256467] [rtabmap]: rtabmap (27): Rate=0.50s, Limit=0.000s, Conversion=0.0006s, RTAB-Map=0.4773s, Maps update=0.0000s pub=0.0000s delay=0.4290s (local map=12, WM=12)
[rtabmap-2] [INFO] [1768912164.670015423] [rtabmap]: rtabmap (28): Rate=0.50s, Limit=0.000s, Conversion=0.0006s, RTAB-Map=0.4615s, Maps update=0.0001s pub=0.0000s delay=0.4720s (local map=12, WM=12)
[rtabmap-2] [INFO] [1768912166.088355994] [rtabmap]: rtabmap (29): Rate=0.50s, Limit=0.000s, Conversion=0.0006s, RTAB-Map=0.6557s, Maps update=0.0085s pub=0.0032s delay=0.5540s (local map=13, WM=13)
[rtabmap-2] [INFO] [1768912167.358572738] [rtabmap]: rtabmap (30): Rate=0.50s, Limit=0.000s, Conversion=0.0005s, RTAB-Map=0.5327s, Maps update=0.0037s pub=0.0043s delay=0.5390s (local map=14, WM=14)
[rtabmap-2] [INFO] [1768912168.333224337] [rtabmap]: rtabmap (31): Rate=0.50s, Limit=0.000s, Conversion=0.0153s, RTAB-Map=0.6188s, Maps update=0.0041s pub=0.0008s delay=0.6350s (local map=15, WM=15)
[rtabmap-2] [INFO] [1768912169.046790177] [rtabmap]: rtabmap (32): Rate=0.50s, Limit=0.000s, Conversion=0.0012s, RTAB-Map=0.5523s, Maps update=0.0037s pub=0.0000s delay=0.4740s (local map=15, WM=15)
[rtabmap-2] [INFO] [1768912169.673059587] [rtabmap]: rtabmap (33): Rate=0.50s, Limit=0.000s, Conversion=0.0008s, RTAB-Map=0.4329s, Maps update=0.0015s pub=0.0000s delay=0.3700s (local map=15, WM=15)
[rtabmap-2] [INFO] [1768912170.921699190] [rtabmap]: rtabmap (34): Rate=0.50s, Limit=0.000s, Conversion=0.0009s, RTAB-Map=0.5787s, Maps update=0.0029s pub=0.0008s delay=0.6010s (local map=16, WM=16)
[rtabmap-2] [INFO] [1768912171.654765137] [rtabmap]: rtabmap (35): Rate=0.50s, Limit=0.000s, Conversion=0.0007s, RTAB-Map=0.5775s, Maps update=0.0015s pub=0.0000s delay=0.6110s (local map=16, WM=16)
[rtabmap-2] [INFO] [1768912172.371289598] [rtabmap]: rtabmap (36): Rate=0.50s, Limit=0.000s, Conversion=0.0008s, RTAB-Map=0.5200s, Maps update=0.0048s pub=0.0009s delay=0.5510s (local map=17, WM=17)
[rtabmap-2] [INFO] [1768912173.371873206] [rtabmap]: rtabmap (37): Rate=0.50s, Limit=0.000s, Conversion=0.0008s, RTAB-Map=0.5427s, Maps update=0.0160s pub=0.0001s delay=0.5130s (local map=17, WM=17)
[rtabmap-2] [INFO] [1768912174.434591257] [rtabmap]: rtabmap (38): Rate=0.50s, Limit=0.000s, Conversion=0.0010s, RTAB-Map=0.6092s, Maps update=0.0053s pub=0.0019s delay=0.6010s (local map=18, WM=18)
[rtabmap-2] [INFO] [1768912175.467890565] [rtabmap]: rtabmap (39): Rate=0.50s, Limit=0.000s, Conversion=0.0007s, RTAB-Map=0.6150s, Maps update=0.0053s pub=0.0017s delay=0.6600s (local map=19, WM=19)
[rtabmap-2] [INFO] [1768912176.242153630] [rtabmap]: rtabmap (40): Rate=0.50s, Limit=0.000s, Conversion=0.0005s, RTAB-Map=0.5490s, Maps update=0.0059s pub=0.0000s delay=0.5450s (local map=19, WM=19)
[rtabmap-2] [INFO] [1768912177.313872530] [rtabmap]: rtabmap (41): Rate=0.50s, Limit=0.000s, Conversion=0.0006s, RTAB-Map=0.5699s, Maps update=0.0038s pub=0.0014s delay=0.4660s (local map=20, WM=20)
[rtabmap-2] [INFO] [1768912177.944503347] [rtabmap]: rtabmap (42): Rate=0.50s, Limit=0.000s, Conversion=0.0010s, RTAB-Map=0.5240s, Maps update=0.0073s pub=0.0000s delay=0.4950s (local map=20, WM=20)
[rtabmap-2] [INFO] [1768912179.137760083] [rtabmap]: rtabmap (43): Rate=0.50s, Limit=0.000s, Conversion=0.0009s, RTAB-Map=0.6596s, Maps update=0.0033s pub=0.0012s delay=0.4900s (local map=21, WM=21)
[rtabmap-2] [INFO] [1768912180.327942900] [rtabmap]: rtabmap (44): Rate=0.50s, Limit=0.000s, Conversion=0.0009s, RTAB-Map=0.5994s, Maps update=0.0050s pub=0.0000s delay=0.6160s (local map=21, WM=21)
[rtabmap-2] [INFO] [1768912181.331712745] [rtabmap]: rtabmap (45): Rate=0.50s, Limit=0.000s, Conversion=0.0021s, RTAB-Map=0.5926s, Maps update=0.0049s pub=0.0000s delay=0.6060s (local map=21, WM=21)
[rtabmap-2] [INFO] [1768912181.861920489] [rtabmap]: rtabmap (46): Rate=0.50s, Limit=0.000s, Conversion=0.0008s, RTAB-Map=0.3422s, Maps update=0.0044s pub=0.0000s delay=0.3230s (local map=21, WM=21)
[rtabmap-2] [INFO] [1768912184.104732854] [rtabmap]: rtabmap (47): Rate=0.50s, Limit=0.000s, Conversion=0.0006s, RTAB-Map=0.4821s, Maps update=0.0149s pub=0.0001s delay=0.4570s (local map=21, WM=21)
[rtabmap-2] [INFO] [1768912184.953469564] [rtabmap]: rtabmap (48): Rate=0.50s, Limit=0.000s, Conversion=0.0006s, RTAB-Map=0.5786s, Maps update=0.0081s pub=0.0000s delay=0.5630s (local map=21, WM=21)
[rtabmap-2] [INFO] [1768912185.796003919] [rtabmap]: rtabmap (49): Rate=0.50s, Limit=0.000s, Conversion=0.0048s, RTAB-Map=0.3994s, Maps update=0.0117s pub=0.0000s delay=0.3250s (local map=21, WM=21)
[rtabmap-2] [INFO] [1768912186.901093380] [rtabmap]: rtabmap (50): Rate=0.50s, Limit=0.000s, Conversion=0.0007s, RTAB-Map=0.4728s, Maps update=0.0074s pub=0.0000s delay=0.4560s (local map=21, WM=21)
[rtabmap-2] [INFO] [1768912187.622059193] [rtabmap]: rtabmap (51): Rate=0.50s, Limit=0.000s, Conversion=0.0008s, RTAB-Map=0.3989s, Maps update=0.0033s pub=0.0000s delay=0.4030s (local map=21, WM=21)
[rtabmap-2] [INFO] [1768912188.251337075] [rtabmap]: rtabmap (52): Rate=0.50s, Limit=0.000s, Conversion=0.0008s, RTAB-Map=0.4635s, Maps update=0.0011s pub=0.0001s delay=0.4590s (local map=21, WM=21)
[rtabmap-2] [INFO] [1768912188.950969598] [rtabmap]: rtabmap (53): Rate=0.50s, Limit=0.000s, Conversion=0.0011s, RTAB-Map=0.5366s, Maps update=0.0079s pub=0.0000s delay=0.4770s (local map=21, WM=21)
[rtabmap-2] [INFO] [1768912189.707474282] [rtabmap]: rtabmap (54): Rate=0.50s, Limit=0.000s, Conversion=0.0013s, RTAB-Map=0.5451s, Maps update=0.0077s pub=0.0000s delay=0.4830s (local map=21, WM=21)
[rtabmap-2] [INFO] [1768912190.205219651] [rtabmap]: rtabmap (55): Rate=0.50s, Limit=0.000s, Conversion=0.0006s, RTAB-Map=0.3607s, Maps update=0.0010s pub=0.0000s delay=0.3720s (local map=21, WM=21)
[rtabmap-2] [INFO] [1768912190.945956064] [rtabmap]: rtabmap (56): Rate=0.50s, Limit=0.000s, Conversion=0.0005s, RTAB-Map=0.5569s, Maps update=0.0017s pub=0.0000s delay=0.5190s (local map=21, WM=21)
[rtabmap-2] [INFO] [1768912191.845385298] [rtabmap]: rtabmap (57): Rate=0.50s, Limit=0.000s, Conversion=0.0008s, RTAB-Map=0.5271s, Maps update=0.0068s pub=0.0000s delay=0.5670s (local map=21, WM=21)
[rtabmap-2] [INFO] [1768912192.578812758] [rtabmap]: rtabmap (58): Rate=0.50s, Limit=0.000s, Conversion=0.0008s, RTAB-Map=0.5161s, Maps update=0.0035s pub=0.0000s delay=0.4350s (local map=21, WM=21)
[rtabmap-2] [INFO] [1768912193.267236592] [rtabmap]: rtabmap (59): Rate=0.50s, Limit=0.000s, Conversion=0.0006s, RTAB-Map=0.5799s, Maps update=0.0060s pub=0.0001s delay=0.5130s (local map=21, WM=21)
[rtabmap-2] [INFO] [1768912193.885502386] [rtabmap]: rtabmap (60): Rate=0.50s, Limit=0.000s, Conversion=0.0005s, RTAB-Map=0.3562s, Maps update=0.0076s pub=0.0000s delay=0.3120s (local map=21, WM=21)
[rtabmap-2] [INFO] [1768912194.969403902] [rtabmap]: rtabmap (61): Rate=0.50s, Limit=0.000s, Conversion=0.0006s, RTAB-Map=0.6135s, Maps update=0.0069s pub=0.0001s delay=0.6280s (local map=21, WM=21)
[rgbd_sync-1] [INFO] [1768912195.289015152] [rclcpp]: signal_handler(signum=2)
[rtabmap-2] [INFO] [1768912195.289021672] [rclcpp]: signal_handler(signum=2)
[rtabmap-2] [INFO] [1768912195.310334555] [rtabmap]: Parameters are not saved (No configuration file provided...)
[INFO] [rgbd_sync-1]: process has finished cleanly [pid 49280]
[rtabmap-2] [33m[ WARN] (2026-01-20 21:29:01.004) Memory.cpp:5917::createSignature() Mem/SaveDepth16Format is set to false to use 32bits format but this is not compatible with the compressed depth format chosen (Mem/DepthCompressionFormat=".rvl"), depth images will be compressed in ".png" format instead. Explicitly set Mem/SaveDepth16Format to true to keep using ".rvl" format and images will be converted to 16bits for convenience (warning: that would remove all depth values over 65 meters). Explicitly set Mem/DepthCompressionFormat=".png" to suppress this warning. This warning is only printed once.[0m
[rtabmap-2] [33m[ WARN] (2026-01-20 21:29:26.085) MapsManager.cpp:863::publishMaps() Graph has changed! The whole cloud is regenerated.[0m
[rtabmap-2] [33m[ WARN] (2026-01-20 21:29:34.426) Rtabmap.cpp:3069::process() Rejected loop closure 1 -> 38: Not enough inliers after bundle adjustment 18/20 (matches=37) between 1 and 38[0m
[rtabmap-2] rtabmap: Saving database/long-term memory... (located at /home/fujino/.ros/rtabmap_ur5e_20260120_212857.db)
[rtabmap-2] rtabmap: Saving database/long-term memory...done! (located at /home/fujino/.ros/rtabmap_ur5e_20260120_212857.db, 92 MB)
[INFO] [rtabmap-2]: process has finished cleanly [pid 49283]
