[INFO] [launch]: All log files can be found below /home/fujino/.ros/log/2026-01-18-15-43-56-311876-fh-579337
[INFO] [launch]: Default logging verbosity is set to INFO
[INFO] [rgbd_sync-1]: process started with pid [579343]
[INFO] [rtabmap-2]: process started with pid [579345]
[rgbd_sync-1] [INFO] [1768718636.558419420] [rgbd_sync]: rgbd_sync: approx_sync = true
[rgbd_sync-1] [INFO] [1768718636.558519628] [rgbd_sync]: rgbd_sync: approx_sync_max_interval = 0.010000
[rgbd_sync-1] [INFO] [1768718636.558532043] [rgbd_sync]: rgbd_sync: topic_queue_size  = 10
[rgbd_sync-1] [INFO] [1768718636.558535799] [rgbd_sync]: rgbd_sync: sync_queue_size  = 30
[rgbd_sync-1] [INFO] [1768718636.558538847] [rgbd_sync]: rgbd_sync: qos             = 2
[rgbd_sync-1] [INFO] [1768718636.558541980] [rgbd_sync]: rgbd_sync: qos_camera_info = 2
[rgbd_sync-1] [INFO] [1768718636.558544945] [rgbd_sync]: rgbd_sync: depth_scale = 1.000000
[rgbd_sync-1] [INFO] [1768718636.558549765] [rgbd_sync]: rgbd_sync: decimation = 1
[rgbd_sync-1] [INFO] [1768718636.558552762] [rgbd_sync]: rgbd_sync: compressed_rate = 0.000000
[rgbd_sync-1] [INFO] [1768718636.567460941] [rgbd_sync]: 
[rgbd_sync-1] rgbd_sync subscribed to (approx sync, max interval=0.010000s):
[rgbd_sync-1]    /camera/color/image_raw,
[rgbd_sync-1]    /camera/depth/depth/image_raw,
[rgbd_sync-1]    /camera/color/camera_info
[rtabmap-2] [INFO] [1768718636.677610788] [rtabmap]: rtabmap(maps): latch                      = true
[rtabmap-2] [INFO] [1768718636.677971303] [rtabmap]: rtabmap(maps): map_filter_radius          = 0.000000
[rtabmap-2] [INFO] [1768718636.678002934] [rtabmap]: rtabmap(maps): map_filter_angle           = 30.000000
[rtabmap-2] [INFO] [1768718636.678019422] [rtabmap]: rtabmap(maps): map_cleanup                = true
[rtabmap-2] [INFO] [1768718636.678032149] [rtabmap]: rtabmap(maps): map_always_update          = false
[rtabmap-2] [INFO] [1768718636.678043652] [rtabmap]: rtabmap(maps): map_empty_ray_tracing      = true
[rtabmap-2] [INFO] [1768718636.678055382] [rtabmap]: rtabmap(maps): cloud_output_voxelized     = true
[rtabmap-2] [INFO] [1768718636.678066947] [rtabmap]: rtabmap(maps): cloud_subtract_filtering   = false
[rtabmap-2] [INFO] [1768718636.678078319] [rtabmap]: rtabmap(maps): cloud_subtract_filtering_min_neighbors = 2
[rtabmap-2] [INFO] [1768718636.679252900] [rtabmap]: rtabmap(maps): octomap_tree_depth         = 16
[rtabmap-2] [INFO] [1768718636.700314815] [rtabmap]: rtabmap: frame_id      = camera_color_optical_frame
[rtabmap-2] [INFO] [1768718636.700355375] [rtabmap]: rtabmap: odom_frame_id = world
[rtabmap-2] [INFO] [1768718636.700368625] [rtabmap]: rtabmap: map_frame_id  = world
[rtabmap-2] [INFO] [1768718636.700379415] [rtabmap]: rtabmap: log_to_rosout_level  = 4
[rtabmap-2] [INFO] [1768718636.700390591] [rtabmap]: rtabmap: initial_pose  = 
[rtabmap-2] [INFO] [1768718636.700400713] [rtabmap]: rtabmap: use_action_for_goal  = false
[rtabmap-2] [INFO] [1768718636.700411039] [rtabmap]: rtabmap: tf_delay      = 0.050000
[rtabmap-2] [INFO] [1768718636.700425839] [rtabmap]: rtabmap: tf_tolerance  = 0.100000
[rtabmap-2] [INFO] [1768718636.700437651] [rtabmap]: rtabmap: odom_sensor_sync   = false
[rtabmap-2] [INFO] [1768718636.700447573] [rtabmap]: rtabmap: pub_loc_pose_only_when_localizing = false
[rtabmap-2] [INFO] [1768718636.700457301] [rtabmap]: rtabmap: wait_for_transform = 0.200000
[rtabmap-2] [INFO] [1768718636.700468931] [rtabmap]: rtabmap: gen_scan  = false
[rtabmap-2] [INFO] [1768718636.700478958] [rtabmap]: rtabmap: gen_depth  = false
[rtabmap-2] [INFO] [1768718636.717219666] [rtabmap]: Setting RTAB-Map parameter "Grid/3D"="true" (rosparam)
[rtabmap-2] [INFO] [1768718636.717950957] [rtabmap]: Setting RTAB-Map parameter "Grid/RangeMax"="5.0" (rosparam)
[rtabmap-2] [INFO] [1768718636.718096566] [rtabmap]: Setting RTAB-Map parameter "Grid/RayTracing"="true" (rosparam)
[rtabmap-2] [INFO] [1768718636.718245958] [rtabmap]: Setting RTAB-Map parameter "Grid/Sensor"="1" (rosparam)
[rtabmap-2] [INFO] [1768718636.723657994] [rtabmap]: Setting RTAB-Map parameter "RGBD/CreateOccupancyGrid"="true" (rosparam)
[rtabmap-2] [INFO] [1768718636.726006695] [rtabmap]: Setting RTAB-Map parameter "Rtabmap/DetectionRate"="2.0" (rosparam)
[rtabmap-2] [INFO] [1768718636.864853519] [rtabmap]: RTAB-Map detection rate = 2.000000 Hz
[rtabmap-2] [INFO] [1768718636.866099311] [rtabmap]: rtabmap: Using database from "/home/fujino/.ros/rtabmap_ur5e_20260118_154356.db" (0 MB).
[rtabmap-2] [INFO] [1768718636.886095897] [rtabmap]: rtabmap: Database version = "0.22.1".
[rtabmap-2] [INFO] [1768718636.886155505] [rtabmap]: rtabmap: SLAM mode (Mem/IncrementalMemory=true)
[rtabmap-2] [INFO] [1768718636.908215144] [rtabmap]: Setup callbacks
[rtabmap-2] [WARN] [1768718636.908343648] [rtabmap]: rtabmap: Parameters subscribe_depth and subscribe_rgbd cannot be true at the same time. Parameter subscribe_depth is set to false.
[rtabmap-2] [INFO] [1768718636.908474875] [rtabmap]: rtabmap: subscribe_depth = false
[rtabmap-2] [INFO] [1768718636.908497902] [rtabmap]: rtabmap: subscribe_rgb = false
[rtabmap-2] [INFO] [1768718636.908511674] [rtabmap]: rtabmap: subscribe_stereo = false
[rtabmap-2] [INFO] [1768718636.908524292] [rtabmap]: rtabmap: subscribe_rgbd = true (rgbd_cameras=1)
[rtabmap-2] [INFO] [1768718636.908537489] [rtabmap]: rtabmap: subscribe_sensor_data = false
[rtabmap-2] [INFO] [1768718636.908549494] [rtabmap]: rtabmap: subscribe_odom_info = false
[rtabmap-2] [INFO] [1768718636.908560457] [rtabmap]: rtabmap: subscribe_user_data = false
[rtabmap-2] [INFO] [1768718636.908571760] [rtabmap]: rtabmap: subscribe_scan = false
[rtabmap-2] [INFO] [1768718636.908583539] [rtabmap]: rtabmap: subscribe_scan_cloud = false
[rtabmap-2] [INFO] [1768718636.908595068] [rtabmap]: rtabmap: subscribe_scan_descriptor = false
[rtabmap-2] [INFO] [1768718636.908607504] [rtabmap]: rtabmap: topic_queue_size = 10
[rtabmap-2] [INFO] [1768718636.908619761] [rtabmap]: rtabmap: sync_queue_size  = 30
[rtabmap-2] [INFO] [1768718636.908631262] [rtabmap]: rtabmap: qos_image       = 2
[rtabmap-2] [INFO] [1768718636.908716105] [rtabmap]: rtabmap: qos_camera_info = 2
[rtabmap-2] [INFO] [1768718636.908735040] [rtabmap]: rtabmap: qos_scan        = 2
[rtabmap-2] [INFO] [1768718636.908747376] [rtabmap]: rtabmap: qos_odom        = 2
[rtabmap-2] [INFO] [1768718636.908767375] [rtabmap]: rtabmap: qos_user_data   = 2
[rtabmap-2] [INFO] [1768718636.908779677] [rtabmap]: rtabmap: approx_sync     = true
[rtabmap-2] [INFO] [1768718636.908803211] [rtabmap]: Setup rgbd callback
[rtabmap-2] [INFO] [1768718636.910263734] [rtabmap]: 
[rtabmap-2] rtabmap subscribed to:
[rtabmap-2]    /rgbd_image
[rtabmap-2] [INFO] [1768718638.131563493] [rtabmap]: rtabmap (1): Rate=0.50s, Limit=0.000s, Conversion=0.0019s, RTAB-Map=0.3096s, Maps update=0.0049s pub=0.0004s delay=0.3190s (local map=1, WM=1)
[rtabmap-2] [INFO] [1768718638.841622089] [rtabmap]: rtabmap (2): Rate=0.50s, Limit=0.000s, Conversion=0.0030s, RTAB-Map=0.3933s, Maps update=0.0052s pub=0.0000s delay=0.3980s (local map=1, WM=1)
[rtabmap-2] [INFO] [1768718639.322260227] [rtabmap]: rtabmap (3): Rate=0.50s, Limit=0.000s, Conversion=0.0033s, RTAB-Map=0.3689s, Maps update=0.0074s pub=0.0000s delay=0.3890s (local map=1, WM=1)
[rtabmap-2] [INFO] [1768718639.827597934] [rtabmap]: rtabmap (4): Rate=0.50s, Limit=0.000s, Conversion=0.0035s, RTAB-Map=0.3814s, Maps update=0.0058s pub=0.0001s delay=0.3830s (local map=1, WM=1)
[rtabmap-2] [INFO] [1768718640.338757408] [rtabmap]: rtabmap (5): Rate=0.50s, Limit=0.000s, Conversion=0.0006s, RTAB-Map=0.3387s, Maps update=0.0054s pub=0.0000s delay=0.3490s (local map=1, WM=1)
[rtabmap-2] [INFO] [1768718640.831778570] [rtabmap]: rtabmap (6): Rate=0.50s, Limit=0.000s, Conversion=0.0028s, RTAB-Map=0.3134s, Maps update=0.0047s pub=0.0000s delay=0.3150s (local map=1, WM=1)
[rtabmap-2] [INFO] [1768718641.433648795] [rtabmap]: rtabmap (7): Rate=0.50s, Limit=0.000s, Conversion=0.0010s, RTAB-Map=0.2921s, Maps update=0.0075s pub=0.0000s delay=0.3110s (local map=1, WM=1)
[rtabmap-2] [INFO] [1768718641.929060219] [rtabmap]: rtabmap (8): Rate=0.50s, Limit=0.000s, Conversion=0.0014s, RTAB-Map=0.2651s, Maps update=0.0066s pub=0.0000s delay=0.2990s (local map=1, WM=1)
[rtabmap-2] [INFO] [1768718642.473317057] [rtabmap]: rtabmap (9): Rate=0.50s, Limit=0.000s, Conversion=0.0014s, RTAB-Map=0.2874s, Maps update=0.0072s pub=0.0000s delay=0.2680s (local map=1, WM=1)
[rtabmap-2] [INFO] [1768718643.096732521] [rtabmap]: rtabmap (10): Rate=0.50s, Limit=0.000s, Conversion=0.0010s, RTAB-Map=0.3101s, Maps update=0.0047s pub=0.0000s delay=0.2540s (local map=1, WM=1)
[rtabmap-2] [INFO] [1768718643.665852146] [rtabmap]: rtabmap (11): Rate=0.50s, Limit=0.000s, Conversion=0.0007s, RTAB-Map=0.3118s, Maps update=0.0074s pub=0.0000s delay=0.2930s (local map=1, WM=1)
[rtabmap-2] [INFO] [1768718644.124807226] [rtabmap]: rtabmap (12): Rate=0.50s, Limit=0.000s, Conversion=0.0018s, RTAB-Map=0.2566s, Maps update=0.0071s pub=0.0000s delay=0.2870s (local map=1, WM=1)
[rtabmap-2] [INFO] [1768718644.701020118] [rtabmap]: rtabmap (13): Rate=0.50s, Limit=0.000s, Conversion=0.0040s, RTAB-Map=0.2923s, Maps update=0.0034s pub=0.0000s delay=0.2610s (local map=1, WM=1)
[rtabmap-2] [INFO] [1768718645.858188917] [rtabmap]: rtabmap (14): Rate=0.50s, Limit=0.000s, Conversion=0.0014s, RTAB-Map=0.3322s, Maps update=0.0065s pub=0.0007s delay=0.3230s (local map=2, WM=2)
[rtabmap-2] [INFO] [1768718646.320719661] [rtabmap]: rtabmap (15): Rate=0.50s, Limit=0.000s, Conversion=0.0012s, RTAB-Map=0.2588s, Maps update=0.0041s pub=0.0000s delay=0.3030s (local map=2, WM=2)
[rtabmap-2] [INFO] [1768718647.027572506] [rtabmap]: rtabmap (16): Rate=0.50s, Limit=0.000s, Conversion=0.0006s, RTAB-Map=0.2788s, Maps update=0.0057s pub=0.0000s delay=0.3300s (local map=2, WM=2)
[rtabmap-2] [INFO] [1768718647.564733457] [rtabmap]: rtabmap (17): Rate=0.50s, Limit=0.000s, Conversion=0.0009s, RTAB-Map=0.3173s, Maps update=0.0075s pub=0.0007s delay=0.3130s (local map=3, WM=3)
[rtabmap-2] [INFO] [1768718648.051649529] [rtabmap]: rtabmap (18): Rate=0.50s, Limit=0.000s, Conversion=0.0005s, RTAB-Map=0.2873s, Maps update=0.0031s pub=0.0000s delay=0.2770s (local map=3, WM=3)
[rtabmap-2] [INFO] [1768718648.921925311] [rtabmap]: rtabmap (19): Rate=0.50s, Limit=0.000s, Conversion=0.0024s, RTAB-Map=0.3598s, Maps update=0.0049s pub=0.0010s delay=0.4060s (local map=4, WM=4)
[rtabmap-2] [INFO] [1768718649.714703312] [rtabmap]: rtabmap (20): Rate=0.50s, Limit=0.000s, Conversion=0.0004s, RTAB-Map=0.2692s, Maps update=0.0054s pub=0.0000s delay=0.2070s (local map=4, WM=4)
[rtabmap-2] [INFO] [1768718650.580156539] [rtabmap]: rtabmap (21): Rate=0.50s, Limit=0.000s, Conversion=0.0012s, RTAB-Map=0.3306s, Maps update=0.0049s pub=0.0012s delay=0.3310s (local map=5, WM=5)
[rtabmap-2] [INFO] [1768718651.232183420] [rtabmap]: rtabmap (22): Rate=0.50s, Limit=0.000s, Conversion=0.0005s, RTAB-Map=0.2870s, Maps update=0.0040s pub=0.0000s delay=0.3070s (local map=5, WM=5)
[rtabmap-2] [INFO] [1768718651.807587928] [rtabmap]: rtabmap (23): Rate=0.50s, Limit=0.000s, Conversion=0.0016s, RTAB-Map=0.3121s, Maps update=0.0058s pub=0.0000s delay=0.2810s (local map=5, WM=5)
[rtabmap-2] [INFO] [1768718652.483721335] [rtabmap]: rtabmap (24): Rate=0.50s, Limit=0.000s, Conversion=0.0008s, RTAB-Map=0.2553s, Maps update=0.0029s pub=0.0012s delay=0.2540s (local map=6, WM=6)
[rtabmap-2] [INFO] [1768718653.123017875] [rtabmap]: rtabmap (25): Rate=0.50s, Limit=0.000s, Conversion=0.0007s, RTAB-Map=0.3425s, Maps update=0.0041s pub=0.0000s delay=0.3050s (local map=6, WM=6)
[rtabmap-2] [INFO] [1768718653.719526671] [rtabmap]: rtabmap (26): Rate=0.50s, Limit=0.000s, Conversion=0.0009s, RTAB-Map=0.3484s, Maps update=0.0055s pub=0.0000s delay=0.3080s (local map=6, WM=6)
[rtabmap-2] [INFO] [1768718654.372211844] [rtabmap]: rtabmap (27): Rate=0.50s, Limit=0.000s, Conversion=0.0009s, RTAB-Map=0.2852s, Maps update=0.0027s pub=0.0013s delay=0.3070s (local map=7, WM=7)
[rtabmap-2] [INFO] [1768718655.084649381] [rtabmap]: rtabmap (28): Rate=0.50s, Limit=0.000s, Conversion=0.0013s, RTAB-Map=0.3227s, Maps update=0.0045s pub=0.0000s delay=0.3160s (local map=7, WM=7)
[rtabmap-2] [INFO] [1768718655.593092989] [rtabmap]: rtabmap (29): Rate=0.50s, Limit=0.000s, Conversion=0.0006s, RTAB-Map=0.3018s, Maps update=0.0041s pub=0.0014s delay=0.3040s (local map=8, WM=8)
[rtabmap-2] [INFO] [1768718656.186776826] [rtabmap]: rtabmap (30): Rate=0.50s, Limit=0.000s, Conversion=0.0005s, RTAB-Map=0.2680s, Maps update=0.0047s pub=0.0000s delay=0.2690s (local map=8, WM=8)
[rtabmap-2] [INFO] [1768718656.748583155] [rtabmap]: rtabmap (31): Rate=0.50s, Limit=0.000s, Conversion=0.0016s, RTAB-Map=0.2752s, Maps update=0.0048s pub=0.0014s delay=0.3180s (local map=9, WM=9)
[rtabmap-2] [INFO] [1768718657.315206814] [rtabmap]: rtabmap (32): Rate=0.50s, Limit=0.000s, Conversion=0.0008s, RTAB-Map=0.3179s, Maps update=0.0039s pub=0.0000s delay=0.3020s (local map=9, WM=9)
[rtabmap-2] [INFO] [1768718658.019844040] [rtabmap]: rtabmap (33): Rate=0.50s, Limit=0.000s, Conversion=0.0010s, RTAB-Map=0.2700s, Maps update=0.0031s pub=0.0008s delay=0.2560s (local map=10, WM=10)
[rtabmap-2] [INFO] [1768718658.570811639] [rtabmap]: rtabmap (34): Rate=0.50s, Limit=0.000s, Conversion=0.0005s, RTAB-Map=0.3018s, Maps update=0.0054s pub=0.0033s delay=0.3210s (local map=11, WM=11)
[rtabmap-2] [INFO] [1768718659.208487666] [rtabmap]: rtabmap (35): Rate=0.50s, Limit=0.000s, Conversion=0.0006s, RTAB-Map=0.3483s, Maps update=0.0042s pub=0.0000s delay=0.3350s (local map=11, WM=11)
[rtabmap-2] [INFO] [1768718659.910975403] [rtabmap]: rtabmap (36): Rate=0.50s, Limit=0.000s, Conversion=0.0007s, RTAB-Map=0.3687s, Maps update=0.0034s pub=0.0039s delay=0.3530s (local map=12, WM=12)
[rtabmap-2] [INFO] [1768718660.384149115] [rtabmap]: rtabmap (37): Rate=0.50s, Limit=0.000s, Conversion=0.0015s, RTAB-Map=0.3270s, Maps update=0.0038s pub=0.0000s delay=0.3510s (local map=12, WM=12)
[rtabmap-2] [INFO] [1768718660.998882104] [rtabmap]: rtabmap (38): Rate=0.50s, Limit=0.000s, Conversion=0.0014s, RTAB-Map=0.3094s, Maps update=0.0029s pub=0.0011s delay=0.3170s (local map=13, WM=13)
[rtabmap-2] [INFO] [1768718661.583880919] [rtabmap]: rtabmap (39): Rate=0.50s, Limit=0.000s, Conversion=0.0009s, RTAB-Map=0.3449s, Maps update=0.0038s pub=0.0000s delay=0.3500s (local map=13, WM=13)
[rtabmap-2] [INFO] [1768718662.120262845] [rtabmap]: rtabmap (40): Rate=0.50s, Limit=0.000s, Conversion=0.0006s, RTAB-Map=0.2799s, Maps update=0.0040s pub=0.0022s delay=0.2600s (local map=14, WM=14)
[rtabmap-2] [INFO] [1768718663.035049296] [rtabmap]: rtabmap (41): Rate=0.50s, Limit=0.000s, Conversion=0.0005s, RTAB-Map=0.3249s, Maps update=0.0043s pub=0.0011s delay=0.2920s (local map=15, WM=15)
[rtabmap-2] [INFO] [1768718663.662040922] [rtabmap]: rtabmap (42): Rate=0.50s, Limit=0.000s, Conversion=0.0008s, RTAB-Map=0.2934s, Maps update=0.0045s pub=0.0012s delay=0.3220s (local map=16, WM=16)
[rtabmap-2] [INFO] [1768718664.158438263] [rtabmap]: rtabmap (43): Rate=0.50s, Limit=0.000s, Conversion=0.0012s, RTAB-Map=0.2739s, Maps update=0.0033s pub=0.0000s delay=0.2190s (local map=16, WM=16)
[rtabmap-2] [INFO] [1768718664.818468072] [rtabmap]: rtabmap (44): Rate=0.50s, Limit=0.000s, Conversion=0.0015s, RTAB-Map=0.3436s, Maps update=0.0047s pub=0.0013s delay=0.3530s (local map=17, WM=17)
[rtabmap-2] [INFO] [1768718665.292562224] [rtabmap]: rtabmap (45): Rate=0.50s, Limit=0.000s, Conversion=0.0014s, RTAB-Map=0.2615s, Maps update=0.0031s pub=0.0000s delay=0.2900s (local map=17, WM=17)
[rtabmap-2] [INFO] [1768718665.852501553] [rtabmap]: rtabmap (46): Rate=0.50s, Limit=0.000s, Conversion=0.0009s, RTAB-Map=0.3254s, Maps update=0.0034s pub=0.0000s delay=0.2680s (local map=17, WM=17)
[rtabmap-2] [INFO] [1768718666.405590460] [rtabmap]: rtabmap (47): Rate=0.50s, Limit=0.000s, Conversion=0.0010s, RTAB-Map=0.3231s, Maps update=0.0035s pub=0.0016s delay=0.3280s (local map=18, WM=18)
[rtabmap-2] [INFO] [1768718667.495062036] [rtabmap]: rtabmap (48): Rate=0.50s, Limit=0.000s, Conversion=0.0009s, RTAB-Map=0.4140s, Maps update=0.0045s pub=0.0000s delay=0.4390s (local map=18, WM=18)
[rtabmap-2] [INFO] [1768718667.988808151] [rtabmap]: rtabmap (49): Rate=0.50s, Limit=0.000s, Conversion=0.0010s, RTAB-Map=0.3798s, Maps update=0.0043s pub=0.0013s delay=0.4070s (local map=19, WM=19)
[rtabmap-2] [INFO] [1768718668.475996554] [rtabmap]: rtabmap (50): Rate=0.50s, Limit=0.000s, Conversion=0.0004s, RTAB-Map=0.3399s, Maps update=0.0044s pub=0.0000s delay=0.3810s (local map=19, WM=19)
[rtabmap-2] [INFO] [1768718669.222238400] [rtabmap]: rtabmap (51): Rate=0.50s, Limit=0.000s, Conversion=0.0008s, RTAB-Map=0.3730s, Maps update=0.0044s pub=0.0000s delay=0.3680s (local map=19, WM=19)
[rtabmap-2] [INFO] [1768718669.850051189] [rtabmap]: rtabmap (52): Rate=0.50s, Limit=0.000s, Conversion=0.0006s, RTAB-Map=0.3787s, Maps update=0.0033s pub=0.0015s delay=0.3350s (local map=20, WM=20)
[rtabmap-2] [INFO] [1768718670.509436743] [rtabmap]: rtabmap (53): Rate=0.50s, Limit=0.000s, Conversion=0.0011s, RTAB-Map=0.3013s, Maps update=0.0040s pub=0.0000s delay=0.3330s (local map=20, WM=20)
[rtabmap-2] [INFO] [1768718671.097161116] [rtabmap]: rtabmap (54): Rate=0.50s, Limit=0.000s, Conversion=0.0007s, RTAB-Map=0.3686s, Maps update=0.0035s pub=0.0000s delay=0.4010s (local map=20, WM=20)
[rtabmap-2] [INFO] [1768718671.614890890] [rtabmap]: rtabmap (55): Rate=0.50s, Limit=0.000s, Conversion=0.0004s, RTAB-Map=0.3680s, Maps update=0.0039s pub=0.0065s delay=0.3930s (local map=21, WM=21)
[rtabmap-2] [INFO] [1768718672.176092115] [rtabmap]: rtabmap (56): Rate=0.50s, Limit=0.000s, Conversion=0.0011s, RTAB-Map=0.3696s, Maps update=0.0038s pub=0.0000s delay=0.3180s (local map=21, WM=21)
[rtabmap-2] [INFO] [1768718672.621751949] [rtabmap]: rtabmap (57): Rate=0.50s, Limit=0.000s, Conversion=0.0008s, RTAB-Map=0.2893s, Maps update=0.0042s pub=0.0000s delay=0.2930s (local map=21, WM=21)
[rtabmap-2] [INFO] [1768718673.253109470] [rtabmap]: rtabmap (58): Rate=0.50s, Limit=0.000s, Conversion=0.0015s, RTAB-Map=0.2777s, Maps update=0.0049s pub=0.0051s delay=0.2500s (local map=22, WM=22)
[rtabmap-2] [INFO] [1768718673.917448633] [rtabmap]: rtabmap (59): Rate=0.50s, Limit=0.000s, Conversion=0.0009s, RTAB-Map=0.3213s, Maps update=0.0050s pub=0.0000s delay=0.3200s (local map=22, WM=22)
[rtabmap-2] [INFO] [1768718674.459908639] [rtabmap]: rtabmap (60): Rate=0.50s, Limit=0.000s, Conversion=0.0006s, RTAB-Map=0.2809s, Maps update=0.0052s pub=0.0000s delay=0.2570s (local map=22, WM=22)
[rtabmap-2] [INFO] [1768718675.052720231] [rtabmap]: rtabmap (61): Rate=0.50s, Limit=0.000s, Conversion=0.0006s, RTAB-Map=0.3156s, Maps update=0.0032s pub=0.0033s delay=0.3010s (local map=23, WM=23)
[rtabmap-2] [INFO] [1768718675.824134270] [rtabmap]: rtabmap (62): Rate=0.50s, Limit=0.000s, Conversion=0.0006s, RTAB-Map=0.2396s, Maps update=0.0026s pub=0.0000s delay=0.2350s (local map=23, WM=23)
[rtabmap-2] [INFO] [1768718676.334524655] [rtabmap]: rtabmap (63): Rate=0.50s, Limit=0.000s, Conversion=0.0004s, RTAB-Map=0.2367s, Maps update=0.0048s pub=0.0000s delay=0.2250s (local map=23, WM=23)
[rtabmap-2] [INFO] [1768718676.997742385] [rtabmap]: rtabmap (64): Rate=0.50s, Limit=0.000s, Conversion=0.0004s, RTAB-Map=0.3359s, Maps update=0.0032s pub=0.0000s delay=0.3590s (local map=23, WM=23)
[rtabmap-2] [INFO] [1768718677.500376070] [rtabmap]: rtabmap (65): Rate=0.50s, Limit=0.000s, Conversion=0.0008s, RTAB-Map=0.3099s, Maps update=0.0039s pub=0.0000s delay=0.3420s (local map=23, WM=23)
[rtabmap-2] [INFO] [1768718678.546441247] [rtabmap]: rtabmap (66): Rate=0.50s, Limit=0.000s, Conversion=0.0006s, RTAB-Map=0.2914s, Maps update=0.0033s pub=0.0000s delay=0.2860s (local map=23, WM=23)
[rtabmap-2] [INFO] [1768718679.168690290] [rtabmap]: rtabmap (67): Rate=0.50s, Limit=0.000s, Conversion=0.0011s, RTAB-Map=0.3587s, Maps update=0.0026s pub=0.0000s delay=0.3420s (local map=23, WM=23)
[rtabmap-2] [INFO] [1768718679.696997637] [rtabmap]: rtabmap (68): Rate=0.50s, Limit=0.000s, Conversion=0.0011s, RTAB-Map=0.3030s, Maps update=0.0049s pub=0.0000s delay=0.3400s (local map=23, WM=23)
[rtabmap-2] [INFO] [1768718680.431374732] [rtabmap]: rtabmap (69): Rate=0.50s, Limit=0.000s, Conversion=0.0007s, RTAB-Map=0.2646s, Maps update=0.0024s pub=0.0000s delay=0.2710s (local map=23, WM=23)
[rtabmap-2] [INFO] [1768718681.055566978] [rtabmap]: rtabmap (70): Rate=0.50s, Limit=0.000s, Conversion=0.0005s, RTAB-Map=0.2775s, Maps update=0.0040s pub=0.0000s delay=0.2570s (local map=23, WM=23)
[rtabmap-2] [INFO] [1768718681.640927764] [rtabmap]: rtabmap (71): Rate=0.50s, Limit=0.000s, Conversion=0.0008s, RTAB-Map=0.2749s, Maps update=0.0029s pub=0.0000s delay=0.2820s (local map=23, WM=23)
[rtabmap-2] [INFO] [1768718682.152212781] [rtabmap]: rtabmap (72): Rate=0.50s, Limit=0.000s, Conversion=0.0004s, RTAB-Map=0.2581s, Maps update=0.0044s pub=0.0000s delay=0.2350s (local map=23, WM=23)
[rtabmap-2] [INFO] [1768718682.661117492] [rtabmap]: rtabmap (73): Rate=0.50s, Limit=0.000s, Conversion=0.0007s, RTAB-Map=0.2541s, Maps update=0.0052s pub=0.0001s delay=0.2350s (local map=23, WM=23)
[rtabmap-2] [INFO] [1768718683.277357956] [rtabmap]: rtabmap (74): Rate=0.50s, Limit=0.000s, Conversion=0.0017s, RTAB-Map=0.3094s, Maps update=0.0026s pub=0.0000s delay=0.2850s (local map=23, WM=23)
[rtabmap-2] [INFO] [1768718683.870261343] [rtabmap]: rtabmap (75): Rate=0.50s, Limit=0.000s, Conversion=0.0008s, RTAB-Map=0.2419s, Maps update=0.0048s pub=0.0000s delay=0.2230s (local map=23, WM=23)
[rtabmap-2] [INFO] [1768718684.519167300] [rtabmap]: rtabmap (76): Rate=0.50s, Limit=0.000s, Conversion=0.0012s, RTAB-Map=0.3280s, Maps update=0.0022s pub=0.0000s delay=0.3800s (local map=23, WM=23)
[rtabmap-2] [INFO] [1768718685.233485625] [rtabmap]: rtabmap (77): Rate=0.50s, Limit=0.000s, Conversion=0.0018s, RTAB-Map=0.2930s, Maps update=0.0050s pub=0.0000s delay=0.3310s (local map=23, WM=23)
[rtabmap-2] [INFO] [1768718686.105704597] [rtabmap]: rtabmap (78): Rate=0.50s, Limit=0.000s, Conversion=0.0011s, RTAB-Map=0.2772s, Maps update=0.0023s pub=0.0000s delay=0.2310s (local map=23, WM=23)
[rtabmap-2] [INFO] [1768718686.809869095] [rtabmap]: rtabmap (79): Rate=0.50s, Limit=0.000s, Conversion=0.0019s, RTAB-Map=0.2998s, Maps update=0.0044s pub=0.0000s delay=0.3640s (local map=23, WM=23)
[rtabmap-2] [INFO] [1768718687.266058597] [rtabmap]: rtabmap (80): Rate=0.50s, Limit=0.000s, Conversion=0.0004s, RTAB-Map=0.2501s, Maps update=0.0025s pub=0.0000s delay=0.2240s (local map=23, WM=23)
[rtabmap-2] [INFO] [1768718688.036549167] [rtabmap]: rtabmap (81): Rate=0.50s, Limit=0.000s, Conversion=0.0005s, RTAB-Map=0.3087s, Maps update=0.0050s pub=0.0000s delay=0.3230s (local map=23, WM=23)
[rtabmap-2] [INFO] [1768718688.597934905] [rtabmap]: rtabmap (82): Rate=0.50s, Limit=0.000s, Conversion=0.0006s, RTAB-Map=0.3339s, Maps update=0.0035s pub=0.0000s delay=0.3050s (local map=23, WM=23)
[rtabmap-2] [INFO] [1768718689.158082172] [rtabmap]: rtabmap (83): Rate=0.50s, Limit=0.000s, Conversion=0.0004s, RTAB-Map=0.2635s, Maps update=0.0045s pub=0.0000s delay=0.2640s (local map=23, WM=23)
[rtabmap-2] [INFO] [1768718689.700310740] [rtabmap]: rtabmap (84): Rate=0.50s, Limit=0.000s, Conversion=0.0006s, RTAB-Map=0.2706s, Maps update=0.0047s pub=0.0000s delay=0.2430s (local map=23, WM=23)
[rtabmap-2] [INFO] [1768718690.284454087] [rtabmap]: rtabmap (85): Rate=0.50s, Limit=0.000s, Conversion=0.0010s, RTAB-Map=0.3228s, Maps update=0.0043s pub=0.0000s delay=0.3170s (local map=23, WM=23)
[rtabmap-2] [INFO] [1768718690.882777986] [rtabmap]: rtabmap (86): Rate=0.50s, Limit=0.000s, Conversion=0.0016s, RTAB-Map=0.2960s, Maps update=0.0041s pub=0.0000s delay=0.2950s (local map=23, WM=23)
[rtabmap-2] [INFO] [1768718691.321367233] [rtabmap]: rtabmap (87): Rate=0.50s, Limit=0.000s, Conversion=0.0005s, RTAB-Map=0.2443s, Maps update=0.0051s pub=0.0000s delay=0.2920s (local map=23, WM=23)
[rtabmap-2] [INFO] [1768718691.862292592] [rtabmap]: rtabmap (88): Rate=0.50s, Limit=0.000s, Conversion=0.0012s, RTAB-Map=0.2755s, Maps update=0.0048s pub=0.0000s delay=0.2840s (local map=23, WM=23)
[rtabmap-2] [INFO] [1768718692.529781350] [rtabmap]: rtabmap (89): Rate=0.50s, Limit=0.000s, Conversion=0.0005s, RTAB-Map=0.2601s, Maps update=0.0048s pub=0.0000s delay=0.3130s (local map=23, WM=23)
[rtabmap-2] [INFO] [1768718693.111051705] [rtabmap]: rtabmap (90): Rate=0.50s, Limit=0.000s, Conversion=0.0004s, RTAB-Map=0.2343s, Maps update=0.0049s pub=0.0000s delay=0.1840s (local map=23, WM=23)
[rtabmap-2] [INFO] [1768718693.959807554] [rtabmap]: rtabmap (91): Rate=0.50s, Limit=0.000s, Conversion=0.0010s, RTAB-Map=0.2545s, Maps update=0.0047s pub=0.0000s delay=0.2640s (local map=23, WM=23)
[rtabmap-2] [INFO] [1768718694.513556812] [rtabmap]: rtabmap (92): Rate=0.50s, Limit=0.000s, Conversion=0.0007s, RTAB-Map=0.2654s, Maps update=0.0049s pub=0.0000s delay=0.2400s (local map=23, WM=23)
[rtabmap-2] [INFO] [1768718695.052762459] [rtabmap]: rtabmap (93): Rate=0.50s, Limit=0.000s, Conversion=0.0005s, RTAB-Map=0.3200s, Maps update=0.0035s pub=0.0000s delay=0.3280s (local map=23, WM=23)
[rtabmap-2] [INFO] [1768718695.584851471] [rtabmap]: rtabmap (94): Rate=0.50s, Limit=0.000s, Conversion=0.0008s, RTAB-Map=0.3250s, Maps update=0.0048s pub=0.0000s delay=0.3130s (local map=23, WM=23)
[rtabmap-2] [INFO] [1768718696.135492419] [rtabmap]: rtabmap (95): Rate=0.50s, Limit=0.000s, Conversion=0.0006s, RTAB-Map=0.3420s, Maps update=0.0048s pub=0.0000s delay=0.2820s (local map=23, WM=23)
[rtabmap-2] [INFO] [1768718696.643337193] [rtabmap]: rtabmap (96): Rate=0.50s, Limit=0.000s, Conversion=0.0013s, RTAB-Map=0.3178s, Maps update=0.0051s pub=0.0000s delay=0.3630s (local map=23, WM=23)
[rtabmap-2] [INFO] [1768718697.307095311] [rtabmap]: rtabmap (97): Rate=0.50s, Limit=0.000s, Conversion=0.0013s, RTAB-Map=0.3386s, Maps update=0.0046s pub=0.0000s delay=0.3230s (local map=23, WM=23)
[rtabmap-2] [INFO] [1768718697.938200214] [rtabmap]: rtabmap (98): Rate=0.50s, Limit=0.000s, Conversion=0.0005s, RTAB-Map=0.2883s, Maps update=0.0055s pub=0.0000s delay=0.2370s (local map=23, WM=23)
[rtabmap-2] [INFO] [1768718698.527372082] [rtabmap]: rtabmap (99): Rate=0.50s, Limit=0.000s, Conversion=0.0018s, RTAB-Map=0.3214s, Maps update=0.0032s pub=0.0000s delay=0.3090s (local map=23, WM=23)
[rtabmap-2] [INFO] [1768718698.969003019] [rtabmap]: rtabmap (100): Rate=0.50s, Limit=0.000s, Conversion=0.0005s, RTAB-Map=0.2515s, Maps update=0.0049s pub=0.0000s delay=0.2600s (local map=23, WM=23)
[rtabmap-2] [INFO] [1768718699.646442308] [rtabmap]: rtabmap (101): Rate=0.50s, Limit=0.000s, Conversion=0.0006s, RTAB-Map=0.3358s, Maps update=0.0039s pub=0.0000s delay=0.3830s (local map=23, WM=23)
[rtabmap-2] [INFO] [1768718700.099690163] [rtabmap]: rtabmap (102): Rate=0.50s, Limit=0.000s, Conversion=0.0004s, RTAB-Map=0.2619s, Maps update=0.0027s pub=0.0000s delay=0.2400s (local map=23, WM=23)
[rtabmap-2] [INFO] [1768718700.358059193] [rclcpp]: signal_handler(signum=2)
[rgbd_sync-1] [INFO] [1768718700.358076061] [rclcpp]: signal_handler(signum=2)
[INFO] [rgbd_sync-1]: process has finished cleanly [pid 579343]
[rtabmap-2] [INFO] [1768718700.686442595] [rtabmap]: rtabmap (103): Rate=0.50s, Limit=0.000s, Conversion=0.0006s, RTAB-Map=0.3368s, Maps update=0.0001s pub=0.0001s delay=0.0210s (local map=23, WM=23)
[rtabmap-2] [INFO] [1768718700.687359881] [rtabmap]: Parameters are not saved (No configuration file provided...)
[rtabmap-2] [33m[ WARN] (2026-01-18 15:43:57.825) Memory.cpp:5917::createSignature() Mem/SaveDepth16Format is set to false to use 32bits format but this is not compatible with the compressed depth format chosen (Mem/DepthCompressionFormat=".rvl"), depth images will be compressed in ".png" format instead. Explicitly set Mem/SaveDepth16Format to true to keep using ".rvl" format and images will be converted to 16bits for convenience (warning: that would remove all depth values over 65 meters). Explicitly set Mem/DepthCompressionFormat=".png" to suppress this warning. This warning is only printed once.[0m
[rtabmap-2] [33m[ WARN] (2026-01-18 15:43:58.131) MapsManager.cpp:863::publishMaps() Graph has changed! The whole cloud is regenerated.[0m
[rtabmap-2] [33m[ WARN] (2026-01-18 15:44:27.489) Rtabmap.cpp:3069::process() Rejected loop closure 14 -> 48: Not enough inliers 0/20 (matches=19) between 14 and 48[0m
[rtabmap-2] [33m[ WARN] (2026-01-18 15:44:27.982) Rtabmap.cpp:3069::process() Rejected loop closure 1 -> 49: Not enough inliers 0/20 (matches=29) between 1 and 49[0m
[rtabmap-2] [33m[ WARN] (2026-01-18 15:44:28.470) Rtabmap.cpp:3069::process() Rejected loop closure 17 -> 50: Not enough inliers 8/20 (matches=21) between 17 and 50[0m
[rtabmap-2] [33m[ WARN] (2026-01-18 15:44:29.217) Rtabmap.cpp:3069::process() Rejected loop closure 1 -> 51: Not enough inliers 17/20 (matches=34) between 1 and 51[0m
[rtabmap-2] [33m[ WARN] (2026-01-18 15:44:29.844) Rtabmap.cpp:3069::process() Rejected loop closure 14 -> 52: Not enough inliers 15/20 (matches=31) between 14 and 52[0m
[rtabmap-2] [33m[ WARN] (2026-01-18 15:44:30.504) Rtabmap.cpp:3069::process() Rejected loop closure 14 -> 53: Not enough inliers 16/20 (matches=37) between 14 and 53[0m
[rtabmap-2] [33m[ WARN] (2026-01-18 15:44:31.092) Rtabmap.cpp:3069::process() Rejected loop closure 14 -> 54: Not enough inliers 19/20 (matches=48) between 14 and 54[0m
[rtabmap-2] rtabmap: Saving database/long-term memory... (located at /home/fujino/.ros/rtabmap_ur5e_20260118_154356.db)
[rtabmap-2] rtabmap: Saving database/long-term memory...done! (located at /home/fujino/.ros/rtabmap_ur5e_20260118_154356.db, 153 MB)
[INFO] [rtabmap-2]: process has finished cleanly [pid 579345]
