[INFO] [launch]: All log files can be found below /home/fujino/.ros/log/2026-01-18-11-53-19-650720-fh-478251
[INFO] [launch]: Default logging verbosity is set to INFO
[INFO] [rgbd_sync-1]: process started with pid [478254]
[INFO] [rtabmap-2]: process started with pid [478256]
[rgbd_sync-1] [INFO] [1768704800.325158384] [rgbd_sync]: rgbd_sync: approx_sync = true
[rgbd_sync-1] [INFO] [1768704800.325427949] [rgbd_sync]: rgbd_sync: approx_sync_max_interval = 0.000000
[rgbd_sync-1] [INFO] [1768704800.325456887] [rgbd_sync]: rgbd_sync: topic_queue_size  = 10
[rgbd_sync-1] [INFO] [1768704800.325469685] [rgbd_sync]: rgbd_sync: sync_queue_size  = 30
[rgbd_sync-1] [INFO] [1768704800.325480741] [rgbd_sync]: rgbd_sync: qos             = 2
[rgbd_sync-1] [INFO] [1768704800.325491750] [rgbd_sync]: rgbd_sync: qos_camera_info = 2
[rgbd_sync-1] [INFO] [1768704800.325501848] [rgbd_sync]: rgbd_sync: depth_scale = 1.000000
[rgbd_sync-1] [INFO] [1768704800.325513582] [rgbd_sync]: rgbd_sync: decimation = 1
[rgbd_sync-1] [INFO] [1768704800.325523965] [rgbd_sync]: rgbd_sync: compressed_rate = 0.000000
[rtabmap-2] [INFO] [1768704800.341821468] [rtabmap]: rtabmap(maps): latch                      = true
[rtabmap-2] [INFO] [1768704800.342012716] [rtabmap]: rtabmap(maps): map_filter_radius          = 0.000000
[rtabmap-2] [INFO] [1768704800.342030920] [rtabmap]: rtabmap(maps): map_filter_angle           = 30.000000
[rtabmap-2] [INFO] [1768704800.342037723] [rtabmap]: rtabmap(maps): map_cleanup                = true
[rtabmap-2] [INFO] [1768704800.342042550] [rtabmap]: rtabmap(maps): map_always_update          = false
[rtabmap-2] [INFO] [1768704800.342047127] [rtabmap]: rtabmap(maps): map_empty_ray_tracing      = true
[rtabmap-2] [INFO] [1768704800.342051746] [rtabmap]: rtabmap(maps): cloud_output_voxelized     = true
[rtabmap-2] [INFO] [1768704800.342056197] [rtabmap]: rtabmap(maps): cloud_subtract_filtering   = false
[rtabmap-2] [INFO] [1768704800.342060671] [rtabmap]: rtabmap(maps): cloud_subtract_filtering_min_neighbors = 2
[rtabmap-2] [INFO] [1768704800.342101048] [rtabmap]: rtabmap(maps): octomap_tree_depth         = 16
[rgbd_sync-1] [INFO] [1768704800.366522500] [rgbd_sync]: 
[rgbd_sync-1] rgbd_sync subscribed to (approx sync):
[rgbd_sync-1]    /camera/color/image_raw,
[rgbd_sync-1]    /camera/depth/depth/image_raw,
[rgbd_sync-1]    /camera/color/camera_info
[rtabmap-2] [INFO] [1768704800.373641725] [rtabmap]: rtabmap: frame_id      = camera_color_optical_frame
[rtabmap-2] [INFO] [1768704800.373686520] [rtabmap]: rtabmap: odom_frame_id = world
[rtabmap-2] [INFO] [1768704800.373700222] [rtabmap]: rtabmap: map_frame_id  = world
[rtabmap-2] [INFO] [1768704800.373710627] [rtabmap]: rtabmap: log_to_rosout_level  = 4
[rtabmap-2] [INFO] [1768704800.373727301] [rtabmap]: rtabmap: initial_pose  = 
[rtabmap-2] [INFO] [1768704800.373738242] [rtabmap]: rtabmap: use_action_for_goal  = false
[rtabmap-2] [INFO] [1768704800.373748583] [rtabmap]: rtabmap: tf_delay      = 0.050000
[rtabmap-2] [INFO] [1768704800.373772582] [rtabmap]: rtabmap: tf_tolerance  = 0.100000
[rtabmap-2] [INFO] [1768704800.373784519] [rtabmap]: rtabmap: odom_sensor_sync   = false
[rtabmap-2] [INFO] [1768704800.373794574] [rtabmap]: rtabmap: pub_loc_pose_only_when_localizing = false
[rtabmap-2] [INFO] [1768704800.373804744] [rtabmap]: rtabmap: wait_for_transform = 0.200000
[rtabmap-2] [INFO] [1768704800.373816220] [rtabmap]: rtabmap: gen_scan  = false
[rtabmap-2] [INFO] [1768704800.373844645] [rtabmap]: rtabmap: gen_depth  = false
[rtabmap-2] [INFO] [1768704800.396668834] [rtabmap]: Setting RTAB-Map parameter "Grid/3D"="true" (rosparam)
[rtabmap-2] [INFO] [1768704800.398151750] [rtabmap]: Setting RTAB-Map parameter "Grid/RangeMax"="5.0" (rosparam)
[rtabmap-2] [INFO] [1768704800.398369510] [rtabmap]: Setting RTAB-Map parameter "Grid/RayTracing"="true" (rosparam)
[rtabmap-2] [INFO] [1768704800.398771025] [rtabmap]: Setting RTAB-Map parameter "Grid/Sensor"="1" (rosparam)
[rtabmap-2] [INFO] [1768704800.414740676] [rtabmap]: Setting RTAB-Map parameter "RGBD/CreateOccupancyGrid"="true" (rosparam)
[rtabmap-2] [INFO] [1768704800.419918834] [rtabmap]: Setting RTAB-Map parameter "Rtabmap/DetectionRate"="2.0" (rosparam)
[rtabmap-2] [INFO] [1768704800.528598783] [rtabmap]: RTAB-Map detection rate = 2.000000 Hz
[rtabmap-2] [INFO] [1768704800.528735498] [rtabmap]: rtabmap: Using database from "/home/fujino/.ros/rtabmap_ur5e_20260118_115319.db" (0 MB).
[rtabmap-2] [INFO] [1768704800.541838070] [rtabmap]: rtabmap: Database version = "0.22.1".
[rtabmap-2] [INFO] [1768704800.541913959] [rtabmap]: rtabmap: SLAM mode (Mem/IncrementalMemory=true)
[rtabmap-2] [INFO] [1768704800.563342912] [rtabmap]: Setup callbacks
[rtabmap-2] [WARN] [1768704800.563398427] [rtabmap]: rtabmap: Parameters subscribe_depth and subscribe_rgbd cannot be true at the same time. Parameter subscribe_depth is set to false.
[rtabmap-2] [INFO] [1768704800.563515327] [rtabmap]: rtabmap: subscribe_depth = false
[rtabmap-2] [INFO] [1768704800.563526154] [rtabmap]: rtabmap: subscribe_rgb = false
[rtabmap-2] [INFO] [1768704800.563532035] [rtabmap]: rtabmap: subscribe_stereo = false
[rtabmap-2] [INFO] [1768704800.563537573] [rtabmap]: rtabmap: subscribe_rgbd = true (rgbd_cameras=1)
[rtabmap-2] [INFO] [1768704800.563543709] [rtabmap]: rtabmap: subscribe_sensor_data = false
[rtabmap-2] [INFO] [1768704800.563549004] [rtabmap]: rtabmap: subscribe_odom_info = false
[rtabmap-2] [INFO] [1768704800.563553915] [rtabmap]: rtabmap: subscribe_user_data = false
[rtabmap-2] [INFO] [1768704800.563559279] [rtabmap]: rtabmap: subscribe_scan = false
[rtabmap-2] [INFO] [1768704800.563565127] [rtabmap]: rtabmap: subscribe_scan_cloud = false
[rtabmap-2] [INFO] [1768704800.563570918] [rtabmap]: rtabmap: subscribe_scan_descriptor = false
[rtabmap-2] [INFO] [1768704800.563577143] [rtabmap]: rtabmap: topic_queue_size = 10
[rtabmap-2] [INFO] [1768704800.563586822] [rtabmap]: rtabmap: sync_queue_size  = 30
[rtabmap-2] [INFO] [1768704800.563591123] [rtabmap]: rtabmap: qos_image       = 2
[rtabmap-2] [INFO] [1768704800.563621237] [rtabmap]: rtabmap: qos_camera_info = 2
[rtabmap-2] [INFO] [1768704800.563625027] [rtabmap]: rtabmap: qos_scan        = 2
[rtabmap-2] [INFO] [1768704800.563628416] [rtabmap]: rtabmap: qos_odom        = 2
[rtabmap-2] [INFO] [1768704800.563631693] [rtabmap]: rtabmap: qos_user_data   = 2
[rtabmap-2] [INFO] [1768704800.563635072] [rtabmap]: rtabmap: approx_sync     = true
[rtabmap-2] [INFO] [1768704800.563644664] [rtabmap]: Setup rgbd callback
[rtabmap-2] [INFO] [1768704800.564317595] [rtabmap]: 
[rtabmap-2] rtabmap subscribed to:
[rtabmap-2]    /rgbd_image
[rtabmap-2] [INFO] [1768704801.784104738] [rtabmap]: rtabmap (1): Rate=0.50s, Limit=0.000s, Conversion=0.0024s, RTAB-Map=0.3214s, Maps update=0.0001s pub=0.0000s delay=0.2960s (local map=1, WM=1)
[rtabmap-2] [INFO] [1768704802.418743574] [rtabmap]: rtabmap (2): Rate=0.50s, Limit=0.000s, Conversion=0.0018s, RTAB-Map=0.3201s, Maps update=0.0001s pub=0.0000s delay=0.3580s (local map=1, WM=1)
[rtabmap-2] [INFO] [1768704802.902366856] [rtabmap]: rtabmap (3): Rate=0.50s, Limit=0.000s, Conversion=0.0004s, RTAB-Map=0.3036s, Maps update=0.0000s pub=0.0000s delay=0.2370s (local map=1, WM=1)
[rgbd_sync-1] [WARN] [1768704803.296089391] [rgbd_sync]: The time difference between rgb and depth frames is high (diff=0.033000s, rgb=644.669000s, depth=644.702000s). You may want to set approx_sync_max_interval lower than 0.01s to reject spurious bad synchronizations or use approx_sync=false if streams have all the exact same timestamp. Setting approx_sync_max_interval will suppress this warning.
[rtabmap-2] [INFO] [1768704803.606412091] [rtabmap]: rtabmap (4): Rate=0.50s, Limit=0.000s, Conversion=0.0005s, RTAB-Map=0.2741s, Maps update=0.0001s pub=0.0000s delay=0.2220s (local map=1, WM=1)
[rgbd_sync-1] [WARN] [1768704803.610083874] [rgbd_sync]: The time difference between rgb and depth frames is high (diff=0.033000s, rgb=645.046000s, depth=645.013000s). You may want to set approx_sync_max_interval lower than 0.01s to reject spurious bad synchronizations or use approx_sync=false if streams have all the exact same timestamp. Setting approx_sync_max_interval will suppress this warning.
[rtabmap-2] [INFO] [1768704804.146856975] [rtabmap]: rtabmap (5): Rate=0.50s, Limit=0.000s, Conversion=0.0021s, RTAB-Map=0.2626s, Maps update=0.0000s pub=0.0000s delay=0.3020s (local map=1, WM=1)
[rgbd_sync-1] [WARN] [1768704804.403075325] [rgbd_sync]: The time difference between rgb and depth frames is high (diff=0.028000s, rgb=645.836000s, depth=645.864000s). You may want to set approx_sync_max_interval lower than 0.01s to reject spurious bad synchronizations or use approx_sync=false if streams have all the exact same timestamp. Setting approx_sync_max_interval will suppress this warning.
[rtabmap-2] [INFO] [1768704804.790412468] [rtabmap]: rtabmap (6): Rate=0.50s, Limit=0.000s, Conversion=0.0019s, RTAB-Map=0.3146s, Maps update=0.0000s pub=0.0000s delay=0.2910s (local map=1, WM=1)
[rtabmap-2] [INFO] [1768704805.291474266] [rtabmap]: rtabmap (7): Rate=0.50s, Limit=0.000s, Conversion=0.0018s, RTAB-Map=0.2770s, Maps update=0.0000s pub=0.0000s delay=0.2520s (local map=1, WM=1)
[rgbd_sync-1] [WARN] [1768704805.977457046] [rgbd_sync]: The time difference between rgb and depth frames is high (diff=0.037000s, rgb=647.388000s, depth=647.425000s). You may want to set approx_sync_max_interval lower than 0.01s to reject spurious bad synchronizations or use approx_sync=false if streams have all the exact same timestamp. Setting approx_sync_max_interval will suppress this warning.
[rtabmap-2] [INFO] [1768704805.987724320] [rtabmap]: rtabmap (8): Rate=0.50s, Limit=0.000s, Conversion=0.0036s, RTAB-Map=0.3381s, Maps update=0.0000s pub=0.0000s delay=0.3150s (local map=1, WM=1)
[rtabmap-2] [INFO] [1768704806.502265829] [rtabmap]: rtabmap (9): Rate=0.50s, Limit=0.000s, Conversion=0.0020s, RTAB-Map=0.2771s, Maps update=0.0000s pub=0.0000s delay=0.2380s (local map=1, WM=1)
[rtabmap-2] [INFO] [1768704807.019956085] [rtabmap]: rtabmap (10): Rate=0.50s, Limit=0.000s, Conversion=0.0015s, RTAB-Map=0.2863s, Maps update=0.0001s pub=0.0000s delay=0.2270s (local map=1, WM=1)
[rtabmap-2] [INFO] [1768704807.685293894] [rtabmap]: rtabmap (11): Rate=0.50s, Limit=0.000s, Conversion=0.0012s, RTAB-Map=0.3436s, Maps update=0.0000s pub=0.0000s delay=0.3360s (local map=1, WM=1)
[rtabmap-2] [INFO] [1768704808.153080781] [rtabmap]: rtabmap (12): Rate=0.50s, Limit=0.000s, Conversion=0.0013s, RTAB-Map=0.2652s, Maps update=0.0000s pub=0.0000s delay=0.2960s (local map=1, WM=1)
[rgbd_sync-1] [WARN] [1768704808.540563373] [rgbd_sync]: The time difference between rgb and depth frames is high (diff=0.028000s, rgb=649.960000s, depth=649.988000s). You may want to set approx_sync_max_interval lower than 0.01s to reject spurious bad synchronizations or use approx_sync=false if streams have all the exact same timestamp. Setting approx_sync_max_interval will suppress this warning.
[rtabmap-2] [INFO] [1768704808.775487288] [rtabmap]: rtabmap (13): Rate=0.50s, Limit=0.000s, Conversion=0.0005s, RTAB-Map=0.3628s, Maps update=0.0000s pub=0.0000s delay=0.3580s (local map=1, WM=1)
[rgbd_sync-1] [WARN] [1768704808.928530475] [rgbd_sync]: The time difference between rgb and depth frames is high (diff=0.027000s, rgb=650.343000s, depth=650.316000s). You may want to set approx_sync_max_interval lower than 0.01s to reject spurious bad synchronizations or use approx_sync=false if streams have all the exact same timestamp. Setting approx_sync_max_interval will suppress this warning.
[rgbd_sync-1] [WARN] [1768704809.074080770] [rgbd_sync]: The time difference between rgb and depth frames is high (diff=0.067000s, rgb=650.442000s, depth=650.375000s). You may want to set approx_sync_max_interval lower than 0.01s to reject spurious bad synchronizations or use approx_sync=false if streams have all the exact same timestamp. Setting approx_sync_max_interval will suppress this warning.
[rgbd_sync-1] [WARN] [1768704809.345777523] [rgbd_sync]: The time difference between rgb and depth frames is high (diff=0.034000s, rgb=650.621000s, depth=650.655000s). You may want to set approx_sync_max_interval lower than 0.01s to reject spurious bad synchronizations or use approx_sync=false if streams have all the exact same timestamp. Setting approx_sync_max_interval will suppress this warning.
[rtabmap-2] [INFO] [1768704809.394039340] [rtabmap]: rtabmap (14): Rate=0.50s, Limit=0.000s, Conversion=0.0007s, RTAB-Map=0.2566s, Maps update=0.0000s pub=0.0000s delay=0.2290s (local map=2, WM=2)
[rgbd_sync-1] [WARN] [1768704809.432710013] [rgbd_sync]: The time difference between rgb and depth frames is high (diff=0.028000s, rgb=650.847000s, depth=650.875000s). You may want to set approx_sync_max_interval lower than 0.01s to reject spurious bad synchronizations or use approx_sync=false if streams have all the exact same timestamp. Setting approx_sync_max_interval will suppress this warning.
[rgbd_sync-1] [WARN] [1768704809.860549592] [rgbd_sync]: The time difference between rgb and depth frames is high (diff=0.026000s, rgb=651.282000s, depth=651.308000s). You may want to set approx_sync_max_interval lower than 0.01s to reject spurious bad synchronizations or use approx_sync=false if streams have all the exact same timestamp. Setting approx_sync_max_interval will suppress this warning.
[rtabmap-2] [INFO] [1768704809.969806308] [rtabmap]: rtabmap (15): Rate=0.50s, Limit=0.000s, Conversion=0.0021s, RTAB-Map=0.2725s, Maps update=0.0001s pub=0.0000s delay=0.2820s (local map=2, WM=2)
[rtabmap-2] [INFO] [1768704810.551517994] [rtabmap]: rtabmap (16): Rate=0.50s, Limit=0.000s, Conversion=0.0008s, RTAB-Map=0.2324s, Maps update=0.0000s pub=0.0000s delay=0.2510s (local map=2, WM=2)
[rgbd_sync-1] [WARN] [1768704810.656961128] [rgbd_sync]: The time difference between rgb and depth frames is high (diff=0.031000s, rgb=652.073000s, depth=652.104000s). You may want to set approx_sync_max_interval lower than 0.01s to reject spurious bad synchronizations or use approx_sync=false if streams have all the exact same timestamp. Setting approx_sync_max_interval will suppress this warning.
[rgbd_sync-1] [WARN] [1768704810.792648946] [rgbd_sync]: The time difference between rgb and depth frames is high (diff=0.049000s, rgb=652.104000s, depth=652.153000s). You may want to set approx_sync_max_interval lower than 0.01s to reject spurious bad synchronizations or use approx_sync=false if streams have all the exact same timestamp. Setting approx_sync_max_interval will suppress this warning.
[rgbd_sync-1] [WARN] [1768704811.041180580] [rgbd_sync]: The time difference between rgb and depth frames is high (diff=0.100000s, rgb=652.353000s, depth=652.253000s). You may want to set approx_sync_max_interval lower than 0.01s to reject spurious bad synchronizations or use approx_sync=false if streams have all the exact same timestamp. Setting approx_sync_max_interval will suppress this warning.
[rtabmap-2] [INFO] [1768704811.302600870] [rtabmap]: rtabmap (17): Rate=0.50s, Limit=0.000s, Conversion=0.0009s, RTAB-Map=0.2580s, Maps update=0.0000s pub=0.0000s delay=0.4470s (local map=3, WM=3)
[rtabmap-2] [INFO] [1768704811.624604220] [rtabmap]: rtabmap (18): Rate=0.50s, Limit=0.000s, Conversion=0.0009s, RTAB-Map=0.2430s, Maps update=0.0000s pub=0.0000s delay=0.2030s (local map=3, WM=3)
[rgbd_sync-1] [WARN] [1768704811.765291282] [rgbd_sync]: The time difference between rgb and depth frames is high (diff=0.032000s, rgb=653.096000s, depth=653.128000s). You may want to set approx_sync_max_interval lower than 0.01s to reject spurious bad synchronizations or use approx_sync=false if streams have all the exact same timestamp. Setting approx_sync_max_interval will suppress this warning.
[rtabmap-2] [INFO] [1768704812.208280430] [rtabmap]: rtabmap (19): Rate=0.50s, Limit=0.000s, Conversion=0.0009s, RTAB-Map=0.3100s, Maps update=0.0000s pub=0.0000s delay=0.2980s (local map=3, WM=3)
[rgbd_sync-1] [WARN] [1768704812.411354307] [rgbd_sync]: The time difference between rgb and depth frames is high (diff=0.057000s, rgb=653.790000s, depth=653.847000s). You may want to set approx_sync_max_interval lower than 0.01s to reject spurious bad synchronizations or use approx_sync=false if streams have all the exact same timestamp. Setting approx_sync_max_interval will suppress this warning.
[rgbd_sync-1] [WARN] [1768704812.482838223] [rgbd_sync]: The time difference between rgb and depth frames is high (diff=0.027000s, rgb=653.916000s, depth=653.889000s). You may want to set approx_sync_max_interval lower than 0.01s to reject spurious bad synchronizations or use approx_sync=false if streams have all the exact same timestamp. Setting approx_sync_max_interval will suppress this warning.
[rgbd_sync-1] [WARN] [1768704812.833515481] [rgbd_sync]: The time difference between rgb and depth frames is high (diff=0.023000s, rgb=654.210000s, depth=654.233000s). You may want to set approx_sync_max_interval lower than 0.01s to reject spurious bad synchronizations or use approx_sync=false if streams have all the exact same timestamp. Setting approx_sync_max_interval will suppress this warning.
[rtabmap-2] [INFO] [1768704812.843369816] [rtabmap]: rtabmap (20): Rate=0.50s, Limit=0.000s, Conversion=0.0008s, RTAB-Map=0.3561s, Maps update=0.0000s pub=0.0000s delay=0.3110s (local map=4, WM=4)
[rtabmap-2] [INFO] [1768704813.315882784] [rtabmap]: rtabmap (21): Rate=0.50s, Limit=0.000s, Conversion=0.0007s, RTAB-Map=0.2817s, Maps update=0.0000s pub=0.0000s delay=0.2640s (local map=4, WM=4)
[rgbd_sync-1] [WARN] [1768704813.558788792] [rgbd_sync]: The time difference between rgb and depth frames is high (diff=0.022000s, rgb=654.866000s, depth=654.888000s). You may want to set approx_sync_max_interval lower than 0.01s to reject spurious bad synchronizations or use approx_sync=false if streams have all the exact same timestamp. Setting approx_sync_max_interval will suppress this warning.
[rtabmap-2] [INFO] [1768704813.917882391] [rtabmap]: rtabmap (22): Rate=0.50s, Limit=0.000s, Conversion=0.0014s, RTAB-Map=0.3069s, Maps update=0.0000s pub=0.0000s delay=0.2800s (local map=4, WM=4)
[rgbd_sync-1] [WARN] [1768704813.955379454] [rgbd_sync]: The time difference between rgb and depth frames is high (diff=0.033000s, rgb=655.361000s, depth=655.328000s). You may want to set approx_sync_max_interval lower than 0.01s to reject spurious bad synchronizations or use approx_sync=false if streams have all the exact same timestamp. Setting approx_sync_max_interval will suppress this warning.
[rgbd_sync-1] [WARN] [1768704814.021051787] [rgbd_sync]: The time difference between rgb and depth frames is high (diff=0.027000s, rgb=655.433000s, depth=655.460000s). You may want to set approx_sync_max_interval lower than 0.01s to reject spurious bad synchronizations or use approx_sync=false if streams have all the exact same timestamp. Setting approx_sync_max_interval will suppress this warning.
[rgbd_sync-1] [WARN] [1768704814.152919267] [rgbd_sync]: The time difference between rgb and depth frames is high (diff=0.034000s, rgb=655.562000s, depth=655.528000s). You may want to set approx_sync_max_interval lower than 0.01s to reject spurious bad synchronizations or use approx_sync=false if streams have all the exact same timestamp. Setting approx_sync_max_interval will suppress this warning.
[rtabmap-2] [INFO] [1768704814.453663556] [rtabmap]: rtabmap (23): Rate=0.50s, Limit=0.000s, Conversion=0.0008s, RTAB-Map=0.2955s, Maps update=0.0000s pub=0.0000s delay=0.3720s (local map=5, WM=5)
[rtabmap-2] [INFO] [1768704814.949160443] [rtabmap]: rtabmap (24): Rate=0.50s, Limit=0.000s, Conversion=0.0013s, RTAB-Map=0.2844s, Maps update=0.0000s pub=0.0000s delay=0.2440s (local map=5, WM=5)
[rgbd_sync-1] [WARN] [1768704815.282677183] [rgbd_sync]: The time difference between rgb and depth frames is high (diff=0.034000s, rgb=656.682000s, depth=656.716000s). You may want to set approx_sync_max_interval lower than 0.01s to reject spurious bad synchronizations or use approx_sync=false if streams have all the exact same timestamp. Setting approx_sync_max_interval will suppress this warning.
[rtabmap-2] [INFO] [1768704815.612600412] [rtabmap]: rtabmap (25): Rate=0.50s, Limit=0.000s, Conversion=0.0005s, RTAB-Map=0.3425s, Maps update=0.0000s pub=0.0000s delay=0.3840s (local map=5, WM=5)
[rgbd_sync-1] [WARN] [1768704815.648375095] [rgbd_sync]: The time difference between rgb and depth frames is high (diff=0.029000s, rgb=657.043000s, depth=657.014000s). You may want to set approx_sync_max_interval lower than 0.01s to reject spurious bad synchronizations or use approx_sync=false if streams have all the exact same timestamp. Setting approx_sync_max_interval will suppress this warning.
[rgbd_sync-1] [WARN] [1768704815.886205449] [rgbd_sync]: The time difference between rgb and depth frames is high (diff=0.035000s, rgb=657.162000s, depth=657.127000s). You may want to set approx_sync_max_interval lower than 0.01s to reject spurious bad synchronizations or use approx_sync=false if streams have all the exact same timestamp. Setting approx_sync_max_interval will suppress this warning.
[rgbd_sync-1] [WARN] [1768704816.026206052] [rgbd_sync]: The time difference between rgb and depth frames is high (diff=0.041000s, rgb=657.411000s, depth=657.452000s). You may want to set approx_sync_max_interval lower than 0.01s to reject spurious bad synchronizations or use approx_sync=false if streams have all the exact same timestamp. Setting approx_sync_max_interval will suppress this warning.
[rtabmap-2] [INFO] [1768704816.185432504] [rtabmap]: rtabmap (26): Rate=0.50s, Limit=0.000s, Conversion=0.0010s, RTAB-Map=0.2918s, Maps update=0.0000s pub=0.0000s delay=0.4730s (local map=6, WM=6)
[rtabmap-2] [INFO] [1768704816.567711731] [rtabmap]: rtabmap (27): Rate=0.50s, Limit=0.000s, Conversion=0.0044s, RTAB-Map=0.3304s, Maps update=0.0000s pub=0.0000s delay=0.3620s (local map=6, WM=6)
[rgbd_sync-1] [WARN] [1768704816.659016655] [rgbd_sync]: The time difference between rgb and depth frames is high (diff=0.040000s, rgb=658.027000s, depth=657.987000s). You may want to set approx_sync_max_interval lower than 0.01s to reject spurious bad synchronizations or use approx_sync=false if streams have all the exact same timestamp. Setting approx_sync_max_interval will suppress this warning.
[rtabmap-2] [INFO] [1768704817.078768419] [rtabmap]: rtabmap (28): Rate=0.50s, Limit=0.000s, Conversion=0.0011s, RTAB-Map=0.3357s, Maps update=0.0000s pub=0.0000s delay=0.3600s (local map=6, WM=6)
[rgbd_sync-1] [WARN] [1768704817.176996521] [rgbd_sync]: The time difference between rgb and depth frames is high (diff=0.034000s, rgb=658.576000s, depth=658.542000s). You may want to set approx_sync_max_interval lower than 0.01s to reject spurious bad synchronizations or use approx_sync=false if streams have all the exact same timestamp. Setting approx_sync_max_interval will suppress this warning.
[rgbd_sync-1] [WARN] [1768704817.471531059] [rgbd_sync]: The time difference between rgb and depth frames is high (diff=0.034000s, rgb=658.825000s, depth=658.791000s). You may want to set approx_sync_max_interval lower than 0.01s to reject spurious bad synchronizations or use approx_sync=false if streams have all the exact same timestamp. Setting approx_sync_max_interval will suppress this warning.
[rtabmap-2] [INFO] [1768704817.549354982] [rtabmap]: rtabmap (29): Rate=0.50s, Limit=0.000s, Conversion=0.0007s, RTAB-Map=0.3204s, Maps update=0.0000s pub=0.0000s delay=0.2520s (local map=7, WM=7)
[rgbd_sync-1] [WARN] [1768704817.747917614] [rgbd_sync]: The time difference between rgb and depth frames is high (diff=0.030000s, rgb=659.113000s, depth=659.083000s). You may want to set approx_sync_max_interval lower than 0.01s to reject spurious bad synchronizations or use approx_sync=false if streams have all the exact same timestamp. Setting approx_sync_max_interval will suppress this warning.
[rgbd_sync-1] [WARN] [1768704817.850586249] [rgbd_sync]: The time difference between rgb and depth frames is high (diff=0.032000s, rgb=659.144000s, depth=659.176000s). You may want to set approx_sync_max_interval lower than 0.01s to reject spurious bad synchronizations or use approx_sync=false if streams have all the exact same timestamp. Setting approx_sync_max_interval will suppress this warning.
[rtabmap-2] [INFO] [1768704818.214212379] [rtabmap]: rtabmap (30): Rate=0.50s, Limit=0.000s, Conversion=0.0005s, RTAB-Map=0.2915s, Maps update=0.0000s pub=0.0000s delay=0.2750s (local map=7, WM=7)
[rgbd_sync-1] [WARN] [1768704818.574004706] [rgbd_sync]: The time difference between rgb and depth frames is high (diff=0.033000s, rgb=659.714000s, depth=659.747000s). You may want to set approx_sync_max_interval lower than 0.01s to reject spurious bad synchronizations or use approx_sync=false if streams have all the exact same timestamp. Setting approx_sync_max_interval will suppress this warning.
[rtabmap-2] [INFO] [1768704818.936719540] [rtabmap]: rtabmap (31): Rate=0.50s, Limit=0.000s, Conversion=0.0016s, RTAB-Map=0.2998s, Maps update=0.0000s pub=0.0000s delay=0.2480s (local map=7, WM=7)
[rgbd_sync-1] [WARN] [1768704819.111367965] [rgbd_sync]: The time difference between rgb and depth frames is high (diff=0.034000s, rgb=660.422000s, depth=660.456000s). You may want to set approx_sync_max_interval lower than 0.01s to reject spurious bad synchronizations or use approx_sync=false if streams have all the exact same timestamp. Setting approx_sync_max_interval will suppress this warning.
[rtabmap-2] [INFO] [1768704819.480832624] [rtabmap]: rtabmap (32): Rate=0.50s, Limit=0.000s, Conversion=0.0009s, RTAB-Map=0.3316s, Maps update=0.0000s pub=0.0000s delay=0.3450s (local map=8, WM=8)
[rtabmap-2] [INFO] [1768704819.911287261] [rtabmap]: rtabmap (33): Rate=0.50s, Limit=0.000s, Conversion=0.0004s, RTAB-Map=0.2478s, Maps update=0.0000s pub=0.0000s delay=0.2300s (local map=8, WM=8)
[rtabmap-2] [INFO] [1768704820.453656269] [rtabmap]: rtabmap (34): Rate=0.50s, Limit=0.000s, Conversion=0.0010s, RTAB-Map=0.2645s, Maps update=0.0000s pub=0.0000s delay=0.2130s (local map=9, WM=9)
[rgbd_sync-1] [WARN] [1768704820.578553551] [rgbd_sync]: The time difference between rgb and depth frames is high (diff=0.030000s, rgb=661.972000s, depth=662.002000s). You may want to set approx_sync_max_interval lower than 0.01s to reject spurious bad synchronizations or use approx_sync=false if streams have all the exact same timestamp. Setting approx_sync_max_interval will suppress this warning.
[rgbd_sync-1] [WARN] [1768704820.714865756] [rgbd_sync]: The time difference between rgb and depth frames is high (diff=0.047000s, rgb=662.002000s, depth=662.049000s). You may want to set approx_sync_max_interval lower than 0.01s to reject spurious bad synchronizations or use approx_sync=false if streams have all the exact same timestamp. Setting approx_sync_max_interval will suppress this warning.
[rtabmap-2] [INFO] [1768704821.073681520] [rtabmap]: rtabmap (35): Rate=0.50s, Limit=0.000s, Conversion=0.0005s, RTAB-Map=0.3504s, Maps update=0.0001s pub=0.0000s delay=0.3720s (local map=9, WM=9)
[rtabmap-2] [INFO] [1768704821.499561745] [rtabmap]: rtabmap (36): Rate=0.50s, Limit=0.000s, Conversion=0.0011s, RTAB-Map=0.2587s, Maps update=0.0000s pub=0.0000s delay=0.2650s (local map=10, WM=10)
[rgbd_sync-1] [WARN] [1768704821.741436536] [rgbd_sync]: The time difference between rgb and depth frames is high (diff=0.085000s, rgb=663.014000s, depth=662.929000s). You may want to set approx_sync_max_interval lower than 0.01s to reject spurious bad synchronizations or use approx_sync=false if streams have all the exact same timestamp. Setting approx_sync_max_interval will suppress this warning.
[rgbd_sync-1] [WARN] [1768704821.805280031] [rgbd_sync]: The time difference between rgb and depth frames is high (diff=0.041000s, rgb=663.123000s, depth=663.164000s). You may want to set approx_sync_max_interval lower than 0.01s to reject spurious bad synchronizations or use approx_sync=false if streams have all the exact same timestamp. Setting approx_sync_max_interval will suppress this warning.
[rgbd_sync-1] [WARN] [1768704821.911217167] [rgbd_sync]: The time difference between rgb and depth frames is high (diff=0.036000s, rgb=663.320000s, depth=663.284000s). You may want to set approx_sync_max_interval lower than 0.01s to reject spurious bad synchronizations or use approx_sync=false if streams have all the exact same timestamp. Setting approx_sync_max_interval will suppress this warning.
[rgbd_sync-1] [WARN] [1768704821.960273713] [rgbd_sync]: The time difference between rgb and depth frames is high (diff=0.026000s, rgb=663.346000s, depth=663.320000s). You may want to set approx_sync_max_interval lower than 0.01s to reject spurious bad synchronizations or use approx_sync=false if streams have all the exact same timestamp. Setting approx_sync_max_interval will suppress this warning.
[rgbd_sync-1] [WARN] [1768704822.138452002] [rgbd_sync]: The time difference between rgb and depth frames is high (diff=0.031000s, rgb=663.524000s, depth=663.493000s). You may want to set approx_sync_max_interval lower than 0.01s to reject spurious bad synchronizations or use approx_sync=false if streams have all the exact same timestamp. Setting approx_sync_max_interval will suppress this warning.
[rtabmap-2] [INFO] [1768704822.204805464] [rtabmap]: rtabmap (37): Rate=0.50s, Limit=0.000s, Conversion=0.0006s, RTAB-Map=0.2893s, Maps update=0.0000s pub=0.0000s delay=0.3160s (local map=11, WM=11)
[rgbd_sync-1] [WARN] [1768704822.441338402] [rgbd_sync]: The time difference between rgb and depth frames is high (diff=0.029000s, rgb=663.719000s, depth=663.690000s). You may want to set approx_sync_max_interval lower than 0.01s to reject spurious bad synchronizations or use approx_sync=false if streams have all the exact same timestamp. Setting approx_sync_max_interval will suppress this warning.
[rgbd_sync-1] [WARN] [1768704822.555453859] [rgbd_sync]: The time difference between rgb and depth frames is high (diff=0.032000s, rgb=663.818000s, depth=663.850000s). You may want to set approx_sync_max_interval lower than 0.01s to reject spurious bad synchronizations or use approx_sync=false if streams have all the exact same timestamp. Setting approx_sync_max_interval will suppress this warning.
[rtabmap-2] [INFO] [1768704822.945829384] [rtabmap]: rtabmap (38): Rate=0.50s, Limit=0.000s, Conversion=0.0024s, RTAB-Map=0.3770s, Maps update=0.0000s pub=0.0000s delay=0.3620s (local map=12, WM=12)
[rtabmap-2] [INFO] [1768704823.306641915] [rtabmap]: rtabmap (39): Rate=0.50s, Limit=0.000s, Conversion=0.0005s, RTAB-Map=0.2419s, Maps update=0.0001s pub=0.0000s delay=0.2570s (local map=12, WM=12)
[rgbd_sync-1] [WARN] [1768704823.573750378] [rgbd_sync]: The time difference between rgb and depth frames is high (diff=0.033000s, rgb=664.962000s, depth=664.995000s). You may want to set approx_sync_max_interval lower than 0.01s to reject spurious bad synchronizations or use approx_sync=false if streams have all the exact same timestamp. Setting approx_sync_max_interval will suppress this warning.
[rtabmap-2] [INFO] [1768704823.864312627] [rtabmap]: rtabmap (40): Rate=0.50s, Limit=0.000s, Conversion=0.0006s, RTAB-Map=0.2782s, Maps update=0.0028s pub=0.0050s delay=0.2380s (local map=13, WM=13)
[rgbd_sync-1] [WARN] [1768704824.147564932] [rgbd_sync]: The time difference between rgb and depth frames is high (diff=0.067000s, rgb=665.462000s, depth=665.395000s). You may want to set approx_sync_max_interval lower than 0.01s to reject spurious bad synchronizations or use approx_sync=false if streams have all the exact same timestamp. Setting approx_sync_max_interval will suppress this warning.
[rgbd_sync-1] [WARN] [1768704824.436241891] [rgbd_sync]: The time difference between rgb and depth frames is high (diff=0.034000s, rgb=665.762000s, depth=665.796000s). You may want to set approx_sync_max_interval lower than 0.01s to reject spurious bad synchronizations or use approx_sync=false if streams have all the exact same timestamp. Setting approx_sync_max_interval will suppress this warning.
[rtabmap-2] [INFO] [1768704824.572749890] [rtabmap]: rtabmap (41): Rate=0.50s, Limit=0.000s, Conversion=0.0011s, RTAB-Map=0.3723s, Maps update=0.0042s pub=0.0043s delay=0.4380s (local map=14, WM=14)
[rgbd_sync-1] [WARN] [1768704824.621727824] [rgbd_sync]: The time difference between rgb and depth frames is high (diff=0.039000s, rgb=665.945000s, depth=665.906000s). You may want to set approx_sync_max_interval lower than 0.01s to reject spurious bad synchronizations or use approx_sync=false if streams have all the exact same timestamp. Setting approx_sync_max_interval will suppress this warning.
[rtabmap-2] [INFO] [1768704824.953398214] [rtabmap]: rtabmap (42): Rate=0.50s, Limit=0.000s, Conversion=0.0006s, RTAB-Map=0.2520s, Maps update=0.0039s pub=0.0000s delay=0.2230s (local map=14, WM=14)
[rgbd_sync-1] [WARN] [1768704825.476937151] [rgbd_sync]: The time difference between rgb and depth frames is high (diff=0.062000s, rgb=666.812000s, depth=666.750000s). You may want to set approx_sync_max_interval lower than 0.01s to reject spurious bad synchronizations or use approx_sync=false if streams have all the exact same timestamp. Setting approx_sync_max_interval will suppress this warning.
[rtabmap-2] [INFO] [1768704825.613676086] [rtabmap]: rtabmap (43): Rate=0.50s, Limit=0.000s, Conversion=0.0008s, RTAB-Map=0.2815s, Maps update=0.0039s pub=0.0010s delay=0.2890s (local map=15, WM=15)
[rgbd_sync-1] [WARN] [1768704825.639519351] [rgbd_sync]: The time difference between rgb and depth frames is high (diff=0.028000s, rgb=667.019000s, depth=667.047000s). You may want to set approx_sync_max_interval lower than 0.01s to reject spurious bad synchronizations or use approx_sync=false if streams have all the exact same timestamp. Setting approx_sync_max_interval will suppress this warning.
[rtabmap-2] [INFO] [1768704826.128474276] [rtabmap]: rtabmap (44): Rate=0.50s, Limit=0.000s, Conversion=0.0008s, RTAB-Map=0.2572s, Maps update=0.0033s pub=0.0000s delay=0.2370s (local map=15, WM=15)
[rgbd_sync-1] [WARN] [1768704826.468654752] [rgbd_sync]: The time difference between rgb and depth frames is high (diff=0.029000s, rgb=667.794000s, depth=667.823000s). You may want to set approx_sync_max_interval lower than 0.01s to reject spurious bad synchronizations or use approx_sync=false if streams have all the exact same timestamp. Setting approx_sync_max_interval will suppress this warning.
[rtabmap-2] [INFO] [1768704826.781936490] [rtabmap]: rtabmap (45): Rate=0.50s, Limit=0.000s, Conversion=0.0008s, RTAB-Map=0.3003s, Maps update=0.0041s pub=0.0019s delay=0.4060s (local map=16, WM=16)
[rtabmap-2] [INFO] [1768704827.253964299] [rtabmap]: rtabmap (46): Rate=0.50s, Limit=0.000s, Conversion=0.0009s, RTAB-Map=0.3166s, Maps update=0.0036s pub=0.0000s delay=0.2800s (local map=16, WM=16)
[rgbd_sync-1] [WARN] [1768704827.398316539] [rgbd_sync]: The time difference between rgb and depth frames is high (diff=0.028000s, rgb=668.707000s, depth=668.679000s). You may want to set approx_sync_max_interval lower than 0.01s to reject spurious bad synchronizations or use approx_sync=false if streams have all the exact same timestamp. Setting approx_sync_max_interval will suppress this warning.
[rtabmap-2] [INFO] [1768704827.785474398] [rtabmap]: rtabmap (47): Rate=0.50s, Limit=0.000s, Conversion=0.0006s, RTAB-Map=0.3314s, Maps update=0.0031s pub=0.0020s delay=0.3580s (local map=17, WM=17)
[rtabmap-2] [INFO] [1768704828.314197514] [rtabmap]: rtabmap (48): Rate=0.50s, Limit=0.000s, Conversion=0.0019s, RTAB-Map=0.3050s, Maps update=0.0041s pub=0.0000s delay=0.3390s (local map=17, WM=17)
[rgbd_sync-1] [WARN] [1768704828.578878850] [rgbd_sync]: The time difference between rgb and depth frames is high (diff=0.024000s, rgb=669.915000s, depth=669.939000s). You may want to set approx_sync_max_interval lower than 0.01s to reject spurious bad synchronizations or use approx_sync=false if streams have all the exact same timestamp. Setting approx_sync_max_interval will suppress this warning.
[rtabmap-2] [INFO] [1768704828.906020818] [rtabmap]: rtabmap (49): Rate=0.50s, Limit=0.000s, Conversion=0.0013s, RTAB-Map=0.3162s, Maps update=0.0021s pub=0.0000s delay=0.3850s (local map=17, WM=17)
[rtabmap-2] [INFO] [1768704829.428744909] [rtabmap]: rtabmap (50): Rate=0.50s, Limit=0.000s, Conversion=0.0005s, RTAB-Map=0.3100s, Maps update=0.0030s pub=0.0000s delay=0.3050s (local map=17, WM=17)
[rtabmap-2] [INFO] [1768704829.961292014] [rtabmap]: rtabmap (51): Rate=0.50s, Limit=0.000s, Conversion=0.0009s, RTAB-Map=0.2644s, Maps update=0.0026s pub=0.0000s delay=0.2260s (local map=17, WM=17)
[rgbd_sync-1] [WARN] [1768704830.005495563] [rgbd_sync]: The time difference between rgb and depth frames is high (diff=0.026000s, rgb=671.381000s, depth=671.355000s). You may want to set approx_sync_max_interval lower than 0.01s to reject spurious bad synchronizations or use approx_sync=false if streams have all the exact same timestamp. Setting approx_sync_max_interval will suppress this warning.
[rgbd_sync-1] [WARN] [1768704830.190088252] [rgbd_sync]: The time difference between rgb and depth frames is high (diff=0.031000s, rgb=671.515000s, depth=671.546000s). You may want to set approx_sync_max_interval lower than 0.01s to reject spurious bad synchronizations or use approx_sync=false if streams have all the exact same timestamp. Setting approx_sync_max_interval will suppress this warning.
[rtabmap-2] [INFO] [1768704830.640825153] [rtabmap]: rtabmap (52): Rate=0.50s, Limit=0.000s, Conversion=0.0003s, RTAB-Map=0.3706s, Maps update=0.0047s pub=0.0021s delay=0.3540s (local map=18, WM=18)
[rtabmap-2] [INFO] [1768704831.171638852] [rtabmap]: rtabmap (53): Rate=0.50s, Limit=0.000s, Conversion=0.0003s, RTAB-Map=0.3603s, Maps update=0.0027s pub=0.0000s delay=0.3200s (local map=18, WM=18)
[rtabmap-2] [INFO] [1768704831.762817361] [rtabmap]: rtabmap (54): Rate=0.50s, Limit=0.000s, Conversion=0.0007s, RTAB-Map=0.3125s, Maps update=0.0039s pub=0.0000s delay=0.2800s (local map=18, WM=18)
[rtabmap-2] [INFO] [1768704832.384941862] [rtabmap]: rtabmap (55): Rate=0.50s, Limit=0.000s, Conversion=0.0014s, RTAB-Map=0.3636s, Maps update=0.0042s pub=0.0015s delay=0.3100s (local map=19, WM=19)
[rgbd_sync-1] [WARN] [1768704832.629930391] [rgbd_sync]: The time difference between rgb and depth frames is high (diff=0.033000s, rgb=673.991000s, depth=673.958000s). You may want to set approx_sync_max_interval lower than 0.01s to reject spurious bad synchronizations or use approx_sync=false if streams have all the exact same timestamp. Setting approx_sync_max_interval will suppress this warning.
[rtabmap-2] [INFO] [1768704833.004970238] [rtabmap]: rtabmap (56): Rate=0.50s, Limit=0.000s, Conversion=0.0004s, RTAB-Map=0.3670s, Maps update=0.0043s pub=0.0000s delay=0.4420s (local map=19, WM=19)
[rtabmap-2] [INFO] [1768704833.393060879] [rtabmap]: rtabmap (57): Rate=0.50s, Limit=0.000s, Conversion=0.0006s, RTAB-Map=0.2749s, Maps update=0.0037s pub=0.0000s delay=0.3200s (local map=19, WM=19)
[rgbd_sync-1] [WARN] [1768704833.718838227] [rgbd_sync]: The time difference between rgb and depth frames is high (diff=0.030000s, rgb=675.084000s, depth=675.114000s). You may want to set approx_sync_max_interval lower than 0.01s to reject spurious bad synchronizations or use approx_sync=false if streams have all the exact same timestamp. Setting approx_sync_max_interval will suppress this warning.
[rgbd_sync-1] [WARN] [1768704834.020933473] [rgbd_sync]: The time difference between rgb and depth frames is high (diff=0.034000s, rgb=675.381000s, depth=675.347000s). You may want to set approx_sync_max_interval lower than 0.01s to reject spurious bad synchronizations or use approx_sync=false if streams have all the exact same timestamp. Setting approx_sync_max_interval will suppress this warning.
[rtabmap-2] [INFO] [1768704834.023416754] [rtabmap]: rtabmap (58): Rate=0.50s, Limit=0.000s, Conversion=0.0016s, RTAB-Map=0.3687s, Maps update=0.0033s pub=0.0017s delay=0.3990s (local map=20, WM=20)
[rtabmap-2] [INFO] [1768704834.482498484] [rtabmap]: rtabmap (59): Rate=0.50s, Limit=0.000s, Conversion=0.0008s, RTAB-Map=0.2985s, Maps update=0.0021s pub=0.0000s delay=0.2610s (local map=20, WM=20)
[rtabmap-2] [INFO] [1768704835.089188551] [rtabmap]: rtabmap (60): Rate=0.50s, Limit=0.000s, Conversion=0.0006s, RTAB-Map=0.4033s, Maps update=0.0041s pub=0.0000s delay=0.3450s (local map=20, WM=20)
[rgbd_sync-1] [WARN] [1768704835.350301590] [rgbd_sync]: The time difference between rgb and depth frames is high (diff=0.037000s, rgb=676.533000s, depth=676.496000s). You may want to set approx_sync_max_interval lower than 0.01s to reject spurious bad synchronizations or use approx_sync=false if streams have all the exact same timestamp. Setting approx_sync_max_interval will suppress this warning.
[rgbd_sync-1] [WARN] [1768704835.480255566] [rgbd_sync]: The time difference between rgb and depth frames is high (diff=0.026000s, rgb=676.842000s, depth=676.868000s). You may want to set approx_sync_max_interval lower than 0.01s to reject spurious bad synchronizations or use approx_sync=false if streams have all the exact same timestamp. Setting approx_sync_max_interval will suppress this warning.
[rtabmap-2] [INFO] [1768704835.743794055] [rtabmap]: rtabmap (61): Rate=0.50s, Limit=0.000s, Conversion=0.0009s, RTAB-Map=0.3644s, Maps update=0.0042s pub=0.0035s delay=0.3650s (local map=21, WM=21)
[rgbd_sync-1] [WARN] [1768704836.019946796] [rgbd_sync]: The time difference between rgb and depth frames is high (diff=0.060000s, rgb=677.341000s, depth=677.401000s). You may want to set approx_sync_max_interval lower than 0.01s to reject spurious bad synchronizations or use approx_sync=false if streams have all the exact same timestamp. Setting approx_sync_max_interval will suppress this warning.
[rtabmap-2] [INFO] [1768704836.349263889] [rtabmap]: rtabmap (62): Rate=0.50s, Limit=0.000s, Conversion=0.0016s, RTAB-Map=0.3170s, Maps update=0.0047s pub=0.0000s delay=0.3590s (local map=21, WM=21)
[rtabmap-2] [INFO] [1768704836.990090811] [rtabmap]: rtabmap (63): Rate=0.50s, Limit=0.000s, Conversion=0.0005s, RTAB-Map=0.3340s, Maps update=0.0051s pub=0.0000s delay=0.3060s (local map=21, WM=21)
[rtabmap-2] [INFO] [1768704837.485982793] [rtabmap]: rtabmap (64): Rate=0.50s, Limit=0.000s, Conversion=0.0010s, RTAB-Map=0.2836s, Maps update=0.0029s pub=0.0035s delay=0.2450s (local map=22, WM=22)
[rgbd_sync-1] [WARN] [1768704837.804197262] [rgbd_sync]: The time difference between rgb and depth frames is high (diff=0.033000s, rgb=679.153000s, depth=679.120000s). You may want to set approx_sync_max_interval lower than 0.01s to reject spurious bad synchronizations or use approx_sync=false if streams have all the exact same timestamp. Setting approx_sync_max_interval will suppress this warning.
[rtabmap-2] [INFO] [1768704838.166043997] [rtabmap]: rtabmap (65): Rate=0.50s, Limit=0.000s, Conversion=0.0015s, RTAB-Map=0.3482s, Maps update=0.0042s pub=0.0000s delay=0.3800s (local map=22, WM=22)
[rgbd_sync-1] [WARN] [1768704838.337820184] [rgbd_sync]: The time difference between rgb and depth frames is high (diff=0.033000s, rgb=679.625000s, depth=679.658000s). You may want to set approx_sync_max_interval lower than 0.01s to reject spurious bad synchronizations or use approx_sync=false if streams have all the exact same timestamp. Setting approx_sync_max_interval will suppress this warning.
[rtabmap-2] [INFO] [1768704838.589234971] [rtabmap]: rtabmap (66): Rate=0.50s, Limit=0.000s, Conversion=0.0024s, RTAB-Map=0.2382s, Maps update=0.0025s pub=0.0000s delay=0.2750s (local map=22, WM=22)
[rgbd_sync-1] [WARN] [1768704838.835939948] [rgbd_sync]: The time difference between rgb and depth frames is high (diff=0.026000s, rgb=680.100000s, depth=680.126000s). You may want to set approx_sync_max_interval lower than 0.01s to reject spurious bad synchronizations or use approx_sync=false if streams have all the exact same timestamp. Setting approx_sync_max_interval will suppress this warning.
[rtabmap-2] [INFO] [1768704839.112086589] [rtabmap]: rtabmap (67): Rate=0.50s, Limit=0.000s, Conversion=0.0005s, RTAB-Map=0.2625s, Maps update=0.0042s pub=0.0000s delay=0.3070s (local map=22, WM=22)
[rgbd_sync-1] [WARN] [1768704839.164749524] [rgbd_sync]: The time difference between rgb and depth frames is high (diff=0.023000s, rgb=680.517000s, depth=680.540000s). You may want to set approx_sync_max_interval lower than 0.01s to reject spurious bad synchronizations or use approx_sync=false if streams have all the exact same timestamp. Setting approx_sync_max_interval will suppress this warning.
[rgbd_sync-1] [WARN] [1768704839.243782994] [rgbd_sync]: The time difference between rgb and depth frames is high (diff=0.026000s, rgb=680.608000s, depth=680.582000s). You may want to set approx_sync_max_interval lower than 0.01s to reject spurious bad synchronizations or use approx_sync=false if streams have all the exact same timestamp. Setting approx_sync_max_interval will suppress this warning.
[rtabmap-2] [INFO] [1768704839.681209840] [rtabmap]: rtabmap (68): Rate=0.50s, Limit=0.000s, Conversion=0.0008s, RTAB-Map=0.3156s, Maps update=0.0042s pub=0.0000s delay=0.2920s (local map=22, WM=22)
[rgbd_sync-1] [WARN] [1768704839.924364799] [rgbd_sync]: The time difference between rgb and depth frames is high (diff=0.034000s, rgb=681.203000s, depth=681.169000s). You may want to set approx_sync_max_interval lower than 0.01s to reject spurious bad synchronizations or use approx_sync=false if streams have all the exact same timestamp. Setting approx_sync_max_interval will suppress this warning.
[rgbd_sync-1] [WARN] [1768704840.132374656] [rgbd_sync]: The time difference between rgb and depth frames is high (diff=0.034000s, rgb=681.469000s, depth=681.503000s). You may want to set approx_sync_max_interval lower than 0.01s to reject spurious bad synchronizations or use approx_sync=false if streams have all the exact same timestamp. Setting approx_sync_max_interval will suppress this warning.
[rtabmap-2] [INFO] [1768704840.297833452] [rtabmap]: rtabmap (69): Rate=0.50s, Limit=0.000s, Conversion=0.0004s, RTAB-Map=0.3334s, Maps update=0.0029s pub=0.0000s delay=0.2970s (local map=22, WM=22)
[rgbd_sync-1] [WARN] [1768704840.450939098] [rgbd_sync]: The time difference between rgb and depth frames is high (diff=0.031000s, rgb=681.713000s, depth=681.744000s). You may want to set approx_sync_max_interval lower than 0.01s to reject spurious bad synchronizations or use approx_sync=false if streams have all the exact same timestamp. Setting approx_sync_max_interval will suppress this warning.
[rgbd_sync-1] [WARN] [1768704840.462014351] [rgbd_sync]: The time difference between rgb and depth frames is high (diff=0.020000s, rgb=681.817000s, depth=681.837000s). You may want to set approx_sync_max_interval lower than 0.01s to reject spurious bad synchronizations or use approx_sync=false if streams have all the exact same timestamp. Setting approx_sync_max_interval will suppress this warning.
[rtabmap-2] [INFO] [1768704840.770730419] [rtabmap]: rtabmap (70): Rate=0.50s, Limit=0.000s, Conversion=0.0007s, RTAB-Map=0.2975s, Maps update=0.0052s pub=0.0001s delay=0.2830s (local map=22, WM=22)
[rgbd_sync-1] [WARN] [1768704840.794236553] [rgbd_sync]: The time difference between rgb and depth frames is high (diff=0.034000s, rgb=682.139000s, depth=682.105000s). You may want to set approx_sync_max_interval lower than 0.01s to reject spurious bad synchronizations or use approx_sync=false if streams have all the exact same timestamp. Setting approx_sync_max_interval will suppress this warning.
[rtabmap-2] [INFO] [1768704841.265042305] [rtabmap]: rtabmap (71): Rate=0.50s, Limit=0.000s, Conversion=0.0006s, RTAB-Map=0.2825s, Maps update=0.0049s pub=0.0000s delay=0.2780s (local map=22, WM=22)
[rtabmap-2] [INFO] [1768704841.961222838] [rtabmap]: rtabmap (72): Rate=0.50s, Limit=0.000s, Conversion=0.0012s, RTAB-Map=0.2723s, Maps update=0.0057s pub=0.0000s delay=0.2910s (local map=22, WM=22)
[rgbd_sync-1] [WARN] [1768704842.421892993] [rgbd_sync]: The time difference between rgb and depth frames is high (diff=0.035000s, rgb=683.722000s, depth=683.687000s). You may want to set approx_sync_max_interval lower than 0.01s to reject spurious bad synchronizations or use approx_sync=false if streams have all the exact same timestamp. Setting approx_sync_max_interval will suppress this warning.
[rtabmap-2] [INFO] [1768704842.431593759] [rtabmap]: rtabmap (73): Rate=0.50s, Limit=0.000s, Conversion=0.0008s, RTAB-Map=0.2563s, Maps update=0.0048s pub=0.0000s delay=0.2900s (local map=22, WM=22)
[rgbd_sync-1] [WARN] [1768704842.597995164] [rgbd_sync]: The time difference between rgb and depth frames is high (diff=0.039000s, rgb=683.924000s, depth=683.963000s). You may want to set approx_sync_max_interval lower than 0.01s to reject spurious bad synchronizations or use approx_sync=false if streams have all the exact same timestamp. Setting approx_sync_max_interval will suppress this warning.
[rgbd_sync-1] [WARN] [1768704842.708312535] [rgbd_sync]: The time difference between rgb and depth frames is high (diff=0.043000s, rgb=684.062000s, depth=684.019000s). You may want to set approx_sync_max_interval lower than 0.01s to reject spurious bad synchronizations or use approx_sync=false if streams have all the exact same timestamp. Setting approx_sync_max_interval will suppress this warning.
[rtabmap-2] [INFO] [1768704843.024039543] [rtabmap]: rtabmap (74): Rate=0.50s, Limit=0.000s, Conversion=0.0009s, RTAB-Map=0.3045s, Maps update=0.0060s pub=0.0000s delay=0.3810s (local map=22, WM=22)
[rtabmap-2] [INFO] [1768704843.562782148] [rtabmap]: rtabmap (75): Rate=0.50s, Limit=0.000s, Conversion=0.0009s, RTAB-Map=0.2778s, Maps update=0.0027s pub=0.0000s delay=0.2780s (local map=22, WM=22)
[rgbd_sync-1] [WARN] [1768704843.654149621] [rgbd_sync]: The time difference between rgb and depth frames is high (diff=0.034000s, rgb=684.857000s, depth=684.891000s). You may want to set approx_sync_max_interval lower than 0.01s to reject spurious bad synchronizations or use approx_sync=false if streams have all the exact same timestamp. Setting approx_sync_max_interval will suppress this warning.
[rtabmap-2] [INFO] [1768704844.203642519] [rtabmap]: rtabmap (76): Rate=0.50s, Limit=0.000s, Conversion=0.0004s, RTAB-Map=0.2537s, Maps update=0.0057s pub=0.0000s delay=0.2100s (local map=22, WM=22)
[rtabmap-2] [INFO] [1768704844.761670344] [rtabmap]: rtabmap (77): Rate=0.50s, Limit=0.000s, Conversion=0.0005s, RTAB-Map=0.2797s, Maps update=0.0043s pub=0.0000s delay=0.2750s (local map=22, WM=22)
[rgbd_sync-1] [WARN] [1768704845.332499702] [rgbd_sync]: The time difference between rgb and depth frames is high (diff=0.035000s, rgb=686.525000s, depth=686.490000s). You may want to set approx_sync_max_interval lower than 0.01s to reject spurious bad synchronizations or use approx_sync=false if streams have all the exact same timestamp. Setting approx_sync_max_interval will suppress this warning.
[rgbd_sync-1] [WARN] [1768704845.595887480] [rgbd_sync]: The time difference between rgb and depth frames is high (diff=0.031000s, rgb=686.926000s, depth=686.957000s). You may want to set approx_sync_max_interval lower than 0.01s to reject spurious bad synchronizations or use approx_sync=false if streams have all the exact same timestamp. Setting approx_sync_max_interval will suppress this warning.
[rtabmap-2] [INFO] [1768704845.680884297] [rtabmap]: rtabmap (78): Rate=0.50s, Limit=0.000s, Conversion=0.0008s, RTAB-Map=0.3373s, Maps update=0.0053s pub=0.0000s delay=0.5100s (local map=22, WM=22)
[rgbd_sync-1] [WARN] [1768704845.981588691] [rgbd_sync]: The time difference between rgb and depth frames is high (diff=0.024000s, rgb=687.316000s, depth=687.340000s). You may want to set approx_sync_max_interval lower than 0.01s to reject spurious bad synchronizations or use approx_sync=false if streams have all the exact same timestamp. Setting approx_sync_max_interval will suppress this warning.
[rgbd_sync-1] [WARN] [1768704846.091156334] [rgbd_sync]: The time difference between rgb and depth frames is high (diff=0.022000s, rgb=687.371000s, depth=687.393000s). You may want to set approx_sync_max_interval lower than 0.01s to reject spurious bad synchronizations or use approx_sync=false if streams have all the exact same timestamp. Setting approx_sync_max_interval will suppress this warning.
[rtabmap-2] [INFO] [1768704846.242019351] [rtabmap]: rtabmap (79): Rate=0.50s, Limit=0.000s, Conversion=0.0007s, RTAB-Map=0.3384s, Maps update=0.0024s pub=0.0000s delay=0.3760s (local map=22, WM=22)
[rtabmap-2] [INFO] [1768704846.695608612] [rtabmap]: rtabmap (80): Rate=0.50s, Limit=0.000s, Conversion=0.0005s, RTAB-Map=0.3152s, Maps update=0.0042s pub=0.0000s delay=0.2760s (local map=22, WM=22)
[rgbd_sync-1] [WARN] [1768704846.730423194] [rgbd_sync]: The time difference between rgb and depth frames is high (diff=0.031000s, rgb=688.024000s, depth=687.993000s). You may want to set approx_sync_max_interval lower than 0.01s to reject spurious bad synchronizations or use approx_sync=false if streams have all the exact same timestamp. Setting approx_sync_max_interval will suppress this warning.
[rtabmap-2] [INFO] [1768704847.281394880] [rtabmap]: rtabmap (81): Rate=0.50s, Limit=0.000s, Conversion=0.0008s, RTAB-Map=0.3129s, Maps update=0.0045s pub=0.0000s delay=0.3330s (local map=22, WM=22)
[rgbd_sync-1] [WARN] [1768704847.545022166] [rgbd_sync]: The time difference between rgb and depth frames is high (diff=0.026000s, rgb=688.813000s, depth=688.839000s). You may want to set approx_sync_max_interval lower than 0.01s to reject spurious bad synchronizations or use approx_sync=false if streams have all the exact same timestamp. Setting approx_sync_max_interval will suppress this warning.
[rtabmap-2] [INFO] [1768704847.694848201] [rtabmap]: rtabmap (82): Rate=0.50s, Limit=0.000s, Conversion=0.0006s, RTAB-Map=0.2381s, Maps update=0.0052s pub=0.0000s delay=0.2170s (local map=22, WM=22)
[rgbd_sync-1] [WARN] [1768704848.167437433] [rgbd_sync]: The time difference between rgb and depth frames is high (diff=0.028000s, rgb=689.476000s, depth=689.448000s). You may want to set approx_sync_max_interval lower than 0.01s to reject spurious bad synchronizations or use approx_sync=false if streams have all the exact same timestamp. Setting approx_sync_max_interval will suppress this warning.
[rtabmap-2] [INFO] [1768704848.335749453] [rtabmap]: rtabmap (83): Rate=0.50s, Limit=0.000s, Conversion=0.0005s, RTAB-Map=0.2687s, Maps update=0.0049s pub=0.0000s delay=0.2110s (local map=22, WM=22)
[rgbd_sync-1] [WARN] [1768704848.479646530] [rgbd_sync]: The time difference between rgb and depth frames is high (diff=0.031000s, rgb=689.797000s, depth=689.828000s). You may want to set approx_sync_max_interval lower than 0.01s to reject spurious bad synchronizations or use approx_sync=false if streams have all the exact same timestamp. Setting approx_sync_max_interval will suppress this warning.
[rtabmap-2] [INFO] [1768704848.947156786] [rtabmap]: rtabmap (84): Rate=0.50s, Limit=0.000s, Conversion=0.0003s, RTAB-Map=0.2359s, Maps update=0.0048s pub=0.0000s delay=0.2600s (local map=22, WM=22)
[rtabmap-2] [INFO] [1768704849.674303235] [rtabmap]: rtabmap (85): Rate=0.50s, Limit=0.000s, Conversion=0.0004s, RTAB-Map=0.3347s, Maps update=0.0051s pub=0.0000s delay=0.3380s (local map=22, WM=22)
[rgbd_sync-1] [WARN] [1768704850.006175461] [rgbd_sync]: The time difference between rgb and depth frames is high (diff=0.033000s, rgb=691.077000s, depth=691.044000s). You may want to set approx_sync_max_interval lower than 0.01s to reject spurious bad synchronizations or use approx_sync=false if streams have all the exact same timestamp. Setting approx_sync_max_interval will suppress this warning.
[rgbd_sync-1] [WARN] [1768704850.149664739] [rgbd_sync]: The time difference between rgb and depth frames is high (diff=0.041000s, rgb=691.449000s, depth=691.490000s). You may want to set approx_sync_max_interval lower than 0.01s to reject spurious bad synchronizations or use approx_sync=false if streams have all the exact same timestamp. Setting approx_sync_max_interval will suppress this warning.
[rtabmap-2] [INFO] [1768704850.293037685] [rtabmap]: rtabmap (86): Rate=0.50s, Limit=0.000s, Conversion=0.0014s, RTAB-Map=0.2519s, Maps update=0.0025s pub=0.0000s delay=0.2540s (local map=22, WM=22)
[rgbd_sync-1] [WARN] [1768704850.555341560] [rgbd_sync]: The time difference between rgb and depth frames is high (diff=0.033000s, rgb=691.873000s, depth=691.840000s). You may want to set approx_sync_max_interval lower than 0.01s to reject spurious bad synchronizations or use approx_sync=false if streams have all the exact same timestamp. Setting approx_sync_max_interval will suppress this warning.
[rgbd_sync-1] [WARN] [1768704850.687958029] [rgbd_sync]: The time difference between rgb and depth frames is high (diff=0.034000s, rgb=691.996000s, depth=692.030000s). You may want to set approx_sync_max_interval lower than 0.01s to reject spurious bad synchronizations or use approx_sync=false if streams have all the exact same timestamp. Setting approx_sync_max_interval will suppress this warning.
[rtabmap-2] [INFO] [1768704850.881237580] [rtabmap]: rtabmap (87): Rate=0.50s, Limit=0.000s, Conversion=0.0013s, RTAB-Map=0.2835s, Maps update=0.0043s pub=0.0000s delay=0.2970s (local map=22, WM=22)
[rgbd_sync-1] [WARN] [1768704850.951420833] [rgbd_sync]: The time difference between rgb and depth frames is high (diff=0.033000s, rgb=692.130000s, depth=692.163000s). You may want to set approx_sync_max_interval lower than 0.01s to reject spurious bad synchronizations or use approx_sync=false if streams have all the exact same timestamp. Setting approx_sync_max_interval will suppress this warning.
[rgbd_sync-1] [WARN] [1768704850.970195349] [rgbd_sync]: The time difference between rgb and depth frames is high (diff=0.033000s, rgb=692.276000s, depth=692.309000s). You may want to set approx_sync_max_interval lower than 0.01s to reject spurious bad synchronizations or use approx_sync=false if streams have all the exact same timestamp. Setting approx_sync_max_interval will suppress this warning.
[rgbd_sync-1] [WARN] [1768704851.084130376] [rgbd_sync]: The time difference between rgb and depth frames is high (diff=0.032000s, rgb=692.385000s, depth=692.353000s). You may want to set approx_sync_max_interval lower than 0.01s to reject spurious bad synchronizations or use approx_sync=false if streams have all the exact same timestamp. Setting approx_sync_max_interval will suppress this warning.
[rtabmap-2] [INFO] [1768704851.472609633] [rtabmap]: rtabmap (88): Rate=0.50s, Limit=0.000s, Conversion=0.0007s, RTAB-Map=0.3422s, Maps update=0.0052s pub=0.0000s delay=0.3780s (local map=22, WM=22)
[rgbd_sync-1] [WARN] [1768704851.516434107] [rgbd_sync]: The time difference between rgb and depth frames is high (diff=0.038000s, rgb=692.797000s, depth=692.759000s). You may want to set approx_sync_max_interval lower than 0.01s to reject spurious bad synchronizations or use approx_sync=false if streams have all the exact same timestamp. Setting approx_sync_max_interval will suppress this warning.
[rtabmap-2] [INFO] [1768704851.942360107] [rtabmap]: rtabmap (89): Rate=0.50s, Limit=0.000s, Conversion=0.0005s, RTAB-Map=0.2597s, Maps update=0.0034s pub=0.0000s delay=0.2220s (local map=22, WM=22)
[rgbd_sync-1] [WARN] [1768704852.121492673] [rgbd_sync]: The time difference between rgb and depth frames is high (diff=0.026000s, rgb=693.438000s, depth=693.464000s). You may want to set approx_sync_max_interval lower than 0.01s to reject spurious bad synchronizations or use approx_sync=false if streams have all the exact same timestamp. Setting approx_sync_max_interval will suppress this warning.
[rtabmap-2] [INFO] [1768704852.479292638] [rtabmap]: rtabmap (90): Rate=0.50s, Limit=0.000s, Conversion=0.0007s, RTAB-Map=0.3061s, Maps update=0.0041s pub=0.0000s delay=0.3050s (local map=22, WM=22)
[rgbd_sync-1] [WARN] [1768704852.496790494] [rgbd_sync]: The time difference between rgb and depth frames is high (diff=0.034000s, rgb=693.759000s, depth=693.793000s). You may want to set approx_sync_max_interval lower than 0.01s to reject spurious bad synchronizations or use approx_sync=false if streams have all the exact same timestamp. Setting approx_sync_max_interval will suppress this warning.
[rgbd_sync-1] [WARN] [1768704852.713049221] [rgbd_sync]: The time difference between rgb and depth frames is high (diff=0.033000s, rgb=693.826000s, depth=693.859000s). You may want to set approx_sync_max_interval lower than 0.01s to reject spurious bad synchronizations or use approx_sync=false if streams have all the exact same timestamp. Setting approx_sync_max_interval will suppress this warning.
[rgbd_sync-1] [WARN] [1768704852.795244844] [rgbd_sync]: The time difference between rgb and depth frames is high (diff=0.070000s, rgb=694.030000s, depth=693.960000s). You may want to set approx_sync_max_interval lower than 0.01s to reject spurious bad synchronizations or use approx_sync=false if streams have all the exact same timestamp. Setting approx_sync_max_interval will suppress this warning.
[rtabmap-2] [INFO] [1768704853.189638879] [rtabmap]: rtabmap (91): Rate=0.50s, Limit=0.000s, Conversion=0.0007s, RTAB-Map=0.3331s, Maps update=0.0029s pub=0.0000s delay=0.3260s (local map=22, WM=22)
[rtabmap-2] [INFO] [1768704853.729032792] [rtabmap]: rtabmap (92): Rate=0.50s, Limit=0.000s, Conversion=0.0012s, RTAB-Map=0.3334s, Maps update=0.0046s pub=0.0000s delay=0.3060s (local map=22, WM=22)
[rgbd_sync-1] [WARN] [1768704853.991732458] [rgbd_sync]: The time difference between rgb and depth frames is high (diff=0.025000s, rgb=695.313000s, depth=695.288000s). You may want to set approx_sync_max_interval lower than 0.01s to reject spurious bad synchronizations or use approx_sync=false if streams have all the exact same timestamp. Setting approx_sync_max_interval will suppress this warning.
[rgbd_sync-1] [WARN] [1768704854.228854228] [rgbd_sync]: The time difference between rgb and depth frames is high (diff=0.033000s, rgb=695.534000s, depth=695.501000s). You may want to set approx_sync_max_interval lower than 0.01s to reject spurious bad synchronizations or use approx_sync=false if streams have all the exact same timestamp. Setting approx_sync_max_interval will suppress this warning.
[rtabmap-2] [INFO] [1768704854.230383046] [rtabmap]: rtabmap (93): Rate=0.50s, Limit=0.000s, Conversion=0.0004s, RTAB-Map=0.3102s, Maps update=0.0052s pub=0.0000s delay=0.2980s (local map=22, WM=22)
[rgbd_sync-1] [INFO] [1768704854.609854064] [rclcpp]: signal_handler(signum=2)
[rtabmap-2] [INFO] [1768704854.609856693] [rclcpp]: signal_handler(signum=2)
[rtabmap-2] [INFO] [1768704854.657151069] [rtabmap]: rtabmap (94): Rate=0.50s, Limit=0.000s, Conversion=0.0004s, RTAB-Map=0.2504s, Maps update=0.0001s pub=0.0002s delay=0.1980s (local map=22, WM=22)
[rtabmap-2] [INFO] [1768704854.657865179] [rtabmap]: Parameters are not saved (No configuration file provided...)
[INFO] [rgbd_sync-1]: process has finished cleanly [pid 478254]
[rtabmap-2] [33m[ WARN] (2026-01-18 11:53:21.471) Memory.cpp:5917::createSignature() Mem/SaveDepth16Format is set to false to use 32bits format but this is not compatible with the compressed depth format chosen (Mem/DepthCompressionFormat=".rvl"), depth images will be compressed in ".png" format instead. Explicitly set Mem/SaveDepth16Format to true to keep using ".rvl" format and images will be converted to 16bits for convenience (warning: that would remove all depth values over 65 meters). Explicitly set Mem/DepthCompressionFormat=".png" to suppress this warning. This warning is only printed once.[0m
[rtabmap-2] [33m[ WARN] (2026-01-18 11:53:43.859) MapsManager.cpp:863::publishMaps() Graph has changed! The whole cloud is regenerated.[0m
[rtabmap-2] [33m[ WARN] (2026-01-18 11:53:53.000) Rtabmap.cpp:3069::process() Rejected loop closure 1 -> 56: Not enough inliers 14/20 (matches=35) between 1 and 56[0m
[rtabmap-2] [33m[ WARN] (2026-01-18 11:53:53.388) Rtabmap.cpp:3069::process() Rejected loop closure 14 -> 57: Not enough inliers 7/20 (matches=33) between 14 and 57[0m
[rtabmap-2] [33m[ WARN] (2026-01-18 11:53:54.017) Rtabmap.cpp:3069::process() Rejected loop closure 14 -> 58: Not enough inliers 14/20 (matches=37) between 14 and 58[0m
[rtabmap-2] [33m[ WARN] (2026-01-18 11:53:54.479) Rtabmap.cpp:3069::process() Rejected loop closure 14 -> 59: Not enough inliers 19/20 (matches=47) between 14 and 59[0m
[rtabmap-2] rtabmap: Saving database/long-term memory... (located at /home/fujino/.ros/rtabmap_ur5e_20260118_115319.db)
[rtabmap-2] rtabmap: Saving database/long-term memory...done! (located at /home/fujino/.ros/rtabmap_ur5e_20260118_115319.db, 140 MB)
[INFO] [rtabmap-2]: process has finished cleanly [pid 478256]
