[INFO] [launch]: All log files can be found below /home/fujino/.ros/log/2026-01-20-14-58-04-620617-fh-1289391
[INFO] [launch]: Default logging verbosity is set to INFO
[INFO] [rgbd_sync-1]: process started with pid [1289400]
[INFO] [rtabmap-2]: process started with pid [1289402]
[rgbd_sync-1] [INFO] [1768888685.228603163] [rgbd_sync]: rgbd_sync: approx_sync = true
[rgbd_sync-1] [INFO] [1768888685.228833496] [rgbd_sync]: rgbd_sync: approx_sync_max_interval = 0.010000
[rgbd_sync-1] [INFO] [1768888685.228854851] [rgbd_sync]: rgbd_sync: topic_queue_size  = 10
[rgbd_sync-1] [INFO] [1768888685.228861040] [rgbd_sync]: rgbd_sync: sync_queue_size  = 30
[rgbd_sync-1] [INFO] [1768888685.228865921] [rgbd_sync]: rgbd_sync: qos             = 2
[rgbd_sync-1] [INFO] [1768888685.228870923] [rgbd_sync]: rgbd_sync: qos_camera_info = 2
[rgbd_sync-1] [INFO] [1768888685.228875644] [rgbd_sync]: rgbd_sync: depth_scale = 1.000000
[rgbd_sync-1] [INFO] [1768888685.228883324] [rgbd_sync]: rgbd_sync: decimation = 1
[rgbd_sync-1] [INFO] [1768888685.228888181] [rgbd_sync]: rgbd_sync: compressed_rate = 0.000000
[rgbd_sync-1] [INFO] [1768888685.250135521] [rgbd_sync]: 
[rgbd_sync-1] rgbd_sync subscribed to (approx sync, max interval=0.010000s):
[rgbd_sync-1]    /camera/color/image_raw,
[rgbd_sync-1]    /camera/depth/depth/image_raw,
[rgbd_sync-1]    /camera/color/camera_info
[rtabmap-2] [INFO] [1768888685.655438257] [rtabmap]: rtabmap(maps): latch                      = true
[rtabmap-2] [INFO] [1768888685.655768775] [rtabmap]: rtabmap(maps): map_filter_radius          = 0.000000
[rtabmap-2] [INFO] [1768888685.655793696] [rtabmap]: rtabmap(maps): map_filter_angle           = 30.000000
[rtabmap-2] [INFO] [1768888685.655802705] [rtabmap]: rtabmap(maps): map_cleanup                = true
[rtabmap-2] [INFO] [1768888685.655808936] [rtabmap]: rtabmap(maps): map_always_update          = false
[rtabmap-2] [INFO] [1768888685.655814635] [rtabmap]: rtabmap(maps): map_empty_ray_tracing      = true
[rtabmap-2] [INFO] [1768888685.655821277] [rtabmap]: rtabmap(maps): cloud_output_voxelized     = true
[rtabmap-2] [INFO] [1768888685.655827543] [rtabmap]: rtabmap(maps): cloud_subtract_filtering   = false
[rtabmap-2] [INFO] [1768888685.655833391] [rtabmap]: rtabmap(maps): cloud_subtract_filtering_min_neighbors = 2
[rtabmap-2] [INFO] [1768888685.658427340] [rtabmap]: rtabmap(maps): octomap_tree_depth         = 16
[rtabmap-2] [INFO] [1768888685.754254243] [rtabmap]: rtabmap: frame_id      = camera_color_optical_frame
[rtabmap-2] [INFO] [1768888685.754362940] [rtabmap]: rtabmap: odom_frame_id = world
[rtabmap-2] [INFO] [1768888685.754404439] [rtabmap]: rtabmap: map_frame_id  = world
[rtabmap-2] [INFO] [1768888685.754412451] [rtabmap]: rtabmap: log_to_rosout_level  = 4
[rtabmap-2] [INFO] [1768888685.754420326] [rtabmap]: rtabmap: initial_pose  = 
[rtabmap-2] [INFO] [1768888685.754427482] [rtabmap]: rtabmap: use_action_for_goal  = false
[rtabmap-2] [INFO] [1768888685.754432974] [rtabmap]: rtabmap: tf_delay      = 0.050000
[rtabmap-2] [INFO] [1768888685.754472012] [rtabmap]: rtabmap: tf_tolerance  = 0.100000
[rtabmap-2] [INFO] [1768888685.754479459] [rtabmap]: rtabmap: odom_sensor_sync   = false
[rtabmap-2] [INFO] [1768888685.754486103] [rtabmap]: rtabmap: pub_loc_pose_only_when_localizing = false
[rtabmap-2] [INFO] [1768888685.754492287] [rtabmap]: rtabmap: wait_for_transform = 0.200000
[rtabmap-2] [INFO] [1768888685.754499359] [rtabmap]: rtabmap: gen_scan  = false
[rtabmap-2] [INFO] [1768888685.754505854] [rtabmap]: rtabmap: gen_depth  = false
[rtabmap-2] [INFO] [1768888685.803901590] [rtabmap]: Setting RTAB-Map parameter "Grid/3D"="true" (rosparam)
[rtabmap-2] [INFO] [1768888685.810113861] [rtabmap]: Setting RTAB-Map parameter "Grid/RangeMax"="5.0" (rosparam)
[rtabmap-2] [INFO] [1768888685.810677655] [rtabmap]: Setting RTAB-Map parameter "Grid/RayTracing"="true" (rosparam)
[rtabmap-2] [INFO] [1768888685.811790019] [rtabmap]: Setting RTAB-Map parameter "Grid/Sensor"="1" (rosparam)
[rtabmap-2] [INFO] [1768888685.839357447] [rtabmap]: Setting RTAB-Map parameter "RGBD/CreateOccupancyGrid"="true" (rosparam)
[rtabmap-2] [INFO] [1768888685.848716204] [rtabmap]: Setting RTAB-Map parameter "Rtabmap/DetectionRate"="2.0" (rosparam)
[rtabmap-2] [INFO] [1768888686.000196444] [rtabmap]: RTAB-Map detection rate = 2.000000 Hz
[rtabmap-2] [INFO] [1768888686.000317653] [rtabmap]: rtabmap: Using database from "/home/fujino/.ros/rtabmap_ur5e_20260120_145804.db" (0 MB).
[rtabmap-2] [INFO] [1768888686.026598119] [rtabmap]: rtabmap: Database version = "0.22.1".
[rtabmap-2] [INFO] [1768888686.026707043] [rtabmap]: rtabmap: SLAM mode (Mem/IncrementalMemory=true)
[rtabmap-2] [INFO] [1768888686.076077802] [rtabmap]: Setup callbacks
[rtabmap-2] [WARN] [1768888686.076173784] [rtabmap]: rtabmap: Parameters subscribe_depth and subscribe_rgbd cannot be true at the same time. Parameter subscribe_depth is set to false.
[rtabmap-2] [INFO] [1768888686.076568478] [rtabmap]: rtabmap: subscribe_depth = false
[rtabmap-2] [INFO] [1768888686.076599188] [rtabmap]: rtabmap: subscribe_rgb = false
[rtabmap-2] [INFO] [1768888686.076607113] [rtabmap]: rtabmap: subscribe_stereo = false
[rtabmap-2] [INFO] [1768888686.076614538] [rtabmap]: rtabmap: subscribe_rgbd = true (rgbd_cameras=1)
[rtabmap-2] [INFO] [1768888686.076623804] [rtabmap]: rtabmap: subscribe_sensor_data = false
[rtabmap-2] [INFO] [1768888686.076631329] [rtabmap]: rtabmap: subscribe_odom_info = false
[rtabmap-2] [INFO] [1768888686.076637091] [rtabmap]: rtabmap: subscribe_user_data = false
[rtabmap-2] [INFO] [1768888686.076644072] [rtabmap]: rtabmap: subscribe_scan = false
[rtabmap-2] [INFO] [1768888686.076651350] [rtabmap]: rtabmap: subscribe_scan_cloud = false
[rtabmap-2] [INFO] [1768888686.076658218] [rtabmap]: rtabmap: subscribe_scan_descriptor = false
[rtabmap-2] [INFO] [1768888686.076665559] [rtabmap]: rtabmap: topic_queue_size = 10
[rtabmap-2] [INFO] [1768888686.076673178] [rtabmap]: rtabmap: sync_queue_size  = 30
[rtabmap-2] [INFO] [1768888686.076679741] [rtabmap]: rtabmap: qos_image       = 2
[rtabmap-2] [INFO] [1768888686.076739669] [rtabmap]: rtabmap: qos_camera_info = 2
[rtabmap-2] [INFO] [1768888686.076750898] [rtabmap]: rtabmap: qos_scan        = 2
[rtabmap-2] [INFO] [1768888686.076759727] [rtabmap]: rtabmap: qos_odom        = 2
[rtabmap-2] [INFO] [1768888686.076768635] [rtabmap]: rtabmap: qos_user_data   = 2
[rtabmap-2] [INFO] [1768888686.076778072] [rtabmap]: rtabmap: approx_sync     = true
[rtabmap-2] [INFO] [1768888686.076803640] [rtabmap]: Setup rgbd callback
[rtabmap-2] [INFO] [1768888686.078628831] [rtabmap]: 
[rtabmap-2] rtabmap subscribed to:
[rtabmap-2]    /rgbd_image
[rtabmap-2] [INFO] [1768888686.876968139] [rtabmap]: rtabmap (1): Rate=0.50s, Limit=0.000s, Conversion=0.0025s, RTAB-Map=0.3922s, Maps update=0.0044s pub=0.0005s delay=0.3920s (local map=1, WM=1)
[rtabmap-2] [INFO] [1768888687.368793861] [rtabmap]: rtabmap (2): Rate=0.50s, Limit=0.000s, Conversion=0.0021s, RTAB-Map=0.3747s, Maps update=0.0085s pub=0.0001s delay=0.3760s (local map=1, WM=1)
[rtabmap-2] [INFO] [1768888687.858845838] [rtabmap]: rtabmap (3): Rate=0.50s, Limit=0.000s, Conversion=0.0021s, RTAB-Map=0.3367s, Maps update=0.0057s pub=0.0000s delay=0.3280s (local map=1, WM=1)
[rtabmap-2] [INFO] [1768888688.485925705] [rtabmap]: rtabmap (4): Rate=0.50s, Limit=0.000s, Conversion=0.0021s, RTAB-Map=0.4186s, Maps update=0.0043s pub=0.0000s delay=0.3970s (local map=1, WM=1)
[rtabmap-2] [INFO] [1768888688.984070614] [rtabmap]: rtabmap (5): Rate=0.50s, Limit=0.000s, Conversion=0.0018s, RTAB-Map=0.3660s, Maps update=0.0054s pub=0.0000s delay=0.3470s (local map=1, WM=1)
[rtabmap-2] [INFO] [1768888689.512544718] [rtabmap]: rtabmap (6): Rate=0.50s, Limit=0.000s, Conversion=0.0005s, RTAB-Map=0.3660s, Maps update=0.0057s pub=0.0000s delay=0.4250s (local map=1, WM=1)
[rtabmap-2] [INFO] [1768888689.991585366] [rtabmap]: rtabmap (7): Rate=0.50s, Limit=0.000s, Conversion=0.0021s, RTAB-Map=0.3064s, Maps update=0.0085s pub=0.0000s delay=0.2900s (local map=1, WM=1)
[rtabmap-2] [INFO] [1768888690.641822175] [rtabmap]: rtabmap (8): Rate=0.50s, Limit=0.000s, Conversion=0.0008s, RTAB-Map=0.4351s, Maps update=0.0077s pub=0.0000s delay=0.4650s (local map=1, WM=1)
[rtabmap-2] [INFO] [1768888691.125190730] [rtabmap]: rtabmap (9): Rate=0.50s, Limit=0.000s, Conversion=0.0019s, RTAB-Map=0.3723s, Maps update=0.0094s pub=0.0000s delay=0.4090s (local map=1, WM=1)
[rtabmap-2] [INFO] [1768888691.674143454] [rtabmap]: rtabmap (10): Rate=0.50s, Limit=0.000s, Conversion=0.0007s, RTAB-Map=0.3979s, Maps update=0.0046s pub=0.0000s delay=0.3960s (local map=1, WM=1)
[rtabmap-2] [INFO] [1768888692.171872885] [rtabmap]: rtabmap (11): Rate=0.50s, Limit=0.000s, Conversion=0.0005s, RTAB-Map=0.3488s, Maps update=0.0064s pub=0.0000s delay=0.3520s (local map=1, WM=1)
[rtabmap-2] [INFO] [1768888692.745415620] [rtabmap]: rtabmap (12): Rate=0.50s, Limit=0.000s, Conversion=0.0005s, RTAB-Map=0.3745s, Maps update=0.0053s pub=0.0000s delay=0.3980s (local map=1, WM=1)
[rtabmap-2] [INFO] [1768888693.243171694] [rtabmap]: rtabmap (13): Rate=0.50s, Limit=0.000s, Conversion=0.0007s, RTAB-Map=0.3187s, Maps update=0.0070s pub=0.0000s delay=0.3530s (local map=1, WM=1)
[rtabmap-2] [INFO] [1768888693.844751506] [rtabmap]: rtabmap (14): Rate=0.50s, Limit=0.000s, Conversion=0.0007s, RTAB-Map=0.3877s, Maps update=0.0066s pub=0.0000s delay=0.4210s (local map=1, WM=1)
[rtabmap-2] [INFO] [1768888694.347237661] [rtabmap]: rtabmap (15): Rate=0.50s, Limit=0.000s, Conversion=0.0013s, RTAB-Map=0.3623s, Maps update=0.0086s pub=0.0000s delay=0.3850s (local map=1, WM=1)
[rtabmap-2] [INFO] [1768888694.831906777] [rtabmap]: rtabmap (16): Rate=0.50s, Limit=0.000s, Conversion=0.0006s, RTAB-Map=0.3366s, Maps update=0.0043s pub=0.0003s delay=0.3840s (local map=2, WM=2)
[rtabmap-2] [INFO] [1768888695.331316942] [rtabmap]: rtabmap (17): Rate=0.50s, Limit=0.000s, Conversion=0.0011s, RTAB-Map=0.3203s, Maps update=0.0038s pub=0.0000s delay=0.3700s (local map=2, WM=2)
[rtabmap-2] [INFO] [1768888695.916509170] [rtabmap]: rtabmap (18): Rate=0.50s, Limit=0.000s, Conversion=0.0008s, RTAB-Map=0.4041s, Maps update=0.0086s pub=0.0000s delay=0.3510s (local map=2, WM=2)
[rtabmap-2] [INFO] [1768888696.448108398] [rtabmap]: rtabmap (19): Rate=0.50s, Limit=0.000s, Conversion=0.0006s, RTAB-Map=0.3629s, Maps update=0.0060s pub=0.0003s delay=0.4000s (local map=3, WM=3)
[rtabmap-2] [INFO] [1768888696.909476138] [rtabmap]: rtabmap (20): Rate=0.50s, Limit=0.000s, Conversion=0.0007s, RTAB-Map=0.3208s, Maps update=0.0061s pub=0.0000s delay=0.2990s (local map=3, WM=3)
[rtabmap-2] [INFO] [1768888697.432059088] [rtabmap]: rtabmap (21): Rate=0.50s, Limit=0.000s, Conversion=0.0018s, RTAB-Map=0.3436s, Maps update=0.0065s pub=0.0000s delay=0.3990s (local map=3, WM=3)
[rtabmap-2] [INFO] [1768888698.026243094] [rtabmap]: rtabmap (22): Rate=0.50s, Limit=0.000s, Conversion=0.0005s, RTAB-Map=0.4265s, Maps update=0.0054s pub=0.0004s delay=0.3800s (local map=4, WM=4)
[rtabmap-2] [INFO] [1768888698.577464545] [rtabmap]: rtabmap (23): Rate=0.50s, Limit=0.000s, Conversion=0.0012s, RTAB-Map=0.4182s, Maps update=0.0067s pub=0.0000s delay=0.4220s (local map=4, WM=4)
[rtabmap-2] [INFO] [1768888699.094733379] [rtabmap]: rtabmap (24): Rate=0.50s, Limit=0.000s, Conversion=0.0004s, RTAB-Map=0.3769s, Maps update=0.0064s pub=0.0000s delay=0.3490s (local map=4, WM=4)
[rtabmap-2] [INFO] [1768888699.644445949] [rtabmap]: rtabmap (25): Rate=0.50s, Limit=0.000s, Conversion=0.0005s, RTAB-Map=0.3525s, Maps update=0.0063s pub=0.0005s delay=0.3890s (local map=5, WM=5)
[rtabmap-2] [INFO] [1768888700.247068095] [rtabmap]: rtabmap (26): Rate=0.50s, Limit=0.000s, Conversion=0.0004s, RTAB-Map=0.3596s, Maps update=0.0064s pub=0.0000s delay=0.4050s (local map=5, WM=5)
[rtabmap-2] [INFO] [1768888700.817269913] [rtabmap]: rtabmap (27): Rate=0.50s, Limit=0.000s, Conversion=0.0005s, RTAB-Map=0.4089s, Maps update=0.0043s pub=0.0000s delay=0.3810s (local map=5, WM=5)
[rtabmap-2] [INFO] [1768888701.275798877] [rtabmap]: rtabmap (28): Rate=0.50s, Limit=0.000s, Conversion=0.0006s, RTAB-Map=0.2798s, Maps update=0.0023s pub=0.0005s delay=0.2930s (local map=6, WM=6)
[rtabmap-2] [INFO] [1768888701.860041786] [rtabmap]: rtabmap (29): Rate=0.50s, Limit=0.000s, Conversion=0.0008s, RTAB-Map=0.3353s, Maps update=0.0039s pub=0.0000s delay=0.3630s (local map=6, WM=6)
[rtabmap-2] [INFO] [1768888702.427205319] [rtabmap]: rtabmap (30): Rate=0.50s, Limit=0.000s, Conversion=0.0009s, RTAB-Map=0.3971s, Maps update=0.0031s pub=0.0000s delay=0.3630s (local map=6, WM=6)
[rtabmap-2] [INFO] [1768888703.000168474] [rtabmap]: rtabmap (31): Rate=0.50s, Limit=0.000s, Conversion=0.0008s, RTAB-Map=0.3911s, Maps update=0.0031s pub=0.0005s delay=0.3820s (local map=7, WM=7)
[rtabmap-2] [INFO] [1768888703.576483752] [rtabmap]: rtabmap (32): Rate=0.50s, Limit=0.000s, Conversion=0.0005s, RTAB-Map=0.3569s, Maps update=0.0021s pub=0.0000s delay=0.3550s (local map=7, WM=7)
[rtabmap-2] [INFO] [1768888704.089698798] [rtabmap]: rtabmap (33): Rate=0.50s, Limit=0.000s, Conversion=0.0008s, RTAB-Map=0.3300s, Maps update=0.0026s pub=0.0005s delay=0.3370s (local map=8, WM=8)
[rtabmap-2] [INFO] [1768888704.681438586] [rtabmap]: rtabmap (34): Rate=0.50s, Limit=0.000s, Conversion=0.0005s, RTAB-Map=0.3831s, Maps update=0.0044s pub=0.0000s delay=0.4010s (local map=8, WM=8)
[rtabmap-2] [INFO] [1768888705.162587880] [rtabmap]: rtabmap (35): Rate=0.50s, Limit=0.000s, Conversion=0.0020s, RTAB-Map=0.3424s, Maps update=0.0041s pub=0.0004s delay=0.3650s (local map=9, WM=9)
[rtabmap-2] [INFO] [1768888705.716383997] [rtabmap]: rtabmap (36): Rate=0.50s, Limit=0.000s, Conversion=0.0009s, RTAB-Map=0.3586s, Maps update=0.0044s pub=0.0000s delay=0.3360s (local map=9, WM=9)
[rtabmap-2] [INFO] [1768888706.272476946] [rtabmap]: rtabmap (37): Rate=0.50s, Limit=0.000s, Conversion=0.0018s, RTAB-Map=0.3423s, Maps update=0.0056s pub=0.0005s delay=0.3620s (local map=10, WM=10)
[rtabmap-2] [INFO] [1768888706.934278039] [rtabmap]: rtabmap (38): Rate=0.50s, Limit=0.000s, Conversion=0.0007s, RTAB-Map=0.4760s, Maps update=0.0037s pub=0.0011s delay=0.4230s (local map=11, WM=11)
[rtabmap-2] [INFO] [1768888707.243847231] [rtabmap]: rtabmap (39): Rate=0.50s, Limit=0.000s, Conversion=0.0004s, RTAB-Map=0.2782s, Maps update=0.0064s pub=0.0000s delay=0.2190s (local map=11, WM=11)
[rtabmap-2] [INFO] [1768888707.821753226] [rtabmap]: rtabmap (40): Rate=0.50s, Limit=0.000s, Conversion=0.0005s, RTAB-Map=0.3250s, Maps update=0.0056s pub=0.0009s delay=0.3060s (local map=12, WM=12)
[rtabmap-2] [INFO] [1768888708.347943910] [rtabmap]: rtabmap (41): Rate=0.50s, Limit=0.000s, Conversion=0.0006s, RTAB-Map=0.3113s, Maps update=0.0042s pub=0.0000s delay=0.2600s (local map=12, WM=12)
[rtabmap-2] [INFO] [1768888708.975392120] [rtabmap]: rtabmap (42): Rate=0.50s, Limit=0.000s, Conversion=0.0005s, RTAB-Map=0.4203s, Maps update=0.0059s pub=0.0007s delay=0.4400s (local map=13, WM=13)
[rtabmap-2] [INFO] [1768888709.410432610] [rtabmap]: rtabmap (43): Rate=0.50s, Limit=0.000s, Conversion=0.0008s, RTAB-Map=0.2915s, Maps update=0.0052s pub=0.0000s delay=0.2940s (local map=13, WM=13)
[rtabmap-2] [INFO] [1768888709.925021227] [rtabmap]: rtabmap (44): Rate=0.50s, Limit=0.000s, Conversion=0.0006s, RTAB-Map=0.3123s, Maps update=0.0060s pub=0.0004s delay=0.2940s (local map=14, WM=14)
[rtabmap-2] [INFO] [1768888710.507274594] [rtabmap]: rtabmap (45): Rate=0.50s, Limit=0.000s, Conversion=0.0004s, RTAB-Map=0.3605s, Maps update=0.0028s pub=0.0000s delay=0.3590s (local map=14, WM=14)
[rtabmap-2] [INFO] [1768888711.192234364] [rtabmap]: rtabmap (46): Rate=0.50s, Limit=0.000s, Conversion=0.0007s, RTAB-Map=0.3843s, Maps update=0.0029s pub=0.0004s delay=0.3930s (local map=15, WM=15)
[rtabmap-2] [INFO] [1768888711.666493514] [rtabmap]: rtabmap (47): Rate=0.50s, Limit=0.000s, Conversion=0.0024s, RTAB-Map=0.3525s, Maps update=0.0039s pub=0.0000s delay=0.3910s (local map=15, WM=15)
[rtabmap-2] [INFO] [1768888712.156940375] [rtabmap]: rtabmap (48): Rate=0.50s, Limit=0.000s, Conversion=0.0007s, RTAB-Map=0.3147s, Maps update=0.0039s pub=0.0005s delay=0.2650s (local map=16, WM=16)
[rtabmap-2] [INFO] [1768888712.679478093] [rtabmap]: rtabmap (49): Rate=0.50s, Limit=0.000s, Conversion=0.0005s, RTAB-Map=0.3433s, Maps update=0.0035s pub=0.0000s delay=0.3520s (local map=16, WM=16)
[rtabmap-2] [INFO] [1768888713.171806199] [rtabmap]: rtabmap (50): Rate=0.50s, Limit=0.000s, Conversion=0.0022s, RTAB-Map=0.3060s, Maps update=0.0018s pub=0.0008s delay=0.3410s (local map=17, WM=17)
[rtabmap-2] [INFO] [1768888713.783890451] [rtabmap]: rtabmap (51): Rate=0.50s, Limit=0.000s, Conversion=0.0006s, RTAB-Map=0.3584s, Maps update=0.0039s pub=0.0000s delay=0.3690s (local map=17, WM=17)
[rtabmap-2] [INFO] [1768888714.442561390] [rtabmap]: rtabmap (52): Rate=0.50s, Limit=0.000s, Conversion=0.0006s, RTAB-Map=0.4443s, Maps update=0.0034s pub=0.0000s delay=0.4190s (local map=17, WM=17)
[rtabmap-2] [INFO] [1768888715.013131706] [rtabmap]: rtabmap (53): Rate=0.50s, Limit=0.000s, Conversion=0.0005s, RTAB-Map=0.2950s, Maps update=0.0023s pub=0.0005s delay=0.2970s (local map=18, WM=18)
[rtabmap-2] [INFO] [1768888715.811493921] [rtabmap]: rtabmap (54): Rate=0.50s, Limit=0.000s, Conversion=0.0005s, RTAB-Map=0.3885s, Maps update=0.0024s pub=0.0000s delay=0.3940s (local map=18, WM=18)
[rtabmap-2] [INFO] [1768888716.329481039] [rtabmap]: rtabmap (55): Rate=0.50s, Limit=0.000s, Conversion=0.0008s, RTAB-Map=0.3583s, Maps update=0.0027s pub=0.0000s delay=0.3470s (local map=18, WM=18)
[rtabmap-2] [INFO] [1768888716.956189650] [rtabmap]: rtabmap (56): Rate=0.50s, Limit=0.000s, Conversion=0.0007s, RTAB-Map=0.4728s, Maps update=0.0061s pub=0.0005s delay=0.4230s (local map=19, WM=19)
[rtabmap-2] [INFO] [1768888717.750900912] [rtabmap]: rtabmap (57): Rate=0.50s, Limit=0.000s, Conversion=0.0005s, RTAB-Map=0.4829s, Maps update=0.0055s pub=0.0000s delay=0.4460s (local map=19, WM=19)
[rtabmap-2] [INFO] [1768888718.261910858] [rtabmap]: rtabmap (58): Rate=0.50s, Limit=0.000s, Conversion=0.0007s, RTAB-Map=0.4807s, Maps update=0.0046s pub=0.0011s delay=0.4360s (local map=20, WM=20)
[rtabmap-2] [INFO] [1768888718.698258834] [rtabmap]: rtabmap (59): Rate=0.50s, Limit=0.000s, Conversion=0.0005s, RTAB-Map=0.3862s, Maps update=0.0053s pub=0.0000s delay=0.4250s (local map=20, WM=20)
[rtabmap-2] [INFO] [1768888719.139282366] [rtabmap]: rtabmap (60): Rate=0.50s, Limit=0.000s, Conversion=0.0006s, RTAB-Map=0.3517s, Maps update=0.0045s pub=0.0000s delay=0.3250s (local map=20, WM=20)
[rtabmap-2] [INFO] [1768888719.762030313] [rtabmap]: rtabmap (61): Rate=0.50s, Limit=0.000s, Conversion=0.0007s, RTAB-Map=0.3815s, Maps update=0.0040s pub=0.0005s delay=0.3530s (local map=21, WM=21)
[rtabmap-2] [INFO] [1768888720.385972158] [rtabmap]: rtabmap (62): Rate=0.50s, Limit=0.000s, Conversion=0.0005s, RTAB-Map=0.4214s, Maps update=0.0054s pub=0.0000s delay=0.4710s (local map=21, WM=21)
[rtabmap-2] [INFO] [1768888720.917970737] [rtabmap]: rtabmap (63): Rate=0.50s, Limit=0.000s, Conversion=0.0008s, RTAB-Map=0.4196s, Maps update=0.0030s pub=0.0016s delay=0.4450s (local map=22, WM=22)
[rtabmap-2] [INFO] [1768888721.364836251] [rtabmap]: rtabmap (64): Rate=0.50s, Limit=0.000s, Conversion=0.0009s, RTAB-Map=0.3909s, Maps update=0.0041s pub=0.0000s delay=0.3430s (local map=22, WM=22)
[rtabmap-2] [INFO] [1768888721.817227650] [rtabmap]: rtabmap (65): Rate=0.50s, Limit=0.000s, Conversion=0.0011s, RTAB-Map=0.3005s, Maps update=0.0045s pub=0.0000s delay=0.3160s (local map=22, WM=22)
[rtabmap-2] [INFO] [1768888722.497910946] [rtabmap]: rtabmap (66): Rate=0.50s, Limit=0.000s, Conversion=0.0006s, RTAB-Map=0.3796s, Maps update=0.0051s pub=0.0009s delay=0.4270s (local map=23, WM=23)
[rtabmap-2] [INFO] [1768888723.134432060] [rtabmap]: rtabmap (67): Rate=0.50s, Limit=0.000s, Conversion=0.0004s, RTAB-Map=0.4355s, Maps update=0.0047s pub=0.0000s delay=0.4210s (local map=23, WM=23)
[rtabmap-2] [INFO] [1768888723.693782445] [rtabmap]: rtabmap (68): Rate=0.50s, Limit=0.000s, Conversion=0.0005s, RTAB-Map=0.2931s, Maps update=0.0047s pub=0.0000s delay=0.3350s (local map=23, WM=23)
[rtabmap-2] [INFO] [1768888724.303164991] [rtabmap]: rtabmap (69): Rate=0.50s, Limit=0.000s, Conversion=0.0006s, RTAB-Map=0.2899s, Maps update=0.0053s pub=0.0000s delay=0.3220s (local map=23, WM=23)
[rtabmap-2] [INFO] [1768888724.941753997] [rtabmap]: rtabmap (70): Rate=0.50s, Limit=0.000s, Conversion=0.0006s, RTAB-Map=0.3233s, Maps update=0.0029s pub=0.0000s delay=0.3220s (local map=23, WM=23)
[rtabmap-2] [INFO] [1768888725.747045254] [rtabmap]: rtabmap (71): Rate=0.50s, Limit=0.000s, Conversion=0.0008s, RTAB-Map=0.4013s, Maps update=0.0027s pub=0.0000s delay=0.4040s (local map=23, WM=23)
[rtabmap-2] [INFO] [1768888726.169846549] [rtabmap]: rtabmap (72): Rate=0.50s, Limit=0.000s, Conversion=0.0009s, RTAB-Map=0.3153s, Maps update=0.0055s pub=0.0000s delay=0.2970s (local map=23, WM=23)
[rgbd_sync-1] [INFO] [1768888726.403637282] [rclcpp]: signal_handler(signum=2)
[rtabmap-2] [INFO] [1768888726.403632995] [rclcpp]: signal_handler(signum=2)
[INFO] [rgbd_sync-1]: process has finished cleanly [pid 1289400]
[rtabmap-2] [INFO] [1768888726.639812839] [rtabmap]: rtabmap (73): Rate=0.50s, Limit=0.000s, Conversion=0.0005s, RTAB-Map=0.2940s, Maps update=0.0001s pub=0.0001s delay=0.0880s (local map=23, WM=23)
[rtabmap-2] [INFO] [1768888726.641119568] [rtabmap]: Parameters are not saved (No configuration file provided...)
[rtabmap-2] [33m[ WARN] (2026-01-20 14:58:06.495) Memory.cpp:5917::createSignature() Mem/SaveDepth16Format is set to false to use 32bits format but this is not compatible with the compressed depth format chosen (Mem/DepthCompressionFormat=".rvl"), depth images will be compressed in ".png" format instead. Explicitly set Mem/SaveDepth16Format to true to keep using ".rvl" format and images will be converted to 16bits for convenience (warning: that would remove all depth values over 65 meters). Explicitly set Mem/DepthCompressionFormat=".png" to suppress this warning. This warning is only printed once.[0m
[rtabmap-2] [33m[ WARN] (2026-01-20 14:58:06.876) MapsManager.cpp:863::publishMaps() Graph has changed! The whole cloud is regenerated.[0m
[rtabmap-2] rtabmap: Saving database/long-term memory... (located at /home/fujino/.ros/rtabmap_ur5e_20260120_145804.db)
[rtabmap-2] rtabmap: Saving database/long-term memory...done! (located at /home/fujino/.ros/rtabmap_ur5e_20260120_145804.db, 110 MB)
[INFO] [rtabmap-2]: process has finished cleanly [pid 1289402]
