[INFO] [launch]: All log files can be found below /home/fujino/.ros/log/2026-01-21-12-48-18-662003-fh-247284
[INFO] [launch]: Default logging verbosity is set to INFO
[INFO] [rgbd_sync-1]: process started with pid [247288]
[INFO] [rtabmap-2]: process started with pid [247290]
[rgbd_sync-1] [INFO] [1768967299.770506469] [rgbd_sync]: rgbd_sync: approx_sync = true
[rgbd_sync-1] [INFO] [1768967299.770956700] [rgbd_sync]: rgbd_sync: approx_sync_max_interval = 0.010000
[rgbd_sync-1] [INFO] [1768967299.771013959] [rgbd_sync]: rgbd_sync: topic_queue_size  = 10
[rgbd_sync-1] [INFO] [1768967299.771039307] [rgbd_sync]: rgbd_sync: sync_queue_size  = 30
[rgbd_sync-1] [INFO] [1768967299.771061247] [rgbd_sync]: rgbd_sync: qos             = 2
[rgbd_sync-1] [INFO] [1768967299.771083370] [rgbd_sync]: rgbd_sync: qos_camera_info = 2
[rgbd_sync-1] [INFO] [1768967299.771103712] [rgbd_sync]: rgbd_sync: depth_scale = 1.000000
[rgbd_sync-1] [INFO] [1768967299.771127025] [rgbd_sync]: rgbd_sync: decimation = 1
[rgbd_sync-1] [INFO] [1768967299.771147973] [rgbd_sync]: rgbd_sync: compressed_rate = 0.000000
[rgbd_sync-1] [INFO] [1768967299.822096269] [rgbd_sync]: 
[rgbd_sync-1] rgbd_sync subscribed to (approx sync, max interval=0.010000s):
[rgbd_sync-1]    /camera/color/image_raw,
[rgbd_sync-1]    /camera/depth/depth/image_raw,
[rgbd_sync-1]    /camera/color/camera_info
[rtabmap-2] [INFO] [1768967299.836591775] [rtabmap]: rtabmap(maps): latch                      = true
[rtabmap-2] [INFO] [1768967299.836866134] [rtabmap]: rtabmap(maps): map_filter_radius          = 0.000000
[rtabmap-2] [INFO] [1768967299.836895641] [rtabmap]: rtabmap(maps): map_filter_angle           = 30.000000
[rtabmap-2] [INFO] [1768967299.836908909] [rtabmap]: rtabmap(maps): map_cleanup                = true
[rtabmap-2] [INFO] [1768967299.836917751] [rtabmap]: rtabmap(maps): map_always_update          = false
[rtabmap-2] [INFO] [1768967299.836929270] [rtabmap]: rtabmap(maps): map_empty_ray_tracing      = true
[rtabmap-2] [INFO] [1768967299.836937962] [rtabmap]: rtabmap(maps): cloud_output_voxelized     = true
[rtabmap-2] [INFO] [1768967299.836946250] [rtabmap]: rtabmap(maps): cloud_subtract_filtering   = false
[rtabmap-2] [INFO] [1768967299.836955070] [rtabmap]: rtabmap(maps): cloud_subtract_filtering_min_neighbors = 2
[rtabmap-2] [INFO] [1768967299.836978887] [rtabmap]: rtabmap(maps): octomap_tree_depth         = 16
[rtabmap-2] [INFO] [1768967299.908792158] [rtabmap]: rtabmap: frame_id      = camera_color_optical_frame
[rtabmap-2] [INFO] [1768967299.908902170] [rtabmap]: rtabmap: odom_frame_id = world
[rtabmap-2] [INFO] [1768967299.908927040] [rtabmap]: rtabmap: map_frame_id  = world
[rtabmap-2] [INFO] [1768967299.908947904] [rtabmap]: rtabmap: log_to_rosout_level  = 4
[rtabmap-2] [INFO] [1768967299.908970078] [rtabmap]: rtabmap: initial_pose  = 
[rtabmap-2] [INFO] [1768967299.908998059] [rtabmap]: rtabmap: use_action_for_goal  = false
[rtabmap-2] [INFO] [1768967299.909018876] [rtabmap]: rtabmap: tf_delay      = 0.050000
[rtabmap-2] [INFO] [1768967299.909048723] [rtabmap]: rtabmap: tf_tolerance  = 0.100000
[rtabmap-2] [INFO] [1768967299.909070866] [rtabmap]: rtabmap: odom_sensor_sync   = false
[rtabmap-2] [INFO] [1768967299.909090606] [rtabmap]: rtabmap: pub_loc_pose_only_when_localizing = false
[rtabmap-2] [INFO] [1768967299.909109279] [rtabmap]: rtabmap: wait_for_transform = 0.200000
[rtabmap-2] [INFO] [1768967299.909130667] [rtabmap]: rtabmap: gen_scan  = false
[rtabmap-2] [INFO] [1768967299.909149337] [rtabmap]: rtabmap: gen_depth  = false
[rtabmap-2] [INFO] [1768967299.946716293] [rtabmap]: Setting RTAB-Map parameter "Grid/3D"="true" (rosparam)
[rtabmap-2] [INFO] [1768967299.948017625] [rtabmap]: Setting RTAB-Map parameter "Grid/RangeMax"="5.0" (rosparam)
[rtabmap-2] [INFO] [1768967299.948189956] [rtabmap]: Setting RTAB-Map parameter "Grid/RayTracing"="true" (rosparam)
[rtabmap-2] [INFO] [1768967299.948449288] [rtabmap]: Setting RTAB-Map parameter "Grid/Sensor"="1" (rosparam)
[rtabmap-2] [INFO] [1768967299.957002997] [rtabmap]: Setting RTAB-Map parameter "RGBD/CreateOccupancyGrid"="true" (rosparam)
[rtabmap-2] [INFO] [1768967299.959027490] [rtabmap]: Setting RTAB-Map parameter "Rtabmap/DetectionRate"="2.0" (rosparam)
[rtabmap-2] [INFO] [1768967300.235730565] [rtabmap]: RTAB-Map detection rate = 2.000000 Hz
[rtabmap-2] [INFO] [1768967300.236048242] [rtabmap]: rtabmap: Using database from "/home/fujino/.ros/rtabmap_ur5e_20260121_124818.db" (0 MB).
[rtabmap-2] [INFO] [1768967300.311898417] [rtabmap]: rtabmap: Database version = "0.22.1".
[rtabmap-2] [INFO] [1768967300.312003585] [rtabmap]: rtabmap: SLAM mode (Mem/IncrementalMemory=true)
[rtabmap-2] [INFO] [1768967300.425030657] [rtabmap]: Setup callbacks
[rtabmap-2] [WARN] [1768967300.425146298] [rtabmap]: rtabmap: Parameters subscribe_depth and subscribe_rgbd cannot be true at the same time. Parameter subscribe_depth is set to false.
[rtabmap-2] [INFO] [1768967300.425449927] [rtabmap]: rtabmap: subscribe_depth = false
[rtabmap-2] [INFO] [1768967300.425495747] [rtabmap]: rtabmap: subscribe_rgb = false
[rtabmap-2] [INFO] [1768967300.425520342] [rtabmap]: rtabmap: subscribe_stereo = false
[rtabmap-2] [INFO] [1768967300.425543470] [rtabmap]: rtabmap: subscribe_rgbd = true (rgbd_cameras=1)
[rtabmap-2] [INFO] [1768967300.425571289] [rtabmap]: rtabmap: subscribe_sensor_data = false
[rtabmap-2] [INFO] [1768967300.425597277] [rtabmap]: rtabmap: subscribe_odom_info = false
[rtabmap-2] [INFO] [1768967300.425620552] [rtabmap]: rtabmap: subscribe_user_data = false
[rtabmap-2] [INFO] [1768967300.425641749] [rtabmap]: rtabmap: subscribe_scan = false
[rtabmap-2] [INFO] [1768967300.425663387] [rtabmap]: rtabmap: subscribe_scan_cloud = false
[rtabmap-2] [INFO] [1768967300.425684088] [rtabmap]: rtabmap: subscribe_scan_descriptor = false
[rtabmap-2] [INFO] [1768967300.425706287] [rtabmap]: rtabmap: topic_queue_size = 10
[rtabmap-2] [INFO] [1768967300.425728512] [rtabmap]: rtabmap: sync_queue_size  = 30
[rtabmap-2] [INFO] [1768967300.425750049] [rtabmap]: rtabmap: qos_image       = 2
[rtabmap-2] [INFO] [1768967300.425840447] [rtabmap]: rtabmap: qos_camera_info = 2
[rtabmap-2] [INFO] [1768967300.425870841] [rtabmap]: rtabmap: qos_scan        = 2
[rtabmap-2] [INFO] [1768967300.425892750] [rtabmap]: rtabmap: qos_odom        = 2
[rtabmap-2] [INFO] [1768967300.425914277] [rtabmap]: rtabmap: qos_user_data   = 2
[rtabmap-2] [INFO] [1768967300.425935681] [rtabmap]: rtabmap: approx_sync     = true
[rtabmap-2] [INFO] [1768967300.425981207] [rtabmap]: Setup rgbd callback
[rtabmap-2] [INFO] [1768967300.428303014] [rtabmap]: 
[rtabmap-2] rtabmap subscribed to:
[rtabmap-2]    /rgbd_image
[rtabmap-2] [INFO] [1768967301.098008700] [rtabmap]: rtabmap (1): Rate=0.50s, Limit=0.000s, Conversion=0.0035s, RTAB-Map=0.4279s, Maps update=0.0001s pub=0.0000s delay=0.4030s (local map=1, WM=1)
[rtabmap-2] [INFO] [1768967301.682190348] [rtabmap]: rtabmap (2): Rate=0.50s, Limit=0.000s, Conversion=0.0013s, RTAB-Map=0.5050s, Maps update=0.0000s pub=0.0000s delay=0.4830s (local map=1, WM=1)
[rtabmap-2] [INFO] [1768967302.194492860] [rtabmap]: rtabmap (3): Rate=0.50s, Limit=0.000s, Conversion=0.0018s, RTAB-Map=0.4961s, Maps update=0.0000s pub=0.0000s delay=0.4630s (local map=1, WM=1)
[rtabmap-2] [INFO] [1768967302.763407973] [rtabmap]: rtabmap (4): Rate=0.50s, Limit=0.000s, Conversion=0.0005s, RTAB-Map=0.5524s, Maps update=0.0000s pub=0.0000s delay=0.5250s (local map=1, WM=1)
[rtabmap-2] [INFO] [1768967303.325859876] [rtabmap]: rtabmap (5): Rate=0.50s, Limit=0.000s, Conversion=0.0005s, RTAB-Map=0.4783s, Maps update=0.0000s pub=0.0000s delay=0.5110s (local map=2, WM=2)
[rtabmap-2] [INFO] [1768967303.845029322] [rtabmap]: rtabmap (6): Rate=0.50s, Limit=0.000s, Conversion=0.0023s, RTAB-Map=0.4735s, Maps update=0.0001s pub=0.0000s delay=0.4780s (local map=2, WM=2)
[rtabmap-2] [INFO] [1768967304.284654692] [rtabmap]: rtabmap (7): Rate=0.50s, Limit=0.000s, Conversion=0.0015s, RTAB-Map=0.3362s, Maps update=0.0000s pub=0.0000s delay=0.3070s (local map=3, WM=3)
[rtabmap-2] [INFO] [1768967304.800886176] [rtabmap]: rtabmap (8): Rate=0.50s, Limit=0.000s, Conversion=0.0021s, RTAB-Map=0.3661s, Maps update=0.0001s pub=0.0000s delay=0.3070s (local map=3, WM=3)
[rtabmap-2] [INFO] [1768967305.378382218] [rtabmap]: rtabmap (9): Rate=0.50s, Limit=0.000s, Conversion=0.0005s, RTAB-Map=0.3869s, Maps update=0.0000s pub=0.0000s delay=0.3750s (local map=3, WM=3)
[rtabmap-2] [INFO] [1768967305.809953077] [rtabmap]: rtabmap (10): Rate=0.50s, Limit=0.000s, Conversion=0.0007s, RTAB-Map=0.3130s, Maps update=0.0001s pub=0.0000s delay=0.2460s (local map=3, WM=3)
[rtabmap-2] [INFO] [1768967306.336770965] [rtabmap]: rtabmap (11): Rate=0.50s, Limit=0.000s, Conversion=0.0005s, RTAB-Map=0.3396s, Maps update=0.0001s pub=0.0000s delay=0.3450s (local map=3, WM=3)
[rtabmap-2] [INFO] [1768967307.003510682] [rtabmap]: rtabmap (12): Rate=0.50s, Limit=0.000s, Conversion=0.0010s, RTAB-Map=0.4464s, Maps update=0.0000s pub=0.0000s delay=0.4100s (local map=3, WM=3)
[rtabmap-2] [INFO] [1768967307.453575830] [rtabmap]: rtabmap (13): Rate=0.50s, Limit=0.000s, Conversion=0.0008s, RTAB-Map=0.3484s, Maps update=0.0001s pub=0.0000s delay=0.3520s (local map=3, WM=3)
[rtabmap-2] [INFO] [1768967308.042063662] [rtabmap]: rtabmap (14): Rate=0.50s, Limit=0.000s, Conversion=0.0005s, RTAB-Map=0.3910s, Maps update=0.0001s pub=0.0000s delay=0.4120s (local map=3, WM=3)
[rtabmap-2] [INFO] [1768967308.533632886] [rtabmap]: rtabmap (15): Rate=0.50s, Limit=0.000s, Conversion=0.0004s, RTAB-Map=0.3462s, Maps update=0.0000s pub=0.0000s delay=0.3820s (local map=3, WM=3)
[rtabmap-2] [INFO] [1768967309.116003878] [rtabmap]: rtabmap (16): Rate=0.50s, Limit=0.000s, Conversion=0.0005s, RTAB-Map=0.3424s, Maps update=0.0000s pub=0.0000s delay=0.3020s (local map=4, WM=4)
[rtabmap-2] [INFO] [1768967309.608963712] [rtabmap]: rtabmap (17): Rate=0.50s, Limit=0.000s, Conversion=0.0007s, RTAB-Map=0.3420s, Maps update=0.0000s pub=0.0000s delay=0.3020s (local map=4, WM=4)
[rtabmap-2] [INFO] [1768967310.215772518] [rtabmap]: rtabmap (18): Rate=0.50s, Limit=0.000s, Conversion=0.0009s, RTAB-Map=0.4146s, Maps update=0.0001s pub=0.0000s delay=0.3730s (local map=4, WM=4)
[rtabmap-2] [INFO] [1768967310.869392664] [rtabmap]: rtabmap (19): Rate=0.50s, Limit=0.000s, Conversion=0.0005s, RTAB-Map=0.5108s, Maps update=0.0000s pub=0.0000s delay=0.5290s (local map=5, WM=5)
[rtabmap-2] [INFO] [1768967311.329268229] [rtabmap]: rtabmap (20): Rate=0.50s, Limit=0.000s, Conversion=0.0052s, RTAB-Map=0.4221s, Maps update=0.0000s pub=0.0000s delay=0.4600s (local map=5, WM=5)
[rtabmap-2] [INFO] [1768967311.759671561] [rtabmap]: rtabmap (21): Rate=0.50s, Limit=0.000s, Conversion=0.0004s, RTAB-Map=0.3448s, Maps update=0.0000s pub=0.0000s delay=0.3390s (local map=5, WM=5)
[rtabmap-2] [INFO] [1768967312.371441153] [rtabmap]: rtabmap (22): Rate=0.50s, Limit=0.000s, Conversion=0.0004s, RTAB-Map=0.4380s, Maps update=0.0000s pub=0.0000s delay=0.4320s (local map=6, WM=6)
[rtabmap-2] [INFO] [1768967312.858024758] [rtabmap]: rtabmap (23): Rate=0.50s, Limit=0.000s, Conversion=0.0005s, RTAB-Map=0.3840s, Maps update=0.0001s pub=0.0000s delay=0.4040s (local map=6, WM=6)
[rtabmap-2] [INFO] [1768967313.343965767] [rtabmap]: rtabmap (24): Rate=0.50s, Limit=0.000s, Conversion=0.0009s, RTAB-Map=0.3371s, Maps update=0.0001s pub=0.0000s delay=0.3740s (local map=6, WM=6)
[rtabmap-2] [INFO] [1768967313.955720456] [rtabmap]: rtabmap (25): Rate=0.50s, Limit=0.000s, Conversion=0.0007s, RTAB-Map=0.4190s, Maps update=0.0000s pub=0.0000s delay=0.4470s (local map=7, WM=7)
[rtabmap-2] [INFO] [1768967314.453659161] [rtabmap]: rtabmap (26): Rate=0.50s, Limit=0.000s, Conversion=0.0004s, RTAB-Map=0.4158s, Maps update=0.0001s pub=0.0000s delay=0.4390s (local map=7, WM=7)
[rtabmap-2] [INFO] [1768967315.065630828] [rtabmap]: rtabmap (27): Rate=0.50s, Limit=0.000s, Conversion=0.0006s, RTAB-Map=0.3998s, Maps update=0.0001s pub=0.0000s delay=0.4100s (local map=7, WM=7)
[rtabmap-2] [INFO] [1768967315.609962807] [rtabmap]: rtabmap (28): Rate=0.50s, Limit=0.000s, Conversion=0.0006s, RTAB-Map=0.4277s, Maps update=0.0000s pub=0.0000s delay=0.3840s (local map=8, WM=8)
[rtabmap-2] [INFO] [1768967316.168796781] [rtabmap]: rtabmap (29): Rate=0.50s, Limit=0.000s, Conversion=0.0005s, RTAB-Map=0.4394s, Maps update=0.0001s pub=0.0000s delay=0.4720s (local map=8, WM=8)
[rtabmap-2] [INFO] [1768967316.675580926] [rtabmap]: rtabmap (30): Rate=0.50s, Limit=0.000s, Conversion=0.0011s, RTAB-Map=0.3842s, Maps update=0.0001s pub=0.0000s delay=0.3900s (local map=8, WM=8)
[rtabmap-2] [INFO] [1768967317.472923548] [rtabmap]: rtabmap (31): Rate=0.50s, Limit=0.000s, Conversion=0.0009s, RTAB-Map=0.6194s, Maps update=0.0000s pub=0.0000s delay=0.6320s (local map=9, WM=9)
[rtabmap-2] [INFO] [1768967318.036980156] [rtabmap]: rtabmap (32): Rate=0.50s, Limit=0.000s, Conversion=0.0006s, RTAB-Map=0.5146s, Maps update=0.0001s pub=0.0000s delay=0.4680s (local map=9, WM=9)
[rtabmap-2] [INFO] [1768967318.755348289] [rtabmap]: rtabmap (33): Rate=0.50s, Limit=0.000s, Conversion=0.0011s, RTAB-Map=0.6316s, Maps update=0.0000s pub=0.0000s delay=0.6700s (local map=10, WM=10)
[rtabmap-2] [INFO] [1768967319.267198538] [rtabmap]: rtabmap (34): Rate=0.50s, Limit=0.000s, Conversion=0.0007s, RTAB-Map=0.5052s, Maps update=0.0000s pub=0.0000s delay=0.5140s (local map=11, WM=11)
[rtabmap-2] [INFO] [1768967319.814424971] [rtabmap]: rtabmap (35): Rate=0.50s, Limit=0.000s, Conversion=0.0005s, RTAB-Map=0.4877s, Maps update=0.0001s pub=0.0000s delay=0.4760s (local map=11, WM=11)
[rtabmap-2] [INFO] [1768967320.270418771] [rtabmap]: rtabmap (36): Rate=0.50s, Limit=0.000s, Conversion=0.0009s, RTAB-Map=0.4498s, Maps update=0.0000s pub=0.0000s delay=0.4730s (local map=12, WM=12)
[rtabmap-2] [INFO] [1768967320.899431638] [rtabmap]: rtabmap (37): Rate=0.50s, Limit=0.000s, Conversion=0.0005s, RTAB-Map=0.5220s, Maps update=0.0001s pub=0.0000s delay=0.5190s (local map=12, WM=12)
[rtabmap-2] [INFO] [1768967321.551951630] [rtabmap]: rtabmap (38): Rate=0.50s, Limit=0.000s, Conversion=0.0008s, RTAB-Map=0.5399s, Maps update=0.0000s pub=0.0000s delay=0.6010s (local map=13, WM=13)
[rtabmap-2] [INFO] [1768967322.066077480] [rtabmap]: rtabmap (39): Rate=0.50s, Limit=0.000s, Conversion=0.0007s, RTAB-Map=0.4652s, Maps update=0.0001s pub=0.0000s delay=0.4950s (local map=14, WM=14)
[rtabmap-2] [INFO] [1768967322.526794243] [rtabmap]: rtabmap (40): Rate=0.50s, Limit=0.000s, Conversion=0.0006s, RTAB-Map=0.4007s, Maps update=0.0001s pub=0.0000s delay=0.3650s (local map=14, WM=14)
[rtabmap-2] [INFO] [1768967323.188099936] [rtabmap]: rtabmap (41): Rate=0.50s, Limit=0.000s, Conversion=0.0005s, RTAB-Map=0.4660s, Maps update=0.0000s pub=0.0000s delay=0.4670s (local map=15, WM=15)
[rtabmap-2] [INFO] [1768967323.660843796] [rtabmap]: rtabmap (42): Rate=0.50s, Limit=0.000s, Conversion=0.0006s, RTAB-Map=0.4056s, Maps update=0.0001s pub=0.0000s delay=0.4600s (local map=15, WM=15)
[rtabmap-2] [INFO] [1768967324.296270257] [rtabmap]: rtabmap (43): Rate=0.50s, Limit=0.000s, Conversion=0.0004s, RTAB-Map=0.5247s, Maps update=0.0001s pub=0.0000s delay=0.5120s (local map=16, WM=16)
[rtabmap-2] [INFO] [1768967324.777242249] [rtabmap]: rtabmap (44): Rate=0.50s, Limit=0.000s, Conversion=0.0005s, RTAB-Map=0.4597s, Maps update=0.0001s pub=0.0000s delay=0.4900s (local map=16, WM=16)
[rtabmap-2] [INFO] [1768967325.328021323] [rtabmap]: rtabmap (45): Rate=0.50s, Limit=0.000s, Conversion=0.0008s, RTAB-Map=0.5021s, Maps update=0.0000s pub=0.0000s delay=0.4890s (local map=17, WM=17)
[rtabmap-2] [INFO] [1768967325.792698024] [rtabmap]: rtabmap (46): Rate=0.50s, Limit=0.000s, Conversion=0.0009s, RTAB-Map=0.4538s, Maps update=0.0001s pub=0.0000s delay=0.4830s (local map=17, WM=17)
[rtabmap-2] [INFO] [1768967326.357069612] [rtabmap]: rtabmap (47): Rate=0.50s, Limit=0.000s, Conversion=0.0007s, RTAB-Map=0.5168s, Maps update=0.0000s pub=0.0000s delay=0.5560s (local map=18, WM=18)
[rtabmap-2] [INFO] [1768967326.914008256] [rtabmap]: rtabmap (48): Rate=0.50s, Limit=0.000s, Conversion=0.0007s, RTAB-Map=0.5263s, Maps update=0.0001s pub=0.0000s delay=0.5240s (local map=18, WM=18)
[rtabmap-2] [INFO] [1768967327.521501628] [rtabmap]: rtabmap (49): Rate=0.50s, Limit=0.000s, Conversion=0.0006s, RTAB-Map=0.5994s, Maps update=0.0000s pub=0.0000s delay=0.5860s (local map=19, WM=19)
[rtabmap-2] [INFO] [1768967327.964435335] [rtabmap]: rtabmap (50): Rate=0.50s, Limit=0.000s, Conversion=0.0009s, RTAB-Map=0.4304s, Maps update=0.0001s pub=0.0000s delay=0.4870s (local map=19, WM=19)
[rtabmap-2] [INFO] [1768967328.562712119] [rtabmap]: rtabmap (51): Rate=0.50s, Limit=0.000s, Conversion=0.0007s, RTAB-Map=0.5131s, Maps update=0.0001s pub=0.0000s delay=0.4520s (local map=19, WM=19)
[rtabmap-2] [INFO] [1768967329.332342575] [rtabmap]: rtabmap (52): Rate=0.50s, Limit=0.000s, Conversion=0.0106s, RTAB-Map=0.6192s, Maps update=0.0001s pub=0.0000s delay=0.5300s (local map=19, WM=19)
[rtabmap-2] [INFO] [1768967330.242281050] [rtabmap]: rtabmap (53): Rate=0.50s, Limit=0.000s, Conversion=0.0017s, RTAB-Map=0.4912s, Maps update=0.0001s pub=0.0000s delay=0.4670s (local map=20, WM=20)
[rtabmap-2] [INFO] [1768967331.119095260] [rtabmap]: rtabmap (54): Rate=0.50s, Limit=0.000s, Conversion=0.0120s, RTAB-Map=0.5247s, Maps update=0.0001s pub=0.0000s delay=0.4580s (local map=20, WM=20)
[rtabmap-2] [INFO] [1768967332.111274925] [rtabmap]: rtabmap (55): Rate=0.50s, Limit=0.000s, Conversion=0.0007s, RTAB-Map=0.4357s, Maps update=0.0000s pub=0.0000s delay=0.3250s (local map=21, WM=21)
[rtabmap-2] [INFO] [1768967332.955325935] [rtabmap]: rtabmap (56): Rate=0.50s, Limit=0.000s, Conversion=0.0020s, RTAB-Map=0.5262s, Maps update=0.0001s pub=0.0000s delay=0.5170s (local map=21, WM=21)
[rtabmap-2] [INFO] [1768967334.381516530] [rtabmap]: rtabmap (57): Rate=0.50s, Limit=0.000s, Conversion=0.0033s, RTAB-Map=0.4976s, Maps update=0.0000s pub=0.0000s delay=0.4600s (local map=22, WM=22)
[rtabmap-2] [INFO] [1768967335.769457369] [rtabmap]: rtabmap (58): Rate=0.50s, Limit=0.000s, Conversion=0.0061s, RTAB-Map=0.6685s, Maps update=0.0001s pub=0.0000s delay=0.6120s (local map=22, WM=22)
[rtabmap-2] [INFO] [1768967336.515331109] [rtabmap]: rtabmap (59): Rate=0.50s, Limit=0.000s, Conversion=0.0043s, RTAB-Map=0.6138s, Maps update=0.0001s pub=0.0000s delay=0.6180s (local map=23, WM=23)
[rtabmap-2] [INFO] [1768967337.708126875] [rtabmap]: rtabmap (60): Rate=0.50s, Limit=0.000s, Conversion=0.0052s, RTAB-Map=0.6649s, Maps update=0.0001s pub=0.0000s delay=0.5960s (local map=24, WM=24)
[rtabmap-2] [INFO] [1768967338.287666658] [rtabmap]: rtabmap (61): Rate=0.50s, Limit=0.000s, Conversion=0.0033s, RTAB-Map=0.5606s, Maps update=0.0001s pub=0.0000s delay=0.5160s (local map=24, WM=24)
[rtabmap-2] [INFO] [1768967339.331243550] [rtabmap]: rtabmap (62): Rate=0.50s, Limit=0.000s, Conversion=0.0006s, RTAB-Map=0.4345s, Maps update=0.0001s pub=0.0000s delay=0.4220s (local map=24, WM=24)
[rtabmap-2] [INFO] [1768967340.679398284] [rtabmap]: rtabmap (63): Rate=0.50s, Limit=0.000s, Conversion=0.0004s, RTAB-Map=0.4135s, Maps update=0.0001s pub=0.0000s delay=0.4400s (local map=24, WM=24)
[rtabmap-2] [INFO] [1768967341.326344279] [rtabmap]: rtabmap (64): Rate=0.50s, Limit=0.000s, Conversion=0.0008s, RTAB-Map=0.4666s, Maps update=0.0001s pub=0.0000s delay=0.4720s (local map=24, WM=24)
[rtabmap-2] [INFO] [1768967341.741051203] [rtabmap]: rtabmap (65): Rate=0.50s, Limit=0.000s, Conversion=0.0004s, RTAB-Map=0.3292s, Maps update=0.0001s pub=0.0000s delay=0.2390s (local map=24, WM=24)
[rtabmap-2] [INFO] [1768967342.546297363] [rtabmap]: rtabmap (66): Rate=0.50s, Limit=0.000s, Conversion=0.0005s, RTAB-Map=0.3994s, Maps update=0.0001s pub=0.0000s delay=0.3270s (local map=24, WM=24)
[rtabmap-2] [INFO] [1768967343.336064195] [rtabmap]: rtabmap (67): Rate=0.50s, Limit=0.000s, Conversion=0.0030s, RTAB-Map=0.5393s, Maps update=0.0001s pub=0.0000s delay=0.4910s (local map=24, WM=24)
[rtabmap-2] [INFO] [1768967344.495345640] [rtabmap]: rtabmap (68): Rate=0.50s, Limit=0.000s, Conversion=0.0006s, RTAB-Map=0.4959s, Maps update=0.0001s pub=0.0000s delay=0.4950s (local map=24, WM=24)
[rtabmap-2] [INFO] [1768967345.513551359] [rtabmap]: rtabmap (69): Rate=0.50s, Limit=0.000s, Conversion=0.0010s, RTAB-Map=0.6240s, Maps update=0.0001s pub=0.0000s delay=0.6300s (local map=24, WM=24)
[rtabmap-2] [INFO] [1768967346.642858336] [rtabmap]: rtabmap (70): Rate=0.50s, Limit=0.000s, Conversion=0.0005s, RTAB-Map=0.4819s, Maps update=0.0001s pub=0.0000s delay=0.4560s (local map=24, WM=24)
[rtabmap-2] [INFO] [1768967347.988730516] [rtabmap]: rtabmap (71): Rate=0.50s, Limit=0.000s, Conversion=0.0010s, RTAB-Map=0.5872s, Maps update=0.0001s pub=0.0000s delay=0.5500s (local map=24, WM=24)
[rtabmap-2] [INFO] [1768967348.580456660] [rtabmap]: rtabmap (72): Rate=0.50s, Limit=0.000s, Conversion=0.0014s, RTAB-Map=0.5093s, Maps update=0.0001s pub=0.0000s delay=0.5040s (local map=24, WM=24)
[rtabmap-2] [INFO] [1768967349.480837849] [rtabmap]: rtabmap (73): Rate=0.50s, Limit=0.000s, Conversion=0.0006s, RTAB-Map=0.5329s, Maps update=0.0001s pub=0.0000s delay=0.3860s (local map=24, WM=24)
[rtabmap-2] [INFO] [1768967350.311665917] [rtabmap]: rtabmap (74): Rate=0.50s, Limit=0.000s, Conversion=0.0029s, RTAB-Map=0.6087s, Maps update=0.0001s pub=0.0000s delay=0.5630s (local map=24, WM=24)
[rtabmap-2] [INFO] [1768967351.922996862] [rtabmap]: rtabmap (75): Rate=0.50s, Limit=0.000s, Conversion=0.0040s, RTAB-Map=0.4498s, Maps update=0.0001s pub=0.0000s delay=0.4110s (local map=24, WM=24)
[rtabmap-2] [INFO] [1768967352.914347914] [rtabmap]: rtabmap (76): Rate=0.50s, Limit=0.000s, Conversion=0.0006s, RTAB-Map=0.4690s, Maps update=0.0001s pub=0.0000s delay=0.4050s (local map=24, WM=24)
[rtabmap-2] [INFO] [1768967354.164054673] [rtabmap]: rtabmap (77): Rate=0.50s, Limit=0.000s, Conversion=0.0011s, RTAB-Map=0.5892s, Maps update=0.0001s pub=0.0000s delay=0.4860s (local map=24, WM=24)
[rtabmap-2] [INFO] [1768967356.579055089] [rtabmap]: rtabmap (78): Rate=0.50s, Limit=0.000s, Conversion=0.0007s, RTAB-Map=0.5105s, Maps update=0.0001s pub=0.0000s delay=0.4150s (local map=24, WM=24)
[rtabmap-2] [INFO] [1768967358.449795228] [rtabmap]: rtabmap (79): Rate=0.50s, Limit=0.000s, Conversion=0.0006s, RTAB-Map=0.5459s, Maps update=0.0001s pub=0.0000s delay=0.4720s (local map=24, WM=24)
[rtabmap-2] [INFO] [1768967359.370584135] [rtabmap]: rtabmap (80): Rate=0.50s, Limit=0.000s, Conversion=0.0084s, RTAB-Map=0.5021s, Maps update=0.0001s pub=0.0000s delay=0.4890s (local map=24, WM=24)
[rtabmap-2] [INFO] [1768967360.206500256] [rtabmap]: rtabmap (81): Rate=0.50s, Limit=0.000s, Conversion=0.0007s, RTAB-Map=0.5213s, Maps update=0.0001s pub=0.0000s delay=0.5090s (local map=24, WM=24)
[rtabmap-2] [INFO] [1768967360.898311669] [rtabmap]: rtabmap (82): Rate=0.50s, Limit=0.000s, Conversion=0.0005s, RTAB-Map=0.4128s, Maps update=0.0001s pub=0.0000s delay=0.3980s (local map=24, WM=24)
[rtabmap-2] [INFO] [1768967361.935507598] [rtabmap]: rtabmap (83): Rate=0.50s, Limit=0.000s, Conversion=0.0051s, RTAB-Map=0.4435s, Maps update=0.0001s pub=0.0000s delay=0.4030s (local map=24, WM=24)
[rtabmap-2] [INFO] [1768967363.186005727] [rtabmap]: rtabmap (84): Rate=0.50s, Limit=0.000s, Conversion=0.0005s, RTAB-Map=0.4363s, Maps update=0.0000s pub=0.0000s delay=0.3830s (local map=24, WM=24)
[rtabmap-2] [INFO] [1768967363.860302490] [rtabmap]: rtabmap (85): Rate=0.50s, Limit=0.000s, Conversion=0.0008s, RTAB-Map=0.4758s, Maps update=0.0001s pub=0.0000s delay=0.4770s (local map=24, WM=24)
[rtabmap-2] [INFO] [1768967365.515347273] [rtabmap]: rtabmap (86): Rate=0.50s, Limit=0.000s, Conversion=0.0010s, RTAB-Map=0.5505s, Maps update=0.0001s pub=0.0000s delay=0.5040s (local map=24, WM=24)
[rtabmap-2] [INFO] [1768967366.060071364] [rtabmap]: rtabmap (87): Rate=0.50s, Limit=0.000s, Conversion=0.0011s, RTAB-Map=0.5395s, Maps update=0.0001s pub=0.0000s delay=0.4910s (local map=24, WM=24)
[rtabmap-2] [INFO] [1768967367.077366679] [rtabmap]: rtabmap (88): Rate=0.50s, Limit=0.000s, Conversion=0.0021s, RTAB-Map=0.5257s, Maps update=0.0001s pub=0.0000s delay=0.5330s (local map=24, WM=24)
[rtabmap-2] [INFO] [1768967368.301250871] [rtabmap]: rtabmap (89): Rate=0.50s, Limit=0.000s, Conversion=0.0051s, RTAB-Map=0.5930s, Maps update=0.0001s pub=0.0000s delay=0.5470s (local map=24, WM=24)
[rtabmap-2] [INFO] [1768967368.838685060] [rtabmap]: rtabmap (90): Rate=0.50s, Limit=0.000s, Conversion=0.0009s, RTAB-Map=0.4852s, Maps update=0.0001s pub=0.0000s delay=0.4430s (local map=24, WM=24)
[rtabmap-2] [INFO] [1768967369.716766433] [rtabmap]: rtabmap (91): Rate=0.50s, Limit=0.000s, Conversion=0.0020s, RTAB-Map=0.5158s, Maps update=0.0001s pub=0.0000s delay=0.5100s (local map=24, WM=24)
[rtabmap-2] [INFO] [1768967370.576296857] [rtabmap]: rtabmap (92): Rate=0.50s, Limit=0.000s, Conversion=0.0008s, RTAB-Map=0.3987s, Maps update=0.0001s pub=0.0000s delay=0.3900s (local map=24, WM=24)
[rtabmap-2] [INFO] [1768967370.776684724] [rclcpp]: signal_handler(signum=2)
[rgbd_sync-1] [INFO] [1768967370.780098323] [rclcpp]: signal_handler(signum=2)
[rtabmap-2] [INFO] [1768967370.808852877] [rtabmap]: Parameters are not saved (No configuration file provided...)
[INFO] [rgbd_sync-1]: process has finished cleanly [pid 247288]
[rtabmap-2] [33m[ WARN] (2026-01-21 12:48:20.685) Memory.cpp:5917::createSignature() Mem/SaveDepth16Format is set to false to use 32bits format but this is not compatible with the compressed depth format chosen (Mem/DepthCompressionFormat=".rvl"), depth images will be compressed in ".png" format instead. Explicitly set Mem/SaveDepth16Format to true to keep using ".rvl" format and images will be converted to 16bits for convenience (warning: that would remove all depth values over 65 meters). Explicitly set Mem/DepthCompressionFormat=".png" to suppress this warning. This warning is only printed once.[0m
[rtabmap-2] [33m[ WARN] (2026-01-21 12:48:39.266) Memory.cpp:3217::computeTransform() Missing visual features or missing raw data to compute them. Transform cannot be estimated.[0m
[rtabmap-2] rtabmap: Saving database/long-term memory... (located at /home/fujino/.ros/rtabmap_ur5e_20260121_124818.db)
[rtabmap-2] rtabmap: Saving database/long-term memory...done! (located at /home/fujino/.ros/rtabmap_ur5e_20260121_124818.db, 135 MB)
[INFO] [rtabmap-2]: process has finished cleanly [pid 247290]
