[INFO] [launch]: All log files can be found below /home/fujino/.ros/log/2026-01-18-18-09-01-147838-fh-665791
[INFO] [launch]: Default logging verbosity is set to INFO
[INFO] [rgbd_sync-1]: process started with pid [665801]
[INFO] [rtabmap-2]: process started with pid [665803]
[rgbd_sync-1] [INFO] [1768727341.447721506] [rgbd_sync]: rgbd_sync: approx_sync = true
[rgbd_sync-1] [INFO] [1768727341.447998201] [rgbd_sync]: rgbd_sync: approx_sync_max_interval = 0.010000
[rgbd_sync-1] [INFO] [1768727341.448032725] [rgbd_sync]: rgbd_sync: topic_queue_size  = 10
[rgbd_sync-1] [INFO] [1768727341.448045715] [rgbd_sync]: rgbd_sync: sync_queue_size  = 30
[rgbd_sync-1] [INFO] [1768727341.448057163] [rgbd_sync]: rgbd_sync: qos             = 2
[rgbd_sync-1] [INFO] [1768727341.448068095] [rgbd_sync]: rgbd_sync: qos_camera_info = 2
[rgbd_sync-1] [INFO] [1768727341.448078534] [rgbd_sync]: rgbd_sync: depth_scale = 1.000000
[rgbd_sync-1] [INFO] [1768727341.448090777] [rgbd_sync]: rgbd_sync: decimation = 1
[rgbd_sync-1] [INFO] [1768727341.448101235] [rgbd_sync]: rgbd_sync: compressed_rate = 0.000000
[rgbd_sync-1] [INFO] [1768727341.469201418] [rgbd_sync]: 
[rgbd_sync-1] rgbd_sync subscribed to (approx sync, max interval=0.010000s):
[rgbd_sync-1]    /camera/color/image_raw,
[rgbd_sync-1]    /camera/depth/depth/image_raw,
[rgbd_sync-1]    /camera/color/camera_info
[rtabmap-2] [INFO] [1768727341.620731859] [rtabmap]: rtabmap(maps): latch                      = true
[rtabmap-2] [INFO] [1768727341.621024420] [rtabmap]: rtabmap(maps): map_filter_radius          = 0.000000
[rtabmap-2] [INFO] [1768727341.621051766] [rtabmap]: rtabmap(maps): map_filter_angle           = 30.000000
[rtabmap-2] [INFO] [1768727341.621059801] [rtabmap]: rtabmap(maps): map_cleanup                = true
[rtabmap-2] [INFO] [1768727341.621065466] [rtabmap]: rtabmap(maps): map_always_update          = false
[rtabmap-2] [INFO] [1768727341.621070653] [rtabmap]: rtabmap(maps): map_empty_ray_tracing      = true
[rtabmap-2] [INFO] [1768727341.621075858] [rtabmap]: rtabmap(maps): cloud_output_voxelized     = true
[rtabmap-2] [INFO] [1768727341.621081248] [rtabmap]: rtabmap(maps): cloud_subtract_filtering   = false
[rtabmap-2] [INFO] [1768727341.621086675] [rtabmap]: rtabmap(maps): cloud_subtract_filtering_min_neighbors = 2
[rtabmap-2] [INFO] [1768727341.621157908] [rtabmap]: rtabmap(maps): octomap_tree_depth         = 16
[rtabmap-2] [INFO] [1768727341.658772370] [rtabmap]: rtabmap: frame_id      = camera_color_optical_frame
[rtabmap-2] [INFO] [1768727341.658807176] [rtabmap]: rtabmap: odom_frame_id = world
[rtabmap-2] [INFO] [1768727341.658814453] [rtabmap]: rtabmap: map_frame_id  = world
[rtabmap-2] [INFO] [1768727341.658819698] [rtabmap]: rtabmap: log_to_rosout_level  = 4
[rtabmap-2] [INFO] [1768727341.658824924] [rtabmap]: rtabmap: initial_pose  = 
[rtabmap-2] [INFO] [1768727341.658828078] [rtabmap]: rtabmap: use_action_for_goal  = false
[rtabmap-2] [INFO] [1768727341.658831522] [rtabmap]: rtabmap: tf_delay      = 0.050000
[rtabmap-2] [INFO] [1768727341.658840376] [rtabmap]: rtabmap: tf_tolerance  = 0.100000
[rtabmap-2] [INFO] [1768727341.658843811] [rtabmap]: rtabmap: odom_sensor_sync   = false
[rtabmap-2] [INFO] [1768727341.658846963] [rtabmap]: rtabmap: pub_loc_pose_only_when_localizing = false
[rtabmap-2] [INFO] [1768727341.658849917] [rtabmap]: rtabmap: wait_for_transform = 0.200000
[rtabmap-2] [INFO] [1768727341.658853210] [rtabmap]: rtabmap: gen_scan  = false
[rtabmap-2] [INFO] [1768727341.658856123] [rtabmap]: rtabmap: gen_depth  = false
[rtabmap-2] [INFO] [1768727341.685230661] [rtabmap]: Setting RTAB-Map parameter "Grid/3D"="true" (rosparam)
[rtabmap-2] [INFO] [1768727341.686590928] [rtabmap]: Setting RTAB-Map parameter "Grid/RangeMax"="5.0" (rosparam)
[rtabmap-2] [INFO] [1768727341.686763411] [rtabmap]: Setting RTAB-Map parameter "Grid/RayTracing"="true" (rosparam)
[rtabmap-2] [INFO] [1768727341.686992199] [rtabmap]: Setting RTAB-Map parameter "Grid/Sensor"="1" (rosparam)
[rtabmap-2] [INFO] [1768727341.700034183] [rtabmap]: Setting RTAB-Map parameter "RGBD/CreateOccupancyGrid"="true" (rosparam)
[rtabmap-2] [INFO] [1768727341.704545647] [rtabmap]: Setting RTAB-Map parameter "Rtabmap/DetectionRate"="2.0" (rosparam)
[rtabmap-2] [INFO] [1768727341.931144564] [rtabmap]: RTAB-Map detection rate = 2.000000 Hz
[rtabmap-2] [INFO] [1768727341.931295744] [rtabmap]: rtabmap: Using database from "/home/fujino/.ros/rtabmap_ur5e_20260118_180900.db" (0 MB).
[rtabmap-2] [INFO] [1768727341.953603126] [rtabmap]: rtabmap: Database version = "0.22.1".
[rtabmap-2] [INFO] [1768727341.953668706] [rtabmap]: rtabmap: SLAM mode (Mem/IncrementalMemory=true)
[rtabmap-2] [INFO] [1768727341.986264631] [rtabmap]: Setup callbacks
[rtabmap-2] [WARN] [1768727341.986327964] [rtabmap]: rtabmap: Parameters subscribe_depth and subscribe_rgbd cannot be true at the same time. Parameter subscribe_depth is set to false.
[rtabmap-2] [INFO] [1768727341.986429167] [rtabmap]: rtabmap: subscribe_depth = false
[rtabmap-2] [INFO] [1768727341.986439394] [rtabmap]: rtabmap: subscribe_rgb = false
[rtabmap-2] [INFO] [1768727341.986444876] [rtabmap]: rtabmap: subscribe_stereo = false
[rtabmap-2] [INFO] [1768727341.986450063] [rtabmap]: rtabmap: subscribe_rgbd = true (rgbd_cameras=1)
[rtabmap-2] [INFO] [1768727341.986455294] [rtabmap]: rtabmap: subscribe_sensor_data = false
[rtabmap-2] [INFO] [1768727341.986458941] [rtabmap]: rtabmap: subscribe_odom_info = false
[rtabmap-2] [INFO] [1768727341.986462241] [rtabmap]: rtabmap: subscribe_user_data = false
[rtabmap-2] [INFO] [1768727341.986465312] [rtabmap]: rtabmap: subscribe_scan = false
[rtabmap-2] [INFO] [1768727341.986468338] [rtabmap]: rtabmap: subscribe_scan_cloud = false
[rtabmap-2] [INFO] [1768727341.986471340] [rtabmap]: rtabmap: subscribe_scan_descriptor = false
[rtabmap-2] [INFO] [1768727341.986474717] [rtabmap]: rtabmap: topic_queue_size = 10
[rtabmap-2] [INFO] [1768727341.986478077] [rtabmap]: rtabmap: sync_queue_size  = 30
[rtabmap-2] [INFO] [1768727341.986481021] [rtabmap]: rtabmap: qos_image       = 2
[rtabmap-2] [INFO] [1768727341.986518679] [rtabmap]: rtabmap: qos_camera_info = 2
[rtabmap-2] [INFO] [1768727341.986522276] [rtabmap]: rtabmap: qos_scan        = 2
[rtabmap-2] [INFO] [1768727341.986525561] [rtabmap]: rtabmap: qos_odom        = 2
[rtabmap-2] [INFO] [1768727341.986528586] [rtabmap]: rtabmap: qos_user_data   = 2
[rtabmap-2] [INFO] [1768727341.986531406] [rtabmap]: rtabmap: approx_sync     = true
[rtabmap-2] [INFO] [1768727341.986542694] [rtabmap]: Setup rgbd callback
[rtabmap-2] [INFO] [1768727341.987485350] [rtabmap]: 
[rtabmap-2] rtabmap subscribed to:
[rtabmap-2]    /rgbd_image
[rtabmap-2] [INFO] [1768727342.450553737] [rtabmap]: rtabmap (1): Rate=0.50s, Limit=0.000s, Conversion=0.0026s, RTAB-Map=0.3736s, Maps update=0.0061s pub=0.0004s delay=-78.9920s (local map=1, WM=1)
[rtabmap-2] [INFO] [1768727342.912656497] [rtabmap]: rtabmap (2): Rate=0.50s, Limit=0.000s, Conversion=0.0018s, RTAB-Map=0.3205s, Maps update=0.0042s pub=0.0000s delay=0.2820s (local map=1, WM=1)
[rtabmap-2] [INFO] [1768727343.550964230] [rtabmap]: rtabmap (3): Rate=0.50s, Limit=0.000s, Conversion=0.0024s, RTAB-Map=0.3610s, Maps update=0.0080s pub=0.0000s delay=0.3960s (local map=1, WM=1)
[rtabmap-2] [INFO] [1768727344.006599897] [rtabmap]: rtabmap (4): Rate=0.50s, Limit=0.000s, Conversion=0.0006s, RTAB-Map=0.3088s, Maps update=0.0047s pub=0.0000s delay=0.2760s (local map=1, WM=1)
[rtabmap-2] [INFO] [1768727344.565430379] [rtabmap]: rtabmap (5): Rate=0.50s, Limit=0.000s, Conversion=0.0012s, RTAB-Map=0.3442s, Maps update=0.0063s pub=0.0000s delay=0.3620s (local map=1, WM=1)
[rtabmap-2] [INFO] [1768727345.145982259] [rtabmap]: rtabmap (6): Rate=0.50s, Limit=0.000s, Conversion=0.0006s, RTAB-Map=0.3211s, Maps update=0.0063s pub=0.0000s delay=0.3480s (local map=1, WM=1)
[rtabmap-2] [INFO] [1768727345.657547819] [rtabmap]: rtabmap (7): Rate=0.50s, Limit=0.000s, Conversion=0.0007s, RTAB-Map=0.2959s, Maps update=0.0035s pub=0.0000s delay=0.3160s (local map=1, WM=1)
[rtabmap-2] [INFO] [1768727346.291121286] [rtabmap]: rtabmap (8): Rate=0.50s, Limit=0.000s, Conversion=0.0037s, RTAB-Map=0.3774s, Maps update=0.0066s pub=0.0000s delay=0.3620s (local map=1, WM=1)
[rtabmap-2] [INFO] [1768727346.807092905] [rtabmap]: rtabmap (9): Rate=0.50s, Limit=0.000s, Conversion=0.0004s, RTAB-Map=0.3765s, Maps update=0.0048s pub=0.0000s delay=0.3430s (local map=1, WM=1)
[rtabmap-2] [INFO] [1768727347.430762613] [rtabmap]: rtabmap (10): Rate=0.50s, Limit=0.000s, Conversion=0.0006s, RTAB-Map=0.3555s, Maps update=0.0083s pub=0.0000s delay=0.3200s (local map=1, WM=1)
[rtabmap-2] [INFO] [1768727348.372247283] [rtabmap]: rtabmap (11): Rate=0.50s, Limit=0.000s, Conversion=0.0006s, RTAB-Map=0.3597s, Maps update=0.0057s pub=0.0000s delay=0.3840s (local map=1, WM=1)
[rtabmap-2] [INFO] [1768727349.038171354] [rtabmap]: rtabmap (12): Rate=0.50s, Limit=0.000s, Conversion=0.0008s, RTAB-Map=0.2786s, Maps update=0.0047s pub=0.0000s delay=0.2180s (local map=1, WM=1)
[rtabmap-2] [INFO] [1768727349.926437913] [rtabmap]: rtabmap (13): Rate=0.50s, Limit=0.000s, Conversion=0.0007s, RTAB-Map=0.3123s, Maps update=0.0045s pub=0.0000s delay=0.2640s (local map=1, WM=1)
[rtabmap-2] [INFO] [1768727350.503470873] [rtabmap]: rtabmap (14): Rate=0.50s, Limit=0.000s, Conversion=0.0023s, RTAB-Map=0.3341s, Maps update=0.0075s pub=0.0000s delay=0.3230s (local map=1, WM=1)
[rtabmap-2] [INFO] [1768727351.115109025] [rtabmap]: rtabmap (15): Rate=0.50s, Limit=0.000s, Conversion=0.0008s, RTAB-Map=0.3976s, Maps update=0.0080s pub=0.0000s delay=0.3800s (local map=1, WM=1)
[rtabmap-2] [INFO] [1768727351.672650772] [rtabmap]: rtabmap (16): Rate=0.50s, Limit=0.000s, Conversion=0.0019s, RTAB-Map=0.3709s, Maps update=0.0058s pub=0.0000s delay=0.4110s (local map=1, WM=1)
[rtabmap-2] [INFO] [1768727352.342962150] [rtabmap]: rtabmap (17): Rate=0.50s, Limit=0.000s, Conversion=0.0004s, RTAB-Map=0.3343s, Maps update=0.0062s pub=0.0002s delay=0.2880s (local map=2, WM=2)
[rtabmap-2] [INFO] [1768727352.979071819] [rtabmap]: rtabmap (18): Rate=0.50s, Limit=0.000s, Conversion=0.0017s, RTAB-Map=0.3912s, Maps update=0.0050s pub=0.0000s delay=0.4230s (local map=2, WM=2)
[rtabmap-2] [INFO] [1768727353.476127559] [rtabmap]: rtabmap (19): Rate=0.50s, Limit=0.000s, Conversion=0.0006s, RTAB-Map=0.3229s, Maps update=0.0048s pub=0.0000s delay=0.3510s (local map=2, WM=2)
[rtabmap-2] [INFO] [1768727354.260729490] [rtabmap]: rtabmap (20): Rate=0.50s, Limit=0.000s, Conversion=0.0008s, RTAB-Map=0.4317s, Maps update=0.0072s pub=0.0003s delay=0.3900s (local map=3, WM=3)
[rtabmap-2] [INFO] [1768727355.038797082] [rtabmap]: rtabmap (21): Rate=0.50s, Limit=0.000s, Conversion=0.0009s, RTAB-Map=0.5231s, Maps update=0.0041s pub=0.0000s delay=0.4990s (local map=3, WM=3)
[rtabmap-2] [INFO] [1768727355.621205883] [rtabmap]: rtabmap (22): Rate=0.50s, Limit=0.000s, Conversion=0.0007s, RTAB-Map=0.5642s, Maps update=0.0066s pub=0.0000s delay=0.5800s (local map=3, WM=3)
[rtabmap-2] [INFO] [1768727356.192082638] [rtabmap]: rtabmap (23): Rate=0.50s, Limit=0.000s, Conversion=0.0006s, RTAB-Map=0.5271s, Maps update=0.0086s pub=0.0005s delay=0.5590s (local map=4, WM=4)
[rtabmap-2] [INFO] [1768727356.669529647] [rtabmap]: rtabmap (24): Rate=0.50s, Limit=0.000s, Conversion=0.0006s, RTAB-Map=0.3981s, Maps update=0.0034s pub=0.0000s delay=0.3570s (local map=4, WM=4)
[rtabmap-2] [INFO] [1768727357.336569091] [rtabmap]: rtabmap (25): Rate=0.50s, Limit=0.000s, Conversion=0.0004s, RTAB-Map=0.3459s, Maps update=0.0047s pub=0.0006s delay=0.3360s (local map=5, WM=5)
[rtabmap-2] [INFO] [1768727357.972955339] [rtabmap]: rtabmap (26): Rate=0.50s, Limit=0.000s, Conversion=0.0007s, RTAB-Map=0.4564s, Maps update=0.0050s pub=0.0000s delay=0.5100s (local map=5, WM=5)
[rtabmap-2] [INFO] [1768727358.353712108] [rtabmap]: rtabmap (27): Rate=0.50s, Limit=0.000s, Conversion=0.0006s, RTAB-Map=0.3251s, Maps update=0.0029s pub=0.0000s delay=0.2950s (local map=5, WM=5)
[rtabmap-2] [INFO] [1768727359.134436899] [rtabmap]: rtabmap (28): Rate=0.50s, Limit=0.000s, Conversion=0.0006s, RTAB-Map=0.3884s, Maps update=0.0039s pub=0.0003s delay=0.3660s (local map=6, WM=6)
[rtabmap-2] [INFO] [1768727359.706079880] [rtabmap]: rtabmap (29): Rate=0.50s, Limit=0.000s, Conversion=0.0008s, RTAB-Map=0.4201s, Maps update=0.0039s pub=0.0000s delay=0.4290s (local map=6, WM=6)
[rtabmap-2] [INFO] [1768727360.199712785] [rtabmap]: rtabmap (30): Rate=0.50s, Limit=0.000s, Conversion=0.0008s, RTAB-Map=0.3491s, Maps update=0.0021s pub=0.0000s delay=0.3810s (local map=6, WM=6)
[rtabmap-2] [INFO] [1768727360.856339549] [rtabmap]: rtabmap (31): Rate=0.50s, Limit=0.000s, Conversion=0.0028s, RTAB-Map=0.4924s, Maps update=0.0035s pub=0.0006s delay=0.4760s (local map=7, WM=7)
[rtabmap-2] [INFO] [1768727361.372770531] [rtabmap]: rtabmap (32): Rate=0.50s, Limit=0.000s, Conversion=0.0007s, RTAB-Map=0.4482s, Maps update=0.0031s pub=0.0000s delay=0.4180s (local map=7, WM=7)
[rtabmap-2] [INFO] [1768727361.869494244] [rtabmap]: rtabmap (33): Rate=0.50s, Limit=0.000s, Conversion=0.0005s, RTAB-Map=0.3787s, Maps update=0.0055s pub=0.0007s delay=0.3370s (local map=8, WM=8)
[rtabmap-2] [INFO] [1768727362.469595064] [rtabmap]: rtabmap (34): Rate=0.50s, Limit=0.000s, Conversion=0.0006s, RTAB-Map=0.3626s, Maps update=0.0043s pub=0.0000s delay=0.3450s (local map=8, WM=8)
[rtabmap-2] [INFO] [1768727363.200059908] [rtabmap]: rtabmap (35): Rate=0.50s, Limit=0.000s, Conversion=0.0007s, RTAB-Map=0.4229s, Maps update=0.0043s pub=0.0005s delay=0.4560s (local map=9, WM=9)
[rtabmap-2] [INFO] [1768727363.749302912] [rtabmap]: rtabmap (36): Rate=0.50s, Limit=0.000s, Conversion=0.0011s, RTAB-Map=0.4690s, Maps update=0.0037s pub=0.0001s delay=0.4460s (local map=9, WM=9)
[rtabmap-2] [INFO] [1768727364.300999688] [rtabmap]: rtabmap (37): Rate=0.50s, Limit=0.000s, Conversion=0.0007s, RTAB-Map=0.4538s, Maps update=0.0062s pub=0.0006s delay=0.5120s (local map=10, WM=10)
[rtabmap-2] [INFO] [1768727364.889059541] [rtabmap]: rtabmap (38): Rate=0.50s, Limit=0.000s, Conversion=0.0006s, RTAB-Map=0.5083s, Maps update=0.0055s pub=0.0010s delay=0.4720s (local map=11, WM=11)
[rtabmap-2] [INFO] [1768727365.311772504] [rtabmap]: rtabmap (39): Rate=0.50s, Limit=0.000s, Conversion=0.0006s, RTAB-Map=0.3858s, Maps update=0.0065s pub=0.0000s delay=0.4370s (local map=11, WM=11)
[rtabmap-2] [INFO] [1768727365.922411678] [rtabmap]: rtabmap (40): Rate=0.50s, Limit=0.000s, Conversion=0.0006s, RTAB-Map=0.4388s, Maps update=0.0039s pub=0.0007s delay=0.4750s (local map=12, WM=12)
[rtabmap-2] [INFO] [1768727366.380724799] [rtabmap]: rtabmap (41): Rate=0.50s, Limit=0.000s, Conversion=0.0006s, RTAB-Map=0.3995s, Maps update=0.0058s pub=0.0000s delay=0.3580s (local map=12, WM=12)
[rtabmap-2] [INFO] [1768727366.859044117] [rtabmap]: rtabmap (42): Rate=0.50s, Limit=0.000s, Conversion=0.0008s, RTAB-Map=0.3549s, Maps update=0.0039s pub=0.0012s delay=0.3250s (local map=13, WM=13)
[rtabmap-2] [INFO] [1768727367.451521908] [rtabmap]: rtabmap (43): Rate=0.50s, Limit=0.000s, Conversion=0.0007s, RTAB-Map=0.3694s, Maps update=0.0027s pub=0.0000s delay=0.3570s (local map=13, WM=13)
[rtabmap-2] [INFO] [1768727368.018634377] [rtabmap]: rtabmap (44): Rate=0.50s, Limit=0.000s, Conversion=0.0006s, RTAB-Map=0.3995s, Maps update=0.0067s pub=0.0008s delay=0.4390s (local map=14, WM=14)
[rtabmap-2] [INFO] [1768727368.483573562] [rtabmap]: rtabmap (45): Rate=0.50s, Limit=0.000s, Conversion=0.0005s, RTAB-Map=0.3393s, Maps update=0.0032s pub=0.0000s delay=0.3160s (local map=14, WM=14)
[rtabmap-2] [INFO] [1768727369.157763134] [rtabmap]: rtabmap (46): Rate=0.50s, Limit=0.000s, Conversion=0.0005s, RTAB-Map=0.5073s, Maps update=0.0037s pub=0.0010s delay=0.5070s (local map=15, WM=15)
[rtabmap-2] [INFO] [1768727369.638725317] [rtabmap]: rtabmap (47): Rate=0.50s, Limit=0.000s, Conversion=0.0005s, RTAB-Map=0.4586s, Maps update=0.0053s pub=0.0000s delay=0.4860s (local map=15, WM=15)
[rtabmap-2] [INFO] [1768727370.129383258] [rtabmap]: rtabmap (48): Rate=0.50s, Limit=0.000s, Conversion=0.0007s, RTAB-Map=0.4335s, Maps update=0.0046s pub=0.0010s delay=0.4730s (local map=16, WM=16)
[rtabmap-2] [INFO] [1768727370.619299189] [rtabmap]: rtabmap (49): Rate=0.50s, Limit=0.000s, Conversion=0.0010s, RTAB-Map=0.3817s, Maps update=0.0040s pub=0.0000s delay=0.4150s (local map=16, WM=16)
[rtabmap-2] [INFO] [1768727371.060647930] [rtabmap]: rtabmap (50): Rate=0.50s, Limit=0.000s, Conversion=0.0006s, RTAB-Map=0.3268s, Maps update=0.0036s pub=0.0000s delay=0.3110s (local map=16, WM=16)
[rtabmap-2] [INFO] [1768727371.592031716] [rtabmap]: rtabmap (51): Rate=0.50s, Limit=0.000s, Conversion=0.0004s, RTAB-Map=0.3128s, Maps update=0.0042s pub=0.0001s delay=0.2730s (local map=16, WM=16)
[rtabmap-2] [INFO] [1768727372.252285552] [rtabmap]: rtabmap (52): Rate=0.50s, Limit=0.000s, Conversion=0.0005s, RTAB-Map=0.3810s, Maps update=0.0083s pub=0.0000s delay=0.3950s (local map=16, WM=16)
[rtabmap-2] [INFO] [1768727372.783700824] [rtabmap]: rtabmap (53): Rate=0.50s, Limit=0.000s, Conversion=0.0010s, RTAB-Map=0.4140s, Maps update=0.0032s pub=0.0000s delay=0.3940s (local map=16, WM=16)
[rtabmap-2] [INFO] [1768727373.284022682] [rtabmap]: rtabmap (54): Rate=0.50s, Limit=0.000s, Conversion=0.0006s, RTAB-Map=0.3725s, Maps update=0.0054s pub=0.0001s delay=0.3460s (local map=16, WM=16)
[rtabmap-2] [INFO] [1768727373.844184069] [rtabmap]: rtabmap (55): Rate=0.50s, Limit=0.000s, Conversion=0.0004s, RTAB-Map=0.4041s, Maps update=0.0049s pub=0.0009s delay=0.4200s (local map=17, WM=17)
[rtabmap-2] [INFO] [1768727374.382031433] [rtabmap]: rtabmap (56): Rate=0.50s, Limit=0.000s, Conversion=0.0006s, RTAB-Map=0.3913s, Maps update=0.0056s pub=0.0001s delay=0.3890s (local map=17, WM=17)
[rtabmap-2] [INFO] [1768727375.065112242] [rtabmap]: rtabmap (57): Rate=0.50s, Limit=0.000s, Conversion=0.0007s, RTAB-Map=0.3994s, Maps update=0.0017s pub=0.0000s delay=0.4020s (local map=17, WM=17)
[rtabmap-2] [INFO] [1768727375.714150316] [rtabmap]: rtabmap (58): Rate=0.50s, Limit=0.000s, Conversion=0.0007s, RTAB-Map=0.4661s, Maps update=0.0061s pub=0.0010s delay=0.4280s (local map=18, WM=18)
[rtabmap-2] [INFO] [1768727376.197602349] [rtabmap]: rtabmap (59): Rate=0.50s, Limit=0.000s, Conversion=0.0006s, RTAB-Map=0.3858s, Maps update=0.0058s pub=0.0000s delay=0.3560s (local map=18, WM=18)
[rtabmap-2] [INFO] [1768727376.751968124] [rtabmap]: rtabmap (60): Rate=0.50s, Limit=0.000s, Conversion=0.0004s, RTAB-Map=0.3990s, Maps update=0.0051s pub=0.0000s delay=0.4370s (local map=18, WM=18)
[rtabmap-2] [INFO] [1768727377.267475121] [rtabmap]: rtabmap (61): Rate=0.50s, Limit=0.000s, Conversion=0.0005s, RTAB-Map=0.4112s, Maps update=0.0055s pub=0.0009s delay=0.4200s (local map=19, WM=19)
[rtabmap-2] [INFO] [1768727377.851737986] [rtabmap]: rtabmap (62): Rate=0.50s, Limit=0.000s, Conversion=0.0011s, RTAB-Map=0.4145s, Maps update=0.0033s pub=0.0013s delay=0.4410s (local map=20, WM=20)
[rtabmap-2] [INFO] [1768727378.376124605] [rtabmap]: rtabmap (63): Rate=0.50s, Limit=0.000s, Conversion=0.0004s, RTAB-Map=0.3105s, Maps update=0.0055s pub=0.0000s delay=0.3050s (local map=20, WM=20)
[rtabmap-2] [INFO] [1768727378.999384141] [rtabmap]: rtabmap (64): Rate=0.50s, Limit=0.000s, Conversion=0.0008s, RTAB-Map=0.4047s, Maps update=0.0044s pub=0.0000s delay=0.3850s (local map=20, WM=20)
[rtabmap-2] [INFO] [1768727379.550707238] [rtabmap]: rtabmap (65): Rate=0.50s, Limit=0.000s, Conversion=0.0007s, RTAB-Map=0.4122s, Maps update=0.0069s pub=0.0019s delay=0.4410s (local map=21, WM=21)
[rtabmap-2] [INFO] [1768727380.011214348] [rtabmap]: rtabmap (66): Rate=0.50s, Limit=0.000s, Conversion=0.0005s, RTAB-Map=0.3312s, Maps update=0.0051s pub=0.0000s delay=0.3100s (local map=21, WM=21)
[rtabmap-2] [INFO] [1768727380.527602749] [rtabmap]: rtabmap (67): Rate=0.50s, Limit=0.000s, Conversion=0.0006s, RTAB-Map=0.3479s, Maps update=0.0051s pub=0.0000s delay=0.3090s (local map=21, WM=21)
[rtabmap-2] [INFO] [1768727381.159243358] [rtabmap]: rtabmap (68): Rate=0.50s, Limit=0.000s, Conversion=0.0005s, RTAB-Map=0.3819s, Maps update=0.0033s pub=0.0011s delay=0.4130s (local map=22, WM=22)
[rtabmap-2] [INFO] [1768727381.635007837] [rtabmap]: rtabmap (69): Rate=0.50s, Limit=0.000s, Conversion=0.0005s, RTAB-Map=0.3378s, Maps update=0.0061s pub=0.0000s delay=0.2920s (local map=22, WM=22)
[rtabmap-2] [INFO] [1768727382.199242831] [rtabmap]: rtabmap (70): Rate=0.50s, Limit=0.000s, Conversion=0.0007s, RTAB-Map=0.3772s, Maps update=0.0052s pub=0.0000s delay=0.3680s (local map=22, WM=22)
[rtabmap-2] [INFO] [1768727382.788083935] [rtabmap]: rtabmap (71): Rate=0.50s, Limit=0.000s, Conversion=0.0007s, RTAB-Map=0.3581s, Maps update=0.0052s pub=0.0000s delay=0.3630s (local map=22, WM=22)
[rtabmap-2] [INFO] [1768727383.358132830] [rtabmap]: rtabmap (72): Rate=0.50s, Limit=0.000s, Conversion=0.0006s, RTAB-Map=0.3269s, Maps update=0.0037s pub=0.0000s delay=0.3570s (local map=22, WM=22)
[rtabmap-2] [INFO] [1768727383.959851294] [rtabmap]: rtabmap (73): Rate=0.50s, Limit=0.000s, Conversion=0.0006s, RTAB-Map=0.3305s, Maps update=0.0032s pub=0.0000s delay=0.3480s (local map=22, WM=22)
[rgbd_sync-1] [INFO] [1768727384.106441677] [rclcpp]: signal_handler(signum=2)
[rtabmap-2] [INFO] [1768727384.106493737] [rclcpp]: signal_handler(signum=2)
[rtabmap-2] [INFO] [1768727384.116882914] [rtabmap]: Parameters are not saved (No configuration file provided...)
[INFO] [rgbd_sync-1]: process has finished cleanly [pid 665801]
[rtabmap-2] [33m[ WARN] (2026-01-18 18:09:02.084) Memory.cpp:5917::createSignature() Mem/SaveDepth16Format is set to false to use 32bits format but this is not compatible with the compressed depth format chosen (Mem/DepthCompressionFormat=".rvl"), depth images will be compressed in ".png" format instead. Explicitly set Mem/SaveDepth16Format to true to keep using ".rvl" format and images will be converted to 16bits for convenience (warning: that would remove all depth values over 65 meters). Explicitly set Mem/DepthCompressionFormat=".png" to suppress this warning. This warning is only printed once.[0m
[rtabmap-2] [33m[ WARN] (2026-01-18 18:09:02.450) MapsManager.cpp:863::publishMaps() Graph has changed! The whole cloud is regenerated.[0m
[rtabmap-2] [33m[ WARN] (2026-01-18 18:09:36.190) Rtabmap.cpp:3069::process() Rejected loop closure 20 -> 59: Not enough inliers 10/20 (matches=46) between 20 and 59[0m
[rtabmap-2] [33m[ WARN] (2026-01-18 18:09:36.746) Rtabmap.cpp:3069::process() Rejected loop closure 1 -> 60: Not enough inliers after bundle adjustment 17/20 (matches=20) between 1 and 60[0m
[rtabmap-2] rtabmap: Saving database/long-term memory... (located at /home/fujino/.ros/rtabmap_ur5e_20260118_180900.db)
[rtabmap-2] rtabmap: Saving database/long-term memory...done! (located at /home/fujino/.ros/rtabmap_ur5e_20260118_180900.db, 111 MB)
[INFO] [rtabmap-2]: process has finished cleanly [pid 665803]
