[INFO] [launch]: All log files can be found below /home/fujino/.ros/log/2026-01-20-23-52-02-038391-fh-76186
[INFO] [launch]: Default logging verbosity is set to INFO
[INFO] [rgbd_sync-1]: process started with pid [76191]
[INFO] [rtabmap-2]: process started with pid [76193]
[rgbd_sync-1] [INFO] [1768920722.887700103] [rgbd_sync]: rgbd_sync: approx_sync = true
[rgbd_sync-1] [INFO] [1768920722.887995060] [rgbd_sync]: rgbd_sync: approx_sync_max_interval = 0.010000
[rgbd_sync-1] [INFO] [1768920722.888027978] [rgbd_sync]: rgbd_sync: topic_queue_size  = 10
[rgbd_sync-1] [INFO] [1768920722.888039282] [rgbd_sync]: rgbd_sync: sync_queue_size  = 30
[rgbd_sync-1] [INFO] [1768920722.888047812] [rgbd_sync]: rgbd_sync: qos             = 2
[rgbd_sync-1] [INFO] [1768920722.888056532] [rgbd_sync]: rgbd_sync: qos_camera_info = 2
[rgbd_sync-1] [INFO] [1768920722.888065082] [rgbd_sync]: rgbd_sync: depth_scale = 1.000000
[rgbd_sync-1] [INFO] [1768920722.888075185] [rgbd_sync]: rgbd_sync: decimation = 1
[rgbd_sync-1] [INFO] [1768920722.888083894] [rgbd_sync]: rgbd_sync: compressed_rate = 0.000000
[rtabmap-2] [INFO] [1768920722.897149387] [rtabmap]: rtabmap(maps): latch                      = true
[rtabmap-2] [INFO] [1768920722.897788142] [rtabmap]: rtabmap(maps): map_filter_radius          = 0.000000
[rtabmap-2] [INFO] [1768920722.897855469] [rtabmap]: rtabmap(maps): map_filter_angle           = 30.000000
[rtabmap-2] [INFO] [1768920722.897883664] [rtabmap]: rtabmap(maps): map_cleanup                = true
[rtabmap-2] [INFO] [1768920722.897905152] [rtabmap]: rtabmap(maps): map_always_update          = false
[rtabmap-2] [INFO] [1768920722.897925275] [rtabmap]: rtabmap(maps): map_empty_ray_tracing      = true
[rtabmap-2] [INFO] [1768920722.897944710] [rtabmap]: rtabmap(maps): cloud_output_voxelized     = true
[rtabmap-2] [INFO] [1768920722.897963626] [rtabmap]: rtabmap(maps): cloud_subtract_filtering   = false
[rtabmap-2] [INFO] [1768920722.897983131] [rtabmap]: rtabmap(maps): cloud_subtract_filtering_min_neighbors = 2
[rtabmap-2] [INFO] [1768920722.898148141] [rtabmap]: rtabmap(maps): octomap_tree_depth         = 16
[rgbd_sync-1] [INFO] [1768920722.981873626] [rgbd_sync]: 
[rgbd_sync-1] rgbd_sync subscribed to (approx sync, max interval=0.010000s):
[rgbd_sync-1]    /camera/color/image_raw,
[rgbd_sync-1]    /camera/depth/depth/image_raw,
[rgbd_sync-1]    /camera/color/camera_info
[rtabmap-2] [INFO] [1768920723.039972635] [rtabmap]: rtabmap: frame_id      = camera_color_optical_frame
[rtabmap-2] [INFO] [1768920723.040039586] [rtabmap]: rtabmap: odom_frame_id = world
[rtabmap-2] [INFO] [1768920723.040053779] [rtabmap]: rtabmap: map_frame_id  = world
[rtabmap-2] [INFO] [1768920723.040064463] [rtabmap]: rtabmap: log_to_rosout_level  = 4
[rtabmap-2] [INFO] [1768920723.040075979] [rtabmap]: rtabmap: initial_pose  = 
[rtabmap-2] [INFO] [1768920723.040086804] [rtabmap]: rtabmap: use_action_for_goal  = false
[rtabmap-2] [INFO] [1768920723.040097924] [rtabmap]: rtabmap: tf_delay      = 0.050000
[rtabmap-2] [INFO] [1768920723.040115620] [rtabmap]: rtabmap: tf_tolerance  = 0.100000
[rtabmap-2] [INFO] [1768920723.040127336] [rtabmap]: rtabmap: odom_sensor_sync   = false
[rtabmap-2] [INFO] [1768920723.040137847] [rtabmap]: rtabmap: pub_loc_pose_only_when_localizing = false
[rtabmap-2] [INFO] [1768920723.040148593] [rtabmap]: rtabmap: wait_for_transform = 0.200000
[rtabmap-2] [INFO] [1768920723.040160455] [rtabmap]: rtabmap: gen_scan  = false
[rtabmap-2] [INFO] [1768920723.040183600] [rtabmap]: rtabmap: gen_depth  = false
[rtabmap-2] [INFO] [1768920723.095374315] [rtabmap]: Setting RTAB-Map parameter "Grid/3D"="true" (rosparam)
[rtabmap-2] [INFO] [1768920723.097835231] [rtabmap]: Setting RTAB-Map parameter "Grid/RangeMax"="5.0" (rosparam)
[rtabmap-2] [INFO] [1768920723.098225297] [rtabmap]: Setting RTAB-Map parameter "Grid/RayTracing"="true" (rosparam)
[rtabmap-2] [INFO] [1768920723.099184583] [rtabmap]: Setting RTAB-Map parameter "Grid/Sensor"="1" (rosparam)
[rtabmap-2] [INFO] [1768920723.130548016] [rtabmap]: Setting RTAB-Map parameter "RGBD/CreateOccupancyGrid"="true" (rosparam)
[rtabmap-2] [INFO] [1768920723.138421922] [rtabmap]: Setting RTAB-Map parameter "Rtabmap/DetectionRate"="2.0" (rosparam)
[rtabmap-2] [INFO] [1768920723.343279864] [rtabmap]: RTAB-Map detection rate = 2.000000 Hz
[rtabmap-2] [INFO] [1768920723.343470417] [rtabmap]: rtabmap: Using database from "/home/fujino/.ros/rtabmap_ur5e_20260120_235201.db" (0 MB).
[rtabmap-2] [INFO] [1768920723.378622653] [rtabmap]: rtabmap: Database version = "0.22.1".
[rtabmap-2] [INFO] [1768920723.378694594] [rtabmap]: rtabmap: SLAM mode (Mem/IncrementalMemory=true)
[rtabmap-2] [INFO] [1768920723.437158305] [rtabmap]: Setup callbacks
[rtabmap-2] [WARN] [1768920723.437295652] [rtabmap]: rtabmap: Parameters subscribe_depth and subscribe_rgbd cannot be true at the same time. Parameter subscribe_depth is set to false.
[rtabmap-2] [INFO] [1768920723.437957117] [rtabmap]: rtabmap: subscribe_depth = false
[rtabmap-2] [INFO] [1768920723.438020777] [rtabmap]: rtabmap: subscribe_rgb = false
[rtabmap-2] [INFO] [1768920723.438044880] [rtabmap]: rtabmap: subscribe_stereo = false
[rtabmap-2] [INFO] [1768920723.438066580] [rtabmap]: rtabmap: subscribe_rgbd = true (rgbd_cameras=1)
[rtabmap-2] [INFO] [1768920723.438088995] [rtabmap]: rtabmap: subscribe_sensor_data = false
[rtabmap-2] [INFO] [1768920723.438108318] [rtabmap]: rtabmap: subscribe_odom_info = false
[rtabmap-2] [INFO] [1768920723.438388736] [rtabmap]: rtabmap: subscribe_user_data = false
[rtabmap-2] [INFO] [1768920723.438426856] [rtabmap]: rtabmap: subscribe_scan = false
[rtabmap-2] [INFO] [1768920723.438446968] [rtabmap]: rtabmap: subscribe_scan_cloud = false
[rtabmap-2] [INFO] [1768920723.438464763] [rtabmap]: rtabmap: subscribe_scan_descriptor = false
[rtabmap-2] [INFO] [1768920723.438484871] [rtabmap]: rtabmap: topic_queue_size = 10
[rtabmap-2] [INFO] [1768920723.438507230] [rtabmap]: rtabmap: sync_queue_size  = 30
[rtabmap-2] [INFO] [1768920723.438525820] [rtabmap]: rtabmap: qos_image       = 2
[rtabmap-2] [INFO] [1768920723.438601589] [rtabmap]: rtabmap: qos_camera_info = 2
[rtabmap-2] [INFO] [1768920723.438628775] [rtabmap]: rtabmap: qos_scan        = 2
[rtabmap-2] [INFO] [1768920723.438647989] [rtabmap]: rtabmap: qos_odom        = 2
[rtabmap-2] [INFO] [1768920723.438667184] [rtabmap]: rtabmap: qos_user_data   = 2
[rtabmap-2] [INFO] [1768920723.438685870] [rtabmap]: rtabmap: approx_sync     = true
[rtabmap-2] [INFO] [1768920723.438727760] [rtabmap]: Setup rgbd callback
[rtabmap-2] [INFO] [1768920723.441642245] [rtabmap]: 
[rtabmap-2] rtabmap subscribed to:
[rtabmap-2]    /rgbd_image
[rtabmap-2] [INFO] [1768920724.359931329] [rtabmap]: rtabmap (1): Rate=0.50s, Limit=0.000s, Conversion=0.0043s, RTAB-Map=0.5076s, Maps update=0.0002s pub=0.0000s delay=0.5670s (local map=1, WM=1)
[rtabmap-2] [INFO] [1768920724.855622686] [rtabmap]: rtabmap (2): Rate=0.50s, Limit=0.000s, Conversion=0.0021s, RTAB-Map=0.4691s, Maps update=0.0001s pub=0.0000s delay=0.4940s (local map=1, WM=1)
[rtabmap-2] [INFO] [1768920725.410490457] [rtabmap]: rtabmap (3): Rate=0.50s, Limit=0.000s, Conversion=0.0024s, RTAB-Map=0.4220s, Maps update=0.0000s pub=0.0000s delay=0.3680s (local map=1, WM=1)
[rtabmap-2] [INFO] [1768920725.972539816] [rtabmap]: rtabmap (4): Rate=0.50s, Limit=0.000s, Conversion=0.0014s, RTAB-Map=0.4146s, Maps update=0.0001s pub=0.0000s delay=0.4190s (local map=1, WM=1)
[rtabmap-2] [INFO] [1768920726.459395899] [rtabmap]: rtabmap (5): Rate=0.50s, Limit=0.000s, Conversion=0.0021s, RTAB-Map=0.3727s, Maps update=0.0001s pub=0.0000s delay=0.3920s (local map=1, WM=1)
[rtabmap-2] [INFO] [1768920726.924509085] [rtabmap]: rtabmap (6): Rate=0.50s, Limit=0.000s, Conversion=0.0023s, RTAB-Map=0.3075s, Maps update=0.0000s pub=0.0000s delay=0.3440s (local map=1, WM=1)
[rtabmap-2] [INFO] [1768920727.470431323] [rtabmap]: rtabmap (7): Rate=0.50s, Limit=0.000s, Conversion=0.0020s, RTAB-Map=0.3327s, Maps update=0.0001s pub=0.0000s delay=0.3160s (local map=1, WM=1)
[rtabmap-2] [INFO] [1768920728.068975121] [rtabmap]: rtabmap (8): Rate=0.50s, Limit=0.000s, Conversion=0.0007s, RTAB-Map=0.3863s, Maps update=0.0000s pub=0.0000s delay=0.3820s (local map=1, WM=1)
[rtabmap-2] [INFO] [1768920728.699562693] [rtabmap]: rtabmap (9): Rate=0.50s, Limit=0.000s, Conversion=0.0026s, RTAB-Map=0.4198s, Maps update=0.0000s pub=0.0000s delay=0.3890s (local map=1, WM=1)
[rtabmap-2] [INFO] [1768920729.177883949] [rtabmap]: rtabmap (10): Rate=0.50s, Limit=0.000s, Conversion=0.0006s, RTAB-Map=0.3622s, Maps update=0.0000s pub=0.0000s delay=0.3520s (local map=1, WM=1)
[rtabmap-2] [INFO] [1768920729.702875667] [rtabmap]: rtabmap (11): Rate=0.50s, Limit=0.000s, Conversion=0.0017s, RTAB-Map=0.3507s, Maps update=0.0000s pub=0.0000s delay=0.3110s (local map=1, WM=1)
[rtabmap-2] [INFO] [1768920730.488323676] [rtabmap]: rtabmap (12): Rate=0.50s, Limit=0.000s, Conversion=0.0005s, RTAB-Map=0.4409s, Maps update=0.0001s pub=0.0000s delay=0.4200s (local map=1, WM=1)
[rtabmap-2] [INFO] [1768920730.942055976] [rtabmap]: rtabmap (13): Rate=0.50s, Limit=0.000s, Conversion=0.0005s, RTAB-Map=0.3556s, Maps update=0.0000s pub=0.0000s delay=0.3950s (local map=1, WM=1)
[rtabmap-2] [INFO] [1768920731.481267392] [rtabmap]: rtabmap (14): Rate=0.50s, Limit=0.000s, Conversion=0.0006s, RTAB-Map=0.3799s, Maps update=0.0001s pub=0.0000s delay=0.3820s (local map=1, WM=1)
[rtabmap-2] [INFO] [1768920732.134256940] [rtabmap]: rtabmap (15): Rate=0.50s, Limit=0.000s, Conversion=0.0006s, RTAB-Map=0.4505s, Maps update=0.0000s pub=0.0000s delay=0.4850s (local map=2, WM=2)
[rtabmap-2] [INFO] [1768920732.713184374] [rtabmap]: rtabmap (16): Rate=0.50s, Limit=0.000s, Conversion=0.0007s, RTAB-Map=0.4426s, Maps update=0.0001s pub=0.0000s delay=0.4190s (local map=2, WM=2)
[rtabmap-2] [INFO] [1768920733.209948550] [rtabmap]: rtabmap (17): Rate=0.50s, Limit=0.000s, Conversion=0.0006s, RTAB-Map=0.3861s, Maps update=0.0000s pub=0.0000s delay=0.3600s (local map=2, WM=2)
[rtabmap-2] [INFO] [1768920733.738818836] [rtabmap]: rtabmap (18): Rate=0.50s, Limit=0.000s, Conversion=0.0005s, RTAB-Map=0.3581s, Maps update=0.0000s pub=0.0000s delay=0.3810s (local map=3, WM=3)
[rtabmap-2] [INFO] [1768920734.483981538] [rtabmap]: rtabmap (19): Rate=0.50s, Limit=0.000s, Conversion=0.0005s, RTAB-Map=0.4197s, Maps update=0.0001s pub=0.0000s delay=0.4200s (local map=3, WM=3)
[rtabmap-2] [INFO] [1768920734.922272087] [rtabmap]: rtabmap (20): Rate=0.50s, Limit=0.000s, Conversion=0.0018s, RTAB-Map=0.3308s, Maps update=0.0001s pub=0.0000s delay=0.2840s (local map=3, WM=3)
[rtabmap-2] [INFO] [1768920735.493643863] [rtabmap]: rtabmap (21): Rate=0.50s, Limit=0.000s, Conversion=0.0005s, RTAB-Map=0.3933s, Maps update=0.0000s pub=0.0000s delay=0.3740s (local map=4, WM=4)
[rtabmap-2] [INFO] [1768920736.018564058] [rtabmap]: rtabmap (22): Rate=0.50s, Limit=0.000s, Conversion=0.0010s, RTAB-Map=0.3989s, Maps update=0.0000s pub=0.0000s delay=0.3540s (local map=4, WM=4)
[rtabmap-2] [INFO] [1768920736.495315620] [rtabmap]: rtabmap (23): Rate=0.50s, Limit=0.000s, Conversion=0.0006s, RTAB-Map=0.3583s, Maps update=0.0000s pub=0.0000s delay=0.3380s (local map=4, WM=4)
[rtabmap-2] [INFO] [1768920737.047655158] [rtabmap]: rtabmap (24): Rate=0.50s, Limit=0.000s, Conversion=0.0006s, RTAB-Map=0.3462s, Maps update=0.0000s pub=0.0000s delay=0.3710s (local map=5, WM=5)
[rtabmap-2] [INFO] [1768920737.672933539] [rtabmap]: rtabmap (25): Rate=0.50s, Limit=0.000s, Conversion=0.0005s, RTAB-Map=0.4239s, Maps update=0.0001s pub=0.0000s delay=0.4400s (local map=5, WM=5)
[rtabmap-2] [INFO] [1768920738.449029156] [rtabmap]: rtabmap (26): Rate=0.50s, Limit=0.000s, Conversion=0.0005s, RTAB-Map=0.3840s, Maps update=0.0000s pub=0.0000s delay=0.4160s (local map=6, WM=6)
[rtabmap-2] [INFO] [1768920738.986976240] [rtabmap]: rtabmap (27): Rate=0.50s, Limit=0.000s, Conversion=0.0007s, RTAB-Map=0.3927s, Maps update=0.0001s pub=0.0000s delay=0.3850s (local map=6, WM=6)
[rtabmap-2] [INFO] [1768920739.654350517] [rtabmap]: rtabmap (28): Rate=0.50s, Limit=0.000s, Conversion=0.0005s, RTAB-Map=0.4888s, Maps update=0.0000s pub=0.0000s delay=0.5340s (local map=6, WM=6)
[rtabmap-2] [INFO] [1768920740.124800409] [rtabmap]: rtabmap (29): Rate=0.50s, Limit=0.000s, Conversion=0.0005s, RTAB-Map=0.4343s, Maps update=0.0000s pub=0.0000s delay=0.4120s (local map=7, WM=7)
[rtabmap-2] [INFO] [1768920740.671913899] [rtabmap]: rtabmap (30): Rate=0.50s, Limit=0.000s, Conversion=0.0005s, RTAB-Map=0.4267s, Maps update=0.0000s pub=0.0000s delay=0.4520s (local map=7, WM=7)
[rtabmap-2] [INFO] [1768920741.197118638] [rtabmap]: rtabmap (31): Rate=0.50s, Limit=0.000s, Conversion=0.0006s, RTAB-Map=0.4270s, Maps update=0.0000s pub=0.0000s delay=0.4220s (local map=7, WM=7)
[rtabmap-2] [INFO] [1768920741.736089042] [rtabmap]: rtabmap (32): Rate=0.50s, Limit=0.000s, Conversion=0.0006s, RTAB-Map=0.3326s, Maps update=0.0000s pub=0.0000s delay=0.2910s (local map=8, WM=8)
[rtabmap-2] [INFO] [1768920742.287504894] [rtabmap]: rtabmap (33): Rate=0.50s, Limit=0.000s, Conversion=0.0018s, RTAB-Map=0.3760s, Maps update=0.0001s pub=0.0000s delay=0.3780s (local map=8, WM=8)
[rtabmap-2] [INFO] [1768920742.766122916] [rtabmap]: rtabmap (34): Rate=0.50s, Limit=0.000s, Conversion=0.0008s, RTAB-Map=0.3297s, Maps update=0.0000s pub=0.0000s delay=0.3620s (local map=9, WM=9)
[rtabmap-2] [INFO] [1768920743.464320924] [rtabmap]: rtabmap (35): Rate=0.50s, Limit=0.000s, Conversion=0.0005s, RTAB-Map=0.3416s, Maps update=0.0000s pub=0.0000s delay=0.3750s (local map=10, WM=10)
[rtabmap-2] [INFO] [1768920744.036329888] [rtabmap]: rtabmap (36): Rate=0.50s, Limit=0.000s, Conversion=0.0005s, RTAB-Map=0.3906s, Maps update=0.0000s pub=0.0000s delay=0.3500s (local map=11, WM=11)
[rtabmap-2] [INFO] [1768920744.535230289] [rtabmap]: rtabmap (37): Rate=0.50s, Limit=0.000s, Conversion=0.0005s, RTAB-Map=0.3260s, Maps update=0.0000s pub=0.0000s delay=0.3020s (local map=11, WM=11)
[rtabmap-2] [INFO] [1768920745.089187900] [rtabmap]: rtabmap (38): Rate=0.50s, Limit=0.000s, Conversion=0.0007s, RTAB-Map=0.3831s, Maps update=0.0000s pub=0.0000s delay=0.4010s (local map=12, WM=12)
[rtabmap-2] [INFO] [1768920745.598216429] [rtabmap]: rtabmap (39): Rate=0.50s, Limit=0.000s, Conversion=0.0006s, RTAB-Map=0.3542s, Maps update=0.0001s pub=0.0000s delay=0.3670s (local map=12, WM=12)
[rtabmap-2] [INFO] [1768920746.284752028] [rtabmap]: rtabmap (40): Rate=0.50s, Limit=0.000s, Conversion=0.0008s, RTAB-Map=0.4674s, Maps update=0.0000s pub=0.0000s delay=0.5000s (local map=13, WM=13)
[rtabmap-2] [INFO] [1768920746.825143873] [rtabmap]: rtabmap (41): Rate=0.50s, Limit=0.000s, Conversion=0.0005s, RTAB-Map=0.3645s, Maps update=0.0000s pub=0.0000s delay=0.3480s (local map=14, WM=14)
[rtabmap-2] [INFO] [1768920747.515246680] [rtabmap]: rtabmap (42): Rate=0.50s, Limit=0.000s, Conversion=0.0006s, RTAB-Map=0.3949s, Maps update=0.0000s pub=0.0000s delay=0.3870s (local map=15, WM=15)
[rtabmap-2] [INFO] [1768920748.048687383] [rtabmap]: rtabmap (43): Rate=0.50s, Limit=0.000s, Conversion=0.0005s, RTAB-Map=0.3650s, Maps update=0.0001s pub=0.0000s delay=0.3310s (local map=15, WM=15)
[rtabmap-2] [INFO] [1768920748.625797885] [rtabmap]: rtabmap (44): Rate=0.50s, Limit=0.000s, Conversion=0.0006s, RTAB-Map=0.3537s, Maps update=0.0000s pub=0.0000s delay=0.3240s (local map=16, WM=16)
[rtabmap-2] [INFO] [1768920749.334365654] [rtabmap]: rtabmap (45): Rate=0.50s, Limit=0.000s, Conversion=0.0007s, RTAB-Map=0.5024s, Maps update=0.0001s pub=0.0000s delay=0.4930s (local map=16, WM=16)
[rtabmap-2] [INFO] [1768920749.805503610] [rtabmap]: rtabmap (46): Rate=0.50s, Limit=0.000s, Conversion=0.0006s, RTAB-Map=0.4203s, Maps update=0.0000s pub=0.0000s delay=0.4230s (local map=17, WM=17)
[rtabmap-2] [INFO] [1768920750.425546468] [rtabmap]: rtabmap (47): Rate=0.50s, Limit=0.000s, Conversion=0.0006s, RTAB-Map=0.4719s, Maps update=0.0001s pub=0.0000s delay=0.4750s (local map=17, WM=17)
[rtabmap-2] [INFO] [1768920750.935390491] [rtabmap]: rtabmap (48): Rate=0.50s, Limit=0.000s, Conversion=0.0006s, RTAB-Map=0.4813s, Maps update=0.0000s pub=0.0000s delay=0.4660s (local map=18, WM=18)
[rtabmap-2] [INFO] [1768920751.456731682] [rtabmap]: rtabmap (49): Rate=0.50s, Limit=0.000s, Conversion=0.0007s, RTAB-Map=0.3993s, Maps update=0.0000s pub=0.0000s delay=0.3740s (local map=18, WM=18)
[rtabmap-2] [INFO] [1768920752.005742605] [rtabmap]: rtabmap (50): Rate=0.50s, Limit=0.000s, Conversion=0.0005s, RTAB-Map=0.3710s, Maps update=0.0000s pub=0.0000s delay=0.3810s (local map=18, WM=18)
[rtabmap-2] [INFO] [1768920752.601853419] [rtabmap]: rtabmap (51): Rate=0.50s, Limit=0.000s, Conversion=0.0004s, RTAB-Map=0.3457s, Maps update=0.0001s pub=0.0000s delay=0.3640s (local map=19, WM=19)
[rtabmap-2] [INFO] [1768920753.181195765] [rtabmap]: rtabmap (52): Rate=0.50s, Limit=0.000s, Conversion=0.0005s, RTAB-Map=0.3869s, Maps update=0.0001s pub=0.0000s delay=0.4310s (local map=19, WM=19)
[rtabmap-2] [INFO] [1768920753.738325712] [rtabmap]: rtabmap (53): Rate=0.50s, Limit=0.000s, Conversion=0.0007s, RTAB-Map=0.4282s, Maps update=0.0001s pub=0.0000s delay=0.4050s (local map=19, WM=19)
[rtabmap-2] [INFO] [1768920754.271295373] [rtabmap]: rtabmap (54): Rate=0.50s, Limit=0.000s, Conversion=0.0007s, RTAB-Map=0.4036s, Maps update=0.0000s pub=0.0000s delay=0.3440s (local map=20, WM=20)
[rtabmap-2] [INFO] [1768920754.862315955] [rtabmap]: rtabmap (55): Rate=0.50s, Limit=0.000s, Conversion=0.0006s, RTAB-Map=0.3807s, Maps update=0.0000s pub=0.0000s delay=0.3350s (local map=20, WM=20)
[rtabmap-2] [INFO] [1768920755.502456070] [rtabmap]: rtabmap (56): Rate=0.50s, Limit=0.000s, Conversion=0.0006s, RTAB-Map=0.5028s, Maps update=0.0000s pub=0.0000s delay=0.5330s (local map=21, WM=21)
[rtabmap-2] [INFO] [1768920755.884196338] [rtabmap]: rtabmap (57): Rate=0.50s, Limit=0.000s, Conversion=0.0007s, RTAB-Map=0.3506s, Maps update=0.0001s pub=0.0000s delay=0.3840s (local map=21, WM=21)
[rtabmap-2] [INFO] [1768920756.609639146] [rtabmap]: rtabmap (58): Rate=0.50s, Limit=0.000s, Conversion=0.0006s, RTAB-Map=0.4477s, Maps update=0.0001s pub=0.0000s delay=0.4580s (local map=21, WM=21)
[rtabmap-2] [INFO] [1768920757.282276144] [rtabmap]: rtabmap (59): Rate=0.50s, Limit=0.000s, Conversion=0.0006s, RTAB-Map=0.4429s, Maps update=0.0000s pub=0.0000s delay=0.4040s (local map=22, WM=22)
[rtabmap-2] [INFO] [1768920757.713158654] [rtabmap]: rtabmap (60): Rate=0.50s, Limit=0.000s, Conversion=0.0006s, RTAB-Map=0.3525s, Maps update=0.0000s pub=0.0000s delay=0.3800s (local map=23, WM=23)
[rtabmap-2] [INFO] [1768920758.296309080] [rtabmap]: rtabmap (61): Rate=0.50s, Limit=0.000s, Conversion=0.0006s, RTAB-Map=0.3611s, Maps update=0.0001s pub=0.0000s delay=0.3920s (local map=23, WM=23)
[rtabmap-2] [INFO] [1768920758.852521104] [rtabmap]: rtabmap (62): Rate=0.50s, Limit=0.000s, Conversion=0.0006s, RTAB-Map=0.3775s, Maps update=0.0000s pub=0.0000s delay=0.3690s (local map=23, WM=23)
[rtabmap-2] [INFO] [1768920759.422232175] [rtabmap]: rtabmap (63): Rate=0.50s, Limit=0.000s, Conversion=0.0006s, RTAB-Map=0.4300s, Maps update=0.0001s pub=0.0000s delay=0.4320s (local map=24, WM=24)
[rtabmap-2] [INFO] [1768920760.062635477] [rtabmap]: rtabmap (64): Rate=0.50s, Limit=0.000s, Conversion=0.0008s, RTAB-Map=0.3904s, Maps update=0.0001s pub=0.0000s delay=0.3790s (local map=24, WM=24)
[rtabmap-2] [INFO] [1768920760.565831657] [rtabmap]: rtabmap (65): Rate=0.50s, Limit=0.000s, Conversion=0.0009s, RTAB-Map=0.3244s, Maps update=0.0001s pub=0.0000s delay=0.2780s (local map=24, WM=24)
[rtabmap-2] [INFO] [1768920761.214764246] [rtabmap]: rtabmap (66): Rate=0.50s, Limit=0.000s, Conversion=0.0005s, RTAB-Map=0.3713s, Maps update=0.0000s pub=0.0000s delay=0.3980s (local map=25, WM=25)
[rgbd_sync-1] [INFO] [1768920761.627075080] [rclcpp]: signal_handler(signum=2)
[rtabmap-2] [INFO] [1768920761.627070834] [rclcpp]: signal_handler(signum=2)
[INFO] [rgbd_sync-1]: process has finished cleanly [pid 76191]
[rtabmap-2] [INFO] [1768920761.813263449] [rtabmap]: rtabmap (67): Rate=0.50s, Limit=0.000s, Conversion=0.0007s, RTAB-Map=0.3470s, Maps update=0.0001s pub=0.0000s delay=0.1630s (local map=25, WM=25)
[rtabmap-2] [INFO] [1768920761.814768225] [rtabmap]: Parameters are not saved (No configuration file provided...)
[rtabmap-2] [33m[ WARN] (2026-01-20 23:52:03.883) Memory.cpp:5917::createSignature() Mem/SaveDepth16Format is set to false to use 32bits format but this is not compatible with the compressed depth format chosen (Mem/DepthCompressionFormat=".rvl"), depth images will be compressed in ".png" format instead. Explicitly set Mem/SaveDepth16Format to true to keep using ".rvl" format and images will be converted to 16bits for convenience (warning: that would remove all depth values over 65 meters). Explicitly set Mem/DepthCompressionFormat=".png" to suppress this warning. This warning is only printed once.[0m
[rtabmap-2] [33m[ WARN] (2026-01-20 23:52:30.934) Memory.cpp:3217::computeTransform() Missing visual features or missing raw data to compute them. Transform cannot be estimated.[0m
[rtabmap-2] [33m[ WARN] (2026-01-20 23:52:34.270) Rtabmap.cpp:3069::process() Rejected loop closure 1 -> 54: Not enough inliers after bundle adjustment 7/20 (matches=21) between 1 and 54[0m
[rtabmap-2] [33m[ WARN] (2026-01-20 23:52:34.861) Rtabmap.cpp:3069::process() Rejected loop closure 18 -> 55: Not enough inliers 14/20 (matches=43) between 18 and 55[0m
[rtabmap-2] rtabmap: Saving database/long-term memory... (located at /home/fujino/.ros/rtabmap_ur5e_20260120_235201.db)
[rtabmap-2] rtabmap: Saving database/long-term memory...done! (located at /home/fujino/.ros/rtabmap_ur5e_20260120_235201.db, 101 MB)
[INFO] [rtabmap-2]: process has finished cleanly [pid 76193]
